<?xml version="1.0" encoding="UTF-8"?>
<testsuite xmlns:xsi="http://www.w3.org/2001/XMLSchema-instance" xsi:noNamespaceSchemaLocation="https://maven.apache.org/surefire/maven-surefire-plugin/xsd/surefire-test-report-3.0.xsd" version="3.0" name="top.testeru.member.AddMemberTest" time="100.277" tests="1" errors="0" skipped="0" failures="0">
  <properties>
    <property name="gopherProxySet" value="false"/>
    <property name="socksProxyHost" value="127.0.0.1"/>
    <property name="awt.toolkit" value="sun.lwawt.macosx.LWCToolkit"/>
    <property name="http.proxyHost" value="127.0.0.1"/>
    <property name="java.specification.version" value="11"/>
    <property name="sun.cpu.isalist" value=""/>
    <property name="sun.jnu.encoding" value="UTF-8"/>
    <property name="java.class.path" value="/Volumes/gai/tutorials/wechat-combat/app/target/test-classes:/Volumes/gai/tutorials/wechat-combat/app/target/classes:/Users/gaigai/.m2/repository/org/junit/jupiter/junit-jupiter/5.9.2/junit-jupiter-5.9.2.jar:/Users/gaigai/.m2/repository/org/junit/jupiter/junit-jupiter-api/5.9.2/junit-jupiter-api-5.9.2.jar:/Users/gaigai/.m2/repository/org/opentest4j/opentest4j/1.2.0/opentest4j-1.2.0.jar:/Users/gaigai/.m2/repository/org/junit/platform/junit-platform-commons/1.9.2/junit-platform-commons-1.9.2.jar:/Users/gaigai/.m2/repository/org/junit/jupiter/junit-jupiter-params/5.9.2/junit-jupiter-params-5.9.2.jar:/Users/gaigai/.m2/repository/org/junit/jupiter/junit-jupiter-engine/5.9.2/junit-jupiter-engine-5.9.2.jar:/Users/gaigai/.m2/repository/org/junit/platform/junit-platform-suite/1.9.2/junit-platform-suite-1.9.2.jar:/Users/gaigai/.m2/repository/org/junit/platform/junit-platform-suite-api/1.9.2/junit-platform-suite-api-1.9.2.jar:/Users/gaigai/.m2/repository/org/junit/platform/junit-platform-suite-engine/1.9.2/junit-platform-suite-engine-1.9.2.jar:/Users/gaigai/.m2/repository/org/junit/platform/junit-platform-suite-commons/1.9.2/junit-platform-suite-commons-1.9.2.jar:/Users/gaigai/.m2/repository/org/junit/vintage/junit-vintage-engine/5.9.2/junit-vintage-engine-5.9.2.jar:/Users/gaigai/.m2/repository/org/junit/platform/junit-platform-engine/1.9.2/junit-platform-engine-1.9.2.jar:/Users/gaigai/.m2/repository/junit/junit/4.13.2/junit-4.13.2.jar:/Users/gaigai/.m2/repository/org/apiguardian/apiguardian-api/1.1.2/apiguardian-api-1.1.2.jar:/Users/gaigai/.m2/repository/org/hamcrest/hamcrest/2.2/hamcrest-2.2.jar:/Users/gaigai/.m2/repository/org/hamcrest/hamcrest-core/2.2/hamcrest-core-2.2.jar:/Users/gaigai/.m2/repository/io/qameta/allure/allure-junit5/2.21.0/allure-junit5-2.21.0.jar:/Users/gaigai/.m2/repository/io/qameta/allure/allure-junit-platform/2.21.0/allure-junit-platform-2.21.0.jar:/Users/gaigai/.m2/repository/io/qameta/allure/allure-java-commons/2.21.0/allure-java-commons-2.21.0.jar:/Users/gaigai/.m2/repository/io/qameta/allure/allure-model/2.21.0/allure-model-2.21.0.jar:/Users/gaigai/.m2/repository/io/qameta/allure/allure-test-filter/2.21.0/allure-test-filter-2.21.0.jar:/Users/gaigai/.m2/repository/org/junit/platform/junit-platform-launcher/1.9.2/junit-platform-launcher-1.9.2.jar:/Users/gaigai/.m2/repository/org/aspectj/aspectjweaver/1.9.19/aspectjweaver-1.9.19.jar:/Users/gaigai/.m2/repository/com/fasterxml/jackson/core/jackson-databind/2.13.1/jackson-databind-2.13.1.jar:/Users/gaigai/.m2/repository/com/fasterxml/jackson/core/jackson-annotations/2.13.1/jackson-annotations-2.13.1.jar:/Users/gaigai/.m2/repository/com/fasterxml/jackson/core/jackson-core/2.13.1/jackson-core-2.13.1.jar:/Users/gaigai/.m2/repository/com/fasterxml/jackson/dataformat/jackson-dataformat-yaml/2.13.1/jackson-dataformat-yaml-2.13.1.jar:/Users/gaigai/.m2/repository/org/yaml/snakeyaml/1.28/snakeyaml-1.28.jar:/Users/gaigai/.m2/repository/org/slf4j/slf4j-api/2.0.7/slf4j-api-2.0.7.jar:/Users/gaigai/.m2/repository/ch/qos/logback/logback-classic/1.4.6/logback-classic-1.4.6.jar:/Users/gaigai/.m2/repository/ch/qos/logback/logback-core/1.4.6/logback-core-1.4.6.jar:/Users/gaigai/.m2/repository/com/apifan/common/common-random/1.0.18/common-random-1.0.18.jar:/Users/gaigai/.m2/repository/org/apache/commons/commons-lang3/3.12.0/commons-lang3-3.12.0.jar:/Users/gaigai/.m2/repository/org/apache/commons/commons-collections4/4.4/commons-collections4-4.4.jar:/Users/gaigai/.m2/repository/commons-io/commons-io/2.7/commons-io-2.7.jar:/Users/gaigai/.m2/repository/com/google/guava/guava/31.1-jre/guava-31.1-jre.jar:/Users/gaigai/.m2/repository/com/google/guava/failureaccess/1.0.1/failureaccess-1.0.1.jar:/Users/gaigai/.m2/repository/com/google/guava/listenablefuture/9999.0-empty-to-avoid-conflict-with-guava/listenablefuture-9999.0-empty-to-avoid-conflict-with-guava.jar:/Users/gaigai/.m2/repository/com/google/code/findbugs/jsr305/3.0.2/jsr305-3.0.2.jar:/Users/gaigai/.m2/repository/org/checkerframework/checker-qual/3.12.0/checker-qual-3.12.0.jar:/Users/gaigai/.m2/repository/com/google/errorprone/error_prone_annotations/2.11.0/error_prone_annotations-2.11.0.jar:/Users/gaigai/.m2/repository/com/google/j2objc/j2objc-annotations/1.3/j2objc-annotations-1.3.jar:/Users/gaigai/.m2/repository/com/github/javafaker/javafaker/1.0.2/javafaker-1.0.2.jar:/Users/gaigai/.m2/repository/org/yaml/snakeyaml/1.23/snakeyaml-1.23-android.jar:/Users/gaigai/.m2/repository/com/github/mifmif/generex/1.0.2/generex-1.0.2.jar:/Users/gaigai/.m2/repository/dk/brics/automaton/automaton/1.11-8/automaton-1.11-8.jar:/Users/gaigai/.m2/repository/io/appium/java-client/8.4.0/java-client-8.4.0.jar:/Users/gaigai/.m2/repository/org/seleniumhq/selenium/selenium-api/4.9.1/selenium-api-4.9.1.jar:/Users/gaigai/.m2/repository/org/seleniumhq/selenium/selenium-remote-driver/4.9.1/selenium-remote-driver-4.9.1.jar:/Users/gaigai/.m2/repository/com/beust/jcommander/1.82/jcommander-1.82.jar:/Users/gaigai/.m2/repository/com/google/auto/service/auto-service-annotations/1.0.1/auto-service-annotations-1.0.1.jar:/Users/gaigai/.m2/repository/com/google/auto/service/auto-service/1.0.1/auto-service-1.0.1.jar:/Users/gaigai/.m2/repository/com/google/auto/auto-common/1.2/auto-common-1.2.jar:/Users/gaigai/.m2/repository/io/netty/netty-buffer/4.1.91.Final/netty-buffer-4.1.91.Final.jar:/Users/gaigai/.m2/repository/io/netty/netty-codec-http/4.1.91.Final/netty-codec-http-4.1.91.Final.jar:/Users/gaigai/.m2/repository/io/netty/netty-codec/4.1.91.Final/netty-codec-4.1.91.Final.jar:/Users/gaigai/.m2/repository/io/netty/netty-handler/4.1.91.Final/netty-handler-4.1.91.Final.jar:/Users/gaigai/.m2/repository/io/netty/netty-common/4.1.91.Final/netty-common-4.1.91.Final.jar:/Users/gaigai/.m2/repository/io/netty/netty-transport-classes-epoll/4.1.91.Final/netty-transport-classes-epoll-4.1.91.Final.jar:/Users/gaigai/.m2/repository/io/netty/netty-transport-classes-kqueue/4.1.91.Final/netty-transport-classes-kqueue-4.1.91.Final.jar:/Users/gaigai/.m2/repository/io/netty/netty-transport-native-epoll/4.1.91.Final/netty-transport-native-epoll-4.1.91.Final.jar:/Users/gaigai/.m2/repository/io/netty/netty-transport-native-kqueue/4.1.91.Final/netty-transport-native-kqueue-4.1.91.Final.jar:/Users/gaigai/.m2/repository/io/netty/netty-transport-native-unix-common/4.1.91.Final/netty-transport-native-unix-common-4.1.91.Final.jar:/Users/gaigai/.m2/repository/io/netty/netty-transport/4.1.91.Final/netty-transport-4.1.91.Final.jar:/Users/gaigai/.m2/repository/io/netty/netty-resolver/4.1.91.Final/netty-resolver-4.1.91.Final.jar:/Users/gaigai/.m2/repository/io/opentelemetry/opentelemetry-api/1.25.0/opentelemetry-api-1.25.0.jar:/Users/gaigai/.m2/repository/io/opentelemetry/opentelemetry-context/1.25.0/opentelemetry-context-1.25.0.jar:/Users/gaigai/.m2/repository/io/opentelemetry/opentelemetry-exporter-logging/1.25.0/opentelemetry-exporter-logging-1.25.0.jar:/Users/gaigai/.m2/repository/io/opentelemetry/opentelemetry-sdk-metrics/1.25.0/opentelemetry-sdk-metrics-1.25.0.jar:/Users/gaigai/.m2/repository/io/opentelemetry/opentelemetry-sdk-logs/1.25.0-alpha/opentelemetry-sdk-logs-1.25.0-alpha.jar:/Users/gaigai/.m2/repository/io/opentelemetry/opentelemetry-api-logs/1.25.0-alpha/opentelemetry-api-logs-1.25.0-alpha.jar:/Users/gaigai/.m2/repository/io/opentelemetry/opentelemetry-api-events/1.25.0-alpha/opentelemetry-api-events-1.25.0-alpha.jar:/Users/gaigai/.m2/repository/io/opentelemetry/opentelemetry-sdk-common/1.25.0/opentelemetry-sdk-common-1.25.0.jar:/Users/gaigai/.m2/repository/io/opentelemetry/opentelemetry-sdk-extension-autoconfigure-spi/1.25.0/opentelemetry-sdk-extension-autoconfigure-spi-1.25.0.jar:/Users/gaigai/.m2/repository/io/opentelemetry/opentelemetry-sdk-extension-autoconfigure/1.25.0-alpha/opentelemetry-sdk-extension-autoconfigure-1.25.0-alpha.jar:/Users/gaigai/.m2/repository/io/opentelemetry/opentelemetry-sdk-trace/1.25.0/opentelemetry-sdk-trace-1.25.0.jar:/Users/gaigai/.m2/repository/io/opentelemetry/opentelemetry-sdk/1.25.0/opentelemetry-sdk-1.25.0.jar:/Users/gaigai/.m2/repository/io/opentelemetry/opentelemetry-semconv/1.25.0-alpha/opentelemetry-semconv-1.25.0-alpha.jar:/Users/gaigai/.m2/repository/io/ous/jtoml/2.0.0/jtoml-2.0.0.jar:/Users/gaigai/.m2/repository/net/bytebuddy/byte-buddy/1.14.4/byte-buddy-1.14.4.jar:/Users/gaigai/.m2/repository/org/apache/commons/commons-exec/1.3/commons-exec-1.3.jar:/Users/gaigai/.m2/repository/org/asynchttpclient/async-http-client/2.12.3/async-http-client-2.12.3.jar:/Users/gaigai/.m2/repository/org/asynchttpclient/async-http-client-netty-utils/2.12.3/async-http-client-netty-utils-2.12.3.jar:/Users/gaigai/.m2/repository/io/netty/netty-codec-socks/4.1.60.Final/netty-codec-socks-4.1.60.Final.jar:/Users/gaigai/.m2/repository/io/netty/netty-handler-proxy/4.1.60.Final/netty-handler-proxy-4.1.60.Final.jar:/Users/gaigai/.m2/repository/io/netty/netty-transport-native-epoll/4.1.60.Final/netty-transport-native-epoll-4.1.60.Final-linux-x86_64.jar:/Users/gaigai/.m2/repository/io/netty/netty-transport-native-kqueue/4.1.60.Final/netty-transport-native-kqueue-4.1.60.Final-osx-x86_64.jar:/Users/gaigai/.m2/repository/org/reactivestreams/reactive-streams/1.0.3/reactive-streams-1.0.3.jar:/Users/gaigai/.m2/repository/com/typesafe/netty/netty-reactive-streams/2.0.4/netty-reactive-streams-2.0.4.jar:/Users/gaigai/.m2/repository/com/sun/activation/jakarta.activation/1.2.2/jakarta.activation-1.2.2.jar:/Users/gaigai/.m2/repository/org/seleniumhq/selenium/selenium-http/4.9.1/selenium-http-4.9.1.jar:/Users/gaigai/.m2/repository/dev/failsafe/failsafe/3.3.1/failsafe-3.3.1.jar:/Users/gaigai/.m2/repository/org/seleniumhq/selenium/selenium-json/4.9.1/selenium-json-4.9.1.jar:/Users/gaigai/.m2/repository/org/seleniumhq/selenium/selenium-manager/4.9.1/selenium-manager-4.9.1.jar:/Users/gaigai/.m2/repository/org/seleniumhq/selenium/selenium-support/4.9.1/selenium-support-4.9.1.jar:/Users/gaigai/.m2/repository/com/google/code/gson/gson/2.10.1/gson-2.10.1.jar:/Users/gaigai/.m2/repository/cglib/cglib/3.3.0/cglib-3.3.0.jar:/Users/gaigai/.m2/repository/org/ow2/asm/asm/7.1/asm-7.1.jar:/Users/gaigai/.m2/repository/commons-validator/commons-validator/1.7/commons-validator-1.7.jar:/Users/gaigai/.m2/repository/commons-beanutils/commons-beanutils/1.9.4/commons-beanutils-1.9.4.jar:/Users/gaigai/.m2/repository/commons-digester/commons-digester/2.1/commons-digester-2.1.jar:/Users/gaigai/.m2/repository/commons-logging/commons-logging/1.2/commons-logging-1.2.jar:/Users/gaigai/.m2/repository/commons-collections/commons-collections/3.2.2/commons-collections-3.2.2.jar:/Users/gaigai/.m2/repository/org/seleniumhq/selenium/selenium-java/4.9.1/selenium-java-4.9.1.jar:/Users/gaigai/.m2/repository/org/seleniumhq/selenium/selenium-chrome-driver/4.9.1/selenium-chrome-driver-4.9.1.jar:/Users/gaigai/.m2/repository/org/seleniumhq/selenium/selenium-chromium-driver/4.9.1/selenium-chromium-driver-4.9.1.jar:/Users/gaigai/.m2/repository/org/seleniumhq/selenium/selenium-devtools-v111/4.9.1/selenium-devtools-v111-4.9.1.jar:/Users/gaigai/.m2/repository/org/seleniumhq/selenium/selenium-devtools-v112/4.9.1/selenium-devtools-v112-4.9.1.jar:/Users/gaigai/.m2/repository/org/seleniumhq/selenium/selenium-devtools-v113/4.9.1/selenium-devtools-v113-4.9.1.jar:/Users/gaigai/.m2/repository/org/seleniumhq/selenium/selenium-devtools-v85/4.9.1/selenium-devtools-v85-4.9.1.jar:/Users/gaigai/.m2/repository/org/seleniumhq/selenium/selenium-edge-driver/4.9.1/selenium-edge-driver-4.9.1.jar:/Users/gaigai/.m2/repository/org/seleniumhq/selenium/selenium-firefox-driver/4.9.1/selenium-firefox-driver-4.9.1.jar:/Users/gaigai/.m2/repository/org/seleniumhq/selenium/selenium-ie-driver/4.9.1/selenium-ie-driver-4.9.1.jar:/Users/gaigai/.m2/repository/org/seleniumhq/selenium/selenium-safari-driver/4.9.1/selenium-safari-driver-4.9.1.jar:"/>
    <property name="sun.awt.enableExtraMouseButtons" value="true"/>
    <property name="https.proxyPort" value="33210"/>
    <property name="java.vm.vendor" value="Oracle Corporation"/>
    <property name="sun.arch.data.model" value="64"/>
    <property name="sun.font.fontmanager" value="sun.font.CFontManager"/>
    <property name="java.vendor.url" value="https://openjdk.java.net/"/>
    <property name="user.timezone" value="Asia/Shanghai"/>
    <property name="java.vm.specification.version" value="11"/>
    <property name="os.name" value="Mac OS X"/>
    <property name="sun.java.launcher" value="SUN_STANDARD"/>
    <property name="user.country" value="CN"/>
    <property name="sun.boot.library.path" value="/Library/Java/JavaVirtualMachines/jdk-11.jdk/Contents/Home/lib"/>
    <property name="sun.java.command" value="/Volumes/gai/tutorials/wechat-combat/app/target/surefire/surefirebooter-20230528091526276_3.jar /Volumes/gai/tutorials/wechat-combat/app/target/surefire 2023-05-28T09-15-26_105-jvmRun1 surefire-20230528091526276_1tmp surefire_0-20230528091526276_2tmp"/>
    <property name="jdk.debug" value="release"/>
    <property name="test" value="top.testeru.SuiteTest"/>
    <property name="surefire.test.class.path" value="/Volumes/gai/tutorials/wechat-combat/app/target/test-classes:/Volumes/gai/tutorials/wechat-combat/app/target/classes:/Users/gaigai/.m2/repository/org/junit/jupiter/junit-jupiter/5.9.2/junit-jupiter-5.9.2.jar:/Users/gaigai/.m2/repository/org/junit/jupiter/junit-jupiter-api/5.9.2/junit-jupiter-api-5.9.2.jar:/Users/gaigai/.m2/repository/org/opentest4j/opentest4j/1.2.0/opentest4j-1.2.0.jar:/Users/gaigai/.m2/repository/org/junit/platform/junit-platform-commons/1.9.2/junit-platform-commons-1.9.2.jar:/Users/gaigai/.m2/repository/org/junit/jupiter/junit-jupiter-params/5.9.2/junit-jupiter-params-5.9.2.jar:/Users/gaigai/.m2/repository/org/junit/jupiter/junit-jupiter-engine/5.9.2/junit-jupiter-engine-5.9.2.jar:/Users/gaigai/.m2/repository/org/junit/platform/junit-platform-suite/1.9.2/junit-platform-suite-1.9.2.jar:/Users/gaigai/.m2/repository/org/junit/platform/junit-platform-suite-api/1.9.2/junit-platform-suite-api-1.9.2.jar:/Users/gaigai/.m2/repository/org/junit/platform/junit-platform-suite-engine/1.9.2/junit-platform-suite-engine-1.9.2.jar:/Users/gaigai/.m2/repository/org/junit/platform/junit-platform-suite-commons/1.9.2/junit-platform-suite-commons-1.9.2.jar:/Users/gaigai/.m2/repository/org/junit/vintage/junit-vintage-engine/5.9.2/junit-vintage-engine-5.9.2.jar:/Users/gaigai/.m2/repository/org/junit/platform/junit-platform-engine/1.9.2/junit-platform-engine-1.9.2.jar:/Users/gaigai/.m2/repository/junit/junit/4.13.2/junit-4.13.2.jar:/Users/gaigai/.m2/repository/org/apiguardian/apiguardian-api/1.1.2/apiguardian-api-1.1.2.jar:/Users/gaigai/.m2/repository/org/hamcrest/hamcrest/2.2/hamcrest-2.2.jar:/Users/gaigai/.m2/repository/org/hamcrest/hamcrest-core/2.2/hamcrest-core-2.2.jar:/Users/gaigai/.m2/repository/io/qameta/allure/allure-junit5/2.21.0/allure-junit5-2.21.0.jar:/Users/gaigai/.m2/repository/io/qameta/allure/allure-junit-platform/2.21.0/allure-junit-platform-2.21.0.jar:/Users/gaigai/.m2/repository/io/qameta/allure/allure-java-commons/2.21.0/allure-java-commons-2.21.0.jar:/Users/gaigai/.m2/repository/io/qameta/allure/allure-model/2.21.0/allure-model-2.21.0.jar:/Users/gaigai/.m2/repository/io/qameta/allure/allure-test-filter/2.21.0/allure-test-filter-2.21.0.jar:/Users/gaigai/.m2/repository/org/junit/platform/junit-platform-launcher/1.9.2/junit-platform-launcher-1.9.2.jar:/Users/gaigai/.m2/repository/org/aspectj/aspectjweaver/1.9.19/aspectjweaver-1.9.19.jar:/Users/gaigai/.m2/repository/com/fasterxml/jackson/core/jackson-databind/2.13.1/jackson-databind-2.13.1.jar:/Users/gaigai/.m2/repository/com/fasterxml/jackson/core/jackson-annotations/2.13.1/jackson-annotations-2.13.1.jar:/Users/gaigai/.m2/repository/com/fasterxml/jackson/core/jackson-core/2.13.1/jackson-core-2.13.1.jar:/Users/gaigai/.m2/repository/com/fasterxml/jackson/dataformat/jackson-dataformat-yaml/2.13.1/jackson-dataformat-yaml-2.13.1.jar:/Users/gaigai/.m2/repository/org/yaml/snakeyaml/1.28/snakeyaml-1.28.jar:/Users/gaigai/.m2/repository/org/slf4j/slf4j-api/2.0.7/slf4j-api-2.0.7.jar:/Users/gaigai/.m2/repository/ch/qos/logback/logback-classic/1.4.6/logback-classic-1.4.6.jar:/Users/gaigai/.m2/repository/ch/qos/logback/logback-core/1.4.6/logback-core-1.4.6.jar:/Users/gaigai/.m2/repository/com/apifan/common/common-random/1.0.18/common-random-1.0.18.jar:/Users/gaigai/.m2/repository/org/apache/commons/commons-lang3/3.12.0/commons-lang3-3.12.0.jar:/Users/gaigai/.m2/repository/org/apache/commons/commons-collections4/4.4/commons-collections4-4.4.jar:/Users/gaigai/.m2/repository/commons-io/commons-io/2.7/commons-io-2.7.jar:/Users/gaigai/.m2/repository/com/google/guava/guava/31.1-jre/guava-31.1-jre.jar:/Users/gaigai/.m2/repository/com/google/guava/failureaccess/1.0.1/failureaccess-1.0.1.jar:/Users/gaigai/.m2/repository/com/google/guava/listenablefuture/9999.0-empty-to-avoid-conflict-with-guava/listenablefuture-9999.0-empty-to-avoid-conflict-with-guava.jar:/Users/gaigai/.m2/repository/com/google/code/findbugs/jsr305/3.0.2/jsr305-3.0.2.jar:/Users/gaigai/.m2/repository/org/checkerframework/checker-qual/3.12.0/checker-qual-3.12.0.jar:/Users/gaigai/.m2/repository/com/google/errorprone/error_prone_annotations/2.11.0/error_prone_annotations-2.11.0.jar:/Users/gaigai/.m2/repository/com/google/j2objc/j2objc-annotations/1.3/j2objc-annotations-1.3.jar:/Users/gaigai/.m2/repository/com/github/javafaker/javafaker/1.0.2/javafaker-1.0.2.jar:/Users/gaigai/.m2/repository/org/yaml/snakeyaml/1.23/snakeyaml-1.23-android.jar:/Users/gaigai/.m2/repository/com/github/mifmif/generex/1.0.2/generex-1.0.2.jar:/Users/gaigai/.m2/repository/dk/brics/automaton/automaton/1.11-8/automaton-1.11-8.jar:/Users/gaigai/.m2/repository/io/appium/java-client/8.4.0/java-client-8.4.0.jar:/Users/gaigai/.m2/repository/org/seleniumhq/selenium/selenium-api/4.9.1/selenium-api-4.9.1.jar:/Users/gaigai/.m2/repository/org/seleniumhq/selenium/selenium-remote-driver/4.9.1/selenium-remote-driver-4.9.1.jar:/Users/gaigai/.m2/repository/com/beust/jcommander/1.82/jcommander-1.82.jar:/Users/gaigai/.m2/repository/com/google/auto/service/auto-service-annotations/1.0.1/auto-service-annotations-1.0.1.jar:/Users/gaigai/.m2/repository/com/google/auto/service/auto-service/1.0.1/auto-service-1.0.1.jar:/Users/gaigai/.m2/repository/com/google/auto/auto-common/1.2/auto-common-1.2.jar:/Users/gaigai/.m2/repository/io/netty/netty-buffer/4.1.91.Final/netty-buffer-4.1.91.Final.jar:/Users/gaigai/.m2/repository/io/netty/netty-codec-http/4.1.91.Final/netty-codec-http-4.1.91.Final.jar:/Users/gaigai/.m2/repository/io/netty/netty-codec/4.1.91.Final/netty-codec-4.1.91.Final.jar:/Users/gaigai/.m2/repository/io/netty/netty-handler/4.1.91.Final/netty-handler-4.1.91.Final.jar:/Users/gaigai/.m2/repository/io/netty/netty-common/4.1.91.Final/netty-common-4.1.91.Final.jar:/Users/gaigai/.m2/repository/io/netty/netty-transport-classes-epoll/4.1.91.Final/netty-transport-classes-epoll-4.1.91.Final.jar:/Users/gaigai/.m2/repository/io/netty/netty-transport-classes-kqueue/4.1.91.Final/netty-transport-classes-kqueue-4.1.91.Final.jar:/Users/gaigai/.m2/repository/io/netty/netty-transport-native-epoll/4.1.91.Final/netty-transport-native-epoll-4.1.91.Final.jar:/Users/gaigai/.m2/repository/io/netty/netty-transport-native-kqueue/4.1.91.Final/netty-transport-native-kqueue-4.1.91.Final.jar:/Users/gaigai/.m2/repository/io/netty/netty-transport-native-unix-common/4.1.91.Final/netty-transport-native-unix-common-4.1.91.Final.jar:/Users/gaigai/.m2/repository/io/netty/netty-transport/4.1.91.Final/netty-transport-4.1.91.Final.jar:/Users/gaigai/.m2/repository/io/netty/netty-resolver/4.1.91.Final/netty-resolver-4.1.91.Final.jar:/Users/gaigai/.m2/repository/io/opentelemetry/opentelemetry-api/1.25.0/opentelemetry-api-1.25.0.jar:/Users/gaigai/.m2/repository/io/opentelemetry/opentelemetry-context/1.25.0/opentelemetry-context-1.25.0.jar:/Users/gaigai/.m2/repository/io/opentelemetry/opentelemetry-exporter-logging/1.25.0/opentelemetry-exporter-logging-1.25.0.jar:/Users/gaigai/.m2/repository/io/opentelemetry/opentelemetry-sdk-metrics/1.25.0/opentelemetry-sdk-metrics-1.25.0.jar:/Users/gaigai/.m2/repository/io/opentelemetry/opentelemetry-sdk-logs/1.25.0-alpha/opentelemetry-sdk-logs-1.25.0-alpha.jar:/Users/gaigai/.m2/repository/io/opentelemetry/opentelemetry-api-logs/1.25.0-alpha/opentelemetry-api-logs-1.25.0-alpha.jar:/Users/gaigai/.m2/repository/io/opentelemetry/opentelemetry-api-events/1.25.0-alpha/opentelemetry-api-events-1.25.0-alpha.jar:/Users/gaigai/.m2/repository/io/opentelemetry/opentelemetry-sdk-common/1.25.0/opentelemetry-sdk-common-1.25.0.jar:/Users/gaigai/.m2/repository/io/opentelemetry/opentelemetry-sdk-extension-autoconfigure-spi/1.25.0/opentelemetry-sdk-extension-autoconfigure-spi-1.25.0.jar:/Users/gaigai/.m2/repository/io/opentelemetry/opentelemetry-sdk-extension-autoconfigure/1.25.0-alpha/opentelemetry-sdk-extension-autoconfigure-1.25.0-alpha.jar:/Users/gaigai/.m2/repository/io/opentelemetry/opentelemetry-sdk-trace/1.25.0/opentelemetry-sdk-trace-1.25.0.jar:/Users/gaigai/.m2/repository/io/opentelemetry/opentelemetry-sdk/1.25.0/opentelemetry-sdk-1.25.0.jar:/Users/gaigai/.m2/repository/io/opentelemetry/opentelemetry-semconv/1.25.0-alpha/opentelemetry-semconv-1.25.0-alpha.jar:/Users/gaigai/.m2/repository/io/ous/jtoml/2.0.0/jtoml-2.0.0.jar:/Users/gaigai/.m2/repository/net/bytebuddy/byte-buddy/1.14.4/byte-buddy-1.14.4.jar:/Users/gaigai/.m2/repository/org/apache/commons/commons-exec/1.3/commons-exec-1.3.jar:/Users/gaigai/.m2/repository/org/asynchttpclient/async-http-client/2.12.3/async-http-client-2.12.3.jar:/Users/gaigai/.m2/repository/org/asynchttpclient/async-http-client-netty-utils/2.12.3/async-http-client-netty-utils-2.12.3.jar:/Users/gaigai/.m2/repository/io/netty/netty-codec-socks/4.1.60.Final/netty-codec-socks-4.1.60.Final.jar:/Users/gaigai/.m2/repository/io/netty/netty-handler-proxy/4.1.60.Final/netty-handler-proxy-4.1.60.Final.jar:/Users/gaigai/.m2/repository/io/netty/netty-transport-native-epoll/4.1.60.Final/netty-transport-native-epoll-4.1.60.Final-linux-x86_64.jar:/Users/gaigai/.m2/repository/io/netty/netty-transport-native-kqueue/4.1.60.Final/netty-transport-native-kqueue-4.1.60.Final-osx-x86_64.jar:/Users/gaigai/.m2/repository/org/reactivestreams/reactive-streams/1.0.3/reactive-streams-1.0.3.jar:/Users/gaigai/.m2/repository/com/typesafe/netty/netty-reactive-streams/2.0.4/netty-reactive-streams-2.0.4.jar:/Users/gaigai/.m2/repository/com/sun/activation/jakarta.activation/1.2.2/jakarta.activation-1.2.2.jar:/Users/gaigai/.m2/repository/org/seleniumhq/selenium/selenium-http/4.9.1/selenium-http-4.9.1.jar:/Users/gaigai/.m2/repository/dev/failsafe/failsafe/3.3.1/failsafe-3.3.1.jar:/Users/gaigai/.m2/repository/org/seleniumhq/selenium/selenium-json/4.9.1/selenium-json-4.9.1.jar:/Users/gaigai/.m2/repository/org/seleniumhq/selenium/selenium-manager/4.9.1/selenium-manager-4.9.1.jar:/Users/gaigai/.m2/repository/org/seleniumhq/selenium/selenium-support/4.9.1/selenium-support-4.9.1.jar:/Users/gaigai/.m2/repository/com/google/code/gson/gson/2.10.1/gson-2.10.1.jar:/Users/gaigai/.m2/repository/cglib/cglib/3.3.0/cglib-3.3.0.jar:/Users/gaigai/.m2/repository/org/ow2/asm/asm/7.1/asm-7.1.jar:/Users/gaigai/.m2/repository/commons-validator/commons-validator/1.7/commons-validator-1.7.jar:/Users/gaigai/.m2/repository/commons-beanutils/commons-beanutils/1.9.4/commons-beanutils-1.9.4.jar:/Users/gaigai/.m2/repository/commons-digester/commons-digester/2.1/commons-digester-2.1.jar:/Users/gaigai/.m2/repository/commons-logging/commons-logging/1.2/commons-logging-1.2.jar:/Users/gaigai/.m2/repository/commons-collections/commons-collections/3.2.2/commons-collections-3.2.2.jar:/Users/gaigai/.m2/repository/org/seleniumhq/selenium/selenium-java/4.9.1/selenium-java-4.9.1.jar:/Users/gaigai/.m2/repository/org/seleniumhq/selenium/selenium-chrome-driver/4.9.1/selenium-chrome-driver-4.9.1.jar:/Users/gaigai/.m2/repository/org/seleniumhq/selenium/selenium-chromium-driver/4.9.1/selenium-chromium-driver-4.9.1.jar:/Users/gaigai/.m2/repository/org/seleniumhq/selenium/selenium-devtools-v111/4.9.1/selenium-devtools-v111-4.9.1.jar:/Users/gaigai/.m2/repository/org/seleniumhq/selenium/selenium-devtools-v112/4.9.1/selenium-devtools-v112-4.9.1.jar:/Users/gaigai/.m2/repository/org/seleniumhq/selenium/selenium-devtools-v113/4.9.1/selenium-devtools-v113-4.9.1.jar:/Users/gaigai/.m2/repository/org/seleniumhq/selenium/selenium-devtools-v85/4.9.1/selenium-devtools-v85-4.9.1.jar:/Users/gaigai/.m2/repository/org/seleniumhq/selenium/selenium-edge-driver/4.9.1/selenium-edge-driver-4.9.1.jar:/Users/gaigai/.m2/repository/org/seleniumhq/selenium/selenium-firefox-driver/4.9.1/selenium-firefox-driver-4.9.1.jar:/Users/gaigai/.m2/repository/org/seleniumhq/selenium/selenium-ie-driver/4.9.1/selenium-ie-driver-4.9.1.jar:/Users/gaigai/.m2/repository/org/seleniumhq/selenium/selenium-safari-driver/4.9.1/selenium-safari-driver-4.9.1.jar:"/>
    <property name="sun.cpu.endian" value="little"/>
    <property name="user.home" value="/Users/gaigai"/>
    <property name="user.language" value="zh"/>
    <property name="java.specification.vendor" value="Oracle Corporation"/>
    <property name="java.version.date" value="2023-01-17"/>
    <property name="java.home" value="/Library/Java/JavaVirtualMachines/jdk-11.jdk/Contents/Home"/>
    <property name="file.separator" value="/"/>
    <property name="https.proxyHost" value="127.0.0.1"/>
    <property name="basedir" value="/Volumes/gai/tutorials/wechat-combat/app"/>
    <property name="java.vm.compressedOopsMode" value="Zero based"/>
    <property name="line.separator" value="&#10;"/>
    <property name="java.specification.name" value="Java Platform API Specification"/>
    <property name="java.vm.specification.vendor" value="Oracle Corporation"/>
    <property name="java.awt.graphicsenv" value="sun.awt.CGraphicsEnvironment"/>
    <property name="surefire.real.class.path" value="/Volumes/gai/tutorials/wechat-combat/app/target/surefire/surefirebooter-20230528091526276_3.jar"/>
    <property name="user.script" value="Hans"/>
    <property name="sun.management.compiler" value="HotSpot 64-Bit Tiered Compilers"/>
    <property name="java.runtime.version" value="11.0.18+9-LTS-195"/>
    <property name="user.name" value="gaigai"/>
    <property name="path.separator" value=":"/>
    <property name="os.version" value="13.3.1"/>
    <property name="java.runtime.name" value="Java(TM) SE Runtime Environment"/>
    <property name="file.encoding" value="UTF-8"/>
    <property name="java.vm.name" value="Java HotSpot(TM) 64-Bit Server VM"/>
    <property name="java.vendor.version" value="18.9"/>
    <property name="localRepository" value="/Users/gaigai/.m2/repository"/>
    <property name="java.vendor.url.bug" value="https://bugreport.java.com/bugreport/"/>
    <property name="java.io.tmpdir" value="/var/folders/8y/9vh89v8j3hv3g7mxg544fhb40000gn/T/"/>
    <property name="java.version" value="11.0.18"/>
    <property name="user.dir" value="/Volumes/gai/tutorials/wechat-combat/app"/>
    <property name="os.arch" value="aarch64"/>
    <property name="socksProxyPort" value="33211"/>
    <property name="java.vm.specification.name" value="Java Virtual Machine Specification"/>
    <property name="java.awt.printerjob" value="sun.lwawt.macosx.CPrinterJob"/>
    <property name="sun.os.patch.level" value="unknown"/>
    <property name="java.library.path" value="/Users/gaigai/Library/Java/Extensions:/Library/Java/Extensions:/Network/Library/Java/Extensions:/System/Library/Java/Extensions:/usr/lib/java:."/>
    <property name="java.vendor" value="Oracle Corporation"/>
    <property name="java.vm.info" value="mixed mode"/>
    <property name="java.vm.version" value="11.0.18+9-LTS-195"/>
    <property name="sun.io.unicode.encoding" value="UnicodeBig"/>
    <property name="java.class.version" value="55.0"/>
    <property name="http.proxyPort" value="33210"/>
  </properties>
  <testcase name="editAdd" classname="top.testeru.member.AddMemberTest" time="94.419">
    <system-out><![CDATA[[debug] &amp#27;[35m[HTTP]&amp#27;[39m Request idempotency key: cf3f8e7b-1a2e-46c3-ab23-55472dd867b1
&amp#27;[35m[HTTP]&amp#27;[39m &amp#27;[37m-->&amp#27;[39m &amp#27;[37mPOST&amp#27;[39m &amp#27;[37m/wd/hub/session&amp#27;[39m
&amp#27;[35m[HTTP]&amp#27;[39m &amp#27;[90m{"capabilities":{"firstMatch":[{}],"alwaysMatch":{"appium:appActivity":".launch.LaunchSplashActivity","appium:appPackage":"com.tencent.wework","appium:autoGrantPermissions":true,"appium:automationName":"UiAutomator2","appium:deviceName":"8c5f5f92","appium:newCommandTimeout":300000,"appium:noReset":true,"appium:platformVersion":"13.0.0","appium:printPageSourceOnFindFailure":true,"appium:udid":"8c5f5f92","platformName":"ANDROID"}}}&amp#27;[39m
[debug] &amp#27;[35m[W3C]&amp#27;[39m Calling AppiumDriver.createSession() with args: [null,null,{"firstMatch":[{}],"alwaysMatch":{"appium:appActivity":".launch.LaunchSplashActivity","appium:appPackage":"com.tencent.wework","appium:autoGrantPermissions":true,"appium:automationName":"UiAutomator2","appium:deviceName":"8c5f5f92","appium:newCommandTimeout":300000,"appium:noReset":true,"appium:platformVersion":"13.0.0","appium:printPageSourceOnFindFailure":true,"appium:udid":"8c5f5f92","platformName":"ANDROID"}}]
[debug] &amp#27;[35m[BaseDriver]&amp#27;[39m Event 'newSessionRequested' logged at 1685236533495 (09:15:33 GMT+0800 (China Standard Time))
&amp#27;[35m[Appium]&amp#27;[39m Appium v1.22.3 creating new AndroidUiautomator2Driver (v1.70.1) session
[debug] &amp#27;[35m[BaseDriver]&amp#27;[39m Creating session with W3C capabilities: {
[debug] &amp#27;[35m[BaseDriver]&amp#27;[39m   "alwaysMatch": {
[debug] &amp#27;[35m[BaseDriver]&amp#27;[39m     "platformName": "ANDROID",
[debug] &amp#27;[35m[BaseDriver]&amp#27;[39m     "appium:appActivity": ".launch.LaunchSplashActivity",
[debug] &amp#27;[35m[BaseDriver]&amp#27;[39m     "appium:appPackage": "com.tencent.wework",
[debug] &amp#27;[35m[BaseDriver]&amp#27;[39m     "appium:autoGrantPermissions": true,
[debug] &amp#27;[35m[BaseDriver]&amp#27;[39m     "appium:automationName": "UiAutomator2",
[debug] &amp#27;[35m[BaseDriver]&amp#27;[39m     "appium:deviceName": "8c5f5f92",
[debug] &amp#27;[35m[BaseDriver]&amp#27;[39m     "appium:newCommandTimeout": 300000,
[debug] &amp#27;[35m[BaseDriver]&amp#27;[39m     "appium:noReset": true,
[debug] &amp#27;[35m[BaseDriver]&amp#27;[39m     "appium:platformVersion": "13.0.0",
[debug] &amp#27;[35m[BaseDriver]&amp#27;[39m     "appium:printPageSourceOnFindFailure": true,
[debug] &amp#27;[35m[BaseDriver]&amp#27;[39m     "appium:udid": "8c5f5f92"
[debug] &amp#27;[35m[BaseDriver]&amp#27;[39m   },
[debug] &amp#27;[35m[BaseDriver]&amp#27;[39m   "firstMatch": [
[debug] &amp#27;[35m[BaseDriver]&amp#27;[39m     {}
[debug] &amp#27;[35m[BaseDriver]&amp#27;[39m   ]
[debug] &amp#27;[35m[BaseDriver]&amp#27;[39m }
&amp#27;[35m[BaseDriver]&amp#27;[39m Session created with session id: da2896bd-438a-4f7f-9343-bd96e6f29722
&amp#27;[35m[UiAutomator2]&amp#27;[39m Starting 'com.tencent.wework' directly on the device
&amp#27;[35m[ADB]&amp#27;[39m Found 1 'build-tools' folders under '/Users/gaigai/Library/Android/sdk' (newest first):
&amp#27;[35m[ADB]&amp#27;[39m     /Users/gaigai/Library/Android/sdk/build-tools/33.0.2
&amp#27;[35m[ADB]&amp#27;[39m Using 'adb' from '/Users/gaigai/Library/Android/sdk/platform-tools/adb'
[debug] &amp#27;[35m[ADB]&amp#27;[39m Running '/Users/gaigai/Library/Android/sdk/platform-tools/adb -P 5037 start-server'
&amp#27;[35m[AndroidDriver]&amp#27;[39m Retrieving device list
[debug] &amp#27;[35m[ADB]&amp#27;[39m Trying to find a connected android device
[debug] &amp#27;[35m[ADB]&amp#27;[39m Getting connected devices
[debug] &amp#27;[35m[ADB]&amp#27;[39m Connected devices: [{"udid":"8c5f5f92","state":"device"}]
&amp#27;[35m[AndroidDriver]&amp#27;[39m Using device: 8c5f5f92
&amp#27;[35m[ADB]&amp#27;[39m Using 'adb' from '/Users/gaigai/Library/Android/sdk/platform-tools/adb'
[debug] &amp#27;[35m[ADB]&amp#27;[39m Running '/Users/gaigai/Library/Android/sdk/platform-tools/adb -P 5037 start-server'
[debug] &amp#27;[35m[ADB]&amp#27;[39m Setting device id to 8c5f5f92
[debug] &amp#27;[35m[ADB]&amp#27;[39m Running '/Users/gaigai/Library/Android/sdk/platform-tools/adb -P 5037 -s 8c5f5f92 shell getprop ro.build.version.sdk'
[debug] &amp#27;[35m[ADB]&amp#27;[39m Current device property 'ro.build.version.sdk': 33
&amp#27;[35m[ADB]&amp#27;[39m Getting device platform version
[debug] &amp#27;[35m[ADB]&amp#27;[39m Running '/Users/gaigai/Library/Android/sdk/platform-tools/adb -P 5037 -s 8c5f5f92 shell getprop ro.build.version.release'
[debug] &amp#27;[35m[ADB]&amp#27;[39m Current device property 'ro.build.version.release': 13
[debug] &amp#27;[35m[ADB]&amp#27;[39m Device API level: 33
&amp#27;[35m[UiAutomator2]&amp#27;[39m Relaxing hidden api policy
[debug] &amp#27;[35m[ADB]&amp#27;[39m Running '/Users/gaigai/Library/Android/sdk/platform-tools/adb -P 5037 -s 8c5f5f92 shell 'settings put global hidden_api_policy_pre_p_apps 1;settings put global hidden_api_policy_p_apps 1;settings put global hidden_api_policy 1''
&amp#27;[35m[AndroidDriver]&amp#27;[39m No app sent in, not parsing package/activity
[debug] &amp#27;[35m[ADB]&amp#27;[39m Running '/Users/gaigai/Library/Android/sdk/platform-tools/adb -P 5037 -s 8c5f5f92 wait-for-device'
[debug] &amp#27;[35m[ADB]&amp#27;[39m Running '/Users/gaigai/Library/Android/sdk/platform-tools/adb -P 5037 -s 8c5f5f92 shell echo ping'
[debug] &amp#27;[35m[AndroidDriver]&amp#27;[39m Pushing settings apk to device...
[debug] &amp#27;[35m[ADB]&amp#27;[39m Getting install status for io.appium.settings
[debug] &amp#27;[35m[ADB]&amp#27;[39m Running '/Users/gaigai/Library/Android/sdk/platform-tools/adb -P 5037 -s 8c5f5f92 shell dumpsys package io.appium.settings'
[debug] &amp#27;[35m[ADB]&amp#27;[39m 'io.appium.settings' is installed
[debug] &amp#27;[35m[ADB]&amp#27;[39m Getting package info for 'io.appium.settings'
[debug] &amp#27;[35m[ADB]&amp#27;[39m Running '/Users/gaigai/Library/Android/sdk/platform-tools/adb -P 5037 -s 8c5f5f92 shell dumpsys package io.appium.settings'
[debug] &amp#27;[35m[ADB]&amp#27;[39m The version name of the installed 'io.appium.settings' is greater or equal to the application version name ('3.4.0' >= '3.4.0')
[debug] &amp#27;[35m[ADB]&amp#27;[39m There is no need to install/upgrade '/opt/homebrew/lib/node_modules/appium/node_modules/io.appium.settings/apks/settings_apk-debug.apk'
[debug] &amp#27;[35m[ADB]&amp#27;[39m Getting IDs of all 'io.appium.settings' processes
[debug] &amp#27;[35m[ADB]&amp#27;[39m Running '/Users/gaigai/Library/Android/sdk/platform-tools/adb -P 5037 -s 8c5f5f92 shell 'pgrep --help; echo $?''
[debug] &amp#27;[35m[ADB]&amp#27;[39m Running '/Users/gaigai/Library/Android/sdk/platform-tools/adb -P 5037 -s 8c5f5f92 shell pgrep -f \(\[\[:blank:\]\]\|\^\)io\.appium\.settings\(\[\[:blank:\]\]\|\$\)'
[debug] &amp#27;[35m[AndroidDriver]&amp#27;[39m io.appium.settings is already running. There is no need to reset its permissions.
[debug] &amp#27;[35m[ADB]&amp#27;[39m Running '/Users/gaigai/Library/Android/sdk/platform-tools/adb -P 5037 -s 8c5f5f92 shell appops set io.appium.settings android:mock_location allow'
[debug] &amp#27;[35m[Logcat]&amp#27;[39m Starting logs capture with command: /Users/gaigai/Library/Android/sdk/platform-tools/adb -P 5037 -s 8c5f5f92 logcat -v threadtime
[debug] &amp#27;[35m[UiAutomator2]&amp#27;[39m Forwarding UiAutomator2 Server port 6790 to local port 8200
[debug] &amp#27;[35m[ADB]&amp#27;[39m Forwarding system: 8200 to device: 6790
[debug] &amp#27;[35m[ADB]&amp#27;[39m Running '/Users/gaigai/Library/Android/sdk/platform-tools/adb -P 5037 -s 8c5f5f92 forward tcp:8200 tcp:6790'
[debug] &amp#27;[35m[ADB]&amp#27;[39m Getting install status for io.appium.uiautomator2.server
[debug] &amp#27;[35m[ADB]&amp#27;[39m Running '/Users/gaigai/Library/Android/sdk/platform-tools/adb -P 5037 -s 8c5f5f92 shell dumpsys package io.appium.uiautomator2.server'
[debug] &amp#27;[35m[ADB]&amp#27;[39m 'io.appium.uiautomator2.server' is installed
[debug] &amp#27;[35m[ADB]&amp#27;[39m Getting package info for 'io.appium.uiautomator2.server'
[debug] &amp#27;[35m[ADB]&amp#27;[39m Running '/Users/gaigai/Library/Android/sdk/platform-tools/adb -P 5037 -s 8c5f5f92 shell dumpsys package io.appium.uiautomator2.server'
[debug] &amp#27;[35m[ADB]&amp#27;[39m The version name of the installed 'io.appium.uiautomator2.server' is greater or equal to the application version name ('4.27.0' >= '4.27.0')
[debug] &amp#27;[35m[UiAutomator2]&amp#27;[39m io.appium.uiautomator2.server installation state: sameVersionInstalled
[debug] &amp#27;[35m[ADB]&amp#27;[39m Checking app cert for /opt/homebrew/lib/node_modules/appium/node_modules/appium-uiautomator2-server/apks/appium-uiautomator2-server-v4.27.0.apk
&amp#27;[35m[ADB]&amp#27;[39m Using 'apksigner.jar' from '/Users/gaigai/Library/Android/sdk/build-tools/33.0.2/lib/apksigner.jar'
[debug] &amp#27;[35m[ADB]&amp#27;[39m Starting apksigner: /Library/Java/JavaVirtualMachines/jdk-11.jdk/Contents/Home/bin/java -Xmx1024M -Xss1m -jar /Users/gaigai/Library/Android/sdk/build-tools/33.0.2/lib/apksigner.jar verify --print-certs /opt/homebrew/lib/node_modules/appium/node_modules/appium-uiautomator2-server/apks/appium-uiautomator2-server-v4.27.0.apk
[debug] &amp#27;[35m[ADB]&amp#27;[39m apksigner stdout: Signer #1 certificate DN: EMAILADDRESS=android@android.com, CN=Android, OU=Android, O=Android, L=Mountain View, ST=California, C=US
[debug] &amp#27;[35m[ADB]&amp#27;[39m Signer #1 certificate SHA-256 digest: a40da80a59d170caa950cf15c18c454d47a39b26989d8b640ecd745ba71bf5dc
[debug] &amp#27;[35m[ADB]&amp#27;[39m Signer #1 certificate SHA-1 digest: 61ed377e85d386a8dfee6b864bd85b0bfaa5af81
[debug] &amp#27;[35m[ADB]&amp#27;[39m Signer #1 certificate MD5 digest: e89b158e4bcf988ebd09eb83f5378e87
[debug] &amp#27;[35m[ADB]&amp#27;[39m 
[debug] &amp#27;[35m[ADB]&amp#27;[39m sha256 hash did match for 'appium-uiautomator2-server-v4.27.0.apk'
&amp#27;[35m[ADB]&amp#27;[39m '/opt/homebrew/lib/node_modules/appium/node_modules/appium-uiautomator2-server/apks/appium-uiautomator2-server-v4.27.0.apk' is signed with the default certificate
[debug] &amp#27;[35m[ADB]&amp#27;[39m Getting install status for io.appium.uiautomator2.server.test
[debug] &amp#27;[35m[ADB]&amp#27;[39m Running '/Users/gaigai/Library/Android/sdk/platform-tools/adb -P 5037 -s 8c5f5f92 shell dumpsys package io.appium.uiautomator2.server.test'
[debug] &amp#27;[35m[ADB]&amp#27;[39m 'io.appium.uiautomator2.server.test' is installed
[debug] &amp#27;[35m[ADB]&amp#27;[39m Checking app cert for /opt/homebrew/lib/node_modules/appium/node_modules/appium-uiautomator2-server/apks/appium-uiautomator2-server-debug-androidTest.apk
[debug] &amp#27;[35m[ADB]&amp#27;[39m Starting apksigner: /Library/Java/JavaVirtualMachines/jdk-11.jdk/Contents/Home/bin/java -Xmx1024M -Xss1m -jar /Users/gaigai/Library/Android/sdk/build-tools/33.0.2/lib/apksigner.jar verify --print-certs /opt/homebrew/lib/node_modules/appium/node_modules/appium-uiautomator2-server/apks/appium-uiautomator2-server-debug-androidTest.apk
[debug] &amp#27;[35m[ADB]&amp#27;[39m apksigner stdout: Signer #1 certificate DN: EMAILADDRESS=android@android.com, CN=Android, OU=Android, O=Android, L=Mountain View, ST=California, C=US
[debug] &amp#27;[35m[ADB]&amp#27;[39m Signer #1 certificate SHA-256 digest: a40da80a59d170caa950cf15c18c454d47a39b26989d8b640ecd745ba71bf5dc
[debug] &amp#27;[35m[ADB]&amp#27;[39m Signer #1 certificate SHA-1 digest: 61ed377e85d386a8dfee6b864bd85b0bfaa5af81
[debug] &amp#27;[35m[ADB]&amp#27;[39m Signer #1 certificate MD5 digest: e89b158e4bcf988ebd09eb83f5378e87
[debug] &amp#27;[35m[ADB]&amp#27;[39m 
[debug] &amp#27;[35m[ADB]&amp#27;[39m sha256 hash did match for 'appium-uiautomator2-server-debug-androidTest.apk'
&amp#27;[35m[ADB]&amp#27;[39m '/opt/homebrew/lib/node_modules/appium/node_modules/appium-uiautomator2-server/apks/appium-uiautomator2-server-debug-androidTest.apk' is signed with the default certificate
&amp#27;[35m[UiAutomator2]&amp#27;[39m Server packages are not going to be (re)installed
[debug] &amp#27;[35m[UiAutomator2]&amp#27;[39m Waiting up to 30000ms for services to be available
[debug] &amp#27;[35m[ADB]&amp#27;[39m Running '/Users/gaigai/Library/Android/sdk/platform-tools/adb -P 5037 -s 8c5f5f92 shell pm list instrumentation'
[debug] &amp#27;[35m[UiAutomator2]&amp#27;[39m Instrumentation target 'io.appium.uiautomator2.server.test/androidx.test.runner.AndroidJUnitRunner' is available
&amp#27;[35m[ADB]&amp#27;[39m Adding packages ["io.appium.settings","io.appium.uiautomator2.server","io.appium.uiautomator2.server.test"] to Doze whitelist
[debug] &amp#27;[35m[ADB]&amp#27;[39m Got the following command chunks to execute: [["dumpsys","deviceidle","whitelist","+io.appium.settings",";","dumpsys","deviceidle","whitelist","+io.appium.uiautomator2.server",";","dumpsys","deviceidle","whitelist","+io.appium.uiautomator2.server.test",";"]]
[debug] &amp#27;[35m[ADB]&amp#27;[39m Running '/Users/gaigai/Library/Android/sdk/platform-tools/adb -P 5037 -s 8c5f5f92 shell dumpsys deviceidle whitelist +io.appium.settings ; dumpsys deviceidle whitelist +io.appium.uiautomator2.server ; dumpsys deviceidle whitelist +io.appium.uiautomator2.server.test ;'
[debug] &amp#27;[35m[UiAutomator2]&amp#27;[39m No app capability. Assuming it is already on the device
[debug] &amp#27;[35m[UiAutomator2]&amp#27;[39m Performing shallow cleanup of automation leftovers
[debug] &amp#27;[35m[UiAutomator2]&amp#27;[39m No obsolete sessions have been detected (socket hang up)
[debug] &amp#27;[35m[ADB]&amp#27;[39m Running '/Users/gaigai/Library/Android/sdk/platform-tools/adb -P 5037 -s 8c5f5f92 shell am force-stop io.appium.uiautomator2.server.test'
&amp#27;[35m[UiAutomator2]&amp#27;[39m Starting UIAutomator2 server 4.27.0
&amp#27;[35m[UiAutomator2]&amp#27;[39m Using UIAutomator2 server from '/opt/homebrew/lib/node_modules/appium/node_modules/appium-uiautomator2-server/apks/appium-uiautomator2-server-v4.27.0.apk' and test from '/opt/homebrew/lib/node_modules/appium/node_modules/appium-uiautomator2-server/apks/appium-uiautomator2-server-debug-androidTest.apk'
&amp#27;[35m[UiAutomator2]&amp#27;[39m Waiting up to 30000ms for UiAutomator2 to be online...
[debug] &amp#27;[35m[ADB]&amp#27;[39m Creating ADB subprocess with args: ["-P",5037,"-s","8c5f5f92","shell","am","instrument","-w","-e","disableAnalytics",true,"io.appium.uiautomator2.server.test/androidx.test.runner.AndroidJUnitRunner"]
[debug] &amp#27;[35m[WD Proxy]&amp#27;[39m Matched '/status' to command name 'getStatus'
[debug] &amp#27;[35m[WD Proxy]&amp#27;[39m Proxying [GET /status] to [GET http://127.0.0.1:8200/wd/hub/status] with no body
&amp#27;[35m[WD Proxy]&amp#27;[39m socket hang up
[debug] &amp#27;[35m[Instrumentation]&amp#27;[39m io.appium.uiautomator2.server.test.AppiumUiAutomator2Server:
[debug] &amp#27;[35m[WD Proxy]&amp#27;[39m Matched '/status' to command name 'getStatus'
[debug] &amp#27;[35m[WD Proxy]&amp#27;[39m Proxying [GET /status] to [GET http://127.0.0.1:8200/wd/hub/status] with no body
&amp#27;[35m[WD Proxy]&amp#27;[39m socket hang up
[debug] &amp#27;[35m[WD Proxy]&amp#27;[39m Matched '/status' to command name 'getStatus'
[debug] &amp#27;[35m[WD Proxy]&amp#27;[39m Proxying [GET /status] to [GET http://127.0.0.1:8200/wd/hub/status] with no body
[debug] &amp#27;[35m[WD Proxy]&amp#27;[39m Got response with status 200: {"sessionId":"None","value":{"message":"UiAutomator2 Server is ready to accept commands","ready":true}}
[debug] &amp#27;[35m[UiAutomator2]&amp#27;[39m The initialization of the instrumentation process took 2042ms
[debug] &amp#27;[35m[WD Proxy]&amp#27;[39m Matched '/session' to command name 'createSession'
[debug] &amp#27;[35m[WD Proxy]&amp#27;[39m Proxying [POST /session] to [POST http://127.0.0.1:8200/wd/hub/session] with body: {"capabilities":{"firstMatch":[{"platform":"LINUX","webStorageEnabled":false,"takesScreenshot":true,"javascriptEnabled":true,"databaseEnabled":false,"networkConnectionEnabled":true,"locationContextEnabled":false,"warnings":{},"desired":{"platformName":"ANDROID","appActivity":".launch.LaunchSplashActivity","appPackage":"com.tencent.wework","autoGrantPermissions":true,"automationName":"UiAutomator2","deviceName":"8c5f5f92","newCommandTimeout":300000,"noReset":true,"platformVersion":"13.0.0","printPageSourceOnFindFailure":true,"udid":"8c5f5f92"},"platformName":"ANDROID","appActivity":".launch.LaunchSplashActivity","appPackage":"com.tencent.wework","autoGrantPermissions":true,"automationName":"UiAutomator2","deviceName":"8c5f5f92","newCommandTimeout":300000,"noReset":true,"platformVersion":"13.0.0","printPageSourceOnFindFailure":true,"udid":"8c5f5f92","deviceUDID":"8c5f5f92"}],"alwaysMatch":{}}}
[debug] &amp#27;[35m[WD Proxy]&amp#27;[39m Got response with status 200: {"sessionId":"2e74e7b9-85a6-478f-8ae2-621a49ed711a","value":{"capabilities":{"firstMatch":[{"platform":"LINUX","webStorageEnabled":false,"takesScreenshot":true,"javascriptEnabled":true,"databaseEnabled":false,"networkConnectionEnabled":true,"locationContextEnabled":false,"warnings":{},"desired":{"platformName":"ANDROID","appActivity":".launch.LaunchSplashActivity","appPackage":"com.tencent.wework","autoGrantPermissions":true,"automationName":"UiAutomator2","deviceName":"8c5f5f92","newCommandTimeout":300000,"noReset":true,"platformVersion":"13.0.0","printPageSourceOnFindFailure":true,"udid":"8c5f5f92"},"platformName":"ANDROID","appActivity":".launch.LaunchSplashActivity","appPackage":"com.tencent.wework","autoGrantPermissions":true,"automationName":"UiAutomator2","deviceName":"8c5f5f92","newCommandTimeout":300000,"noReset":true,"platformVersion":"13.0.0","printPageSourceOnFindFailure":true,"udid":"8c5f5f92","deviceUDID":"8c5f5f92"}],"alwaysMatch":{}},"sessionId":"2e74e7b9-85a6-478f-8ae2-621a49ed711a"}}
&amp#27;[35m[WD Proxy]&amp#27;[39m Determined the downstream protocol as 'W3C'
[debug] &amp#27;[35m[WD Proxy]&amp#27;[39m Proxying [GET /appium/device/info] to [GET http://127.0.0.1:8200/wd/hub/session/2e74e7b9-85a6-478f-8ae2-621a49ed711a/appium/device/info] with no body
[debug] &amp#27;[35m[WD Proxy]&amp#27;[39m Got response with status 200: {"sessionId":"2e74e7b9-85a6-478f-8ae2-621a49ed711a","value":{"androidId":"c4541127625f3cc5","apiVersion":"33","bluetooth":{"state":"ON"},"brand":"Redmi","carrierName":"中国联通","displayDensity":440,"locale":"zh_CN","manufacturer":"Xiaomi","model":"M2012K11C","networks":[{"capabilities":{"SSID":null,"linkDownBandwidthKbps":6129,"linkUpstreamBandwidthKbps":6129,"networkCapabilities":"NET_CAPABILITY_IMS,NET_CAPABILITY_NOT_METERED,NET_CAPABILITY_TRUSTED,NET_CAPABILITY_NOT_VPN,NET_CAPABILITY_VALIDATED,NET_CAPABILITY_NOT_ROAMING,NET_CAPABILITY_FOREGROUND,NET_CAPABILITY_NOT_CONGESTED,NET_CAPABILITY_NOT_SUSPENDED","signalStrength":-2147483648,"transportTypes":"TRANSPORT_CELLULAR"},"detailedState":"CONNECTED","extraInfo":"ims","isAvailable":true,"isConnected":true,"isFailover":false,"isRoaming":false,"state":"CONNECTED","subtype":20,"subtypeName":"NR","type":0,"typeName":"MOBILE"},{"capabilities":{"SSID":null,"linkDownBandwidthKbps":148550,"linkUpstreamBandwidthKbps":60000,"networkCapabilities":"NET_CAPABILITY_IMS,NET...
[debug] &amp#27;[35m[ADB]&amp#27;[39m Running '/Users/gaigai/Library/Android/sdk/platform-tools/adb -P 5037 -s 8c5f5f92 shell dumpsys window'
&amp#27;[35m[AndroidDriver]&amp#27;[39m Screen already unlocked, doing nothing
&amp#27;[35m[UiAutomator2]&amp#27;[39m Starting 'com.tencent.wework/.launch.LaunchSplashActivity and waiting for 'com.tencent.wework/.launch.LaunchSplashActivity'
[debug] &amp#27;[35m[ADB]&amp#27;[39m Running '/Users/gaigai/Library/Android/sdk/platform-tools/adb -P 5037 -s 8c5f5f92 shell am start -W -n com.tencent.wework/.launch.LaunchSplashActivity -S -a android.intent.action.MAIN -c android.intent.category.LAUNCHER -f 0x10200000'
[debug] &amp#27;[35m[WD Proxy]&amp#27;[39m Proxying [GET /appium/device/pixel_ratio] to [GET http://127.0.0.1:8200/wd/hub/session/2e74e7b9-85a6-478f-8ae2-621a49ed711a/appium/device/pixel_ratio] with no body
[debug] &amp#27;[35m[WD Proxy]&amp#27;[39m Got response with status 200: {"sessionId":"2e74e7b9-85a6-478f-8ae2-621a49ed711a","value":2.75}
[debug] &amp#27;[35m[WD Proxy]&amp#27;[39m Matched '/appium/device/system_bars' to command name 'getSystemBars'
[debug] &amp#27;[35m[WD Proxy]&amp#27;[39m Proxying [GET /appium/device/system_bars] to [GET http://127.0.0.1:8200/wd/hub/session/2e74e7b9-85a6-478f-8ae2-621a49ed711a/appium/device/system_bars] with no body
[debug] &amp#27;[35m[WD Proxy]&amp#27;[39m Got response with status 200: {"sessionId":"2e74e7b9-85a6-478f-8ae2-621a49ed711a","value":{"statusBar":80}}
[debug] &amp#27;[35m[WD Proxy]&amp#27;[39m Matched '/window/current/size' to command name 'getWindowSize'
[debug] &amp#27;[35m[WD Proxy]&amp#27;[39m Proxying [GET /window/current/size] to [GET http://127.0.0.1:8200/wd/hub/session/2e74e7b9-85a6-478f-8ae2-621a49ed711a/window/current/size] with no body
[debug] &amp#27;[35m[WD Proxy]&amp#27;[39m Got response with status 200: {"sessionId":"2e74e7b9-85a6-478f-8ae2-621a49ed711a","value":{"height":2276,"width":1080}}
&amp#27;[35m[Appium]&amp#27;[39m New AndroidUiautomator2Driver session created successfully, session da2896bd-438a-4f7f-9343-bd96e6f29722 added to master session list
[debug] &amp#27;[35m[BaseDriver]&amp#27;[39m Event 'newSessionStarted' logged at 1685236538344 (09:15:38 GMT+0800 (China Standard Time))
[debug] &amp#27;[35m[W3C (da2896bd)]&amp#27;[39m Cached the protocol value 'W3C' for the new session da2896bd-438a-4f7f-9343-bd96e6f29722
[debug] &amp#27;[35m[W3C (da2896bd)]&amp#27;[39m Responding to client with driver.createSession() result: {"capabilities":{"platform":"LINUX","webStorageEnabled":false,"takesScreenshot":true,"javascriptEnabled":true,"databaseEnabled":false,"networkConnectionEnabled":true,"locationContextEnabled":false,"warnings":{},"desired":{"platformName":"ANDROID","appActivity":".launch.LaunchSplashActivity","appPackage":"com.tencent.wework","autoGrantPermissions":true,"automationName":"UiAutomator2","deviceName":"8c5f5f92","newCommandTimeout":300000,"noReset":true,"platformVersion":"13.0.0","printPageSourceOnFindFailure":true,"udid":"8c5f5f92"},"platformName":"ANDROID","appActivity":".launch.LaunchSplashActivity","appPackage":"com.tencent.wework","autoGrantPermissions":true,"automationName":"UiAutomator2","deviceName":"8c5f5f92","newCommandTimeout":300000,"noReset":true,"platformVersion":"13","printPageSourceOnFindFailure":true,"udid":"8c5f5f92","deviceUDID":"8c5f5f92","deviceApiLevel":33,"deviceScreenSize":"1080x2400","deviceScreenDensity":440,"deviceModel":"M2012K11C","deviceManufacturer":"Xiaomi","pixelRatio":2.75,"stat...
&amp#27;[35m[HTTP]&amp#27;[39m &amp#27;[37m<-- POST /wd/hub/session &amp#27;[39m&amp#27;[32m200&amp#27;[39m &amp#27;[90m4851 ms - 1159&amp#27;[39m
&amp#27;[35m[HTTP]&amp#27;[39m &amp#27;[90m&amp#27;[39m
&amp#27;[35m[HTTP]&amp#27;[39m &amp#27;[37m-->&amp#27;[39m &amp#27;[37mPOST&amp#27;[39m &amp#27;[37m/wd/hub/session/da2896bd-438a-4f7f-9343-bd96e6f29722/timeouts&amp#27;[39m
&amp#27;[35m[HTTP]&amp#27;[39m &amp#27;[90m{"implicit":20000}&amp#27;[39m
[debug] &amp#27;[35m[W3C (da2896bd)]&amp#27;[39m Calling AppiumDriver.timeouts() with args: [null,null,null,null,20000,"da2896bd-438a-4f7f-9343-bd96e6f29722"]
[debug] &amp#27;[35m[BaseDriver]&amp#27;[39m W3C timeout argument: {"implicit":20000}}
[debug] &amp#27;[35m[BaseDriver]&amp#27;[39m Set implicit wait to 20000ms
[debug] &amp#27;[35m[W3C (da2896bd)]&amp#27;[39m Responding to client with driver.timeouts() result: null
&amp#27;[35m[HTTP]&amp#27;[39m &amp#27;[37m<-- POST /wd/hub/session/da2896bd-438a-4f7f-9343-bd96e6f29722/timeouts &amp#27;[39m&amp#27;[32m200&amp#27;[39m &amp#27;[90m1 ms - 14&amp#27;[39m
&amp#27;[35m[HTTP]&amp#27;[39m &amp#27;[90m&amp#27;[39m
&amp#27;[35m[HTTP]&amp#27;[39m &amp#27;[37m-->&amp#27;[39m &amp#27;[37mPOST&amp#27;[39m &amp#27;[37m/wd/hub/session/da2896bd-438a-4f7f-9343-bd96e6f29722/element&amp#27;[39m
&amp#27;[35m[HTTP]&amp#27;[39m &amp#27;[90m{"using":"xpath","value":"//*[@text=\"通讯录\"]"}&amp#27;[39m
[debug] &amp#27;[35m[W3C (da2896bd)]&amp#27;[39m Calling AppiumDriver.findElement() with args: ["xpath","//*[@text=\"通讯录\"]","da2896bd-438a-4f7f-9343-bd96e6f29722"]
[debug] &amp#27;[35m[BaseDriver]&amp#27;[39m Valid locator strategies for this request: xpath, id, class name, accessibility id, css selector, -android uiautomator
[debug] &amp#27;[35m[BaseDriver]&amp#27;[39m Waiting up to 20000 ms for condition
[debug] &amp#27;[35m[WD Proxy]&amp#27;[39m Matched '/element' to command name 'findElement'
[debug] &amp#27;[35m[WD Proxy]&amp#27;[39m Proxying [POST /element] to [POST http://127.0.0.1:8200/wd/hub/session/2e74e7b9-85a6-478f-8ae2-621a49ed711a/element] with body: {"strategy":"xpath","selector":"//*[@text=\"通讯录\"]","context":"","multiple":false}
[debug] &amp#27;[35m[WD Proxy]&amp#27;[39m Got response with status 200: {"sessionId":"2e74e7b9-85a6-478f-8ae2-621a49ed711a","value":{"ELEMENT":"00000000-0000-0aad-ffff-ffff000000d6","element-6066-11e4-a52e-4f735466cecf":"00000000-0000-0aad-ffff-ffff000000d6"}}
[debug] &amp#27;[35m[W3C (da2896bd)]&amp#27;[39m Responding to client with driver.findElement() result: {"element-6066-11e4-a52e-4f735466cecf":"00000000-0000-0aad-ffff-ffff000000d6","ELEMENT":"00000000-0000-0aad-ffff-ffff000000d6"}
&amp#27;[35m[HTTP]&amp#27;[39m &amp#27;[37m<-- POST /wd/hub/session/da2896bd-438a-4f7f-9343-bd96e6f29722/element &amp#27;[39m&amp#27;[32m200&amp#27;[39m &amp#27;[90m2471 ms - 137&amp#27;[39m
&amp#27;[35m[HTTP]&amp#27;[39m &amp#27;[90m&amp#27;[39m
2023-05-28 09:15:41  &amp#27;[34m&amp#27;[0;39mINFO  &amp#27;[35m[main]&amp#27;[0;39m &amp#27;[33mtop.testeru.page.AppBasePage.find(AppBasePage.java:105)&amp#27;[0;39m -- 元素定位：By.xpath: //*[@text="通讯录"]
&amp#27;[35m[HTTP]&amp#27;[39m &amp#27;[37m-->&amp#27;[39m &amp#27;[37mGET&amp#27;[39m &amp#27;[37m/wd/hub/session/da2896bd-438a-4f7f-9343-bd96e6f29722/screenshot&amp#27;[39m
&amp#27;[35m[HTTP]&amp#27;[39m &amp#27;[90m{}&amp#27;[39m
[debug] &amp#27;[35m[W3C (da2896bd)]&amp#27;[39m Calling AppiumDriver.getScreenshot() with args: ["da2896bd-438a-4f7f-9343-bd96e6f29722"]
[debug] &amp#27;[35m[WD Proxy]&amp#27;[39m Matched '/screenshot' to command name 'getScreenshot'
[debug] &amp#27;[35m[WD Proxy]&amp#27;[39m Proxying [GET /screenshot] to [GET http://127.0.0.1:8200/wd/hub/session/2e74e7b9-85a6-478f-8ae2-621a49ed711a/screenshot] with no body
[debug] &amp#27;[35m[WD Proxy]&amp#27;[39m Got response with status 200: {"sessionId":"2e74e7b9-85a6-478f-8ae2-621a49ed711a","value":"iVBORw0KGgoAAAANSUhEUgAABDgAAAlgCAYAAABtGofVAAAAAXNSR0IArs4c6QAAAARzQklUCAgI\nCHwIZIgAACAASURBVHic7N13fBz1mT/wz2xv0hb13ixbllywXLCxLbCJDbjRcQgtCRDIpQAJOQhH\nfsklXMqF4yCBXEK5Cz2ml2DAdNuAbVxwLypWsXpf7a52tWV+f6zaalfSSlppd+XP+/Xyy97RzOyM\nvmtp5pnn+zzCsp99IYKIiIiIiIiIKIpJwn0AREREREREREQTxQAHEREREREREUU9BjiIiIiIiIiI\nKOoxwEFEREREREREUY8BDiIiIiIiIiKKegxwEBEREREREVHUY4CDiIiIiIiIiKIeAxxERERERERE\nFPUY4CAiIiIiIiKiqMcABxERERERERFFPQY4iIiIiIiIiCjqMcBBRERERERERFGPAQ4iIiIiIiIi\ninoMcBARERERERFR1GOAg4iIiIiIiIiiHgMcRERERERERBT1GOAgIiIiIiIioqjHAAcRERERERER\nRT0GOIiIiIiIiIgo6jHAQURERERERERRjwEOIiIiIiIiIop6DHAQERERERERUdRjgIOIiIiIiIiI\noh4DHEREREREREQU9RjgICIiIiIiIqKoxwAHEREREREREUU9BjiIiIiIiIiIKOoxwEFERERERERE\nUY8BDiIiIiIiIiKKegxwEBEREREREVHUY4CDiIiIiIiIiKIeAxxEREREREREFPUY4CAiIiIiIiKi\nqCcL9wFEqtXz4pCTpO5/fbiyC3tKO6fs/R+4fiYkAnCosgtfnuxAVVP3lL03TQ1BAIoyYzAnU4ck\ngxJJBgUaO3pQ3+7A4aouHK+xDLutWiHFRcXxOFJlQVm9dQqPmoiIiKJRkkGJ9HgV5FIBNS121Lba\nw31IFGIcYyIGOIa1ZKYBywsM...
[debug] &amp#27;[35m[W3C (da2896bd)]&amp#27;[39m Responding to client with driver.getScreenshot() result: "iVBORw0KGgoAAAANSUhEUgAABDgAAAlgCAYAAABtGofVAAAAAXNSR0IArs4c6QAAAARzQklUCAgI\nCHwIZIgAACAASURBVHic7N13fBz1mT/wz2xv0hb13ixbllywXLCxLbCJDbjRcQgtCRDIpQAJOQhH\nfsklXMqF4yCBXEK5Cz2ml2DAdNuAbVxwLypWsXpf7a52tWV+f6zaalfSSlppd+XP+/Xyy97RzOyM\nvmtp5pnn+zzCsp99IYKIiIiIiIiIKIpJwn0AREREREREREQTxQAHEREREREREUU9BjiIiIiIiIiI\nKOoxwEFEREREREREUY8BDiIiIiIiIiKKegxwEBEREREREVHUY4CDiIiIiIiIiKIeAxxERERERERE\nFPUY4CAiIiIiIiKiqMcABxERERERERFFPQY4iIiIiIiIiCjqMcBBRERERERERFGPAQ4iIiIiIiIi\ninoMcBARERERERFR1GOAg4iIiIiIiIiiHgMcRERERERERBT1GOAgIiIiIiIioqjHAAcRERERERER\nRT0GOIiIiIiIiIgo6jHAQURERERERERRjwEOIiIiIiIiIop6DHAQERERERERUdRjgIOIiIiIiIiI\noh4DHEREREREREQU9RjgICIiIiIiIqKoxwAHEREREREREUU9BjiIiIiIiIiIKOoxwEFERERERERE\nUY8BDiIiIiIiIiKKegxwEBEREREREVHUY4CDiIiIiIiIiKIeAxxEREREREREFPUY4CAiIiIiIiKi\nqCcL9wFEqtXz4pCTpO5/fbiyC3tKO6fs/R+4fiYkAnCosgtfnuxAVVP3lL03TQ1BAIoyYzAnU4ck\ngxJJBgUaO3pQ3+7A4aouHK+xDLutWiHFRcXxOFJlQVm9dQqPmoiIiKJRkkGJ9HgV5FIBNS121Lba\nw31IFGIcYyIGOIa1ZKYBywsM/a/dHkxZgGNWmhbzsmMgAJibFYOrlifj5j8dRqfNNSXvT5Pv7stz\nsKzACI...
&amp#27;[35m[HTTP]&amp#27;[39m &amp#27;[37m<-- GET /wd/hub/session/da2896bd-438a-4f7f-9343-bd96e6f29722/screenshot &amp#27;[39m&amp#27;[32m200&amp#27;[39m &amp#27;[90m277 ms - 424058&amp#27;[39m
&amp#27;[35m[HTTP]&amp#27;[39m &amp#27;[90m&amp#27;[39m
&amp#27;[35m[HTTP]&amp#27;[39m &amp#27;[37m-->&amp#27;[39m &amp#27;[37mGET&amp#27;[39m &amp#27;[37m/wd/hub/session/da2896bd-438a-4f7f-9343-bd96e6f29722/element/00000000-0000-0aad-ffff-ffff000000d6/rect&amp#27;[39m
&amp#27;[35m[HTTP]&amp#27;[39m &amp#27;[90m{}&amp#27;[39m
&amp#27;[35m[W3C (da2896bd)]&amp#27;[39m Driver proxy active, passing request on via HTTP proxy
[debug] &amp#27;[35m[WD Proxy]&amp#27;[39m Matched '/wd/hub/session/da2896bd-438a-4f7f-9343-bd96e6f29722/element/00000000-0000-0aad-ffff-ffff000000d6/rect' to command name 'getElementRect'
[debug] &amp#27;[35m[WD Proxy]&amp#27;[39m Proxying [GET /wd/hub/session/da2896bd-438a-4f7f-9343-bd96e6f29722/element/00000000-0000-0aad-ffff-ffff000000d6/rect] to [GET http://127.0.0.1:8200/wd/hub/session/2e74e7b9-85a6-478f-8ae2-621a49ed711a/element/00000000-0000-0aad-ffff-ffff000000d6/rect] with no body
[debug] &amp#27;[35m[WD Proxy]&amp#27;[39m Got response with status 200: {"sessionId":"2e74e7b9-85a6-478f-8ae2-621a49ed711a","value":{"height":51,"width":216,"x":864,"y":2225}}
&amp#27;[35m[WD Proxy]&amp#27;[39m Replacing sessionId 2e74e7b9-85a6-478f-8ae2-621a49ed711a with da2896bd-438a-4f7f-9343-bd96e6f29722
&amp#27;[35m[HTTP]&amp#27;[39m &amp#27;[37m<-- GET /wd/hub/session/da2896bd-438a-4f7f-9343-bd96e6f29722/element/00000000-0000-0aad-ffff-ffff000000d6/rect &amp#27;[39m&amp#27;[32m200&amp#27;[39m &amp#27;[90m14 ms - 103&amp#27;[39m
&amp#27;[35m[HTTP]&amp#27;[39m &amp#27;[90m&amp#27;[39m
&amp#27;[35m[HTTP]&amp#27;[39m &amp#27;[37m-->&amp#27;[39m &amp#27;[37mGET&amp#27;[39m &amp#27;[37m/wd/hub/session/da2896bd-438a-4f7f-9343-bd96e6f29722/element/00000000-0000-0aad-ffff-ffff000000d6/rect&amp#27;[39m
&amp#27;[35m[HTTP]&amp#27;[39m &amp#27;[90m{}&amp#27;[39m
&amp#27;[35m[W3C (da2896bd)]&amp#27;[39m Driver proxy active, passing request on via HTTP proxy
[debug] &amp#27;[35m[WD Proxy]&amp#27;[39m Matched '/wd/hub/session/da2896bd-438a-4f7f-9343-bd96e6f29722/element/00000000-0000-0aad-ffff-ffff000000d6/rect' to command name 'getElementRect'
[debug] &amp#27;[35m[WD Proxy]&amp#27;[39m Proxying [GET /wd/hub/session/da2896bd-438a-4f7f-9343-bd96e6f29722/element/00000000-0000-0aad-ffff-ffff000000d6/rect] to [GET http://127.0.0.1:8200/wd/hub/session/2e74e7b9-85a6-478f-8ae2-621a49ed711a/element/00000000-0000-0aad-ffff-ffff000000d6/rect] with no body
[debug] &amp#27;[35m[WD Proxy]&amp#27;[39m Got response with status 200: {"sessionId":"2e74e7b9-85a6-478f-8ae2-621a49ed711a","value":{"height":51,"width":216,"x":864,"y":2225}}
&amp#27;[35m[WD Proxy]&amp#27;[39m Replacing sessionId 2e74e7b9-85a6-478f-8ae2-621a49ed711a with da2896bd-438a-4f7f-9343-bd96e6f29722
&amp#27;[35m[HTTP]&amp#27;[39m &amp#27;[37m<-- GET /wd/hub/session/da2896bd-438a-4f7f-9343-bd96e6f29722/element/00000000-0000-0aad-ffff-ffff000000d6/rect &amp#27;[39m&amp#27;[32m200&amp#27;[39m &amp#27;[90m8 ms - 103&amp#27;[39m
&amp#27;[35m[HTTP]&amp#27;[39m &amp#27;[90m&amp#27;[39m
2023-05-28 09:15:41  &amp#27;[34m&amp#27;[0;39mINFO  &amp#27;[35m[main]&amp#27;[0;39m &amp#27;[33mtop.testeru.page.AppBasePage.ElementScreenBase(AppBasePage.java:211)&amp#27;[0;39m -- location=$(864, 2225) size=$(216, 51) x=$864 y=$2225 width=$216 height=$51
&amp#27;[35m[HTTP]&amp#27;[39m &amp#27;[37m-->&amp#27;[39m &amp#27;[37mPOST&amp#27;[39m &amp#27;[37m/wd/hub/session/da2896bd-438a-4f7f-9343-bd96e6f29722/element/00000000-0000-0aad-ffff-ffff000000d6/click&amp#27;[39m
&amp#27;[35m[HTTP]&amp#27;[39m &amp#27;[90m{"id":"00000000-0000-0aad-ffff-ffff000000d6"}&amp#27;[39m
[debug] &amp#27;[35m[W3C (da2896bd)]&amp#27;[39m Calling AppiumDriver.click() with args: ["00000000-0000-0aad-ffff-ffff000000d6","da2896bd-438a-4f7f-9343-bd96e6f29722"]
[debug] &amp#27;[35m[WD Proxy]&amp#27;[39m Matched '/element/00000000-0000-0aad-ffff-ffff000000d6/click' to command name 'click'
[debug] &amp#27;[35m[WD Proxy]&amp#27;[39m Proxying [POST /element/00000000-0000-0aad-ffff-ffff000000d6/click] to [POST http://127.0.0.1:8200/wd/hub/session/2e74e7b9-85a6-478f-8ae2-621a49ed711a/element/00000000-0000-0aad-ffff-ffff000000d6/click] with body: {"element":"00000000-0000-0aad-ffff-ffff000000d6"}
[debug] &amp#27;[35m[WD Proxy]&amp#27;[39m Got response with status 200: {"sessionId":"2e74e7b9-85a6-478f-8ae2-621a49ed711a","value":null}
[debug] &amp#27;[35m[W3C (da2896bd)]&amp#27;[39m Responding to client with driver.click() result: null
&amp#27;[35m[HTTP]&amp#27;[39m &amp#27;[37m<-- POST /wd/hub/session/da2896bd-438a-4f7f-9343-bd96e6f29722/element/00000000-0000-0aad-ffff-ffff000000d6/click &amp#27;[39m&amp#27;[32m200&amp#27;[39m &amp#27;[90m38 ms - 14&amp#27;[39m
&amp#27;[35m[HTTP]&amp#27;[39m &amp#27;[90m&amp#27;[39m
&amp#27;[35m[HTTP]&amp#27;[39m &amp#27;[37m-->&amp#27;[39m &amp#27;[37mGET&amp#27;[39m &amp#27;[37m/wd/hub/session/da2896bd-438a-4f7f-9343-bd96e6f29722/source&amp#27;[39m
&amp#27;[35m[HTTP]&amp#27;[39m &amp#27;[90m{}&amp#27;[39m
&amp#27;[35m[W3C (da2896bd)]&amp#27;[39m Driver proxy active, passing request on via HTTP proxy
[debug] &amp#27;[35m[WD Proxy]&amp#27;[39m Matched '/wd/hub/session/da2896bd-438a-4f7f-9343-bd96e6f29722/source' to command name 'getPageSource'
[debug] &amp#27;[35m[WD Proxy]&amp#27;[39m Proxying [GET /wd/hub/session/da2896bd-438a-4f7f-9343-bd96e6f29722/source] to [GET http://127.0.0.1:8200/wd/hub/session/2e74e7b9-85a6-478f-8ae2-621a49ed711a/source] with no body
[debug] &amp#27;[35m[WD Proxy]&amp#27;[39m Got response with status 200: {"sessionId":"2e74e7b9-85a6-478f-8ae2-621a49ed711a","value":"<?xml version='1.0' encoding='UTF-8' standalone='yes' ?>\r\n<hierarchy index=\"0\" class=\"hierarchy\" rotation=\"0\" width=\"1080\" height=\"2276\">\r\n  <android.widget.FrameLayout index=\"0\" package=\"com.tencent.wework\" class=\"android.widget.FrameLayout\" text=\"\" checkable=\"false\" checked=\"false\" clickable=\"false\" enabled=\"true\" focusable=\"false\" focused=\"false\" long-clickable=\"false\" password=\"false\" scrollable=\"false\" selected=\"false\" bounds=\"[0,0][1080,2276]\" displayed=\"true\">\r\n    <android.widget.LinearLayout index=\"0\" package=\"com.tencent.wework\" class=\"android.widget.LinearLayout\" text=\"\" checkable=\"false\" checked=\"false\" clickable=\"false\" enabled=\"true\" focusable=\"false\" focused=\"false\" long-clickable=\"false\" password=\"false\" scrollable=\"false\" selected=\"false\" bounds=\"[0,0][1080,2276]\" displayed=\"true\">\r\n      <android.widget.FrameLayout index=\"0\" package=\"com.tencent...
&amp#27;[35m[WD Proxy]&amp#27;[39m Replacing sessionId 2e74e7b9-85a6-478f-8ae2-621a49ed711a with da2896bd-438a-4f7f-9343-bd96e6f29722
&amp#27;[35m[HTTP]&amp#27;[39m &amp#27;[37m<-- GET /wd/hub/session/da2896bd-438a-4f7f-9343-bd96e6f29722/source &amp#27;[39m&amp#27;[32m200&amp#27;[39m &amp#27;[90m1480 ms - 57977&amp#27;[39m
&amp#27;[35m[HTTP]&amp#27;[39m &amp#27;[90m&amp#27;[39m
&amp#27;[35m[HTTP]&amp#27;[39m &amp#27;[37m-->&amp#27;[39m &amp#27;[37mPOST&amp#27;[39m &amp#27;[37m/wd/hub/session/da2896bd-438a-4f7f-9343-bd96e6f29722/element&amp#27;[39m
&amp#27;[35m[HTTP]&amp#27;[39m &amp#27;[90m{"using":"css selector","value":"[text=\"添加成员\"]"}&amp#27;[39m
[debug] &amp#27;[35m[W3C (da2896bd)]&amp#27;[39m Calling AppiumDriver.findElement() with args: ["css selector","[text=\"添加成员\"]","da2896bd-438a-4f7f-9343-bd96e6f29722"]
[debug] &amp#27;[35m[BaseDriver]&amp#27;[39m Valid locator strategies for this request: xpath, id, class name, accessibility id, css selector, -android uiautomator
[debug] &amp#27;[35m[BaseDriver]&amp#27;[39m Waiting up to 20000 ms for condition
[debug] &amp#27;[35m[WD Proxy]&amp#27;[39m Matched '/element' to command name 'findElement'
[debug] &amp#27;[35m[WD Proxy]&amp#27;[39m Proxying [POST /element] to [POST http://127.0.0.1:8200/wd/hub/session/2e74e7b9-85a6-478f-8ae2-621a49ed711a/element] with body: {"strategy":"-android uiautomator","selector":"new UiSelector().text(\"添加成员\")","context":"","multiple":false}
&amp#27;[35m[WD Proxy]&amp#27;[39m Got response with status 404: {"sessionId":"2e74e7b9-85a6-478f-8ae2-621a49ed711a","value":{"error":"no such element","message":"An element could not be located on the page using the given search parameters","stacktrace":"io.appium.uiautomator2.common.exceptions.ElementNotFoundException: An element could not be located on the page using the given search parameters\n\tat io.appium.uiautomator2.handler.FindElement.safeHandle(FindElement.java:70)\n\tat io.appium.uiautomator2.handler.request.SafeRequestHandler.handle(SafeRequestHandler.java:59)\n\tat io.appium.uiautomator2.server.AppiumServlet.handleRequest(AppiumServlet.java:266)\n\tat io.appium.uiautomator2.server.AppiumServlet.handleHttpRequest(AppiumServlet.java:260)\n\tat io.appium.uiautomator2.http.ServerHandler.channelRead(ServerHandler.java:68)\n\tat io.netty.channel.AbstractChannelHandlerContext.invokeChannelRead(AbstractChannelHandlerContext.java:366)\n\tat io.netty.channel.AbstractChannelHandlerContext.invokeChannelRead(AbstractChannelHandlerContext.java:352)\n\tat io.netty.chann...
[debug] &amp#27;[35m[W3C]&amp#27;[39m Matched W3C error code 'no such element' to NoSuchElementError
[debug] &amp#27;[35m[BaseDriver]&amp#27;[39m Waited for 44 ms so far
[debug] &amp#27;[35m[WD Proxy]&amp#27;[39m Matched '/element' to command name 'findElement'
[debug] &amp#27;[35m[WD Proxy]&amp#27;[39m Proxying [POST /element] to [POST http://127.0.0.1:8200/wd/hub/session/2e74e7b9-85a6-478f-8ae2-621a49ed711a/element] with body: {"strategy":"-android uiautomator","selector":"new UiSelector().text(\"添加成员\")","context":"","multiple":false}
&amp#27;[35m[WD Proxy]&amp#27;[39m Got response with status 404: {"sessionId":"2e74e7b9-85a6-478f-8ae2-621a49ed711a","value":{"error":"no such element","message":"An element could not be located on the page using the given search parameters","stacktrace":"io.appium.uiautomator2.common.exceptions.ElementNotFoundException: An element could not be located on the page using the given search parameters\n\tat io.appium.uiautomator2.handler.FindElement.safeHandle(FindElement.java:70)\n\tat io.appium.uiautomator2.handler.request.SafeRequestHandler.handle(SafeRequestHandler.java:59)\n\tat io.appium.uiautomator2.server.AppiumServlet.handleRequest(AppiumServlet.java:266)\n\tat io.appium.uiautomator2.server.AppiumServlet.handleHttpRequest(AppiumServlet.java:260)\n\tat io.appium.uiautomator2.http.ServerHandler.channelRead(ServerHandler.java:68)\n\tat io.netty.channel.AbstractChannelHandlerContext.invokeChannelRead(AbstractChannelHandlerContext.java:366)\n\tat io.netty.channel.AbstractChannelHandlerContext.invokeChannelRead(AbstractChannelHandlerContext.java:352)\n\tat io.netty.chann...
[debug] &amp#27;[35m[W3C]&amp#27;[39m Matched W3C error code 'no such element' to NoSuchElementError
[debug] &amp#27;[35m[BaseDriver]&amp#27;[39m Waited for 598 ms so far
[debug] &amp#27;[35m[WD Proxy]&amp#27;[39m Matched '/element' to command name 'findElement'
[debug] &amp#27;[35m[WD Proxy]&amp#27;[39m Proxying [POST /element] to [POST http://127.0.0.1:8200/wd/hub/session/2e74e7b9-85a6-478f-8ae2-621a49ed711a/element] with body: {"strategy":"-android uiautomator","selector":"new UiSelector().text(\"添加成员\")","context":"","multiple":false}
&amp#27;[35m[WD Proxy]&amp#27;[39m Got response with status 404: {"sessionId":"2e74e7b9-85a6-478f-8ae2-621a49ed711a","value":{"error":"no such element","message":"An element could not be located on the page using the given search parameters","stacktrace":"io.appium.uiautomator2.common.exceptions.ElementNotFoundException: An element could not be located on the page using the given search parameters\n\tat io.appium.uiautomator2.handler.FindElement.safeHandle(FindElement.java:70)\n\tat io.appium.uiautomator2.handler.request.SafeRequestHandler.handle(SafeRequestHandler.java:59)\n\tat io.appium.uiautomator2.server.AppiumServlet.handleRequest(AppiumServlet.java:266)\n\tat io.appium.uiautomator2.server.AppiumServlet.handleHttpRequest(AppiumServlet.java:260)\n\tat io.appium.uiautomator2.http.ServerHandler.channelRead(ServerHandler.java:68)\n\tat io.netty.channel.AbstractChannelHandlerContext.invokeChannelRead(AbstractChannelHandlerContext.java:366)\n\tat io.netty.channel.AbstractChannelHandlerContext.invokeChannelRead(AbstractChannelHandlerContext.java:352)\n\tat io.netty.chann...
[debug] &amp#27;[35m[W3C]&amp#27;[39m Matched W3C error code 'no such element' to NoSuchElementError
[debug] &amp#27;[35m[BaseDriver]&amp#27;[39m Waited for 1144 ms so far
[debug] &amp#27;[35m[WD Proxy]&amp#27;[39m Matched '/element' to command name 'findElement'
[debug] &amp#27;[35m[WD Proxy]&amp#27;[39m Proxying [POST /element] to [POST http://127.0.0.1:8200/wd/hub/session/2e74e7b9-85a6-478f-8ae2-621a49ed711a/element] with body: {"strategy":"-android uiautomator","selector":"new UiSelector().text(\"添加成员\")","context":"","multiple":false}
&amp#27;[35m[WD Proxy]&amp#27;[39m Got response with status 404: {"sessionId":"2e74e7b9-85a6-478f-8ae2-621a49ed711a","value":{"error":"no such element","message":"An element could not be located on the page using the given search parameters","stacktrace":"io.appium.uiautomator2.common.exceptions.ElementNotFoundException: An element could not be located on the page using the given search parameters\n\tat io.appium.uiautomator2.handler.FindElement.safeHandle(FindElement.java:70)\n\tat io.appium.uiautomator2.handler.request.SafeRequestHandler.handle(SafeRequestHandler.java:59)\n\tat io.appium.uiautomator2.server.AppiumServlet.handleRequest(AppiumServlet.java:266)\n\tat io.appium.uiautomator2.server.AppiumServlet.handleHttpRequest(AppiumServlet.java:260)\n\tat io.appium.uiautomator2.http.ServerHandler.channelRead(ServerHandler.java:68)\n\tat io.netty.channel.AbstractChannelHandlerContext.invokeChannelRead(AbstractChannelHandlerContext.java:366)\n\tat io.netty.channel.AbstractChannelHandlerContext.invokeChannelRead(AbstractChannelHandlerContext.java:352)\n\tat io.netty.chann...
[debug] &amp#27;[35m[W3C]&amp#27;[39m Matched W3C error code 'no such element' to NoSuchElementError
[debug] &amp#27;[35m[BaseDriver]&amp#27;[39m Waited for 1696 ms so far
[debug] &amp#27;[35m[WD Proxy]&amp#27;[39m Matched '/element' to command name 'findElement'
[debug] &amp#27;[35m[WD Proxy]&amp#27;[39m Proxying [POST /element] to [POST http://127.0.0.1:8200/wd/hub/session/2e74e7b9-85a6-478f-8ae2-621a49ed711a/element] with body: {"strategy":"-android uiautomator","selector":"new UiSelector().text(\"添加成员\")","context":"","multiple":false}
&amp#27;[35m[WD Proxy]&amp#27;[39m Got response with status 404: {"sessionId":"2e74e7b9-85a6-478f-8ae2-621a49ed711a","value":{"error":"no such element","message":"An element could not be located on the page using the given search parameters","stacktrace":"io.appium.uiautomator2.common.exceptions.ElementNotFoundException: An element could not be located on the page using the given search parameters\n\tat io.appium.uiautomator2.handler.FindElement.safeHandle(FindElement.java:70)\n\tat io.appium.uiautomator2.handler.request.SafeRequestHandler.handle(SafeRequestHandler.java:59)\n\tat io.appium.uiautomator2.server.AppiumServlet.handleRequest(AppiumServlet.java:266)\n\tat io.appium.uiautomator2.server.AppiumServlet.handleHttpRequest(AppiumServlet.java:260)\n\tat io.appium.uiautomator2.http.ServerHandler.channelRead(ServerHandler.java:68)\n\tat io.netty.channel.AbstractChannelHandlerContext.invokeChannelRead(AbstractChannelHandlerContext.java:366)\n\tat io.netty.channel.AbstractChannelHandlerContext.invokeChannelRead(AbstractChannelHandlerContext.java:352)\n\tat io.netty.chann...
[debug] &amp#27;[35m[W3C]&amp#27;[39m Matched W3C error code 'no such element' to NoSuchElementError
[debug] &amp#27;[35m[BaseDriver]&amp#27;[39m Waited for 2247 ms so far
[debug] &amp#27;[35m[WD Proxy]&amp#27;[39m Matched '/element' to command name 'findElement'
[debug] &amp#27;[35m[WD Proxy]&amp#27;[39m Proxying [POST /element] to [POST http://127.0.0.1:8200/wd/hub/session/2e74e7b9-85a6-478f-8ae2-621a49ed711a/element] with body: {"strategy":"-android uiautomator","selector":"new UiSelector().text(\"添加成员\")","context":"","multiple":false}
&amp#27;[35m[WD Proxy]&amp#27;[39m Got response with status 404: {"sessionId":"2e74e7b9-85a6-478f-8ae2-621a49ed711a","value":{"error":"no such element","message":"An element could not be located on the page using the given search parameters","stacktrace":"io.appium.uiautomator2.common.exceptions.ElementNotFoundException: An element could not be located on the page using the given search parameters\n\tat io.appium.uiautomator2.handler.FindElement.safeHandle(FindElement.java:70)\n\tat io.appium.uiautomator2.handler.request.SafeRequestHandler.handle(SafeRequestHandler.java:59)\n\tat io.appium.uiautomator2.server.AppiumServlet.handleRequest(AppiumServlet.java:266)\n\tat io.appium.uiautomator2.server.AppiumServlet.handleHttpRequest(AppiumServlet.java:260)\n\tat io.appium.uiautomator2.http.ServerHandler.channelRead(ServerHandler.java:68)\n\tat io.netty.channel.AbstractChannelHandlerContext.invokeChannelRead(AbstractChannelHandlerContext.java:366)\n\tat io.netty.channel.AbstractChannelHandlerContext.invokeChannelRead(AbstractChannelHandlerContext.java:352)\n\tat io.netty.chann...
[debug] &amp#27;[35m[W3C]&amp#27;[39m Matched W3C error code 'no such element' to NoSuchElementError
[debug] &amp#27;[35m[BaseDriver]&amp#27;[39m Waited for 2800 ms so far
[debug] &amp#27;[35m[WD Proxy]&amp#27;[39m Matched '/element' to command name 'findElement'
[debug] &amp#27;[35m[WD Proxy]&amp#27;[39m Proxying [POST /element] to [POST http://127.0.0.1:8200/wd/hub/session/2e74e7b9-85a6-478f-8ae2-621a49ed711a/element] with body: {"strategy":"-android uiautomator","selector":"new UiSelector().text(\"添加成员\")","context":"","multiple":false}
&amp#27;[35m[WD Proxy]&amp#27;[39m Got response with status 404: {"sessionId":"2e74e7b9-85a6-478f-8ae2-621a49ed711a","value":{"error":"no such element","message":"An element could not be located on the page using the given search parameters","stacktrace":"io.appium.uiautomator2.common.exceptions.ElementNotFoundException: An element could not be located on the page using the given search parameters\n\tat io.appium.uiautomator2.handler.FindElement.safeHandle(FindElement.java:70)\n\tat io.appium.uiautomator2.handler.request.SafeRequestHandler.handle(SafeRequestHandler.java:59)\n\tat io.appium.uiautomator2.server.AppiumServlet.handleRequest(AppiumServlet.java:266)\n\tat io.appium.uiautomator2.server.AppiumServlet.handleHttpRequest(AppiumServlet.java:260)\n\tat io.appium.uiautomator2.http.ServerHandler.channelRead(ServerHandler.java:68)\n\tat io.netty.channel.AbstractChannelHandlerContext.invokeChannelRead(AbstractChannelHandlerContext.java:366)\n\tat io.netty.channel.AbstractChannelHandlerContext.invokeChannelRead(AbstractChannelHandlerContext.java:352)\n\tat io.netty.chann...
[debug] &amp#27;[35m[W3C]&amp#27;[39m Matched W3C error code 'no such element' to NoSuchElementError
[debug] &amp#27;[35m[BaseDriver]&amp#27;[39m Waited for 3350 ms so far
[debug] &amp#27;[35m[WD Proxy]&amp#27;[39m Matched '/element' to command name 'findElement'
[debug] &amp#27;[35m[WD Proxy]&amp#27;[39m Proxying [POST /element] to [POST http://127.0.0.1:8200/wd/hub/session/2e74e7b9-85a6-478f-8ae2-621a49ed711a/element] with body: {"strategy":"-android uiautomator","selector":"new UiSelector().text(\"添加成员\")","context":"","multiple":false}
&amp#27;[35m[WD Proxy]&amp#27;[39m Got response with status 404: {"sessionId":"2e74e7b9-85a6-478f-8ae2-621a49ed711a","value":{"error":"no such element","message":"An element could not be located on the page using the given search parameters","stacktrace":"io.appium.uiautomator2.common.exceptions.ElementNotFoundException: An element could not be located on the page using the given search parameters\n\tat io.appium.uiautomator2.handler.FindElement.safeHandle(FindElement.java:70)\n\tat io.appium.uiautomator2.handler.request.SafeRequestHandler.handle(SafeRequestHandler.java:59)\n\tat io.appium.uiautomator2.server.AppiumServlet.handleRequest(AppiumServlet.java:266)\n\tat io.appium.uiautomator2.server.AppiumServlet.handleHttpRequest(AppiumServlet.java:260)\n\tat io.appium.uiautomator2.http.ServerHandler.channelRead(ServerHandler.java:68)\n\tat io.netty.channel.AbstractChannelHandlerContext.invokeChannelRead(AbstractChannelHandlerContext.java:366)\n\tat io.netty.channel.AbstractChannelHandlerContext.invokeChannelRead(AbstractChannelHandlerContext.java:352)\n\tat io.netty.chann...
[debug] &amp#27;[35m[W3C]&amp#27;[39m Matched W3C error code 'no such element' to NoSuchElementError
[debug] &amp#27;[35m[BaseDriver]&amp#27;[39m Waited for 3896 ms so far
[debug] &amp#27;[35m[WD Proxy]&amp#27;[39m Matched '/element' to command name 'findElement'
[debug] &amp#27;[35m[WD Proxy]&amp#27;[39m Proxying [POST /element] to [POST http://127.0.0.1:8200/wd/hub/session/2e74e7b9-85a6-478f-8ae2-621a49ed711a/element] with body: {"strategy":"-android uiautomator","selector":"new UiSelector().text(\"添加成员\")","context":"","multiple":false}
&amp#27;[35m[WD Proxy]&amp#27;[39m Got response with status 404: {"sessionId":"2e74e7b9-85a6-478f-8ae2-621a49ed711a","value":{"error":"no such element","message":"An element could not be located on the page using the given search parameters","stacktrace":"io.appium.uiautomator2.common.exceptions.ElementNotFoundException: An element could not be located on the page using the given search parameters\n\tat io.appium.uiautomator2.handler.FindElement.safeHandle(FindElement.java:70)\n\tat io.appium.uiautomator2.handler.request.SafeRequestHandler.handle(SafeRequestHandler.java:59)\n\tat io.appium.uiautomator2.server.AppiumServlet.handleRequest(AppiumServlet.java:266)\n\tat io.appium.uiautomator2.server.AppiumServlet.handleHttpRequest(AppiumServlet.java:260)\n\tat io.appium.uiautomator2.http.ServerHandler.channelRead(ServerHandler.java:68)\n\tat io.netty.channel.AbstractChannelHandlerContext.invokeChannelRead(AbstractChannelHandlerContext.java:366)\n\tat io.netty.channel.AbstractChannelHandlerContext.invokeChannelRead(AbstractChannelHandlerContext.java:352)\n\tat io.netty.chann...
[debug] &amp#27;[35m[W3C]&amp#27;[39m Matched W3C error code 'no such element' to NoSuchElementError
[debug] &amp#27;[35m[BaseDriver]&amp#27;[39m Waited for 4446 ms so far
[debug] &amp#27;[35m[WD Proxy]&amp#27;[39m Matched '/element' to command name 'findElement'
[debug] &amp#27;[35m[WD Proxy]&amp#27;[39m Proxying [POST /element] to [POST http://127.0.0.1:8200/wd/hub/session/2e74e7b9-85a6-478f-8ae2-621a49ed711a/element] with body: {"strategy":"-android uiautomator","selector":"new UiSelector().text(\"添加成员\")","context":"","multiple":false}
&amp#27;[35m[WD Proxy]&amp#27;[39m Got response with status 404: {"sessionId":"2e74e7b9-85a6-478f-8ae2-621a49ed711a","value":{"error":"no such element","message":"An element could not be located on the page using the given search parameters","stacktrace":"io.appium.uiautomator2.common.exceptions.ElementNotFoundException: An element could not be located on the page using the given search parameters\n\tat io.appium.uiautomator2.handler.FindElement.safeHandle(FindElement.java:70)\n\tat io.appium.uiautomator2.handler.request.SafeRequestHandler.handle(SafeRequestHandler.java:59)\n\tat io.appium.uiautomator2.server.AppiumServlet.handleRequest(AppiumServlet.java:266)\n\tat io.appium.uiautomator2.server.AppiumServlet.handleHttpRequest(AppiumServlet.java:260)\n\tat io.appium.uiautomator2.http.ServerHandler.channelRead(ServerHandler.java:68)\n\tat io.netty.channel.AbstractChannelHandlerContext.invokeChannelRead(AbstractChannelHandlerContext.java:366)\n\tat io.netty.channel.AbstractChannelHandlerContext.invokeChannelRead(AbstractChannelHandlerContext.java:352)\n\tat io.netty.chann...
[debug] &amp#27;[35m[W3C]&amp#27;[39m Matched W3C error code 'no such element' to NoSuchElementError
[debug] &amp#27;[35m[BaseDriver]&amp#27;[39m Waited for 4997 ms so far
[debug] &amp#27;[35m[WD Proxy]&amp#27;[39m Matched '/element' to command name 'findElement'
[debug] &amp#27;[35m[WD Proxy]&amp#27;[39m Proxying [POST /element] to [POST http://127.0.0.1:8200/wd/hub/session/2e74e7b9-85a6-478f-8ae2-621a49ed711a/element] with body: {"strategy":"-android uiautomator","selector":"new UiSelector().text(\"添加成员\")","context":"","multiple":false}
&amp#27;[35m[WD Proxy]&amp#27;[39m Got response with status 404: {"sessionId":"2e74e7b9-85a6-478f-8ae2-621a49ed711a","value":{"error":"no such element","message":"An element could not be located on the page using the given search parameters","stacktrace":"io.appium.uiautomator2.common.exceptions.ElementNotFoundException: An element could not be located on the page using the given search parameters\n\tat io.appium.uiautomator2.handler.FindElement.safeHandle(FindElement.java:70)\n\tat io.appium.uiautomator2.handler.request.SafeRequestHandler.handle(SafeRequestHandler.java:59)\n\tat io.appium.uiautomator2.server.AppiumServlet.handleRequest(AppiumServlet.java:266)\n\tat io.appium.uiautomator2.server.AppiumServlet.handleHttpRequest(AppiumServlet.java:260)\n\tat io.appium.uiautomator2.http.ServerHandler.channelRead(ServerHandler.java:68)\n\tat io.netty.channel.AbstractChannelHandlerContext.invokeChannelRead(AbstractChannelHandlerContext.java:366)\n\tat io.netty.channel.AbstractChannelHandlerContext.invokeChannelRead(AbstractChannelHandlerContext.java:352)\n\tat io.netty.chann...
[debug] &amp#27;[35m[W3C]&amp#27;[39m Matched W3C error code 'no such element' to NoSuchElementError
[debug] &amp#27;[35m[BaseDriver]&amp#27;[39m Waited for 6077 ms so far
[debug] &amp#27;[35m[WD Proxy]&amp#27;[39m Matched '/element' to command name 'findElement'
[debug] &amp#27;[35m[WD Proxy]&amp#27;[39m Proxying [POST /element] to [POST http://127.0.0.1:8200/wd/hub/session/2e74e7b9-85a6-478f-8ae2-621a49ed711a/element] with body: {"strategy":"-android uiautomator","selector":"new UiSelector().text(\"添加成员\")","context":"","multiple":false}
&amp#27;[35m[WD Proxy]&amp#27;[39m Got response with status 404: {"sessionId":"2e74e7b9-85a6-478f-8ae2-621a49ed711a","value":{"error":"no such element","message":"An element could not be located on the page using the given search parameters","stacktrace":"io.appium.uiautomator2.common.exceptions.ElementNotFoundException: An element could not be located on the page using the given search parameters\n\tat io.appium.uiautomator2.handler.FindElement.safeHandle(FindElement.java:70)\n\tat io.appium.uiautomator2.handler.request.SafeRequestHandler.handle(SafeRequestHandler.java:59)\n\tat io.appium.uiautomator2.server.AppiumServlet.handleRequest(AppiumServlet.java:266)\n\tat io.appium.uiautomator2.server.AppiumServlet.handleHttpRequest(AppiumServlet.java:260)\n\tat io.appium.uiautomator2.http.ServerHandler.channelRead(ServerHandler.java:68)\n\tat io.netty.channel.AbstractChannelHandlerContext.invokeChannelRead(AbstractChannelHandlerContext.java:366)\n\tat io.netty.channel.AbstractChannelHandlerContext.invokeChannelRead(AbstractChannelHandlerContext.java:352)\n\tat io.netty.chann...
[debug] &amp#27;[35m[W3C]&amp#27;[39m Matched W3C error code 'no such element' to NoSuchElementError
[debug] &amp#27;[35m[BaseDriver]&amp#27;[39m Waited for 6623 ms so far
[debug] &amp#27;[35m[WD Proxy]&amp#27;[39m Matched '/element' to command name 'findElement'
[debug] &amp#27;[35m[WD Proxy]&amp#27;[39m Proxying [POST /element] to [POST http://127.0.0.1:8200/wd/hub/session/2e74e7b9-85a6-478f-8ae2-621a49ed711a/element] with body: {"strategy":"-android uiautomator","selector":"new UiSelector().text(\"添加成员\")","context":"","multiple":false}
&amp#27;[35m[WD Proxy]&amp#27;[39m Got response with status 404: {"sessionId":"2e74e7b9-85a6-478f-8ae2-621a49ed711a","value":{"error":"no such element","message":"An element could not be located on the page using the given search parameters","stacktrace":"io.appium.uiautomator2.common.exceptions.ElementNotFoundException: An element could not be located on the page using the given search parameters\n\tat io.appium.uiautomator2.handler.FindElement.safeHandle(FindElement.java:70)\n\tat io.appium.uiautomator2.handler.request.SafeRequestHandler.handle(SafeRequestHandler.java:59)\n\tat io.appium.uiautomator2.server.AppiumServlet.handleRequest(AppiumServlet.java:266)\n\tat io.appium.uiautomator2.server.AppiumServlet.handleHttpRequest(AppiumServlet.java:260)\n\tat io.appium.uiautomator2.http.ServerHandler.channelRead(ServerHandler.java:68)\n\tat io.netty.channel.AbstractChannelHandlerContext.invokeChannelRead(AbstractChannelHandlerContext.java:366)\n\tat io.netty.channel.AbstractChannelHandlerContext.invokeChannelRead(AbstractChannelHandlerContext.java:352)\n\tat io.netty.chann...
[debug] &amp#27;[35m[W3C]&amp#27;[39m Matched W3C error code 'no such element' to NoSuchElementError
[debug] &amp#27;[35m[BaseDriver]&amp#27;[39m Waited for 7769 ms so far
[debug] &amp#27;[35m[WD Proxy]&amp#27;[39m Matched '/element' to command name 'findElement'
[debug] &amp#27;[35m[WD Proxy]&amp#27;[39m Proxying [POST /element] to [POST http://127.0.0.1:8200/wd/hub/session/2e74e7b9-85a6-478f-8ae2-621a49ed711a/element] with body: {"strategy":"-android uiautomator","selector":"new UiSelector().text(\"添加成员\")","context":"","multiple":false}
&amp#27;[35m[WD Proxy]&amp#27;[39m Got response with status 404: {"sessionId":"2e74e7b9-85a6-478f-8ae2-621a49ed711a","value":{"error":"no such element","message":"An element could not be located on the page using the given search parameters","stacktrace":"io.appium.uiautomator2.common.exceptions.ElementNotFoundException: An element could not be located on the page using the given search parameters\n\tat io.appium.uiautomator2.handler.FindElement.safeHandle(FindElement.java:70)\n\tat io.appium.uiautomator2.handler.request.SafeRequestHandler.handle(SafeRequestHandler.java:59)\n\tat io.appium.uiautomator2.server.AppiumServlet.handleRequest(AppiumServlet.java:266)\n\tat io.appium.uiautomator2.server.AppiumServlet.handleHttpRequest(AppiumServlet.java:260)\n\tat io.appium.uiautomator2.http.ServerHandler.channelRead(ServerHandler.java:68)\n\tat io.netty.channel.AbstractChannelHandlerContext.invokeChannelRead(AbstractChannelHandlerContext.java:366)\n\tat io.netty.channel.AbstractChannelHandlerContext.invokeChannelRead(AbstractChannelHandlerContext.java:352)\n\tat io.netty.chann...
[debug] &amp#27;[35m[W3C]&amp#27;[39m Matched W3C error code 'no such element' to NoSuchElementError
[debug] &amp#27;[35m[BaseDriver]&amp#27;[39m Waited for 8318 ms so far
[debug] &amp#27;[35m[WD Proxy]&amp#27;[39m Matched '/element' to command name 'findElement'
[debug] &amp#27;[35m[WD Proxy]&amp#27;[39m Proxying [POST /element] to [POST http://127.0.0.1:8200/wd/hub/session/2e74e7b9-85a6-478f-8ae2-621a49ed711a/element] with body: {"strategy":"-android uiautomator","selector":"new UiSelector().text(\"添加成员\")","context":"","multiple":false}
&amp#27;[35m[WD Proxy]&amp#27;[39m Got response with status 404: {"sessionId":"2e74e7b9-85a6-478f-8ae2-621a49ed711a","value":{"error":"no such element","message":"An element could not be located on the page using the given search parameters","stacktrace":"io.appium.uiautomator2.common.exceptions.ElementNotFoundException: An element could not be located on the page using the given search parameters\n\tat io.appium.uiautomator2.handler.FindElement.safeHandle(FindElement.java:70)\n\tat io.appium.uiautomator2.handler.request.SafeRequestHandler.handle(SafeRequestHandler.java:59)\n\tat io.appium.uiautomator2.server.AppiumServlet.handleRequest(AppiumServlet.java:266)\n\tat io.appium.uiautomator2.server.AppiumServlet.handleHttpRequest(AppiumServlet.java:260)\n\tat io.appium.uiautomator2.http.ServerHandler.channelRead(ServerHandler.java:68)\n\tat io.netty.channel.AbstractChannelHandlerContext.invokeChannelRead(AbstractChannelHandlerContext.java:366)\n\tat io.netty.channel.AbstractChannelHandlerContext.invokeChannelRead(AbstractChannelHandlerContext.java:352)\n\tat io.netty.chann...
[debug] &amp#27;[35m[W3C]&amp#27;[39m Matched W3C error code 'no such element' to NoSuchElementError
[debug] &amp#27;[35m[BaseDriver]&amp#27;[39m Waited for 9086 ms so far
[debug] &amp#27;[35m[WD Proxy]&amp#27;[39m Matched '/element' to command name 'findElement'
[debug] &amp#27;[35m[WD Proxy]&amp#27;[39m Proxying [POST /element] to [POST http://127.0.0.1:8200/wd/hub/session/2e74e7b9-85a6-478f-8ae2-621a49ed711a/element] with body: {"strategy":"-android uiautomator","selector":"new UiSelector().text(\"添加成员\")","context":"","multiple":false}
&amp#27;[35m[WD Proxy]&amp#27;[39m Got response with status 404: {"sessionId":"2e74e7b9-85a6-478f-8ae2-621a49ed711a","value":{"error":"no such element","message":"An element could not be located on the page using the given search parameters","stacktrace":"io.appium.uiautomator2.common.exceptions.ElementNotFoundException: An element could not be located on the page using the given search parameters\n\tat io.appium.uiautomator2.handler.FindElement.safeHandle(FindElement.java:70)\n\tat io.appium.uiautomator2.handler.request.SafeRequestHandler.handle(SafeRequestHandler.java:59)\n\tat io.appium.uiautomator2.server.AppiumServlet.handleRequest(AppiumServlet.java:266)\n\tat io.appium.uiautomator2.server.AppiumServlet.handleHttpRequest(AppiumServlet.java:260)\n\tat io.appium.uiautomator2.http.ServerHandler.channelRead(ServerHandler.java:68)\n\tat io.netty.channel.AbstractChannelHandlerContext.invokeChannelRead(AbstractChannelHandlerContext.java:366)\n\tat io.netty.channel.AbstractChannelHandlerContext.invokeChannelRead(AbstractChannelHandlerContext.java:352)\n\tat io.netty.chann...
[debug] &amp#27;[35m[W3C]&amp#27;[39m Matched W3C error code 'no such element' to NoSuchElementError
[debug] &amp#27;[35m[BaseDriver]&amp#27;[39m Waited for 9633 ms so far
[debug] &amp#27;[35m[WD Proxy]&amp#27;[39m Matched '/element' to command name 'findElement'
[debug] &amp#27;[35m[WD Proxy]&amp#27;[39m Proxying [POST /element] to [POST http://127.0.0.1:8200/wd/hub/session/2e74e7b9-85a6-478f-8ae2-621a49ed711a/element] with body: {"strategy":"-android uiautomator","selector":"new UiSelector().text(\"添加成员\")","context":"","multiple":false}
&amp#27;[35m[WD Proxy]&amp#27;[39m Got response with status 404: {"sessionId":"2e74e7b9-85a6-478f-8ae2-621a49ed711a","value":{"error":"no such element","message":"An element could not be located on the page using the given search parameters","stacktrace":"io.appium.uiautomator2.common.exceptions.ElementNotFoundException: An element could not be located on the page using the given search parameters\n\tat io.appium.uiautomator2.handler.FindElement.safeHandle(FindElement.java:70)\n\tat io.appium.uiautomator2.handler.request.SafeRequestHandler.handle(SafeRequestHandler.java:59)\n\tat io.appium.uiautomator2.server.AppiumServlet.handleRequest(AppiumServlet.java:266)\n\tat io.appium.uiautomator2.server.AppiumServlet.handleHttpRequest(AppiumServlet.java:260)\n\tat io.appium.uiautomator2.http.ServerHandler.channelRead(ServerHandler.java:68)\n\tat io.netty.channel.AbstractChannelHandlerContext.invokeChannelRead(AbstractChannelHandlerContext.java:366)\n\tat io.netty.channel.AbstractChannelHandlerContext.invokeChannelRead(AbstractChannelHandlerContext.java:352)\n\tat io.netty.chann...
[debug] &amp#27;[35m[W3C]&amp#27;[39m Matched W3C error code 'no such element' to NoSuchElementError
[debug] &amp#27;[35m[BaseDriver]&amp#27;[39m Waited for 10178 ms so far
[debug] &amp#27;[35m[WD Proxy]&amp#27;[39m Matched '/element' to command name 'findElement'
[debug] &amp#27;[35m[WD Proxy]&amp#27;[39m Proxying [POST /element] to [POST http://127.0.0.1:8200/wd/hub/session/2e74e7b9-85a6-478f-8ae2-621a49ed711a/element] with body: {"strategy":"-android uiautomator","selector":"new UiSelector().text(\"添加成员\")","context":"","multiple":false}
&amp#27;[35m[WD Proxy]&amp#27;[39m Got response with status 404: {"sessionId":"2e74e7b9-85a6-478f-8ae2-621a49ed711a","value":{"error":"no such element","message":"An element could not be located on the page using the given search parameters","stacktrace":"io.appium.uiautomator2.common.exceptions.ElementNotFoundException: An element could not be located on the page using the given search parameters\n\tat io.appium.uiautomator2.handler.FindElement.safeHandle(FindElement.java:70)\n\tat io.appium.uiautomator2.handler.request.SafeRequestHandler.handle(SafeRequestHandler.java:59)\n\tat io.appium.uiautomator2.server.AppiumServlet.handleRequest(AppiumServlet.java:266)\n\tat io.appium.uiautomator2.server.AppiumServlet.handleHttpRequest(AppiumServlet.java:260)\n\tat io.appium.uiautomator2.http.ServerHandler.channelRead(ServerHandler.java:68)\n\tat io.netty.channel.AbstractChannelHandlerContext.invokeChannelRead(AbstractChannelHandlerContext.java:366)\n\tat io.netty.channel.AbstractChannelHandlerContext.invokeChannelRead(AbstractChannelHandlerContext.java:352)\n\tat io.netty.chann...
[debug] &amp#27;[35m[W3C]&amp#27;[39m Matched W3C error code 'no such element' to NoSuchElementError
[debug] &amp#27;[35m[BaseDriver]&amp#27;[39m Waited for 10723 ms so far
[debug] &amp#27;[35m[WD Proxy]&amp#27;[39m Matched '/element' to command name 'findElement'
[debug] &amp#27;[35m[WD Proxy]&amp#27;[39m Proxying [POST /element] to [POST http://127.0.0.1:8200/wd/hub/session/2e74e7b9-85a6-478f-8ae2-621a49ed711a/element] with body: {"strategy":"-android uiautomator","selector":"new UiSelector().text(\"添加成员\")","context":"","multiple":false}
&amp#27;[35m[WD Proxy]&amp#27;[39m Got response with status 404: {"sessionId":"2e74e7b9-85a6-478f-8ae2-621a49ed711a","value":{"error":"no such element","message":"An element could not be located on the page using the given search parameters","stacktrace":"io.appium.uiautomator2.common.exceptions.ElementNotFoundException: An element could not be located on the page using the given search parameters\n\tat io.appium.uiautomator2.handler.FindElement.safeHandle(FindElement.java:70)\n\tat io.appium.uiautomator2.handler.request.SafeRequestHandler.handle(SafeRequestHandler.java:59)\n\tat io.appium.uiautomator2.server.AppiumServlet.handleRequest(AppiumServlet.java:266)\n\tat io.appium.uiautomator2.server.AppiumServlet.handleHttpRequest(AppiumServlet.java:260)\n\tat io.appium.uiautomator2.http.ServerHandler.channelRead(ServerHandler.java:68)\n\tat io.netty.channel.AbstractChannelHandlerContext.invokeChannelRead(AbstractChannelHandlerContext.java:366)\n\tat io.netty.channel.AbstractChannelHandlerContext.invokeChannelRead(AbstractChannelHandlerContext.java:352)\n\tat io.netty.chann...
[debug] &amp#27;[35m[W3C]&amp#27;[39m Matched W3C error code 'no such element' to NoSuchElementError
[debug] &amp#27;[35m[BaseDriver]&amp#27;[39m Waited for 11268 ms so far
[debug] &amp#27;[35m[WD Proxy]&amp#27;[39m Matched '/element' to command name 'findElement'
[debug] &amp#27;[35m[WD Proxy]&amp#27;[39m Proxying [POST /element] to [POST http://127.0.0.1:8200/wd/hub/session/2e74e7b9-85a6-478f-8ae2-621a49ed711a/element] with body: {"strategy":"-android uiautomator","selector":"new UiSelector().text(\"添加成员\")","context":"","multiple":false}
&amp#27;[35m[WD Proxy]&amp#27;[39m Got response with status 404: {"sessionId":"2e74e7b9-85a6-478f-8ae2-621a49ed711a","value":{"error":"no such element","message":"An element could not be located on the page using the given search parameters","stacktrace":"io.appium.uiautomator2.common.exceptions.ElementNotFoundException: An element could not be located on the page using the given search parameters\n\tat io.appium.uiautomator2.handler.FindElement.safeHandle(FindElement.java:70)\n\tat io.appium.uiautomator2.handler.request.SafeRequestHandler.handle(SafeRequestHandler.java:59)\n\tat io.appium.uiautomator2.server.AppiumServlet.handleRequest(AppiumServlet.java:266)\n\tat io.appium.uiautomator2.server.AppiumServlet.handleHttpRequest(AppiumServlet.java:260)\n\tat io.appium.uiautomator2.http.ServerHandler.channelRead(ServerHandler.java:68)\n\tat io.netty.channel.AbstractChannelHandlerContext.invokeChannelRead(AbstractChannelHandlerContext.java:366)\n\tat io.netty.channel.AbstractChannelHandlerContext.invokeChannelRead(AbstractChannelHandlerContext.java:352)\n\tat io.netty.chann...
[debug] &amp#27;[35m[W3C]&amp#27;[39m Matched W3C error code 'no such element' to NoSuchElementError
[debug] &amp#27;[35m[BaseDriver]&amp#27;[39m Waited for 11814 ms so far
[debug] &amp#27;[35m[WD Proxy]&amp#27;[39m Matched '/element' to command name 'findElement'
[debug] &amp#27;[35m[WD Proxy]&amp#27;[39m Proxying [POST /element] to [POST http://127.0.0.1:8200/wd/hub/session/2e74e7b9-85a6-478f-8ae2-621a49ed711a/element] with body: {"strategy":"-android uiautomator","selector":"new UiSelector().text(\"添加成员\")","context":"","multiple":false}
&amp#27;[35m[WD Proxy]&amp#27;[39m Got response with status 404: {"sessionId":"2e74e7b9-85a6-478f-8ae2-621a49ed711a","value":{"error":"no such element","message":"An element could not be located on the page using the given search parameters","stacktrace":"io.appium.uiautomator2.common.exceptions.ElementNotFoundException: An element could not be located on the page using the given search parameters\n\tat io.appium.uiautomator2.handler.FindElement.safeHandle(FindElement.java:70)\n\tat io.appium.uiautomator2.handler.request.SafeRequestHandler.handle(SafeRequestHandler.java:59)\n\tat io.appium.uiautomator2.server.AppiumServlet.handleRequest(AppiumServlet.java:266)\n\tat io.appium.uiautomator2.server.AppiumServlet.handleHttpRequest(AppiumServlet.java:260)\n\tat io.appium.uiautomator2.http.ServerHandler.channelRead(ServerHandler.java:68)\n\tat io.netty.channel.AbstractChannelHandlerContext.invokeChannelRead(AbstractChannelHandlerContext.java:366)\n\tat io.netty.channel.AbstractChannelHandlerContext.invokeChannelRead(AbstractChannelHandlerContext.java:352)\n\tat io.netty.chann...
[debug] &amp#27;[35m[W3C]&amp#27;[39m Matched W3C error code 'no such element' to NoSuchElementError
[debug] &amp#27;[35m[BaseDriver]&amp#27;[39m Waited for 12359 ms so far
[debug] &amp#27;[35m[WD Proxy]&amp#27;[39m Matched '/element' to command name 'findElement'
[debug] &amp#27;[35m[WD Proxy]&amp#27;[39m Proxying [POST /element] to [POST http://127.0.0.1:8200/wd/hub/session/2e74e7b9-85a6-478f-8ae2-621a49ed711a/element] with body: {"strategy":"-android uiautomator","selector":"new UiSelector().text(\"添加成员\")","context":"","multiple":false}
&amp#27;[35m[WD Proxy]&amp#27;[39m Got response with status 404: {"sessionId":"2e74e7b9-85a6-478f-8ae2-621a49ed711a","value":{"error":"no such element","message":"An element could not be located on the page using the given search parameters","stacktrace":"io.appium.uiautomator2.common.exceptions.ElementNotFoundException: An element could not be located on the page using the given search parameters\n\tat io.appium.uiautomator2.handler.FindElement.safeHandle(FindElement.java:70)\n\tat io.appium.uiautomator2.handler.request.SafeRequestHandler.handle(SafeRequestHandler.java:59)\n\tat io.appium.uiautomator2.server.AppiumServlet.handleRequest(AppiumServlet.java:266)\n\tat io.appium.uiautomator2.server.AppiumServlet.handleHttpRequest(AppiumServlet.java:260)\n\tat io.appium.uiautomator2.http.ServerHandler.channelRead(ServerHandler.java:68)\n\tat io.netty.channel.AbstractChannelHandlerContext.invokeChannelRead(AbstractChannelHandlerContext.java:366)\n\tat io.netty.channel.AbstractChannelHandlerContext.invokeChannelRead(AbstractChannelHandlerContext.java:352)\n\tat io.netty.chann...
[debug] &amp#27;[35m[W3C]&amp#27;[39m Matched W3C error code 'no such element' to NoSuchElementError
[debug] &amp#27;[35m[BaseDriver]&amp#27;[39m Waited for 12908 ms so far
[debug] &amp#27;[35m[WD Proxy]&amp#27;[39m Matched '/element' to command name 'findElement'
[debug] &amp#27;[35m[WD Proxy]&amp#27;[39m Proxying [POST /element] to [POST http://127.0.0.1:8200/wd/hub/session/2e74e7b9-85a6-478f-8ae2-621a49ed711a/element] with body: {"strategy":"-android uiautomator","selector":"new UiSelector().text(\"添加成员\")","context":"","multiple":false}
&amp#27;[35m[WD Proxy]&amp#27;[39m Got response with status 404: {"sessionId":"2e74e7b9-85a6-478f-8ae2-621a49ed711a","value":{"error":"no such element","message":"An element could not be located on the page using the given search parameters","stacktrace":"io.appium.uiautomator2.common.exceptions.ElementNotFoundException: An element could not be located on the page using the given search parameters\n\tat io.appium.uiautomator2.handler.FindElement.safeHandle(FindElement.java:70)\n\tat io.appium.uiautomator2.handler.request.SafeRequestHandler.handle(SafeRequestHandler.java:59)\n\tat io.appium.uiautomator2.server.AppiumServlet.handleRequest(AppiumServlet.java:266)\n\tat io.appium.uiautomator2.server.AppiumServlet.handleHttpRequest(AppiumServlet.java:260)\n\tat io.appium.uiautomator2.http.ServerHandler.channelRead(ServerHandler.java:68)\n\tat io.netty.channel.AbstractChannelHandlerContext.invokeChannelRead(AbstractChannelHandlerContext.java:366)\n\tat io.netty.channel.AbstractChannelHandlerContext.invokeChannelRead(AbstractChannelHandlerContext.java:352)\n\tat io.netty.chann...
[debug] &amp#27;[35m[W3C]&amp#27;[39m Matched W3C error code 'no such element' to NoSuchElementError
[debug] &amp#27;[35m[BaseDriver]&amp#27;[39m Waited for 13460 ms so far
[debug] &amp#27;[35m[WD Proxy]&amp#27;[39m Matched '/element' to command name 'findElement'
[debug] &amp#27;[35m[WD Proxy]&amp#27;[39m Proxying [POST /element] to [POST http://127.0.0.1:8200/wd/hub/session/2e74e7b9-85a6-478f-8ae2-621a49ed711a/element] with body: {"strategy":"-android uiautomator","selector":"new UiSelector().text(\"添加成员\")","context":"","multiple":false}
&amp#27;[35m[WD Proxy]&amp#27;[39m Got response with status 404: {"sessionId":"2e74e7b9-85a6-478f-8ae2-621a49ed711a","value":{"error":"no such element","message":"An element could not be located on the page using the given search parameters","stacktrace":"io.appium.uiautomator2.common.exceptions.ElementNotFoundException: An element could not be located on the page using the given search parameters\n\tat io.appium.uiautomator2.handler.FindElement.safeHandle(FindElement.java:70)\n\tat io.appium.uiautomator2.handler.request.SafeRequestHandler.handle(SafeRequestHandler.java:59)\n\tat io.appium.uiautomator2.server.AppiumServlet.handleRequest(AppiumServlet.java:266)\n\tat io.appium.uiautomator2.server.AppiumServlet.handleHttpRequest(AppiumServlet.java:260)\n\tat io.appium.uiautomator2.http.ServerHandler.channelRead(ServerHandler.java:68)\n\tat io.netty.channel.AbstractChannelHandlerContext.invokeChannelRead(AbstractChannelHandlerContext.java:366)\n\tat io.netty.channel.AbstractChannelHandlerContext.invokeChannelRead(AbstractChannelHandlerContext.java:352)\n\tat io.netty.chann...
[debug] &amp#27;[35m[W3C]&amp#27;[39m Matched W3C error code 'no such element' to NoSuchElementError
[debug] &amp#27;[35m[BaseDriver]&amp#27;[39m Waited for 14004 ms so far
[debug] &amp#27;[35m[WD Proxy]&amp#27;[39m Matched '/element' to command name 'findElement'
[debug] &amp#27;[35m[WD Proxy]&amp#27;[39m Proxying [POST /element] to [POST http://127.0.0.1:8200/wd/hub/session/2e74e7b9-85a6-478f-8ae2-621a49ed711a/element] with body: {"strategy":"-android uiautomator","selector":"new UiSelector().text(\"添加成员\")","context":"","multiple":false}
&amp#27;[35m[WD Proxy]&amp#27;[39m Got response with status 404: {"sessionId":"2e74e7b9-85a6-478f-8ae2-621a49ed711a","value":{"error":"no such element","message":"An element could not be located on the page using the given search parameters","stacktrace":"io.appium.uiautomator2.common.exceptions.ElementNotFoundException: An element could not be located on the page using the given search parameters\n\tat io.appium.uiautomator2.handler.FindElement.safeHandle(FindElement.java:70)\n\tat io.appium.uiautomator2.handler.request.SafeRequestHandler.handle(SafeRequestHandler.java:59)\n\tat io.appium.uiautomator2.server.AppiumServlet.handleRequest(AppiumServlet.java:266)\n\tat io.appium.uiautomator2.server.AppiumServlet.handleHttpRequest(AppiumServlet.java:260)\n\tat io.appium.uiautomator2.http.ServerHandler.channelRead(ServerHandler.java:68)\n\tat io.netty.channel.AbstractChannelHandlerContext.invokeChannelRead(AbstractChannelHandlerContext.java:366)\n\tat io.netty.channel.AbstractChannelHandlerContext.invokeChannelRead(AbstractChannelHandlerContext.java:352)\n\tat io.netty.chann...
[debug] &amp#27;[35m[W3C]&amp#27;[39m Matched W3C error code 'no such element' to NoSuchElementError
[debug] &amp#27;[35m[BaseDriver]&amp#27;[39m Waited for 14551 ms so far
[debug] &amp#27;[35m[WD Proxy]&amp#27;[39m Matched '/element' to command name 'findElement'
[debug] &amp#27;[35m[WD Proxy]&amp#27;[39m Proxying [POST /element] to [POST http://127.0.0.1:8200/wd/hub/session/2e74e7b9-85a6-478f-8ae2-621a49ed711a/element] with body: {"strategy":"-android uiautomator","selector":"new UiSelector().text(\"添加成员\")","context":"","multiple":false}
&amp#27;[35m[WD Proxy]&amp#27;[39m Got response with status 404: {"sessionId":"2e74e7b9-85a6-478f-8ae2-621a49ed711a","value":{"error":"no such element","message":"An element could not be located on the page using the given search parameters","stacktrace":"io.appium.uiautomator2.common.exceptions.ElementNotFoundException: An element could not be located on the page using the given search parameters\n\tat io.appium.uiautomator2.handler.FindElement.safeHandle(FindElement.java:70)\n\tat io.appium.uiautomator2.handler.request.SafeRequestHandler.handle(SafeRequestHandler.java:59)\n\tat io.appium.uiautomator2.server.AppiumServlet.handleRequest(AppiumServlet.java:266)\n\tat io.appium.uiautomator2.server.AppiumServlet.handleHttpRequest(AppiumServlet.java:260)\n\tat io.appium.uiautomator2.http.ServerHandler.channelRead(ServerHandler.java:68)\n\tat io.netty.channel.AbstractChannelHandlerContext.invokeChannelRead(AbstractChannelHandlerContext.java:366)\n\tat io.netty.channel.AbstractChannelHandlerContext.invokeChannelRead(AbstractChannelHandlerContext.java:352)\n\tat io.netty.chann...
[debug] &amp#27;[35m[W3C]&amp#27;[39m Matched W3C error code 'no such element' to NoSuchElementError
[debug] &amp#27;[35m[BaseDriver]&amp#27;[39m Waited for 15095 ms so far
[debug] &amp#27;[35m[WD Proxy]&amp#27;[39m Matched '/element' to command name 'findElement'
[debug] &amp#27;[35m[WD Proxy]&amp#27;[39m Proxying [POST /element] to [POST http://127.0.0.1:8200/wd/hub/session/2e74e7b9-85a6-478f-8ae2-621a49ed711a/element] with body: {"strategy":"-android uiautomator","selector":"new UiSelector().text(\"添加成员\")","context":"","multiple":false}
&amp#27;[35m[WD Proxy]&amp#27;[39m Got response with status 404: {"sessionId":"2e74e7b9-85a6-478f-8ae2-621a49ed711a","value":{"error":"no such element","message":"An element could not be located on the page using the given search parameters","stacktrace":"io.appium.uiautomator2.common.exceptions.ElementNotFoundException: An element could not be located on the page using the given search parameters\n\tat io.appium.uiautomator2.handler.FindElement.safeHandle(FindElement.java:70)\n\tat io.appium.uiautomator2.handler.request.SafeRequestHandler.handle(SafeRequestHandler.java:59)\n\tat io.appium.uiautomator2.server.AppiumServlet.handleRequest(AppiumServlet.java:266)\n\tat io.appium.uiautomator2.server.AppiumServlet.handleHttpRequest(AppiumServlet.java:260)\n\tat io.appium.uiautomator2.http.ServerHandler.channelRead(ServerHandler.java:68)\n\tat io.netty.channel.AbstractChannelHandlerContext.invokeChannelRead(AbstractChannelHandlerContext.java:366)\n\tat io.netty.channel.AbstractChannelHandlerContext.invokeChannelRead(AbstractChannelHandlerContext.java:352)\n\tat io.netty.chann...
[debug] &amp#27;[35m[W3C]&amp#27;[39m Matched W3C error code 'no such element' to NoSuchElementError
[debug] &amp#27;[35m[BaseDriver]&amp#27;[39m Waited for 15642 ms so far
[debug] &amp#27;[35m[WD Proxy]&amp#27;[39m Matched '/element' to command name 'findElement'
[debug] &amp#27;[35m[WD Proxy]&amp#27;[39m Proxying [POST /element] to [POST http://127.0.0.1:8200/wd/hub/session/2e74e7b9-85a6-478f-8ae2-621a49ed711a/element] with body: {"strategy":"-android uiautomator","selector":"new UiSelector().text(\"添加成员\")","context":"","multiple":false}
&amp#27;[35m[WD Proxy]&amp#27;[39m Got response with status 404: {"sessionId":"2e74e7b9-85a6-478f-8ae2-621a49ed711a","value":{"error":"no such element","message":"An element could not be located on the page using the given search parameters","stacktrace":"io.appium.uiautomator2.common.exceptions.ElementNotFoundException: An element could not be located on the page using the given search parameters\n\tat io.appium.uiautomator2.handler.FindElement.safeHandle(FindElement.java:70)\n\tat io.appium.uiautomator2.handler.request.SafeRequestHandler.handle(SafeRequestHandler.java:59)\n\tat io.appium.uiautomator2.server.AppiumServlet.handleRequest(AppiumServlet.java:266)\n\tat io.appium.uiautomator2.server.AppiumServlet.handleHttpRequest(AppiumServlet.java:260)\n\tat io.appium.uiautomator2.http.ServerHandler.channelRead(ServerHandler.java:68)\n\tat io.netty.channel.AbstractChannelHandlerContext.invokeChannelRead(AbstractChannelHandlerContext.java:366)\n\tat io.netty.channel.AbstractChannelHandlerContext.invokeChannelRead(AbstractChannelHandlerContext.java:352)\n\tat io.netty.chann...
[debug] &amp#27;[35m[W3C]&amp#27;[39m Matched W3C error code 'no such element' to NoSuchElementError
[debug] &amp#27;[35m[BaseDriver]&amp#27;[39m Waited for 16388 ms so far
[debug] &amp#27;[35m[WD Proxy]&amp#27;[39m Matched '/element' to command name 'findElement'
[debug] &amp#27;[35m[WD Proxy]&amp#27;[39m Proxying [POST /element] to [POST http://127.0.0.1:8200/wd/hub/session/2e74e7b9-85a6-478f-8ae2-621a49ed711a/element] with body: {"strategy":"-android uiautomator","selector":"new UiSelector().text(\"添加成员\")","context":"","multiple":false}
&amp#27;[35m[WD Proxy]&amp#27;[39m Got response with status 404: {"sessionId":"2e74e7b9-85a6-478f-8ae2-621a49ed711a","value":{"error":"no such element","message":"An element could not be located on the page using the given search parameters","stacktrace":"io.appium.uiautomator2.common.exceptions.ElementNotFoundException: An element could not be located on the page using the given search parameters\n\tat io.appium.uiautomator2.handler.FindElement.safeHandle(FindElement.java:70)\n\tat io.appium.uiautomator2.handler.request.SafeRequestHandler.handle(SafeRequestHandler.java:59)\n\tat io.appium.uiautomator2.server.AppiumServlet.handleRequest(AppiumServlet.java:266)\n\tat io.appium.uiautomator2.server.AppiumServlet.handleHttpRequest(AppiumServlet.java:260)\n\tat io.appium.uiautomator2.http.ServerHandler.channelRead(ServerHandler.java:68)\n\tat io.netty.channel.AbstractChannelHandlerContext.invokeChannelRead(AbstractChannelHandlerContext.java:366)\n\tat io.netty.channel.AbstractChannelHandlerContext.invokeChannelRead(AbstractChannelHandlerContext.java:352)\n\tat io.netty.chann...
[debug] &amp#27;[35m[W3C]&amp#27;[39m Matched W3C error code 'no such element' to NoSuchElementError
[debug] &amp#27;[35m[BaseDriver]&amp#27;[39m Waited for 16942 ms so far
[debug] &amp#27;[35m[WD Proxy]&amp#27;[39m Matched '/element' to command name 'findElement'
[debug] &amp#27;[35m[WD Proxy]&amp#27;[39m Proxying [POST /element] to [POST http://127.0.0.1:8200/wd/hub/session/2e74e7b9-85a6-478f-8ae2-621a49ed711a/element] with body: {"strategy":"-android uiautomator","selector":"new UiSelector().text(\"添加成员\")","context":"","multiple":false}
&amp#27;[35m[WD Proxy]&amp#27;[39m Got response with status 404: {"sessionId":"2e74e7b9-85a6-478f-8ae2-621a49ed711a","value":{"error":"no such element","message":"An element could not be located on the page using the given search parameters","stacktrace":"io.appium.uiautomator2.common.exceptions.ElementNotFoundException: An element could not be located on the page using the given search parameters\n\tat io.appium.uiautomator2.handler.FindElement.safeHandle(FindElement.java:70)\n\tat io.appium.uiautomator2.handler.request.SafeRequestHandler.handle(SafeRequestHandler.java:59)\n\tat io.appium.uiautomator2.server.AppiumServlet.handleRequest(AppiumServlet.java:266)\n\tat io.appium.uiautomator2.server.AppiumServlet.handleHttpRequest(AppiumServlet.java:260)\n\tat io.appium.uiautomator2.http.ServerHandler.channelRead(ServerHandler.java:68)\n\tat io.netty.channel.AbstractChannelHandlerContext.invokeChannelRead(AbstractChannelHandlerContext.java:366)\n\tat io.netty.channel.AbstractChannelHandlerContext.invokeChannelRead(AbstractChannelHandlerContext.java:352)\n\tat io.netty.chann...
[debug] &amp#27;[35m[W3C]&amp#27;[39m Matched W3C error code 'no such element' to NoSuchElementError
[debug] &amp#27;[35m[BaseDriver]&amp#27;[39m Waited for 17605 ms so far
[debug] &amp#27;[35m[WD Proxy]&amp#27;[39m Matched '/element' to command name 'findElement'
[debug] &amp#27;[35m[WD Proxy]&amp#27;[39m Proxying [POST /element] to [POST http://127.0.0.1:8200/wd/hub/session/2e74e7b9-85a6-478f-8ae2-621a49ed711a/element] with body: {"strategy":"-android uiautomator","selector":"new UiSelector().text(\"添加成员\")","context":"","multiple":false}
&amp#27;[35m[WD Proxy]&amp#27;[39m Got response with status 404: {"sessionId":"2e74e7b9-85a6-478f-8ae2-621a49ed711a","value":{"error":"no such element","message":"An element could not be located on the page using the given search parameters","stacktrace":"io.appium.uiautomator2.common.exceptions.ElementNotFoundException: An element could not be located on the page using the given search parameters\n\tat io.appium.uiautomator2.handler.FindElement.safeHandle(FindElement.java:70)\n\tat io.appium.uiautomator2.handler.request.SafeRequestHandler.handle(SafeRequestHandler.java:59)\n\tat io.appium.uiautomator2.server.AppiumServlet.handleRequest(AppiumServlet.java:266)\n\tat io.appium.uiautomator2.server.AppiumServlet.handleHttpRequest(AppiumServlet.java:260)\n\tat io.appium.uiautomator2.http.ServerHandler.channelRead(ServerHandler.java:68)\n\tat io.netty.channel.AbstractChannelHandlerContext.invokeChannelRead(AbstractChannelHandlerContext.java:366)\n\tat io.netty.channel.AbstractChannelHandlerContext.invokeChannelRead(AbstractChannelHandlerContext.java:352)\n\tat io.netty.chann...
[debug] &amp#27;[35m[W3C]&amp#27;[39m Matched W3C error code 'no such element' to NoSuchElementError
[debug] &amp#27;[35m[BaseDriver]&amp#27;[39m Waited for 18150 ms so far
[debug] &amp#27;[35m[WD Proxy]&amp#27;[39m Matched '/element' to command name 'findElement'
[debug] &amp#27;[35m[WD Proxy]&amp#27;[39m Proxying [POST /element] to [POST http://127.0.0.1:8200/wd/hub/session/2e74e7b9-85a6-478f-8ae2-621a49ed711a/element] with body: {"strategy":"-android uiautomator","selector":"new UiSelector().text(\"添加成员\")","context":"","multiple":false}
&amp#27;[35m[WD Proxy]&amp#27;[39m Got response with status 404: {"sessionId":"2e74e7b9-85a6-478f-8ae2-621a49ed711a","value":{"error":"no such element","message":"An element could not be located on the page using the given search parameters","stacktrace":"io.appium.uiautomator2.common.exceptions.ElementNotFoundException: An element could not be located on the page using the given search parameters\n\tat io.appium.uiautomator2.handler.FindElement.safeHandle(FindElement.java:70)\n\tat io.appium.uiautomator2.handler.request.SafeRequestHandler.handle(SafeRequestHandler.java:59)\n\tat io.appium.uiautomator2.server.AppiumServlet.handleRequest(AppiumServlet.java:266)\n\tat io.appium.uiautomator2.server.AppiumServlet.handleHttpRequest(AppiumServlet.java:260)\n\tat io.appium.uiautomator2.http.ServerHandler.channelRead(ServerHandler.java:68)\n\tat io.netty.channel.AbstractChannelHandlerContext.invokeChannelRead(AbstractChannelHandlerContext.java:366)\n\tat io.netty.channel.AbstractChannelHandlerContext.invokeChannelRead(AbstractChannelHandlerContext.java:352)\n\tat io.netty.chann...
[debug] &amp#27;[35m[W3C]&amp#27;[39m Matched W3C error code 'no such element' to NoSuchElementError
[debug] &amp#27;[35m[BaseDriver]&amp#27;[39m Waited for 18695 ms so far
[debug] &amp#27;[35m[WD Proxy]&amp#27;[39m Matched '/element' to command name 'findElement'
[debug] &amp#27;[35m[WD Proxy]&amp#27;[39m Proxying [POST /element] to [POST http://127.0.0.1:8200/wd/hub/session/2e74e7b9-85a6-478f-8ae2-621a49ed711a/element] with body: {"strategy":"-android uiautomator","selector":"new UiSelector().text(\"添加成员\")","context":"","multiple":false}
&amp#27;[35m[WD Proxy]&amp#27;[39m Got response with status 404: {"sessionId":"2e74e7b9-85a6-478f-8ae2-621a49ed711a","value":{"error":"no such element","message":"An element could not be located on the page using the given search parameters","stacktrace":"io.appium.uiautomator2.common.exceptions.ElementNotFoundException: An element could not be located on the page using the given search parameters\n\tat io.appium.uiautomator2.handler.FindElement.safeHandle(FindElement.java:70)\n\tat io.appium.uiautomator2.handler.request.SafeRequestHandler.handle(SafeRequestHandler.java:59)\n\tat io.appium.uiautomator2.server.AppiumServlet.handleRequest(AppiumServlet.java:266)\n\tat io.appium.uiautomator2.server.AppiumServlet.handleHttpRequest(AppiumServlet.java:260)\n\tat io.appium.uiautomator2.http.ServerHandler.channelRead(ServerHandler.java:68)\n\tat io.netty.channel.AbstractChannelHandlerContext.invokeChannelRead(AbstractChannelHandlerContext.java:366)\n\tat io.netty.channel.AbstractChannelHandlerContext.invokeChannelRead(AbstractChannelHandlerContext.java:352)\n\tat io.netty.chann...
[debug] &amp#27;[35m[W3C]&amp#27;[39m Matched W3C error code 'no such element' to NoSuchElementError
[debug] &amp#27;[35m[BaseDriver]&amp#27;[39m Waited for 19237 ms so far
[debug] &amp#27;[35m[WD Proxy]&amp#27;[39m Matched '/element' to command name 'findElement'
[debug] &amp#27;[35m[WD Proxy]&amp#27;[39m Proxying [POST /element] to [POST http://127.0.0.1:8200/wd/hub/session/2e74e7b9-85a6-478f-8ae2-621a49ed711a/element] with body: {"strategy":"-android uiautomator","selector":"new UiSelector().text(\"添加成员\")","context":"","multiple":false}
&amp#27;[35m[WD Proxy]&amp#27;[39m Got response with status 404: {"sessionId":"2e74e7b9-85a6-478f-8ae2-621a49ed711a","value":{"error":"no such element","message":"An element could not be located on the page using the given search parameters","stacktrace":"io.appium.uiautomator2.common.exceptions.ElementNotFoundException: An element could not be located on the page using the given search parameters\n\tat io.appium.uiautomator2.handler.FindElement.safeHandle(FindElement.java:70)\n\tat io.appium.uiautomator2.handler.request.SafeRequestHandler.handle(SafeRequestHandler.java:59)\n\tat io.appium.uiautomator2.server.AppiumServlet.handleRequest(AppiumServlet.java:266)\n\tat io.appium.uiautomator2.server.AppiumServlet.handleHttpRequest(AppiumServlet.java:260)\n\tat io.appium.uiautomator2.http.ServerHandler.channelRead(ServerHandler.java:68)\n\tat io.netty.channel.AbstractChannelHandlerContext.invokeChannelRead(AbstractChannelHandlerContext.java:366)\n\tat io.netty.channel.AbstractChannelHandlerContext.invokeChannelRead(AbstractChannelHandlerContext.java:352)\n\tat io.netty.chann...
[debug] &amp#27;[35m[W3C]&amp#27;[39m Matched W3C error code 'no such element' to NoSuchElementError
[debug] &amp#27;[35m[BaseDriver]&amp#27;[39m Waited for 19784 ms so far
[debug] &amp#27;[35m[WD Proxy]&amp#27;[39m Matched '/element' to command name 'findElement'
[debug] &amp#27;[35m[WD Proxy]&amp#27;[39m Proxying [POST /element] to [POST http://127.0.0.1:8200/wd/hub/session/2e74e7b9-85a6-478f-8ae2-621a49ed711a/element] with body: {"strategy":"-android uiautomator","selector":"new UiSelector().text(\"添加成员\")","context":"","multiple":false}
&amp#27;[35m[WD Proxy]&amp#27;[39m Got response with status 404: {"sessionId":"2e74e7b9-85a6-478f-8ae2-621a49ed711a","value":{"error":"no such element","message":"An element could not be located on the page using the given search parameters","stacktrace":"io.appium.uiautomator2.common.exceptions.ElementNotFoundException: An element could not be located on the page using the given search parameters\n\tat io.appium.uiautomator2.handler.FindElement.safeHandle(FindElement.java:70)\n\tat io.appium.uiautomator2.handler.request.SafeRequestHandler.handle(SafeRequestHandler.java:59)\n\tat io.appium.uiautomator2.server.AppiumServlet.handleRequest(AppiumServlet.java:266)\n\tat io.appium.uiautomator2.server.AppiumServlet.handleHttpRequest(AppiumServlet.java:260)\n\tat io.appium.uiautomator2.http.ServerHandler.channelRead(ServerHandler.java:68)\n\tat io.netty.channel.AbstractChannelHandlerContext.invokeChannelRead(AbstractChannelHandlerContext.java:366)\n\tat io.netty.channel.AbstractChannelHandlerContext.invokeChannelRead(AbstractChannelHandlerContext.java:352)\n\tat io.netty.chann...
[debug] &amp#27;[35m[W3C]&amp#27;[39m Matched W3C error code 'no such element' to NoSuchElementError
[debug] &amp#27;[35m[WD Proxy]&amp#27;[39m Matched '/source' to command name 'getPageSource'
[debug] &amp#27;[35m[WD Proxy]&amp#27;[39m Proxying [GET /source] to [GET http://127.0.0.1:8200/wd/hub/session/2e74e7b9-85a6-478f-8ae2-621a49ed711a/source] with no body
[debug] &amp#27;[35m[WD Proxy]&amp#27;[39m Got response with status 200: {"sessionId":"2e74e7b9-85a6-478f-8ae2-621a49ed711a","value":"<?xml version='1.0' encoding='UTF-8' standalone='yes' ?>\r\n<hierarchy index=\"0\" class=\"hierarchy\" rotation=\"0\" width=\"1080\" height=\"2276\">\r\n  <android.widget.FrameLayout index=\"0\" package=\"com.tencent.wework\" class=\"android.widget.FrameLayout\" text=\"\" checkable=\"false\" checked=\"false\" clickable=\"false\" enabled=\"true\" focusable=\"false\" focused=\"false\" long-clickable=\"false\" password=\"false\" scrollable=\"false\" selected=\"false\" bounds=\"[0,0][1080,2276]\" displayed=\"true\">\r\n    <android.widget.LinearLayout index=\"0\" package=\"com.tencent.wework\" class=\"android.widget.LinearLayout\" text=\"\" checkable=\"false\" checked=\"false\" clickable=\"false\" enabled=\"true\" focusable=\"false\" focused=\"false\" long-clickable=\"false\" password=\"false\" scrollable=\"false\" selected=\"false\" bounds=\"[0,0][1080,2276]\" displayed=\"true\">\r\n      <android.widget.FrameLayout index=\"0\" package=\"com.tencent...
[debug] &amp#27;[35m[BaseDriver]&amp#27;[39m Error finding element: An element could not be located on the page using the given search parameters.
[debug] &amp#27;[35m[BaseDriver]&amp#27;[39m Page source requested through 'printPageSourceOnFindFailure':
[debug] &amp#27;[35m[BaseDriver]&amp#27;[39m <?xml version='1.0' encoding='UTF-8' standalone='yes' ?>
[debug] &amp#27;[35m[BaseDriver]&amp#27;[39m <hierarchy index="0" class="hierarchy" rotation="0" width="1080" height="2276">
[debug] &amp#27;[35m[BaseDriver]&amp#27;[39m   <android.widget.FrameLayout index="0" package="com.tencent.wework" class="android.widget.FrameLayout" text="" checkable="false" checked="false" clickable="false" enabled="true" focusable="false" focused="false" long-clickable="false" password="false" scrollable="false" selected="false" bounds="[0,0][1080,2276]" displayed="true">
[debug] &amp#27;[35m[BaseDriver]&amp#27;[39m     <android.widget.LinearLayout index="0" package="com.tencent.wework" class="android.widget.LinearLayout" text="" checkable="false" checked="false" clickable="false" enabled="true" focusable="false" focused="false" long-clickable="false" password="false" scrollable="false" selected="false" bounds="[0,0][1080,2276]" displayed="true">
[debug] &amp#27;[35m[BaseDriver]&amp#27;[39m       <android.widget.FrameLayout index="0" package="com.tencent.wework" class="android.widget.FrameLayout" text="" checkable="false" checked="false" clickable="false" enabled="true" focusable="false" focused="false" long-clickable="false" password="false" scrollable="false" selected="false" bounds="[0,0][1080,2276]" displayed="true">
[debug] &amp#27;[35m[BaseDriver]&amp#27;[39m         <android.widget.LinearLayout index="0" package="com.tencent.wework" class="android.widget.LinearLayout" text="" resource-id="com.tencent.wework:id/eq" checkable="false" checked="false" clickable="false" enabled="true" focusable="false" focused="false" long-clickable="false" password="false" scrollable="false" selected="false" bounds="[0,0][1080,2276]" displayed="true">
[debug] &amp#27;[35m[BaseDriver]&amp#27;[39m           <android.widget.FrameLayout index="0" package="com.tencent.wework" class="android.widget.FrameLayout" text="" resource-id="android:id/content" checkable="false" checked="false" clickable="false" enabled="true" focusable="false" focused="false" long-clickable="false" password="false" scrollable="false" selected="false" bounds="[0,0][1080,2276]" displayed="true">
[debug] &amp#27;[35m[BaseDriver]&amp#27;[39m             <android.widget.FrameLayout index="0" package="com.tencent.wework" class="android.widget.FrameLayout" text="" resource-id="com.tencent.wework:id/kaz" checkable="false" checked="false" clickable="false" enabled="true" focusable="false" focused="false" long-clickable="false" password="false" scrollable="false" selected="false" bounds="[0,0][1080,2276]" displayed="true">
[debug] &amp#27;[35m[BaseDriver]&amp#27;[39m               <android.widget.RelativeLayout index="0" package="com.tencent.wework" class="android.widget.RelativeLayout" text="" resource-id="com.tencent.wework:id/gkm" checkable="false" checked="false" clickable="false" enabled="true" focusable="false" focused="false" long-clickable="false" password="false" scrollable="false" selected="false" bounds="[0,0][1080,2276]" displayed="true">
[debug] &amp#27;[35m[BaseDriver]&amp#27;[39m                 <android.widget.FrameLayout index="0" package="com.tencent.wework" class="android.widget.FrameLayout" text="" resource-id="com.tencent.wework:id/ea6" checkable="false" checked="false" clickable="false" enabled="true" focusable="false" focused="false" long-clickable="false" password="false" scrollable="false" selected="false" bounds="[0,0][1080,2201]" displayed="true" />
[debug] &amp#27;[35m[BaseDriver]&amp#27;[39m                 <android.widget.FrameLayout index="1" package="com.tencent.wework" class="android.widget.FrameLayout" text="" resource-id="com.tencent.wework:id/ea5" checkable="false" checked="false" clickable="false" enabled="true" focusable="false" focused="false" long-clickable="false" password="false" scrollable="false" selected="false" bounds="[0,0][1080,2201]" displayed="true">
[debug] &amp#27;[35m[BaseDriver]&amp#27;[39m                   <android.widget.LinearLayout index="0" package="com.tencent.wework" class="android.widget.LinearLayout" text="" resource-id="com.tencent.wework:id/jek" checkable="false" checked="false" clickable="false" enabled="true" focusable="false" focused="false" long-clickable="false" password="false" scrollable="false" selected="false" bounds="[0,0][1080,2201]" displayed="true">
[debug] &amp#27;[35m[BaseDriver]&amp#27;[39m                     <android.widget.RelativeLayout index="0" package="com.tencent.wework" class="android.widget.RelativeLayout" text="" resource-id="com.tencent.wework:id/ldj" checkable="false" checked="false" clickable="false" enabled="true" focusable="true" focused="false" long-clickable="false" password="false" scrollable="false" selected="false" bounds="[0,0][1080,212]" displayed="true">
[debug] &amp#27;[35m[BaseDriver]&amp#27;[39m                       <android.widget.LinearLayout index="0" package="com.tencent.wework" class="android.widget.LinearLayout" text="" resource-id="com.tencent.wework:id/lek" checkable="false" checked="false" clickable="false" enabled="true" focusable="false" focused="false" long-clickable="false" password="false" scrollable="false" selected="false" bounds="[0,80][788,212]" displayed="true">
[debug] &amp#27;[35m[BaseDriver]&amp#27;[39m                         <android.widget.LinearLayout index="1" package="com.tencent.wework" class="android.widget.LinearLayout" text="" resource-id="com.tencent.wework:id/lem" checkable="false" checked="false" clickable="false" enabled="true" focusable="false" focused="false" long-clickable="false" password="false" scrollable="false" selected="false" bounds="[0,80][788,212]" displayed="true">
[debug] &amp#27;[35m[BaseDriver]&amp#27;[39m                           <android.widget.LinearLayout index="0" package="com.tencent.wework" class="android.widget.LinearLayout" text="" resource-id="com.tencent.wework:id/l9y" checkable="false" checked="false" clickable="false" enabled="true" focusable="false" focused="false" long-clickable="false" password="false" scrollable="false" selected="false" bounds="[28,80][34,212]" displayed="true">
[debug] &amp#27;[35m[BaseDriver]&amp#27;[39m                             <android.widget.LinearLayout index="0" package="com.tencent.wework" class="android.widget.LinearLayout" text="" checkable="false" checked="false" clickable="false" enabled="true" focusable="false" focused="false" long-clickable="false" password="false" scrollable="false" selected="false" bounds="[28,144][34,147]" displayed="true">
[debug] &amp#27;[35m[BaseDriver]&amp#27;[39m                               <android.view.View index="0" package="com.tencent.wework" class="android.view.View" text="" resource-id="com.tencent.wework:id/lei" checkable="false" checked="false" clickable="false" enabled="true" focusable="false" focused="false" long-clickable="false" password="false" scrollable="false" selected="false" bounds="[28,144][34,147]" displayed="true" />
[debug] &amp#27;[35m[BaseDriver]&amp#27;[39m                             </android.widget.LinearLayout>
[debug] &amp#27;[35m[BaseDriver]&amp#27;[39m                           </android.widget.LinearLayout>
[debug] &amp#27;[35m[BaseDriver]&amp#27;[39m                         </android.widget.LinearLayout>
[debug] &amp#27;[35m[BaseDriver]&amp#27;[39m                       </android.widget.LinearLayout>
[debug] &amp#27;[35m[BaseDriver]&amp#27;[39m                       <android.widget.LinearLayout index="1" package="com.tencent.wework" class="android.widget.LinearLayout" text="" resource-id="com.tencent.wework:id/les" checkable="false" checked="false" clickable="false" enabled="true" focusable="false" focused="false" long-clickable="false" password="false" scrollable="false" selected="false" bounds="[457,80][623,212]" displayed="true">
[debug] &amp#27;[35m[BaseDriver]&amp#27;[39m                         <android.widget.LinearLayout index="0" package="com.tencent.wework" class="android.widget.LinearLayout" text="" resource-id="com.tencent.wework:id/hbb" checkable="false" checked="false" clickable="false" enabled="true" focusable="false" focused="false" long-clickable="false" password="false" scrollable="false" selected="false" bounds="[457,80][623,212]" displayed="true">
[debug] &amp#27;[35m[BaseDriver]&amp#27;[39m                           <android.widget.LinearLayout index="0" package="com.tencent.wework" class="android.widget.LinearLayout" text="" checkable="false" checked="false" clickable="false" enabled="true" focusable="false" focused="false" long-clickable="false" password="false" scrollable="false" selected="false" bounds="[457,114][623,178]" displayed="true">
[debug] &amp#27;[35m[BaseDriver]&amp#27;[39m                             <android.widget.TextView index="0" package="com.tencent.wework" class="android.widget.TextView" text="TesterU" resource-id="com.tencent.wework:id/len" checkable="false" checked="false" clickable="true" enabled="true" focusable="true" focused="false" long-clickable="false" password="false" scrollable="false" selected="false" bounds="[457,114][623,178]" displayed="true" />
[debug] &amp#27;[35m[BaseDriver]&amp#27;[39m                           </android.widget.LinearLayout>
[debug] &amp#27;[35m[BaseDriver]&amp#27;[39m                         </android.widget.LinearLayout>
[debug] &amp#27;[35m[BaseDriver]&amp#27;[39m                       </android.widget.LinearLayout>
[debug] &amp#27;[35m[BaseDriver]&amp#27;[39m                       <android.widget.LinearLayout index="2" package="com.tencent.wework" class="android.widget.LinearLayout" text="" resource-id="com.tencent.wework:id/lff" checkable="false" checked="false" clickable="false" enabled="true" focusable="false" focused="false" long-clickable="false" password="false" scrollable="false" selected="false" bounds="[816,80][1080,212]" displayed="true">
[debug] &amp#27;[35m[BaseDriver]&amp#27;[39m                         <android.widget.RelativeLayout index="0" package="com.tencent.wework" class="android.widget.RelativeLayout" text="" checkable="false" checked="false" clickable="false" enabled="true" focusable="false" focused="false" long-clickable="false" password="false" scrollable="false" selected="false" bounds="[816,80][948,212]" displayed="true">
[debug] &amp#27;[35m[BaseDriver]&amp#27;[39m                           <android.widget.TextView index="0" package="com.tencent.wework" class="android.widget.TextView" text="" resource-id="com.tencent.wework:id/lf_" checkable="false" checked="false" clickable="true" enabled="true" focusable="true" focused="false" long-clickable="false" password="false" scrollable="false" selected="false" bounds="[816,80][948,212]" displayed="true" />
[debug] &amp#27;[35m[BaseDriver]&amp#27;[39m                         </android.widget.RelativeLayout>
[debug] &amp#27;[35m[BaseDriver]&amp#27;[39m                         <android.widget.RelativeLayout index="1" package="com.tencent.wework" class="android.widget.RelativeLayout" text="" checkable="false" checked="false" clickable="false" enabled="true" focusable="false" focused="false" long-clickable="false" password="false" scrollable="false" selected="false" bounds="[948,80][1080,212]" displayed="true">
[debug] &amp#27;[35m[BaseDriver]&amp#27;[39m                           <android.widget.TextView index="0" package="com.tencent.wework" class="android.widget.TextView" text="" resource-id="com.tencent.wework:id/lf5" checkable="false" checked="false" clickable="true" enabled="true" focusable="true" focused="false" long-clickable="false" password="false" scrollable="false" selected="false" bounds="[948,80][1080,212]" displayed="true" />
[debug] &amp#27;[35m[BaseDriver]&amp#27;[39m                         </android.widget.RelativeLayout>
[debug] &amp#27;[35m[BaseDriver]&amp#27;[39m                       </android.widget.LinearLayout>
[debug] &amp#27;[35m[BaseDriver]&amp#27;[39m                     </android.widget.RelativeLayout>
[debug] &amp#27;[35m[BaseDriver]&amp#27;[39m                     <android.widget.RelativeLayout index="1" package="com.tencent.wework" class="android.widget.RelativeLayout" text="" checkable="false" checked="false" clickable="false" enabled="true" focusable="false" focused="false" long-clickable="false" password="false" scrollable="false" selected="false" bounds="[0,212][1080,2201]" displayed="true">
[debug] &amp#27;[35m[BaseDriver]&amp#27;[39m                       <android.widget.RelativeLayout index="0" package="com.tencent.wework" class="android.widget.RelativeLayout" text="" checkable="false" checked="false" clickable="false" enabled="true" focusable="false" focused="false" long-clickable="false" password="false" scrollable="false" selected="false" bounds="[0,212][1080,2201]" displayed="true" />
[debug] &amp#27;[35m[BaseDriver]&amp#27;[39m                       <androidx.recyclerview.widget.RecyclerView index="1" package="com.tencent.wework" class="androidx.recyclerview.widget.RecyclerView" text="" resource-id="com.tencent.wework:id/j0y" checkable="false" checked="false" clickable="false" enabled="true" focusable="true" focused="false" long-clickable="false" password="false" scrollable="false" selected="false" bounds="[0,212][1080,2201]" displayed="true">
[debug] &amp#27;[35m[BaseDriver]&amp#27;[39m                         <android.widget.TextView index="0" package="com.tencent.wework" class="android.widget.TextView" text="我的客户" checkable="false" checked="false" clickable="false" enabled="true" focusable="false" focused="false" long-clickable="false" password="false" scrollable="false" selected="false" bounds="[0,212][1080,288]" displayed="true" />
[debug] &amp#27;[35m[BaseDriver]&amp#27;[39m                         <android.view.ViewGroup index="1" package="com.tencent.wework" class="android.view.ViewGroup" text="" checkable="false" checked="false" clickable="true" enabled="true" focusable="true" focused="false" long-clickable="false" password="false" scrollable="false" selected="false" bounds="[0,288][1080,431]" displayed="true">
[debug] &amp#27;[35m[BaseDriver]&amp#27;[39m                           <android.widget.ImageView index="0" package="com.tencent.wework" class="android.widget.ImageView" text="" resource-id="com.tencent.wework:id/ibe" checkable="false" checked="false" clickable="false" enabled="true" focusable="false" focused="false" long-clickable="false" password="false" scrollable="false" selected="false" bounds="[44,310][143,409]" displayed="true" />
[debug] &amp#27;[35m[BaseDriver]&amp#27;[39m                           <android.widget.TextView index="1" package="com.tencent.wework" class="android.widget.TextView" text="我的客户" resource-id="com.tencent.wework:id/mid1Txt" checkable="false" checked="false" clickable="false" enabled="true" focusable="false" focused="false" long-clickable="false" password="false" scrollable="false" selected="false" bounds="[176,330][1036,389]" displayed="true" />
[debug] &amp#27;[35m[BaseDriver]&amp#27;[39m                         </android.view.ViewGroup>
[debug] &amp#27;[35m[BaseDriver]&amp#27;[39m                         <android.view.ViewGroup index="2" package="com.tencent.wework" class="android.view.ViewGroup" text="" resource-id="com.tencent.wework:id/jeo" checkable="false" checked="false" clickable="true" enabled="true" focusable="true" focused="false" long-clickable="false" password="false" scrollable="false" selected="false" bounds="[0,432][1080,575]" displayed="true">
[debug] &amp#27;[35m[BaseDriver]&amp#27;[39m                           <android.widget.ImageView index="0" package="com.tencent.wework" class="android.widget.ImageView" text="" resource-id="com.tencent.wework:id/ibe" checkable="false" checked="false" clickable="false" enabled="true" focusable="false" focused="false" long-clickable="false" password="false" scrollable="false" selected="false" bounds="[44,454][143,553]" displayed="true" />
[debug] &amp#27;[35m[BaseDriver]&amp#27;[39m                           <android.view.ViewGroup index="1" package="com.tencent.wework" class="android.view.ViewGroup" text="" resource-id="com.tencent.wework:id/gl6" checkable="false" checked="false" clickable="false" enabled="true" focusable="false" focused="false" long-clickable="false" password="false" scrollable="false" selected="false" bounds="[176,475][1047,533]" displayed="true">
[debug] &amp#27;[35m[BaseDriver]&amp#27;[39m                             <android.widget.LinearLayout index="0" package="com.tencent.wework" class="android.widget.LinearLayout" text="" resource-id="com.tencent.wework:id/glm" checkable="false" checked="false" clickable="false" enabled="true" focusable="false" focused="false" long-clickable="false" password="false" scrollable="false" selected="false" bounds="[176,475][352,533]" displayed="true">
[debug] &amp#27;[35m[BaseDriver]&amp#27;[39m                               <android.widget.TextView index="0" package="com.tencent.wework" class="android.widget.TextView" text="添加客户" resource-id="com.tencent.wework:id/g12" checkable="false" checked="false" clickable="false" enabled="true" focusable="false" focused="false" long-clickable="false" password="false" scrollable="false" selected="false" bounds="[176,475][352,533]" displayed="true" />
[debug] &amp#27;[35m[BaseDriver]&amp#27;[39m                             </android.widget.LinearLayout>
[debug] &amp#27;[35m[BaseDriver]&amp#27;[39m                           </android.view.ViewGroup>
[debug] &amp#27;[35m[BaseDriver]&amp#27;[39m                         </android.view.ViewGroup>
[debug] &amp#27;[35m[BaseDriver]&amp#27;[39m                         <android.widget.TextView index="3" package="com.tencent.wework" class="android.widget.TextView" text="企业通讯录" checkable="false" checked="false" clickable="false" enabled="true" focusable="false" focused="false" long-clickable="false" password="false" scrollable="false" selected="false" bounds="[0,576][1080,652]" displayed="true" />
[debug] &amp#27;[35m[BaseDriver]&amp#27;[39m                         <android.view.ViewGroup index="4" package="com.tencent.wework" class="android.view.ViewGroup" text="" resource-id="com.tencent.wework:id/jeo" checkable="false" checked="false" clickable="true" enabled="true" focusable="true" focused="false" long-clickable="false" password="false" scrollable="false" selected="false" bounds="[0,652][1080,795]" displayed="true">
[debug] &amp#27;[35m[BaseDriver]&amp#27;[39m                           <android.widget.ImageView index="0" package="com.tencent.wework" class="android.widget.ImageView" text="" resource-id="com.tencent.wework:id/ibe" checkable="false" checked="false" clickable="false" enabled="true" focusable="false" focused="false" long-clickable="false" password="false" scrollable="false" selected="false" bounds="[44,674][143,773]" displayed="true" />
[debug] &amp#27;[35m[BaseDriver]&amp#27;[39m                           <android.view.ViewGroup index="1" package="com.tencent.wework" class="android.view.ViewGroup" text="" resource-id="com.tencent.wework:id/gl6" checkable="false" checked="false" clickable="false" enabled="true" focusable="false" focused="false" long-clickable="false" password="false" scrollable="false" selected="false" bounds="[176,695][901,753]" displayed="true">
[debug] &amp#27;[35m[BaseDriver]&amp#27;[39m                             <android.widget.LinearLayout index="0" package="com.tencent.wework" class="android.widget.LinearLayout" text="" resource-id="com.tencent.wework:id/glm" checkable="false" checked="false" clickable="false" enabled="true" focusable="false" focused="false" long-clickable="false" password="false" scrollable="false" selected="false" bounds="[176,695][264,753]" displayed="true">
[debug] &amp#27;[35m[BaseDriver]&amp#27;[39m                               <android.widget.TextView index="0" package="com.tencent.wework" class="android.widget.TextView" text="盖盖" resource-id="com.tencent.wework:id/g12" checkable="false" checked="false" clickable="false" enabled="true" focusable="false" focused="false" long-clickable="false" password="false" scrollable="false" selected="false" bounds="[176,695][264,753]" displayed="true" />
[debug] &amp#27;[35m[BaseDriver]&amp#27;[39m                             </android.widget.LinearLayout>
[debug] &amp#27;[35m[BaseDriver]&amp#27;[39m                             <android.widget.ImageView index="1" package="com.tencent.wework" class="android.widget.ImageView" text="" resource-id="com.tencent.wework:id/g13" checkable="false" checked="false" clickable="false" enabled="true" focusable="false" focused="false" long-clickable="false" password="false" scrollable="false" selected="false" bounds="[275,724][276,725]" displayed="true" />
[debug] &amp#27;[35m[BaseDriver]&amp#27;[39m                           </android.view.ViewGroup>
[debug] &amp#27;[35m[BaseDriver]&amp#27;[39m                           <android.widget.LinearLayout index="2" package="com.tencent.wework" class="android.widget.LinearLayout" text="" resource-id="com.tencent.wework:id/j_x" checkable="false" checked="false" clickable="false" enabled="true" focusable="false" focused="false" long-clickable="false" password="false" scrollable="false" selected="false" bounds="[934,703][1080,744]" displayed="true">
[debug] &amp#27;[35m[BaseDriver]&amp#27;[39m                             <android.widget.ImageView index="0" package="com.tencent.wework" class="android.widget.ImageView" text="" resource-id="com.tencent.wework:id/j_a" checkable="false" checked="false" clickable="false" enabled="true" focusable="false" focused="false" long-clickable="false" password="false" scrollable="false" selected="false" bounds="[934,703][1036,744]" displayed="true" />
[debug] &amp#27;[35m[BaseDriver]&amp#27;[39m                           </android.widget.LinearLayout>
[debug] &amp#27;[35m[BaseDriver]&amp#27;[39m                         </android.view.ViewGroup>
[debug] &amp#27;[35m[BaseDriver]&amp#27;[39m                         <android.view.ViewGroup index="5" package="com.tencent.wework" class="android.view.ViewGroup" text="" resource-id="com.tencent.wework:id/jeo" checkable="false" checked="false" clickable="true" enabled="true" focusable="true" focused="false" long-clickable="false" password="false" scrollable="false" selected="false" bounds="[0,796][1080,939]" displayed="true">
[debug] &amp#27;[35m[BaseDriver]&amp#27;[39m                           <android.widget.ImageView index="0" package="com.tencent.wework" class="android.widget.ImageView" text="" resource-id="com.tencent.wework:id/ibe" checkable="false" checked="false" clickable="false" enabled="true" focusable="false" focused="false" long-clickable="false" password="false" scrollable="false" selected="false" bounds="[44,818][143,917]" displayed="true" />
[debug] &amp#27;[35m[BaseDriver]&amp#27;[39m                           <android.view.ViewGroup index="1" package="com.tencent.wework" class="android.view.ViewGroup" text="" resource-id="com.tencent.wework:id/gl6" checkable="false" checked="false" clickable="false" enabled="true" focusable="false" focused="false" long-clickable="false" password="false" scrollable="false" selected="false" bounds="[176,839][1047,897]" displayed="true">
[debug] &amp#27;[35m[BaseDriver]&amp#27;[39m                             <android.widget.LinearLayout index="0" package="com.tencent.wework" class="android.widget.LinearLayout" text="" resource-id="com.tencent.wework:id/glm" checkable="false" checked="false" clickable="false" enabled="true" focusable="false" focused="false" long-clickable="false" password="false" scrollable="false" selected="false" bounds="[176,839][388,897]" displayed="true">
[debug] &amp#27;[35m[BaseDriver]&amp#27;[39m                               <android.widget.TextView index="0" package="com.tencent.wework" class="android.widget.TextView" text="测试人002" resource-id="com.tencent.wework:id/g12" checkable="false" checked="false" clickable="false" enabled="true" focusable="false" focused="false" long-clickable="false" password="false" scrollable="false" selected="false" bounds="[176,839][388,897]" displayed="true" />
[debug] &amp#27;[35m[BaseDriver]&amp#27;[39m                             </android.widget.LinearLayout>
[debug] &amp#27;[35m[BaseDriver]&amp#27;[39m                             <android.widget.ImageView index="1" package="com.tencent.wework" class="android.widget.ImageView" text="" resource-id="com.tencent.wework:id/g13" checkable="false" checked="false" clickable="false" enabled="true" focusable="false" focused="false" long-clickable="false" password="false" scrollable="false" selected="false" bounds="[399,868][400,869]" displayed="true" />
[debug] &amp#27;[35m[BaseDriver]&amp#27;[39m                           </android.view.ViewGroup>
[debug] &amp#27;[35m[BaseDriver]&amp#27;[39m                         </android.view.ViewGroup>
[debug] &amp#27;[35m[BaseDriver]&amp#27;[39m                         <android.view.ViewGroup index="6" package="com.tencent.wework" class="android.view.ViewGroup" text="" resource-id="com.tencent.wework:id/jeo" checkable="false" checked="false" clickable="true" enabled="true" focusable="true" focused="false" long-clickable="false" password="false" scrollable="false" selected="false" bounds="[0,940][1080,1083]" displayed="true">
[debug] &amp#27;[35m[BaseDriver]&amp#27;[39m                           <android.widget.ImageView index="0" package="com.tencent.wework" class="android.widget.ImageView" text="" resource-id="com.tencent.wework:id/ibe" checkable="false" checked="false" clickable="false" enabled="true" focusable="false" focused="false" long-clickable="false" password="false" scrollable="false" selected="false" bounds="[44,962][143,1061]" displayed="true" />
[debug] &amp#27;[35m[BaseDriver]&amp#27;[39m                           <android.view.ViewGroup index="1" package="com.tencent.wework" class="android.view.ViewGroup" text="" resource-id="com.tencent.wework:id/gl6" checkable="false" checked="false" clickable="false" enabled="true" focusable="false" focused="false" long-clickable="false" password="false" scrollable="false" selected="false" bounds="[176,983][1047,1041]" displayed="true">
[debug] &amp#27;[35m[BaseDriver]&amp#27;[39m                             <android.widget.LinearLayout index="0" package="com.tencent.wework" class="android.widget.LinearLayout" text="" resource-id="com.tencent.wework:id/glm" checkable="false" checked="false" clickable="false" enabled="true" focusable="false" focused="false" long-clickable="false" password="false" scrollable="false" selected="false" bounds="[176,983][308,1041]" displayed="true">
[debug] &amp#27;[35m[BaseDriver]&amp#27;[39m                               <android.widget.TextView index="0" package="com.tencent.wework" class="android.widget.TextView" text="沈博涛" resource-id="com.tencent.wework:id/g12" checkable="false" checked="false" clickable="false" enabled="true" focusable="false" focused="false" long-clickable="false" password="false" scrollable="false" selected="false" bounds="[176,983][308,1041]" displayed="true" />
[debug] &amp#27;[35m[BaseDriver]&amp#27;[39m                             </android.widget.LinearLayout>
[debug] &amp#27;[35m[BaseDriver]&amp#27;[39m                             <android.widget.ImageView index="1" package="com.tencent.wework" class="android.widget.ImageView" text="" resource-id="com.tencent.wework:id/g13" checkable="false" checked="false" clickable="false" enabled="true" focusable="false" focused="false" long-clickable="false" password="false" scrollable="false" selected="false" bounds="[319,1012][320,1013]" displayed="true" />
[debug] &amp#27;[35m[BaseDriver]&amp#27;[39m                           </android.view.ViewGroup>
[debug] &amp#27;[35m[BaseDriver]&amp#27;[39m                         </android.view.ViewGroup>
[debug] &amp#27;[35m[BaseDriver]&amp#27;[39m                         <android.view.ViewGroup index="7" package="com.tencent.wework" class="android.view.ViewGroup" text="" resource-id="com.tencent.wework:id/jeo" checkable="false" checked="false" clickable="true" enabled="true" focusable="true" focused="false" long-clickable="false" password="false" scrollable="false" selected="false" bounds="[0,1084][1080,1227]" displayed="true">
[debug] &amp#27;[35m[BaseDriver]&amp#27;[39m                           <android.widget.ImageView index="0" package="com.tencent.wework" class="android.widget.ImageView" text="" resource-id="com.tencent.wework:id/ibe" checkable="false" checked="false" clickable="false" enabled="true" focusable="false" focused="false" long-clickable="false" password="false" scrollable="false" selected="false" bounds="[44,1106][143,1205]" displayed="true" />
[debug] &amp#27;[35m[BaseDriver]&amp#27;[39m                           <android.view.ViewGroup index="1" package="com.tencent.wework" class="android.view.ViewGroup" text="" resource-id="com.tencent.wework:id/gl6" checkable="false" checked="false" clickable="false" enabled="true" focusable="false" focused="false" long-clickable="false" password="false" scrollable="false" selected="false" bounds="[176,1127][1047,1185]" displayed="true">
[debug] &amp#27;[35m[BaseDriver]&amp#27;[39m                             <android.widget.LinearLayout index="0" package="com.tencent.wework" class="android.widget.LinearLayout" text="" resource-id="com.tencent.wework:id/glm" checkable="false" checked="false" clickable="false" enabled="true" focusable="false" focused="false" long-clickable="false" password="false" scrollable="false" selected="false" bounds="[176,1127][308,1185]" displayed="true">
[debug] &amp#27;[35m[BaseDriver]&amp#27;[39m                               <android.widget.TextView index="0" package="com.tencent.wework" class="android.widget.TextView" text="宇文浩" resource-id="com.tencent.wework:id/g12" checkable="false" checked="false" clickable="false" enabled="true" focusable="false" focused="false" long-clickable="false" password="false" scrollable="false" selected="false" bounds="[176,1127][308,1185]" displayed="true" />
[debug] &amp#27;[35m[BaseDriver]&amp#27;[39m                             </android.widget.LinearLayout>
[debug] &amp#27;[35m[BaseDriver]&amp#27;[39m                             <android.widget.ImageView index="1" package="com.tencent.wework" class="android.widget.ImageView" text="" resource-id="com.tencent.wework:id/g13" checkable="false" checked="false" clickable="false" enabled="true" focusable="false" focused="false" long-clickable="false" password="false" scrollable="false" selected="false" bounds="[319,1156][320,1157]" displayed="true" />
[debug] &amp#27;[35m[BaseDriver]&amp#27;[39m                           </android.view.ViewGroup>
[debug] &amp#27;[35m[BaseDriver]&amp#27;[39m                         </android.view.ViewGroup>
[debug] &amp#27;[35m[BaseDriver]&amp#27;[39m                         <android.view.ViewGroup index="8" package="com.tencent.wework" class="android.view.ViewGroup" text="" resource-id="com.tencent.wework:id/jeo" checkable="false" checked="false" clickable="true" enabled="true" focusable="true" focused="false" long-clickable="false" password="false" scrollable="false" selected="false" bounds="[0,1228][1080,1371]" displayed="true">
[debug] &amp#27;[35m[BaseDriver]&amp#27;[39m                           <android.widget.ImageView index="0" package="com.tencent.wework" class="android.widget.ImageView" text="" resource-id="com.tencent.wework:id/ibe" checkable="false" checked="false" clickable="false" enabled="true" focusable="false" focused="false" long-clickable="false" password="false" scrollable="false" selected="false" bounds="[44,1250][143,1349]" displayed="true" />
[debug] &amp#27;[35m[BaseDriver]&amp#27;[39m                           <android.view.ViewGroup index="1" package="com.tencent.wework" class="android.view.ViewGroup" text="" resource-id="com.tencent.wework:id/gl6" checkable="false" checked="false" clickable="false" enabled="true" focusable="false" focused="false" long-clickable="false" password="false" scrollable="false" selected="false" bounds="[176,1271][1047,1329]" displayed="true">
[debug] &amp#27;[35m[BaseDriver]&amp#27;[39m                             <android.widget.LinearLayout index="0" package="com.tencent.wework" class="android.widget.LinearLayout" text="" resource-id="com.tencent.wework:id/glm" checkable="false" checked="false" clickable="false" enabled="true" focusable="false" focused="false" long-clickable="false" password="false" scrollable="false" selected="false" bounds="[176,1271][264,1329]" displayed="true">
[debug] &amp#27;[35m[BaseDriver]&amp#27;[39m                               <android.widget.TextView index="0" package="com.tencent.wework" class="android.widget.TextView" text="归成" resource-id="com.tencent.wework:id/g12" checkable="false" checked="false" clickable="false" enabled="true" focusable="false" focused="false" long-clickable="false" password="false" scrollable="false" selected="false" bounds="[176,1271][264,1329]" displayed="true" />
[debug] &amp#27;[35m[BaseDriver]&amp#27;[39m                             </android.widget.LinearLayout>
[debug] &amp#27;[35m[BaseDriver]&amp#27;[39m                             <android.widget.ImageView index="1" package="com.tencent.wework" class="android.widget.ImageView" text="" resource-id="com.tencent.wework:id/g13" checkable="false" checked="false" clickable="false" enabled="true" focusable="false" focused="false" long-clickable="false" password="false" scrollable="false" selected="false" bounds="[275,1300][276,1301]" displayed="true" />
[debug] &amp#27;[35m[BaseDriver]&amp#27;[39m                           </android.view.ViewGroup>
[debug] &amp#27;[35m[BaseDriver]&amp#27;[39m                         </android.view.ViewGroup>
[debug] &amp#27;[35m[BaseDriver]&amp#27;[39m                         <android.view.ViewGroup index="9" package="com.tencent.wework" class="android.view.ViewGroup" text="" resource-id="com.tencent.wework:id/jeo" checkable="false" checked="false" clickable="true" enabled="true" focusable="true" focused="false" long-clickable="false" password="false" scrollable="false" selected="false" bounds="[0,1372][1080,1515]" displayed="true">
[debug] &amp#27;[35m[BaseDriver]&amp#27;[39m                           <android.widget.ImageView index="0" package="com.tencent.wework" class="android.widget.ImageView" text="" resource-id="com.tencent.wework:id/ibe" checkable="false" checked="false" clickable="false" enabled="true" focusable="false" focused="false" long-clickable="false" password="false" scrollable="false" selected="false" bounds="[44,1394][143,1493]" displayed="true" />
[debug] &amp#27;[35m[BaseDriver]&amp#27;[39m                           <android.view.ViewGroup index="1" package="com.tencent.wework" class="android.view.ViewGroup" text="" resource-id="com.tencent.wework:id/gl6" checkable="false" checked="false" clickable="false" enabled="true" focusable="false" focused="false" long-clickable="false" password="false" scrollable="false" selected="false" bounds="[176,1415][1047,1473]" displayed="true">
[debug] &amp#27;[35m[BaseDriver]&amp#27;[39m                             <android.widget.LinearLayout index="0" package="com.tencent.wework" class="android.widget.LinearLayout" text="" resource-id="com.tencent.wework:id/glm" checkable="false" checked="false" clickable="false" enabled="true" focusable="false" focused="false" long-clickable="false" password="false" scrollable="false" selected="false" bounds="[176,1415][264,1473]" displayed="true">
[debug] &amp#27;[35m[BaseDriver]&amp#27;[39m                               <android.widget.TextView index="0" package="com.tencent.wework" class="android.widget.TextView" text="奚宣" resource-id="com.tencent.wework:id/g12" checkable="false" checked="false" clickable="false" enabled="true" focusable="false" focused="false" long-clickable="false" password="false" scrollable="false" selected="false" bounds="[176,1415][264,1473]" displayed="true" />
[debug] &amp#27;[35m[BaseDriver]&amp#27;[39m                             </android.widget.LinearLayout>
[debug] &amp#27;[35m[BaseDriver]&amp#27;[39m                             <android.widget.ImageView index="1" package="com.tencent.wework" class="android.widget.ImageView" text="" resource-id="com.tencent.wework:id/g13" checkable="false" checked="false" clickable="false" enabled="true" focusable="false" focused="false" long-clickable="false" password="false" scrollable="false" selected="false" bounds="[275,1444][276,1445]" displayed="true" />
[debug] &amp#27;[35m[BaseDriver]&amp#27;[39m                           </android.view.ViewGroup>
[debug] &amp#27;[35m[BaseDriver]&amp#27;[39m                         </android.view.ViewGroup>
[debug] &amp#27;[35m[BaseDriver]&amp#27;[39m                         <android.view.ViewGroup index="10" package="com.tencent.wework" class="android.view.ViewGroup" text="" resource-id="com.tencent.wework:id/jeo" checkable="false" checked="false" clickable="true" enabled="true" focusable="true" focused="false" long-clickable="false" password="false" scrollable="false" selected="false" bounds="[0,1516][1080,1659]" displayed="true">
[debug] &amp#27;[35m[BaseDriver]&amp#27;[39m                           <android.widget.ImageView index="0" package="com.tencent.wework" class="android.widget.ImageView" text="" resource-id="com.tencent.wework:id/ibe" checkable="false" checked="false" clickable="false" enabled="true" focusable="false" focused="false" long-clickable="false" password="false" scrollable="false" selected="false" bounds="[44,1538][143,1637]" displayed="true" />
[debug] &amp#27;[35m[BaseDriver]&amp#27;[39m                           <android.view.ViewGroup index="1" package="com.tencent.wework" class="android.view.ViewGroup" text="" resource-id="com.tencent.wework:id/gl6" checkable="false" checked="false" clickable="false" enabled="true" focusable="false" focused="false" long-clickable="false" password="false" scrollable="false" selected="false" bounds="[176,1559][1047,1617]" displayed="true">
[debug] &amp#27;[35m[BaseDriver]&amp#27;[39m                             <android.widget.LinearLayout index="0" package="com.tencent.wework" class="android.widget.LinearLayout" text="" resource-id="com.tencent.wework:id/glm" checkable="false" checked="false" clickable="false" enabled="true" focusable="false" focused="false" long-clickable="false" password="false" scrollable="false" selected="false" bounds="[176,1559][308,1617]" displayed="true">
[debug] &amp#27;[35m[BaseDriver]&amp#27;[39m                               <android.widget.TextView index="0" package="com.tencent.wework" class="android.widget.TextView" text="高弘文" resource-id="com.tencent.wework:id/g12" checkable="false" checked="false" clickable="false" enabled="true" focusable="false" focused="false" long-clickable="false" password="false" scrollable="false" selected="false" bounds="[176,1559][308,1617]" displayed="true" />
[debug] &amp#27;[35m[BaseDriver]&amp#27;[39m                             </android.widget.LinearLayout>
[debug] &amp#27;[35m[BaseDriver]&amp#27;[39m                             <android.widget.ImageView index="1" package="com.tencent.wework" class="android.widget.ImageView" text="" resource-id="com.tencent.wework:id/g13" checkable="false" checked="false" clickable="false" enabled="true" focusable="false" focused="false" long-clickable="false" password="false" scrollable="false" selected="false" bounds="[319,1588][320,1589]" displayed="true" />
[debug] &amp#27;[35m[BaseDriver]&amp#27;[39m                           </android.view.ViewGroup>
[debug] &amp#27;[35m[BaseDriver]&amp#27;[39m                         </android.view.ViewGroup>
[debug] &amp#27;[35m[BaseDriver]&amp#27;[39m                         <android.view.ViewGroup index="11" package="com.tencent.wework" class="android.view.ViewGroup" text="" resource-id="com.tencent.wework:id/jeo" checkable="false" checked="false" clickable="true" enabled="true" focusable="true" focused="false" long-clickable="false" password="false" scrollable="false" selected="false" bounds="[0,1660][1080,1803]" displayed="true">
[debug] &amp#27;[35m[BaseDriver]&amp#27;[39m                           <android.widget.ImageView index="0" package="com.tencent.wework" class="android.widget.ImageView" text="" resource-id="com.tencent.wework:id/ibe" checkable="false" checked="false" clickable="false" enabled="true" focusable="false" focused="false" long-clickable="false" password="false" scrollable="false" selected="false" bounds="[44,1682][143,1781]" displayed="true" />
[debug] &amp#27;[35m[BaseDriver]&amp#27;[39m                           <android.view.ViewGroup index="1" package="com.tencent.wework" class="android.view.ViewGroup" text="" resource-id="com.tencent.wework:id/gl6" checkable="false" checked="false" clickable="false" enabled="true" focusable="false" focused="false" long-clickable="false" password="false" scrollable="false" selected="false" bounds="[176,1703][1047,1761]" displayed="true">
[debug] &amp#27;[35m[BaseDriver]&amp#27;[39m                             <android.widget.LinearLayout index="0" package="com.tencent.wework" class="android.widget.LinearLayout" text="" resource-id="com.tencent.wework:id/glm" checkable="false" checked="false" clickable="false" enabled="true" focusable="false" focused="false" long-clickable="false" password="false" scrollable="false" selected="false" bounds="[176,1703][308,1761]" displayed="true">
[debug] &amp#27;[35m[BaseDriver]&amp#27;[39m                               <android.widget.TextView index="0" package="com.tencent.wework" class="android.widget.TextView" text="朱健柏" resource-id="com.tencent.wework:id/g12" checkable="false" checked="false" clickable="false" enabled="true" focusable="false" focused="false" long-clickable="false" password="false" scrollable="false" selected="false" bounds="[176,1703][308,1761]" displayed="true" />
[debug] &amp#27;[35m[BaseDriver]&amp#27;[39m                             </android.widget.LinearLayout>
[debug] &amp#27;[35m[BaseDriver]&amp#27;[39m                             <android.widget.ImageView index="1" package="com.tencent.wework" class="android.widget.ImageView" text="" resource-id="com.tencent.wework:id/g13" checkable="false" checked="false" clickable="false" enabled="true" focusable="false" focused="false" long-clickable="false" password="false" scrollable="false" selected="false" bounds="[319,1732][320,1733]" displayed="true" />
[debug] &amp#27;[35m[BaseDriver]&amp#27;[39m                           </android.view.ViewGroup>
[debug] &amp#27;[35m[BaseDriver]&amp#27;[39m                         </android.view.ViewGroup>
[debug] &amp#27;[35m[BaseDriver]&amp#27;[39m                         <android.view.ViewGroup index="12" package="com.tencent.wework" class="android.view.ViewGroup" text="" resource-id="com.tencent.wework:id/jeo" checkable="false" checked="false" clickable="true" enabled="true" focusable="true" focused="false" long-clickable="false" password="false" scrollable="false" selected="false" bounds="[0,1804][1080,1947]" displayed="true">
[debug] &amp#27;[35m[BaseDriver]&amp#27;[39m                           <android.widget.ImageView index="0" package="com.tencent.wework" class="android.widget.ImageView" text="" resource-id="com.tencent.wework:id/ibe" checkable="false" checked="false" clickable="false" enabled="true" focusable="false" focused="false" long-clickable="false" password="false" scrollable="false" selected="false" bounds="[44,1826][143,1925]" displayed="true" />
[debug] &amp#27;[35m[BaseDriver]&amp#27;[39m                           <android.view.ViewGroup index="1" package="com.tencent.wework" class="android.view.ViewGroup" text="" resource-id="com.tencent.wework:id/gl6" checkable="false" checked="false" clickable="false" enabled="true" focusable="false" focused="false" long-clickable="false" password="false" scrollable="false" selected="false" bounds="[176,1847][1047,1905]" displayed="true">
[debug] &amp#27;[35m[BaseDriver]&amp#27;[39m                             <android.widget.LinearLayout index="0" package="com.tencent.wework" class="android.widget.LinearLayout" text="" resource-id="com.tencent.wework:id/glm" checkable="false" checked="false" clickable="false" enabled="true" focusable="false" focused="false" long-clickable="false" password="false" scrollable="false" selected="false" bounds="[176,1847][308,1905]" displayed="true">
[debug] &amp#27;[35m[BaseDriver]&amp#27;[39m                               <android.widget.TextView index="0" package="com.tencent.wework" class="android.widget.TextView" text="黎昊强" resource-id="com.tencent.wework:id/g12" checkable="false" checked="false" clickable="false" enabled="true" focusable="false" focused="false" long-clickable="false" password="false" scrollable="false" selected="false" bounds="[176,1847][308,1905]" displayed="true" />
[debug] &amp#27;[35m[BaseDriver]&amp#27;[39m                             </android.widget.LinearLayout>
[debug] &amp#27;[35m[BaseDriver]&amp#27;[39m                             <android.widget.ImageView index="1" package="com.tencent.wework" class="android.widget.ImageView" text="" resource-id="com.tencent.wework:id/g13" checkable="false" checked="false" clickable="false" enabled="true" focusable="false" focused="false" long-clickable="false" password="false" scrollable="false" selected="false" bounds="[319,1876][320,1877]" displayed="true" />
[debug] &amp#27;[35m[BaseDriver]&amp#27;[39m                           </android.view.ViewGroup>
[debug] &amp#27;[35m[BaseDriver]&amp#27;[39m                         </android.view.ViewGroup>
[debug] &amp#27;[35m[BaseDriver]&amp#27;[39m                         <android.view.ViewGroup index="13" package="com.tencent.wework" class="android.view.ViewGroup" text="" resource-id="com.tencent.wework:id/jeo" checkable="false" checked="false" clickable="true" enabled="true" focusable="true" focused="false" long-clickable="false" password="false" scrollable="false" selected="false" bounds="[0,1948][1080,2091]" displayed="true">
[debug] &amp#27;[35m[BaseDriver]&amp#27;[39m                           <android.widget.ImageView index="0" package="com.tencent.wework" class="android.widget.ImageView" text="" resource-id="com.tencent.wework:id/ibe" checkable="false" checked="false" clickable="false" enabled="true" focusable="false" focused="false" long-clickable="false" password="false" scrollable="false" selected="false" bounds="[44,1970][143,2069]" displayed="true" />
[debug] &amp#27;[35m[BaseDriver]&amp#27;[39m                           <android.view.ViewGroup index="1" package="com.tencent.wework" class="android.view.ViewGroup" text="" resource-id="com.tencent.wework:id/gl6" checkable="false" checked="false" clickable="false" enabled="true" focusable="false" focused="false" long-clickable="false" password="false" scrollable="false" selected="false" bounds="[176,1991][1047,2049]" displayed="true">
[debug] &amp#27;[35m[BaseDriver]&amp#27;[39m                             <android.widget.LinearLayout index="0" package="com.tencent.wework" class="android.widget.LinearLayout" text="" resource-id="com.tencent.wework:id/glm" checkable="false" checked="false" clickable="false" enabled="true" focusable="false" focused="false" long-clickable="false" password="false" scrollable="false" selected="false" bounds="[176,1991][308,2049]" displayed="true">
[debug] &amp#27;[35m[BaseDriver]&amp#27;[39m                               <android.widget.TextView index="0" package="com.tencent.wework" class="android.widget.TextView" text="覃子涵" resource-id="com.tencent.wework:id/g12" checkable="false" checked="false" clickable="false" enabled="true" focusable="false" focused="false" long-clickable="false" password="false" scrollable="false" selected="false" bounds="[176,1991][308,2049]" displayed="true" />
[debug] &amp#27;[35m[BaseDriver]&amp#27;[39m                             </android.widget.LinearLayout>
[debug] &amp#27;[35m[BaseDriver]&amp#27;[39m                             <android.widget.ImageView index="1" package="com.tencent.wework" class="android.widget.ImageView" text="" resource-id="com.tencent.wework:id/g13" checkable="false" checked="false" clickable="false" enabled="true" focusable="false" focused="false" long-clickable="false" password="false" scrollable="false" selected="false" bounds="[319,2020][320,2021]" displayed="true" />
[debug] &amp#27;[35m[BaseDriver]&amp#27;[39m                           </android.view.ViewGroup>
[debug] &amp#27;[35m[BaseDriver]&amp#27;[39m                         </android.view.ViewGroup>
[debug] &amp#27;[35m[BaseDriver]&amp#27;[39m                         <android.view.ViewGroup index="14" package="com.tencent.wework" class="android.view.ViewGroup" text="" resource-id="com.tencent.wework:id/jeo" checkable="false" checked="false" clickable="true" enabled="true" focusable="true" focused="false" long-clickable="false" password="false" scrollable="false" selected="false" bounds="[0,2092][1080,2201]" displayed="true">
[debug] &amp#27;[35m[BaseDriver]&amp#27;[39m                           <android.widget.ImageView index="0" package="com.tencent.wework" class="android.widget.ImageView" text="" resource-id="com.tencent.wework:id/ibe" checkable="false" checked="false" clickable="false" enabled="true" focusable="false" focused="false" long-clickable="false" password="false" scrollable="false" selected="false" bounds="[44,2114][143,2201]" displayed="true" />
[debug] &amp#27;[35m[BaseDriver]&amp#27;[39m                           <android.view.ViewGroup index="1" package="com.tencent.wework" class="android.view.ViewGroup" text="" resource-id="com.tencent.wework:id/gl6" checkable="false" checked="false" clickable="false" enabled="true" focusable="false" focused="false" long-clickable="false" password="false" scrollable="false" selected="false" bounds="[176,2135][1047,2193]" displayed="true">
[debug] &amp#27;[35m[BaseDriver]&amp#27;[39m                             <android.widget.LinearLayout index="0" package="com.tencent.wework" class="android.widget.LinearLayout" text="" resource-id="com.tencent.wework:id/glm" checkable="false" checked="false" clickable="false" enabled="true" focusable="false" focused="false" long-clickable="false" password="false" scrollable="false" selected="false" bounds="[176,2135][308,2193]" displayed="true">
[debug] &amp#27;[35m[BaseDriver]&amp#27;[39m                               <android.widget.TextView index="0" package="com.tencent.wework" class="android.widget.TextView" text="程立辉" resource-id="com.tencent.wework:id/g12" checkable="false" checked="false" clickable="false" enabled="true" focusable="false" focused="false" long-clickable="false" password="false" scrollable="false" selected="false" bounds="[176,2135][308,2193]" displayed="true" />
[debug] &amp#27;[35m[BaseDriver]&amp#27;[39m                             </android.widget.LinearLayout>
[debug] &amp#27;[35m[BaseDriver]&amp#27;[39m                             <android.widget.ImageView index="1" package="com.tencent.wework" class="android.widget.ImageView" text="" resource-id="com.tencent.wework:id/g13" checkable="false" checked="false" clickable="false" enabled="true" focusable="false" focused="false" long-clickable="false" password="false" scrollable="false" selected="false" bounds="[319,2164][320,2165]" displayed="true" />
[debug] &amp#27;[35m[BaseDriver]&amp#27;[39m                           </android.view.ViewGroup>
[debug] &amp#27;[35m[BaseDriver]&amp#27;[39m                         </android.view.ViewGroup>
[debug] &amp#27;[35m[BaseDriver]&amp#27;[39m                       </androidx.recyclerview.widget.RecyclerView>
[debug] &amp#27;[35m[BaseDriver]&amp#27;[39m                     </android.widget.RelativeLayout>
[debug] &amp#27;[35m[BaseDriver]&amp#27;[39m                   </android.widget.LinearLayout>
[debug] &amp#27;[35m[BaseDriver]&amp#27;[39m                 </android.widget.FrameLayout>
[debug] &amp#27;[35m[BaseDriver]&amp#27;[39m                 <android.widget.LinearLayout index="2" package="com.tencent.wework" class="android.widget.LinearLayout" text="" resource-id="com.tencent.wework:id/gko" checkable="false" checked="false" clickable="false" enabled="true" focusable="false" focused="false" long-clickable="false" password="false" scrollable="false" selected="false" bounds="[0,2201][1080,2276]" displayed="true">
[debug] &amp#27;[35m[BaseDriver]&amp#27;[39m                   <android.view.View index="0" package="com.tencent.wework" class="android.view.View" text="" checkable="false" checked="false" clickable="false" enabled="true" focusable="false" focused="false" long-clickable="false" password="false" scrollable="false" selected="false" bounds="[0,2201][1080,2202]" displayed="true" />
[debug] &amp#27;[35m[BaseDriver]&amp#27;[39m                   <android.view.ViewGroup index="1" package="com.tencent.wework" class="android.view.ViewGroup" text="" resource-id="com.tencent.wework:id/kru" checkable="false" checked="false" clickable="false" enabled="true" focusable="false" focused="false" long-clickable="false" password="false" scrollable="false" selected="false" bounds="[0,2202][1080,2276]" displayed="true">
[debug] &amp#27;[35m[BaseDriver]&amp#27;[39m                     <android.widget.RelativeLayout index="0" package="com.tencent.wework" class="android.widget.RelativeLayout" text="" checkable="false" checked="false" clickable="true" enabled="true" focusable="true" focused="false" long-clickable="false" password="false" scrollable="false" selected="false" bounds="[0,2202][216,2276]" displayed="true">
[debug] &amp#27;[35m[BaseDriver]&amp#27;[39m                       <android.widget.RelativeLayout index="0" package="com.tencent.wework" class="android.widget.RelativeLayout" text="" checkable="false" checked="false" clickable="false" enabled="true" focusable="false" focused="false" long-clickable="false" password="false" scrollable="false" selected="false" bounds="[0,2202][216,2276]" displayed="true">
[debug] &amp#27;[35m[BaseDriver]&amp#27;[39m                         <android.widget.TextView index="0" package="com.tencent.wework" class="android.widget.TextView" text="消息" resource-id="com.tencent.wework:id/gks" checkable="false" checked="false" clickable="false" enabled="true" focusable="false" focused="false" long-clickable="false" password="false" scrollable="false" selected="false" bounds="[0,2225][216,2276]" displayed="true" />
[debug] &amp#27;[35m[BaseDriver]&amp#27;[39m                         <android.widget.TextView index="1" package="com.tencent.wework" class="android.widget.TextView" text="2" resource-id="com.tencent.wework:id/j2r" checkable="false" checked="false" clickable="false" enabled="true" focusable="false" focused="false" long-clickable="false" password="false" scrollable="false" selected="false" bounds="[127,2213][175,2261]" displayed="true" />
[debug] &amp#27;[35m[BaseDriver]&amp#27;[39m                       </android.widget.RelativeLayout>
[debug] &amp#27;[35m[BaseDriver]&amp#27;[39m                     </android.widget.RelativeLayout>
[debug] &amp#27;[35m[BaseDriver]&amp#27;[39m                     <android.widget.RelativeLayout index="1" package="com.tencent.wework" class="android.widget.RelativeLayout" text="" checkable="false" checked="false" clickable="true" enabled="true" focusable="true" focused="false" long-clickable="false" password="false" scrollable="false" selected="false" bounds="[216,2202][432,2276]" displayed="true">
[debug] &amp#27;[35m[BaseDriver]&amp#27;[39m                       <android.widget.RelativeLayout index="0" package="com.tencent.wework" class="android.widget.RelativeLayout" text="" checkable="false" checked="false" clickable="false" enabled="true" focusable="false" focused="false" long-clickable="false" password="false" scrollable="false" selected="false" bounds="[216,2202][432,2276]" displayed="true">
[debug] &amp#27;[35m[BaseDriver]&amp#27;[39m                         <android.widget.TextView index="0" package="com.tencent.wework" class="android.widget.TextView" text="邮件" resource-id="com.tencent.wework:id/gks" checkable="false" checked="false" clickable="false" enabled="true" focusable="false" focused="false" long-clickable="false" password="false" scrollable="false" selected="false" bounds="[216,2225][432,2276]" displayed="true" />
[debug] &amp#27;[35m[BaseDriver]&amp#27;[39m                       </android.widget.RelativeLayout>
[debug] &amp#27;[35m[BaseDriver]&amp#27;[39m                     </android.widget.RelativeLayout>
[debug] &amp#27;[35m[BaseDriver]&amp#27;[39m                     <android.widget.RelativeLayout index="2" package="com.tencent.wework" class="android.widget.RelativeLayout" text="" checkable="false" checked="false" clickable="true" enabled="true" focusable="true" focused="false" long-clickable="false" password="false" scrollable="false" selected="false" bounds="[432,2202][648,2276]" displayed="true">
[debug] &amp#27;[35m[BaseDriver]&amp#27;[39m                       <android.widget.RelativeLayout index="0" package="com.tencent.wework" class="android.widget.RelativeLayout" text="" checkable="false" checked="false" clickable="false" enabled="true" focusable="false" focused="false" long-clickable="false" password="false" scrollable="false" selected="false" bounds="[432,2202][648,2276]" displayed="true">
[debug] &amp#27;[35m[BaseDriver]&amp#27;[39m                         <android.widget.TextView index="0" package="com.tencent.wework" class="android.widget.TextView" text="文档" resource-id="com.tencent.wework:id/gks" checkable="false" checked="false" clickable="false" enabled="true" focusable="false" focused="false" long-clickable="false" password="false" scrollable="false" selected="false" bounds="[432,2225][648,2276]" displayed="true" />
[debug] &amp#27;[35m[BaseDriver]&amp#27;[39m                       </android.widget.RelativeLayout>
[debug] &amp#27;[35m[BaseDriver]&amp#27;[39m                     </android.widget.RelativeLayout>
[debug] &amp#27;[35m[BaseDriver]&amp#27;[39m                     <android.widget.RelativeLayout index="3" package="com.tencent.wework" class="android.widget.RelativeLayout" text="" checkable="false" checked="false" clickable="true" enabled="true" focusable="true" focused="false" long-clickable="false" password="false" scrollable="false" selected="false" bounds="[648,2202][864,2276]" displayed="true">
[debug] &amp#27;[35m[BaseDriver]&amp#27;[39m                       <android.widget.RelativeLayout index="0" package="com.tencent.wework" class="android.widget.RelativeLayout" text="" checkable="false" checked="false" clickable="false" enabled="true" focusable="false" focused="false" long-clickable="false" password="false" scrollable="false" selected="false" bounds="[648,2202][864,2276]" displayed="true">
[debug] &amp#27;[35m[BaseDriver]&amp#27;[39m                         <android.widget.TextView index="0" package="com.tencent.wework" class="android.widget.TextView" text="工作台" resource-id="com.tencent.wework:id/gks" checkable="false" checked="false" clickable="false" enabled="true" focusable="false" focused="false" long-clickable="false" password="false" scrollable="false" selected="false" bounds="[648,2225][864,2276]" displayed="true" />
[debug] &amp#27;[35m[BaseDriver]&amp#27;[39m                       </android.widget.RelativeLayout>
[debug] &amp#27;[35m[BaseDriver]&amp#27;[39m                     </android.widget.RelativeLayout>
[debug] &amp#27;[35m[BaseDriver]&amp#27;[39m                     <android.widget.RelativeLayout index="4" package="com.tencent.wework" class="android.widget.RelativeLayout" text="" checkable="false" checked="false" clickable="true" enabled="true" focusable="true" focused="false" long-clickable="false" password="false" scrollable="false" selected="false" bounds="[864,2202][1080,2276]" displayed="true">
[debug] &amp#27;[35m[BaseDriver]&amp#27;[39m                       <android.widget.RelativeLayout index="0" package="com.tencent.wework" class="android.widget.RelativeLayout" text="" checkable="false" checked="false" clickable="false" enabled="true" focusable="false" focused="false" long-clickable="false" password="false" scrollable="false" selected="false" bounds="[864,2202][1080,2276]" displayed="true">
[debug] &amp#27;[35m[BaseDriver]&amp#27;[39m                         <android.widget.TextView index="0" package="com.tencent.wework" class="android.widget.TextView" text="通讯录" resource-id="com.tencent.wework:id/gks" checkable="false" checked="false" clickable="false" enabled="true" focusable="false" focused="false" long-clickable="false" password="false" scrollable="false" selected="true" bounds="[864,2225][1080,2276]" displayed="true" />
[debug] &amp#27;[35m[BaseDriver]&amp#27;[39m                       </android.widget.RelativeLayout>
[debug] &amp#27;[35m[BaseDriver]&amp#27;[39m                     </android.widget.RelativeLayout>
[debug] &amp#27;[35m[BaseDriver]&amp#27;[39m                   </android.view.ViewGroup>
[debug] &amp#27;[35m[BaseDriver]&amp#27;[39m                 </android.widget.LinearLayout>
[debug] &amp#27;[35m[BaseDriver]&amp#27;[39m               </android.widget.RelativeLayout>
[debug] &amp#27;[35m[BaseDriver]&amp#27;[39m               <android.widget.FrameLayout index="1" package="com.tencent.wework" class="android.widget.FrameLayout" text="" resource-id="com.tencent.wework:id/hjs" checkable="false" checked="false" clickable="false" enabled="true" focusable="false" focused="false" long-clickable="false" password="false" scrollable="false" selected="false" bounds="[0,0][992,2276]" displayed="true" />
[debug] &amp#27;[35m[BaseDriver]&amp#27;[39m             </android.widget.FrameLayout>
[debug] &amp#27;[35m[BaseDriver]&amp#27;[39m           </android.widget.FrameLayout>
[debug] &amp#27;[35m[BaseDriver]&amp#27;[39m         </android.widget.LinearLayout>
[debug] &amp#27;[35m[BaseDriver]&amp#27;[39m       </android.widget.FrameLayout>
[debug] &amp#27;[35m[BaseDriver]&amp#27;[39m     </android.widget.LinearLayout>
[debug] &amp#27;[35m[BaseDriver]&amp#27;[39m   </android.widget.FrameLayout>
[debug] &amp#27;[35m[BaseDriver]&amp#27;[39m </hierarchy>
[debug] &amp#27;[35m[W3C (da2896bd)]&amp#27;[39m Encountered internal error running command: NoSuchElementError: An element could not be located on the page using the given search parameters.
[debug] &amp#27;[35m[W3C (da2896bd)]&amp#27;[39m     at AndroidUiautomator2Driver.findElOrEls (/opt/homebrew/lib/node_modules/appium/node_modules/appium-android-driver/lib/commands/find.js:75:11)
[debug] &amp#27;[35m[W3C (da2896bd)]&amp#27;[39m     at processTicksAndRejections (node:internal/process/task_queues:95:5)
[debug] &amp#27;[35m[W3C (da2896bd)]&amp#27;[39m     at AndroidUiautomator2Driver.findElOrElsWithProcessing (/opt/homebrew/lib/node_modules/appium/node_modules/appium-base-driver/lib/basedriver/commands/find.js:33:12)
[debug] &amp#27;[35m[W3C (da2896bd)]&amp#27;[39m     at AndroidUiautomator2Driver.findElement (/opt/homebrew/lib/node_modules/appium/node_modules/appium-base-driver/lib/basedriver/commands/find.js:53:10)
&amp#27;[35m[HTTP]&amp#27;[39m &amp#27;[37m<-- POST /wd/hub/session/da2896bd-438a-4f7f-9343-bd96e6f29722/element &amp#27;[39m&amp#27;[33m404&amp#27;[39m &amp#27;[90m20166 ms - 791&amp#27;[39m
&amp#27;[35m[HTTP]&amp#27;[39m &amp#27;[90m&amp#27;[39m
2023-05-28 09:16:03  &amp#27;[34m&amp#27;[0;39mINFO  &amp#27;[35m[main]&amp#27;[0;39m &amp#27;[33mtop.testeru.page.AppBasePage.upAndDown(AppBasePage.java:156)&amp#27;[0;39m -- 上下滑动
&amp#27;[35m[HTTP]&amp#27;[39m &amp#27;[37m-->&amp#27;[39m &amp#27;[37mGET&amp#27;[39m &amp#27;[37m/wd/hub/session/da2896bd-438a-4f7f-9343-bd96e6f29722/window/rect&amp#27;[39m
&amp#27;[35m[HTTP]&amp#27;[39m &amp#27;[90m{}&amp#27;[39m
[debug] &amp#27;[35m[W3C (da2896bd)]&amp#27;[39m Calling AppiumDriver.getWindowRect() with args: ["da2896bd-438a-4f7f-9343-bd96e6f29722"]
[debug] &amp#27;[35m[WD Proxy]&amp#27;[39m Matched '/window/current/size' to command name 'getWindowSize'
[debug] &amp#27;[35m[WD Proxy]&amp#27;[39m Proxying [GET /window/current/size] to [GET http://127.0.0.1:8200/wd/hub/session/2e74e7b9-85a6-478f-8ae2-621a49ed711a/window/current/size] with no body
[debug] &amp#27;[35m[WD Proxy]&amp#27;[39m Got response with status 200: {"sessionId":"2e74e7b9-85a6-478f-8ae2-621a49ed711a","value":{"height":2276,"width":1080}}
[debug] &amp#27;[35m[W3C (da2896bd)]&amp#27;[39m Responding to client with driver.getWindowRect() result: {"width":1080,"height":2276,"x":0,"y":0}
&amp#27;[35m[HTTP]&amp#27;[39m &amp#27;[37m<-- GET /wd/hub/session/da2896bd-438a-4f7f-9343-bd96e6f29722/window/rect &amp#27;[39m&amp#27;[32m200&amp#27;[39m &amp#27;[90m6 ms - 50&amp#27;[39m
&amp#27;[35m[HTTP]&amp#27;[39m &amp#27;[90m&amp#27;[39m
2023-05-28 09:16:03  &amp#27;[34m&amp#27;[0;39mINFO  &amp#27;[35m[main]&amp#27;[0;39m &amp#27;[33mtop.testeru.page.AppBasePage.upAndDown(AppBasePage.java:163)&amp#27;[0;39m -- 从(540, 1820)滑动到(540, 455)
&amp#27;[35m[HTTP]&amp#27;[39m &amp#27;[37m-->&amp#27;[39m &amp#27;[37mPOST&amp#27;[39m &amp#27;[37m/wd/hub/session/da2896bd-438a-4f7f-9343-bd96e6f29722/actions&amp#27;[39m
&amp#27;[35m[HTTP]&amp#27;[39m &amp#27;[90m{"actions":[{"id":"finger1","type":"pointer","parameters":{"pointerType":"touch"},"actions":[{"duration":0,"type":"pause"},{"duration":0,"x":540,"y":1820,"type":"pointerMove","origin":"viewport"},{"button":0,"type":"pointerDown"},{"duration":1000,"x":540,"y":455,"type":"pointerMove","origin":"viewport"},{"button":0,"type":"pointerUp"}]}]}&amp#27;[39m
[debug] &amp#27;[35m[W3C (da2896bd)]&amp#27;[39m Calling AppiumDriver.performActions() with args: [[{"id":"finger1","type":"pointer","parameters":{"pointerType":"touch"},"actions":[{"duration":0,"type":"pause"},{"duration":0,"x":540,"y":1820,"type":"pointerMove","origin":"viewport"},{"button":0,"type":"pointerDown"},{"duration":1000,"x":540,"y":455,"type":"pointerMove","origin":"viewport"},{"button":0,"type":"pointerUp"}]}],"da2896bd-438a-4f7f-9343-bd96e6f29722"]
[debug] &amp#27;[35m[UiAutomator2]&amp#27;[39m Received the following W3C actions: [
[debug] &amp#27;[35m[UiAutomator2]&amp#27;[39m   {
[debug] &amp#27;[35m[UiAutomator2]&amp#27;[39m     "id": "finger1",
[debug] &amp#27;[35m[UiAutomator2]&amp#27;[39m     "type": "pointer",
[debug] &amp#27;[35m[UiAutomator2]&amp#27;[39m     "parameters": {
[debug] &amp#27;[35m[UiAutomator2]&amp#27;[39m       "pointerType": "touch"
[debug] &amp#27;[35m[UiAutomator2]&amp#27;[39m     },
[debug] &amp#27;[35m[UiAutomator2]&amp#27;[39m     "actions": [
[debug] &amp#27;[35m[UiAutomator2]&amp#27;[39m       {
[debug] &amp#27;[35m[UiAutomator2]&amp#27;[39m         "duration": 0,
[debug] &amp#27;[35m[UiAutomator2]&amp#27;[39m         "type": "pause"
[debug] &amp#27;[35m[UiAutomator2]&amp#27;[39m       },
[debug] &amp#27;[35m[UiAutomator2]&amp#27;[39m       {
[debug] &amp#27;[35m[UiAutomator2]&amp#27;[39m         "duration": 0,
[debug] &amp#27;[35m[UiAutomator2]&amp#27;[39m         "x": 540,
[debug] &amp#27;[35m[UiAutomator2]&amp#27;[39m         "y": 1820,
[debug] &amp#27;[35m[UiAutomator2]&amp#27;[39m         "type": "pointerMove",
[debug] &amp#27;[35m[UiAutomator2]&amp#27;[39m         "origin": "viewport"
[debug] &amp#27;[35m[UiAutomator2]&amp#27;[39m       },
[debug] &amp#27;[35m[UiAutomator2]&amp#27;[39m       {
[debug] &amp#27;[35m[UiAutomator2]&amp#27;[39m         "button": 0,
[debug] &amp#27;[35m[UiAutomator2]&amp#27;[39m         "type": "pointerDown"
[debug] &amp#27;[35m[UiAutomator2]&amp#27;[39m       },
[debug] &amp#27;[35m[UiAutomator2]&amp#27;[39m       {
[debug] &amp#27;[35m[UiAutomator2]&amp#27;[39m         "duration": 1000,
[debug] &amp#27;[35m[UiAutomator2]&amp#27;[39m         "x": 540,
[debug] &amp#27;[35m[UiAutomator2]&amp#27;[39m         "y": 455,
[debug] &amp#27;[35m[UiAutomator2]&amp#27;[39m         "type": "pointerMove",
[debug] &amp#27;[35m[UiAutomator2]&amp#27;[39m         "origin": "viewport"
[debug] &amp#27;[35m[UiAutomator2]&amp#27;[39m       },
[debug] &amp#27;[35m[UiAutomator2]&amp#27;[39m       {
[debug] &amp#27;[35m[UiAutomator2]&amp#27;[39m         "button": 0,
[debug] &amp#27;[35m[UiAutomator2]&amp#27;[39m         "type": "pointerUp"
[debug] &amp#27;[35m[UiAutomator2]&amp#27;[39m       }
[debug] &amp#27;[35m[UiAutomator2]&amp#27;[39m     ]
[debug] &amp#27;[35m[UiAutomator2]&amp#27;[39m   }
[debug] &amp#27;[35m[UiAutomator2]&amp#27;[39m ]
[debug] &amp#27;[35m[UiAutomator2]&amp#27;[39m Preprocessed actions: [
[debug] &amp#27;[35m[UiAutomator2]&amp#27;[39m   {
[debug] &amp#27;[35m[UiAutomator2]&amp#27;[39m     "id": "finger1",
[debug] &amp#27;[35m[UiAutomator2]&amp#27;[39m     "type": "pointer",
[debug] &amp#27;[35m[UiAutomator2]&amp#27;[39m     "parameters": {
[debug] &amp#27;[35m[UiAutomator2]&amp#27;[39m       "pointerType": "touch"
[debug] &amp#27;[35m[UiAutomator2]&amp#27;[39m     },
[debug] &amp#27;[35m[UiAutomator2]&amp#27;[39m     "actions": [
[debug] &amp#27;[35m[UiAutomator2]&amp#27;[39m       {
[debug] &amp#27;[35m[UiAutomator2]&amp#27;[39m         "duration": 0,
[debug] &amp#27;[35m[UiAutomator2]&amp#27;[39m         "type": "pause"
[debug] &amp#27;[35m[UiAutomator2]&amp#27;[39m       },
[debug] &amp#27;[35m[UiAutomator2]&amp#27;[39m       {
[debug] &amp#27;[35m[UiAutomator2]&amp#27;[39m         "duration": 0,
[debug] &amp#27;[35m[UiAutomator2]&amp#27;[39m         "x": 540,
[debug] &amp#27;[35m[UiAutomator2]&amp#27;[39m         "y": 1820,
[debug] &amp#27;[35m[UiAutomator2]&amp#27;[39m         "type": "pointerMove",
[debug] &amp#27;[35m[UiAutomator2]&amp#27;[39m         "origin": "viewport"
[debug] &amp#27;[35m[UiAutomator2]&amp#27;[39m       },
[debug] &amp#27;[35m[UiAutomator2]&amp#27;[39m       {
[debug] &amp#27;[35m[UiAutomator2]&amp#27;[39m         "button": 0,
[debug] &amp#27;[35m[UiAutomator2]&amp#27;[39m         "type": "pointerDown"
[debug] &amp#27;[35m[UiAutomator2]&amp#27;[39m       },
[debug] &amp#27;[35m[UiAutomator2]&amp#27;[39m       {
[debug] &amp#27;[35m[UiAutomator2]&amp#27;[39m         "duration": 1000,
[debug] &amp#27;[35m[UiAutomator2]&amp#27;[39m         "x": 540,
[debug] &amp#27;[35m[UiAutomator2]&amp#27;[39m         "y": 455,
[debug] &amp#27;[35m[UiAutomator2]&amp#27;[39m         "type": "pointerMove",
[debug] &amp#27;[35m[UiAutomator2]&amp#27;[39m         "origin": "viewport"
[debug] &amp#27;[35m[UiAutomator2]&amp#27;[39m       },
[debug] &amp#27;[35m[UiAutomator2]&amp#27;[39m       {
[debug] &amp#27;[35m[UiAutomator2]&amp#27;[39m         "button": 0,
[debug] &amp#27;[35m[UiAutomator2]&amp#27;[39m         "type": "pointerUp"
[debug] &amp#27;[35m[UiAutomator2]&amp#27;[39m       }
[debug] &amp#27;[35m[UiAutomator2]&amp#27;[39m     ]
[debug] &amp#27;[35m[UiAutomator2]&amp#27;[39m   }
[debug] &amp#27;[35m[UiAutomator2]&amp#27;[39m ]
[debug] &amp#27;[35m[WD Proxy]&amp#27;[39m Matched '/actions' to command name 'performActions'
[debug] &amp#27;[35m[WD Proxy]&amp#27;[39m Proxying [POST /actions] to [POST http://127.0.0.1:8200/wd/hub/session/2e74e7b9-85a6-478f-8ae2-621a49ed711a/actions] with body: {"actions":[{"id":"finger1","type":"pointer","parameters":{"pointerType":"touch"},"actions":[{"duration":0,"type":"pause"},{"duration":0,"x":540,"y":1820,"type":"pointerMove","origin":"viewport"},{"button":0,"type":"pointerDown"},{"duration":1000,"x":540,"y":455,"type":"pointerMove","origin":"viewport"},{"button":0,"type":"pointerUp"}]}]}
[debug] &amp#27;[35m[WD Proxy]&amp#27;[39m Got response with status 200: {"sessionId":"2e74e7b9-85a6-478f-8ae2-621a49ed711a","value":null}
[debug] &amp#27;[35m[W3C (da2896bd)]&amp#27;[39m Responding to client with driver.performActions() result: null
&amp#27;[35m[HTTP]&amp#27;[39m &amp#27;[37m<-- POST /wd/hub/session/da2896bd-438a-4f7f-9343-bd96e6f29722/actions &amp#27;[39m&amp#27;[32m200&amp#27;[39m &amp#27;[90m1033 ms - 14&amp#27;[39m
&amp#27;[35m[HTTP]&amp#27;[39m &amp#27;[90m&amp#27;[39m
&amp#27;[35m[HTTP]&amp#27;[39m &amp#27;[37m-->&amp#27;[39m &amp#27;[37mPOST&amp#27;[39m &amp#27;[37m/wd/hub/session/da2896bd-438a-4f7f-9343-bd96e6f29722/element&amp#27;[39m
&amp#27;[35m[HTTP]&amp#27;[39m &amp#27;[90m{"using":"css selector","value":"[text=\"添加成员\"]"}&amp#27;[39m
[debug] &amp#27;[35m[W3C (da2896bd)]&amp#27;[39m Calling AppiumDriver.findElement() with args: ["css selector","[text=\"添加成员\"]","da2896bd-438a-4f7f-9343-bd96e6f29722"]
[debug] &amp#27;[35m[BaseDriver]&amp#27;[39m Valid locator strategies for this request: xpath, id, class name, accessibility id, css selector, -android uiautomator
[debug] &amp#27;[35m[BaseDriver]&amp#27;[39m Waiting up to 20000 ms for condition
[debug] &amp#27;[35m[WD Proxy]&amp#27;[39m Matched '/element' to command name 'findElement'
[debug] &amp#27;[35m[WD Proxy]&amp#27;[39m Proxying [POST /element] to [POST http://127.0.0.1:8200/wd/hub/session/2e74e7b9-85a6-478f-8ae2-621a49ed711a/element] with body: {"strategy":"-android uiautomator","selector":"new UiSelector().text(\"添加成员\")","context":"","multiple":false}
&amp#27;[35m[WD Proxy]&amp#27;[39m Got response with status 404: {"sessionId":"2e74e7b9-85a6-478f-8ae2-621a49ed711a","value":{"error":"no such element","message":"An element could not be located on the page using the given search parameters","stacktrace":"io.appium.uiautomator2.common.exceptions.ElementNotFoundException: An element could not be located on the page using the given search parameters\n\tat io.appium.uiautomator2.handler.FindElement.safeHandle(FindElement.java:70)\n\tat io.appium.uiautomator2.handler.request.SafeRequestHandler.handle(SafeRequestHandler.java:59)\n\tat io.appium.uiautomator2.server.AppiumServlet.handleRequest(AppiumServlet.java:266)\n\tat io.appium.uiautomator2.server.AppiumServlet.handleHttpRequest(AppiumServlet.java:260)\n\tat io.appium.uiautomator2.http.ServerHandler.channelRead(ServerHandler.java:68)\n\tat io.netty.channel.AbstractChannelHandlerContext.invokeChannelRead(AbstractChannelHandlerContext.java:366)\n\tat io.netty.channel.AbstractChannelHandlerContext.invokeChannelRead(AbstractChannelHandlerContext.java:352)\n\tat io.netty.chann...
[debug] &amp#27;[35m[W3C]&amp#27;[39m Matched W3C error code 'no such element' to NoSuchElementError
[debug] &amp#27;[35m[BaseDriver]&amp#27;[39m Waited for 885 ms so far
[debug] &amp#27;[35m[WD Proxy]&amp#27;[39m Matched '/element' to command name 'findElement'
[debug] &amp#27;[35m[WD Proxy]&amp#27;[39m Proxying [POST /element] to [POST http://127.0.0.1:8200/wd/hub/session/2e74e7b9-85a6-478f-8ae2-621a49ed711a/element] with body: {"strategy":"-android uiautomator","selector":"new UiSelector().text(\"添加成员\")","context":"","multiple":false}
&amp#27;[35m[WD Proxy]&amp#27;[39m Got response with status 404: {"sessionId":"2e74e7b9-85a6-478f-8ae2-621a49ed711a","value":{"error":"no such element","message":"An element could not be located on the page using the given search parameters","stacktrace":"io.appium.uiautomator2.common.exceptions.ElementNotFoundException: An element could not be located on the page using the given search parameters\n\tat io.appium.uiautomator2.handler.FindElement.safeHandle(FindElement.java:70)\n\tat io.appium.uiautomator2.handler.request.SafeRequestHandler.handle(SafeRequestHandler.java:59)\n\tat io.appium.uiautomator2.server.AppiumServlet.handleRequest(AppiumServlet.java:266)\n\tat io.appium.uiautomator2.server.AppiumServlet.handleHttpRequest(AppiumServlet.java:260)\n\tat io.appium.uiautomator2.http.ServerHandler.channelRead(ServerHandler.java:68)\n\tat io.netty.channel.AbstractChannelHandlerContext.invokeChannelRead(AbstractChannelHandlerContext.java:366)\n\tat io.netty.channel.AbstractChannelHandlerContext.invokeChannelRead(AbstractChannelHandlerContext.java:352)\n\tat io.netty.chann...
[debug] &amp#27;[35m[W3C]&amp#27;[39m Matched W3C error code 'no such element' to NoSuchElementError
[debug] &amp#27;[35m[BaseDriver]&amp#27;[39m Waited for 1429 ms so far
[debug] &amp#27;[35m[WD Proxy]&amp#27;[39m Matched '/element' to command name 'findElement'
[debug] &amp#27;[35m[WD Proxy]&amp#27;[39m Proxying [POST /element] to [POST http://127.0.0.1:8200/wd/hub/session/2e74e7b9-85a6-478f-8ae2-621a49ed711a/element] with body: {"strategy":"-android uiautomator","selector":"new UiSelector().text(\"添加成员\")","context":"","multiple":false}
&amp#27;[35m[WD Proxy]&amp#27;[39m Got response with status 404: {"sessionId":"2e74e7b9-85a6-478f-8ae2-621a49ed711a","value":{"error":"no such element","message":"An element could not be located on the page using the given search parameters","stacktrace":"io.appium.uiautomator2.common.exceptions.ElementNotFoundException: An element could not be located on the page using the given search parameters\n\tat io.appium.uiautomator2.handler.FindElement.safeHandle(FindElement.java:70)\n\tat io.appium.uiautomator2.handler.request.SafeRequestHandler.handle(SafeRequestHandler.java:59)\n\tat io.appium.uiautomator2.server.AppiumServlet.handleRequest(AppiumServlet.java:266)\n\tat io.appium.uiautomator2.server.AppiumServlet.handleHttpRequest(AppiumServlet.java:260)\n\tat io.appium.uiautomator2.http.ServerHandler.channelRead(ServerHandler.java:68)\n\tat io.netty.channel.AbstractChannelHandlerContext.invokeChannelRead(AbstractChannelHandlerContext.java:366)\n\tat io.netty.channel.AbstractChannelHandlerContext.invokeChannelRead(AbstractChannelHandlerContext.java:352)\n\tat io.netty.chann...
[debug] &amp#27;[35m[W3C]&amp#27;[39m Matched W3C error code 'no such element' to NoSuchElementError
[debug] &amp#27;[35m[BaseDriver]&amp#27;[39m Waited for 1972 ms so far
[debug] &amp#27;[35m[WD Proxy]&amp#27;[39m Matched '/element' to command name 'findElement'
[debug] &amp#27;[35m[WD Proxy]&amp#27;[39m Proxying [POST /element] to [POST http://127.0.0.1:8200/wd/hub/session/2e74e7b9-85a6-478f-8ae2-621a49ed711a/element] with body: {"strategy":"-android uiautomator","selector":"new UiSelector().text(\"添加成员\")","context":"","multiple":false}
&amp#27;[35m[WD Proxy]&amp#27;[39m Got response with status 404: {"sessionId":"2e74e7b9-85a6-478f-8ae2-621a49ed711a","value":{"error":"no such element","message":"An element could not be located on the page using the given search parameters","stacktrace":"io.appium.uiautomator2.common.exceptions.ElementNotFoundException: An element could not be located on the page using the given search parameters\n\tat io.appium.uiautomator2.handler.FindElement.safeHandle(FindElement.java:70)\n\tat io.appium.uiautomator2.handler.request.SafeRequestHandler.handle(SafeRequestHandler.java:59)\n\tat io.appium.uiautomator2.server.AppiumServlet.handleRequest(AppiumServlet.java:266)\n\tat io.appium.uiautomator2.server.AppiumServlet.handleHttpRequest(AppiumServlet.java:260)\n\tat io.appium.uiautomator2.http.ServerHandler.channelRead(ServerHandler.java:68)\n\tat io.netty.channel.AbstractChannelHandlerContext.invokeChannelRead(AbstractChannelHandlerContext.java:366)\n\tat io.netty.channel.AbstractChannelHandlerContext.invokeChannelRead(AbstractChannelHandlerContext.java:352)\n\tat io.netty.chann...
[debug] &amp#27;[35m[W3C]&amp#27;[39m Matched W3C error code 'no such element' to NoSuchElementError
[debug] &amp#27;[35m[BaseDriver]&amp#27;[39m Waited for 2518 ms so far
[debug] &amp#27;[35m[WD Proxy]&amp#27;[39m Matched '/element' to command name 'findElement'
[debug] &amp#27;[35m[WD Proxy]&amp#27;[39m Proxying [POST /element] to [POST http://127.0.0.1:8200/wd/hub/session/2e74e7b9-85a6-478f-8ae2-621a49ed711a/element] with body: {"strategy":"-android uiautomator","selector":"new UiSelector().text(\"添加成员\")","context":"","multiple":false}
&amp#27;[35m[WD Proxy]&amp#27;[39m Got response with status 404: {"sessionId":"2e74e7b9-85a6-478f-8ae2-621a49ed711a","value":{"error":"no such element","message":"An element could not be located on the page using the given search parameters","stacktrace":"io.appium.uiautomator2.common.exceptions.ElementNotFoundException: An element could not be located on the page using the given search parameters\n\tat io.appium.uiautomator2.handler.FindElement.safeHandle(FindElement.java:70)\n\tat io.appium.uiautomator2.handler.request.SafeRequestHandler.handle(SafeRequestHandler.java:59)\n\tat io.appium.uiautomator2.server.AppiumServlet.handleRequest(AppiumServlet.java:266)\n\tat io.appium.uiautomator2.server.AppiumServlet.handleHttpRequest(AppiumServlet.java:260)\n\tat io.appium.uiautomator2.http.ServerHandler.channelRead(ServerHandler.java:68)\n\tat io.netty.channel.AbstractChannelHandlerContext.invokeChannelRead(AbstractChannelHandlerContext.java:366)\n\tat io.netty.channel.AbstractChannelHandlerContext.invokeChannelRead(AbstractChannelHandlerContext.java:352)\n\tat io.netty.chann...
[debug] &amp#27;[35m[W3C]&amp#27;[39m Matched W3C error code 'no such element' to NoSuchElementError
[debug] &amp#27;[35m[BaseDriver]&amp#27;[39m Waited for 3065 ms so far
[debug] &amp#27;[35m[WD Proxy]&amp#27;[39m Matched '/element' to command name 'findElement'
[debug] &amp#27;[35m[WD Proxy]&amp#27;[39m Proxying [POST /element] to [POST http://127.0.0.1:8200/wd/hub/session/2e74e7b9-85a6-478f-8ae2-621a49ed711a/element] with body: {"strategy":"-android uiautomator","selector":"new UiSelector().text(\"添加成员\")","context":"","multiple":false}
&amp#27;[35m[WD Proxy]&amp#27;[39m Got response with status 404: {"sessionId":"2e74e7b9-85a6-478f-8ae2-621a49ed711a","value":{"error":"no such element","message":"An element could not be located on the page using the given search parameters","stacktrace":"io.appium.uiautomator2.common.exceptions.ElementNotFoundException: An element could not be located on the page using the given search parameters\n\tat io.appium.uiautomator2.handler.FindElement.safeHandle(FindElement.java:70)\n\tat io.appium.uiautomator2.handler.request.SafeRequestHandler.handle(SafeRequestHandler.java:59)\n\tat io.appium.uiautomator2.server.AppiumServlet.handleRequest(AppiumServlet.java:266)\n\tat io.appium.uiautomator2.server.AppiumServlet.handleHttpRequest(AppiumServlet.java:260)\n\tat io.appium.uiautomator2.http.ServerHandler.channelRead(ServerHandler.java:68)\n\tat io.netty.channel.AbstractChannelHandlerContext.invokeChannelRead(AbstractChannelHandlerContext.java:366)\n\tat io.netty.channel.AbstractChannelHandlerContext.invokeChannelRead(AbstractChannelHandlerContext.java:352)\n\tat io.netty.chann...
[debug] &amp#27;[35m[W3C]&amp#27;[39m Matched W3C error code 'no such element' to NoSuchElementError
[debug] &amp#27;[35m[BaseDriver]&amp#27;[39m Waited for 3612 ms so far
[debug] &amp#27;[35m[WD Proxy]&amp#27;[39m Matched '/element' to command name 'findElement'
[debug] &amp#27;[35m[WD Proxy]&amp#27;[39m Proxying [POST /element] to [POST http://127.0.0.1:8200/wd/hub/session/2e74e7b9-85a6-478f-8ae2-621a49ed711a/element] with body: {"strategy":"-android uiautomator","selector":"new UiSelector().text(\"添加成员\")","context":"","multiple":false}
&amp#27;[35m[WD Proxy]&amp#27;[39m Got response with status 404: {"sessionId":"2e74e7b9-85a6-478f-8ae2-621a49ed711a","value":{"error":"no such element","message":"An element could not be located on the page using the given search parameters","stacktrace":"io.appium.uiautomator2.common.exceptions.ElementNotFoundException: An element could not be located on the page using the given search parameters\n\tat io.appium.uiautomator2.handler.FindElement.safeHandle(FindElement.java:70)\n\tat io.appium.uiautomator2.handler.request.SafeRequestHandler.handle(SafeRequestHandler.java:59)\n\tat io.appium.uiautomator2.server.AppiumServlet.handleRequest(AppiumServlet.java:266)\n\tat io.appium.uiautomator2.server.AppiumServlet.handleHttpRequest(AppiumServlet.java:260)\n\tat io.appium.uiautomator2.http.ServerHandler.channelRead(ServerHandler.java:68)\n\tat io.netty.channel.AbstractChannelHandlerContext.invokeChannelRead(AbstractChannelHandlerContext.java:366)\n\tat io.netty.channel.AbstractChannelHandlerContext.invokeChannelRead(AbstractChannelHandlerContext.java:352)\n\tat io.netty.chann...
[debug] &amp#27;[35m[W3C]&amp#27;[39m Matched W3C error code 'no such element' to NoSuchElementError
[debug] &amp#27;[35m[BaseDriver]&amp#27;[39m Waited for 4158 ms so far
[debug] &amp#27;[35m[WD Proxy]&amp#27;[39m Matched '/element' to command name 'findElement'
[debug] &amp#27;[35m[WD Proxy]&amp#27;[39m Proxying [POST /element] to [POST http://127.0.0.1:8200/wd/hub/session/2e74e7b9-85a6-478f-8ae2-621a49ed711a/element] with body: {"strategy":"-android uiautomator","selector":"new UiSelector().text(\"添加成员\")","context":"","multiple":false}
&amp#27;[35m[WD Proxy]&amp#27;[39m Got response with status 404: {"sessionId":"2e74e7b9-85a6-478f-8ae2-621a49ed711a","value":{"error":"no such element","message":"An element could not be located on the page using the given search parameters","stacktrace":"io.appium.uiautomator2.common.exceptions.ElementNotFoundException: An element could not be located on the page using the given search parameters\n\tat io.appium.uiautomator2.handler.FindElement.safeHandle(FindElement.java:70)\n\tat io.appium.uiautomator2.handler.request.SafeRequestHandler.handle(SafeRequestHandler.java:59)\n\tat io.appium.uiautomator2.server.AppiumServlet.handleRequest(AppiumServlet.java:266)\n\tat io.appium.uiautomator2.server.AppiumServlet.handleHttpRequest(AppiumServlet.java:260)\n\tat io.appium.uiautomator2.http.ServerHandler.channelRead(ServerHandler.java:68)\n\tat io.netty.channel.AbstractChannelHandlerContext.invokeChannelRead(AbstractChannelHandlerContext.java:366)\n\tat io.netty.channel.AbstractChannelHandlerContext.invokeChannelRead(AbstractChannelHandlerContext.java:352)\n\tat io.netty.chann...
[debug] &amp#27;[35m[W3C]&amp#27;[39m Matched W3C error code 'no such element' to NoSuchElementError
[debug] &amp#27;[35m[BaseDriver]&amp#27;[39m Waited for 4703 ms so far
[debug] &amp#27;[35m[WD Proxy]&amp#27;[39m Matched '/element' to command name 'findElement'
[debug] &amp#27;[35m[WD Proxy]&amp#27;[39m Proxying [POST /element] to [POST http://127.0.0.1:8200/wd/hub/session/2e74e7b9-85a6-478f-8ae2-621a49ed711a/element] with body: {"strategy":"-android uiautomator","selector":"new UiSelector().text(\"添加成员\")","context":"","multiple":false}
&amp#27;[35m[WD Proxy]&amp#27;[39m Got response with status 404: {"sessionId":"2e74e7b9-85a6-478f-8ae2-621a49ed711a","value":{"error":"no such element","message":"An element could not be located on the page using the given search parameters","stacktrace":"io.appium.uiautomator2.common.exceptions.ElementNotFoundException: An element could not be located on the page using the given search parameters\n\tat io.appium.uiautomator2.handler.FindElement.safeHandle(FindElement.java:70)\n\tat io.appium.uiautomator2.handler.request.SafeRequestHandler.handle(SafeRequestHandler.java:59)\n\tat io.appium.uiautomator2.server.AppiumServlet.handleRequest(AppiumServlet.java:266)\n\tat io.appium.uiautomator2.server.AppiumServlet.handleHttpRequest(AppiumServlet.java:260)\n\tat io.appium.uiautomator2.http.ServerHandler.channelRead(ServerHandler.java:68)\n\tat io.netty.channel.AbstractChannelHandlerContext.invokeChannelRead(AbstractChannelHandlerContext.java:366)\n\tat io.netty.channel.AbstractChannelHandlerContext.invokeChannelRead(AbstractChannelHandlerContext.java:352)\n\tat io.netty.chann...
[debug] &amp#27;[35m[W3C]&amp#27;[39m Matched W3C error code 'no such element' to NoSuchElementError
[debug] &amp#27;[35m[BaseDriver]&amp#27;[39m Waited for 5248 ms so far
[debug] &amp#27;[35m[WD Proxy]&amp#27;[39m Matched '/element' to command name 'findElement'
[debug] &amp#27;[35m[WD Proxy]&amp#27;[39m Proxying [POST /element] to [POST http://127.0.0.1:8200/wd/hub/session/2e74e7b9-85a6-478f-8ae2-621a49ed711a/element] with body: {"strategy":"-android uiautomator","selector":"new UiSelector().text(\"添加成员\")","context":"","multiple":false}
&amp#27;[35m[WD Proxy]&amp#27;[39m Got response with status 404: {"sessionId":"2e74e7b9-85a6-478f-8ae2-621a49ed711a","value":{"error":"no such element","message":"An element could not be located on the page using the given search parameters","stacktrace":"io.appium.uiautomator2.common.exceptions.ElementNotFoundException: An element could not be located on the page using the given search parameters\n\tat io.appium.uiautomator2.handler.FindElement.safeHandle(FindElement.java:70)\n\tat io.appium.uiautomator2.handler.request.SafeRequestHandler.handle(SafeRequestHandler.java:59)\n\tat io.appium.uiautomator2.server.AppiumServlet.handleRequest(AppiumServlet.java:266)\n\tat io.appium.uiautomator2.server.AppiumServlet.handleHttpRequest(AppiumServlet.java:260)\n\tat io.appium.uiautomator2.http.ServerHandler.channelRead(ServerHandler.java:68)\n\tat io.netty.channel.AbstractChannelHandlerContext.invokeChannelRead(AbstractChannelHandlerContext.java:366)\n\tat io.netty.channel.AbstractChannelHandlerContext.invokeChannelRead(AbstractChannelHandlerContext.java:352)\n\tat io.netty.chann...
[debug] &amp#27;[35m[W3C]&amp#27;[39m Matched W3C error code 'no such element' to NoSuchElementError
[debug] &amp#27;[35m[BaseDriver]&amp#27;[39m Waited for 5793 ms so far
[debug] &amp#27;[35m[WD Proxy]&amp#27;[39m Matched '/element' to command name 'findElement'
[debug] &amp#27;[35m[WD Proxy]&amp#27;[39m Proxying [POST /element] to [POST http://127.0.0.1:8200/wd/hub/session/2e74e7b9-85a6-478f-8ae2-621a49ed711a/element] with body: {"strategy":"-android uiautomator","selector":"new UiSelector().text(\"添加成员\")","context":"","multiple":false}
&amp#27;[35m[WD Proxy]&amp#27;[39m Got response with status 404: {"sessionId":"2e74e7b9-85a6-478f-8ae2-621a49ed711a","value":{"error":"no such element","message":"An element could not be located on the page using the given search parameters","stacktrace":"io.appium.uiautomator2.common.exceptions.ElementNotFoundException: An element could not be located on the page using the given search parameters\n\tat io.appium.uiautomator2.handler.FindElement.safeHandle(FindElement.java:70)\n\tat io.appium.uiautomator2.handler.request.SafeRequestHandler.handle(SafeRequestHandler.java:59)\n\tat io.appium.uiautomator2.server.AppiumServlet.handleRequest(AppiumServlet.java:266)\n\tat io.appium.uiautomator2.server.AppiumServlet.handleHttpRequest(AppiumServlet.java:260)\n\tat io.appium.uiautomator2.http.ServerHandler.channelRead(ServerHandler.java:68)\n\tat io.netty.channel.AbstractChannelHandlerContext.invokeChannelRead(AbstractChannelHandlerContext.java:366)\n\tat io.netty.channel.AbstractChannelHandlerContext.invokeChannelRead(AbstractChannelHandlerContext.java:352)\n\tat io.netty.chann...
[debug] &amp#27;[35m[W3C]&amp#27;[39m Matched W3C error code 'no such element' to NoSuchElementError
[debug] &amp#27;[35m[BaseDriver]&amp#27;[39m Waited for 6336 ms so far
[debug] &amp#27;[35m[WD Proxy]&amp#27;[39m Matched '/element' to command name 'findElement'
[debug] &amp#27;[35m[WD Proxy]&amp#27;[39m Proxying [POST /element] to [POST http://127.0.0.1:8200/wd/hub/session/2e74e7b9-85a6-478f-8ae2-621a49ed711a/element] with body: {"strategy":"-android uiautomator","selector":"new UiSelector().text(\"添加成员\")","context":"","multiple":false}
&amp#27;[35m[WD Proxy]&amp#27;[39m Got response with status 404: {"sessionId":"2e74e7b9-85a6-478f-8ae2-621a49ed711a","value":{"error":"no such element","message":"An element could not be located on the page using the given search parameters","stacktrace":"io.appium.uiautomator2.common.exceptions.ElementNotFoundException: An element could not be located on the page using the given search parameters\n\tat io.appium.uiautomator2.handler.FindElement.safeHandle(FindElement.java:70)\n\tat io.appium.uiautomator2.handler.request.SafeRequestHandler.handle(SafeRequestHandler.java:59)\n\tat io.appium.uiautomator2.server.AppiumServlet.handleRequest(AppiumServlet.java:266)\n\tat io.appium.uiautomator2.server.AppiumServlet.handleHttpRequest(AppiumServlet.java:260)\n\tat io.appium.uiautomator2.http.ServerHandler.channelRead(ServerHandler.java:68)\n\tat io.netty.channel.AbstractChannelHandlerContext.invokeChannelRead(AbstractChannelHandlerContext.java:366)\n\tat io.netty.channel.AbstractChannelHandlerContext.invokeChannelRead(AbstractChannelHandlerContext.java:352)\n\tat io.netty.chann...
[debug] &amp#27;[35m[W3C]&amp#27;[39m Matched W3C error code 'no such element' to NoSuchElementError
[debug] &amp#27;[35m[BaseDriver]&amp#27;[39m Waited for 6880 ms so far
[debug] &amp#27;[35m[WD Proxy]&amp#27;[39m Matched '/element' to command name 'findElement'
[debug] &amp#27;[35m[WD Proxy]&amp#27;[39m Proxying [POST /element] to [POST http://127.0.0.1:8200/wd/hub/session/2e74e7b9-85a6-478f-8ae2-621a49ed711a/element] with body: {"strategy":"-android uiautomator","selector":"new UiSelector().text(\"添加成员\")","context":"","multiple":false}
&amp#27;[35m[WD Proxy]&amp#27;[39m Got response with status 404: {"sessionId":"2e74e7b9-85a6-478f-8ae2-621a49ed711a","value":{"error":"no such element","message":"An element could not be located on the page using the given search parameters","stacktrace":"io.appium.uiautomator2.common.exceptions.ElementNotFoundException: An element could not be located on the page using the given search parameters\n\tat io.appium.uiautomator2.handler.FindElement.safeHandle(FindElement.java:70)\n\tat io.appium.uiautomator2.handler.request.SafeRequestHandler.handle(SafeRequestHandler.java:59)\n\tat io.appium.uiautomator2.server.AppiumServlet.handleRequest(AppiumServlet.java:266)\n\tat io.appium.uiautomator2.server.AppiumServlet.handleHttpRequest(AppiumServlet.java:260)\n\tat io.appium.uiautomator2.http.ServerHandler.channelRead(ServerHandler.java:68)\n\tat io.netty.channel.AbstractChannelHandlerContext.invokeChannelRead(AbstractChannelHandlerContext.java:366)\n\tat io.netty.channel.AbstractChannelHandlerContext.invokeChannelRead(AbstractChannelHandlerContext.java:352)\n\tat io.netty.chann...
[debug] &amp#27;[35m[W3C]&amp#27;[39m Matched W3C error code 'no such element' to NoSuchElementError
[debug] &amp#27;[35m[BaseDriver]&amp#27;[39m Waited for 7422 ms so far
[debug] &amp#27;[35m[WD Proxy]&amp#27;[39m Matched '/element' to command name 'findElement'
[debug] &amp#27;[35m[WD Proxy]&amp#27;[39m Proxying [POST /element] to [POST http://127.0.0.1:8200/wd/hub/session/2e74e7b9-85a6-478f-8ae2-621a49ed711a/element] with body: {"strategy":"-android uiautomator","selector":"new UiSelector().text(\"添加成员\")","context":"","multiple":false}
&amp#27;[35m[WD Proxy]&amp#27;[39m Got response with status 404: {"sessionId":"2e74e7b9-85a6-478f-8ae2-621a49ed711a","value":{"error":"no such element","message":"An element could not be located on the page using the given search parameters","stacktrace":"io.appium.uiautomator2.common.exceptions.ElementNotFoundException: An element could not be located on the page using the given search parameters\n\tat io.appium.uiautomator2.handler.FindElement.safeHandle(FindElement.java:70)\n\tat io.appium.uiautomator2.handler.request.SafeRequestHandler.handle(SafeRequestHandler.java:59)\n\tat io.appium.uiautomator2.server.AppiumServlet.handleRequest(AppiumServlet.java:266)\n\tat io.appium.uiautomator2.server.AppiumServlet.handleHttpRequest(AppiumServlet.java:260)\n\tat io.appium.uiautomator2.http.ServerHandler.channelRead(ServerHandler.java:68)\n\tat io.netty.channel.AbstractChannelHandlerContext.invokeChannelRead(AbstractChannelHandlerContext.java:366)\n\tat io.netty.channel.AbstractChannelHandlerContext.invokeChannelRead(AbstractChannelHandlerContext.java:352)\n\tat io.netty.chann...
[debug] &amp#27;[35m[W3C]&amp#27;[39m Matched W3C error code 'no such element' to NoSuchElementError
[debug] &amp#27;[35m[BaseDriver]&amp#27;[39m Waited for 7966 ms so far
[debug] &amp#27;[35m[WD Proxy]&amp#27;[39m Matched '/element' to command name 'findElement'
[debug] &amp#27;[35m[WD Proxy]&amp#27;[39m Proxying [POST /element] to [POST http://127.0.0.1:8200/wd/hub/session/2e74e7b9-85a6-478f-8ae2-621a49ed711a/element] with body: {"strategy":"-android uiautomator","selector":"new UiSelector().text(\"添加成员\")","context":"","multiple":false}
&amp#27;[35m[WD Proxy]&amp#27;[39m Got response with status 404: {"sessionId":"2e74e7b9-85a6-478f-8ae2-621a49ed711a","value":{"error":"no such element","message":"An element could not be located on the page using the given search parameters","stacktrace":"io.appium.uiautomator2.common.exceptions.ElementNotFoundException: An element could not be located on the page using the given search parameters\n\tat io.appium.uiautomator2.handler.FindElement.safeHandle(FindElement.java:70)\n\tat io.appium.uiautomator2.handler.request.SafeRequestHandler.handle(SafeRequestHandler.java:59)\n\tat io.appium.uiautomator2.server.AppiumServlet.handleRequest(AppiumServlet.java:266)\n\tat io.appium.uiautomator2.server.AppiumServlet.handleHttpRequest(AppiumServlet.java:260)\n\tat io.appium.uiautomator2.http.ServerHandler.channelRead(ServerHandler.java:68)\n\tat io.netty.channel.AbstractChannelHandlerContext.invokeChannelRead(AbstractChannelHandlerContext.java:366)\n\tat io.netty.channel.AbstractChannelHandlerContext.invokeChannelRead(AbstractChannelHandlerContext.java:352)\n\tat io.netty.chann...
[debug] &amp#27;[35m[W3C]&amp#27;[39m Matched W3C error code 'no such element' to NoSuchElementError
[debug] &amp#27;[35m[BaseDriver]&amp#27;[39m Waited for 8508 ms so far
[debug] &amp#27;[35m[WD Proxy]&amp#27;[39m Matched '/element' to command name 'findElement'
[debug] &amp#27;[35m[WD Proxy]&amp#27;[39m Proxying [POST /element] to [POST http://127.0.0.1:8200/wd/hub/session/2e74e7b9-85a6-478f-8ae2-621a49ed711a/element] with body: {"strategy":"-android uiautomator","selector":"new UiSelector().text(\"添加成员\")","context":"","multiple":false}
&amp#27;[35m[WD Proxy]&amp#27;[39m Got response with status 404: {"sessionId":"2e74e7b9-85a6-478f-8ae2-621a49ed711a","value":{"error":"no such element","message":"An element could not be located on the page using the given search parameters","stacktrace":"io.appium.uiautomator2.common.exceptions.ElementNotFoundException: An element could not be located on the page using the given search parameters\n\tat io.appium.uiautomator2.handler.FindElement.safeHandle(FindElement.java:70)\n\tat io.appium.uiautomator2.handler.request.SafeRequestHandler.handle(SafeRequestHandler.java:59)\n\tat io.appium.uiautomator2.server.AppiumServlet.handleRequest(AppiumServlet.java:266)\n\tat io.appium.uiautomator2.server.AppiumServlet.handleHttpRequest(AppiumServlet.java:260)\n\tat io.appium.uiautomator2.http.ServerHandler.channelRead(ServerHandler.java:68)\n\tat io.netty.channel.AbstractChannelHandlerContext.invokeChannelRead(AbstractChannelHandlerContext.java:366)\n\tat io.netty.channel.AbstractChannelHandlerContext.invokeChannelRead(AbstractChannelHandlerContext.java:352)\n\tat io.netty.chann...
[debug] &amp#27;[35m[W3C]&amp#27;[39m Matched W3C error code 'no such element' to NoSuchElementError
[debug] &amp#27;[35m[BaseDriver]&amp#27;[39m Waited for 9049 ms so far
[debug] &amp#27;[35m[WD Proxy]&amp#27;[39m Matched '/element' to command name 'findElement'
[debug] &amp#27;[35m[WD Proxy]&amp#27;[39m Proxying [POST /element] to [POST http://127.0.0.1:8200/wd/hub/session/2e74e7b9-85a6-478f-8ae2-621a49ed711a/element] with body: {"strategy":"-android uiautomator","selector":"new UiSelector().text(\"添加成员\")","context":"","multiple":false}
&amp#27;[35m[WD Proxy]&amp#27;[39m Got response with status 404: {"sessionId":"2e74e7b9-85a6-478f-8ae2-621a49ed711a","value":{"error":"no such element","message":"An element could not be located on the page using the given search parameters","stacktrace":"io.appium.uiautomator2.common.exceptions.ElementNotFoundException: An element could not be located on the page using the given search parameters\n\tat io.appium.uiautomator2.handler.FindElement.safeHandle(FindElement.java:70)\n\tat io.appium.uiautomator2.handler.request.SafeRequestHandler.handle(SafeRequestHandler.java:59)\n\tat io.appium.uiautomator2.server.AppiumServlet.handleRequest(AppiumServlet.java:266)\n\tat io.appium.uiautomator2.server.AppiumServlet.handleHttpRequest(AppiumServlet.java:260)\n\tat io.appium.uiautomator2.http.ServerHandler.channelRead(ServerHandler.java:68)\n\tat io.netty.channel.AbstractChannelHandlerContext.invokeChannelRead(AbstractChannelHandlerContext.java:366)\n\tat io.netty.channel.AbstractChannelHandlerContext.invokeChannelRead(AbstractChannelHandlerContext.java:352)\n\tat io.netty.chann...
[debug] &amp#27;[35m[W3C]&amp#27;[39m Matched W3C error code 'no such element' to NoSuchElementError
[debug] &amp#27;[35m[BaseDriver]&amp#27;[39m Waited for 9594 ms so far
[debug] &amp#27;[35m[WD Proxy]&amp#27;[39m Matched '/element' to command name 'findElement'
[debug] &amp#27;[35m[WD Proxy]&amp#27;[39m Proxying [POST /element] to [POST http://127.0.0.1:8200/wd/hub/session/2e74e7b9-85a6-478f-8ae2-621a49ed711a/element] with body: {"strategy":"-android uiautomator","selector":"new UiSelector().text(\"添加成员\")","context":"","multiple":false}
&amp#27;[35m[WD Proxy]&amp#27;[39m Got response with status 404: {"sessionId":"2e74e7b9-85a6-478f-8ae2-621a49ed711a","value":{"error":"no such element","message":"An element could not be located on the page using the given search parameters","stacktrace":"io.appium.uiautomator2.common.exceptions.ElementNotFoundException: An element could not be located on the page using the given search parameters\n\tat io.appium.uiautomator2.handler.FindElement.safeHandle(FindElement.java:70)\n\tat io.appium.uiautomator2.handler.request.SafeRequestHandler.handle(SafeRequestHandler.java:59)\n\tat io.appium.uiautomator2.server.AppiumServlet.handleRequest(AppiumServlet.java:266)\n\tat io.appium.uiautomator2.server.AppiumServlet.handleHttpRequest(AppiumServlet.java:260)\n\tat io.appium.uiautomator2.http.ServerHandler.channelRead(ServerHandler.java:68)\n\tat io.netty.channel.AbstractChannelHandlerContext.invokeChannelRead(AbstractChannelHandlerContext.java:366)\n\tat io.netty.channel.AbstractChannelHandlerContext.invokeChannelRead(AbstractChannelHandlerContext.java:352)\n\tat io.netty.chann...
[debug] &amp#27;[35m[W3C]&amp#27;[39m Matched W3C error code 'no such element' to NoSuchElementError
[debug] &amp#27;[35m[BaseDriver]&amp#27;[39m Waited for 10139 ms so far
[debug] &amp#27;[35m[WD Proxy]&amp#27;[39m Matched '/element' to command name 'findElement'
[debug] &amp#27;[35m[WD Proxy]&amp#27;[39m Proxying [POST /element] to [POST http://127.0.0.1:8200/wd/hub/session/2e74e7b9-85a6-478f-8ae2-621a49ed711a/element] with body: {"strategy":"-android uiautomator","selector":"new UiSelector().text(\"添加成员\")","context":"","multiple":false}
&amp#27;[35m[WD Proxy]&amp#27;[39m Got response with status 404: {"sessionId":"2e74e7b9-85a6-478f-8ae2-621a49ed711a","value":{"error":"no such element","message":"An element could not be located on the page using the given search parameters","stacktrace":"io.appium.uiautomator2.common.exceptions.ElementNotFoundException: An element could not be located on the page using the given search parameters\n\tat io.appium.uiautomator2.handler.FindElement.safeHandle(FindElement.java:70)\n\tat io.appium.uiautomator2.handler.request.SafeRequestHandler.handle(SafeRequestHandler.java:59)\n\tat io.appium.uiautomator2.server.AppiumServlet.handleRequest(AppiumServlet.java:266)\n\tat io.appium.uiautomator2.server.AppiumServlet.handleHttpRequest(AppiumServlet.java:260)\n\tat io.appium.uiautomator2.http.ServerHandler.channelRead(ServerHandler.java:68)\n\tat io.netty.channel.AbstractChannelHandlerContext.invokeChannelRead(AbstractChannelHandlerContext.java:366)\n\tat io.netty.channel.AbstractChannelHandlerContext.invokeChannelRead(AbstractChannelHandlerContext.java:352)\n\tat io.netty.chann...
[debug] &amp#27;[35m[W3C]&amp#27;[39m Matched W3C error code 'no such element' to NoSuchElementError
[debug] &amp#27;[35m[BaseDriver]&amp#27;[39m Waited for 10687 ms so far
[debug] &amp#27;[35m[WD Proxy]&amp#27;[39m Matched '/element' to command name 'findElement'
[debug] &amp#27;[35m[WD Proxy]&amp#27;[39m Proxying [POST /element] to [POST http://127.0.0.1:8200/wd/hub/session/2e74e7b9-85a6-478f-8ae2-621a49ed711a/element] with body: {"strategy":"-android uiautomator","selector":"new UiSelector().text(\"添加成员\")","context":"","multiple":false}
&amp#27;[35m[WD Proxy]&amp#27;[39m Got response with status 404: {"sessionId":"2e74e7b9-85a6-478f-8ae2-621a49ed711a","value":{"error":"no such element","message":"An element could not be located on the page using the given search parameters","stacktrace":"io.appium.uiautomator2.common.exceptions.ElementNotFoundException: An element could not be located on the page using the given search parameters\n\tat io.appium.uiautomator2.handler.FindElement.safeHandle(FindElement.java:70)\n\tat io.appium.uiautomator2.handler.request.SafeRequestHandler.handle(SafeRequestHandler.java:59)\n\tat io.appium.uiautomator2.server.AppiumServlet.handleRequest(AppiumServlet.java:266)\n\tat io.appium.uiautomator2.server.AppiumServlet.handleHttpRequest(AppiumServlet.java:260)\n\tat io.appium.uiautomator2.http.ServerHandler.channelRead(ServerHandler.java:68)\n\tat io.netty.channel.AbstractChannelHandlerContext.invokeChannelRead(AbstractChannelHandlerContext.java:366)\n\tat io.netty.channel.AbstractChannelHandlerContext.invokeChannelRead(AbstractChannelHandlerContext.java:352)\n\tat io.netty.chann...
[debug] &amp#27;[35m[W3C]&amp#27;[39m Matched W3C error code 'no such element' to NoSuchElementError
[debug] &amp#27;[35m[BaseDriver]&amp#27;[39m Waited for 11232 ms so far
[debug] &amp#27;[35m[WD Proxy]&amp#27;[39m Matched '/element' to command name 'findElement'
[debug] &amp#27;[35m[WD Proxy]&amp#27;[39m Proxying [POST /element] to [POST http://127.0.0.1:8200/wd/hub/session/2e74e7b9-85a6-478f-8ae2-621a49ed711a/element] with body: {"strategy":"-android uiautomator","selector":"new UiSelector().text(\"添加成员\")","context":"","multiple":false}
&amp#27;[35m[WD Proxy]&amp#27;[39m Got response with status 404: {"sessionId":"2e74e7b9-85a6-478f-8ae2-621a49ed711a","value":{"error":"no such element","message":"An element could not be located on the page using the given search parameters","stacktrace":"io.appium.uiautomator2.common.exceptions.ElementNotFoundException: An element could not be located on the page using the given search parameters\n\tat io.appium.uiautomator2.handler.FindElement.safeHandle(FindElement.java:70)\n\tat io.appium.uiautomator2.handler.request.SafeRequestHandler.handle(SafeRequestHandler.java:59)\n\tat io.appium.uiautomator2.server.AppiumServlet.handleRequest(AppiumServlet.java:266)\n\tat io.appium.uiautomator2.server.AppiumServlet.handleHttpRequest(AppiumServlet.java:260)\n\tat io.appium.uiautomator2.http.ServerHandler.channelRead(ServerHandler.java:68)\n\tat io.netty.channel.AbstractChannelHandlerContext.invokeChannelRead(AbstractChannelHandlerContext.java:366)\n\tat io.netty.channel.AbstractChannelHandlerContext.invokeChannelRead(AbstractChannelHandlerContext.java:352)\n\tat io.netty.chann...
[debug] &amp#27;[35m[W3C]&amp#27;[39m Matched W3C error code 'no such element' to NoSuchElementError
[debug] &amp#27;[35m[BaseDriver]&amp#27;[39m Waited for 11773 ms so far
[debug] &amp#27;[35m[WD Proxy]&amp#27;[39m Matched '/element' to command name 'findElement'
[debug] &amp#27;[35m[WD Proxy]&amp#27;[39m Proxying [POST /element] to [POST http://127.0.0.1:8200/wd/hub/session/2e74e7b9-85a6-478f-8ae2-621a49ed711a/element] with body: {"strategy":"-android uiautomator","selector":"new UiSelector().text(\"添加成员\")","context":"","multiple":false}
&amp#27;[35m[WD Proxy]&amp#27;[39m Got response with status 404: {"sessionId":"2e74e7b9-85a6-478f-8ae2-621a49ed711a","value":{"error":"no such element","message":"An element could not be located on the page using the given search parameters","stacktrace":"io.appium.uiautomator2.common.exceptions.ElementNotFoundException: An element could not be located on the page using the given search parameters\n\tat io.appium.uiautomator2.handler.FindElement.safeHandle(FindElement.java:70)\n\tat io.appium.uiautomator2.handler.request.SafeRequestHandler.handle(SafeRequestHandler.java:59)\n\tat io.appium.uiautomator2.server.AppiumServlet.handleRequest(AppiumServlet.java:266)\n\tat io.appium.uiautomator2.server.AppiumServlet.handleHttpRequest(AppiumServlet.java:260)\n\tat io.appium.uiautomator2.http.ServerHandler.channelRead(ServerHandler.java:68)\n\tat io.netty.channel.AbstractChannelHandlerContext.invokeChannelRead(AbstractChannelHandlerContext.java:366)\n\tat io.netty.channel.AbstractChannelHandlerContext.invokeChannelRead(AbstractChannelHandlerContext.java:352)\n\tat io.netty.chann...
[debug] &amp#27;[35m[W3C]&amp#27;[39m Matched W3C error code 'no such element' to NoSuchElementError
[debug] &amp#27;[35m[BaseDriver]&amp#27;[39m Waited for 12320 ms so far
[debug] &amp#27;[35m[WD Proxy]&amp#27;[39m Matched '/element' to command name 'findElement'
[debug] &amp#27;[35m[WD Proxy]&amp#27;[39m Proxying [POST /element] to [POST http://127.0.0.1:8200/wd/hub/session/2e74e7b9-85a6-478f-8ae2-621a49ed711a/element] with body: {"strategy":"-android uiautomator","selector":"new UiSelector().text(\"添加成员\")","context":"","multiple":false}
&amp#27;[35m[WD Proxy]&amp#27;[39m Got response with status 404: {"sessionId":"2e74e7b9-85a6-478f-8ae2-621a49ed711a","value":{"error":"no such element","message":"An element could not be located on the page using the given search parameters","stacktrace":"io.appium.uiautomator2.common.exceptions.ElementNotFoundException: An element could not be located on the page using the given search parameters\n\tat io.appium.uiautomator2.handler.FindElement.safeHandle(FindElement.java:70)\n\tat io.appium.uiautomator2.handler.request.SafeRequestHandler.handle(SafeRequestHandler.java:59)\n\tat io.appium.uiautomator2.server.AppiumServlet.handleRequest(AppiumServlet.java:266)\n\tat io.appium.uiautomator2.server.AppiumServlet.handleHttpRequest(AppiumServlet.java:260)\n\tat io.appium.uiautomator2.http.ServerHandler.channelRead(ServerHandler.java:68)\n\tat io.netty.channel.AbstractChannelHandlerContext.invokeChannelRead(AbstractChannelHandlerContext.java:366)\n\tat io.netty.channel.AbstractChannelHandlerContext.invokeChannelRead(AbstractChannelHandlerContext.java:352)\n\tat io.netty.chann...
[debug] &amp#27;[35m[W3C]&amp#27;[39m Matched W3C error code 'no such element' to NoSuchElementError
[debug] &amp#27;[35m[BaseDriver]&amp#27;[39m Waited for 12865 ms so far
[debug] &amp#27;[35m[WD Proxy]&amp#27;[39m Matched '/element' to command name 'findElement'
[debug] &amp#27;[35m[WD Proxy]&amp#27;[39m Proxying [POST /element] to [POST http://127.0.0.1:8200/wd/hub/session/2e74e7b9-85a6-478f-8ae2-621a49ed711a/element] with body: {"strategy":"-android uiautomator","selector":"new UiSelector().text(\"添加成员\")","context":"","multiple":false}
&amp#27;[35m[WD Proxy]&amp#27;[39m Got response with status 404: {"sessionId":"2e74e7b9-85a6-478f-8ae2-621a49ed711a","value":{"error":"no such element","message":"An element could not be located on the page using the given search parameters","stacktrace":"io.appium.uiautomator2.common.exceptions.ElementNotFoundException: An element could not be located on the page using the given search parameters\n\tat io.appium.uiautomator2.handler.FindElement.safeHandle(FindElement.java:70)\n\tat io.appium.uiautomator2.handler.request.SafeRequestHandler.handle(SafeRequestHandler.java:59)\n\tat io.appium.uiautomator2.server.AppiumServlet.handleRequest(AppiumServlet.java:266)\n\tat io.appium.uiautomator2.server.AppiumServlet.handleHttpRequest(AppiumServlet.java:260)\n\tat io.appium.uiautomator2.http.ServerHandler.channelRead(ServerHandler.java:68)\n\tat io.netty.channel.AbstractChannelHandlerContext.invokeChannelRead(AbstractChannelHandlerContext.java:366)\n\tat io.netty.channel.AbstractChannelHandlerContext.invokeChannelRead(AbstractChannelHandlerContext.java:352)\n\tat io.netty.chann...
[debug] &amp#27;[35m[W3C]&amp#27;[39m Matched W3C error code 'no such element' to NoSuchElementError
[debug] &amp#27;[35m[BaseDriver]&amp#27;[39m Waited for 13412 ms so far
[debug] &amp#27;[35m[WD Proxy]&amp#27;[39m Matched '/element' to command name 'findElement'
[debug] &amp#27;[35m[WD Proxy]&amp#27;[39m Proxying [POST /element] to [POST http://127.0.0.1:8200/wd/hub/session/2e74e7b9-85a6-478f-8ae2-621a49ed711a/element] with body: {"strategy":"-android uiautomator","selector":"new UiSelector().text(\"添加成员\")","context":"","multiple":false}
&amp#27;[35m[WD Proxy]&amp#27;[39m Got response with status 404: {"sessionId":"2e74e7b9-85a6-478f-8ae2-621a49ed711a","value":{"error":"no such element","message":"An element could not be located on the page using the given search parameters","stacktrace":"io.appium.uiautomator2.common.exceptions.ElementNotFoundException: An element could not be located on the page using the given search parameters\n\tat io.appium.uiautomator2.handler.FindElement.safeHandle(FindElement.java:70)\n\tat io.appium.uiautomator2.handler.request.SafeRequestHandler.handle(SafeRequestHandler.java:59)\n\tat io.appium.uiautomator2.server.AppiumServlet.handleRequest(AppiumServlet.java:266)\n\tat io.appium.uiautomator2.server.AppiumServlet.handleHttpRequest(AppiumServlet.java:260)\n\tat io.appium.uiautomator2.http.ServerHandler.channelRead(ServerHandler.java:68)\n\tat io.netty.channel.AbstractChannelHandlerContext.invokeChannelRead(AbstractChannelHandlerContext.java:366)\n\tat io.netty.channel.AbstractChannelHandlerContext.invokeChannelRead(AbstractChannelHandlerContext.java:352)\n\tat io.netty.chann...
[debug] &amp#27;[35m[W3C]&amp#27;[39m Matched W3C error code 'no such element' to NoSuchElementError
[debug] &amp#27;[35m[BaseDriver]&amp#27;[39m Waited for 13956 ms so far
[debug] &amp#27;[35m[WD Proxy]&amp#27;[39m Matched '/element' to command name 'findElement'
[debug] &amp#27;[35m[WD Proxy]&amp#27;[39m Proxying [POST /element] to [POST http://127.0.0.1:8200/wd/hub/session/2e74e7b9-85a6-478f-8ae2-621a49ed711a/element] with body: {"strategy":"-android uiautomator","selector":"new UiSelector().text(\"添加成员\")","context":"","multiple":false}
&amp#27;[35m[WD Proxy]&amp#27;[39m Got response with status 404: {"sessionId":"2e74e7b9-85a6-478f-8ae2-621a49ed711a","value":{"error":"no such element","message":"An element could not be located on the page using the given search parameters","stacktrace":"io.appium.uiautomator2.common.exceptions.ElementNotFoundException: An element could not be located on the page using the given search parameters\n\tat io.appium.uiautomator2.handler.FindElement.safeHandle(FindElement.java:70)\n\tat io.appium.uiautomator2.handler.request.SafeRequestHandler.handle(SafeRequestHandler.java:59)\n\tat io.appium.uiautomator2.server.AppiumServlet.handleRequest(AppiumServlet.java:266)\n\tat io.appium.uiautomator2.server.AppiumServlet.handleHttpRequest(AppiumServlet.java:260)\n\tat io.appium.uiautomator2.http.ServerHandler.channelRead(ServerHandler.java:68)\n\tat io.netty.channel.AbstractChannelHandlerContext.invokeChannelRead(AbstractChannelHandlerContext.java:366)\n\tat io.netty.channel.AbstractChannelHandlerContext.invokeChannelRead(AbstractChannelHandlerContext.java:352)\n\tat io.netty.chann...
[debug] &amp#27;[35m[W3C]&amp#27;[39m Matched W3C error code 'no such element' to NoSuchElementError
[debug] &amp#27;[35m[BaseDriver]&amp#27;[39m Waited for 14500 ms so far
[debug] &amp#27;[35m[WD Proxy]&amp#27;[39m Matched '/element' to command name 'findElement'
[debug] &amp#27;[35m[WD Proxy]&amp#27;[39m Proxying [POST /element] to [POST http://127.0.0.1:8200/wd/hub/session/2e74e7b9-85a6-478f-8ae2-621a49ed711a/element] with body: {"strategy":"-android uiautomator","selector":"new UiSelector().text(\"添加成员\")","context":"","multiple":false}
&amp#27;[35m[WD Proxy]&amp#27;[39m Got response with status 404: {"sessionId":"2e74e7b9-85a6-478f-8ae2-621a49ed711a","value":{"error":"no such element","message":"An element could not be located on the page using the given search parameters","stacktrace":"io.appium.uiautomator2.common.exceptions.ElementNotFoundException: An element could not be located on the page using the given search parameters\n\tat io.appium.uiautomator2.handler.FindElement.safeHandle(FindElement.java:70)\n\tat io.appium.uiautomator2.handler.request.SafeRequestHandler.handle(SafeRequestHandler.java:59)\n\tat io.appium.uiautomator2.server.AppiumServlet.handleRequest(AppiumServlet.java:266)\n\tat io.appium.uiautomator2.server.AppiumServlet.handleHttpRequest(AppiumServlet.java:260)\n\tat io.appium.uiautomator2.http.ServerHandler.channelRead(ServerHandler.java:68)\n\tat io.netty.channel.AbstractChannelHandlerContext.invokeChannelRead(AbstractChannelHandlerContext.java:366)\n\tat io.netty.channel.AbstractChannelHandlerContext.invokeChannelRead(AbstractChannelHandlerContext.java:352)\n\tat io.netty.chann...
[debug] &amp#27;[35m[W3C]&amp#27;[39m Matched W3C error code 'no such element' to NoSuchElementError
[debug] &amp#27;[35m[BaseDriver]&amp#27;[39m Waited for 15043 ms so far
[debug] &amp#27;[35m[WD Proxy]&amp#27;[39m Matched '/element' to command name 'findElement'
[debug] &amp#27;[35m[WD Proxy]&amp#27;[39m Proxying [POST /element] to [POST http://127.0.0.1:8200/wd/hub/session/2e74e7b9-85a6-478f-8ae2-621a49ed711a/element] with body: {"strategy":"-android uiautomator","selector":"new UiSelector().text(\"添加成员\")","context":"","multiple":false}
&amp#27;[35m[WD Proxy]&amp#27;[39m Got response with status 404: {"sessionId":"2e74e7b9-85a6-478f-8ae2-621a49ed711a","value":{"error":"no such element","message":"An element could not be located on the page using the given search parameters","stacktrace":"io.appium.uiautomator2.common.exceptions.ElementNotFoundException: An element could not be located on the page using the given search parameters\n\tat io.appium.uiautomator2.handler.FindElement.safeHandle(FindElement.java:70)\n\tat io.appium.uiautomator2.handler.request.SafeRequestHandler.handle(SafeRequestHandler.java:59)\n\tat io.appium.uiautomator2.server.AppiumServlet.handleRequest(AppiumServlet.java:266)\n\tat io.appium.uiautomator2.server.AppiumServlet.handleHttpRequest(AppiumServlet.java:260)\n\tat io.appium.uiautomator2.http.ServerHandler.channelRead(ServerHandler.java:68)\n\tat io.netty.channel.AbstractChannelHandlerContext.invokeChannelRead(AbstractChannelHandlerContext.java:366)\n\tat io.netty.channel.AbstractChannelHandlerContext.invokeChannelRead(AbstractChannelHandlerContext.java:352)\n\tat io.netty.chann...
[debug] &amp#27;[35m[W3C]&amp#27;[39m Matched W3C error code 'no such element' to NoSuchElementError
[debug] &amp#27;[35m[BaseDriver]&amp#27;[39m Waited for 15585 ms so far
[debug] &amp#27;[35m[WD Proxy]&amp#27;[39m Matched '/element' to command name 'findElement'
[debug] &amp#27;[35m[WD Proxy]&amp#27;[39m Proxying [POST /element] to [POST http://127.0.0.1:8200/wd/hub/session/2e74e7b9-85a6-478f-8ae2-621a49ed711a/element] with body: {"strategy":"-android uiautomator","selector":"new UiSelector().text(\"添加成员\")","context":"","multiple":false}
&amp#27;[35m[WD Proxy]&amp#27;[39m Got response with status 404: {"sessionId":"2e74e7b9-85a6-478f-8ae2-621a49ed711a","value":{"error":"no such element","message":"An element could not be located on the page using the given search parameters","stacktrace":"io.appium.uiautomator2.common.exceptions.ElementNotFoundException: An element could not be located on the page using the given search parameters\n\tat io.appium.uiautomator2.handler.FindElement.safeHandle(FindElement.java:70)\n\tat io.appium.uiautomator2.handler.request.SafeRequestHandler.handle(SafeRequestHandler.java:59)\n\tat io.appium.uiautomator2.server.AppiumServlet.handleRequest(AppiumServlet.java:266)\n\tat io.appium.uiautomator2.server.AppiumServlet.handleHttpRequest(AppiumServlet.java:260)\n\tat io.appium.uiautomator2.http.ServerHandler.channelRead(ServerHandler.java:68)\n\tat io.netty.channel.AbstractChannelHandlerContext.invokeChannelRead(AbstractChannelHandlerContext.java:366)\n\tat io.netty.channel.AbstractChannelHandlerContext.invokeChannelRead(AbstractChannelHandlerContext.java:352)\n\tat io.netty.chann...
[debug] &amp#27;[35m[W3C]&amp#27;[39m Matched W3C error code 'no such element' to NoSuchElementError
[debug] &amp#27;[35m[BaseDriver]&amp#27;[39m Waited for 16136 ms so far
[debug] &amp#27;[35m[WD Proxy]&amp#27;[39m Matched '/element' to command name 'findElement'
[debug] &amp#27;[35m[WD Proxy]&amp#27;[39m Proxying [POST /element] to [POST http://127.0.0.1:8200/wd/hub/session/2e74e7b9-85a6-478f-8ae2-621a49ed711a/element] with body: {"strategy":"-android uiautomator","selector":"new UiSelector().text(\"添加成员\")","context":"","multiple":false}
&amp#27;[35m[WD Proxy]&amp#27;[39m Got response with status 404: {"sessionId":"2e74e7b9-85a6-478f-8ae2-621a49ed711a","value":{"error":"no such element","message":"An element could not be located on the page using the given search parameters","stacktrace":"io.appium.uiautomator2.common.exceptions.ElementNotFoundException: An element could not be located on the page using the given search parameters\n\tat io.appium.uiautomator2.handler.FindElement.safeHandle(FindElement.java:70)\n\tat io.appium.uiautomator2.handler.request.SafeRequestHandler.handle(SafeRequestHandler.java:59)\n\tat io.appium.uiautomator2.server.AppiumServlet.handleRequest(AppiumServlet.java:266)\n\tat io.appium.uiautomator2.server.AppiumServlet.handleHttpRequest(AppiumServlet.java:260)\n\tat io.appium.uiautomator2.http.ServerHandler.channelRead(ServerHandler.java:68)\n\tat io.netty.channel.AbstractChannelHandlerContext.invokeChannelRead(AbstractChannelHandlerContext.java:366)\n\tat io.netty.channel.AbstractChannelHandlerContext.invokeChannelRead(AbstractChannelHandlerContext.java:352)\n\tat io.netty.chann...
[debug] &amp#27;[35m[W3C]&amp#27;[39m Matched W3C error code 'no such element' to NoSuchElementError
[debug] &amp#27;[35m[BaseDriver]&amp#27;[39m Waited for 16678 ms so far
[debug] &amp#27;[35m[WD Proxy]&amp#27;[39m Matched '/element' to command name 'findElement'
[debug] &amp#27;[35m[WD Proxy]&amp#27;[39m Proxying [POST /element] to [POST http://127.0.0.1:8200/wd/hub/session/2e74e7b9-85a6-478f-8ae2-621a49ed711a/element] with body: {"strategy":"-android uiautomator","selector":"new UiSelector().text(\"添加成员\")","context":"","multiple":false}
&amp#27;[35m[WD Proxy]&amp#27;[39m Got response with status 404: {"sessionId":"2e74e7b9-85a6-478f-8ae2-621a49ed711a","value":{"error":"no such element","message":"An element could not be located on the page using the given search parameters","stacktrace":"io.appium.uiautomator2.common.exceptions.ElementNotFoundException: An element could not be located on the page using the given search parameters\n\tat io.appium.uiautomator2.handler.FindElement.safeHandle(FindElement.java:70)\n\tat io.appium.uiautomator2.handler.request.SafeRequestHandler.handle(SafeRequestHandler.java:59)\n\tat io.appium.uiautomator2.server.AppiumServlet.handleRequest(AppiumServlet.java:266)\n\tat io.appium.uiautomator2.server.AppiumServlet.handleHttpRequest(AppiumServlet.java:260)\n\tat io.appium.uiautomator2.http.ServerHandler.channelRead(ServerHandler.java:68)\n\tat io.netty.channel.AbstractChannelHandlerContext.invokeChannelRead(AbstractChannelHandlerContext.java:366)\n\tat io.netty.channel.AbstractChannelHandlerContext.invokeChannelRead(AbstractChannelHandlerContext.java:352)\n\tat io.netty.chann...
[debug] &amp#27;[35m[W3C]&amp#27;[39m Matched W3C error code 'no such element' to NoSuchElementError
[debug] &amp#27;[35m[BaseDriver]&amp#27;[39m Waited for 17222 ms so far
[debug] &amp#27;[35m[WD Proxy]&amp#27;[39m Matched '/element' to command name 'findElement'
[debug] &amp#27;[35m[WD Proxy]&amp#27;[39m Proxying [POST /element] to [POST http://127.0.0.1:8200/wd/hub/session/2e74e7b9-85a6-478f-8ae2-621a49ed711a/element] with body: {"strategy":"-android uiautomator","selector":"new UiSelector().text(\"添加成员\")","context":"","multiple":false}
&amp#27;[35m[WD Proxy]&amp#27;[39m Got response with status 404: {"sessionId":"2e74e7b9-85a6-478f-8ae2-621a49ed711a","value":{"error":"no such element","message":"An element could not be located on the page using the given search parameters","stacktrace":"io.appium.uiautomator2.common.exceptions.ElementNotFoundException: An element could not be located on the page using the given search parameters\n\tat io.appium.uiautomator2.handler.FindElement.safeHandle(FindElement.java:70)\n\tat io.appium.uiautomator2.handler.request.SafeRequestHandler.handle(SafeRequestHandler.java:59)\n\tat io.appium.uiautomator2.server.AppiumServlet.handleRequest(AppiumServlet.java:266)\n\tat io.appium.uiautomator2.server.AppiumServlet.handleHttpRequest(AppiumServlet.java:260)\n\tat io.appium.uiautomator2.http.ServerHandler.channelRead(ServerHandler.java:68)\n\tat io.netty.channel.AbstractChannelHandlerContext.invokeChannelRead(AbstractChannelHandlerContext.java:366)\n\tat io.netty.channel.AbstractChannelHandlerContext.invokeChannelRead(AbstractChannelHandlerContext.java:352)\n\tat io.netty.chann...
[debug] &amp#27;[35m[W3C]&amp#27;[39m Matched W3C error code 'no such element' to NoSuchElementError
[debug] &amp#27;[35m[BaseDriver]&amp#27;[39m Waited for 17764 ms so far
[debug] &amp#27;[35m[WD Proxy]&amp#27;[39m Matched '/element' to command name 'findElement'
[debug] &amp#27;[35m[WD Proxy]&amp#27;[39m Proxying [POST /element] to [POST http://127.0.0.1:8200/wd/hub/session/2e74e7b9-85a6-478f-8ae2-621a49ed711a/element] with body: {"strategy":"-android uiautomator","selector":"new UiSelector().text(\"添加成员\")","context":"","multiple":false}
&amp#27;[35m[WD Proxy]&amp#27;[39m Got response with status 404: {"sessionId":"2e74e7b9-85a6-478f-8ae2-621a49ed711a","value":{"error":"no such element","message":"An element could not be located on the page using the given search parameters","stacktrace":"io.appium.uiautomator2.common.exceptions.ElementNotFoundException: An element could not be located on the page using the given search parameters\n\tat io.appium.uiautomator2.handler.FindElement.safeHandle(FindElement.java:70)\n\tat io.appium.uiautomator2.handler.request.SafeRequestHandler.handle(SafeRequestHandler.java:59)\n\tat io.appium.uiautomator2.server.AppiumServlet.handleRequest(AppiumServlet.java:266)\n\tat io.appium.uiautomator2.server.AppiumServlet.handleHttpRequest(AppiumServlet.java:260)\n\tat io.appium.uiautomator2.http.ServerHandler.channelRead(ServerHandler.java:68)\n\tat io.netty.channel.AbstractChannelHandlerContext.invokeChannelRead(AbstractChannelHandlerContext.java:366)\n\tat io.netty.channel.AbstractChannelHandlerContext.invokeChannelRead(AbstractChannelHandlerContext.java:352)\n\tat io.netty.chann...
[debug] &amp#27;[35m[W3C]&amp#27;[39m Matched W3C error code 'no such element' to NoSuchElementError
[debug] &amp#27;[35m[BaseDriver]&amp#27;[39m Waited for 18314 ms so far
[debug] &amp#27;[35m[WD Proxy]&amp#27;[39m Matched '/element' to command name 'findElement'
[debug] &amp#27;[35m[WD Proxy]&amp#27;[39m Proxying [POST /element] to [POST http://127.0.0.1:8200/wd/hub/session/2e74e7b9-85a6-478f-8ae2-621a49ed711a/element] with body: {"strategy":"-android uiautomator","selector":"new UiSelector().text(\"添加成员\")","context":"","multiple":false}
&amp#27;[35m[WD Proxy]&amp#27;[39m Got response with status 404: {"sessionId":"2e74e7b9-85a6-478f-8ae2-621a49ed711a","value":{"error":"no such element","message":"An element could not be located on the page using the given search parameters","stacktrace":"io.appium.uiautomator2.common.exceptions.ElementNotFoundException: An element could not be located on the page using the given search parameters\n\tat io.appium.uiautomator2.handler.FindElement.safeHandle(FindElement.java:70)\n\tat io.appium.uiautomator2.handler.request.SafeRequestHandler.handle(SafeRequestHandler.java:59)\n\tat io.appium.uiautomator2.server.AppiumServlet.handleRequest(AppiumServlet.java:266)\n\tat io.appium.uiautomator2.server.AppiumServlet.handleHttpRequest(AppiumServlet.java:260)\n\tat io.appium.uiautomator2.http.ServerHandler.channelRead(ServerHandler.java:68)\n\tat io.netty.channel.AbstractChannelHandlerContext.invokeChannelRead(AbstractChannelHandlerContext.java:366)\n\tat io.netty.channel.AbstractChannelHandlerContext.invokeChannelRead(AbstractChannelHandlerContext.java:352)\n\tat io.netty.chann...
[debug] &amp#27;[35m[W3C]&amp#27;[39m Matched W3C error code 'no such element' to NoSuchElementError
[debug] &amp#27;[35m[BaseDriver]&amp#27;[39m Waited for 18860 ms so far
[debug] &amp#27;[35m[WD Proxy]&amp#27;[39m Matched '/element' to command name 'findElement'
[debug] &amp#27;[35m[WD Proxy]&amp#27;[39m Proxying [POST /element] to [POST http://127.0.0.1:8200/wd/hub/session/2e74e7b9-85a6-478f-8ae2-621a49ed711a/element] with body: {"strategy":"-android uiautomator","selector":"new UiSelector().text(\"添加成员\")","context":"","multiple":false}
&amp#27;[35m[WD Proxy]&amp#27;[39m Got response with status 404: {"sessionId":"2e74e7b9-85a6-478f-8ae2-621a49ed711a","value":{"error":"no such element","message":"An element could not be located on the page using the given search parameters","stacktrace":"io.appium.uiautomator2.common.exceptions.ElementNotFoundException: An element could not be located on the page using the given search parameters\n\tat io.appium.uiautomator2.handler.FindElement.safeHandle(FindElement.java:70)\n\tat io.appium.uiautomator2.handler.request.SafeRequestHandler.handle(SafeRequestHandler.java:59)\n\tat io.appium.uiautomator2.server.AppiumServlet.handleRequest(AppiumServlet.java:266)\n\tat io.appium.uiautomator2.server.AppiumServlet.handleHttpRequest(AppiumServlet.java:260)\n\tat io.appium.uiautomator2.http.ServerHandler.channelRead(ServerHandler.java:68)\n\tat io.netty.channel.AbstractChannelHandlerContext.invokeChannelRead(AbstractChannelHandlerContext.java:366)\n\tat io.netty.channel.AbstractChannelHandlerContext.invokeChannelRead(AbstractChannelHandlerContext.java:352)\n\tat io.netty.chann...
[debug] &amp#27;[35m[W3C]&amp#27;[39m Matched W3C error code 'no such element' to NoSuchElementError
[debug] &amp#27;[35m[BaseDriver]&amp#27;[39m Waited for 19402 ms so far
[debug] &amp#27;[35m[WD Proxy]&amp#27;[39m Matched '/element' to command name 'findElement'
[debug] &amp#27;[35m[WD Proxy]&amp#27;[39m Proxying [POST /element] to [POST http://127.0.0.1:8200/wd/hub/session/2e74e7b9-85a6-478f-8ae2-621a49ed711a/element] with body: {"strategy":"-android uiautomator","selector":"new UiSelector().text(\"添加成员\")","context":"","multiple":false}
&amp#27;[35m[WD Proxy]&amp#27;[39m Got response with status 404: {"sessionId":"2e74e7b9-85a6-478f-8ae2-621a49ed711a","value":{"error":"no such element","message":"An element could not be located on the page using the given search parameters","stacktrace":"io.appium.uiautomator2.common.exceptions.ElementNotFoundException: An element could not be located on the page using the given search parameters\n\tat io.appium.uiautomator2.handler.FindElement.safeHandle(FindElement.java:70)\n\tat io.appium.uiautomator2.handler.request.SafeRequestHandler.handle(SafeRequestHandler.java:59)\n\tat io.appium.uiautomator2.server.AppiumServlet.handleRequest(AppiumServlet.java:266)\n\tat io.appium.uiautomator2.server.AppiumServlet.handleHttpRequest(AppiumServlet.java:260)\n\tat io.appium.uiautomator2.http.ServerHandler.channelRead(ServerHandler.java:68)\n\tat io.netty.channel.AbstractChannelHandlerContext.invokeChannelRead(AbstractChannelHandlerContext.java:366)\n\tat io.netty.channel.AbstractChannelHandlerContext.invokeChannelRead(AbstractChannelHandlerContext.java:352)\n\tat io.netty.chann...
[debug] &amp#27;[35m[W3C]&amp#27;[39m Matched W3C error code 'no such element' to NoSuchElementError
[debug] &amp#27;[35m[BaseDriver]&amp#27;[39m Waited for 19944 ms so far
[debug] &amp#27;[35m[WD Proxy]&amp#27;[39m Matched '/element' to command name 'findElement'
[debug] &amp#27;[35m[WD Proxy]&amp#27;[39m Proxying [POST /element] to [POST http://127.0.0.1:8200/wd/hub/session/2e74e7b9-85a6-478f-8ae2-621a49ed711a/element] with body: {"strategy":"-android uiautomator","selector":"new UiSelector().text(\"添加成员\")","context":"","multiple":false}
&amp#27;[35m[WD Proxy]&amp#27;[39m Got response with status 404: {"sessionId":"2e74e7b9-85a6-478f-8ae2-621a49ed711a","value":{"error":"no such element","message":"An element could not be located on the page using the given search parameters","stacktrace":"io.appium.uiautomator2.common.exceptions.ElementNotFoundException: An element could not be located on the page using the given search parameters\n\tat io.appium.uiautomator2.handler.FindElement.safeHandle(FindElement.java:70)\n\tat io.appium.uiautomator2.handler.request.SafeRequestHandler.handle(SafeRequestHandler.java:59)\n\tat io.appium.uiautomator2.server.AppiumServlet.handleRequest(AppiumServlet.java:266)\n\tat io.appium.uiautomator2.server.AppiumServlet.handleHttpRequest(AppiumServlet.java:260)\n\tat io.appium.uiautomator2.http.ServerHandler.channelRead(ServerHandler.java:68)\n\tat io.netty.channel.AbstractChannelHandlerContext.invokeChannelRead(AbstractChannelHandlerContext.java:366)\n\tat io.netty.channel.AbstractChannelHandlerContext.invokeChannelRead(AbstractChannelHandlerContext.java:352)\n\tat io.netty.chann...
[debug] &amp#27;[35m[W3C]&amp#27;[39m Matched W3C error code 'no such element' to NoSuchElementError
[debug] &amp#27;[35m[WD Proxy]&amp#27;[39m Matched '/source' to command name 'getPageSource'
[debug] &amp#27;[35m[WD Proxy]&amp#27;[39m Proxying [GET /source] to [GET http://127.0.0.1:8200/wd/hub/session/2e74e7b9-85a6-478f-8ae2-621a49ed711a/source] with no body
[debug] &amp#27;[35m[WD Proxy]&amp#27;[39m Got response with status 200: {"sessionId":"2e74e7b9-85a6-478f-8ae2-621a49ed711a","value":"<?xml version='1.0' encoding='UTF-8' standalone='yes' ?>\r\n<hierarchy index=\"0\" class=\"hierarchy\" rotation=\"0\" width=\"1080\" height=\"2276\">\r\n  <android.widget.FrameLayout index=\"0\" package=\"com.tencent.wework\" class=\"android.widget.FrameLayout\" text=\"\" checkable=\"false\" checked=\"false\" clickable=\"false\" enabled=\"true\" focusable=\"false\" focused=\"false\" long-clickable=\"false\" password=\"false\" scrollable=\"false\" selected=\"false\" bounds=\"[0,0][1080,2276]\" displayed=\"true\">\r\n    <android.widget.LinearLayout index=\"0\" package=\"com.tencent.wework\" class=\"android.widget.LinearLayout\" text=\"\" checkable=\"false\" checked=\"false\" clickable=\"false\" enabled=\"true\" focusable=\"false\" focused=\"false\" long-clickable=\"false\" password=\"false\" scrollable=\"false\" selected=\"false\" bounds=\"[0,0][1080,2276]\" displayed=\"true\">\r\n      <android.widget.FrameLayout index=\"0\" package=\"com.tencent...
[debug] &amp#27;[35m[BaseDriver]&amp#27;[39m Error finding element: An element could not be located on the page using the given search parameters.
[debug] &amp#27;[35m[BaseDriver]&amp#27;[39m Page source requested through 'printPageSourceOnFindFailure':
[debug] &amp#27;[35m[BaseDriver]&amp#27;[39m <?xml version='1.0' encoding='UTF-8' standalone='yes' ?>
[debug] &amp#27;[35m[BaseDriver]&amp#27;[39m <hierarchy index="0" class="hierarchy" rotation="0" width="1080" height="2276">
[debug] &amp#27;[35m[BaseDriver]&amp#27;[39m   <android.widget.FrameLayout index="0" package="com.tencent.wework" class="android.widget.FrameLayout" text="" checkable="false" checked="false" clickable="false" enabled="true" focusable="false" focused="false" long-clickable="false" password="false" scrollable="false" selected="false" bounds="[0,0][1080,2276]" displayed="true">
[debug] &amp#27;[35m[BaseDriver]&amp#27;[39m     <android.widget.LinearLayout index="0" package="com.tencent.wework" class="android.widget.LinearLayout" text="" checkable="false" checked="false" clickable="false" enabled="true" focusable="false" focused="false" long-clickable="false" password="false" scrollable="false" selected="false" bounds="[0,0][1080,2276]" displayed="true">
[debug] &amp#27;[35m[BaseDriver]&amp#27;[39m       <android.widget.FrameLayout index="0" package="com.tencent.wework" class="android.widget.FrameLayout" text="" checkable="false" checked="false" clickable="false" enabled="true" focusable="false" focused="false" long-clickable="false" password="false" scrollable="false" selected="false" bounds="[0,0][1080,2276]" displayed="true">
[debug] &amp#27;[35m[BaseDriver]&amp#27;[39m         <android.widget.LinearLayout index="0" package="com.tencent.wework" class="android.widget.LinearLayout" text="" resource-id="com.tencent.wework:id/eq" checkable="false" checked="false" clickable="false" enabled="true" focusable="false" focused="false" long-clickable="false" password="false" scrollable="false" selected="false" bounds="[0,0][1080,2276]" displayed="true">
[debug] &amp#27;[35m[BaseDriver]&amp#27;[39m           <android.widget.FrameLayout index="0" package="com.tencent.wework" class="android.widget.FrameLayout" text="" resource-id="android:id/content" checkable="false" checked="false" clickable="false" enabled="true" focusable="false" focused="false" long-clickable="false" password="false" scrollable="false" selected="false" bounds="[0,0][1080,2276]" displayed="true">
[debug] &amp#27;[35m[BaseDriver]&amp#27;[39m             <android.widget.FrameLayout index="0" package="com.tencent.wework" class="android.widget.FrameLayout" text="" resource-id="com.tencent.wework:id/kaz" checkable="false" checked="false" clickable="false" enabled="true" focusable="false" focused="false" long-clickable="false" password="false" scrollable="false" selected="false" bounds="[0,0][1080,2276]" displayed="true">
[debug] &amp#27;[35m[BaseDriver]&amp#27;[39m               <android.widget.RelativeLayout index="0" package="com.tencent.wework" class="android.widget.RelativeLayout" text="" resource-id="com.tencent.wework:id/gkm" checkable="false" checked="false" clickable="false" enabled="true" focusable="false" focused="false" long-clickable="false" password="false" scrollable="false" selected="false" bounds="[0,0][1080,2276]" displayed="true">
[debug] &amp#27;[35m[BaseDriver]&amp#27;[39m                 <android.widget.FrameLayout index="0" package="com.tencent.wework" class="android.widget.FrameLayout" text="" resource-id="com.tencent.wework:id/ea6" checkable="false" checked="false" clickable="false" enabled="true" focusable="false" focused="false" long-clickable="false" password="false" scrollable="false" selected="false" bounds="[0,0][1080,2201]" displayed="true" />
[debug] &amp#27;[35m[BaseDriver]&amp#27;[39m                 <android.widget.FrameLayout index="1" package="com.tencent.wework" class="android.widget.FrameLayout" text="" resource-id="com.tencent.wework:id/ea5" checkable="false" checked="false" clickable="false" enabled="true" focusable="false" focused="false" long-clickable="false" password="false" scrollable="false" selected="false" bounds="[0,0][1080,2201]" displayed="true">
[debug] &amp#27;[35m[BaseDriver]&amp#27;[39m                   <android.widget.LinearLayout index="0" package="com.tencent.wework" class="android.widget.LinearLayout" text="" resource-id="com.tencent.wework:id/jek" checkable="false" checked="false" clickable="false" enabled="true" focusable="false" focused="false" long-clickable="false" password="false" scrollable="false" selected="false" bounds="[0,0][1080,2201]" displayed="true">
[debug] &amp#27;[35m[BaseDriver]&amp#27;[39m                     <android.widget.RelativeLayout index="0" package="com.tencent.wework" class="android.widget.RelativeLayout" text="" resource-id="com.tencent.wework:id/ldj" checkable="false" checked="false" clickable="false" enabled="true" focusable="true" focused="false" long-clickable="false" password="false" scrollable="false" selected="false" bounds="[0,0][1080,212]" displayed="true">
[debug] &amp#27;[35m[BaseDriver]&amp#27;[39m                       <android.widget.LinearLayout index="0" package="com.tencent.wework" class="android.widget.LinearLayout" text="" resource-id="com.tencent.wework:id/lek" checkable="false" checked="false" clickable="false" enabled="true" focusable="false" focused="false" long-clickable="false" password="false" scrollable="false" selected="false" bounds="[0,80][788,212]" displayed="true">
[debug] &amp#27;[35m[BaseDriver]&amp#27;[39m                         <android.widget.LinearLayout index="1" package="com.tencent.wework" class="android.widget.LinearLayout" text="" resource-id="com.tencent.wework:id/lem" checkable="false" checked="false" clickable="false" enabled="true" focusable="false" focused="false" long-clickable="false" password="false" scrollable="false" selected="false" bounds="[0,80][788,212]" displayed="true">
[debug] &amp#27;[35m[BaseDriver]&amp#27;[39m                           <android.widget.LinearLayout index="0" package="com.tencent.wework" class="android.widget.LinearLayout" text="" resource-id="com.tencent.wework:id/l9y" checkable="false" checked="false" clickable="false" enabled="true" focusable="false" focused="false" long-clickable="false" password="false" scrollable="false" selected="false" bounds="[28,80][34,212]" displayed="true">
[debug] &amp#27;[35m[BaseDriver]&amp#27;[39m                             <android.widget.LinearLayout index="0" package="com.tencent.wework" class="android.widget.LinearLayout" text="" checkable="false" checked="false" clickable="false" enabled="true" focusable="false" focused="false" long-clickable="false" password="false" scrollable="false" selected="false" bounds="[28,144][34,147]" displayed="true">
[debug] &amp#27;[35m[BaseDriver]&amp#27;[39m                               <android.view.View index="0" package="com.tencent.wework" class="android.view.View" text="" resource-id="com.tencent.wework:id/lei" checkable="false" checked="false" clickable="false" enabled="true" focusable="false" focused="false" long-clickable="false" password="false" scrollable="false" selected="false" bounds="[28,144][34,147]" displayed="true" />
[debug] &amp#27;[35m[BaseDriver]&amp#27;[39m                             </android.widget.LinearLayout>
[debug] &amp#27;[35m[BaseDriver]&amp#27;[39m                           </android.widget.LinearLayout>
[debug] &amp#27;[35m[BaseDriver]&amp#27;[39m                         </android.widget.LinearLayout>
[debug] &amp#27;[35m[BaseDriver]&amp#27;[39m                       </android.widget.LinearLayout>
[debug] &amp#27;[35m[BaseDriver]&amp#27;[39m                       <android.widget.LinearLayout index="1" package="com.tencent.wework" class="android.widget.LinearLayout" text="" resource-id="com.tencent.wework:id/les" checkable="false" checked="false" clickable="false" enabled="true" focusable="false" focused="false" long-clickable="false" password="false" scrollable="false" selected="false" bounds="[457,80][623,212]" displayed="true">
[debug] &amp#27;[35m[BaseDriver]&amp#27;[39m                         <android.widget.LinearLayout index="0" package="com.tencent.wework" class="android.widget.LinearLayout" text="" resource-id="com.tencent.wework:id/hbb" checkable="false" checked="false" clickable="false" enabled="true" focusable="false" focused="false" long-clickable="false" password="false" scrollable="false" selected="false" bounds="[457,80][623,212]" displayed="true">
[debug] &amp#27;[35m[BaseDriver]&amp#27;[39m                           <android.widget.LinearLayout index="0" package="com.tencent.wework" class="android.widget.LinearLayout" text="" checkable="false" checked="false" clickable="false" enabled="true" focusable="false" focused="false" long-clickable="false" password="false" scrollable="false" selected="false" bounds="[457,114][623,178]" displayed="true">
[debug] &amp#27;[35m[BaseDriver]&amp#27;[39m                             <android.widget.TextView index="0" package="com.tencent.wework" class="android.widget.TextView" text="TesterU" resource-id="com.tencent.wework:id/len" checkable="false" checked="false" clickable="true" enabled="true" focusable="true" focused="false" long-clickable="false" password="false" scrollable="false" selected="false" bounds="[457,114][623,178]" displayed="true" />
[debug] &amp#27;[35m[BaseDriver]&amp#27;[39m                           </android.widget.LinearLayout>
[debug] &amp#27;[35m[BaseDriver]&amp#27;[39m                         </android.widget.LinearLayout>
[debug] &amp#27;[35m[BaseDriver]&amp#27;[39m                       </android.widget.LinearLayout>
[debug] &amp#27;[35m[BaseDriver]&amp#27;[39m                       <android.widget.LinearLayout index="2" package="com.tencent.wework" class="android.widget.LinearLayout" text="" resource-id="com.tencent.wework:id/lff" checkable="false" checked="false" clickable="false" enabled="true" focusable="false" focused="false" long-clickable="false" password="false" scrollable="false" selected="false" bounds="[816,80][1080,212]" displayed="true">
[debug] &amp#27;[35m[BaseDriver]&amp#27;[39m                         <android.widget.RelativeLayout index="0" package="com.tencent.wework" class="android.widget.RelativeLayout" text="" checkable="false" checked="false" clickable="false" enabled="true" focusable="false" focused="false" long-clickable="false" password="false" scrollable="false" selected="false" bounds="[816,80][948,212]" displayed="true">
[debug] &amp#27;[35m[BaseDriver]&amp#27;[39m                           <android.widget.TextView index="0" package="com.tencent.wework" class="android.widget.TextView" text="" resource-id="com.tencent.wework:id/lf_" checkable="false" checked="false" clickable="true" enabled="true" focusable="true" focused="false" long-clickable="false" password="false" scrollable="false" selected="false" bounds="[816,80][948,212]" displayed="true" />
[debug] &amp#27;[35m[BaseDriver]&amp#27;[39m                         </android.widget.RelativeLayout>
[debug] &amp#27;[35m[BaseDriver]&amp#27;[39m                         <android.widget.RelativeLayout index="1" package="com.tencent.wework" class="android.widget.RelativeLayout" text="" checkable="false" checked="false" clickable="false" enabled="true" focusable="false" focused="false" long-clickable="false" password="false" scrollable="false" selected="false" bounds="[948,80][1080,212]" displayed="true">
[debug] &amp#27;[35m[BaseDriver]&amp#27;[39m                           <android.widget.TextView index="0" package="com.tencent.wework" class="android.widget.TextView" text="" resource-id="com.tencent.wework:id/lf5" checkable="false" checked="false" clickable="true" enabled="true" focusable="true" focused="false" long-clickable="false" password="false" scrollable="false" selected="false" bounds="[948,80][1080,212]" displayed="true" />
[debug] &amp#27;[35m[BaseDriver]&amp#27;[39m                         </android.widget.RelativeLayout>
[debug] &amp#27;[35m[BaseDriver]&amp#27;[39m                       </android.widget.LinearLayout>
[debug] &amp#27;[35m[BaseDriver]&amp#27;[39m                     </android.widget.RelativeLayout>
[debug] &amp#27;[35m[BaseDriver]&amp#27;[39m                     <android.widget.RelativeLayout index="1" package="com.tencent.wework" class="android.widget.RelativeLayout" text="" checkable="false" checked="false" clickable="false" enabled="true" focusable="false" focused="false" long-clickable="false" password="false" scrollable="false" selected="false" bounds="[0,212][1080,2201]" displayed="true">
[debug] &amp#27;[35m[BaseDriver]&amp#27;[39m                       <androidx.recyclerview.widget.RecyclerView index="0" package="com.tencent.wework" class="androidx.recyclerview.widget.RecyclerView" text="" resource-id="com.tencent.wework:id/j0y" checkable="false" checked="false" clickable="false" enabled="true" focusable="true" focused="false" long-clickable="false" password="false" scrollable="false" selected="false" bounds="[0,212][1080,2201]" displayed="true">
[debug] &amp#27;[35m[BaseDriver]&amp#27;[39m                         <android.view.ViewGroup index="0" package="com.tencent.wework" class="android.view.ViewGroup" text="" resource-id="com.tencent.wework:id/jeo" checkable="false" checked="false" clickable="true" enabled="true" focusable="true" focused="false" long-clickable="false" password="false" scrollable="false" selected="false" bounds="[0,212][1080,331]" displayed="true">
[debug] &amp#27;[35m[BaseDriver]&amp#27;[39m                           <android.widget.ImageView index="0" package="com.tencent.wework" class="android.widget.ImageView" text="" resource-id="com.tencent.wework:id/ibe" checkable="false" checked="false" clickable="false" enabled="true" focusable="false" focused="false" long-clickable="false" password="false" scrollable="false" selected="false" bounds="[44,212][143,309]" displayed="true" />
[debug] &amp#27;[35m[BaseDriver]&amp#27;[39m                           <android.view.ViewGroup index="1" package="com.tencent.wework" class="android.view.ViewGroup" text="" resource-id="com.tencent.wework:id/gl6" checkable="false" checked="false" clickable="false" enabled="true" focusable="false" focused="false" long-clickable="false" password="false" scrollable="false" selected="false" bounds="[176,231][1047,289]" displayed="true">
[debug] &amp#27;[35m[BaseDriver]&amp#27;[39m                             <android.widget.LinearLayout index="0" package="com.tencent.wework" class="android.widget.LinearLayout" text="" resource-id="com.tencent.wework:id/glm" checkable="false" checked="false" clickable="false" enabled="true" focusable="false" focused="false" long-clickable="false" password="false" scrollable="false" selected="false" bounds="[176,231][308,289]" displayed="true">
[debug] &amp#27;[35m[BaseDriver]&amp#27;[39m                               <android.widget.TextView index="0" package="com.tencent.wework" class="android.widget.TextView" text="朱健柏" resource-id="com.tencent.wework:id/g12" checkable="false" checked="false" clickable="false" enabled="true" focusable="false" focused="false" long-clickable="false" password="false" scrollable="false" selected="false" bounds="[176,231][308,289]" displayed="true" />
[debug] &amp#27;[35m[BaseDriver]&amp#27;[39m                             </android.widget.LinearLayout>
[debug] &amp#27;[35m[BaseDriver]&amp#27;[39m                             <android.widget.ImageView index="1" package="com.tencent.wework" class="android.widget.ImageView" text="" resource-id="com.tencent.wework:id/g13" checkable="false" checked="false" clickable="false" enabled="true" focusable="false" focused="false" long-clickable="false" password="false" scrollable="false" selected="false" bounds="[319,260][320,261]" displayed="true" />
[debug] &amp#27;[35m[BaseDriver]&amp#27;[39m                           </android.view.ViewGroup>
[debug] &amp#27;[35m[BaseDriver]&amp#27;[39m                         </android.view.ViewGroup>
[debug] &amp#27;[35m[BaseDriver]&amp#27;[39m                         <android.view.ViewGroup index="1" package="com.tencent.wework" class="android.view.ViewGroup" text="" resource-id="com.tencent.wework:id/jeo" checkable="false" checked="false" clickable="true" enabled="true" focusable="true" focused="false" long-clickable="false" password="false" scrollable="false" selected="false" bounds="[0,332][1080,475]" displayed="true">
[debug] &amp#27;[35m[BaseDriver]&amp#27;[39m                           <android.widget.ImageView index="0" package="com.tencent.wework" class="android.widget.ImageView" text="" resource-id="com.tencent.wework:id/ibe" checkable="false" checked="false" clickable="false" enabled="true" focusable="false" focused="false" long-clickable="false" password="false" scrollable="false" selected="false" bounds="[44,354][143,453]" displayed="true" />
[debug] &amp#27;[35m[BaseDriver]&amp#27;[39m                           <android.view.ViewGroup index="1" package="com.tencent.wework" class="android.view.ViewGroup" text="" resource-id="com.tencent.wework:id/gl6" checkable="false" checked="false" clickable="false" enabled="true" focusable="false" focused="false" long-clickable="false" password="false" scrollable="false" selected="false" bounds="[176,375][1047,433]" displayed="true">
[debug] &amp#27;[35m[BaseDriver]&amp#27;[39m                             <android.widget.LinearLayout index="0" package="com.tencent.wework" class="android.widget.LinearLayout" text="" resource-id="com.tencent.wework:id/glm" checkable="false" checked="false" clickable="false" enabled="true" focusable="false" focused="false" long-clickable="false" password="false" scrollable="false" selected="false" bounds="[176,375][308,433]" displayed="true">
[debug] &amp#27;[35m[BaseDriver]&amp#27;[39m                               <android.widget.TextView index="0" package="com.tencent.wework" class="android.widget.TextView" text="黎昊强" resource-id="com.tencent.wework:id/g12" checkable="false" checked="false" clickable="false" enabled="true" focusable="false" focused="false" long-clickable="false" password="false" scrollable="false" selected="false" bounds="[176,375][308,433]" displayed="true" />
[debug] &amp#27;[35m[BaseDriver]&amp#27;[39m                             </android.widget.LinearLayout>
[debug] &amp#27;[35m[BaseDriver]&amp#27;[39m                             <android.widget.ImageView index="1" package="com.tencent.wework" class="android.widget.ImageView" text="" resource-id="com.tencent.wework:id/g13" checkable="false" checked="false" clickable="false" enabled="true" focusable="false" focused="false" long-clickable="false" password="false" scrollable="false" selected="false" bounds="[319,404][320,405]" displayed="true" />
[debug] &amp#27;[35m[BaseDriver]&amp#27;[39m                           </android.view.ViewGroup>
[debug] &amp#27;[35m[BaseDriver]&amp#27;[39m                         </android.view.ViewGroup>
[debug] &amp#27;[35m[BaseDriver]&amp#27;[39m                         <android.view.ViewGroup index="2" package="com.tencent.wework" class="android.view.ViewGroup" text="" resource-id="com.tencent.wework:id/jeo" checkable="false" checked="false" clickable="true" enabled="true" focusable="true" focused="false" long-clickable="false" password="false" scrollable="false" selected="false" bounds="[0,476][1080,619]" displayed="true">
[debug] &amp#27;[35m[BaseDriver]&amp#27;[39m                           <android.widget.ImageView index="0" package="com.tencent.wework" class="android.widget.ImageView" text="" resource-id="com.tencent.wework:id/ibe" checkable="false" checked="false" clickable="false" enabled="true" focusable="false" focused="false" long-clickable="false" password="false" scrollable="false" selected="false" bounds="[44,498][143,597]" displayed="true" />
[debug] &amp#27;[35m[BaseDriver]&amp#27;[39m                           <android.view.ViewGroup index="1" package="com.tencent.wework" class="android.view.ViewGroup" text="" resource-id="com.tencent.wework:id/gl6" checkable="false" checked="false" clickable="false" enabled="true" focusable="false" focused="false" long-clickable="false" password="false" scrollable="false" selected="false" bounds="[176,519][1047,577]" displayed="true">
[debug] &amp#27;[35m[BaseDriver]&amp#27;[39m                             <android.widget.LinearLayout index="0" package="com.tencent.wework" class="android.widget.LinearLayout" text="" resource-id="com.tencent.wework:id/glm" checkable="false" checked="false" clickable="false" enabled="true" focusable="false" focused="false" long-clickable="false" password="false" scrollable="false" selected="false" bounds="[176,519][308,577]" displayed="true">
[debug] &amp#27;[35m[BaseDriver]&amp#27;[39m                               <android.widget.TextView index="0" package="com.tencent.wework" class="android.widget.TextView" text="覃子涵" resource-id="com.tencent.wework:id/g12" checkable="false" checked="false" clickable="false" enabled="true" focusable="false" focused="false" long-clickable="false" password="false" scrollable="false" selected="false" bounds="[176,519][308,577]" displayed="true" />
[debug] &amp#27;[35m[BaseDriver]&amp#27;[39m                             </android.widget.LinearLayout>
[debug] &amp#27;[35m[BaseDriver]&amp#27;[39m                             <android.widget.ImageView index="1" package="com.tencent.wework" class="android.widget.ImageView" text="" resource-id="com.tencent.wework:id/g13" checkable="false" checked="false" clickable="false" enabled="true" focusable="false" focused="false" long-clickable="false" password="false" scrollable="false" selected="false" bounds="[319,548][320,549]" displayed="true" />
[debug] &amp#27;[35m[BaseDriver]&amp#27;[39m                           </android.view.ViewGroup>
[debug] &amp#27;[35m[BaseDriver]&amp#27;[39m                         </android.view.ViewGroup>
[debug] &amp#27;[35m[BaseDriver]&amp#27;[39m                         <android.view.ViewGroup index="3" package="com.tencent.wework" class="android.view.ViewGroup" text="" resource-id="com.tencent.wework:id/jeo" checkable="false" checked="false" clickable="true" enabled="true" focusable="true" focused="false" long-clickable="false" password="false" scrollable="false" selected="false" bounds="[0,620][1080,763]" displayed="true">
[debug] &amp#27;[35m[BaseDriver]&amp#27;[39m                           <android.widget.ImageView index="0" package="com.tencent.wework" class="android.widget.ImageView" text="" resource-id="com.tencent.wework:id/ibe" checkable="false" checked="false" clickable="false" enabled="true" focusable="false" focused="false" long-clickable="false" password="false" scrollable="false" selected="false" bounds="[44,642][143,741]" displayed="true" />
[debug] &amp#27;[35m[BaseDriver]&amp#27;[39m                           <android.view.ViewGroup index="1" package="com.tencent.wework" class="android.view.ViewGroup" text="" resource-id="com.tencent.wework:id/gl6" checkable="false" checked="false" clickable="false" enabled="true" focusable="false" focused="false" long-clickable="false" password="false" scrollable="false" selected="false" bounds="[176,663][1047,721]" displayed="true">
[debug] &amp#27;[35m[BaseDriver]&amp#27;[39m                             <android.widget.LinearLayout index="0" package="com.tencent.wework" class="android.widget.LinearLayout" text="" resource-id="com.tencent.wework:id/glm" checkable="false" checked="false" clickable="false" enabled="true" focusable="false" focused="false" long-clickable="false" password="false" scrollable="false" selected="false" bounds="[176,663][308,721]" displayed="true">
[debug] &amp#27;[35m[BaseDriver]&amp#27;[39m                               <android.widget.TextView index="0" package="com.tencent.wework" class="android.widget.TextView" text="程立辉" resource-id="com.tencent.wework:id/g12" checkable="false" checked="false" clickable="false" enabled="true" focusable="false" focused="false" long-clickable="false" password="false" scrollable="false" selected="false" bounds="[176,663][308,721]" displayed="true" />
[debug] &amp#27;[35m[BaseDriver]&amp#27;[39m                             </android.widget.LinearLayout>
[debug] &amp#27;[35m[BaseDriver]&amp#27;[39m                             <android.widget.ImageView index="1" package="com.tencent.wework" class="android.widget.ImageView" text="" resource-id="com.tencent.wework:id/g13" checkable="false" checked="false" clickable="false" enabled="true" focusable="false" focused="false" long-clickable="false" password="false" scrollable="false" selected="false" bounds="[319,692][320,693]" displayed="true" />
[debug] &amp#27;[35m[BaseDriver]&amp#27;[39m                           </android.view.ViewGroup>
[debug] &amp#27;[35m[BaseDriver]&amp#27;[39m                         </android.view.ViewGroup>
[debug] &amp#27;[35m[BaseDriver]&amp#27;[39m                         <android.view.ViewGroup index="4" package="com.tencent.wework" class="android.view.ViewGroup" text="" resource-id="com.tencent.wework:id/jeo" checkable="false" checked="false" clickable="true" enabled="true" focusable="true" focused="false" long-clickable="false" password="false" scrollable="false" selected="false" bounds="[0,764][1080,907]" displayed="true">
[debug] &amp#27;[35m[BaseDriver]&amp#27;[39m                           <android.widget.ImageView index="0" package="com.tencent.wework" class="android.widget.ImageView" text="" resource-id="com.tencent.wework:id/ibe" checkable="false" checked="false" clickable="false" enabled="true" focusable="false" focused="false" long-clickable="false" password="false" scrollable="false" selected="false" bounds="[44,786][143,885]" displayed="true" />
[debug] &amp#27;[35m[BaseDriver]&amp#27;[39m                           <android.view.ViewGroup index="1" package="com.tencent.wework" class="android.view.ViewGroup" text="" resource-id="com.tencent.wework:id/gl6" checkable="false" checked="false" clickable="false" enabled="true" focusable="false" focused="false" long-clickable="false" password="false" scrollable="false" selected="false" bounds="[176,807][1047,865]" displayed="true">
[debug] &amp#27;[35m[BaseDriver]&amp#27;[39m                             <android.widget.LinearLayout index="0" package="com.tencent.wework" class="android.widget.LinearLayout" text="" resource-id="com.tencent.wework:id/glm" checkable="false" checked="false" clickable="false" enabled="true" focusable="false" focused="false" long-clickable="false" password="false" scrollable="false" selected="false" bounds="[176,807][308,865]" displayed="true">
[debug] &amp#27;[35m[BaseDriver]&amp#27;[39m                               <android.widget.TextView index="0" package="com.tencent.wework" class="android.widget.TextView" text="谢皓轩" resource-id="com.tencent.wework:id/g12" checkable="false" checked="false" clickable="false" enabled="true" focusable="false" focused="false" long-clickable="false" password="false" scrollable="false" selected="false" bounds="[176,807][308,865]" displayed="true" />
[debug] &amp#27;[35m[BaseDriver]&amp#27;[39m                             </android.widget.LinearLayout>
[debug] &amp#27;[35m[BaseDriver]&amp#27;[39m                             <android.widget.ImageView index="1" package="com.tencent.wework" class="android.widget.ImageView" text="" resource-id="com.tencent.wework:id/g13" checkable="false" checked="false" clickable="false" enabled="true" focusable="false" focused="false" long-clickable="false" password="false" scrollable="false" selected="false" bounds="[319,836][320,837]" displayed="true" />
[debug] &amp#27;[35m[BaseDriver]&amp#27;[39m                           </android.view.ViewGroup>
[debug] &amp#27;[35m[BaseDriver]&amp#27;[39m                         </android.view.ViewGroup>
[debug] &amp#27;[35m[BaseDriver]&amp#27;[39m                         <android.view.ViewGroup index="5" package="com.tencent.wework" class="android.view.ViewGroup" text="" resource-id="com.tencent.wework:id/jeo" checkable="false" checked="false" clickable="true" enabled="true" focusable="true" focused="false" long-clickable="false" password="false" scrollable="false" selected="false" bounds="[0,908][1080,1051]" displayed="true">
[debug] &amp#27;[35m[BaseDriver]&amp#27;[39m                           <android.widget.ImageView index="0" package="com.tencent.wework" class="android.widget.ImageView" text="" resource-id="com.tencent.wework:id/ibe" checkable="false" checked="false" clickable="false" enabled="true" focusable="false" focused="false" long-clickable="false" password="false" scrollable="false" selected="false" bounds="[44,930][143,1029]" displayed="true" />
[debug] &amp#27;[35m[BaseDriver]&amp#27;[39m                           <android.view.ViewGroup index="1" package="com.tencent.wework" class="android.view.ViewGroup" text="" resource-id="com.tencent.wework:id/gl6" checkable="false" checked="false" clickable="false" enabled="true" focusable="false" focused="false" long-clickable="false" password="false" scrollable="false" selected="false" bounds="[176,951][1047,1009]" displayed="true">
[debug] &amp#27;[35m[BaseDriver]&amp#27;[39m                             <android.widget.LinearLayout index="0" package="com.tencent.wework" class="android.widget.LinearLayout" text="" resource-id="com.tencent.wework:id/glm" checkable="false" checked="false" clickable="false" enabled="true" focusable="false" focused="false" long-clickable="false" password="false" scrollable="false" selected="false" bounds="[176,951][308,1009]" displayed="true">
[debug] &amp#27;[35m[BaseDriver]&amp#27;[39m                               <android.widget.TextView index="0" package="com.tencent.wework" class="android.widget.TextView" text="莫鸿煊" resource-id="com.tencent.wework:id/g12" checkable="false" checked="false" clickable="false" enabled="true" focusable="false" focused="false" long-clickable="false" password="false" scrollable="false" selected="false" bounds="[176,951][308,1009]" displayed="true" />
[debug] &amp#27;[35m[BaseDriver]&amp#27;[39m                             </android.widget.LinearLayout>
[debug] &amp#27;[35m[BaseDriver]&amp#27;[39m                             <android.widget.ImageView index="1" package="com.tencent.wework" class="android.widget.ImageView" text="" resource-id="com.tencent.wework:id/g13" checkable="false" checked="false" clickable="false" enabled="true" focusable="false" focused="false" long-clickable="false" password="false" scrollable="false" selected="false" bounds="[319,980][320,981]" displayed="true" />
[debug] &amp#27;[35m[BaseDriver]&amp#27;[39m                           </android.view.ViewGroup>
[debug] &amp#27;[35m[BaseDriver]&amp#27;[39m                         </android.view.ViewGroup>
[debug] &amp#27;[35m[BaseDriver]&amp#27;[39m                         <android.view.ViewGroup index="6" package="com.tencent.wework" class="android.view.ViewGroup" text="" resource-id="com.tencent.wework:id/jeo" checkable="false" checked="false" clickable="true" enabled="true" focusable="true" focused="false" long-clickable="false" password="false" scrollable="false" selected="false" bounds="[0,1052][1080,1195]" displayed="true">
[debug] &amp#27;[35m[BaseDriver]&amp#27;[39m                           <android.widget.ImageView index="0" package="com.tencent.wework" class="android.widget.ImageView" text="" resource-id="com.tencent.wework:id/ibe" checkable="false" checked="false" clickable="false" enabled="true" focusable="false" focused="false" long-clickable="false" password="false" scrollable="false" selected="false" bounds="[44,1074][143,1173]" displayed="true" />
[debug] &amp#27;[35m[BaseDriver]&amp#27;[39m                           <android.view.ViewGroup index="1" package="com.tencent.wework" class="android.view.ViewGroup" text="" resource-id="com.tencent.wework:id/gl6" checkable="false" checked="false" clickable="false" enabled="true" focusable="false" focused="false" long-clickable="false" password="false" scrollable="false" selected="false" bounds="[176,1095][1047,1153]" displayed="true">
[debug] &amp#27;[35m[BaseDriver]&amp#27;[39m                             <android.widget.LinearLayout index="0" package="com.tencent.wework" class="android.widget.LinearLayout" text="" resource-id="com.tencent.wework:id/glm" checkable="false" checked="false" clickable="false" enabled="true" focusable="false" focused="false" long-clickable="false" password="false" scrollable="false" selected="false" bounds="[176,1095][308,1153]" displayed="true">
[debug] &amp#27;[35m[BaseDriver]&amp#27;[39m                               <android.widget.TextView index="0" package="com.tencent.wework" class="android.widget.TextView" text="蒋鑫磊" resource-id="com.tencent.wework:id/g12" checkable="false" checked="false" clickable="false" enabled="true" focusable="false" focused="false" long-clickable="false" password="false" scrollable="false" selected="false" bounds="[176,1095][308,1153]" displayed="true" />
[debug] &amp#27;[35m[BaseDriver]&amp#27;[39m                             </android.widget.LinearLayout>
[debug] &amp#27;[35m[BaseDriver]&amp#27;[39m                             <android.widget.ImageView index="1" package="com.tencent.wework" class="android.widget.ImageView" text="" resource-id="com.tencent.wework:id/g13" checkable="false" checked="false" clickable="false" enabled="true" focusable="false" focused="false" long-clickable="false" password="false" scrollable="false" selected="false" bounds="[319,1124][320,1125]" displayed="true" />
[debug] &amp#27;[35m[BaseDriver]&amp#27;[39m                           </android.view.ViewGroup>
[debug] &amp#27;[35m[BaseDriver]&amp#27;[39m                         </android.view.ViewGroup>
[debug] &amp#27;[35m[BaseDriver]&amp#27;[39m                         <android.view.ViewGroup index="7" package="com.tencent.wework" class="android.view.ViewGroup" text="" resource-id="com.tencent.wework:id/jeo" checkable="false" checked="false" clickable="true" enabled="true" focusable="true" focused="false" long-clickable="false" password="false" scrollable="false" selected="false" bounds="[0,1196][1080,1339]" displayed="true">
[debug] &amp#27;[35m[BaseDriver]&amp#27;[39m                           <android.widget.ImageView index="0" package="com.tencent.wework" class="android.widget.ImageView" text="" resource-id="com.tencent.wework:id/ibe" checkable="false" checked="false" clickable="false" enabled="true" focusable="false" focused="false" long-clickable="false" password="false" scrollable="false" selected="false" bounds="[44,1218][143,1317]" displayed="true" />
[debug] &amp#27;[35m[BaseDriver]&amp#27;[39m                           <android.view.ViewGroup index="1" package="com.tencent.wework" class="android.view.ViewGroup" text="" resource-id="com.tencent.wework:id/gl6" checkable="false" checked="false" clickable="false" enabled="true" focusable="false" focused="false" long-clickable="false" password="false" scrollable="false" selected="false" bounds="[176,1239][1047,1297]" displayed="true">
[debug] &amp#27;[35m[BaseDriver]&amp#27;[39m                             <android.widget.LinearLayout index="0" package="com.tencent.wework" class="android.widget.LinearLayout" text="" resource-id="com.tencent.wework:id/glm" checkable="false" checked="false" clickable="false" enabled="true" focusable="false" focused="false" long-clickable="false" password="false" scrollable="false" selected="false" bounds="[176,1239][308,1297]" displayed="true">
[debug] &amp#27;[35m[BaseDriver]&amp#27;[39m                               <android.widget.TextView index="0" package="com.tencent.wework" class="android.widget.TextView" text="石聪健" resource-id="com.tencent.wework:id/g12" checkable="false" checked="false" clickable="false" enabled="true" focusable="false" focused="false" long-clickable="false" password="false" scrollable="false" selected="false" bounds="[176,1239][308,1297]" displayed="true" />
[debug] &amp#27;[35m[BaseDriver]&amp#27;[39m                             </android.widget.LinearLayout>
[debug] &amp#27;[35m[BaseDriver]&amp#27;[39m                             <android.widget.ImageView index="1" package="com.tencent.wework" class="android.widget.ImageView" text="" resource-id="com.tencent.wework:id/g13" checkable="false" checked="false" clickable="false" enabled="true" focusable="false" focused="false" long-clickable="false" password="false" scrollable="false" selected="false" bounds="[319,1268][320,1269]" displayed="true" />
[debug] &amp#27;[35m[BaseDriver]&amp#27;[39m                           </android.view.ViewGroup>
[debug] &amp#27;[35m[BaseDriver]&amp#27;[39m                         </android.view.ViewGroup>
[debug] &amp#27;[35m[BaseDriver]&amp#27;[39m                         <android.view.ViewGroup index="8" package="com.tencent.wework" class="android.view.ViewGroup" text="" resource-id="com.tencent.wework:id/jeo" checkable="false" checked="false" clickable="true" enabled="true" focusable="true" focused="false" long-clickable="false" password="false" scrollable="false" selected="false" bounds="[0,1340][1080,1483]" displayed="true">
[debug] &amp#27;[35m[BaseDriver]&amp#27;[39m                           <android.widget.ImageView index="0" package="com.tencent.wework" class="android.widget.ImageView" text="" resource-id="com.tencent.wework:id/ibe" checkable="false" checked="false" clickable="false" enabled="true" focusable="false" focused="false" long-clickable="false" password="false" scrollable="false" selected="false" bounds="[44,1362][143,1461]" displayed="true" />
[debug] &amp#27;[35m[BaseDriver]&amp#27;[39m                           <android.view.ViewGroup index="1" package="com.tencent.wework" class="android.view.ViewGroup" text="" resource-id="com.tencent.wework:id/gl6" checkable="false" checked="false" clickable="false" enabled="true" focusable="false" focused="false" long-clickable="false" password="false" scrollable="false" selected="false" bounds="[176,1383][1047,1441]" displayed="true">
[debug] &amp#27;[35m[BaseDriver]&amp#27;[39m                             <android.widget.LinearLayout index="0" package="com.tencent.wework" class="android.widget.LinearLayout" text="" resource-id="com.tencent.wework:id/glm" checkable="false" checked="false" clickable="false" enabled="true" focusable="false" focused="false" long-clickable="false" password="false" scrollable="false" selected="false" bounds="[176,1383][308,1441]" displayed="true">
[debug] &amp#27;[35m[BaseDriver]&amp#27;[39m                               <android.widget.TextView index="0" package="com.tencent.wework" class="android.widget.TextView" text="谭哲瀚" resource-id="com.tencent.wework:id/g12" checkable="false" checked="false" clickable="false" enabled="true" focusable="false" focused="false" long-clickable="false" password="false" scrollable="false" selected="false" bounds="[176,1383][308,1441]" displayed="true" />
[debug] &amp#27;[35m[BaseDriver]&amp#27;[39m                             </android.widget.LinearLayout>
[debug] &amp#27;[35m[BaseDriver]&amp#27;[39m                             <android.widget.ImageView index="1" package="com.tencent.wework" class="android.widget.ImageView" text="" resource-id="com.tencent.wework:id/g13" checkable="false" checked="false" clickable="false" enabled="true" focusable="false" focused="false" long-clickable="false" password="false" scrollable="false" selected="false" bounds="[319,1412][320,1413]" displayed="true" />
[debug] &amp#27;[35m[BaseDriver]&amp#27;[39m                           </android.view.ViewGroup>
[debug] &amp#27;[35m[BaseDriver]&amp#27;[39m                         </android.view.ViewGroup>
[debug] &amp#27;[35m[BaseDriver]&amp#27;[39m                         <android.view.ViewGroup index="9" package="com.tencent.wework" class="android.view.ViewGroup" text="" resource-id="com.tencent.wework:id/jeo" checkable="false" checked="false" clickable="true" enabled="true" focusable="true" focused="false" long-clickable="false" password="false" scrollable="false" selected="false" bounds="[0,1484][1080,1627]" displayed="true">
[debug] &amp#27;[35m[BaseDriver]&amp#27;[39m                           <android.widget.ImageView index="0" package="com.tencent.wework" class="android.widget.ImageView" text="" resource-id="com.tencent.wework:id/ibe" checkable="false" checked="false" clickable="false" enabled="true" focusable="false" focused="false" long-clickable="false" password="false" scrollable="false" selected="false" bounds="[44,1506][143,1605]" displayed="true" />
[debug] &amp#27;[35m[BaseDriver]&amp#27;[39m                           <android.view.ViewGroup index="1" package="com.tencent.wework" class="android.view.ViewGroup" text="" resource-id="com.tencent.wework:id/gl6" checkable="false" checked="false" clickable="false" enabled="true" focusable="false" focused="false" long-clickable="false" password="false" scrollable="false" selected="false" bounds="[176,1527][1047,1585]" displayed="true">
[debug] &amp#27;[35m[BaseDriver]&amp#27;[39m                             <android.widget.LinearLayout index="0" package="com.tencent.wework" class="android.widget.LinearLayout" text="" resource-id="com.tencent.wework:id/glm" checkable="false" checked="false" clickable="false" enabled="true" focusable="false" focused="false" long-clickable="false" password="false" scrollable="false" selected="false" bounds="[176,1527][308,1585]" displayed="true">
[debug] &amp#27;[35m[BaseDriver]&amp#27;[39m                               <android.widget.TextView index="0" package="com.tencent.wework" class="android.widget.TextView" text="徐鑫磊" resource-id="com.tencent.wework:id/g12" checkable="false" checked="false" clickable="false" enabled="true" focusable="false" focused="false" long-clickable="false" password="false" scrollable="false" selected="false" bounds="[176,1527][308,1585]" displayed="true" />
[debug] &amp#27;[35m[BaseDriver]&amp#27;[39m                             </android.widget.LinearLayout>
[debug] &amp#27;[35m[BaseDriver]&amp#27;[39m                             <android.widget.ImageView index="1" package="com.tencent.wework" class="android.widget.ImageView" text="" resource-id="com.tencent.wework:id/g13" checkable="false" checked="false" clickable="false" enabled="true" focusable="false" focused="false" long-clickable="false" password="false" scrollable="false" selected="false" bounds="[319,1556][320,1557]" displayed="true" />
[debug] &amp#27;[35m[BaseDriver]&amp#27;[39m                           </android.view.ViewGroup>
[debug] &amp#27;[35m[BaseDriver]&amp#27;[39m                         </android.view.ViewGroup>
[debug] &amp#27;[35m[BaseDriver]&amp#27;[39m                         <android.view.ViewGroup index="10" package="com.tencent.wework" class="android.view.ViewGroup" text="" resource-id="com.tencent.wework:id/jeo" checkable="false" checked="false" clickable="true" enabled="true" focusable="true" focused="false" long-clickable="false" password="false" scrollable="false" selected="false" bounds="[0,1628][1080,1771]" displayed="true">
[debug] &amp#27;[35m[BaseDriver]&amp#27;[39m                           <android.widget.ImageView index="0" package="com.tencent.wework" class="android.widget.ImageView" text="" resource-id="com.tencent.wework:id/ibe" checkable="false" checked="false" clickable="false" enabled="true" focusable="false" focused="false" long-clickable="false" password="false" scrollable="false" selected="false" bounds="[44,1650][143,1749]" displayed="true" />
[debug] &amp#27;[35m[BaseDriver]&amp#27;[39m                           <android.view.ViewGroup index="1" package="com.tencent.wework" class="android.view.ViewGroup" text="" resource-id="com.tencent.wework:id/gl6" checkable="false" checked="false" clickable="false" enabled="true" focusable="false" focused="false" long-clickable="false" password="false" scrollable="false" selected="false" bounds="[176,1671][1047,1729]" displayed="true">
[debug] &amp#27;[35m[BaseDriver]&amp#27;[39m                             <android.widget.LinearLayout index="0" package="com.tencent.wework" class="android.widget.LinearLayout" text="" resource-id="com.tencent.wework:id/glm" checkable="false" checked="false" clickable="false" enabled="true" focusable="false" focused="false" long-clickable="false" password="false" scrollable="false" selected="false" bounds="[176,1671][308,1729]" displayed="true">
[debug] &amp#27;[35m[BaseDriver]&amp#27;[39m                               <android.widget.TextView index="0" package="com.tencent.wework" class="android.widget.TextView" text="周天磊" resource-id="com.tencent.wework:id/g12" checkable="false" checked="false" clickable="false" enabled="true" focusable="false" focused="false" long-clickable="false" password="false" scrollable="false" selected="false" bounds="[176,1671][308,1729]" displayed="true" />
[debug] &amp#27;[35m[BaseDriver]&amp#27;[39m                             </android.widget.LinearLayout>
[debug] &amp#27;[35m[BaseDriver]&amp#27;[39m                             <android.widget.ImageView index="1" package="com.tencent.wework" class="android.widget.ImageView" text="" resource-id="com.tencent.wework:id/g13" checkable="false" checked="false" clickable="false" enabled="true" focusable="false" focused="false" long-clickable="false" password="false" scrollable="false" selected="false" bounds="[319,1700][320,1701]" displayed="true" />
[debug] &amp#27;[35m[BaseDriver]&amp#27;[39m                           </android.view.ViewGroup>
[debug] &amp#27;[35m[BaseDriver]&amp#27;[39m                         </android.view.ViewGroup>
[debug] &amp#27;[35m[BaseDriver]&amp#27;[39m                         <android.view.ViewGroup index="11" package="com.tencent.wework" class="android.view.ViewGroup" text="" resource-id="com.tencent.wework:id/jeo" checkable="false" checked="false" clickable="true" enabled="true" focusable="true" focused="false" long-clickable="false" password="false" scrollable="false" selected="false" bounds="[0,1772][1080,1915]" displayed="true">
[debug] &amp#27;[35m[BaseDriver]&amp#27;[39m                           <android.widget.ImageView index="0" package="com.tencent.wework" class="android.widget.ImageView" text="" resource-id="com.tencent.wework:id/ibe" checkable="false" checked="false" clickable="false" enabled="true" focusable="false" focused="false" long-clickable="false" password="false" scrollable="false" selected="false" bounds="[44,1794][143,1893]" displayed="true" />
[debug] &amp#27;[35m[BaseDriver]&amp#27;[39m                           <android.view.ViewGroup index="1" package="com.tencent.wework" class="android.view.ViewGroup" text="" resource-id="com.tencent.wework:id/gl6" checkable="false" checked="false" clickable="false" enabled="true" focusable="false" focused="false" long-clickable="false" password="false" scrollable="false" selected="false" bounds="[176,1815][1047,1873]" displayed="true">
[debug] &amp#27;[35m[BaseDriver]&amp#27;[39m                             <android.widget.LinearLayout index="0" package="com.tencent.wework" class="android.widget.LinearLayout" text="" resource-id="com.tencent.wework:id/glm" checkable="false" checked="false" clickable="false" enabled="true" focusable="false" focused="false" long-clickable="false" password="false" scrollable="false" selected="false" bounds="[176,1815][308,1873]" displayed="true">
[debug] &amp#27;[35m[BaseDriver]&amp#27;[39m                               <android.widget.TextView index="0" package="com.tencent.wework" class="android.widget.TextView" text="金思远" resource-id="com.tencent.wework:id/g12" checkable="false" checked="false" clickable="false" enabled="true" focusable="false" focused="false" long-clickable="false" password="false" scrollable="false" selected="false" bounds="[176,1815][308,1873]" displayed="true" />
[debug] &amp#27;[35m[BaseDriver]&amp#27;[39m                             </android.widget.LinearLayout>
[debug] &amp#27;[35m[BaseDriver]&amp#27;[39m                             <android.widget.ImageView index="1" package="com.tencent.wework" class="android.widget.ImageView" text="" resource-id="com.tencent.wework:id/g13" checkable="false" checked="false" clickable="false" enabled="true" focusable="false" focused="false" long-clickable="false" password="false" scrollable="false" selected="false" bounds="[319,1844][320,1845]" displayed="true" />
[debug] &amp#27;[35m[BaseDriver]&amp#27;[39m                           </android.view.ViewGroup>
[debug] &amp#27;[35m[BaseDriver]&amp#27;[39m                         </android.view.ViewGroup>
[debug] &amp#27;[35m[BaseDriver]&amp#27;[39m                         <android.view.ViewGroup index="12" package="com.tencent.wework" class="android.view.ViewGroup" text="" resource-id="com.tencent.wework:id/jeo" checkable="false" checked="false" clickable="true" enabled="true" focusable="true" focused="false" long-clickable="false" password="false" scrollable="false" selected="false" bounds="[0,1916][1080,2059]" displayed="true">
[debug] &amp#27;[35m[BaseDriver]&amp#27;[39m                           <android.widget.ImageView index="0" package="com.tencent.wework" class="android.widget.ImageView" text="" resource-id="com.tencent.wework:id/ibe" checkable="false" checked="false" clickable="false" enabled="true" focusable="false" focused="false" long-clickable="false" password="false" scrollable="false" selected="false" bounds="[44,1938][143,2037]" displayed="true" />
[debug] &amp#27;[35m[BaseDriver]&amp#27;[39m                           <android.view.ViewGroup index="1" package="com.tencent.wework" class="android.view.ViewGroup" text="" resource-id="com.tencent.wework:id/gl6" checkable="false" checked="false" clickable="false" enabled="true" focusable="false" focused="false" long-clickable="false" password="false" scrollable="false" selected="false" bounds="[176,1959][1047,2017]" displayed="true">
[debug] &amp#27;[35m[BaseDriver]&amp#27;[39m                             <android.widget.LinearLayout index="0" package="com.tencent.wework" class="android.widget.LinearLayout" text="" resource-id="com.tencent.wework:id/glm" checkable="false" checked="false" clickable="false" enabled="true" focusable="false" focused="false" long-clickable="false" password="false" scrollable="false" selected="false" bounds="[176,1959][308,2017]" displayed="true">
[debug] &amp#27;[35m[BaseDriver]&amp#27;[39m                               <android.widget.TextView index="0" package="com.tencent.wework" class="android.widget.TextView" text="曹浩宇" resource-id="com.tencent.wework:id/g12" checkable="false" checked="false" clickable="false" enabled="true" focusable="false" focused="false" long-clickable="false" password="false" scrollable="false" selected="false" bounds="[176,1959][308,2017]" displayed="true" />
[debug] &amp#27;[35m[BaseDriver]&amp#27;[39m                             </android.widget.LinearLayout>
[debug] &amp#27;[35m[BaseDriver]&amp#27;[39m                             <android.widget.ImageView index="1" package="com.tencent.wework" class="android.widget.ImageView" text="" resource-id="com.tencent.wework:id/g13" checkable="false" checked="false" clickable="false" enabled="true" focusable="false" focused="false" long-clickable="false" password="false" scrollable="false" selected="false" bounds="[319,1988][320,1989]" displayed="true" />
[debug] &amp#27;[35m[BaseDriver]&amp#27;[39m                           </android.view.ViewGroup>
[debug] &amp#27;[35m[BaseDriver]&amp#27;[39m                         </android.view.ViewGroup>
[debug] &amp#27;[35m[BaseDriver]&amp#27;[39m                         <android.view.ViewGroup index="13" package="com.tencent.wework" class="android.view.ViewGroup" text="" resource-id="com.tencent.wework:id/jeo" checkable="false" checked="false" clickable="true" enabled="true" focusable="true" focused="false" long-clickable="false" password="false" scrollable="false" selected="false" bounds="[0,2060][1080,2201]" displayed="true">
[debug] &amp#27;[35m[BaseDriver]&amp#27;[39m                           <android.widget.ImageView index="0" package="com.tencent.wework" class="android.widget.ImageView" text="" resource-id="com.tencent.wework:id/ibe" checkable="false" checked="false" clickable="false" enabled="true" focusable="false" focused="false" long-clickable="false" password="false" scrollable="false" selected="false" bounds="[44,2082][143,2181]" displayed="true" />
[debug] &amp#27;[35m[BaseDriver]&amp#27;[39m                           <android.view.ViewGroup index="1" package="com.tencent.wework" class="android.view.ViewGroup" text="" resource-id="com.tencent.wework:id/gl6" checkable="false" checked="false" clickable="false" enabled="true" focusable="false" focused="false" long-clickable="false" password="false" scrollable="false" selected="false" bounds="[176,2103][1047,2161]" displayed="true">
[debug] &amp#27;[35m[BaseDriver]&amp#27;[39m                             <android.widget.LinearLayout index="0" package="com.tencent.wework" class="android.widget.LinearLayout" text="" resource-id="com.tencent.wework:id/glm" checkable="false" checked="false" clickable="false" enabled="true" focusable="false" focused="false" long-clickable="false" password="false" scrollable="false" selected="false" bounds="[176,2103][308,2161]" displayed="true">
[debug] &amp#27;[35m[BaseDriver]&amp#27;[39m                               <android.widget.TextView index="0" package="com.tencent.wework" class="android.widget.TextView" text="彭凯瑞" resource-id="com.tencent.wework:id/g12" checkable="false" checked="false" clickable="false" enabled="true" focusable="false" focused="false" long-clickable="false" password="false" scrollable="false" selected="false" bounds="[176,2103][308,2161]" displayed="true" />
[debug] &amp#27;[35m[BaseDriver]&amp#27;[39m                             </android.widget.LinearLayout>
[debug] &amp#27;[35m[BaseDriver]&amp#27;[39m                             <android.widget.ImageView index="1" package="com.tencent.wework" class="android.widget.ImageView" text="" resource-id="com.tencent.wework:id/g13" checkable="false" checked="false" clickable="false" enabled="true" focusable="false" focused="false" long-clickable="false" password="false" scrollable="false" selected="false" bounds="[319,2132][320,2133]" displayed="true" />
[debug] &amp#27;[35m[BaseDriver]&amp#27;[39m                           </android.view.ViewGroup>
[debug] &amp#27;[35m[BaseDriver]&amp#27;[39m                         </android.view.ViewGroup>
[debug] &amp#27;[35m[BaseDriver]&amp#27;[39m                       </androidx.recyclerview.widget.RecyclerView>
[debug] &amp#27;[35m[BaseDriver]&amp#27;[39m                       <android.widget.RelativeLayout index="1" package="com.tencent.wework" class="android.widget.RelativeLayout" text="" checkable="false" checked="false" clickable="false" enabled="true" focusable="false" focused="false" long-clickable="false" password="false" scrollable="false" selected="false" bounds="[0,212][1080,2201]" displayed="true" />
[debug] &amp#27;[35m[BaseDriver]&amp#27;[39m                     </android.widget.RelativeLayout>
[debug] &amp#27;[35m[BaseDriver]&amp#27;[39m                   </android.widget.LinearLayout>
[debug] &amp#27;[35m[BaseDriver]&amp#27;[39m                 </android.widget.FrameLayout>
[debug] &amp#27;[35m[BaseDriver]&amp#27;[39m                 <android.widget.LinearLayout index="2" package="com.tencent.wework" class="android.widget.LinearLayout" text="" resource-id="com.tencent.wework:id/gko" checkable="false" checked="false" clickable="false" enabled="true" focusable="false" focused="false" long-clickable="false" password="false" scrollable="false" selected="false" bounds="[0,2201][1080,2276]" displayed="true">
[debug] &amp#27;[35m[BaseDriver]&amp#27;[39m                   <android.view.View index="0" package="com.tencent.wework" class="android.view.View" text="" checkable="false" checked="false" clickable="false" enabled="true" focusable="false" focused="false" long-clickable="false" password="false" scrollable="false" selected="false" bounds="[0,2201][1080,2202]" displayed="true" />
[debug] &amp#27;[35m[BaseDriver]&amp#27;[39m                   <android.view.ViewGroup index="1" package="com.tencent.wework" class="android.view.ViewGroup" text="" resource-id="com.tencent.wework:id/kru" checkable="false" checked="false" clickable="false" enabled="true" focusable="false" focused="false" long-clickable="false" password="false" scrollable="false" selected="false" bounds="[0,2202][1080,2276]" displayed="true">
[debug] &amp#27;[35m[BaseDriver]&amp#27;[39m                     <android.widget.RelativeLayout index="0" package="com.tencent.wework" class="android.widget.RelativeLayout" text="" checkable="false" checked="false" clickable="true" enabled="true" focusable="true" focused="false" long-clickable="false" password="false" scrollable="false" selected="false" bounds="[0,2202][216,2276]" displayed="true">
[debug] &amp#27;[35m[BaseDriver]&amp#27;[39m                       <android.widget.RelativeLayout index="0" package="com.tencent.wework" class="android.widget.RelativeLayout" text="" checkable="false" checked="false" clickable="false" enabled="true" focusable="false" focused="false" long-clickable="false" password="false" scrollable="false" selected="false" bounds="[0,2202][216,2276]" displayed="true">
[debug] &amp#27;[35m[BaseDriver]&amp#27;[39m                         <android.widget.TextView index="0" package="com.tencent.wework" class="android.widget.TextView" text="消息" resource-id="com.tencent.wework:id/gks" checkable="false" checked="false" clickable="false" enabled="true" focusable="false" focused="false" long-clickable="false" password="false" scrollable="false" selected="false" bounds="[0,2225][216,2276]" displayed="true" />
[debug] &amp#27;[35m[BaseDriver]&amp#27;[39m                         <android.widget.TextView index="1" package="com.tencent.wework" class="android.widget.TextView" text="2" resource-id="com.tencent.wework:id/j2r" checkable="false" checked="false" clickable="false" enabled="true" focusable="false" focused="false" long-clickable="false" password="false" scrollable="false" selected="false" bounds="[127,2213][175,2261]" displayed="true" />
[debug] &amp#27;[35m[BaseDriver]&amp#27;[39m                       </android.widget.RelativeLayout>
[debug] &amp#27;[35m[BaseDriver]&amp#27;[39m                     </android.widget.RelativeLayout>
[debug] &amp#27;[35m[BaseDriver]&amp#27;[39m                     <android.widget.RelativeLayout index="1" package="com.tencent.wework" class="android.widget.RelativeLayout" text="" checkable="false" checked="false" clickable="true" enabled="true" focusable="true" focused="false" long-clickable="false" password="false" scrollable="false" selected="false" bounds="[216,2202][432,2276]" displayed="true">
[debug] &amp#27;[35m[BaseDriver]&amp#27;[39m                       <android.widget.RelativeLayout index="0" package="com.tencent.wework" class="android.widget.RelativeLayout" text="" checkable="false" checked="false" clickable="false" enabled="true" focusable="false" focused="false" long-clickable="false" password="false" scrollable="false" selected="false" bounds="[216,2202][432,2276]" displayed="true">
[debug] &amp#27;[35m[BaseDriver]&amp#27;[39m                         <android.widget.TextView index="0" package="com.tencent.wework" class="android.widget.TextView" text="邮件" resource-id="com.tencent.wework:id/gks" checkable="false" checked="false" clickable="false" enabled="true" focusable="false" focused="false" long-clickable="false" password="false" scrollable="false" selected="false" bounds="[216,2225][432,2276]" displayed="true" />
[debug] &amp#27;[35m[BaseDriver]&amp#27;[39m                       </android.widget.RelativeLayout>
[debug] &amp#27;[35m[BaseDriver]&amp#27;[39m                     </android.widget.RelativeLayout>
[debug] &amp#27;[35m[BaseDriver]&amp#27;[39m                     <android.widget.RelativeLayout index="2" package="com.tencent.wework" class="android.widget.RelativeLayout" text="" checkable="false" checked="false" clickable="true" enabled="true" focusable="true" focused="false" long-clickable="false" password="false" scrollable="false" selected="false" bounds="[432,2202][648,2276]" displayed="true">
[debug] &amp#27;[35m[BaseDriver]&amp#27;[39m                       <android.widget.RelativeLayout index="0" package="com.tencent.wework" class="android.widget.RelativeLayout" text="" checkable="false" checked="false" clickable="false" enabled="true" focusable="false" focused="false" long-clickable="false" password="false" scrollable="false" selected="false" bounds="[432,2202][648,2276]" displayed="true">
[debug] &amp#27;[35m[BaseDriver]&amp#27;[39m                         <android.widget.TextView index="0" package="com.tencent.wework" class="android.widget.TextView" text="文档" resource-id="com.tencent.wework:id/gks" checkable="false" checked="false" clickable="false" enabled="true" focusable="false" focused="false" long-clickable="false" password="false" scrollable="false" selected="false" bounds="[432,2225][648,2276]" displayed="true" />
[debug] &amp#27;[35m[BaseDriver]&amp#27;[39m                       </android.widget.RelativeLayout>
[debug] &amp#27;[35m[BaseDriver]&amp#27;[39m                     </android.widget.RelativeLayout>
[debug] &amp#27;[35m[BaseDriver]&amp#27;[39m                     <android.widget.RelativeLayout index="3" package="com.tencent.wework" class="android.widget.RelativeLayout" text="" checkable="false" checked="false" clickable="true" enabled="true" focusable="true" focused="false" long-clickable="false" password="false" scrollable="false" selected="false" bounds="[648,2202][864,2276]" displayed="true">
[debug] &amp#27;[35m[BaseDriver]&amp#27;[39m                       <android.widget.RelativeLayout index="0" package="com.tencent.wework" class="android.widget.RelativeLayout" text="" checkable="false" checked="false" clickable="false" enabled="true" focusable="false" focused="false" long-clickable="false" password="false" scrollable="false" selected="false" bounds="[648,2202][864,2276]" displayed="true">
[debug] &amp#27;[35m[BaseDriver]&amp#27;[39m                         <android.widget.TextView index="0" package="com.tencent.wework" class="android.widget.TextView" text="工作台" resource-id="com.tencent.wework:id/gks" checkable="false" checked="false" clickable="false" enabled="true" focusable="false" focused="false" long-clickable="false" password="false" scrollable="false" selected="false" bounds="[648,2225][864,2276]" displayed="true" />
[debug] &amp#27;[35m[BaseDriver]&amp#27;[39m                       </android.widget.RelativeLayout>
[debug] &amp#27;[35m[BaseDriver]&amp#27;[39m                     </android.widget.RelativeLayout>
[debug] &amp#27;[35m[BaseDriver]&amp#27;[39m                     <android.widget.RelativeLayout index="4" package="com.tencent.wework" class="android.widget.RelativeLayout" text="" checkable="false" checked="false" clickable="true" enabled="true" focusable="true" focused="false" long-clickable="false" password="false" scrollable="false" selected="false" bounds="[864,2202][1080,2276]" displayed="true">
[debug] &amp#27;[35m[BaseDriver]&amp#27;[39m                       <android.widget.RelativeLayout index="0" package="com.tencent.wework" class="android.widget.RelativeLayout" text="" checkable="false" checked="false" clickable="false" enabled="true" focusable="false" focused="false" long-clickable="false" password="false" scrollable="false" selected="false" bounds="[864,2202][1080,2276]" displayed="true">
[debug] &amp#27;[35m[BaseDriver]&amp#27;[39m                         <android.widget.TextView index="0" package="com.tencent.wework" class="android.widget.TextView" text="通讯录" resource-id="com.tencent.wework:id/gks" checkable="false" checked="false" clickable="false" enabled="true" focusable="false" focused="false" long-clickable="false" password="false" scrollable="false" selected="true" bounds="[864,2225][1080,2276]" displayed="true" />
[debug] &amp#27;[35m[BaseDriver]&amp#27;[39m                       </android.widget.RelativeLayout>
[debug] &amp#27;[35m[BaseDriver]&amp#27;[39m                     </android.widget.RelativeLayout>
[debug] &amp#27;[35m[BaseDriver]&amp#27;[39m                   </android.view.ViewGroup>
[debug] &amp#27;[35m[BaseDriver]&amp#27;[39m                 </android.widget.LinearLayout>
[debug] &amp#27;[35m[BaseDriver]&amp#27;[39m               </android.widget.RelativeLayout>
[debug] &amp#27;[35m[BaseDriver]&amp#27;[39m               <android.widget.FrameLayout index="1" package="com.tencent.wework" class="android.widget.FrameLayout" text="" resource-id="com.tencent.wework:id/hjs" checkable="false" checked="false" clickable="false" enabled="true" focusable="false" focused="false" long-clickable="false" password="false" scrollable="false" selected="false" bounds="[0,0][992,2276]" displayed="true" />
[debug] &amp#27;[35m[BaseDriver]&amp#27;[39m             </android.widget.FrameLayout>
[debug] &amp#27;[35m[BaseDriver]&amp#27;[39m           </android.widget.FrameLayout>
[debug] &amp#27;[35m[BaseDriver]&amp#27;[39m         </android.widget.LinearLayout>
[debug] &amp#27;[35m[BaseDriver]&amp#27;[39m       </android.widget.FrameLayout>
[debug] &amp#27;[35m[BaseDriver]&amp#27;[39m     </android.widget.LinearLayout>
[debug] &amp#27;[35m[BaseDriver]&amp#27;[39m   </android.widget.FrameLayout>
[debug] &amp#27;[35m[BaseDriver]&amp#27;[39m </hierarchy>
[debug] &amp#27;[35m[W3C (da2896bd)]&amp#27;[39m Encountered internal error running command: NoSuchElementError: An element could not be located on the page using the given search parameters.
[debug] &amp#27;[35m[W3C (da2896bd)]&amp#27;[39m     at AndroidUiautomator2Driver.findElOrEls (/opt/homebrew/lib/node_modules/appium/node_modules/appium-android-driver/lib/commands/find.js:75:11)
[debug] &amp#27;[35m[W3C (da2896bd)]&amp#27;[39m     at processTicksAndRejections (node:internal/process/task_queues:95:5)
[debug] &amp#27;[35m[W3C (da2896bd)]&amp#27;[39m     at AndroidUiautomator2Driver.findElOrElsWithProcessing (/opt/homebrew/lib/node_modules/appium/node_modules/appium-base-driver/lib/basedriver/commands/find.js:33:12)
[debug] &amp#27;[35m[W3C (da2896bd)]&amp#27;[39m     at AndroidUiautomator2Driver.findElement (/opt/homebrew/lib/node_modules/appium/node_modules/appium-base-driver/lib/basedriver/commands/find.js:53:10)
&amp#27;[35m[HTTP]&amp#27;[39m &amp#27;[37m<-- POST /wd/hub/session/da2896bd-438a-4f7f-9343-bd96e6f29722/element &amp#27;[39m&amp#27;[33m404&amp#27;[39m &amp#27;[90m20134 ms - 791&amp#27;[39m
2023-05-28 09:16:24  &amp#27;[34m&amp#27;[0;39mINFO  &amp#27;[35m[main]&amp#27;[0;39m &amp#27;[33mtop.testeru.page.AppBasePage.upAndDown(AppBasePage.java:156)&amp#27;[0;39m -- 上下滑动
&amp#27;[35m[HTTP]&amp#27;[39m &amp#27;[90m&amp#27;[39m
&amp#27;[35m[HTTP]&amp#27;[39m &amp#27;[37m-->&amp#27;[39m &amp#27;[37mGET&amp#27;[39m &amp#27;[37m/wd/hub/session/da2896bd-438a-4f7f-9343-bd96e6f29722/window/rect&amp#27;[39m
&amp#27;[35m[HTTP]&amp#27;[39m &amp#27;[90m{}&amp#27;[39m
[debug] &amp#27;[35m[W3C (da2896bd)]&amp#27;[39m Calling AppiumDriver.getWindowRect() with args: ["da2896bd-438a-4f7f-9343-bd96e6f29722"]
[debug] &amp#27;[35m[WD Proxy]&amp#27;[39m Matched '/window/current/size' to command name 'getWindowSize'
[debug] &amp#27;[35m[WD Proxy]&amp#27;[39m Proxying [GET /window/current/size] to [GET http://127.0.0.1:8200/wd/hub/session/2e74e7b9-85a6-478f-8ae2-621a49ed711a/window/current/size] with no body
[debug] &amp#27;[35m[WD Proxy]&amp#27;[39m Got response with status 200: {"sessionId":"2e74e7b9-85a6-478f-8ae2-621a49ed711a","value":{"height":2276,"width":1080}}
[debug] &amp#27;[35m[W3C (da2896bd)]&amp#27;[39m Responding to client with driver.getWindowRect() result: {"width":1080,"height":2276,"x":0,"y":0}
&amp#27;[35m[HTTP]&amp#27;[39m &amp#27;[37m<-- GET /wd/hub/session/da2896bd-438a-4f7f-9343-bd96e6f29722/window/rect &amp#27;[39m&amp#27;[32m200&amp#27;[39m &amp#27;[90m5 ms - 50&amp#27;[39m
&amp#27;[35m[HTTP]&amp#27;[39m &amp#27;[90m&amp#27;[39m
2023-05-28 09:16:24  &amp#27;[34m&amp#27;[0;39mINFO  &amp#27;[35m[main]&amp#27;[0;39m &amp#27;[33mtop.testeru.page.AppBasePage.upAndDown(AppBasePage.java:163)&amp#27;[0;39m -- 从(540, 1820)滑动到(540, 455)
&amp#27;[35m[HTTP]&amp#27;[39m &amp#27;[37m-->&amp#27;[39m &amp#27;[37mPOST&amp#27;[39m &amp#27;[37m/wd/hub/session/da2896bd-438a-4f7f-9343-bd96e6f29722/actions&amp#27;[39m
&amp#27;[35m[HTTP]&amp#27;[39m &amp#27;[90m{"actions":[{"id":"finger1","type":"pointer","parameters":{"pointerType":"touch"},"actions":[{"duration":0,"type":"pause"},{"duration":0,"x":540,"y":1820,"type":"pointerMove","origin":"viewport"},{"button":0,"type":"pointerDown"},{"duration":1000,"x":540,"y":455,"type":"pointerMove","origin":"viewport"},{"button":0,"type":"pointerUp"}]}]}&amp#27;[39m
[debug] &amp#27;[35m[W3C (da2896bd)]&amp#27;[39m Calling AppiumDriver.performActions() with args: [[{"id":"finger1","type":"pointer","parameters":{"pointerType":"touch"},"actions":[{"duration":0,"type":"pause"},{"duration":0,"x":540,"y":1820,"type":"pointerMove","origin":"viewport"},{"button":0,"type":"pointerDown"},{"duration":1000,"x":540,"y":455,"type":"pointerMove","origin":"viewport"},{"button":0,"type":"pointerUp"}]}],"da2896bd-438a-4f7f-9343-bd96e6f29722"]
[debug] &amp#27;[35m[UiAutomator2]&amp#27;[39m Received the following W3C actions: [
[debug] &amp#27;[35m[UiAutomator2]&amp#27;[39m   {
[debug] &amp#27;[35m[UiAutomator2]&amp#27;[39m     "id": "finger1",
[debug] &amp#27;[35m[UiAutomator2]&amp#27;[39m     "type": "pointer",
[debug] &amp#27;[35m[UiAutomator2]&amp#27;[39m     "parameters": {
[debug] &amp#27;[35m[UiAutomator2]&amp#27;[39m       "pointerType": "touch"
[debug] &amp#27;[35m[UiAutomator2]&amp#27;[39m     },
[debug] &amp#27;[35m[UiAutomator2]&amp#27;[39m     "actions": [
[debug] &amp#27;[35m[UiAutomator2]&amp#27;[39m       {
[debug] &amp#27;[35m[UiAutomator2]&amp#27;[39m         "duration": 0,
[debug] &amp#27;[35m[UiAutomator2]&amp#27;[39m         "type": "pause"
[debug] &amp#27;[35m[UiAutomator2]&amp#27;[39m       },
[debug] &amp#27;[35m[UiAutomator2]&amp#27;[39m       {
[debug] &amp#27;[35m[UiAutomator2]&amp#27;[39m         "duration": 0,
[debug] &amp#27;[35m[UiAutomator2]&amp#27;[39m         "x": 540,
[debug] &amp#27;[35m[UiAutomator2]&amp#27;[39m         "y": 1820,
[debug] &amp#27;[35m[UiAutomator2]&amp#27;[39m         "type": "pointerMove",
[debug] &amp#27;[35m[UiAutomator2]&amp#27;[39m         "origin": "viewport"
[debug] &amp#27;[35m[UiAutomator2]&amp#27;[39m       },
[debug] &amp#27;[35m[UiAutomator2]&amp#27;[39m       {
[debug] &amp#27;[35m[UiAutomator2]&amp#27;[39m         "button": 0,
[debug] &amp#27;[35m[UiAutomator2]&amp#27;[39m         "type": "pointerDown"
[debug] &amp#27;[35m[UiAutomator2]&amp#27;[39m       },
[debug] &amp#27;[35m[UiAutomator2]&amp#27;[39m       {
[debug] &amp#27;[35m[UiAutomator2]&amp#27;[39m         "duration": 1000,
[debug] &amp#27;[35m[UiAutomator2]&amp#27;[39m         "x": 540,
[debug] &amp#27;[35m[UiAutomator2]&amp#27;[39m         "y": 455,
[debug] &amp#27;[35m[UiAutomator2]&amp#27;[39m         "type": "pointerMove",
[debug] &amp#27;[35m[UiAutomator2]&amp#27;[39m         "origin": "viewport"
[debug] &amp#27;[35m[UiAutomator2]&amp#27;[39m       },
[debug] &amp#27;[35m[UiAutomator2]&amp#27;[39m       {
[debug] &amp#27;[35m[UiAutomator2]&amp#27;[39m         "button": 0,
[debug] &amp#27;[35m[UiAutomator2]&amp#27;[39m         "type": "pointerUp"
[debug] &amp#27;[35m[UiAutomator2]&amp#27;[39m       }
[debug] &amp#27;[35m[UiAutomator2]&amp#27;[39m     ]
[debug] &amp#27;[35m[UiAutomator2]&amp#27;[39m   }
[debug] &amp#27;[35m[UiAutomator2]&amp#27;[39m ]
[debug] &amp#27;[35m[UiAutomator2]&amp#27;[39m Preprocessed actions: [
[debug] &amp#27;[35m[UiAutomator2]&amp#27;[39m   {
[debug] &amp#27;[35m[UiAutomator2]&amp#27;[39m     "id": "finger1",
[debug] &amp#27;[35m[UiAutomator2]&amp#27;[39m     "type": "pointer",
[debug] &amp#27;[35m[UiAutomator2]&amp#27;[39m     "parameters": {
[debug] &amp#27;[35m[UiAutomator2]&amp#27;[39m       "pointerType": "touch"
[debug] &amp#27;[35m[UiAutomator2]&amp#27;[39m     },
[debug] &amp#27;[35m[UiAutomator2]&amp#27;[39m     "actions": [
[debug] &amp#27;[35m[UiAutomator2]&amp#27;[39m       {
[debug] &amp#27;[35m[UiAutomator2]&amp#27;[39m         "duration": 0,
[debug] &amp#27;[35m[UiAutomator2]&amp#27;[39m         "type": "pause"
[debug] &amp#27;[35m[UiAutomator2]&amp#27;[39m       },
[debug] &amp#27;[35m[UiAutomator2]&amp#27;[39m       {
[debug] &amp#27;[35m[UiAutomator2]&amp#27;[39m         "duration": 0,
[debug] &amp#27;[35m[UiAutomator2]&amp#27;[39m         "x": 540,
[debug] &amp#27;[35m[UiAutomator2]&amp#27;[39m         "y": 1820,
[debug] &amp#27;[35m[UiAutomator2]&amp#27;[39m         "type": "pointerMove",
[debug] &amp#27;[35m[UiAutomator2]&amp#27;[39m         "origin": "viewport"
[debug] &amp#27;[35m[UiAutomator2]&amp#27;[39m       },
[debug] &amp#27;[35m[UiAutomator2]&amp#27;[39m       {
[debug] &amp#27;[35m[UiAutomator2]&amp#27;[39m         "button": 0,
[debug] &amp#27;[35m[UiAutomator2]&amp#27;[39m         "type": "pointerDown"
[debug] &amp#27;[35m[UiAutomator2]&amp#27;[39m       },
[debug] &amp#27;[35m[UiAutomator2]&amp#27;[39m       {
[debug] &amp#27;[35m[UiAutomator2]&amp#27;[39m         "duration": 1000,
[debug] &amp#27;[35m[UiAutomator2]&amp#27;[39m         "x": 540,
[debug] &amp#27;[35m[UiAutomator2]&amp#27;[39m         "y": 455,
[debug] &amp#27;[35m[UiAutomator2]&amp#27;[39m         "type": "pointerMove",
[debug] &amp#27;[35m[UiAutomator2]&amp#27;[39m         "origin": "viewport"
[debug] &amp#27;[35m[UiAutomator2]&amp#27;[39m       },
[debug] &amp#27;[35m[UiAutomator2]&amp#27;[39m       {
[debug] &amp#27;[35m[UiAutomator2]&amp#27;[39m         "button": 0,
[debug] &amp#27;[35m[UiAutomator2]&amp#27;[39m         "type": "pointerUp"
[debug] &amp#27;[35m[UiAutomator2]&amp#27;[39m       }
[debug] &amp#27;[35m[UiAutomator2]&amp#27;[39m     ]
[debug] &amp#27;[35m[UiAutomator2]&amp#27;[39m   }
[debug] &amp#27;[35m[UiAutomator2]&amp#27;[39m ]
[debug] &amp#27;[35m[WD Proxy]&amp#27;[39m Matched '/actions' to command name 'performActions'
[debug] &amp#27;[35m[WD Proxy]&amp#27;[39m Proxying [POST /actions] to [POST http://127.0.0.1:8200/wd/hub/session/2e74e7b9-85a6-478f-8ae2-621a49ed711a/actions] with body: {"actions":[{"id":"finger1","type":"pointer","parameters":{"pointerType":"touch"},"actions":[{"duration":0,"type":"pause"},{"duration":0,"x":540,"y":1820,"type":"pointerMove","origin":"viewport"},{"button":0,"type":"pointerDown"},{"duration":1000,"x":540,"y":455,"type":"pointerMove","origin":"viewport"},{"button":0,"type":"pointerUp"}]}]}
[debug] &amp#27;[35m[WD Proxy]&amp#27;[39m Got response with status 200: {"sessionId":"2e74e7b9-85a6-478f-8ae2-621a49ed711a","value":null}
[debug] &amp#27;[35m[W3C (da2896bd)]&amp#27;[39m Responding to client with driver.performActions() result: null
&amp#27;[35m[HTTP]&amp#27;[39m &amp#27;[37m<-- POST /wd/hub/session/da2896bd-438a-4f7f-9343-bd96e6f29722/actions &amp#27;[39m&amp#27;[32m200&amp#27;[39m &amp#27;[90m1031 ms - 14&amp#27;[39m
&amp#27;[35m[HTTP]&amp#27;[39m &amp#27;[90m&amp#27;[39m
&amp#27;[35m[HTTP]&amp#27;[39m &amp#27;[37m-->&amp#27;[39m &amp#27;[37mPOST&amp#27;[39m &amp#27;[37m/wd/hub/session/da2896bd-438a-4f7f-9343-bd96e6f29722/element&amp#27;[39m
&amp#27;[35m[HTTP]&amp#27;[39m &amp#27;[90m{"using":"css selector","value":"[text=\"添加成员\"]"}&amp#27;[39m
[debug] &amp#27;[35m[W3C (da2896bd)]&amp#27;[39m Calling AppiumDriver.findElement() with args: ["css selector","[text=\"添加成员\"]","da2896bd-438a-4f7f-9343-bd96e6f29722"]
[debug] &amp#27;[35m[BaseDriver]&amp#27;[39m Valid locator strategies for this request: xpath, id, class name, accessibility id, css selector, -android uiautomator
[debug] &amp#27;[35m[BaseDriver]&amp#27;[39m Waiting up to 20000 ms for condition
[debug] &amp#27;[35m[WD Proxy]&amp#27;[39m Matched '/element' to command name 'findElement'
[debug] &amp#27;[35m[WD Proxy]&amp#27;[39m Proxying [POST /element] to [POST http://127.0.0.1:8200/wd/hub/session/2e74e7b9-85a6-478f-8ae2-621a49ed711a/element] with body: {"strategy":"-android uiautomator","selector":"new UiSelector().text(\"添加成员\")","context":"","multiple":false}
&amp#27;[35m[WD Proxy]&amp#27;[39m Got response with status 404: {"sessionId":"2e74e7b9-85a6-478f-8ae2-621a49ed711a","value":{"error":"no such element","message":"An element could not be located on the page using the given search parameters","stacktrace":"io.appium.uiautomator2.common.exceptions.ElementNotFoundException: An element could not be located on the page using the given search parameters\n\tat io.appium.uiautomator2.handler.FindElement.safeHandle(FindElement.java:70)\n\tat io.appium.uiautomator2.handler.request.SafeRequestHandler.handle(SafeRequestHandler.java:59)\n\tat io.appium.uiautomator2.server.AppiumServlet.handleRequest(AppiumServlet.java:266)\n\tat io.appium.uiautomator2.server.AppiumServlet.handleHttpRequest(AppiumServlet.java:260)\n\tat io.appium.uiautomator2.http.ServerHandler.channelRead(ServerHandler.java:68)\n\tat io.netty.channel.AbstractChannelHandlerContext.invokeChannelRead(AbstractChannelHandlerContext.java:366)\n\tat io.netty.channel.AbstractChannelHandlerContext.invokeChannelRead(AbstractChannelHandlerContext.java:352)\n\tat io.netty.chann...
[debug] &amp#27;[35m[W3C]&amp#27;[39m Matched W3C error code 'no such element' to NoSuchElementError
[debug] &amp#27;[35m[BaseDriver]&amp#27;[39m Waited for 878 ms so far
[debug] &amp#27;[35m[WD Proxy]&amp#27;[39m Matched '/element' to command name 'findElement'
[debug] &amp#27;[35m[WD Proxy]&amp#27;[39m Proxying [POST /element] to [POST http://127.0.0.1:8200/wd/hub/session/2e74e7b9-85a6-478f-8ae2-621a49ed711a/element] with body: {"strategy":"-android uiautomator","selector":"new UiSelector().text(\"添加成员\")","context":"","multiple":false}
&amp#27;[35m[WD Proxy]&amp#27;[39m Got response with status 404: {"sessionId":"2e74e7b9-85a6-478f-8ae2-621a49ed711a","value":{"error":"no such element","message":"An element could not be located on the page using the given search parameters","stacktrace":"io.appium.uiautomator2.common.exceptions.ElementNotFoundException: An element could not be located on the page using the given search parameters\n\tat io.appium.uiautomator2.handler.FindElement.safeHandle(FindElement.java:70)\n\tat io.appium.uiautomator2.handler.request.SafeRequestHandler.handle(SafeRequestHandler.java:59)\n\tat io.appium.uiautomator2.server.AppiumServlet.handleRequest(AppiumServlet.java:266)\n\tat io.appium.uiautomator2.server.AppiumServlet.handleHttpRequest(AppiumServlet.java:260)\n\tat io.appium.uiautomator2.http.ServerHandler.channelRead(ServerHandler.java:68)\n\tat io.netty.channel.AbstractChannelHandlerContext.invokeChannelRead(AbstractChannelHandlerContext.java:366)\n\tat io.netty.channel.AbstractChannelHandlerContext.invokeChannelRead(AbstractChannelHandlerContext.java:352)\n\tat io.netty.chann...
[debug] &amp#27;[35m[W3C]&amp#27;[39m Matched W3C error code 'no such element' to NoSuchElementError
[debug] &amp#27;[35m[BaseDriver]&amp#27;[39m Waited for 1423 ms so far
[debug] &amp#27;[35m[WD Proxy]&amp#27;[39m Matched '/element' to command name 'findElement'
[debug] &amp#27;[35m[WD Proxy]&amp#27;[39m Proxying [POST /element] to [POST http://127.0.0.1:8200/wd/hub/session/2e74e7b9-85a6-478f-8ae2-621a49ed711a/element] with body: {"strategy":"-android uiautomator","selector":"new UiSelector().text(\"添加成员\")","context":"","multiple":false}
&amp#27;[35m[WD Proxy]&amp#27;[39m Got response with status 404: {"sessionId":"2e74e7b9-85a6-478f-8ae2-621a49ed711a","value":{"error":"no such element","message":"An element could not be located on the page using the given search parameters","stacktrace":"io.appium.uiautomator2.common.exceptions.ElementNotFoundException: An element could not be located on the page using the given search parameters\n\tat io.appium.uiautomator2.handler.FindElement.safeHandle(FindElement.java:70)\n\tat io.appium.uiautomator2.handler.request.SafeRequestHandler.handle(SafeRequestHandler.java:59)\n\tat io.appium.uiautomator2.server.AppiumServlet.handleRequest(AppiumServlet.java:266)\n\tat io.appium.uiautomator2.server.AppiumServlet.handleHttpRequest(AppiumServlet.java:260)\n\tat io.appium.uiautomator2.http.ServerHandler.channelRead(ServerHandler.java:68)\n\tat io.netty.channel.AbstractChannelHandlerContext.invokeChannelRead(AbstractChannelHandlerContext.java:366)\n\tat io.netty.channel.AbstractChannelHandlerContext.invokeChannelRead(AbstractChannelHandlerContext.java:352)\n\tat io.netty.chann...
[debug] &amp#27;[35m[W3C]&amp#27;[39m Matched W3C error code 'no such element' to NoSuchElementError
[debug] &amp#27;[35m[BaseDriver]&amp#27;[39m Waited for 1966 ms so far
[debug] &amp#27;[35m[WD Proxy]&amp#27;[39m Matched '/element' to command name 'findElement'
[debug] &amp#27;[35m[WD Proxy]&amp#27;[39m Proxying [POST /element] to [POST http://127.0.0.1:8200/wd/hub/session/2e74e7b9-85a6-478f-8ae2-621a49ed711a/element] with body: {"strategy":"-android uiautomator","selector":"new UiSelector().text(\"添加成员\")","context":"","multiple":false}
&amp#27;[35m[WD Proxy]&amp#27;[39m Got response with status 404: {"sessionId":"2e74e7b9-85a6-478f-8ae2-621a49ed711a","value":{"error":"no such element","message":"An element could not be located on the page using the given search parameters","stacktrace":"io.appium.uiautomator2.common.exceptions.ElementNotFoundException: An element could not be located on the page using the given search parameters\n\tat io.appium.uiautomator2.handler.FindElement.safeHandle(FindElement.java:70)\n\tat io.appium.uiautomator2.handler.request.SafeRequestHandler.handle(SafeRequestHandler.java:59)\n\tat io.appium.uiautomator2.server.AppiumServlet.handleRequest(AppiumServlet.java:266)\n\tat io.appium.uiautomator2.server.AppiumServlet.handleHttpRequest(AppiumServlet.java:260)\n\tat io.appium.uiautomator2.http.ServerHandler.channelRead(ServerHandler.java:68)\n\tat io.netty.channel.AbstractChannelHandlerContext.invokeChannelRead(AbstractChannelHandlerContext.java:366)\n\tat io.netty.channel.AbstractChannelHandlerContext.invokeChannelRead(AbstractChannelHandlerContext.java:352)\n\tat io.netty.chann...
[debug] &amp#27;[35m[W3C]&amp#27;[39m Matched W3C error code 'no such element' to NoSuchElementError
[debug] &amp#27;[35m[BaseDriver]&amp#27;[39m Waited for 2506 ms so far
[debug] &amp#27;[35m[WD Proxy]&amp#27;[39m Matched '/element' to command name 'findElement'
[debug] &amp#27;[35m[WD Proxy]&amp#27;[39m Proxying [POST /element] to [POST http://127.0.0.1:8200/wd/hub/session/2e74e7b9-85a6-478f-8ae2-621a49ed711a/element] with body: {"strategy":"-android uiautomator","selector":"new UiSelector().text(\"添加成员\")","context":"","multiple":false}
&amp#27;[35m[WD Proxy]&amp#27;[39m Got response with status 404: {"sessionId":"2e74e7b9-85a6-478f-8ae2-621a49ed711a","value":{"error":"no such element","message":"An element could not be located on the page using the given search parameters","stacktrace":"io.appium.uiautomator2.common.exceptions.ElementNotFoundException: An element could not be located on the page using the given search parameters\n\tat io.appium.uiautomator2.handler.FindElement.safeHandle(FindElement.java:70)\n\tat io.appium.uiautomator2.handler.request.SafeRequestHandler.handle(SafeRequestHandler.java:59)\n\tat io.appium.uiautomator2.server.AppiumServlet.handleRequest(AppiumServlet.java:266)\n\tat io.appium.uiautomator2.server.AppiumServlet.handleHttpRequest(AppiumServlet.java:260)\n\tat io.appium.uiautomator2.http.ServerHandler.channelRead(ServerHandler.java:68)\n\tat io.netty.channel.AbstractChannelHandlerContext.invokeChannelRead(AbstractChannelHandlerContext.java:366)\n\tat io.netty.channel.AbstractChannelHandlerContext.invokeChannelRead(AbstractChannelHandlerContext.java:352)\n\tat io.netty.chann...
[debug] &amp#27;[35m[W3C]&amp#27;[39m Matched W3C error code 'no such element' to NoSuchElementError
[debug] &amp#27;[35m[BaseDriver]&amp#27;[39m Waited for 3053 ms so far
[debug] &amp#27;[35m[WD Proxy]&amp#27;[39m Matched '/element' to command name 'findElement'
[debug] &amp#27;[35m[WD Proxy]&amp#27;[39m Proxying [POST /element] to [POST http://127.0.0.1:8200/wd/hub/session/2e74e7b9-85a6-478f-8ae2-621a49ed711a/element] with body: {"strategy":"-android uiautomator","selector":"new UiSelector().text(\"添加成员\")","context":"","multiple":false}
&amp#27;[35m[WD Proxy]&amp#27;[39m Got response with status 404: {"sessionId":"2e74e7b9-85a6-478f-8ae2-621a49ed711a","value":{"error":"no such element","message":"An element could not be located on the page using the given search parameters","stacktrace":"io.appium.uiautomator2.common.exceptions.ElementNotFoundException: An element could not be located on the page using the given search parameters\n\tat io.appium.uiautomator2.handler.FindElement.safeHandle(FindElement.java:70)\n\tat io.appium.uiautomator2.handler.request.SafeRequestHandler.handle(SafeRequestHandler.java:59)\n\tat io.appium.uiautomator2.server.AppiumServlet.handleRequest(AppiumServlet.java:266)\n\tat io.appium.uiautomator2.server.AppiumServlet.handleHttpRequest(AppiumServlet.java:260)\n\tat io.appium.uiautomator2.http.ServerHandler.channelRead(ServerHandler.java:68)\n\tat io.netty.channel.AbstractChannelHandlerContext.invokeChannelRead(AbstractChannelHandlerContext.java:366)\n\tat io.netty.channel.AbstractChannelHandlerContext.invokeChannelRead(AbstractChannelHandlerContext.java:352)\n\tat io.netty.chann...
[debug] &amp#27;[35m[W3C]&amp#27;[39m Matched W3C error code 'no such element' to NoSuchElementError
[debug] &amp#27;[35m[BaseDriver]&amp#27;[39m Waited for 3598 ms so far
[debug] &amp#27;[35m[WD Proxy]&amp#27;[39m Matched '/element' to command name 'findElement'
[debug] &amp#27;[35m[WD Proxy]&amp#27;[39m Proxying [POST /element] to [POST http://127.0.0.1:8200/wd/hub/session/2e74e7b9-85a6-478f-8ae2-621a49ed711a/element] with body: {"strategy":"-android uiautomator","selector":"new UiSelector().text(\"添加成员\")","context":"","multiple":false}
&amp#27;[35m[WD Proxy]&amp#27;[39m Got response with status 404: {"sessionId":"2e74e7b9-85a6-478f-8ae2-621a49ed711a","value":{"error":"no such element","message":"An element could not be located on the page using the given search parameters","stacktrace":"io.appium.uiautomator2.common.exceptions.ElementNotFoundException: An element could not be located on the page using the given search parameters\n\tat io.appium.uiautomator2.handler.FindElement.safeHandle(FindElement.java:70)\n\tat io.appium.uiautomator2.handler.request.SafeRequestHandler.handle(SafeRequestHandler.java:59)\n\tat io.appium.uiautomator2.server.AppiumServlet.handleRequest(AppiumServlet.java:266)\n\tat io.appium.uiautomator2.server.AppiumServlet.handleHttpRequest(AppiumServlet.java:260)\n\tat io.appium.uiautomator2.http.ServerHandler.channelRead(ServerHandler.java:68)\n\tat io.netty.channel.AbstractChannelHandlerContext.invokeChannelRead(AbstractChannelHandlerContext.java:366)\n\tat io.netty.channel.AbstractChannelHandlerContext.invokeChannelRead(AbstractChannelHandlerContext.java:352)\n\tat io.netty.chann...
[debug] &amp#27;[35m[W3C]&amp#27;[39m Matched W3C error code 'no such element' to NoSuchElementError
[debug] &amp#27;[35m[BaseDriver]&amp#27;[39m Waited for 4143 ms so far
[debug] &amp#27;[35m[WD Proxy]&amp#27;[39m Matched '/element' to command name 'findElement'
[debug] &amp#27;[35m[WD Proxy]&amp#27;[39m Proxying [POST /element] to [POST http://127.0.0.1:8200/wd/hub/session/2e74e7b9-85a6-478f-8ae2-621a49ed711a/element] with body: {"strategy":"-android uiautomator","selector":"new UiSelector().text(\"添加成员\")","context":"","multiple":false}
&amp#27;[35m[WD Proxy]&amp#27;[39m Got response with status 404: {"sessionId":"2e74e7b9-85a6-478f-8ae2-621a49ed711a","value":{"error":"no such element","message":"An element could not be located on the page using the given search parameters","stacktrace":"io.appium.uiautomator2.common.exceptions.ElementNotFoundException: An element could not be located on the page using the given search parameters\n\tat io.appium.uiautomator2.handler.FindElement.safeHandle(FindElement.java:70)\n\tat io.appium.uiautomator2.handler.request.SafeRequestHandler.handle(SafeRequestHandler.java:59)\n\tat io.appium.uiautomator2.server.AppiumServlet.handleRequest(AppiumServlet.java:266)\n\tat io.appium.uiautomator2.server.AppiumServlet.handleHttpRequest(AppiumServlet.java:260)\n\tat io.appium.uiautomator2.http.ServerHandler.channelRead(ServerHandler.java:68)\n\tat io.netty.channel.AbstractChannelHandlerContext.invokeChannelRead(AbstractChannelHandlerContext.java:366)\n\tat io.netty.channel.AbstractChannelHandlerContext.invokeChannelRead(AbstractChannelHandlerContext.java:352)\n\tat io.netty.chann...
[debug] &amp#27;[35m[W3C]&amp#27;[39m Matched W3C error code 'no such element' to NoSuchElementError
[debug] &amp#27;[35m[BaseDriver]&amp#27;[39m Waited for 4692 ms so far
[debug] &amp#27;[35m[WD Proxy]&amp#27;[39m Matched '/element' to command name 'findElement'
[debug] &amp#27;[35m[WD Proxy]&amp#27;[39m Proxying [POST /element] to [POST http://127.0.0.1:8200/wd/hub/session/2e74e7b9-85a6-478f-8ae2-621a49ed711a/element] with body: {"strategy":"-android uiautomator","selector":"new UiSelector().text(\"添加成员\")","context":"","multiple":false}
&amp#27;[35m[WD Proxy]&amp#27;[39m Got response with status 404: {"sessionId":"2e74e7b9-85a6-478f-8ae2-621a49ed711a","value":{"error":"no such element","message":"An element could not be located on the page using the given search parameters","stacktrace":"io.appium.uiautomator2.common.exceptions.ElementNotFoundException: An element could not be located on the page using the given search parameters\n\tat io.appium.uiautomator2.handler.FindElement.safeHandle(FindElement.java:70)\n\tat io.appium.uiautomator2.handler.request.SafeRequestHandler.handle(SafeRequestHandler.java:59)\n\tat io.appium.uiautomator2.server.AppiumServlet.handleRequest(AppiumServlet.java:266)\n\tat io.appium.uiautomator2.server.AppiumServlet.handleHttpRequest(AppiumServlet.java:260)\n\tat io.appium.uiautomator2.http.ServerHandler.channelRead(ServerHandler.java:68)\n\tat io.netty.channel.AbstractChannelHandlerContext.invokeChannelRead(AbstractChannelHandlerContext.java:366)\n\tat io.netty.channel.AbstractChannelHandlerContext.invokeChannelRead(AbstractChannelHandlerContext.java:352)\n\tat io.netty.chann...
[debug] &amp#27;[35m[W3C]&amp#27;[39m Matched W3C error code 'no such element' to NoSuchElementError
[debug] &amp#27;[35m[BaseDriver]&amp#27;[39m Waited for 5229 ms so far
[debug] &amp#27;[35m[WD Proxy]&amp#27;[39m Matched '/element' to command name 'findElement'
[debug] &amp#27;[35m[WD Proxy]&amp#27;[39m Proxying [POST /element] to [POST http://127.0.0.1:8200/wd/hub/session/2e74e7b9-85a6-478f-8ae2-621a49ed711a/element] with body: {"strategy":"-android uiautomator","selector":"new UiSelector().text(\"添加成员\")","context":"","multiple":false}
&amp#27;[35m[WD Proxy]&amp#27;[39m Got response with status 404: {"sessionId":"2e74e7b9-85a6-478f-8ae2-621a49ed711a","value":{"error":"no such element","message":"An element could not be located on the page using the given search parameters","stacktrace":"io.appium.uiautomator2.common.exceptions.ElementNotFoundException: An element could not be located on the page using the given search parameters\n\tat io.appium.uiautomator2.handler.FindElement.safeHandle(FindElement.java:70)\n\tat io.appium.uiautomator2.handler.request.SafeRequestHandler.handle(SafeRequestHandler.java:59)\n\tat io.appium.uiautomator2.server.AppiumServlet.handleRequest(AppiumServlet.java:266)\n\tat io.appium.uiautomator2.server.AppiumServlet.handleHttpRequest(AppiumServlet.java:260)\n\tat io.appium.uiautomator2.http.ServerHandler.channelRead(ServerHandler.java:68)\n\tat io.netty.channel.AbstractChannelHandlerContext.invokeChannelRead(AbstractChannelHandlerContext.java:366)\n\tat io.netty.channel.AbstractChannelHandlerContext.invokeChannelRead(AbstractChannelHandlerContext.java:352)\n\tat io.netty.chann...
[debug] &amp#27;[35m[W3C]&amp#27;[39m Matched W3C error code 'no such element' to NoSuchElementError
[debug] &amp#27;[35m[BaseDriver]&amp#27;[39m Waited for 5773 ms so far
[debug] &amp#27;[35m[WD Proxy]&amp#27;[39m Matched '/element' to command name 'findElement'
[debug] &amp#27;[35m[WD Proxy]&amp#27;[39m Proxying [POST /element] to [POST http://127.0.0.1:8200/wd/hub/session/2e74e7b9-85a6-478f-8ae2-621a49ed711a/element] with body: {"strategy":"-android uiautomator","selector":"new UiSelector().text(\"添加成员\")","context":"","multiple":false}
&amp#27;[35m[WD Proxy]&amp#27;[39m Got response with status 404: {"sessionId":"2e74e7b9-85a6-478f-8ae2-621a49ed711a","value":{"error":"no such element","message":"An element could not be located on the page using the given search parameters","stacktrace":"io.appium.uiautomator2.common.exceptions.ElementNotFoundException: An element could not be located on the page using the given search parameters\n\tat io.appium.uiautomator2.handler.FindElement.safeHandle(FindElement.java:70)\n\tat io.appium.uiautomator2.handler.request.SafeRequestHandler.handle(SafeRequestHandler.java:59)\n\tat io.appium.uiautomator2.server.AppiumServlet.handleRequest(AppiumServlet.java:266)\n\tat io.appium.uiautomator2.server.AppiumServlet.handleHttpRequest(AppiumServlet.java:260)\n\tat io.appium.uiautomator2.http.ServerHandler.channelRead(ServerHandler.java:68)\n\tat io.netty.channel.AbstractChannelHandlerContext.invokeChannelRead(AbstractChannelHandlerContext.java:366)\n\tat io.netty.channel.AbstractChannelHandlerContext.invokeChannelRead(AbstractChannelHandlerContext.java:352)\n\tat io.netty.chann...
[debug] &amp#27;[35m[W3C]&amp#27;[39m Matched W3C error code 'no such element' to NoSuchElementError
[debug] &amp#27;[35m[BaseDriver]&amp#27;[39m Waited for 6320 ms so far
[debug] &amp#27;[35m[WD Proxy]&amp#27;[39m Matched '/element' to command name 'findElement'
[debug] &amp#27;[35m[WD Proxy]&amp#27;[39m Proxying [POST /element] to [POST http://127.0.0.1:8200/wd/hub/session/2e74e7b9-85a6-478f-8ae2-621a49ed711a/element] with body: {"strategy":"-android uiautomator","selector":"new UiSelector().text(\"添加成员\")","context":"","multiple":false}
&amp#27;[35m[WD Proxy]&amp#27;[39m Got response with status 404: {"sessionId":"2e74e7b9-85a6-478f-8ae2-621a49ed711a","value":{"error":"no such element","message":"An element could not be located on the page using the given search parameters","stacktrace":"io.appium.uiautomator2.common.exceptions.ElementNotFoundException: An element could not be located on the page using the given search parameters\n\tat io.appium.uiautomator2.handler.FindElement.safeHandle(FindElement.java:70)\n\tat io.appium.uiautomator2.handler.request.SafeRequestHandler.handle(SafeRequestHandler.java:59)\n\tat io.appium.uiautomator2.server.AppiumServlet.handleRequest(AppiumServlet.java:266)\n\tat io.appium.uiautomator2.server.AppiumServlet.handleHttpRequest(AppiumServlet.java:260)\n\tat io.appium.uiautomator2.http.ServerHandler.channelRead(ServerHandler.java:68)\n\tat io.netty.channel.AbstractChannelHandlerContext.invokeChannelRead(AbstractChannelHandlerContext.java:366)\n\tat io.netty.channel.AbstractChannelHandlerContext.invokeChannelRead(AbstractChannelHandlerContext.java:352)\n\tat io.netty.chann...
[debug] &amp#27;[35m[W3C]&amp#27;[39m Matched W3C error code 'no such element' to NoSuchElementError
[debug] &amp#27;[35m[BaseDriver]&amp#27;[39m Waited for 6864 ms so far
[debug] &amp#27;[35m[WD Proxy]&amp#27;[39m Matched '/element' to command name 'findElement'
[debug] &amp#27;[35m[WD Proxy]&amp#27;[39m Proxying [POST /element] to [POST http://127.0.0.1:8200/wd/hub/session/2e74e7b9-85a6-478f-8ae2-621a49ed711a/element] with body: {"strategy":"-android uiautomator","selector":"new UiSelector().text(\"添加成员\")","context":"","multiple":false}
&amp#27;[35m[WD Proxy]&amp#27;[39m Got response with status 404: {"sessionId":"2e74e7b9-85a6-478f-8ae2-621a49ed711a","value":{"error":"no such element","message":"An element could not be located on the page using the given search parameters","stacktrace":"io.appium.uiautomator2.common.exceptions.ElementNotFoundException: An element could not be located on the page using the given search parameters\n\tat io.appium.uiautomator2.handler.FindElement.safeHandle(FindElement.java:70)\n\tat io.appium.uiautomator2.handler.request.SafeRequestHandler.handle(SafeRequestHandler.java:59)\n\tat io.appium.uiautomator2.server.AppiumServlet.handleRequest(AppiumServlet.java:266)\n\tat io.appium.uiautomator2.server.AppiumServlet.handleHttpRequest(AppiumServlet.java:260)\n\tat io.appium.uiautomator2.http.ServerHandler.channelRead(ServerHandler.java:68)\n\tat io.netty.channel.AbstractChannelHandlerContext.invokeChannelRead(AbstractChannelHandlerContext.java:366)\n\tat io.netty.channel.AbstractChannelHandlerContext.invokeChannelRead(AbstractChannelHandlerContext.java:352)\n\tat io.netty.chann...
[debug] &amp#27;[35m[W3C]&amp#27;[39m Matched W3C error code 'no such element' to NoSuchElementError
[debug] &amp#27;[35m[BaseDriver]&amp#27;[39m Waited for 7412 ms so far
[debug] &amp#27;[35m[WD Proxy]&amp#27;[39m Matched '/element' to command name 'findElement'
[debug] &amp#27;[35m[WD Proxy]&amp#27;[39m Proxying [POST /element] to [POST http://127.0.0.1:8200/wd/hub/session/2e74e7b9-85a6-478f-8ae2-621a49ed711a/element] with body: {"strategy":"-android uiautomator","selector":"new UiSelector().text(\"添加成员\")","context":"","multiple":false}
&amp#27;[35m[WD Proxy]&amp#27;[39m Got response with status 404: {"sessionId":"2e74e7b9-85a6-478f-8ae2-621a49ed711a","value":{"error":"no such element","message":"An element could not be located on the page using the given search parameters","stacktrace":"io.appium.uiautomator2.common.exceptions.ElementNotFoundException: An element could not be located on the page using the given search parameters\n\tat io.appium.uiautomator2.handler.FindElement.safeHandle(FindElement.java:70)\n\tat io.appium.uiautomator2.handler.request.SafeRequestHandler.handle(SafeRequestHandler.java:59)\n\tat io.appium.uiautomator2.server.AppiumServlet.handleRequest(AppiumServlet.java:266)\n\tat io.appium.uiautomator2.server.AppiumServlet.handleHttpRequest(AppiumServlet.java:260)\n\tat io.appium.uiautomator2.http.ServerHandler.channelRead(ServerHandler.java:68)\n\tat io.netty.channel.AbstractChannelHandlerContext.invokeChannelRead(AbstractChannelHandlerContext.java:366)\n\tat io.netty.channel.AbstractChannelHandlerContext.invokeChannelRead(AbstractChannelHandlerContext.java:352)\n\tat io.netty.chann...
[debug] &amp#27;[35m[W3C]&amp#27;[39m Matched W3C error code 'no such element' to NoSuchElementError
[debug] &amp#27;[35m[BaseDriver]&amp#27;[39m Waited for 7955 ms so far
[debug] &amp#27;[35m[WD Proxy]&amp#27;[39m Matched '/element' to command name 'findElement'
[debug] &amp#27;[35m[WD Proxy]&amp#27;[39m Proxying [POST /element] to [POST http://127.0.0.1:8200/wd/hub/session/2e74e7b9-85a6-478f-8ae2-621a49ed711a/element] with body: {"strategy":"-android uiautomator","selector":"new UiSelector().text(\"添加成员\")","context":"","multiple":false}
&amp#27;[35m[WD Proxy]&amp#27;[39m Got response with status 404: {"sessionId":"2e74e7b9-85a6-478f-8ae2-621a49ed711a","value":{"error":"no such element","message":"An element could not be located on the page using the given search parameters","stacktrace":"io.appium.uiautomator2.common.exceptions.ElementNotFoundException: An element could not be located on the page using the given search parameters\n\tat io.appium.uiautomator2.handler.FindElement.safeHandle(FindElement.java:70)\n\tat io.appium.uiautomator2.handler.request.SafeRequestHandler.handle(SafeRequestHandler.java:59)\n\tat io.appium.uiautomator2.server.AppiumServlet.handleRequest(AppiumServlet.java:266)\n\tat io.appium.uiautomator2.server.AppiumServlet.handleHttpRequest(AppiumServlet.java:260)\n\tat io.appium.uiautomator2.http.ServerHandler.channelRead(ServerHandler.java:68)\n\tat io.netty.channel.AbstractChannelHandlerContext.invokeChannelRead(AbstractChannelHandlerContext.java:366)\n\tat io.netty.channel.AbstractChannelHandlerContext.invokeChannelRead(AbstractChannelHandlerContext.java:352)\n\tat io.netty.chann...
[debug] &amp#27;[35m[W3C]&amp#27;[39m Matched W3C error code 'no such element' to NoSuchElementError
[debug] &amp#27;[35m[BaseDriver]&amp#27;[39m Waited for 8499 ms so far
[debug] &amp#27;[35m[WD Proxy]&amp#27;[39m Matched '/element' to command name 'findElement'
[debug] &amp#27;[35m[WD Proxy]&amp#27;[39m Proxying [POST /element] to [POST http://127.0.0.1:8200/wd/hub/session/2e74e7b9-85a6-478f-8ae2-621a49ed711a/element] with body: {"strategy":"-android uiautomator","selector":"new UiSelector().text(\"添加成员\")","context":"","multiple":false}
&amp#27;[35m[WD Proxy]&amp#27;[39m Got response with status 404: {"sessionId":"2e74e7b9-85a6-478f-8ae2-621a49ed711a","value":{"error":"no such element","message":"An element could not be located on the page using the given search parameters","stacktrace":"io.appium.uiautomator2.common.exceptions.ElementNotFoundException: An element could not be located on the page using the given search parameters\n\tat io.appium.uiautomator2.handler.FindElement.safeHandle(FindElement.java:70)\n\tat io.appium.uiautomator2.handler.request.SafeRequestHandler.handle(SafeRequestHandler.java:59)\n\tat io.appium.uiautomator2.server.AppiumServlet.handleRequest(AppiumServlet.java:266)\n\tat io.appium.uiautomator2.server.AppiumServlet.handleHttpRequest(AppiumServlet.java:260)\n\tat io.appium.uiautomator2.http.ServerHandler.channelRead(ServerHandler.java:68)\n\tat io.netty.channel.AbstractChannelHandlerContext.invokeChannelRead(AbstractChannelHandlerContext.java:366)\n\tat io.netty.channel.AbstractChannelHandlerContext.invokeChannelRead(AbstractChannelHandlerContext.java:352)\n\tat io.netty.chann...
[debug] &amp#27;[35m[W3C]&amp#27;[39m Matched W3C error code 'no such element' to NoSuchElementError
[debug] &amp#27;[35m[BaseDriver]&amp#27;[39m Waited for 9042 ms so far
[debug] &amp#27;[35m[WD Proxy]&amp#27;[39m Matched '/element' to command name 'findElement'
[debug] &amp#27;[35m[WD Proxy]&amp#27;[39m Proxying [POST /element] to [POST http://127.0.0.1:8200/wd/hub/session/2e74e7b9-85a6-478f-8ae2-621a49ed711a/element] with body: {"strategy":"-android uiautomator","selector":"new UiSelector().text(\"添加成员\")","context":"","multiple":false}
&amp#27;[35m[WD Proxy]&amp#27;[39m Got response with status 404: {"sessionId":"2e74e7b9-85a6-478f-8ae2-621a49ed711a","value":{"error":"no such element","message":"An element could not be located on the page using the given search parameters","stacktrace":"io.appium.uiautomator2.common.exceptions.ElementNotFoundException: An element could not be located on the page using the given search parameters\n\tat io.appium.uiautomator2.handler.FindElement.safeHandle(FindElement.java:70)\n\tat io.appium.uiautomator2.handler.request.SafeRequestHandler.handle(SafeRequestHandler.java:59)\n\tat io.appium.uiautomator2.server.AppiumServlet.handleRequest(AppiumServlet.java:266)\n\tat io.appium.uiautomator2.server.AppiumServlet.handleHttpRequest(AppiumServlet.java:260)\n\tat io.appium.uiautomator2.http.ServerHandler.channelRead(ServerHandler.java:68)\n\tat io.netty.channel.AbstractChannelHandlerContext.invokeChannelRead(AbstractChannelHandlerContext.java:366)\n\tat io.netty.channel.AbstractChannelHandlerContext.invokeChannelRead(AbstractChannelHandlerContext.java:352)\n\tat io.netty.chann...
[debug] &amp#27;[35m[W3C]&amp#27;[39m Matched W3C error code 'no such element' to NoSuchElementError
[debug] &amp#27;[35m[BaseDriver]&amp#27;[39m Waited for 9587 ms so far
[debug] &amp#27;[35m[WD Proxy]&amp#27;[39m Matched '/element' to command name 'findElement'
[debug] &amp#27;[35m[WD Proxy]&amp#27;[39m Proxying [POST /element] to [POST http://127.0.0.1:8200/wd/hub/session/2e74e7b9-85a6-478f-8ae2-621a49ed711a/element] with body: {"strategy":"-android uiautomator","selector":"new UiSelector().text(\"添加成员\")","context":"","multiple":false}
&amp#27;[35m[WD Proxy]&amp#27;[39m Got response with status 404: {"sessionId":"2e74e7b9-85a6-478f-8ae2-621a49ed711a","value":{"error":"no such element","message":"An element could not be located on the page using the given search parameters","stacktrace":"io.appium.uiautomator2.common.exceptions.ElementNotFoundException: An element could not be located on the page using the given search parameters\n\tat io.appium.uiautomator2.handler.FindElement.safeHandle(FindElement.java:70)\n\tat io.appium.uiautomator2.handler.request.SafeRequestHandler.handle(SafeRequestHandler.java:59)\n\tat io.appium.uiautomator2.server.AppiumServlet.handleRequest(AppiumServlet.java:266)\n\tat io.appium.uiautomator2.server.AppiumServlet.handleHttpRequest(AppiumServlet.java:260)\n\tat io.appium.uiautomator2.http.ServerHandler.channelRead(ServerHandler.java:68)\n\tat io.netty.channel.AbstractChannelHandlerContext.invokeChannelRead(AbstractChannelHandlerContext.java:366)\n\tat io.netty.channel.AbstractChannelHandlerContext.invokeChannelRead(AbstractChannelHandlerContext.java:352)\n\tat io.netty.chann...
[debug] &amp#27;[35m[W3C]&amp#27;[39m Matched W3C error code 'no such element' to NoSuchElementError
[debug] &amp#27;[35m[BaseDriver]&amp#27;[39m Waited for 10134 ms so far
[debug] &amp#27;[35m[WD Proxy]&amp#27;[39m Matched '/element' to command name 'findElement'
[debug] &amp#27;[35m[WD Proxy]&amp#27;[39m Proxying [POST /element] to [POST http://127.0.0.1:8200/wd/hub/session/2e74e7b9-85a6-478f-8ae2-621a49ed711a/element] with body: {"strategy":"-android uiautomator","selector":"new UiSelector().text(\"添加成员\")","context":"","multiple":false}
&amp#27;[35m[WD Proxy]&amp#27;[39m Got response with status 404: {"sessionId":"2e74e7b9-85a6-478f-8ae2-621a49ed711a","value":{"error":"no such element","message":"An element could not be located on the page using the given search parameters","stacktrace":"io.appium.uiautomator2.common.exceptions.ElementNotFoundException: An element could not be located on the page using the given search parameters\n\tat io.appium.uiautomator2.handler.FindElement.safeHandle(FindElement.java:70)\n\tat io.appium.uiautomator2.handler.request.SafeRequestHandler.handle(SafeRequestHandler.java:59)\n\tat io.appium.uiautomator2.server.AppiumServlet.handleRequest(AppiumServlet.java:266)\n\tat io.appium.uiautomator2.server.AppiumServlet.handleHttpRequest(AppiumServlet.java:260)\n\tat io.appium.uiautomator2.http.ServerHandler.channelRead(ServerHandler.java:68)\n\tat io.netty.channel.AbstractChannelHandlerContext.invokeChannelRead(AbstractChannelHandlerContext.java:366)\n\tat io.netty.channel.AbstractChannelHandlerContext.invokeChannelRead(AbstractChannelHandlerContext.java:352)\n\tat io.netty.chann...
[debug] &amp#27;[35m[W3C]&amp#27;[39m Matched W3C error code 'no such element' to NoSuchElementError
[debug] &amp#27;[35m[BaseDriver]&amp#27;[39m Waited for 10677 ms so far
[debug] &amp#27;[35m[WD Proxy]&amp#27;[39m Matched '/element' to command name 'findElement'
[debug] &amp#27;[35m[WD Proxy]&amp#27;[39m Proxying [POST /element] to [POST http://127.0.0.1:8200/wd/hub/session/2e74e7b9-85a6-478f-8ae2-621a49ed711a/element] with body: {"strategy":"-android uiautomator","selector":"new UiSelector().text(\"添加成员\")","context":"","multiple":false}
&amp#27;[35m[WD Proxy]&amp#27;[39m Got response with status 404: {"sessionId":"2e74e7b9-85a6-478f-8ae2-621a49ed711a","value":{"error":"no such element","message":"An element could not be located on the page using the given search parameters","stacktrace":"io.appium.uiautomator2.common.exceptions.ElementNotFoundException: An element could not be located on the page using the given search parameters\n\tat io.appium.uiautomator2.handler.FindElement.safeHandle(FindElement.java:70)\n\tat io.appium.uiautomator2.handler.request.SafeRequestHandler.handle(SafeRequestHandler.java:59)\n\tat io.appium.uiautomator2.server.AppiumServlet.handleRequest(AppiumServlet.java:266)\n\tat io.appium.uiautomator2.server.AppiumServlet.handleHttpRequest(AppiumServlet.java:260)\n\tat io.appium.uiautomator2.http.ServerHandler.channelRead(ServerHandler.java:68)\n\tat io.netty.channel.AbstractChannelHandlerContext.invokeChannelRead(AbstractChannelHandlerContext.java:366)\n\tat io.netty.channel.AbstractChannelHandlerContext.invokeChannelRead(AbstractChannelHandlerContext.java:352)\n\tat io.netty.chann...
[debug] &amp#27;[35m[W3C]&amp#27;[39m Matched W3C error code 'no such element' to NoSuchElementError
[debug] &amp#27;[35m[BaseDriver]&amp#27;[39m Waited for 11222 ms so far
[debug] &amp#27;[35m[WD Proxy]&amp#27;[39m Matched '/element' to command name 'findElement'
[debug] &amp#27;[35m[WD Proxy]&amp#27;[39m Proxying [POST /element] to [POST http://127.0.0.1:8200/wd/hub/session/2e74e7b9-85a6-478f-8ae2-621a49ed711a/element] with body: {"strategy":"-android uiautomator","selector":"new UiSelector().text(\"添加成员\")","context":"","multiple":false}
&amp#27;[35m[WD Proxy]&amp#27;[39m Got response with status 404: {"sessionId":"2e74e7b9-85a6-478f-8ae2-621a49ed711a","value":{"error":"no such element","message":"An element could not be located on the page using the given search parameters","stacktrace":"io.appium.uiautomator2.common.exceptions.ElementNotFoundException: An element could not be located on the page using the given search parameters\n\tat io.appium.uiautomator2.handler.FindElement.safeHandle(FindElement.java:70)\n\tat io.appium.uiautomator2.handler.request.SafeRequestHandler.handle(SafeRequestHandler.java:59)\n\tat io.appium.uiautomator2.server.AppiumServlet.handleRequest(AppiumServlet.java:266)\n\tat io.appium.uiautomator2.server.AppiumServlet.handleHttpRequest(AppiumServlet.java:260)\n\tat io.appium.uiautomator2.http.ServerHandler.channelRead(ServerHandler.java:68)\n\tat io.netty.channel.AbstractChannelHandlerContext.invokeChannelRead(AbstractChannelHandlerContext.java:366)\n\tat io.netty.channel.AbstractChannelHandlerContext.invokeChannelRead(AbstractChannelHandlerContext.java:352)\n\tat io.netty.chann...
[debug] &amp#27;[35m[W3C]&amp#27;[39m Matched W3C error code 'no such element' to NoSuchElementError
[debug] &amp#27;[35m[BaseDriver]&amp#27;[39m Waited for 11772 ms so far
[debug] &amp#27;[35m[WD Proxy]&amp#27;[39m Matched '/element' to command name 'findElement'
[debug] &amp#27;[35m[WD Proxy]&amp#27;[39m Proxying [POST /element] to [POST http://127.0.0.1:8200/wd/hub/session/2e74e7b9-85a6-478f-8ae2-621a49ed711a/element] with body: {"strategy":"-android uiautomator","selector":"new UiSelector().text(\"添加成员\")","context":"","multiple":false}
&amp#27;[35m[WD Proxy]&amp#27;[39m Got response with status 404: {"sessionId":"2e74e7b9-85a6-478f-8ae2-621a49ed711a","value":{"error":"no such element","message":"An element could not be located on the page using the given search parameters","stacktrace":"io.appium.uiautomator2.common.exceptions.ElementNotFoundException: An element could not be located on the page using the given search parameters\n\tat io.appium.uiautomator2.handler.FindElement.safeHandle(FindElement.java:70)\n\tat io.appium.uiautomator2.handler.request.SafeRequestHandler.handle(SafeRequestHandler.java:59)\n\tat io.appium.uiautomator2.server.AppiumServlet.handleRequest(AppiumServlet.java:266)\n\tat io.appium.uiautomator2.server.AppiumServlet.handleHttpRequest(AppiumServlet.java:260)\n\tat io.appium.uiautomator2.http.ServerHandler.channelRead(ServerHandler.java:68)\n\tat io.netty.channel.AbstractChannelHandlerContext.invokeChannelRead(AbstractChannelHandlerContext.java:366)\n\tat io.netty.channel.AbstractChannelHandlerContext.invokeChannelRead(AbstractChannelHandlerContext.java:352)\n\tat io.netty.chann...
[debug] &amp#27;[35m[W3C]&amp#27;[39m Matched W3C error code 'no such element' to NoSuchElementError
[debug] &amp#27;[35m[BaseDriver]&amp#27;[39m Waited for 12315 ms so far
[debug] &amp#27;[35m[WD Proxy]&amp#27;[39m Matched '/element' to command name 'findElement'
[debug] &amp#27;[35m[WD Proxy]&amp#27;[39m Proxying [POST /element] to [POST http://127.0.0.1:8200/wd/hub/session/2e74e7b9-85a6-478f-8ae2-621a49ed711a/element] with body: {"strategy":"-android uiautomator","selector":"new UiSelector().text(\"添加成员\")","context":"","multiple":false}
&amp#27;[35m[WD Proxy]&amp#27;[39m Got response with status 404: {"sessionId":"2e74e7b9-85a6-478f-8ae2-621a49ed711a","value":{"error":"no such element","message":"An element could not be located on the page using the given search parameters","stacktrace":"io.appium.uiautomator2.common.exceptions.ElementNotFoundException: An element could not be located on the page using the given search parameters\n\tat io.appium.uiautomator2.handler.FindElement.safeHandle(FindElement.java:70)\n\tat io.appium.uiautomator2.handler.request.SafeRequestHandler.handle(SafeRequestHandler.java:59)\n\tat io.appium.uiautomator2.server.AppiumServlet.handleRequest(AppiumServlet.java:266)\n\tat io.appium.uiautomator2.server.AppiumServlet.handleHttpRequest(AppiumServlet.java:260)\n\tat io.appium.uiautomator2.http.ServerHandler.channelRead(ServerHandler.java:68)\n\tat io.netty.channel.AbstractChannelHandlerContext.invokeChannelRead(AbstractChannelHandlerContext.java:366)\n\tat io.netty.channel.AbstractChannelHandlerContext.invokeChannelRead(AbstractChannelHandlerContext.java:352)\n\tat io.netty.chann...
[debug] &amp#27;[35m[W3C]&amp#27;[39m Matched W3C error code 'no such element' to NoSuchElementError
[debug] &amp#27;[35m[BaseDriver]&amp#27;[39m Waited for 12861 ms so far
[debug] &amp#27;[35m[WD Proxy]&amp#27;[39m Matched '/element' to command name 'findElement'
[debug] &amp#27;[35m[WD Proxy]&amp#27;[39m Proxying [POST /element] to [POST http://127.0.0.1:8200/wd/hub/session/2e74e7b9-85a6-478f-8ae2-621a49ed711a/element] with body: {"strategy":"-android uiautomator","selector":"new UiSelector().text(\"添加成员\")","context":"","multiple":false}
&amp#27;[35m[WD Proxy]&amp#27;[39m Got response with status 404: {"sessionId":"2e74e7b9-85a6-478f-8ae2-621a49ed711a","value":{"error":"no such element","message":"An element could not be located on the page using the given search parameters","stacktrace":"io.appium.uiautomator2.common.exceptions.ElementNotFoundException: An element could not be located on the page using the given search parameters\n\tat io.appium.uiautomator2.handler.FindElement.safeHandle(FindElement.java:70)\n\tat io.appium.uiautomator2.handler.request.SafeRequestHandler.handle(SafeRequestHandler.java:59)\n\tat io.appium.uiautomator2.server.AppiumServlet.handleRequest(AppiumServlet.java:266)\n\tat io.appium.uiautomator2.server.AppiumServlet.handleHttpRequest(AppiumServlet.java:260)\n\tat io.appium.uiautomator2.http.ServerHandler.channelRead(ServerHandler.java:68)\n\tat io.netty.channel.AbstractChannelHandlerContext.invokeChannelRead(AbstractChannelHandlerContext.java:366)\n\tat io.netty.channel.AbstractChannelHandlerContext.invokeChannelRead(AbstractChannelHandlerContext.java:352)\n\tat io.netty.chann...
[debug] &amp#27;[35m[W3C]&amp#27;[39m Matched W3C error code 'no such element' to NoSuchElementError
[debug] &amp#27;[35m[BaseDriver]&amp#27;[39m Waited for 13409 ms so far
[debug] &amp#27;[35m[WD Proxy]&amp#27;[39m Matched '/element' to command name 'findElement'
[debug] &amp#27;[35m[WD Proxy]&amp#27;[39m Proxying [POST /element] to [POST http://127.0.0.1:8200/wd/hub/session/2e74e7b9-85a6-478f-8ae2-621a49ed711a/element] with body: {"strategy":"-android uiautomator","selector":"new UiSelector().text(\"添加成员\")","context":"","multiple":false}
&amp#27;[35m[WD Proxy]&amp#27;[39m Got response with status 404: {"sessionId":"2e74e7b9-85a6-478f-8ae2-621a49ed711a","value":{"error":"no such element","message":"An element could not be located on the page using the given search parameters","stacktrace":"io.appium.uiautomator2.common.exceptions.ElementNotFoundException: An element could not be located on the page using the given search parameters\n\tat io.appium.uiautomator2.handler.FindElement.safeHandle(FindElement.java:70)\n\tat io.appium.uiautomator2.handler.request.SafeRequestHandler.handle(SafeRequestHandler.java:59)\n\tat io.appium.uiautomator2.server.AppiumServlet.handleRequest(AppiumServlet.java:266)\n\tat io.appium.uiautomator2.server.AppiumServlet.handleHttpRequest(AppiumServlet.java:260)\n\tat io.appium.uiautomator2.http.ServerHandler.channelRead(ServerHandler.java:68)\n\tat io.netty.channel.AbstractChannelHandlerContext.invokeChannelRead(AbstractChannelHandlerContext.java:366)\n\tat io.netty.channel.AbstractChannelHandlerContext.invokeChannelRead(AbstractChannelHandlerContext.java:352)\n\tat io.netty.chann...
[debug] &amp#27;[35m[W3C]&amp#27;[39m Matched W3C error code 'no such element' to NoSuchElementError
[debug] &amp#27;[35m[BaseDriver]&amp#27;[39m Waited for 13957 ms so far
[debug] &amp#27;[35m[WD Proxy]&amp#27;[39m Matched '/element' to command name 'findElement'
[debug] &amp#27;[35m[WD Proxy]&amp#27;[39m Proxying [POST /element] to [POST http://127.0.0.1:8200/wd/hub/session/2e74e7b9-85a6-478f-8ae2-621a49ed711a/element] with body: {"strategy":"-android uiautomator","selector":"new UiSelector().text(\"添加成员\")","context":"","multiple":false}
&amp#27;[35m[WD Proxy]&amp#27;[39m Got response with status 404: {"sessionId":"2e74e7b9-85a6-478f-8ae2-621a49ed711a","value":{"error":"no such element","message":"An element could not be located on the page using the given search parameters","stacktrace":"io.appium.uiautomator2.common.exceptions.ElementNotFoundException: An element could not be located on the page using the given search parameters\n\tat io.appium.uiautomator2.handler.FindElement.safeHandle(FindElement.java:70)\n\tat io.appium.uiautomator2.handler.request.SafeRequestHandler.handle(SafeRequestHandler.java:59)\n\tat io.appium.uiautomator2.server.AppiumServlet.handleRequest(AppiumServlet.java:266)\n\tat io.appium.uiautomator2.server.AppiumServlet.handleHttpRequest(AppiumServlet.java:260)\n\tat io.appium.uiautomator2.http.ServerHandler.channelRead(ServerHandler.java:68)\n\tat io.netty.channel.AbstractChannelHandlerContext.invokeChannelRead(AbstractChannelHandlerContext.java:366)\n\tat io.netty.channel.AbstractChannelHandlerContext.invokeChannelRead(AbstractChannelHandlerContext.java:352)\n\tat io.netty.chann...
[debug] &amp#27;[35m[W3C]&amp#27;[39m Matched W3C error code 'no such element' to NoSuchElementError
[debug] &amp#27;[35m[BaseDriver]&amp#27;[39m Waited for 14500 ms so far
[debug] &amp#27;[35m[WD Proxy]&amp#27;[39m Matched '/element' to command name 'findElement'
[debug] &amp#27;[35m[WD Proxy]&amp#27;[39m Proxying [POST /element] to [POST http://127.0.0.1:8200/wd/hub/session/2e74e7b9-85a6-478f-8ae2-621a49ed711a/element] with body: {"strategy":"-android uiautomator","selector":"new UiSelector().text(\"添加成员\")","context":"","multiple":false}
&amp#27;[35m[WD Proxy]&amp#27;[39m Got response with status 404: {"sessionId":"2e74e7b9-85a6-478f-8ae2-621a49ed711a","value":{"error":"no such element","message":"An element could not be located on the page using the given search parameters","stacktrace":"io.appium.uiautomator2.common.exceptions.ElementNotFoundException: An element could not be located on the page using the given search parameters\n\tat io.appium.uiautomator2.handler.FindElement.safeHandle(FindElement.java:70)\n\tat io.appium.uiautomator2.handler.request.SafeRequestHandler.handle(SafeRequestHandler.java:59)\n\tat io.appium.uiautomator2.server.AppiumServlet.handleRequest(AppiumServlet.java:266)\n\tat io.appium.uiautomator2.server.AppiumServlet.handleHttpRequest(AppiumServlet.java:260)\n\tat io.appium.uiautomator2.http.ServerHandler.channelRead(ServerHandler.java:68)\n\tat io.netty.channel.AbstractChannelHandlerContext.invokeChannelRead(AbstractChannelHandlerContext.java:366)\n\tat io.netty.channel.AbstractChannelHandlerContext.invokeChannelRead(AbstractChannelHandlerContext.java:352)\n\tat io.netty.chann...
[debug] &amp#27;[35m[W3C]&amp#27;[39m Matched W3C error code 'no such element' to NoSuchElementError
[debug] &amp#27;[35m[BaseDriver]&amp#27;[39m Waited for 15045 ms so far
[debug] &amp#27;[35m[WD Proxy]&amp#27;[39m Matched '/element' to command name 'findElement'
[debug] &amp#27;[35m[WD Proxy]&amp#27;[39m Proxying [POST /element] to [POST http://127.0.0.1:8200/wd/hub/session/2e74e7b9-85a6-478f-8ae2-621a49ed711a/element] with body: {"strategy":"-android uiautomator","selector":"new UiSelector().text(\"添加成员\")","context":"","multiple":false}
&amp#27;[35m[WD Proxy]&amp#27;[39m Got response with status 404: {"sessionId":"2e74e7b9-85a6-478f-8ae2-621a49ed711a","value":{"error":"no such element","message":"An element could not be located on the page using the given search parameters","stacktrace":"io.appium.uiautomator2.common.exceptions.ElementNotFoundException: An element could not be located on the page using the given search parameters\n\tat io.appium.uiautomator2.handler.FindElement.safeHandle(FindElement.java:70)\n\tat io.appium.uiautomator2.handler.request.SafeRequestHandler.handle(SafeRequestHandler.java:59)\n\tat io.appium.uiautomator2.server.AppiumServlet.handleRequest(AppiumServlet.java:266)\n\tat io.appium.uiautomator2.server.AppiumServlet.handleHttpRequest(AppiumServlet.java:260)\n\tat io.appium.uiautomator2.http.ServerHandler.channelRead(ServerHandler.java:68)\n\tat io.netty.channel.AbstractChannelHandlerContext.invokeChannelRead(AbstractChannelHandlerContext.java:366)\n\tat io.netty.channel.AbstractChannelHandlerContext.invokeChannelRead(AbstractChannelHandlerContext.java:352)\n\tat io.netty.chann...
[debug] &amp#27;[35m[W3C]&amp#27;[39m Matched W3C error code 'no such element' to NoSuchElementError
[debug] &amp#27;[35m[BaseDriver]&amp#27;[39m Waited for 15592 ms so far
[debug] &amp#27;[35m[WD Proxy]&amp#27;[39m Matched '/element' to command name 'findElement'
[debug] &amp#27;[35m[WD Proxy]&amp#27;[39m Proxying [POST /element] to [POST http://127.0.0.1:8200/wd/hub/session/2e74e7b9-85a6-478f-8ae2-621a49ed711a/element] with body: {"strategy":"-android uiautomator","selector":"new UiSelector().text(\"添加成员\")","context":"","multiple":false}
&amp#27;[35m[WD Proxy]&amp#27;[39m Got response with status 404: {"sessionId":"2e74e7b9-85a6-478f-8ae2-621a49ed711a","value":{"error":"no such element","message":"An element could not be located on the page using the given search parameters","stacktrace":"io.appium.uiautomator2.common.exceptions.ElementNotFoundException: An element could not be located on the page using the given search parameters\n\tat io.appium.uiautomator2.handler.FindElement.safeHandle(FindElement.java:70)\n\tat io.appium.uiautomator2.handler.request.SafeRequestHandler.handle(SafeRequestHandler.java:59)\n\tat io.appium.uiautomator2.server.AppiumServlet.handleRequest(AppiumServlet.java:266)\n\tat io.appium.uiautomator2.server.AppiumServlet.handleHttpRequest(AppiumServlet.java:260)\n\tat io.appium.uiautomator2.http.ServerHandler.channelRead(ServerHandler.java:68)\n\tat io.netty.channel.AbstractChannelHandlerContext.invokeChannelRead(AbstractChannelHandlerContext.java:366)\n\tat io.netty.channel.AbstractChannelHandlerContext.invokeChannelRead(AbstractChannelHandlerContext.java:352)\n\tat io.netty.chann...
[debug] &amp#27;[35m[W3C]&amp#27;[39m Matched W3C error code 'no such element' to NoSuchElementError
[debug] &amp#27;[35m[BaseDriver]&amp#27;[39m Waited for 16134 ms so far
[debug] &amp#27;[35m[WD Proxy]&amp#27;[39m Matched '/element' to command name 'findElement'
[debug] &amp#27;[35m[WD Proxy]&amp#27;[39m Proxying [POST /element] to [POST http://127.0.0.1:8200/wd/hub/session/2e74e7b9-85a6-478f-8ae2-621a49ed711a/element] with body: {"strategy":"-android uiautomator","selector":"new UiSelector().text(\"添加成员\")","context":"","multiple":false}
&amp#27;[35m[WD Proxy]&amp#27;[39m Got response with status 404: {"sessionId":"2e74e7b9-85a6-478f-8ae2-621a49ed711a","value":{"error":"no such element","message":"An element could not be located on the page using the given search parameters","stacktrace":"io.appium.uiautomator2.common.exceptions.ElementNotFoundException: An element could not be located on the page using the given search parameters\n\tat io.appium.uiautomator2.handler.FindElement.safeHandle(FindElement.java:70)\n\tat io.appium.uiautomator2.handler.request.SafeRequestHandler.handle(SafeRequestHandler.java:59)\n\tat io.appium.uiautomator2.server.AppiumServlet.handleRequest(AppiumServlet.java:266)\n\tat io.appium.uiautomator2.server.AppiumServlet.handleHttpRequest(AppiumServlet.java:260)\n\tat io.appium.uiautomator2.http.ServerHandler.channelRead(ServerHandler.java:68)\n\tat io.netty.channel.AbstractChannelHandlerContext.invokeChannelRead(AbstractChannelHandlerContext.java:366)\n\tat io.netty.channel.AbstractChannelHandlerContext.invokeChannelRead(AbstractChannelHandlerContext.java:352)\n\tat io.netty.chann...
[debug] &amp#27;[35m[W3C]&amp#27;[39m Matched W3C error code 'no such element' to NoSuchElementError
[debug] &amp#27;[35m[BaseDriver]&amp#27;[39m Waited for 16683 ms so far
[debug] &amp#27;[35m[WD Proxy]&amp#27;[39m Matched '/element' to command name 'findElement'
[debug] &amp#27;[35m[WD Proxy]&amp#27;[39m Proxying [POST /element] to [POST http://127.0.0.1:8200/wd/hub/session/2e74e7b9-85a6-478f-8ae2-621a49ed711a/element] with body: {"strategy":"-android uiautomator","selector":"new UiSelector().text(\"添加成员\")","context":"","multiple":false}
&amp#27;[35m[WD Proxy]&amp#27;[39m Got response with status 404: {"sessionId":"2e74e7b9-85a6-478f-8ae2-621a49ed711a","value":{"error":"no such element","message":"An element could not be located on the page using the given search parameters","stacktrace":"io.appium.uiautomator2.common.exceptions.ElementNotFoundException: An element could not be located on the page using the given search parameters\n\tat io.appium.uiautomator2.handler.FindElement.safeHandle(FindElement.java:70)\n\tat io.appium.uiautomator2.handler.request.SafeRequestHandler.handle(SafeRequestHandler.java:59)\n\tat io.appium.uiautomator2.server.AppiumServlet.handleRequest(AppiumServlet.java:266)\n\tat io.appium.uiautomator2.server.AppiumServlet.handleHttpRequest(AppiumServlet.java:260)\n\tat io.appium.uiautomator2.http.ServerHandler.channelRead(ServerHandler.java:68)\n\tat io.netty.channel.AbstractChannelHandlerContext.invokeChannelRead(AbstractChannelHandlerContext.java:366)\n\tat io.netty.channel.AbstractChannelHandlerContext.invokeChannelRead(AbstractChannelHandlerContext.java:352)\n\tat io.netty.chann...
[debug] &amp#27;[35m[W3C]&amp#27;[39m Matched W3C error code 'no such element' to NoSuchElementError
[debug] &amp#27;[35m[BaseDriver]&amp#27;[39m Waited for 17227 ms so far
[debug] &amp#27;[35m[WD Proxy]&amp#27;[39m Matched '/element' to command name 'findElement'
[debug] &amp#27;[35m[WD Proxy]&amp#27;[39m Proxying [POST /element] to [POST http://127.0.0.1:8200/wd/hub/session/2e74e7b9-85a6-478f-8ae2-621a49ed711a/element] with body: {"strategy":"-android uiautomator","selector":"new UiSelector().text(\"添加成员\")","context":"","multiple":false}
&amp#27;[35m[WD Proxy]&amp#27;[39m Got response with status 404: {"sessionId":"2e74e7b9-85a6-478f-8ae2-621a49ed711a","value":{"error":"no such element","message":"An element could not be located on the page using the given search parameters","stacktrace":"io.appium.uiautomator2.common.exceptions.ElementNotFoundException: An element could not be located on the page using the given search parameters\n\tat io.appium.uiautomator2.handler.FindElement.safeHandle(FindElement.java:70)\n\tat io.appium.uiautomator2.handler.request.SafeRequestHandler.handle(SafeRequestHandler.java:59)\n\tat io.appium.uiautomator2.server.AppiumServlet.handleRequest(AppiumServlet.java:266)\n\tat io.appium.uiautomator2.server.AppiumServlet.handleHttpRequest(AppiumServlet.java:260)\n\tat io.appium.uiautomator2.http.ServerHandler.channelRead(ServerHandler.java:68)\n\tat io.netty.channel.AbstractChannelHandlerContext.invokeChannelRead(AbstractChannelHandlerContext.java:366)\n\tat io.netty.channel.AbstractChannelHandlerContext.invokeChannelRead(AbstractChannelHandlerContext.java:352)\n\tat io.netty.chann...
[debug] &amp#27;[35m[W3C]&amp#27;[39m Matched W3C error code 'no such element' to NoSuchElementError
[debug] &amp#27;[35m[BaseDriver]&amp#27;[39m Waited for 17771 ms so far
[debug] &amp#27;[35m[WD Proxy]&amp#27;[39m Matched '/element' to command name 'findElement'
[debug] &amp#27;[35m[WD Proxy]&amp#27;[39m Proxying [POST /element] to [POST http://127.0.0.1:8200/wd/hub/session/2e74e7b9-85a6-478f-8ae2-621a49ed711a/element] with body: {"strategy":"-android uiautomator","selector":"new UiSelector().text(\"添加成员\")","context":"","multiple":false}
&amp#27;[35m[WD Proxy]&amp#27;[39m Got response with status 404: {"sessionId":"2e74e7b9-85a6-478f-8ae2-621a49ed711a","value":{"error":"no such element","message":"An element could not be located on the page using the given search parameters","stacktrace":"io.appium.uiautomator2.common.exceptions.ElementNotFoundException: An element could not be located on the page using the given search parameters\n\tat io.appium.uiautomator2.handler.FindElement.safeHandle(FindElement.java:70)\n\tat io.appium.uiautomator2.handler.request.SafeRequestHandler.handle(SafeRequestHandler.java:59)\n\tat io.appium.uiautomator2.server.AppiumServlet.handleRequest(AppiumServlet.java:266)\n\tat io.appium.uiautomator2.server.AppiumServlet.handleHttpRequest(AppiumServlet.java:260)\n\tat io.appium.uiautomator2.http.ServerHandler.channelRead(ServerHandler.java:68)\n\tat io.netty.channel.AbstractChannelHandlerContext.invokeChannelRead(AbstractChannelHandlerContext.java:366)\n\tat io.netty.channel.AbstractChannelHandlerContext.invokeChannelRead(AbstractChannelHandlerContext.java:352)\n\tat io.netty.chann...
[debug] &amp#27;[35m[W3C]&amp#27;[39m Matched W3C error code 'no such element' to NoSuchElementError
[debug] &amp#27;[35m[BaseDriver]&amp#27;[39m Waited for 18309 ms so far
[debug] &amp#27;[35m[WD Proxy]&amp#27;[39m Matched '/element' to command name 'findElement'
[debug] &amp#27;[35m[WD Proxy]&amp#27;[39m Proxying [POST /element] to [POST http://127.0.0.1:8200/wd/hub/session/2e74e7b9-85a6-478f-8ae2-621a49ed711a/element] with body: {"strategy":"-android uiautomator","selector":"new UiSelector().text(\"添加成员\")","context":"","multiple":false}
&amp#27;[35m[WD Proxy]&amp#27;[39m Got response with status 404: {"sessionId":"2e74e7b9-85a6-478f-8ae2-621a49ed711a","value":{"error":"no such element","message":"An element could not be located on the page using the given search parameters","stacktrace":"io.appium.uiautomator2.common.exceptions.ElementNotFoundException: An element could not be located on the page using the given search parameters\n\tat io.appium.uiautomator2.handler.FindElement.safeHandle(FindElement.java:70)\n\tat io.appium.uiautomator2.handler.request.SafeRequestHandler.handle(SafeRequestHandler.java:59)\n\tat io.appium.uiautomator2.server.AppiumServlet.handleRequest(AppiumServlet.java:266)\n\tat io.appium.uiautomator2.server.AppiumServlet.handleHttpRequest(AppiumServlet.java:260)\n\tat io.appium.uiautomator2.http.ServerHandler.channelRead(ServerHandler.java:68)\n\tat io.netty.channel.AbstractChannelHandlerContext.invokeChannelRead(AbstractChannelHandlerContext.java:366)\n\tat io.netty.channel.AbstractChannelHandlerContext.invokeChannelRead(AbstractChannelHandlerContext.java:352)\n\tat io.netty.chann...
[debug] &amp#27;[35m[W3C]&amp#27;[39m Matched W3C error code 'no such element' to NoSuchElementError
[debug] &amp#27;[35m[BaseDriver]&amp#27;[39m Waited for 18851 ms so far
[debug] &amp#27;[35m[WD Proxy]&amp#27;[39m Matched '/element' to command name 'findElement'
[debug] &amp#27;[35m[WD Proxy]&amp#27;[39m Proxying [POST /element] to [POST http://127.0.0.1:8200/wd/hub/session/2e74e7b9-85a6-478f-8ae2-621a49ed711a/element] with body: {"strategy":"-android uiautomator","selector":"new UiSelector().text(\"添加成员\")","context":"","multiple":false}
&amp#27;[35m[WD Proxy]&amp#27;[39m Got response with status 404: {"sessionId":"2e74e7b9-85a6-478f-8ae2-621a49ed711a","value":{"error":"no such element","message":"An element could not be located on the page using the given search parameters","stacktrace":"io.appium.uiautomator2.common.exceptions.ElementNotFoundException: An element could not be located on the page using the given search parameters\n\tat io.appium.uiautomator2.handler.FindElement.safeHandle(FindElement.java:70)\n\tat io.appium.uiautomator2.handler.request.SafeRequestHandler.handle(SafeRequestHandler.java:59)\n\tat io.appium.uiautomator2.server.AppiumServlet.handleRequest(AppiumServlet.java:266)\n\tat io.appium.uiautomator2.server.AppiumServlet.handleHttpRequest(AppiumServlet.java:260)\n\tat io.appium.uiautomator2.http.ServerHandler.channelRead(ServerHandler.java:68)\n\tat io.netty.channel.AbstractChannelHandlerContext.invokeChannelRead(AbstractChannelHandlerContext.java:366)\n\tat io.netty.channel.AbstractChannelHandlerContext.invokeChannelRead(AbstractChannelHandlerContext.java:352)\n\tat io.netty.chann...
[debug] &amp#27;[35m[W3C]&amp#27;[39m Matched W3C error code 'no such element' to NoSuchElementError
[debug] &amp#27;[35m[BaseDriver]&amp#27;[39m Waited for 19394 ms so far
[debug] &amp#27;[35m[WD Proxy]&amp#27;[39m Matched '/element' to command name 'findElement'
[debug] &amp#27;[35m[WD Proxy]&amp#27;[39m Proxying [POST /element] to [POST http://127.0.0.1:8200/wd/hub/session/2e74e7b9-85a6-478f-8ae2-621a49ed711a/element] with body: {"strategy":"-android uiautomator","selector":"new UiSelector().text(\"添加成员\")","context":"","multiple":false}
&amp#27;[35m[WD Proxy]&amp#27;[39m Got response with status 404: {"sessionId":"2e74e7b9-85a6-478f-8ae2-621a49ed711a","value":{"error":"no such element","message":"An element could not be located on the page using the given search parameters","stacktrace":"io.appium.uiautomator2.common.exceptions.ElementNotFoundException: An element could not be located on the page using the given search parameters\n\tat io.appium.uiautomator2.handler.FindElement.safeHandle(FindElement.java:70)\n\tat io.appium.uiautomator2.handler.request.SafeRequestHandler.handle(SafeRequestHandler.java:59)\n\tat io.appium.uiautomator2.server.AppiumServlet.handleRequest(AppiumServlet.java:266)\n\tat io.appium.uiautomator2.server.AppiumServlet.handleHttpRequest(AppiumServlet.java:260)\n\tat io.appium.uiautomator2.http.ServerHandler.channelRead(ServerHandler.java:68)\n\tat io.netty.channel.AbstractChannelHandlerContext.invokeChannelRead(AbstractChannelHandlerContext.java:366)\n\tat io.netty.channel.AbstractChannelHandlerContext.invokeChannelRead(AbstractChannelHandlerContext.java:352)\n\tat io.netty.chann...
[debug] &amp#27;[35m[W3C]&amp#27;[39m Matched W3C error code 'no such element' to NoSuchElementError
[debug] &amp#27;[35m[BaseDriver]&amp#27;[39m Waited for 19942 ms so far
[debug] &amp#27;[35m[WD Proxy]&amp#27;[39m Matched '/element' to command name 'findElement'
[debug] &amp#27;[35m[WD Proxy]&amp#27;[39m Proxying [POST /element] to [POST http://127.0.0.1:8200/wd/hub/session/2e74e7b9-85a6-478f-8ae2-621a49ed711a/element] with body: {"strategy":"-android uiautomator","selector":"new UiSelector().text(\"添加成员\")","context":"","multiple":false}
&amp#27;[35m[WD Proxy]&amp#27;[39m Got response with status 404: {"sessionId":"2e74e7b9-85a6-478f-8ae2-621a49ed711a","value":{"error":"no such element","message":"An element could not be located on the page using the given search parameters","stacktrace":"io.appium.uiautomator2.common.exceptions.ElementNotFoundException: An element could not be located on the page using the given search parameters\n\tat io.appium.uiautomator2.handler.FindElement.safeHandle(FindElement.java:70)\n\tat io.appium.uiautomator2.handler.request.SafeRequestHandler.handle(SafeRequestHandler.java:59)\n\tat io.appium.uiautomator2.server.AppiumServlet.handleRequest(AppiumServlet.java:266)\n\tat io.appium.uiautomator2.server.AppiumServlet.handleHttpRequest(AppiumServlet.java:260)\n\tat io.appium.uiautomator2.http.ServerHandler.channelRead(ServerHandler.java:68)\n\tat io.netty.channel.AbstractChannelHandlerContext.invokeChannelRead(AbstractChannelHandlerContext.java:366)\n\tat io.netty.channel.AbstractChannelHandlerContext.invokeChannelRead(AbstractChannelHandlerContext.java:352)\n\tat io.netty.chann...
[debug] &amp#27;[35m[W3C]&amp#27;[39m Matched W3C error code 'no such element' to NoSuchElementError
[debug] &amp#27;[35m[WD Proxy]&amp#27;[39m Matched '/source' to command name 'getPageSource'
[debug] &amp#27;[35m[WD Proxy]&amp#27;[39m Proxying [GET /source] to [GET http://127.0.0.1:8200/wd/hub/session/2e74e7b9-85a6-478f-8ae2-621a49ed711a/source] with no body
[debug] &amp#27;[35m[WD Proxy]&amp#27;[39m Got response with status 200: {"sessionId":"2e74e7b9-85a6-478f-8ae2-621a49ed711a","value":"<?xml version='1.0' encoding='UTF-8' standalone='yes' ?>\r\n<hierarchy index=\"0\" class=\"hierarchy\" rotation=\"0\" width=\"1080\" height=\"2276\">\r\n  <android.widget.FrameLayout index=\"0\" package=\"com.tencent.wework\" class=\"android.widget.FrameLayout\" text=\"\" checkable=\"false\" checked=\"false\" clickable=\"false\" enabled=\"true\" focusable=\"false\" focused=\"false\" long-clickable=\"false\" password=\"false\" scrollable=\"false\" selected=\"false\" bounds=\"[0,0][1080,2276]\" displayed=\"true\">\r\n    <android.widget.LinearLayout index=\"0\" package=\"com.tencent.wework\" class=\"android.widget.LinearLayout\" text=\"\" checkable=\"false\" checked=\"false\" clickable=\"false\" enabled=\"true\" focusable=\"false\" focused=\"false\" long-clickable=\"false\" password=\"false\" scrollable=\"false\" selected=\"false\" bounds=\"[0,0][1080,2276]\" displayed=\"true\">\r\n      <android.widget.FrameLayout index=\"0\" package=\"com.tencent...
[debug] &amp#27;[35m[BaseDriver]&amp#27;[39m Error finding element: An element could not be located on the page using the given search parameters.
[debug] &amp#27;[35m[BaseDriver]&amp#27;[39m Page source requested through 'printPageSourceOnFindFailure':
[debug] &amp#27;[35m[BaseDriver]&amp#27;[39m <?xml version='1.0' encoding='UTF-8' standalone='yes' ?>
[debug] &amp#27;[35m[BaseDriver]&amp#27;[39m <hierarchy index="0" class="hierarchy" rotation="0" width="1080" height="2276">
[debug] &amp#27;[35m[BaseDriver]&amp#27;[39m   <android.widget.FrameLayout index="0" package="com.tencent.wework" class="android.widget.FrameLayout" text="" checkable="false" checked="false" clickable="false" enabled="true" focusable="false" focused="false" long-clickable="false" password="false" scrollable="false" selected="false" bounds="[0,0][1080,2276]" displayed="true">
[debug] &amp#27;[35m[BaseDriver]&amp#27;[39m     <android.widget.LinearLayout index="0" package="com.tencent.wework" class="android.widget.LinearLayout" text="" checkable="false" checked="false" clickable="false" enabled="true" focusable="false" focused="false" long-clickable="false" password="false" scrollable="false" selected="false" bounds="[0,0][1080,2276]" displayed="true">
[debug] &amp#27;[35m[BaseDriver]&amp#27;[39m       <android.widget.FrameLayout index="0" package="com.tencent.wework" class="android.widget.FrameLayout" text="" checkable="false" checked="false" clickable="false" enabled="true" focusable="false" focused="false" long-clickable="false" password="false" scrollable="false" selected="false" bounds="[0,0][1080,2276]" displayed="true">
[debug] &amp#27;[35m[BaseDriver]&amp#27;[39m         <android.widget.LinearLayout index="0" package="com.tencent.wework" class="android.widget.LinearLayout" text="" resource-id="com.tencent.wework:id/eq" checkable="false" checked="false" clickable="false" enabled="true" focusable="false" focused="false" long-clickable="false" password="false" scrollable="false" selected="false" bounds="[0,0][1080,2276]" displayed="true">
[debug] &amp#27;[35m[BaseDriver]&amp#27;[39m           <android.widget.FrameLayout index="0" package="com.tencent.wework" class="android.widget.FrameLayout" text="" resource-id="android:id/content" checkable="false" checked="false" clickable="false" enabled="true" focusable="false" focused="false" long-clickable="false" password="false" scrollable="false" selected="false" bounds="[0,0][1080,2276]" displayed="true">
[debug] &amp#27;[35m[BaseDriver]&amp#27;[39m             <android.widget.FrameLayout index="0" package="com.tencent.wework" class="android.widget.FrameLayout" text="" resource-id="com.tencent.wework:id/kaz" checkable="false" checked="false" clickable="false" enabled="true" focusable="false" focused="false" long-clickable="false" password="false" scrollable="false" selected="false" bounds="[0,0][1080,2276]" displayed="true">
[debug] &amp#27;[35m[BaseDriver]&amp#27;[39m               <android.widget.RelativeLayout index="0" package="com.tencent.wework" class="android.widget.RelativeLayout" text="" resource-id="com.tencent.wework:id/gkm" checkable="false" checked="false" clickable="false" enabled="true" focusable="false" focused="false" long-clickable="false" password="false" scrollable="false" selected="false" bounds="[0,0][1080,2276]" displayed="true">
[debug] &amp#27;[35m[BaseDriver]&amp#27;[39m                 <android.widget.FrameLayout index="0" package="com.tencent.wework" class="android.widget.FrameLayout" text="" resource-id="com.tencent.wework:id/ea6" checkable="false" checked="false" clickable="false" enabled="true" focusable="false" focused="false" long-clickable="false" password="false" scrollable="false" selected="false" bounds="[0,0][1080,2201]" displayed="true" />
[debug] &amp#27;[35m[BaseDriver]&amp#27;[39m                 <android.widget.FrameLayout index="1" package="com.tencent.wework" class="android.widget.FrameLayout" text="" resource-id="com.tencent.wework:id/ea5" checkable="false" checked="false" clickable="false" enabled="true" focusable="false" focused="false" long-clickable="false" password="false" scrollable="false" selected="false" bounds="[0,0][1080,2201]" displayed="true">
[debug] &amp#27;[35m[BaseDriver]&amp#27;[39m                   <android.widget.LinearLayout index="0" package="com.tencent.wework" class="android.widget.LinearLayout" text="" resource-id="com.tencent.wework:id/jek" checkable="false" checked="false" clickable="false" enabled="true" focusable="false" focused="false" long-clickable="false" password="false" scrollable="false" selected="false" bounds="[0,0][1080,2201]" displayed="true">
[debug] &amp#27;[35m[BaseDriver]&amp#27;[39m                     <android.widget.RelativeLayout index="0" package="com.tencent.wework" class="android.widget.RelativeLayout" text="" resource-id="com.tencent.wework:id/ldj" checkable="false" checked="false" clickable="false" enabled="true" focusable="true" focused="false" long-clickable="false" password="false" scrollable="false" selected="false" bounds="[0,0][1080,212]" displayed="true">
[debug] &amp#27;[35m[BaseDriver]&amp#27;[39m                       <android.widget.LinearLayout index="0" package="com.tencent.wework" class="android.widget.LinearLayout" text="" resource-id="com.tencent.wework:id/lek" checkable="false" checked="false" clickable="false" enabled="true" focusable="false" focused="false" long-clickable="false" password="false" scrollable="false" selected="false" bounds="[0,80][788,212]" displayed="true">
[debug] &amp#27;[35m[BaseDriver]&amp#27;[39m                         <android.widget.LinearLayout index="1" package="com.tencent.wework" class="android.widget.LinearLayout" text="" resource-id="com.tencent.wework:id/lem" checkable="false" checked="false" clickable="false" enabled="true" focusable="false" focused="false" long-clickable="false" password="false" scrollable="false" selected="false" bounds="[0,80][788,212]" displayed="true">
[debug] &amp#27;[35m[BaseDriver]&amp#27;[39m                           <android.widget.LinearLayout index="0" package="com.tencent.wework" class="android.widget.LinearLayout" text="" resource-id="com.tencent.wework:id/l9y" checkable="false" checked="false" clickable="false" enabled="true" focusable="false" focused="false" long-clickable="false" password="false" scrollable="false" selected="false" bounds="[28,80][34,212]" displayed="true">
[debug] &amp#27;[35m[BaseDriver]&amp#27;[39m                             <android.widget.LinearLayout index="0" package="com.tencent.wework" class="android.widget.LinearLayout" text="" checkable="false" checked="false" clickable="false" enabled="true" focusable="false" focused="false" long-clickable="false" password="false" scrollable="false" selected="false" bounds="[28,144][34,147]" displayed="true">
[debug] &amp#27;[35m[BaseDriver]&amp#27;[39m                               <android.view.View index="0" package="com.tencent.wework" class="android.view.View" text="" resource-id="com.tencent.wework:id/lei" checkable="false" checked="false" clickable="false" enabled="true" focusable="false" focused="false" long-clickable="false" password="false" scrollable="false" selected="false" bounds="[28,144][34,147]" displayed="true" />
[debug] &amp#27;[35m[BaseDriver]&amp#27;[39m                             </android.widget.LinearLayout>
[debug] &amp#27;[35m[BaseDriver]&amp#27;[39m                           </android.widget.LinearLayout>
[debug] &amp#27;[35m[BaseDriver]&amp#27;[39m                         </android.widget.LinearLayout>
[debug] &amp#27;[35m[BaseDriver]&amp#27;[39m                       </android.widget.LinearLayout>
[debug] &amp#27;[35m[BaseDriver]&amp#27;[39m                       <android.widget.LinearLayout index="1" package="com.tencent.wework" class="android.widget.LinearLayout" text="" resource-id="com.tencent.wework:id/les" checkable="false" checked="false" clickable="false" enabled="true" focusable="false" focused="false" long-clickable="false" password="false" scrollable="false" selected="false" bounds="[457,80][623,212]" displayed="true">
[debug] &amp#27;[35m[BaseDriver]&amp#27;[39m                         <android.widget.LinearLayout index="0" package="com.tencent.wework" class="android.widget.LinearLayout" text="" resource-id="com.tencent.wework:id/hbb" checkable="false" checked="false" clickable="false" enabled="true" focusable="false" focused="false" long-clickable="false" password="false" scrollable="false" selected="false" bounds="[457,80][623,212]" displayed="true">
[debug] &amp#27;[35m[BaseDriver]&amp#27;[39m                           <android.widget.LinearLayout index="0" package="com.tencent.wework" class="android.widget.LinearLayout" text="" checkable="false" checked="false" clickable="false" enabled="true" focusable="false" focused="false" long-clickable="false" password="false" scrollable="false" selected="false" bounds="[457,114][623,178]" displayed="true">
[debug] &amp#27;[35m[BaseDriver]&amp#27;[39m                             <android.widget.TextView index="0" package="com.tencent.wework" class="android.widget.TextView" text="TesterU" resource-id="com.tencent.wework:id/len" checkable="false" checked="false" clickable="true" enabled="true" focusable="true" focused="false" long-clickable="false" password="false" scrollable="false" selected="false" bounds="[457,114][623,178]" displayed="true" />
[debug] &amp#27;[35m[BaseDriver]&amp#27;[39m                           </android.widget.LinearLayout>
[debug] &amp#27;[35m[BaseDriver]&amp#27;[39m                         </android.widget.LinearLayout>
[debug] &amp#27;[35m[BaseDriver]&amp#27;[39m                       </android.widget.LinearLayout>
[debug] &amp#27;[35m[BaseDriver]&amp#27;[39m                       <android.widget.LinearLayout index="2" package="com.tencent.wework" class="android.widget.LinearLayout" text="" resource-id="com.tencent.wework:id/lff" checkable="false" checked="false" clickable="false" enabled="true" focusable="false" focused="false" long-clickable="false" password="false" scrollable="false" selected="false" bounds="[816,80][1080,212]" displayed="true">
[debug] &amp#27;[35m[BaseDriver]&amp#27;[39m                         <android.widget.RelativeLayout index="0" package="com.tencent.wework" class="android.widget.RelativeLayout" text="" checkable="false" checked="false" clickable="false" enabled="true" focusable="false" focused="false" long-clickable="false" password="false" scrollable="false" selected="false" bounds="[816,80][948,212]" displayed="true">
[debug] &amp#27;[35m[BaseDriver]&amp#27;[39m                           <android.widget.TextView index="0" package="com.tencent.wework" class="android.widget.TextView" text="" resource-id="com.tencent.wework:id/lf_" checkable="false" checked="false" clickable="true" enabled="true" focusable="true" focused="false" long-clickable="false" password="false" scrollable="false" selected="false" bounds="[816,80][948,212]" displayed="true" />
[debug] &amp#27;[35m[BaseDriver]&amp#27;[39m                         </android.widget.RelativeLayout>
[debug] &amp#27;[35m[BaseDriver]&amp#27;[39m                         <android.widget.RelativeLayout index="1" package="com.tencent.wework" class="android.widget.RelativeLayout" text="" checkable="false" checked="false" clickable="false" enabled="true" focusable="false" focused="false" long-clickable="false" password="false" scrollable="false" selected="false" bounds="[948,80][1080,212]" displayed="true">
[debug] &amp#27;[35m[BaseDriver]&amp#27;[39m                           <android.widget.TextView index="0" package="com.tencent.wework" class="android.widget.TextView" text="" resource-id="com.tencent.wework:id/lf5" checkable="false" checked="false" clickable="true" enabled="true" focusable="true" focused="false" long-clickable="false" password="false" scrollable="false" selected="false" bounds="[948,80][1080,212]" displayed="true" />
[debug] &amp#27;[35m[BaseDriver]&amp#27;[39m                         </android.widget.RelativeLayout>
[debug] &amp#27;[35m[BaseDriver]&amp#27;[39m                       </android.widget.LinearLayout>
[debug] &amp#27;[35m[BaseDriver]&amp#27;[39m                     </android.widget.RelativeLayout>
[debug] &amp#27;[35m[BaseDriver]&amp#27;[39m                     <android.widget.RelativeLayout index="1" package="com.tencent.wework" class="android.widget.RelativeLayout" text="" checkable="false" checked="false" clickable="false" enabled="true" focusable="false" focused="false" long-clickable="false" password="false" scrollable="false" selected="false" bounds="[0,212][1080,2201]" displayed="true">
[debug] &amp#27;[35m[BaseDriver]&amp#27;[39m                       <androidx.recyclerview.widget.RecyclerView index="0" package="com.tencent.wework" class="androidx.recyclerview.widget.RecyclerView" text="" resource-id="com.tencent.wework:id/j0y" checkable="false" checked="false" clickable="false" enabled="true" focusable="true" focused="false" long-clickable="false" password="false" scrollable="false" selected="false" bounds="[0,212][1080,2201]" displayed="true">
[debug] &amp#27;[35m[BaseDriver]&amp#27;[39m                         <android.view.ViewGroup index="0" package="com.tencent.wework" class="android.view.ViewGroup" text="" resource-id="com.tencent.wework:id/jeo" checkable="false" checked="false" clickable="true" enabled="true" focusable="true" focused="false" long-clickable="false" password="false" scrollable="false" selected="false" bounds="[0,212][1080,310]" displayed="true">
[debug] &amp#27;[35m[BaseDriver]&amp#27;[39m                           <android.widget.ImageView index="0" package="com.tencent.wework" class="android.widget.ImageView" text="" resource-id="com.tencent.wework:id/ibe" checkable="false" checked="false" clickable="false" enabled="true" focusable="false" focused="false" long-clickable="false" password="false" scrollable="false" selected="false" bounds="[44,212][143,288]" displayed="true" />
[debug] &amp#27;[35m[BaseDriver]&amp#27;[39m                           <android.view.ViewGroup index="1" package="com.tencent.wework" class="android.view.ViewGroup" text="" resource-id="com.tencent.wework:id/gl6" checkable="false" checked="false" clickable="false" enabled="true" focusable="false" focused="false" long-clickable="false" password="false" scrollable="false" selected="false" bounds="[176,212][1047,268]" displayed="true">
[debug] &amp#27;[35m[BaseDriver]&amp#27;[39m                             <android.widget.LinearLayout index="0" package="com.tencent.wework" class="android.widget.LinearLayout" text="" resource-id="com.tencent.wework:id/glm" checkable="false" checked="false" clickable="false" enabled="true" focusable="false" focused="false" long-clickable="false" password="false" scrollable="false" selected="false" bounds="[176,212][308,268]" displayed="true">
[debug] &amp#27;[35m[BaseDriver]&amp#27;[39m                               <android.widget.TextView index="0" package="com.tencent.wework" class="android.widget.TextView" text="周天磊" resource-id="com.tencent.wework:id/g12" checkable="false" checked="false" clickable="false" enabled="true" focusable="false" focused="false" long-clickable="false" password="false" scrollable="false" selected="false" bounds="[176,212][308,268]" displayed="true" />
[debug] &amp#27;[35m[BaseDriver]&amp#27;[39m                             </android.widget.LinearLayout>
[debug] &amp#27;[35m[BaseDriver]&amp#27;[39m                             <android.widget.ImageView index="1" package="com.tencent.wework" class="android.widget.ImageView" text="" resource-id="com.tencent.wework:id/g13" checkable="false" checked="false" clickable="false" enabled="true" focusable="false" focused="false" long-clickable="false" password="false" scrollable="false" selected="false" bounds="[319,239][320,240]" displayed="true" />
[debug] &amp#27;[35m[BaseDriver]&amp#27;[39m                           </android.view.ViewGroup>
[debug] &amp#27;[35m[BaseDriver]&amp#27;[39m                         </android.view.ViewGroup>
[debug] &amp#27;[35m[BaseDriver]&amp#27;[39m                         <android.view.ViewGroup index="1" package="com.tencent.wework" class="android.view.ViewGroup" text="" resource-id="com.tencent.wework:id/jeo" checkable="false" checked="false" clickable="true" enabled="true" focusable="true" focused="false" long-clickable="false" password="false" scrollable="false" selected="false" bounds="[0,311][1080,454]" displayed="true">
[debug] &amp#27;[35m[BaseDriver]&amp#27;[39m                           <android.widget.ImageView index="0" package="com.tencent.wework" class="android.widget.ImageView" text="" resource-id="com.tencent.wework:id/ibe" checkable="false" checked="false" clickable="false" enabled="true" focusable="false" focused="false" long-clickable="false" password="false" scrollable="false" selected="false" bounds="[44,333][143,432]" displayed="true" />
[debug] &amp#27;[35m[BaseDriver]&amp#27;[39m                           <android.view.ViewGroup index="1" package="com.tencent.wework" class="android.view.ViewGroup" text="" resource-id="com.tencent.wework:id/gl6" checkable="false" checked="false" clickable="false" enabled="true" focusable="false" focused="false" long-clickable="false" password="false" scrollable="false" selected="false" bounds="[176,354][1047,412]" displayed="true">
[debug] &amp#27;[35m[BaseDriver]&amp#27;[39m                             <android.widget.LinearLayout index="0" package="com.tencent.wework" class="android.widget.LinearLayout" text="" resource-id="com.tencent.wework:id/glm" checkable="false" checked="false" clickable="false" enabled="true" focusable="false" focused="false" long-clickable="false" password="false" scrollable="false" selected="false" bounds="[176,354][308,412]" displayed="true">
[debug] &amp#27;[35m[BaseDriver]&amp#27;[39m                               <android.widget.TextView index="0" package="com.tencent.wework" class="android.widget.TextView" text="金思远" resource-id="com.tencent.wework:id/g12" checkable="false" checked="false" clickable="false" enabled="true" focusable="false" focused="false" long-clickable="false" password="false" scrollable="false" selected="false" bounds="[176,354][308,412]" displayed="true" />
[debug] &amp#27;[35m[BaseDriver]&amp#27;[39m                             </android.widget.LinearLayout>
[debug] &amp#27;[35m[BaseDriver]&amp#27;[39m                             <android.widget.ImageView index="1" package="com.tencent.wework" class="android.widget.ImageView" text="" resource-id="com.tencent.wework:id/g13" checkable="false" checked="false" clickable="false" enabled="true" focusable="false" focused="false" long-clickable="false" password="false" scrollable="false" selected="false" bounds="[319,383][320,384]" displayed="true" />
[debug] &amp#27;[35m[BaseDriver]&amp#27;[39m                           </android.view.ViewGroup>
[debug] &amp#27;[35m[BaseDriver]&amp#27;[39m                         </android.view.ViewGroup>
[debug] &amp#27;[35m[BaseDriver]&amp#27;[39m                         <android.view.ViewGroup index="2" package="com.tencent.wework" class="android.view.ViewGroup" text="" resource-id="com.tencent.wework:id/jeo" checkable="false" checked="false" clickable="true" enabled="true" focusable="true" focused="false" long-clickable="false" password="false" scrollable="false" selected="false" bounds="[0,455][1080,598]" displayed="true">
[debug] &amp#27;[35m[BaseDriver]&amp#27;[39m                           <android.widget.ImageView index="0" package="com.tencent.wework" class="android.widget.ImageView" text="" resource-id="com.tencent.wework:id/ibe" checkable="false" checked="false" clickable="false" enabled="true" focusable="false" focused="false" long-clickable="false" password="false" scrollable="false" selected="false" bounds="[44,477][143,576]" displayed="true" />
[debug] &amp#27;[35m[BaseDriver]&amp#27;[39m                           <android.view.ViewGroup index="1" package="com.tencent.wework" class="android.view.ViewGroup" text="" resource-id="com.tencent.wework:id/gl6" checkable="false" checked="false" clickable="false" enabled="true" focusable="false" focused="false" long-clickable="false" password="false" scrollable="false" selected="false" bounds="[176,498][1047,556]" displayed="true">
[debug] &amp#27;[35m[BaseDriver]&amp#27;[39m                             <android.widget.LinearLayout index="0" package="com.tencent.wework" class="android.widget.LinearLayout" text="" resource-id="com.tencent.wework:id/glm" checkable="false" checked="false" clickable="false" enabled="true" focusable="false" focused="false" long-clickable="false" password="false" scrollable="false" selected="false" bounds="[176,498][308,556]" displayed="true">
[debug] &amp#27;[35m[BaseDriver]&amp#27;[39m                               <android.widget.TextView index="0" package="com.tencent.wework" class="android.widget.TextView" text="曹浩宇" resource-id="com.tencent.wework:id/g12" checkable="false" checked="false" clickable="false" enabled="true" focusable="false" focused="false" long-clickable="false" password="false" scrollable="false" selected="false" bounds="[176,498][308,556]" displayed="true" />
[debug] &amp#27;[35m[BaseDriver]&amp#27;[39m                             </android.widget.LinearLayout>
[debug] &amp#27;[35m[BaseDriver]&amp#27;[39m                             <android.widget.ImageView index="1" package="com.tencent.wework" class="android.widget.ImageView" text="" resource-id="com.tencent.wework:id/g13" checkable="false" checked="false" clickable="false" enabled="true" focusable="false" focused="false" long-clickable="false" password="false" scrollable="false" selected="false" bounds="[319,527][320,528]" displayed="true" />
[debug] &amp#27;[35m[BaseDriver]&amp#27;[39m                           </android.view.ViewGroup>
[debug] &amp#27;[35m[BaseDriver]&amp#27;[39m                         </android.view.ViewGroup>
[debug] &amp#27;[35m[BaseDriver]&amp#27;[39m                         <android.view.ViewGroup index="3" package="com.tencent.wework" class="android.view.ViewGroup" text="" resource-id="com.tencent.wework:id/jeo" checkable="false" checked="false" clickable="true" enabled="true" focusable="true" focused="false" long-clickable="false" password="false" scrollable="false" selected="false" bounds="[0,599][1080,742]" displayed="true">
[debug] &amp#27;[35m[BaseDriver]&amp#27;[39m                           <android.widget.ImageView index="0" package="com.tencent.wework" class="android.widget.ImageView" text="" resource-id="com.tencent.wework:id/ibe" checkable="false" checked="false" clickable="false" enabled="true" focusable="false" focused="false" long-clickable="false" password="false" scrollable="false" selected="false" bounds="[44,621][143,720]" displayed="true" />
[debug] &amp#27;[35m[BaseDriver]&amp#27;[39m                           <android.view.ViewGroup index="1" package="com.tencent.wework" class="android.view.ViewGroup" text="" resource-id="com.tencent.wework:id/gl6" checkable="false" checked="false" clickable="false" enabled="true" focusable="false" focused="false" long-clickable="false" password="false" scrollable="false" selected="false" bounds="[176,642][1047,700]" displayed="true">
[debug] &amp#27;[35m[BaseDriver]&amp#27;[39m                             <android.widget.LinearLayout index="0" package="com.tencent.wework" class="android.widget.LinearLayout" text="" resource-id="com.tencent.wework:id/glm" checkable="false" checked="false" clickable="false" enabled="true" focusable="false" focused="false" long-clickable="false" password="false" scrollable="false" selected="false" bounds="[176,642][308,700]" displayed="true">
[debug] &amp#27;[35m[BaseDriver]&amp#27;[39m                               <android.widget.TextView index="0" package="com.tencent.wework" class="android.widget.TextView" text="彭凯瑞" resource-id="com.tencent.wework:id/g12" checkable="false" checked="false" clickable="false" enabled="true" focusable="false" focused="false" long-clickable="false" password="false" scrollable="false" selected="false" bounds="[176,642][308,700]" displayed="true" />
[debug] &amp#27;[35m[BaseDriver]&amp#27;[39m                             </android.widget.LinearLayout>
[debug] &amp#27;[35m[BaseDriver]&amp#27;[39m                             <android.widget.ImageView index="1" package="com.tencent.wework" class="android.widget.ImageView" text="" resource-id="com.tencent.wework:id/g13" checkable="false" checked="false" clickable="false" enabled="true" focusable="false" focused="false" long-clickable="false" password="false" scrollable="false" selected="false" bounds="[319,671][320,672]" displayed="true" />
[debug] &amp#27;[35m[BaseDriver]&amp#27;[39m                           </android.view.ViewGroup>
[debug] &amp#27;[35m[BaseDriver]&amp#27;[39m                         </android.view.ViewGroup>
[debug] &amp#27;[35m[BaseDriver]&amp#27;[39m                         <android.view.ViewGroup index="4" package="com.tencent.wework" class="android.view.ViewGroup" text="" resource-id="com.tencent.wework:id/jeo" checkable="false" checked="false" clickable="true" enabled="true" focusable="true" focused="false" long-clickable="false" password="false" scrollable="false" selected="false" bounds="[0,743][1080,886]" displayed="true">
[debug] &amp#27;[35m[BaseDriver]&amp#27;[39m                           <android.widget.ImageView index="0" package="com.tencent.wework" class="android.widget.ImageView" text="" resource-id="com.tencent.wework:id/ibe" checkable="false" checked="false" clickable="false" enabled="true" focusable="false" focused="false" long-clickable="false" password="false" scrollable="false" selected="false" bounds="[44,765][143,864]" displayed="true" />
[debug] &amp#27;[35m[BaseDriver]&amp#27;[39m                           <android.view.ViewGroup index="1" package="com.tencent.wework" class="android.view.ViewGroup" text="" resource-id="com.tencent.wework:id/gl6" checkable="false" checked="false" clickable="false" enabled="true" focusable="false" focused="false" long-clickable="false" password="false" scrollable="false" selected="false" bounds="[176,786][1047,844]" displayed="true">
[debug] &amp#27;[35m[BaseDriver]&amp#27;[39m                             <android.widget.LinearLayout index="0" package="com.tencent.wework" class="android.widget.LinearLayout" text="" resource-id="com.tencent.wework:id/glm" checkable="false" checked="false" clickable="false" enabled="true" focusable="false" focused="false" long-clickable="false" password="false" scrollable="false" selected="false" bounds="[176,786][308,844]" displayed="true">
[debug] &amp#27;[35m[BaseDriver]&amp#27;[39m                               <android.widget.TextView index="0" package="com.tencent.wework" class="android.widget.TextView" text="孔越彬" resource-id="com.tencent.wework:id/g12" checkable="false" checked="false" clickable="false" enabled="true" focusable="false" focused="false" long-clickable="false" password="false" scrollable="false" selected="false" bounds="[176,786][308,844]" displayed="true" />
[debug] &amp#27;[35m[BaseDriver]&amp#27;[39m                             </android.widget.LinearLayout>
[debug] &amp#27;[35m[BaseDriver]&amp#27;[39m                             <android.widget.ImageView index="1" package="com.tencent.wework" class="android.widget.ImageView" text="" resource-id="com.tencent.wework:id/g13" checkable="false" checked="false" clickable="false" enabled="true" focusable="false" focused="false" long-clickable="false" password="false" scrollable="false" selected="false" bounds="[319,815][320,816]" displayed="true" />
[debug] &amp#27;[35m[BaseDriver]&amp#27;[39m                           </android.view.ViewGroup>
[debug] &amp#27;[35m[BaseDriver]&amp#27;[39m                         </android.view.ViewGroup>
[debug] &amp#27;[35m[BaseDriver]&amp#27;[39m                         <android.view.ViewGroup index="5" package="com.tencent.wework" class="android.view.ViewGroup" text="" resource-id="com.tencent.wework:id/jeo" checkable="false" checked="false" clickable="true" enabled="true" focusable="true" focused="false" long-clickable="false" password="false" scrollable="false" selected="false" bounds="[0,887][1080,1030]" displayed="true">
[debug] &amp#27;[35m[BaseDriver]&amp#27;[39m                           <android.widget.ImageView index="0" package="com.tencent.wework" class="android.widget.ImageView" text="" resource-id="com.tencent.wework:id/ibe" checkable="false" checked="false" clickable="false" enabled="true" focusable="false" focused="false" long-clickable="false" password="false" scrollable="false" selected="false" bounds="[44,909][143,1008]" displayed="true" />
[debug] &amp#27;[35m[BaseDriver]&amp#27;[39m                           <android.view.ViewGroup index="1" package="com.tencent.wework" class="android.view.ViewGroup" text="" resource-id="com.tencent.wework:id/gl6" checkable="false" checked="false" clickable="false" enabled="true" focusable="false" focused="false" long-clickable="false" password="false" scrollable="false" selected="false" bounds="[176,930][1047,988]" displayed="true">
[debug] &amp#27;[35m[BaseDriver]&amp#27;[39m                             <android.widget.LinearLayout index="0" package="com.tencent.wework" class="android.widget.LinearLayout" text="" resource-id="com.tencent.wework:id/glm" checkable="false" checked="false" clickable="false" enabled="true" focusable="false" focused="false" long-clickable="false" password="false" scrollable="false" selected="false" bounds="[176,930][308,988]" displayed="true">
[debug] &amp#27;[35m[BaseDriver]&amp#27;[39m                               <android.widget.TextView index="0" package="com.tencent.wework" class="android.widget.TextView" text="秦擎苍" resource-id="com.tencent.wework:id/g12" checkable="false" checked="false" clickable="false" enabled="true" focusable="false" focused="false" long-clickable="false" password="false" scrollable="false" selected="false" bounds="[176,930][308,988]" displayed="true" />
[debug] &amp#27;[35m[BaseDriver]&amp#27;[39m                             </android.widget.LinearLayout>
[debug] &amp#27;[35m[BaseDriver]&amp#27;[39m                             <android.widget.ImageView index="1" package="com.tencent.wework" class="android.widget.ImageView" text="" resource-id="com.tencent.wework:id/g13" checkable="false" checked="false" clickable="false" enabled="true" focusable="false" focused="false" long-clickable="false" password="false" scrollable="false" selected="false" bounds="[319,959][320,960]" displayed="true" />
[debug] &amp#27;[35m[BaseDriver]&amp#27;[39m                           </android.view.ViewGroup>
[debug] &amp#27;[35m[BaseDriver]&amp#27;[39m                         </android.view.ViewGroup>
[debug] &amp#27;[35m[BaseDriver]&amp#27;[39m                         <android.view.ViewGroup index="6" package="com.tencent.wework" class="android.view.ViewGroup" text="" resource-id="com.tencent.wework:id/jeo" checkable="false" checked="false" clickable="true" enabled="true" focusable="true" focused="false" long-clickable="false" password="false" scrollable="false" selected="false" bounds="[0,1031][1080,1174]" displayed="true">
[debug] &amp#27;[35m[BaseDriver]&amp#27;[39m                           <android.widget.ImageView index="0" package="com.tencent.wework" class="android.widget.ImageView" text="" resource-id="com.tencent.wework:id/ibe" checkable="false" checked="false" clickable="false" enabled="true" focusable="false" focused="false" long-clickable="false" password="false" scrollable="false" selected="false" bounds="[44,1053][143,1152]" displayed="true" />
[debug] &amp#27;[35m[BaseDriver]&amp#27;[39m                           <android.view.ViewGroup index="1" package="com.tencent.wework" class="android.view.ViewGroup" text="" resource-id="com.tencent.wework:id/gl6" checkable="false" checked="false" clickable="false" enabled="true" focusable="false" focused="false" long-clickable="false" password="false" scrollable="false" selected="false" bounds="[176,1074][1047,1132]" displayed="true">
[debug] &amp#27;[35m[BaseDriver]&amp#27;[39m                             <android.widget.LinearLayout index="0" package="com.tencent.wework" class="android.widget.LinearLayout" text="" resource-id="com.tencent.wework:id/glm" checkable="false" checked="false" clickable="false" enabled="true" focusable="false" focused="false" long-clickable="false" password="false" scrollable="false" selected="false" bounds="[176,1074][308,1132]" displayed="true">
[debug] &amp#27;[35m[BaseDriver]&amp#27;[39m                               <android.widget.TextView index="0" package="com.tencent.wework" class="android.widget.TextView" text="韦鸿煊" resource-id="com.tencent.wework:id/g12" checkable="false" checked="false" clickable="false" enabled="true" focusable="false" focused="false" long-clickable="false" password="false" scrollable="false" selected="false" bounds="[176,1074][308,1132]" displayed="true" />
[debug] &amp#27;[35m[BaseDriver]&amp#27;[39m                             </android.widget.LinearLayout>
[debug] &amp#27;[35m[BaseDriver]&amp#27;[39m                             <android.widget.ImageView index="1" package="com.tencent.wework" class="android.widget.ImageView" text="" resource-id="com.tencent.wework:id/g13" checkable="false" checked="false" clickable="false" enabled="true" focusable="false" focused="false" long-clickable="false" password="false" scrollable="false" selected="false" bounds="[319,1103][320,1104]" displayed="true" />
[debug] &amp#27;[35m[BaseDriver]&amp#27;[39m                           </android.view.ViewGroup>
[debug] &amp#27;[35m[BaseDriver]&amp#27;[39m                         </android.view.ViewGroup>
[debug] &amp#27;[35m[BaseDriver]&amp#27;[39m                         <android.view.ViewGroup index="7" package="com.tencent.wework" class="android.view.ViewGroup" text="" resource-id="com.tencent.wework:id/jeo" checkable="false" checked="false" clickable="true" enabled="true" focusable="true" focused="false" long-clickable="false" password="false" scrollable="false" selected="false" bounds="[0,1175][1080,1318]" displayed="true">
[debug] &amp#27;[35m[BaseDriver]&amp#27;[39m                           <android.widget.ImageView index="0" package="com.tencent.wework" class="android.widget.ImageView" text="" resource-id="com.tencent.wework:id/ibe" checkable="false" checked="false" clickable="false" enabled="true" focusable="false" focused="false" long-clickable="false" password="false" scrollable="false" selected="false" bounds="[44,1197][143,1296]" displayed="true" />
[debug] &amp#27;[35m[BaseDriver]&amp#27;[39m                           <android.view.ViewGroup index="1" package="com.tencent.wework" class="android.view.ViewGroup" text="" resource-id="com.tencent.wework:id/gl6" checkable="false" checked="false" clickable="false" enabled="true" focusable="false" focused="false" long-clickable="false" password="false" scrollable="false" selected="false" bounds="[176,1218][1047,1276]" displayed="true">
[debug] &amp#27;[35m[BaseDriver]&amp#27;[39m                             <android.widget.LinearLayout index="0" package="com.tencent.wework" class="android.widget.LinearLayout" text="" resource-id="com.tencent.wework:id/glm" checkable="false" checked="false" clickable="false" enabled="true" focusable="false" focused="false" long-clickable="false" password="false" scrollable="false" selected="false" bounds="[176,1218][308,1276]" displayed="true">
[debug] &amp#27;[35m[BaseDriver]&amp#27;[39m                               <android.widget.TextView index="0" package="com.tencent.wework" class="android.widget.TextView" text="雷烨磊" resource-id="com.tencent.wework:id/g12" checkable="false" checked="false" clickable="false" enabled="true" focusable="false" focused="false" long-clickable="false" password="false" scrollable="false" selected="false" bounds="[176,1218][308,1276]" displayed="true" />
[debug] &amp#27;[35m[BaseDriver]&amp#27;[39m                             </android.widget.LinearLayout>
[debug] &amp#27;[35m[BaseDriver]&amp#27;[39m                             <android.widget.ImageView index="1" package="com.tencent.wework" class="android.widget.ImageView" text="" resource-id="com.tencent.wework:id/g13" checkable="false" checked="false" clickable="false" enabled="true" focusable="false" focused="false" long-clickable="false" password="false" scrollable="false" selected="false" bounds="[319,1247][320,1248]" displayed="true" />
[debug] &amp#27;[35m[BaseDriver]&amp#27;[39m                           </android.view.ViewGroup>
[debug] &amp#27;[35m[BaseDriver]&amp#27;[39m                         </android.view.ViewGroup>
[debug] &amp#27;[35m[BaseDriver]&amp#27;[39m                         <android.view.ViewGroup index="8" package="com.tencent.wework" class="android.view.ViewGroup" text="" resource-id="com.tencent.wework:id/jeo" checkable="false" checked="false" clickable="true" enabled="true" focusable="true" focused="false" long-clickable="false" password="false" scrollable="false" selected="false" bounds="[0,1319][1080,1462]" displayed="true">
[debug] &amp#27;[35m[BaseDriver]&amp#27;[39m                           <android.widget.ImageView index="0" package="com.tencent.wework" class="android.widget.ImageView" text="" resource-id="com.tencent.wework:id/ibe" checkable="false" checked="false" clickable="false" enabled="true" focusable="false" focused="false" long-clickable="false" password="false" scrollable="false" selected="false" bounds="[44,1341][143,1440]" displayed="true" />
[debug] &amp#27;[35m[BaseDriver]&amp#27;[39m                           <android.view.ViewGroup index="1" package="com.tencent.wework" class="android.view.ViewGroup" text="" resource-id="com.tencent.wework:id/gl6" checkable="false" checked="false" clickable="false" enabled="true" focusable="false" focused="false" long-clickable="false" password="false" scrollable="false" selected="false" bounds="[176,1362][1047,1420]" displayed="true">
[debug] &amp#27;[35m[BaseDriver]&amp#27;[39m                             <android.widget.LinearLayout index="0" package="com.tencent.wework" class="android.widget.LinearLayout" text="" resource-id="com.tencent.wework:id/glm" checkable="false" checked="false" clickable="false" enabled="true" focusable="false" focused="false" long-clickable="false" password="false" scrollable="false" selected="false" bounds="[176,1362][308,1420]" displayed="true">
[debug] &amp#27;[35m[BaseDriver]&amp#27;[39m                               <android.widget.TextView index="0" package="com.tencent.wework" class="android.widget.TextView" text="江昊焱" resource-id="com.tencent.wework:id/g12" checkable="false" checked="false" clickable="false" enabled="true" focusable="false" focused="false" long-clickable="false" password="false" scrollable="false" selected="false" bounds="[176,1362][308,1420]" displayed="true" />
[debug] &amp#27;[35m[BaseDriver]&amp#27;[39m                             </android.widget.LinearLayout>
[debug] &amp#27;[35m[BaseDriver]&amp#27;[39m                             <android.widget.ImageView index="1" package="com.tencent.wework" class="android.widget.ImageView" text="" resource-id="com.tencent.wework:id/g13" checkable="false" checked="false" clickable="false" enabled="true" focusable="false" focused="false" long-clickable="false" password="false" scrollable="false" selected="false" bounds="[319,1391][320,1392]" displayed="true" />
[debug] &amp#27;[35m[BaseDriver]&amp#27;[39m                           </android.view.ViewGroup>
[debug] &amp#27;[35m[BaseDriver]&amp#27;[39m                         </android.view.ViewGroup>
[debug] &amp#27;[35m[BaseDriver]&amp#27;[39m                         <android.view.ViewGroup index="9" package="com.tencent.wework" class="android.view.ViewGroup" text="" resource-id="com.tencent.wework:id/jeo" checkable="false" checked="false" clickable="true" enabled="true" focusable="true" focused="false" long-clickable="false" password="false" scrollable="false" selected="false" bounds="[0,1463][1080,1606]" displayed="true">
[debug] &amp#27;[35m[BaseDriver]&amp#27;[39m                           <android.widget.ImageView index="0" package="com.tencent.wework" class="android.widget.ImageView" text="" resource-id="com.tencent.wework:id/ibe" checkable="false" checked="false" clickable="false" enabled="true" focusable="false" focused="false" long-clickable="false" password="false" scrollable="false" selected="false" bounds="[44,1485][143,1584]" displayed="true" />
[debug] &amp#27;[35m[BaseDriver]&amp#27;[39m                           <android.view.ViewGroup index="1" package="com.tencent.wework" class="android.view.ViewGroup" text="" resource-id="com.tencent.wework:id/gl6" checkable="false" checked="false" clickable="false" enabled="true" focusable="false" focused="false" long-clickable="false" password="false" scrollable="false" selected="false" bounds="[176,1506][1047,1564]" displayed="true">
[debug] &amp#27;[35m[BaseDriver]&amp#27;[39m                             <android.widget.LinearLayout index="0" package="com.tencent.wework" class="android.widget.LinearLayout" text="" resource-id="com.tencent.wework:id/glm" checkable="false" checked="false" clickable="false" enabled="true" focusable="false" focused="false" long-clickable="false" password="false" scrollable="false" selected="false" bounds="[176,1506][264,1564]" displayed="true">
[debug] &amp#27;[35m[BaseDriver]&amp#27;[39m                               <android.widget.TextView index="0" package="com.tencent.wework" class="android.widget.TextView" text="程思" resource-id="com.tencent.wework:id/g12" checkable="false" checked="false" clickable="false" enabled="true" focusable="false" focused="false" long-clickable="false" password="false" scrollable="false" selected="false" bounds="[176,1506][264,1564]" displayed="true" />
[debug] &amp#27;[35m[BaseDriver]&amp#27;[39m                             </android.widget.LinearLayout>
[debug] &amp#27;[35m[BaseDriver]&amp#27;[39m                             <android.widget.ImageView index="1" package="com.tencent.wework" class="android.widget.ImageView" text="" resource-id="com.tencent.wework:id/g13" checkable="false" checked="false" clickable="false" enabled="true" focusable="false" focused="false" long-clickable="false" password="false" scrollable="false" selected="false" bounds="[275,1535][276,1536]" displayed="true" />
[debug] &amp#27;[35m[BaseDriver]&amp#27;[39m                           </android.view.ViewGroup>
[debug] &amp#27;[35m[BaseDriver]&amp#27;[39m                         </android.view.ViewGroup>
[debug] &amp#27;[35m[BaseDriver]&amp#27;[39m                         <android.view.ViewGroup index="10" package="com.tencent.wework" class="android.view.ViewGroup" text="" resource-id="com.tencent.wework:id/jeo" checkable="false" checked="false" clickable="true" enabled="true" focusable="true" focused="false" long-clickable="false" password="false" scrollable="false" selected="false" bounds="[0,1607][1080,1750]" displayed="true">
[debug] &amp#27;[35m[BaseDriver]&amp#27;[39m                           <android.widget.ImageView index="0" package="com.tencent.wework" class="android.widget.ImageView" text="" resource-id="com.tencent.wework:id/ibe" checkable="false" checked="false" clickable="false" enabled="true" focusable="false" focused="false" long-clickable="false" password="false" scrollable="false" selected="false" bounds="[44,1629][143,1728]" displayed="true" />
[debug] &amp#27;[35m[BaseDriver]&amp#27;[39m                           <android.view.ViewGroup index="1" package="com.tencent.wework" class="android.view.ViewGroup" text="" resource-id="com.tencent.wework:id/gl6" checkable="false" checked="false" clickable="false" enabled="true" focusable="false" focused="false" long-clickable="false" password="false" scrollable="false" selected="false" bounds="[176,1650][1047,1708]" displayed="true">
[debug] &amp#27;[35m[BaseDriver]&amp#27;[39m                             <android.widget.LinearLayout index="0" package="com.tencent.wework" class="android.widget.LinearLayout" text="" resource-id="com.tencent.wework:id/glm" checkable="false" checked="false" clickable="false" enabled="true" focusable="false" focused="false" long-clickable="false" password="false" scrollable="false" selected="false" bounds="[176,1650][308,1708]" displayed="true">
[debug] &amp#27;[35m[BaseDriver]&amp#27;[39m                               <android.widget.TextView index="0" package="com.tencent.wework" class="android.widget.TextView" text="吴健柏" resource-id="com.tencent.wework:id/g12" checkable="false" checked="false" clickable="false" enabled="true" focusable="false" focused="false" long-clickable="false" password="false" scrollable="false" selected="false" bounds="[176,1650][308,1708]" displayed="true" />
[debug] &amp#27;[35m[BaseDriver]&amp#27;[39m                             </android.widget.LinearLayout>
[debug] &amp#27;[35m[BaseDriver]&amp#27;[39m                             <android.widget.ImageView index="1" package="com.tencent.wework" class="android.widget.ImageView" text="" resource-id="com.tencent.wework:id/g13" checkable="false" checked="false" clickable="false" enabled="true" focusable="false" focused="false" long-clickable="false" password="false" scrollable="false" selected="false" bounds="[319,1679][320,1680]" displayed="true" />
[debug] &amp#27;[35m[BaseDriver]&amp#27;[39m                           </android.view.ViewGroup>
[debug] &amp#27;[35m[BaseDriver]&amp#27;[39m                         </android.view.ViewGroup>
[debug] &amp#27;[35m[BaseDriver]&amp#27;[39m                         <android.view.ViewGroup index="11" package="com.tencent.wework" class="android.view.ViewGroup" text="" resource-id="com.tencent.wework:id/jeo" checkable="false" checked="false" clickable="true" enabled="true" focusable="true" focused="false" long-clickable="false" password="false" scrollable="false" selected="false" bounds="[0,1751][1080,1894]" displayed="true">
[debug] &amp#27;[35m[BaseDriver]&amp#27;[39m                           <android.widget.ImageView index="0" package="com.tencent.wework" class="android.widget.ImageView" text="" resource-id="com.tencent.wework:id/ibe" checkable="false" checked="false" clickable="false" enabled="true" focusable="false" focused="false" long-clickable="false" password="false" scrollable="false" selected="false" bounds="[44,1773][143,1872]" displayed="true" />
[debug] &amp#27;[35m[BaseDriver]&amp#27;[39m                           <android.view.ViewGroup index="1" package="com.tencent.wework" class="android.view.ViewGroup" text="" resource-id="com.tencent.wework:id/gl6" checkable="false" checked="false" clickable="false" enabled="true" focusable="false" focused="false" long-clickable="false" password="false" scrollable="false" selected="false" bounds="[176,1794][1047,1852]" displayed="true">
[debug] &amp#27;[35m[BaseDriver]&amp#27;[39m                             <android.widget.LinearLayout index="0" package="com.tencent.wework" class="android.widget.LinearLayout" text="" resource-id="com.tencent.wework:id/glm" checkable="false" checked="false" clickable="false" enabled="true" focusable="false" focused="false" long-clickable="false" password="false" scrollable="false" selected="false" bounds="[176,1794][308,1852]" displayed="true">
[debug] &amp#27;[35m[BaseDriver]&amp#27;[39m                               <android.widget.TextView index="0" package="com.tencent.wework" class="android.widget.TextView" text="钟思源" resource-id="com.tencent.wework:id/g12" checkable="false" checked="false" clickable="false" enabled="true" focusable="false" focused="false" long-clickable="false" password="false" scrollable="false" selected="false" bounds="[176,1794][308,1852]" displayed="true" />
[debug] &amp#27;[35m[BaseDriver]&amp#27;[39m                             </android.widget.LinearLayout>
[debug] &amp#27;[35m[BaseDriver]&amp#27;[39m                             <android.widget.ImageView index="1" package="com.tencent.wework" class="android.widget.ImageView" text="" resource-id="com.tencent.wework:id/g13" checkable="false" checked="false" clickable="false" enabled="true" focusable="false" focused="false" long-clickable="false" password="false" scrollable="false" selected="false" bounds="[319,1823][320,1824]" displayed="true" />
[debug] &amp#27;[35m[BaseDriver]&amp#27;[39m                           </android.view.ViewGroup>
[debug] &amp#27;[35m[BaseDriver]&amp#27;[39m                         </android.view.ViewGroup>
[debug] &amp#27;[35m[BaseDriver]&amp#27;[39m                         <android.view.ViewGroup index="12" package="com.tencent.wework" class="android.view.ViewGroup" text="" resource-id="com.tencent.wework:id/jeo" checkable="false" checked="false" clickable="true" enabled="true" focusable="true" focused="false" long-clickable="false" password="false" scrollable="false" selected="false" bounds="[0,1895][1080,2038]" displayed="true">
[debug] &amp#27;[35m[BaseDriver]&amp#27;[39m                           <android.widget.ImageView index="0" package="com.tencent.wework" class="android.widget.ImageView" text="" resource-id="com.tencent.wework:id/ibe" checkable="false" checked="false" clickable="false" enabled="true" focusable="false" focused="false" long-clickable="false" password="false" scrollable="false" selected="false" bounds="[44,1917][143,2016]" displayed="true" />
[debug] &amp#27;[35m[BaseDriver]&amp#27;[39m                           <android.view.ViewGroup index="1" package="com.tencent.wework" class="android.view.ViewGroup" text="" resource-id="com.tencent.wework:id/gl6" checkable="false" checked="false" clickable="false" enabled="true" focusable="false" focused="false" long-clickable="false" password="false" scrollable="false" selected="false" bounds="[176,1938][1047,1996]" displayed="true">
[debug] &amp#27;[35m[BaseDriver]&amp#27;[39m                             <android.widget.LinearLayout index="0" package="com.tencent.wework" class="android.widget.LinearLayout" text="" resource-id="com.tencent.wework:id/glm" checkable="false" checked="false" clickable="false" enabled="true" focusable="false" focused="false" long-clickable="false" password="false" scrollable="false" selected="false" bounds="[176,1938][308,1996]" displayed="true">
[debug] &amp#27;[35m[BaseDriver]&amp#27;[39m                               <android.widget.TextView index="0" package="com.tencent.wework" class="android.widget.TextView" text="于绍辉" resource-id="com.tencent.wework:id/g12" checkable="false" checked="false" clickable="false" enabled="true" focusable="false" focused="false" long-clickable="false" password="false" scrollable="false" selected="false" bounds="[176,1938][308,1996]" displayed="true" />
[debug] &amp#27;[35m[BaseDriver]&amp#27;[39m                             </android.widget.LinearLayout>
[debug] &amp#27;[35m[BaseDriver]&amp#27;[39m                             <android.widget.ImageView index="1" package="com.tencent.wework" class="android.widget.ImageView" text="" resource-id="com.tencent.wework:id/g13" checkable="false" checked="false" clickable="false" enabled="true" focusable="false" focused="false" long-clickable="false" password="false" scrollable="false" selected="false" bounds="[319,1967][320,1968]" displayed="true" />
[debug] &amp#27;[35m[BaseDriver]&amp#27;[39m                           </android.view.ViewGroup>
[debug] &amp#27;[35m[BaseDriver]&amp#27;[39m                         </android.view.ViewGroup>
[debug] &amp#27;[35m[BaseDriver]&amp#27;[39m                         <android.view.ViewGroup index="13" package="com.tencent.wework" class="android.view.ViewGroup" text="" resource-id="com.tencent.wework:id/jeo" checkable="false" checked="false" clickable="true" enabled="true" focusable="true" focused="false" long-clickable="false" password="false" scrollable="false" selected="false" bounds="[0,2039][1080,2182]" displayed="true">
[debug] &amp#27;[35m[BaseDriver]&amp#27;[39m                           <android.widget.ImageView index="0" package="com.tencent.wework" class="android.widget.ImageView" text="" resource-id="com.tencent.wework:id/ibe" checkable="false" checked="false" clickable="false" enabled="true" focusable="false" focused="false" long-clickable="false" password="false" scrollable="false" selected="false" bounds="[44,2061][143,2160]" displayed="true" />
[debug] &amp#27;[35m[BaseDriver]&amp#27;[39m                           <android.view.ViewGroup index="1" package="com.tencent.wework" class="android.view.ViewGroup" text="" resource-id="com.tencent.wework:id/gl6" checkable="false" checked="false" clickable="false" enabled="true" focusable="false" focused="false" long-clickable="false" password="false" scrollable="false" selected="false" bounds="[176,2082][1047,2140]" displayed="true">
[debug] &amp#27;[35m[BaseDriver]&amp#27;[39m                             <android.widget.LinearLayout index="0" package="com.tencent.wework" class="android.widget.LinearLayout" text="" resource-id="com.tencent.wework:id/glm" checkable="false" checked="false" clickable="false" enabled="true" focusable="false" focused="false" long-clickable="false" password="false" scrollable="false" selected="false" bounds="[176,2082][308,2140]" displayed="true">
[debug] &amp#27;[35m[BaseDriver]&amp#27;[39m                               <android.widget.TextView index="0" package="com.tencent.wework" class="android.widget.TextView" text="梁越彬" resource-id="com.tencent.wework:id/g12" checkable="false" checked="false" clickable="false" enabled="true" focusable="false" focused="false" long-clickable="false" password="false" scrollable="false" selected="false" bounds="[176,2082][308,2140]" displayed="true" />
[debug] &amp#27;[35m[BaseDriver]&amp#27;[39m                             </android.widget.LinearLayout>
[debug] &amp#27;[35m[BaseDriver]&amp#27;[39m                             <android.widget.ImageView index="1" package="com.tencent.wework" class="android.widget.ImageView" text="" resource-id="com.tencent.wework:id/g13" checkable="false" checked="false" clickable="false" enabled="true" focusable="false" focused="false" long-clickable="false" password="false" scrollable="false" selected="false" bounds="[319,2111][320,2112]" displayed="true" />
[debug] &amp#27;[35m[BaseDriver]&amp#27;[39m                           </android.view.ViewGroup>
[debug] &amp#27;[35m[BaseDriver]&amp#27;[39m                         </android.view.ViewGroup>
[debug] &amp#27;[35m[BaseDriver]&amp#27;[39m                         <android.view.ViewGroup index="14" package="com.tencent.wework" class="android.view.ViewGroup" text="" checkable="false" checked="false" clickable="true" enabled="true" focusable="true" focused="false" long-clickable="false" password="false" scrollable="false" selected="false" bounds="[0,2183][1080,2201]" displayed="true" />
[debug] &amp#27;[35m[BaseDriver]&amp#27;[39m                       </androidx.recyclerview.widget.RecyclerView>
[debug] &amp#27;[35m[BaseDriver]&amp#27;[39m                       <android.widget.RelativeLayout index="1" package="com.tencent.wework" class="android.widget.RelativeLayout" text="" checkable="false" checked="false" clickable="false" enabled="true" focusable="false" focused="false" long-clickable="false" password="false" scrollable="false" selected="false" bounds="[0,212][1080,2201]" displayed="true" />
[debug] &amp#27;[35m[BaseDriver]&amp#27;[39m                     </android.widget.RelativeLayout>
[debug] &amp#27;[35m[BaseDriver]&amp#27;[39m                   </android.widget.LinearLayout>
[debug] &amp#27;[35m[BaseDriver]&amp#27;[39m                 </android.widget.FrameLayout>
[debug] &amp#27;[35m[BaseDriver]&amp#27;[39m                 <android.widget.LinearLayout index="2" package="com.tencent.wework" class="android.widget.LinearLayout" text="" resource-id="com.tencent.wework:id/gko" checkable="false" checked="false" clickable="false" enabled="true" focusable="false" focused="false" long-clickable="false" password="false" scrollable="false" selected="false" bounds="[0,2201][1080,2276]" displayed="true">
[debug] &amp#27;[35m[BaseDriver]&amp#27;[39m                   <android.view.View index="0" package="com.tencent.wework" class="android.view.View" text="" checkable="false" checked="false" clickable="false" enabled="true" focusable="false" focused="false" long-clickable="false" password="false" scrollable="false" selected="false" bounds="[0,2201][1080,2202]" displayed="true" />
[debug] &amp#27;[35m[BaseDriver]&amp#27;[39m                   <android.view.ViewGroup index="1" package="com.tencent.wework" class="android.view.ViewGroup" text="" resource-id="com.tencent.wework:id/kru" checkable="false" checked="false" clickable="false" enabled="true" focusable="false" focused="false" long-clickable="false" password="false" scrollable="false" selected="false" bounds="[0,2202][1080,2276]" displayed="true">
[debug] &amp#27;[35m[BaseDriver]&amp#27;[39m                     <android.widget.RelativeLayout index="0" package="com.tencent.wework" class="android.widget.RelativeLayout" text="" checkable="false" checked="false" clickable="true" enabled="true" focusable="true" focused="false" long-clickable="false" password="false" scrollable="false" selected="false" bounds="[0,2202][216,2276]" displayed="true">
[debug] &amp#27;[35m[BaseDriver]&amp#27;[39m                       <android.widget.RelativeLayout index="0" package="com.tencent.wework" class="android.widget.RelativeLayout" text="" checkable="false" checked="false" clickable="false" enabled="true" focusable="false" focused="false" long-clickable="false" password="false" scrollable="false" selected="false" bounds="[0,2202][216,2276]" displayed="true">
[debug] &amp#27;[35m[BaseDriver]&amp#27;[39m                         <android.widget.TextView index="0" package="com.tencent.wework" class="android.widget.TextView" text="消息" resource-id="com.tencent.wework:id/gks" checkable="false" checked="false" clickable="false" enabled="true" focusable="false" focused="false" long-clickable="false" password="false" scrollable="false" selected="false" bounds="[0,2225][216,2276]" displayed="true" />
[debug] &amp#27;[35m[BaseDriver]&amp#27;[39m                         <android.widget.TextView index="1" package="com.tencent.wework" class="android.widget.TextView" text="2" resource-id="com.tencent.wework:id/j2r" checkable="false" checked="false" clickable="false" enabled="true" focusable="false" focused="false" long-clickable="false" password="false" scrollable="false" selected="false" bounds="[127,2213][175,2261]" displayed="true" />
[debug] &amp#27;[35m[BaseDriver]&amp#27;[39m                       </android.widget.RelativeLayout>
[debug] &amp#27;[35m[BaseDriver]&amp#27;[39m                     </android.widget.RelativeLayout>
[debug] &amp#27;[35m[BaseDriver]&amp#27;[39m                     <android.widget.RelativeLayout index="1" package="com.tencent.wework" class="android.widget.RelativeLayout" text="" checkable="false" checked="false" clickable="true" enabled="true" focusable="true" focused="false" long-clickable="false" password="false" scrollable="false" selected="false" bounds="[216,2202][432,2276]" displayed="true">
[debug] &amp#27;[35m[BaseDriver]&amp#27;[39m                       <android.widget.RelativeLayout index="0" package="com.tencent.wework" class="android.widget.RelativeLayout" text="" checkable="false" checked="false" clickable="false" enabled="true" focusable="false" focused="false" long-clickable="false" password="false" scrollable="false" selected="false" bounds="[216,2202][432,2276]" displayed="true">
[debug] &amp#27;[35m[BaseDriver]&amp#27;[39m                         <android.widget.TextView index="0" package="com.tencent.wework" class="android.widget.TextView" text="邮件" resource-id="com.tencent.wework:id/gks" checkable="false" checked="false" clickable="false" enabled="true" focusable="false" focused="false" long-clickable="false" password="false" scrollable="false" selected="false" bounds="[216,2225][432,2276]" displayed="true" />
[debug] &amp#27;[35m[BaseDriver]&amp#27;[39m                       </android.widget.RelativeLayout>
[debug] &amp#27;[35m[BaseDriver]&amp#27;[39m                     </android.widget.RelativeLayout>
2023-05-28 09:16:46  &amp#27;[34m&amp#27;[0;39mINFO  &amp#27;[35m[main]&amp#27;[0;39m &amp#27;[33mtop.testeru.page.AppBasePage.upAndDown(AppBasePage.java:156)&amp#27;[0;39m -- 上下滑动
[debug] &amp#27;[35m[BaseDriver]&amp#27;[39m                     <android.widget.RelativeLayout index="2" package="com.tencent.wework" class="android.widget.RelativeLayout" text="" checkable="false" checked="false" clickable="true" enabled="true" focusable="true" focused="false" long-clickable="false" password="false" scrollable="false" selected="false" bounds="[432,2202][648,2276]" displayed="true">
[debug] &amp#27;[35m[BaseDriver]&amp#27;[39m                       <android.widget.RelativeLayout index="0" package="com.tencent.wework" class="android.widget.RelativeLayout" text="" checkable="false" checked="false" clickable="false" enabled="true" focusable="false" focused="false" long-clickable="false" password="false" scrollable="false" selected="false" bounds="[432,2202][648,2276]" displayed="true">
[debug] &amp#27;[35m[BaseDriver]&amp#27;[39m                         <android.widget.TextView index="0" package="com.tencent.wework" class="android.widget.TextView" text="文档" resource-id="com.tencent.wework:id/gks" checkable="false" checked="false" clickable="false" enabled="true" focusable="false" focused="false" long-clickable="false" password="false" scrollable="false" selected="false" bounds="[432,2225][648,2276]" displayed="true" />
[debug] &amp#27;[35m[BaseDriver]&amp#27;[39m                       </android.widget.RelativeLayout>
[debug] &amp#27;[35m[BaseDriver]&amp#27;[39m                     </android.widget.RelativeLayout>
[debug] &amp#27;[35m[BaseDriver]&amp#27;[39m                     <android.widget.RelativeLayout index="3" package="com.tencent.wework" class="android.widget.RelativeLayout" text="" checkable="false" checked="false" clickable="true" enabled="true" focusable="true" focused="false" long-clickable="false" password="false" scrollable="false" selected="false" bounds="[648,2202][864,2276]" displayed="true">
[debug] &amp#27;[35m[BaseDriver]&amp#27;[39m                       <android.widget.RelativeLayout index="0" package="com.tencent.wework" class="android.widget.RelativeLayout" text="" checkable="false" checked="false" clickable="false" enabled="true" focusable="false" focused="false" long-clickable="false" password="false" scrollable="false" selected="false" bounds="[648,2202][864,2276]" displayed="true">
[debug] &amp#27;[35m[BaseDriver]&amp#27;[39m                         <android.widget.TextView index="0" package="com.tencent.wework" class="android.widget.TextView" text="工作台" resource-id="com.tencent.wework:id/gks" checkable="false" checked="false" clickable="false" enabled="true" focusable="false" focused="false" long-clickable="false" password="false" scrollable="false" selected="false" bounds="[648,2225][864,2276]" displayed="true" />
[debug] &amp#27;[35m[BaseDriver]&amp#27;[39m                       </android.widget.RelativeLayout>
[debug] &amp#27;[35m[BaseDriver]&amp#27;[39m                     </android.widget.RelativeLayout>
[debug] &amp#27;[35m[BaseDriver]&amp#27;[39m                     <android.widget.RelativeLayout index="4" package="com.tencent.wework" class="android.widget.RelativeLayout" text="" checkable="false" checked="false" clickable="true" enabled="true" focusable="true" focused="false" long-clickable="false" password="false" scrollable="false" selected="false" bounds="[864,2202][1080,2276]" displayed="true">
[debug] &amp#27;[35m[BaseDriver]&amp#27;[39m                       <android.widget.RelativeLayout index="0" package="com.tencent.wework" class="android.widget.RelativeLayout" text="" checkable="false" checked="false" clickable="false" enabled="true" focusable="false" focused="false" long-clickable="false" password="false" scrollable="false" selected="false" bounds="[864,2202][1080,2276]" displayed="true">
[debug] &amp#27;[35m[BaseDriver]&amp#27;[39m                         <android.widget.TextView index="0" package="com.tencent.wework" class="android.widget.TextView" text="通讯录" resource-id="com.tencent.wework:id/gks" checkable="false" checked="false" clickable="false" enabled="true" focusable="false" focused="false" long-clickable="false" password="false" scrollable="false" selected="true" bounds="[864,2225][1080,2276]" displayed="true" />
[debug] &amp#27;[35m[BaseDriver]&amp#27;[39m                       </android.widget.RelativeLayout>
[debug] &amp#27;[35m[BaseDriver]&amp#27;[39m                     </android.widget.RelativeLayout>
[debug] &amp#27;[35m[BaseDriver]&amp#27;[39m                   </android.view.ViewGroup>
[debug] &amp#27;[35m[BaseDriver]&amp#27;[39m                 </android.widget.LinearLayout>
[debug] &amp#27;[35m[BaseDriver]&amp#27;[39m               </android.widget.RelativeLayout>
[debug] &amp#27;[35m[BaseDriver]&amp#27;[39m               <android.widget.FrameLayout index="1" package="com.tencent.wework" class="android.widget.FrameLayout" text="" resource-id="com.tencent.wework:id/hjs" checkable="false" checked="false" clickable="false" enabled="true" focusable="false" focused="false" long-clickable="false" password="false" scrollable="false" selected="false" bounds="[0,0][992,2276]" displayed="true" />
[debug] &amp#27;[35m[BaseDriver]&amp#27;[39m             </android.widget.FrameLayout>
[debug] &amp#27;[35m[BaseDriver]&amp#27;[39m           </android.widget.FrameLayout>
[debug] &amp#27;[35m[BaseDriver]&amp#27;[39m         </android.widget.LinearLayout>
[debug] &amp#27;[35m[BaseDriver]&amp#27;[39m       </android.widget.FrameLayout>
[debug] &amp#27;[35m[BaseDriver]&amp#27;[39m     </android.widget.LinearLayout>
[debug] &amp#27;[35m[BaseDriver]&amp#27;[39m   </android.widget.FrameLayout>
[debug] &amp#27;[35m[BaseDriver]&amp#27;[39m </hierarchy>
[debug] &amp#27;[35m[W3C (da2896bd)]&amp#27;[39m Encountered internal error running command: NoSuchElementError: An element could not be located on the page using the given search parameters.
[debug] &amp#27;[35m[W3C (da2896bd)]&amp#27;[39m     at AndroidUiautomator2Driver.findElOrEls (/opt/homebrew/lib/node_modules/appium/node_modules/appium-android-driver/lib/commands/find.js:75:11)
[debug] &amp#27;[35m[W3C (da2896bd)]&amp#27;[39m     at processTicksAndRejections (node:internal/process/task_queues:95:5)
[debug] &amp#27;[35m[W3C (da2896bd)]&amp#27;[39m     at AndroidUiautomator2Driver.findElOrElsWithProcessing (/opt/homebrew/lib/node_modules/appium/node_modules/appium-base-driver/lib/basedriver/commands/find.js:33:12)
[debug] &amp#27;[35m[W3C (da2896bd)]&amp#27;[39m     at AndroidUiautomator2Driver.findElement (/opt/homebrew/lib/node_modules/appium/node_modules/appium-base-driver/lib/basedriver/commands/find.js:53:10)
&amp#27;[35m[HTTP]&amp#27;[39m &amp#27;[37m<-- POST /wd/hub/session/da2896bd-438a-4f7f-9343-bd96e6f29722/element &amp#27;[39m&amp#27;[33m404&amp#27;[39m &amp#27;[90m20141 ms - 791&amp#27;[39m
&amp#27;[35m[HTTP]&amp#27;[39m &amp#27;[90m&amp#27;[39m
&amp#27;[35m[HTTP]&amp#27;[39m &amp#27;[37m-->&amp#27;[39m &amp#27;[37mGET&amp#27;[39m &amp#27;[37m/wd/hub/session/da2896bd-438a-4f7f-9343-bd96e6f29722/window/rect&amp#27;[39m
&amp#27;[35m[HTTP]&amp#27;[39m &amp#27;[90m{}&amp#27;[39m
[debug] &amp#27;[35m[W3C (da2896bd)]&amp#27;[39m Calling AppiumDriver.getWindowRect() with args: ["da2896bd-438a-4f7f-9343-bd96e6f29722"]
[debug] &amp#27;[35m[WD Proxy]&amp#27;[39m Matched '/window/current/size' to command name 'getWindowSize'
[debug] &amp#27;[35m[WD Proxy]&amp#27;[39m Proxying [GET /window/current/size] to [GET http://127.0.0.1:8200/wd/hub/session/2e74e7b9-85a6-478f-8ae2-621a49ed711a/window/current/size] with no body
[debug] &amp#27;[35m[WD Proxy]&amp#27;[39m Got response with status 200: {"sessionId":"2e74e7b9-85a6-478f-8ae2-621a49ed711a","value":{"height":2276,"width":1080}}
[debug] &amp#27;[35m[W3C (da2896bd)]&amp#27;[39m Responding to client with driver.getWindowRect() result: {"width":1080,"height":2276,"x":0,"y":0}
&amp#27;[35m[HTTP]&amp#27;[39m &amp#27;[37m<-- GET /wd/hub/session/da2896bd-438a-4f7f-9343-bd96e6f29722/window/rect &amp#27;[39m&amp#27;[32m200&amp#27;[39m &amp#27;[90m7 ms - 50&amp#27;[39m
&amp#27;[35m[HTTP]&amp#27;[39m &amp#27;[90m&amp#27;[39m
2023-05-28 09:16:46  &amp#27;[34m&amp#27;[0;39mINFO  &amp#27;[35m[main]&amp#27;[0;39m &amp#27;[33mtop.testeru.page.AppBasePage.upAndDown(AppBasePage.java:163)&amp#27;[0;39m -- 从(540, 1820)滑动到(540, 455)
&amp#27;[35m[HTTP]&amp#27;[39m &amp#27;[37m-->&amp#27;[39m &amp#27;[37mPOST&amp#27;[39m &amp#27;[37m/wd/hub/session/da2896bd-438a-4f7f-9343-bd96e6f29722/actions&amp#27;[39m
&amp#27;[35m[HTTP]&amp#27;[39m &amp#27;[90m{"actions":[{"id":"finger1","type":"pointer","parameters":{"pointerType":"touch"},"actions":[{"duration":0,"type":"pause"},{"duration":0,"x":540,"y":1820,"type":"pointerMove","origin":"viewport"},{"button":0,"type":"pointerDown"},{"duration":1000,"x":540,"y":455,"type":"pointerMove","origin":"viewport"},{"button":0,"type":"pointerUp"}]}]}&amp#27;[39m
[debug] &amp#27;[35m[W3C (da2896bd)]&amp#27;[39m Calling AppiumDriver.performActions() with args: [[{"id":"finger1","type":"pointer","parameters":{"pointerType":"touch"},"actions":[{"duration":0,"type":"pause"},{"duration":0,"x":540,"y":1820,"type":"pointerMove","origin":"viewport"},{"button":0,"type":"pointerDown"},{"duration":1000,"x":540,"y":455,"type":"pointerMove","origin":"viewport"},{"button":0,"type":"pointerUp"}]}],"da2896bd-438a-4f7f-9343-bd96e6f29722"]
[debug] &amp#27;[35m[UiAutomator2]&amp#27;[39m Received the following W3C actions: [
[debug] &amp#27;[35m[UiAutomator2]&amp#27;[39m   {
[debug] &amp#27;[35m[UiAutomator2]&amp#27;[39m     "id": "finger1",
[debug] &amp#27;[35m[UiAutomator2]&amp#27;[39m     "type": "pointer",
[debug] &amp#27;[35m[UiAutomator2]&amp#27;[39m     "parameters": {
[debug] &amp#27;[35m[UiAutomator2]&amp#27;[39m       "pointerType": "touch"
[debug] &amp#27;[35m[UiAutomator2]&amp#27;[39m     },
[debug] &amp#27;[35m[UiAutomator2]&amp#27;[39m     "actions": [
[debug] &amp#27;[35m[UiAutomator2]&amp#27;[39m       {
[debug] &amp#27;[35m[UiAutomator2]&amp#27;[39m         "duration": 0,
[debug] &amp#27;[35m[UiAutomator2]&amp#27;[39m         "type": "pause"
[debug] &amp#27;[35m[UiAutomator2]&amp#27;[39m       },
[debug] &amp#27;[35m[UiAutomator2]&amp#27;[39m       {
[debug] &amp#27;[35m[UiAutomator2]&amp#27;[39m         "duration": 0,
[debug] &amp#27;[35m[UiAutomator2]&amp#27;[39m         "x": 540,
[debug] &amp#27;[35m[UiAutomator2]&amp#27;[39m         "y": 1820,
[debug] &amp#27;[35m[UiAutomator2]&amp#27;[39m         "type": "pointerMove",
[debug] &amp#27;[35m[UiAutomator2]&amp#27;[39m         "origin": "viewport"
[debug] &amp#27;[35m[UiAutomator2]&amp#27;[39m       },
[debug] &amp#27;[35m[UiAutomator2]&amp#27;[39m       {
[debug] &amp#27;[35m[UiAutomator2]&amp#27;[39m         "button": 0,
[debug] &amp#27;[35m[UiAutomator2]&amp#27;[39m         "type": "pointerDown"
[debug] &amp#27;[35m[UiAutomator2]&amp#27;[39m       },
[debug] &amp#27;[35m[UiAutomator2]&amp#27;[39m       {
[debug] &amp#27;[35m[UiAutomator2]&amp#27;[39m         "duration": 1000,
[debug] &amp#27;[35m[UiAutomator2]&amp#27;[39m         "x": 540,
[debug] &amp#27;[35m[UiAutomator2]&amp#27;[39m         "y": 455,
[debug] &amp#27;[35m[UiAutomator2]&amp#27;[39m         "type": "pointerMove",
[debug] &amp#27;[35m[UiAutomator2]&amp#27;[39m         "origin": "viewport"
[debug] &amp#27;[35m[UiAutomator2]&amp#27;[39m       },
[debug] &amp#27;[35m[UiAutomator2]&amp#27;[39m       {
[debug] &amp#27;[35m[UiAutomator2]&amp#27;[39m         "button": 0,
[debug] &amp#27;[35m[UiAutomator2]&amp#27;[39m         "type": "pointerUp"
[debug] &amp#27;[35m[UiAutomator2]&amp#27;[39m       }
[debug] &amp#27;[35m[UiAutomator2]&amp#27;[39m     ]
[debug] &amp#27;[35m[UiAutomator2]&amp#27;[39m   }
[debug] &amp#27;[35m[UiAutomator2]&amp#27;[39m ]
[debug] &amp#27;[35m[UiAutomator2]&amp#27;[39m Preprocessed actions: [
[debug] &amp#27;[35m[UiAutomator2]&amp#27;[39m   {
[debug] &amp#27;[35m[UiAutomator2]&amp#27;[39m     "id": "finger1",
[debug] &amp#27;[35m[UiAutomator2]&amp#27;[39m     "type": "pointer",
[debug] &amp#27;[35m[UiAutomator2]&amp#27;[39m     "parameters": {
[debug] &amp#27;[35m[UiAutomator2]&amp#27;[39m       "pointerType": "touch"
[debug] &amp#27;[35m[UiAutomator2]&amp#27;[39m     },
[debug] &amp#27;[35m[UiAutomator2]&amp#27;[39m     "actions": [
[debug] &amp#27;[35m[UiAutomator2]&amp#27;[39m       {
[debug] &amp#27;[35m[UiAutomator2]&amp#27;[39m         "duration": 0,
[debug] &amp#27;[35m[UiAutomator2]&amp#27;[39m         "type": "pause"
[debug] &amp#27;[35m[UiAutomator2]&amp#27;[39m       },
[debug] &amp#27;[35m[UiAutomator2]&amp#27;[39m       {
[debug] &amp#27;[35m[UiAutomator2]&amp#27;[39m         "duration": 0,
[debug] &amp#27;[35m[UiAutomator2]&amp#27;[39m         "x": 540,
[debug] &amp#27;[35m[UiAutomator2]&amp#27;[39m         "y": 1820,
[debug] &amp#27;[35m[UiAutomator2]&amp#27;[39m         "type": "pointerMove",
[debug] &amp#27;[35m[UiAutomator2]&amp#27;[39m         "origin": "viewport"
[debug] &amp#27;[35m[UiAutomator2]&amp#27;[39m       },
[debug] &amp#27;[35m[UiAutomator2]&amp#27;[39m       {
[debug] &amp#27;[35m[UiAutomator2]&amp#27;[39m         "button": 0,
[debug] &amp#27;[35m[UiAutomator2]&amp#27;[39m         "type": "pointerDown"
[debug] &amp#27;[35m[UiAutomator2]&amp#27;[39m       },
[debug] &amp#27;[35m[UiAutomator2]&amp#27;[39m       {
[debug] &amp#27;[35m[UiAutomator2]&amp#27;[39m         "duration": 1000,
[debug] &amp#27;[35m[UiAutomator2]&amp#27;[39m         "x": 540,
[debug] &amp#27;[35m[UiAutomator2]&amp#27;[39m         "y": 455,
[debug] &amp#27;[35m[UiAutomator2]&amp#27;[39m         "type": "pointerMove",
[debug] &amp#27;[35m[UiAutomator2]&amp#27;[39m         "origin": "viewport"
[debug] &amp#27;[35m[UiAutomator2]&amp#27;[39m       },
[debug] &amp#27;[35m[UiAutomator2]&amp#27;[39m       {
[debug] &amp#27;[35m[UiAutomator2]&amp#27;[39m         "button": 0,
[debug] &amp#27;[35m[UiAutomator2]&amp#27;[39m         "type": "pointerUp"
[debug] &amp#27;[35m[UiAutomator2]&amp#27;[39m       }
[debug] &amp#27;[35m[UiAutomator2]&amp#27;[39m     ]
[debug] &amp#27;[35m[UiAutomator2]&amp#27;[39m   }
[debug] &amp#27;[35m[UiAutomator2]&amp#27;[39m ]
[debug] &amp#27;[35m[WD Proxy]&amp#27;[39m Matched '/actions' to command name 'performActions'
[debug] &amp#27;[35m[WD Proxy]&amp#27;[39m Proxying [POST /actions] to [POST http://127.0.0.1:8200/wd/hub/session/2e74e7b9-85a6-478f-8ae2-621a49ed711a/actions] with body: {"actions":[{"id":"finger1","type":"pointer","parameters":{"pointerType":"touch"},"actions":[{"duration":0,"type":"pause"},{"duration":0,"x":540,"y":1820,"type":"pointerMove","origin":"viewport"},{"button":0,"type":"pointerDown"},{"duration":1000,"x":540,"y":455,"type":"pointerMove","origin":"viewport"},{"button":0,"type":"pointerUp"}]}]}
[debug] &amp#27;[35m[WD Proxy]&amp#27;[39m Got response with status 200: {"sessionId":"2e74e7b9-85a6-478f-8ae2-621a49ed711a","value":null}
[debug] &amp#27;[35m[W3C (da2896bd)]&amp#27;[39m Responding to client with driver.performActions() result: null
&amp#27;[35m[HTTP]&amp#27;[39m &amp#27;[37m<-- POST /wd/hub/session/da2896bd-438a-4f7f-9343-bd96e6f29722/actions &amp#27;[39m&amp#27;[32m200&amp#27;[39m &amp#27;[90m1034 ms - 14&amp#27;[39m
&amp#27;[35m[HTTP]&amp#27;[39m &amp#27;[90m&amp#27;[39m
&amp#27;[35m[HTTP]&amp#27;[39m &amp#27;[37m-->&amp#27;[39m &amp#27;[37mPOST&amp#27;[39m &amp#27;[37m/wd/hub/session/da2896bd-438a-4f7f-9343-bd96e6f29722/element&amp#27;[39m
&amp#27;[35m[HTTP]&amp#27;[39m &amp#27;[90m{"using":"css selector","value":"[text=\"添加成员\"]"}&amp#27;[39m
[debug] &amp#27;[35m[W3C (da2896bd)]&amp#27;[39m Calling AppiumDriver.findElement() with args: ["css selector","[text=\"添加成员\"]","da2896bd-438a-4f7f-9343-bd96e6f29722"]
[debug] &amp#27;[35m[BaseDriver]&amp#27;[39m Valid locator strategies for this request: xpath, id, class name, accessibility id, css selector, -android uiautomator
[debug] &amp#27;[35m[BaseDriver]&amp#27;[39m Waiting up to 20000 ms for condition
[debug] &amp#27;[35m[WD Proxy]&amp#27;[39m Matched '/element' to command name 'findElement'
[debug] &amp#27;[35m[WD Proxy]&amp#27;[39m Proxying [POST /element] to [POST http://127.0.0.1:8200/wd/hub/session/2e74e7b9-85a6-478f-8ae2-621a49ed711a/element] with body: {"strategy":"-android uiautomator","selector":"new UiSelector().text(\"添加成员\")","context":"","multiple":false}
[debug] &amp#27;[35m[WD Proxy]&amp#27;[39m Got response with status 200: {"sessionId":"2e74e7b9-85a6-478f-8ae2-621a49ed711a","value":{"ELEMENT":"00000000-0000-0aad-ffff-ffff000003a4","element-6066-11e4-a52e-4f735466cecf":"00000000-0000-0aad-ffff-ffff000003a4"}}
[debug] &amp#27;[35m[W3C (da2896bd)]&amp#27;[39m Responding to client with driver.findElement() result: {"element-6066-11e4-a52e-4f735466cecf":"00000000-0000-0aad-ffff-ffff000003a4","ELEMENT":"00000000-0000-0aad-ffff-ffff000003a4"}
&amp#27;[35m[HTTP]&amp#27;[39m &amp#27;[37m<-- POST /wd/hub/session/da2896bd-438a-4f7f-9343-bd96e6f29722/element &amp#27;[39m&amp#27;[32m200&amp#27;[39m &amp#27;[90m30 ms - 137&amp#27;[39m
&amp#27;[35m[HTTP]&amp#27;[39m &amp#27;[90m&amp#27;[39m
2023-05-28 09:16:47  &amp#27;[34m&amp#27;[0;39mINFO  &amp#27;[35m[main]&amp#27;[0;39m &amp#27;[33mtop.testeru.page.AppBasePage.find(AppBasePage.java:105)&amp#27;[0;39m -- 元素定位：By.cssSelector: [text="添加成员"]
&amp#27;[35m[HTTP]&amp#27;[39m &amp#27;[37m-->&amp#27;[39m &amp#27;[37mGET&amp#27;[39m &amp#27;[37m/wd/hub/session/da2896bd-438a-4f7f-9343-bd96e6f29722/screenshot&amp#27;[39m
&amp#27;[35m[HTTP]&amp#27;[39m &amp#27;[90m{}&amp#27;[39m
[debug] &amp#27;[35m[W3C (da2896bd)]&amp#27;[39m Calling AppiumDriver.getScreenshot() with args: ["da2896bd-438a-4f7f-9343-bd96e6f29722"]
[debug] &amp#27;[35m[WD Proxy]&amp#27;[39m Matched '/screenshot' to command name 'getScreenshot'
[debug] &amp#27;[35m[WD Proxy]&amp#27;[39m Proxying [GET /screenshot] to [GET http://127.0.0.1:8200/wd/hub/session/2e74e7b9-85a6-478f-8ae2-621a49ed711a/screenshot] with no body
[debug] &amp#27;[35m[WD Proxy]&amp#27;[39m Got response with status 200: {"sessionId":"2e74e7b9-85a6-478f-8ae2-621a49ed711a","value":"iVBORw0KGgoAAAANSUhEUgAABDgAAAlgCAYAAABtGofVAAAAAXNSR0IArs4c6QAAAARzQklUCAgI\nCHwIZIgAACAASURBVHic7N13fBP3/T/w12kvW5L3trENGMwIM2wCBJIQIJvsSRLapg1pmzRpm/bb\nkfaXNGkbMtrMNrtZZJCEBAiBQCCBgAl72cYD723LlmSN+/0hL1myLRvZkszr+XjwCDqdTicdse9e\n9/m838LMB3aJICIiIiIiIiIKYZJA7wARERERERER0dliwEFEREREREREIY8BBxERERERERGFPAYc\nRERERERERBTyGHAQERERERERUchjwEFEREREREREIY8BBxERERERERGFPAYcRERERERERBTyGHAQ\nERERERERUchjwEFEREREREREIY8BBxERERERERGFPAYcRERERERERBTyGHAQERERERERUchjwEFE\nREREREREIY8BBxERERERERGFPAYcRERERERERBTyGHAQERERERERUchjwEFEREREREREIY8BBxER\nERERERGFPAYcRERERERERBTyGHAQERERERERUchjwEFEREREREREIY8BBxERERERERGFPAYcRERE\nRERERBTyGHAQERERERERUchjwEFEREREREREIY8BBxERERERERGFPAYcRERERERERBTyGHAQERER\nERERUchjwEFEREREREREIY8BBxERERERERGFPAYcRERERERERBTyGHAQERERERERUciTBXoHgsnC\nCZEYEavueHyooAl7TjUM2fs/ctMoSATgYEETvj1Rj8JK85C9Nw0NQQCyU8IwLkWHWIMSsQYFKupb\nUVZnxaHCJhwrNvX4WrVCiosmR+FwoQm5Zc1DuNdEREQUimINSiRFqSCXCiiutqCkxhLoXSI/4zEm\ncseAo4vpowyYnWXoeOxwYsgC...
[debug] &amp#27;[35m[W3C (da2896bd)]&amp#27;[39m Responding to client with driver.getScreenshot() result: "iVBORw0KGgoAAAANSUhEUgAABDgAAAlgCAYAAABtGofVAAAAAXNSR0IArs4c6QAAAARzQklUCAgI\nCHwIZIgAACAASURBVHic7N13fBP3/T/w12kvW5L3trENGMwIM2wCBJIQIJvsSRLapg1pmzRpm/bb\nkfaXNGkbMtrMNrtZZJCEBAiBQCCBgAl72cYD723LlmSN+/0hL1myLRvZkszr+XjwCDqdTicdse9e\n9/m838LMB3aJICIiIiIiIiIKYZJA7wARERERERER0dliwEFEREREREREIY8BBxERERERERGFPAYc\nRERERERERBTyGHAQERERERERUchjwEFEREREREREIY8BBxERERERERGFPAYcRERERERERBTyGHAQ\nERERERERUchjwEFEREREREREIY8BBxERERERERGFPAYcRERERERERBTyGHAQERERERERUchjwEFE\nREREREREIY8BBxERERERERGFPAYcRERERERERBTyGHAQERERERERUchjwEFEREREREREIY8BBxER\nERERERGFPAYcRERERERERBTyGHAQERERERERUchjwEFEREREREREIY8BBxERERERERGFPAYcRERE\nRERERBTyGHAQERERERERUchjwEFEREREREREIY8BBxERERERERGFPAYcRERERERERBTyGHAQERER\nERERUchjwEFEREREREREIY8BBxERERERERGFPAYcRERERERERBTyGHAQERERERERUciTBXoHgsnC\nCZEYEavueHyooAl7TjUM2fs/ctMoSATgYEETvj1Rj8JK85C9Nw0NQQCyU8IwLkWHWIMSsQYFKupb\nUVZnxaHCJhwrNvX4WrVCiosmR+FwoQm5Zc1DuNdEREQUimINSiRFqSCXCiiutqCkxhLoXSI/4zEm\ncseAo4vpowyYnWXoeOxwYsgCjtGJWkxIC4MAYHxqGK6eHYdVTx1CQ4t9SN6fBt/9V4zAzCwjFFLB\nbfn41M...
&amp#27;[35m[HTTP]&amp#27;[39m &amp#27;[37m<-- GET /wd/hub/session/da2896bd-438a-4f7f-9343-bd96e6f29722/screenshot &amp#27;[39m&amp#27;[32m200&amp#27;[39m &amp#27;[90m241 ms - 223134&amp#27;[39m
&amp#27;[35m[HTTP]&amp#27;[39m &amp#27;[90m&amp#27;[39m
&amp#27;[35m[HTTP]&amp#27;[39m &amp#27;[37m-->&amp#27;[39m &amp#27;[37mGET&amp#27;[39m &amp#27;[37m/wd/hub/session/da2896bd-438a-4f7f-9343-bd96e6f29722/element/00000000-0000-0aad-ffff-ffff000003a4/rect&amp#27;[39m
&amp#27;[35m[HTTP]&amp#27;[39m &amp#27;[90m{}&amp#27;[39m
&amp#27;[35m[W3C (da2896bd)]&amp#27;[39m Driver proxy active, passing request on via HTTP proxy
[debug] &amp#27;[35m[WD Proxy]&amp#27;[39m Matched '/wd/hub/session/da2896bd-438a-4f7f-9343-bd96e6f29722/element/00000000-0000-0aad-ffff-ffff000003a4/rect' to command name 'getElementRect'
[debug] &amp#27;[35m[WD Proxy]&amp#27;[39m Proxying [GET /wd/hub/session/da2896bd-438a-4f7f-9343-bd96e6f29722/element/00000000-0000-0aad-ffff-ffff000003a4/rect] to [GET http://127.0.0.1:8200/wd/hub/session/2e74e7b9-85a6-478f-8ae2-621a49ed711a/element/00000000-0000-0aad-ffff-ffff000003a4/rect] with no body
[debug] &amp#27;[35m[WD Proxy]&amp#27;[39m Got response with status 200: {"sessionId":"2e74e7b9-85a6-478f-8ae2-621a49ed711a","value":{"height":59,"width":860,"x":176,"y":1965}}
&amp#27;[35m[WD Proxy]&amp#27;[39m Replacing sessionId 2e74e7b9-85a6-478f-8ae2-621a49ed711a with da2896bd-438a-4f7f-9343-bd96e6f29722
&amp#27;[35m[HTTP]&amp#27;[39m &amp#27;[37m<-- GET /wd/hub/session/da2896bd-438a-4f7f-9343-bd96e6f29722/element/00000000-0000-0aad-ffff-ffff000003a4/rect &amp#27;[39m&amp#27;[32m200&amp#27;[39m &amp#27;[90m10 ms - 103&amp#27;[39m
&amp#27;[35m[HTTP]&amp#27;[39m &amp#27;[90m&amp#27;[39m
&amp#27;[35m[HTTP]&amp#27;[39m &amp#27;[37m-->&amp#27;[39m &amp#27;[37mGET&amp#27;[39m &amp#27;[37m/wd/hub/session/da2896bd-438a-4f7f-9343-bd96e6f29722/element/00000000-0000-0aad-ffff-ffff000003a4/rect&amp#27;[39m
&amp#27;[35m[HTTP]&amp#27;[39m &amp#27;[90m{}&amp#27;[39m
&amp#27;[35m[W3C (da2896bd)]&amp#27;[39m Driver proxy active, passing request on via HTTP proxy
[debug] &amp#27;[35m[WD Proxy]&amp#27;[39m Matched '/wd/hub/session/da2896bd-438a-4f7f-9343-bd96e6f29722/element/00000000-0000-0aad-ffff-ffff000003a4/rect' to command name 'getElementRect'
[debug] &amp#27;[35m[WD Proxy]&amp#27;[39m Proxying [GET /wd/hub/session/da2896bd-438a-4f7f-9343-bd96e6f29722/element/00000000-0000-0aad-ffff-ffff000003a4/rect] to [GET http://127.0.0.1:8200/wd/hub/session/2e74e7b9-85a6-478f-8ae2-621a49ed711a/element/00000000-0000-0aad-ffff-ffff000003a4/rect] with no body
[debug] &amp#27;[35m[WD Proxy]&amp#27;[39m Got response with status 200: {"sessionId":"2e74e7b9-85a6-478f-8ae2-621a49ed711a","value":{"height":59,"width":860,"x":176,"y":1965}}
&amp#27;[35m[WD Proxy]&amp#27;[39m Replacing sessionId 2e74e7b9-85a6-478f-8ae2-621a49ed711a with da2896bd-438a-4f7f-9343-bd96e6f29722
&amp#27;[35m[HTTP]&amp#27;[39m &amp#27;[37m<-- GET /wd/hub/session/da2896bd-438a-4f7f-9343-bd96e6f29722/element/00000000-0000-0aad-ffff-ffff000003a4/rect &amp#27;[39m&amp#27;[32m200&amp#27;[39m &amp#27;[90m6 ms - 103&amp#27;[39m
&amp#27;[35m[HTTP]&amp#27;[39m &amp#27;[90m&amp#27;[39m
2023-05-28 09:16:47  &amp#27;[34m&amp#27;[0;39mINFO  &amp#27;[35m[main]&amp#27;[0;39m &amp#27;[33mtop.testeru.page.AppBasePage.ElementScreenBase(AppBasePage.java:211)&amp#27;[0;39m -- location=$(176, 1965) size=$(860, 59) x=$176 y=$1965 width=$860 height=$59
&amp#27;[35m[HTTP]&amp#27;[39m &amp#27;[37m-->&amp#27;[39m &amp#27;[37mPOST&amp#27;[39m &amp#27;[37m/wd/hub/session/da2896bd-438a-4f7f-9343-bd96e6f29722/element&amp#27;[39m
&amp#27;[35m[HTTP]&amp#27;[39m &amp#27;[90m{"using":"css selector","value":"[text=\"添加成员\"]"}&amp#27;[39m
[debug] &amp#27;[35m[W3C (da2896bd)]&amp#27;[39m Calling AppiumDriver.findElement() with args: ["css selector","[text=\"添加成员\"]","da2896bd-438a-4f7f-9343-bd96e6f29722"]
[debug] &amp#27;[35m[BaseDriver]&amp#27;[39m Valid locator strategies for this request: xpath, id, class name, accessibility id, css selector, -android uiautomator
[debug] &amp#27;[35m[BaseDriver]&amp#27;[39m Waiting up to 20000 ms for condition
[debug] &amp#27;[35m[WD Proxy]&amp#27;[39m Matched '/element' to command name 'findElement'
[debug] &amp#27;[35m[WD Proxy]&amp#27;[39m Proxying [POST /element] to [POST http://127.0.0.1:8200/wd/hub/session/2e74e7b9-85a6-478f-8ae2-621a49ed711a/element] with body: {"strategy":"-android uiautomator","selector":"new UiSelector().text(\"添加成员\")","context":"","multiple":false}
[debug] &amp#27;[35m[WD Proxy]&amp#27;[39m Got response with status 200: {"sessionId":"2e74e7b9-85a6-478f-8ae2-621a49ed711a","value":{"ELEMENT":"00000000-0000-0aad-ffff-ffff000003a4","element-6066-11e4-a52e-4f735466cecf":"00000000-0000-0aad-ffff-ffff000003a4"}}
[debug] &amp#27;[35m[W3C (da2896bd)]&amp#27;[39m Responding to client with driver.findElement() result: {"element-6066-11e4-a52e-4f735466cecf":"00000000-0000-0aad-ffff-ffff000003a4","ELEMENT":"00000000-0000-0aad-ffff-ffff000003a4"}
&amp#27;[35m[HTTP]&amp#27;[39m &amp#27;[37m<-- POST /wd/hub/session/da2896bd-438a-4f7f-9343-bd96e6f29722/element &amp#27;[39m&amp#27;[32m200&amp#27;[39m &amp#27;[90m28 ms - 137&amp#27;[39m
&amp#27;[35m[HTTP]&amp#27;[39m &amp#27;[90m&amp#27;[39m
2023-05-28 09:16:47  &amp#27;[34m&amp#27;[0;39mINFO  &amp#27;[35m[main]&amp#27;[0;39m &amp#27;[33mtop.testeru.page.AppBasePage.find(AppBasePage.java:105)&amp#27;[0;39m -- 元素定位：By.cssSelector: [text="添加成员"]
&amp#27;[35m[HTTP]&amp#27;[39m &amp#27;[37m-->&amp#27;[39m &amp#27;[37mGET&amp#27;[39m &amp#27;[37m/wd/hub/session/da2896bd-438a-4f7f-9343-bd96e6f29722/screenshot&amp#27;[39m
&amp#27;[35m[HTTP]&amp#27;[39m &amp#27;[90m{}&amp#27;[39m
[debug] &amp#27;[35m[W3C (da2896bd)]&amp#27;[39m Calling AppiumDriver.getScreenshot() with args: ["da2896bd-438a-4f7f-9343-bd96e6f29722"]
[debug] &amp#27;[35m[WD Proxy]&amp#27;[39m Matched '/screenshot' to command name 'getScreenshot'
[debug] &amp#27;[35m[WD Proxy]&amp#27;[39m Proxying [GET /screenshot] to [GET http://127.0.0.1:8200/wd/hub/session/2e74e7b9-85a6-478f-8ae2-621a49ed711a/screenshot] with no body
[debug] &amp#27;[35m[WD Proxy]&amp#27;[39m Got response with status 200: {"sessionId":"2e74e7b9-85a6-478f-8ae2-621a49ed711a","value":"iVBORw0KGgoAAAANSUhEUgAABDgAAAlgCAYAAABtGofVAAAAAXNSR0IArs4c6QAAAARzQklUCAgI\nCHwIZIgAACAASURBVHic7N13fBP3/T/w12kvW5L33oDBjDADYQUIJCFANtl7tU0b0jZp0qTtryPt\nN2nSNmS0mW32JoMkJEAIBAIJhBH2so0H3tuWLMka9/tDXrJkWzayJcHr+XjwCDrdne70Ifbd+96f\n91uYcf82EUREREREREREYUwS7AMgIiIiIiIiIjpVDHAQERERERERUdhjgIOIiIiIiIiIwh4DHERE\nREREREQU9hjgICIiIiIiIqKwxwAHEREREREREYU9BjiIiIiIiIiIKOwxwEFEREREREREYY8BDiIi\nIiIiIiIKewxwEBEREREREVHYY4CDiIiIiIiIiMIeAxxEREREREREFPYY4CAiIiIiIiKisMcABxER\nERERERGFPQY4iIiIiIiIiCjsMcBBRERERERERGGPAQ4iIiIiIiIiCnsMcBARERERERFR2GOAg4iI\niIiIiIjCHgMcRERERERERBT2GOAgIiIiIiIiorDHAAcRERERERERhT0GOIiIiIiIiIgo7DHAQURE\nRERERERhjwEOIiIiIiIiIgp7DHAQERERERERUdhjgIOIiIiIiIiIwh4DHEREREREREQU9hjgICIi\nIiIiIqKwxwAHEREREREREYU9BjiIiIiIiIiIKOwxwEFEREREREREYY8BDiIiIiIiIiIKe7JgH0Ao\nmT8+Gpnx6s7X+4tasON407B9/iPXj4REAPYVteC7o40orrYM22fT8BAEIC8tAmPTdIg3KBFvUKCq\nsQ0VDTbsL27B4VJTr9uqFVKcPykGB4pNyK8wD+NRExERUTiKNyiREqOCXCqgtNaKsjprsA+JAoxj\nTOSJAY5upo00YGauofO104Vh...
[debug] &amp#27;[35m[W3C (da2896bd)]&amp#27;[39m Responding to client with driver.getScreenshot() result: "iVBORw0KGgoAAAANSUhEUgAABDgAAAlgCAYAAABtGofVAAAAAXNSR0IArs4c6QAAAARzQklUCAgI\nCHwIZIgAACAASURBVHic7N13fBP3/T/w12kvW5L33oDBjDADYQUIJCFANtl7tU0b0jZp0qTtryPt\nN2nSNmS0mW32JoMkJEAIBAIJhBH2so0H3tuWLMka9/tDXrJkWzayJcHr+XjwCDrdne70Ifbd+96f\n91uYcf82EUREREREREREYUwS7AMgIiIiIiIiIjpVDHAQERERERERUdhjgIOIiIiIiIiIwh4DHERE\nREREREQU9hjgICIiIiIiIqKwxwAHEREREREREYU9BjiIiIiIiIiIKOwxwEFEREREREREYY8BDiIi\nIiIiIiIKewxwEBEREREREVHYY4CDiIiIiIiIiMIeAxxEREREREREFPYY4CAiIiIiIiKisMcABxER\nERERERGFPQY4iIiIiIiIiCjsMcBBRERERERERGGPAQ4iIiIiIiIiCnsMcBARERERERFR2GOAg4iI\niIiIiIjCHgMcRERERERERBT2GOAgIiIiIiIiorDHAAcRERERERERhT0GOIiIiIiIiIgo7DHAQURE\nRERERERhjwEOIiIiIiIiIgp7DHAQERERERERUdhjgIOIiIiIiIiIwh4DHEREREREREQU9hjgICIi\nIiIiIqKwxwAHEREREREREYU9BjiIiIiIiIiIKOwxwEFEREREREREYY8BDiIiIiIiIiIKe7JgH0Ao\nmT8+Gpnx6s7X+4tasON407B9/iPXj4REAPYVteC7o40orrYM22fT8BAEIC8tAmPTdIg3KBFvUKCq\nsQ0VDTbsL27B4VJTr9uqFVKcPykGB4pNyK8wD+NRExERUTiKNyiREqOCXCqgtNaKsjprsA+JAoxj\nTOSJAY5upo00YGauofO104VhC3CMStZifEYEBADj0iNwxcwE3PbUfjS1Oobl82no3XdpJmbkGqGQ\nCh7Lx6...
&amp#27;[35m[HTTP]&amp#27;[39m &amp#27;[37m<-- GET /wd/hub/session/da2896bd-438a-4f7f-9343-bd96e6f29722/screenshot &amp#27;[39m&amp#27;[32m200&amp#27;[39m &amp#27;[90m249 ms - 223188&amp#27;[39m
&amp#27;[35m[HTTP]&amp#27;[39m &amp#27;[90m&amp#27;[39m
&amp#27;[35m[HTTP]&amp#27;[39m &amp#27;[37m-->&amp#27;[39m &amp#27;[37mGET&amp#27;[39m &amp#27;[37m/wd/hub/session/da2896bd-438a-4f7f-9343-bd96e6f29722/element/00000000-0000-0aad-ffff-ffff000003a4/rect&amp#27;[39m
&amp#27;[35m[HTTP]&amp#27;[39m &amp#27;[90m{}&amp#27;[39m
&amp#27;[35m[W3C (da2896bd)]&amp#27;[39m Driver proxy active, passing request on via HTTP proxy
[debug] &amp#27;[35m[WD Proxy]&amp#27;[39m Matched '/wd/hub/session/da2896bd-438a-4f7f-9343-bd96e6f29722/element/00000000-0000-0aad-ffff-ffff000003a4/rect' to command name 'getElementRect'
[debug] &amp#27;[35m[WD Proxy]&amp#27;[39m Proxying [GET /wd/hub/session/da2896bd-438a-4f7f-9343-bd96e6f29722/element/00000000-0000-0aad-ffff-ffff000003a4/rect] to [GET http://127.0.0.1:8200/wd/hub/session/2e74e7b9-85a6-478f-8ae2-621a49ed711a/element/00000000-0000-0aad-ffff-ffff000003a4/rect] with no body
[debug] &amp#27;[35m[WD Proxy]&amp#27;[39m Got response with status 200: {"sessionId":"2e74e7b9-85a6-478f-8ae2-621a49ed711a","value":{"height":59,"width":860,"x":176,"y":1965}}
&amp#27;[35m[WD Proxy]&amp#27;[39m Replacing sessionId 2e74e7b9-85a6-478f-8ae2-621a49ed711a with da2896bd-438a-4f7f-9343-bd96e6f29722
&amp#27;[35m[HTTP]&amp#27;[39m &amp#27;[37m<-- GET /wd/hub/session/da2896bd-438a-4f7f-9343-bd96e6f29722/element/00000000-0000-0aad-ffff-ffff000003a4/rect &amp#27;[39m&amp#27;[32m200&amp#27;[39m &amp#27;[90m11 ms - 103&amp#27;[39m
&amp#27;[35m[HTTP]&amp#27;[39m &amp#27;[90m&amp#27;[39m
&amp#27;[35m[HTTP]&amp#27;[39m &amp#27;[37m-->&amp#27;[39m &amp#27;[37mGET&amp#27;[39m &amp#27;[37m/wd/hub/session/da2896bd-438a-4f7f-9343-bd96e6f29722/element/00000000-0000-0aad-ffff-ffff000003a4/rect&amp#27;[39m
&amp#27;[35m[HTTP]&amp#27;[39m &amp#27;[90m{}&amp#27;[39m
&amp#27;[35m[W3C (da2896bd)]&amp#27;[39m Driver proxy active, passing request on via HTTP proxy
[debug] &amp#27;[35m[WD Proxy]&amp#27;[39m Matched '/wd/hub/session/da2896bd-438a-4f7f-9343-bd96e6f29722/element/00000000-0000-0aad-ffff-ffff000003a4/rect' to command name 'getElementRect'
[debug] &amp#27;[35m[WD Proxy]&amp#27;[39m Proxying [GET /wd/hub/session/da2896bd-438a-4f7f-9343-bd96e6f29722/element/00000000-0000-0aad-ffff-ffff000003a4/rect] to [GET http://127.0.0.1:8200/wd/hub/session/2e74e7b9-85a6-478f-8ae2-621a49ed711a/element/00000000-0000-0aad-ffff-ffff000003a4/rect] with no body
[debug] &amp#27;[35m[WD Proxy]&amp#27;[39m Got response with status 200: {"sessionId":"2e74e7b9-85a6-478f-8ae2-621a49ed711a","value":{"height":59,"width":860,"x":176,"y":1965}}
&amp#27;[35m[WD Proxy]&amp#27;[39m Replacing sessionId 2e74e7b9-85a6-478f-8ae2-621a49ed711a with da2896bd-438a-4f7f-9343-bd96e6f29722
&amp#27;[35m[HTTP]&amp#27;[39m &amp#27;[37m<-- GET /wd/hub/session/da2896bd-438a-4f7f-9343-bd96e6f29722/element/00000000-0000-0aad-ffff-ffff000003a4/rect &amp#27;[39m&amp#27;[32m200&amp#27;[39m &amp#27;[90m8 ms - 103&amp#27;[39m
&amp#27;[35m[HTTP]&amp#27;[39m &amp#27;[90m&amp#27;[39m
2023-05-28 09:16:48  &amp#27;[34m&amp#27;[0;39mINFO  &amp#27;[35m[main]&amp#27;[0;39m &amp#27;[33mtop.testeru.page.AppBasePage.ElementScreenBase(AppBasePage.java:211)&amp#27;[0;39m -- location=$(176, 1965) size=$(860, 59) x=$176 y=$1965 width=$860 height=$59
&amp#27;[35m[HTTP]&amp#27;[39m &amp#27;[37m-->&amp#27;[39m &amp#27;[37mPOST&amp#27;[39m &amp#27;[37m/wd/hub/session/da2896bd-438a-4f7f-9343-bd96e6f29722/element/00000000-0000-0aad-ffff-ffff000003a4/click&amp#27;[39m
&amp#27;[35m[HTTP]&amp#27;[39m &amp#27;[90m{"id":"00000000-0000-0aad-ffff-ffff000003a4"}&amp#27;[39m
[debug] &amp#27;[35m[W3C (da2896bd)]&amp#27;[39m Calling AppiumDriver.click() with args: ["00000000-0000-0aad-ffff-ffff000003a4","da2896bd-438a-4f7f-9343-bd96e6f29722"]
[debug] &amp#27;[35m[WD Proxy]&amp#27;[39m Matched '/element/00000000-0000-0aad-ffff-ffff000003a4/click' to command name 'click'
[debug] &amp#27;[35m[WD Proxy]&amp#27;[39m Proxying [POST /element/00000000-0000-0aad-ffff-ffff000003a4/click] to [POST http://127.0.0.1:8200/wd/hub/session/2e74e7b9-85a6-478f-8ae2-621a49ed711a/element/00000000-0000-0aad-ffff-ffff000003a4/click] with body: {"element":"00000000-0000-0aad-ffff-ffff000003a4"}
[debug] &amp#27;[35m[WD Proxy]&amp#27;[39m Got response with status 200: {"sessionId":"2e74e7b9-85a6-478f-8ae2-621a49ed711a","value":null}
[debug] &amp#27;[35m[W3C (da2896bd)]&amp#27;[39m Responding to client with driver.click() result: null
&amp#27;[35m[HTTP]&amp#27;[39m &amp#27;[37m<-- POST /wd/hub/session/da2896bd-438a-4f7f-9343-bd96e6f29722/element/00000000-0000-0aad-ffff-ffff000003a4/click &amp#27;[39m&amp#27;[32m200&amp#27;[39m &amp#27;[90m42 ms - 14&amp#27;[39m
&amp#27;[35m[HTTP]&amp#27;[39m &amp#27;[90m&amp#27;[39m
&amp#27;[35m[HTTP]&amp#27;[39m &amp#27;[37m-->&amp#27;[39m &amp#27;[37mGET&amp#27;[39m &amp#27;[37m/wd/hub/session/da2896bd-438a-4f7f-9343-bd96e6f29722/source&amp#27;[39m
&amp#27;[35m[HTTP]&amp#27;[39m &amp#27;[90m{}&amp#27;[39m
&amp#27;[35m[W3C (da2896bd)]&amp#27;[39m Driver proxy active, passing request on via HTTP proxy
[debug] &amp#27;[35m[WD Proxy]&amp#27;[39m Matched '/wd/hub/session/da2896bd-438a-4f7f-9343-bd96e6f29722/source' to command name 'getPageSource'
[debug] &amp#27;[35m[WD Proxy]&amp#27;[39m Proxying [GET /wd/hub/session/da2896bd-438a-4f7f-9343-bd96e6f29722/source] to [GET http://127.0.0.1:8200/wd/hub/session/2e74e7b9-85a6-478f-8ae2-621a49ed711a/source] with no body
[debug] &amp#27;[35m[WD Proxy]&amp#27;[39m Got response with status 200: {"sessionId":"2e74e7b9-85a6-478f-8ae2-621a49ed711a","value":"<?xml version='1.0' encoding='UTF-8' standalone='yes' ?>\r\n<hierarchy index=\"0\" class=\"hierarchy\" rotation=\"0\" width=\"1080\" height=\"2276\">\r\n  <android.widget.FrameLayout index=\"0\" package=\"com.tencent.wework\" class=\"android.widget.FrameLayout\" text=\"\" checkable=\"false\" checked=\"false\" clickable=\"false\" enabled=\"true\" focusable=\"false\" focused=\"false\" long-clickable=\"false\" password=\"false\" scrollable=\"false\" selected=\"false\" bounds=\"[0,0][1080,2276]\" displayed=\"true\">\r\n    <android.widget.LinearLayout index=\"0\" package=\"com.tencent.wework\" class=\"android.widget.LinearLayout\" text=\"\" checkable=\"false\" checked=\"false\" clickable=\"false\" enabled=\"true\" focusable=\"false\" focused=\"false\" long-clickable=\"false\" password=\"false\" scrollable=\"false\" selected=\"false\" bounds=\"[0,0][1080,2276]\" displayed=\"true\">\r\n      <android.widget.FrameLayout index=\"0\" package=\"com.tencent...
&amp#27;[35m[WD Proxy]&amp#27;[39m Replacing sessionId 2e74e7b9-85a6-478f-8ae2-621a49ed711a with da2896bd-438a-4f7f-9343-bd96e6f29722
&amp#27;[35m[HTTP]&amp#27;[39m &amp#27;[37m<-- GET /wd/hub/session/da2896bd-438a-4f7f-9343-bd96e6f29722/source &amp#27;[39m&amp#27;[32m200&amp#27;[39m &amp#27;[90m230 ms - 19111&amp#27;[39m
&amp#27;[35m[HTTP]&amp#27;[39m &amp#27;[90m&amp#27;[39m
&amp#27;[35m[HTTP]&amp#27;[39m &amp#27;[37m-->&amp#27;[39m &amp#27;[37mGET&amp#27;[39m &amp#27;[37m/wd/hub/session/da2896bd-438a-4f7f-9343-bd96e6f29722/source&amp#27;[39m
&amp#27;[35m[HTTP]&amp#27;[39m &amp#27;[90m{}&amp#27;[39m
&amp#27;[35m[W3C (da2896bd)]&amp#27;[39m Driver proxy active, passing request on via HTTP proxy
[debug] &amp#27;[35m[WD Proxy]&amp#27;[39m Matched '/wd/hub/session/da2896bd-438a-4f7f-9343-bd96e6f29722/source' to command name 'getPageSource'
[debug] &amp#27;[35m[WD Proxy]&amp#27;[39m Proxying [GET /wd/hub/session/da2896bd-438a-4f7f-9343-bd96e6f29722/source] to [GET http://127.0.0.1:8200/wd/hub/session/2e74e7b9-85a6-478f-8ae2-621a49ed711a/source] with no body
[debug] &amp#27;[35m[WD Proxy]&amp#27;[39m Got response with status 200: {"sessionId":"2e74e7b9-85a6-478f-8ae2-621a49ed711a","value":"<?xml version='1.0' encoding='UTF-8' standalone='yes' ?>\r\n<hierarchy index=\"0\" class=\"hierarchy\" rotation=\"0\" width=\"1080\" height=\"2276\">\r\n  <android.widget.FrameLayout index=\"0\" package=\"com.tencent.wework\" class=\"android.widget.FrameLayout\" text=\"\" checkable=\"false\" checked=\"false\" clickable=\"false\" enabled=\"true\" focusable=\"false\" focused=\"false\" long-clickable=\"false\" password=\"false\" scrollable=\"false\" selected=\"false\" bounds=\"[0,0][1080,2276]\" displayed=\"true\">\r\n    <android.widget.LinearLayout index=\"0\" package=\"com.tencent.wework\" class=\"android.widget.LinearLayout\" text=\"\" checkable=\"false\" checked=\"false\" clickable=\"false\" enabled=\"true\" focusable=\"false\" focused=\"false\" long-clickable=\"false\" password=\"false\" scrollable=\"false\" selected=\"false\" bounds=\"[0,0][1080,2276]\" displayed=\"true\">\r\n      <android.widget.FrameLayout index=\"0\" package=\"com.tencent...
&amp#27;[35m[WD Proxy]&amp#27;[39m Replacing sessionId 2e74e7b9-85a6-478f-8ae2-621a49ed711a with da2896bd-438a-4f7f-9343-bd96e6f29722
&amp#27;[35m[HTTP]&amp#27;[39m &amp#27;[37m<-- GET /wd/hub/session/da2896bd-438a-4f7f-9343-bd96e6f29722/source &amp#27;[39m&amp#27;[32m200&amp#27;[39m &amp#27;[90m87 ms - 30833&amp#27;[39m
&amp#27;[35m[HTTP]&amp#27;[39m &amp#27;[90m&amp#27;[39m
2023-05-28 09:16:49  &amp#27;[34m&amp#27;[0;39mINFO  &amp#27;[35m[main]&amp#27;[0;39m &amp#27;[33mtop.testeru.BaseTest.editAdd(AddMemberTest.java:42)&amp#27;[0;39m -- 添加成员：高越泽
&amp#27;[35m[HTTP]&amp#27;[39m &amp#27;[37m-->&amp#27;[39m &amp#27;[37mPOST&amp#27;[39m &amp#27;[37m/wd/hub/session/da2896bd-438a-4f7f-9343-bd96e6f29722/element&amp#27;[39m
&amp#27;[35m[HTTP]&amp#27;[39m &amp#27;[90m{"using":"-android uiautomator","value":"new UiSelector().text(\"手动输入添加\")"}&amp#27;[39m
[debug] &amp#27;[35m[W3C (da2896bd)]&amp#27;[39m Calling AppiumDriver.findElement() with args: ["-android uiautomator","new UiSelector().text(\"手动输入添加\")","da2896bd-438a-4f7f-9343-bd96e6f29722"]
[debug] &amp#27;[35m[BaseDriver]&amp#27;[39m Valid locator strategies for this request: xpath, id, class name, accessibility id, css selector, -android uiautomator
[debug] &amp#27;[35m[BaseDriver]&amp#27;[39m Waiting up to 20000 ms for condition
[debug] &amp#27;[35m[WD Proxy]&amp#27;[39m Matched '/element' to command name 'findElement'
[debug] &amp#27;[35m[WD Proxy]&amp#27;[39m Proxying [POST /element] to [POST http://127.0.0.1:8200/wd/hub/session/2e74e7b9-85a6-478f-8ae2-621a49ed711a/element] with body: {"strategy":"-android uiautomator","selector":"new UiSelector().text(\"手动输入添加\")","context":"","multiple":false}
[debug] &amp#27;[35m[WD Proxy]&amp#27;[39m Got response with status 200: {"sessionId":"2e74e7b9-85a6-478f-8ae2-621a49ed711a","value":{"ELEMENT":"00000000-0000-0aae-ffff-ffff00000475","element-6066-11e4-a52e-4f735466cecf":"00000000-0000-0aae-ffff-ffff00000475"}}
[debug] &amp#27;[35m[W3C (da2896bd)]&amp#27;[39m Responding to client with driver.findElement() result: {"element-6066-11e4-a52e-4f735466cecf":"00000000-0000-0aae-ffff-ffff00000475","ELEMENT":"00000000-0000-0aae-ffff-ffff00000475"}
&amp#27;[35m[HTTP]&amp#27;[39m &amp#27;[37m<-- POST /wd/hub/session/da2896bd-438a-4f7f-9343-bd96e6f29722/element &amp#27;[39m&amp#27;[32m200&amp#27;[39m &amp#27;[90m20 ms - 137&amp#27;[39m
&amp#27;[35m[HTTP]&amp#27;[39m &amp#27;[90m&amp#27;[39m
2023-05-28 09:16:49  &amp#27;[34m&amp#27;[0;39mINFO  &amp#27;[35m[main]&amp#27;[0;39m &amp#27;[33mtop.testeru.page.AppBasePage.find(AppBasePage.java:105)&amp#27;[0;39m -- 元素定位：AppiumBy.androidUIAutomator: new UiSelector().text("手动输入添加")
&amp#27;[35m[HTTP]&amp#27;[39m &amp#27;[37m-->&amp#27;[39m &amp#27;[37mGET&amp#27;[39m &amp#27;[37m/wd/hub/session/da2896bd-438a-4f7f-9343-bd96e6f29722/screenshot&amp#27;[39m
&amp#27;[35m[HTTP]&amp#27;[39m &amp#27;[90m{}&amp#27;[39m
[debug] &amp#27;[35m[W3C (da2896bd)]&amp#27;[39m Calling AppiumDriver.getScreenshot() with args: ["da2896bd-438a-4f7f-9343-bd96e6f29722"]
[debug] &amp#27;[35m[WD Proxy]&amp#27;[39m Matched '/screenshot' to command name 'getScreenshot'
[debug] &amp#27;[35m[WD Proxy]&amp#27;[39m Proxying [GET /screenshot] to [GET http://127.0.0.1:8200/wd/hub/session/2e74e7b9-85a6-478f-8ae2-621a49ed711a/screenshot] with no body
[debug] &amp#27;[35m[WD Proxy]&amp#27;[39m Got response with status 200: {"sessionId":"2e74e7b9-85a6-478f-8ae2-621a49ed711a","value":"iVBORw0KGgoAAAANSUhEUgAABDgAAAlgCAYAAABtGofVAAAAAXNSR0IArs4c6QAAAARzQklUCAgI\nCHwIZIgAACAASURBVHic7N13eBtVugbwd9SLbcm91ziJ0xOnkJBGAkkgJITee10uLGUXlrJ9ly1c\nWBbYchfI7gKhQ4DQCaRAekivTuK4995kS1aZ+4dcNLZsy7ZsSfb7ex4erPFoPPJxbM0753yfMO/R\nnSKIiIiIiIiIiAKYzNcnQEREREREREQ0WAw4iIiIiIiIiCjgMeAgIiIiIiIiooDHgIOIiIiIiIiI\nAh4DDiIiIiIiIiIKeAw4iIiIiIiIiCjgMeAgIiIiIiIiooDHgIOIiIiIiIiIAh4DDiIiIiIiIiIK\neAw4iIiIiIiIiCjgMeAgIiIiIiIiooDHgIOIiIiIiIiIAh4DDiIiIiIiIiIKeAw4iIiIiIiIiCjg\nMeAgIiIiIiIiooDHgIOIiIiIiIiIAh4DDiIiIiIiIiIKeAw4iIiIiIiIiCjgMeAgIiIiIiIiooDH\ngIOIiIiIiIiIAh4DDiIiIiIiIiIKeAw4iIiIiIiIiCjgMeAgIiIiIiIiooDHgIOIiIiIiIiIAh4D\nDiIiIiIiIiIKeAw4iIiIiIiIiCjgMeAgIiIiIiIiooDHgIOIiIiIiIiIAh4DDiIiIiIiIiIKeAw4\niIiIiIiIiCjgMeAgIiIiIiIiooDHgIOIiIiIiIiIAh4DDiIiIiIiIiIKeApfn4A/WTo1HKnR2o7H\nR/MasfdM/bB9/aduHAeZABzJa8SuU3XIr2gZtq9Nw0MQgElJwZicFIRooxrRRhXK61pRWmvB0fxG\nnCxs6vG5WpUcKzIjcCy/CdmlpmE8ayIiIgpE0UY1EiI0UMoFFFaZUVxt9vUpkZdxjImkGHC4mDPO\niPkZxo7HdgeGLeAYH6/H1JRg...
[debug] &amp#27;[35m[W3C (da2896bd)]&amp#27;[39m Responding to client with driver.getScreenshot() result: "iVBORw0KGgoAAAANSUhEUgAABDgAAAlgCAYAAABtGofVAAAAAXNSR0IArs4c6QAAAARzQklUCAgI\nCHwIZIgAACAASURBVHic7N13eBtVugbwd9SLbcm91ziJ0xOnkJBGAkkgJITee10uLGUXlrJ9ly1c\nWBbYchfI7gKhQ4DQCaRAekivTuK4995kS1aZ+4dcNLZsy7ZsSfb7ex4erPFoPPJxbM0753yfMO/R\nnSKIiIiIiIiIiAKYzNcnQEREREREREQ0WAw4iIiIiIiIiCjgMeAgIiIiIiIiooDHgIOIiIiIiIiI\nAh4DDiIiIiIiIiIKeAw4iIiIiIiIiCjgMeAgIiIiIiIiooDHgIOIiIiIiIiIAh4DDiIiIiIiIiIK\neAw4iIiIiIiIiCjgMeAgIiIiIiIiooDHgIOIiIiIiIiIAh4DDiIiIiIiIiIKeAw4iIiIiIiIiCjg\nMeAgIiIiIiIiooDHgIOIiIiIiIiIAh4DDiIiIiIiIiIKeAw4iIiIiIiIiCjgMeAgIiIiIiIiooDH\ngIOIiIiIiIiIAh4DDiIiIiIiIiIKeAw4iIiIiIiIiCjgMeAgIiIiIiIiooDHgIOIiIiIiIiIAh4D\nDiIiIiIiIiIKeAw4iIiIiIiIiCjgMeAgIiIiIiIiooDHgIOIiIiIiIiIAh4DDiIiIiIiIiIKeAw4\niIiIiIiIiCjgMeAgIiIiIiIiooDHgIOIiIiIiIiIAh4DDiIiIiIiIiIKeApfn4A/WTo1HKnR2o7H\nR/MasfdM/bB9/aduHAeZABzJa8SuU3XIr2gZtq9Nw0MQgElJwZicFIRooxrRRhXK61pRWmvB0fxG\nnCxs6vG5WpUcKzIjcCy/CdmlpmE8ayIiIgpE0UY1EiI0UMoFFFaZUVxt9vUpkZdxjImkGHC4mDPO\niPkZxo7HdgeGLeAYH6/H1JRgCACmJAfjyvkxuOPFo6hvtg3L16eh98hlqZiXEQqVXJBsn5Lc+XGr\nXcSurF...
&amp#27;[35m[HTTP]&amp#27;[39m &amp#27;[37m<-- GET /wd/hub/session/da2896bd-438a-4f7f-9343-bd96e6f29722/screenshot &amp#27;[39m&amp#27;[32m200&amp#27;[39m &amp#27;[90m238 ms - 163488&amp#27;[39m
&amp#27;[35m[HTTP]&amp#27;[39m &amp#27;[90m&amp#27;[39m
&amp#27;[35m[HTTP]&amp#27;[39m &amp#27;[37m-->&amp#27;[39m &amp#27;[37mGET&amp#27;[39m &amp#27;[37m/wd/hub/session/da2896bd-438a-4f7f-9343-bd96e6f29722/element/00000000-0000-0aae-ffff-ffff00000475/rect&amp#27;[39m
&amp#27;[35m[HTTP]&amp#27;[39m &amp#27;[90m{}&amp#27;[39m
&amp#27;[35m[W3C (da2896bd)]&amp#27;[39m Driver proxy active, passing request on via HTTP proxy
[debug] &amp#27;[35m[WD Proxy]&amp#27;[39m Matched '/wd/hub/session/da2896bd-438a-4f7f-9343-bd96e6f29722/element/00000000-0000-0aae-ffff-ffff00000475/rect' to command name 'getElementRect'
[debug] &amp#27;[35m[WD Proxy]&amp#27;[39m Proxying [GET /wd/hub/session/da2896bd-438a-4f7f-9343-bd96e6f29722/element/00000000-0000-0aae-ffff-ffff00000475/rect] to [GET http://127.0.0.1:8200/wd/hub/session/2e74e7b9-85a6-478f-8ae2-621a49ed711a/element/00000000-0000-0aae-ffff-ffff00000475/rect] with no body
[debug] &amp#27;[35m[WD Proxy]&amp#27;[39m Got response with status 200: {"sessionId":"2e74e7b9-85a6-478f-8ae2-621a49ed711a","value":{"height":59,"width":264,"x":204,"y":1132}}
&amp#27;[35m[WD Proxy]&amp#27;[39m Replacing sessionId 2e74e7b9-85a6-478f-8ae2-621a49ed711a with da2896bd-438a-4f7f-9343-bd96e6f29722
&amp#27;[35m[HTTP]&amp#27;[39m &amp#27;[37m<-- GET /wd/hub/session/da2896bd-438a-4f7f-9343-bd96e6f29722/element/00000000-0000-0aae-ffff-ffff00000475/rect &amp#27;[39m&amp#27;[32m200&amp#27;[39m &amp#27;[90m7 ms - 103&amp#27;[39m
&amp#27;[35m[HTTP]&amp#27;[39m &amp#27;[90m&amp#27;[39m
&amp#27;[35m[HTTP]&amp#27;[39m &amp#27;[37m-->&amp#27;[39m &amp#27;[37mGET&amp#27;[39m &amp#27;[37m/wd/hub/session/da2896bd-438a-4f7f-9343-bd96e6f29722/element/00000000-0000-0aae-ffff-ffff00000475/rect&amp#27;[39m
&amp#27;[35m[HTTP]&amp#27;[39m &amp#27;[90m{}&amp#27;[39m
&amp#27;[35m[W3C (da2896bd)]&amp#27;[39m Driver proxy active, passing request on via HTTP proxy
[debug] &amp#27;[35m[WD Proxy]&amp#27;[39m Matched '/wd/hub/session/da2896bd-438a-4f7f-9343-bd96e6f29722/element/00000000-0000-0aae-ffff-ffff00000475/rect' to command name 'getElementRect'
[debug] &amp#27;[35m[WD Proxy]&amp#27;[39m Proxying [GET /wd/hub/session/da2896bd-438a-4f7f-9343-bd96e6f29722/element/00000000-0000-0aae-ffff-ffff00000475/rect] to [GET http://127.0.0.1:8200/wd/hub/session/2e74e7b9-85a6-478f-8ae2-621a49ed711a/element/00000000-0000-0aae-ffff-ffff00000475/rect] with no body
[debug] &amp#27;[35m[WD Proxy]&amp#27;[39m Got response with status 200: {"sessionId":"2e74e7b9-85a6-478f-8ae2-621a49ed711a","value":{"height":59,"width":264,"x":204,"y":1132}}
&amp#27;[35m[WD Proxy]&amp#27;[39m Replacing sessionId 2e74e7b9-85a6-478f-8ae2-621a49ed711a with da2896bd-438a-4f7f-9343-bd96e6f29722
&amp#27;[35m[HTTP]&amp#27;[39m &amp#27;[37m<-- GET /wd/hub/session/da2896bd-438a-4f7f-9343-bd96e6f29722/element/00000000-0000-0aae-ffff-ffff00000475/rect &amp#27;[39m&amp#27;[32m200&amp#27;[39m &amp#27;[90m6 ms - 103&amp#27;[39m
&amp#27;[35m[HTTP]&amp#27;[39m &amp#27;[90m&amp#27;[39m
2023-05-28 09:16:50  &amp#27;[34m&amp#27;[0;39mINFO  &amp#27;[35m[main]&amp#27;[0;39m &amp#27;[33mtop.testeru.page.AppBasePage.ElementScreenBase(AppBasePage.java:211)&amp#27;[0;39m -- location=$(204, 1132) size=$(264, 59) x=$204 y=$1132 width=$264 height=$59
&amp#27;[35m[HTTP]&amp#27;[39m &amp#27;[37m-->&amp#27;[39m &amp#27;[37mPOST&amp#27;[39m &amp#27;[37m/wd/hub/session/da2896bd-438a-4f7f-9343-bd96e6f29722/element/00000000-0000-0aae-ffff-ffff00000475/click&amp#27;[39m
&amp#27;[35m[HTTP]&amp#27;[39m &amp#27;[90m{"id":"00000000-0000-0aae-ffff-ffff00000475"}&amp#27;[39m
[debug] &amp#27;[35m[W3C (da2896bd)]&amp#27;[39m Calling AppiumDriver.click() with args: ["00000000-0000-0aae-ffff-ffff00000475","da2896bd-438a-4f7f-9343-bd96e6f29722"]
[debug] &amp#27;[35m[WD Proxy]&amp#27;[39m Matched '/element/00000000-0000-0aae-ffff-ffff00000475/click' to command name 'click'
[debug] &amp#27;[35m[WD Proxy]&amp#27;[39m Proxying [POST /element/00000000-0000-0aae-ffff-ffff00000475/click] to [POST http://127.0.0.1:8200/wd/hub/session/2e74e7b9-85a6-478f-8ae2-621a49ed711a/element/00000000-0000-0aae-ffff-ffff00000475/click] with body: {"element":"00000000-0000-0aae-ffff-ffff00000475"}
[debug] &amp#27;[35m[WD Proxy]&amp#27;[39m Got response with status 200: {"sessionId":"2e74e7b9-85a6-478f-8ae2-621a49ed711a","value":null}
[debug] &amp#27;[35m[W3C (da2896bd)]&amp#27;[39m Responding to client with driver.click() result: null
&amp#27;[35m[HTTP]&amp#27;[39m &amp#27;[37m<-- POST /wd/hub/session/da2896bd-438a-4f7f-9343-bd96e6f29722/element/00000000-0000-0aae-ffff-ffff00000475/click &amp#27;[39m&amp#27;[32m200&amp#27;[39m &amp#27;[90m36 ms - 14&amp#27;[39m
&amp#27;[35m[HTTP]&amp#27;[39m &amp#27;[90m&amp#27;[39m
&amp#27;[35m[HTTP]&amp#27;[39m &amp#27;[37m-->&amp#27;[39m &amp#27;[37mPOST&amp#27;[39m &amp#27;[37m/wd/hub/session/da2896bd-438a-4f7f-9343-bd96e6f29722/element&amp#27;[39m
&amp#27;[35m[HTTP]&amp#27;[39m &amp#27;[90m{"using":"class name","value":"android.widget.EditText"}&amp#27;[39m
[debug] &amp#27;[35m[W3C (da2896bd)]&amp#27;[39m Calling AppiumDriver.findElement() with args: ["class name","android.widget.EditText","da2896bd-438a-4f7f-9343-bd96e6f29722"]
[debug] &amp#27;[35m[BaseDriver]&amp#27;[39m Valid locator strategies for this request: xpath, id, class name, accessibility id, css selector, -android uiautomator
[debug] &amp#27;[35m[BaseDriver]&amp#27;[39m Waiting up to 20000 ms for condition
[debug] &amp#27;[35m[WD Proxy]&amp#27;[39m Matched '/element' to command name 'findElement'
[debug] &amp#27;[35m[WD Proxy]&amp#27;[39m Proxying [POST /element] to [POST http://127.0.0.1:8200/wd/hub/session/2e74e7b9-85a6-478f-8ae2-621a49ed711a/element] with body: {"strategy":"class name","selector":"android.widget.EditText","context":"","multiple":false}
&amp#27;[35m[WD Proxy]&amp#27;[39m Got response with status 404: {"sessionId":"2e74e7b9-85a6-478f-8ae2-621a49ed711a","value":{"error":"no such element","message":"An element could not be located on the page using the given search parameters","stacktrace":"io.appium.uiautomator2.common.exceptions.ElementNotFoundException: An element could not be located on the page using the given search parameters\n\tat io.appium.uiautomator2.handler.FindElement.safeHandle(FindElement.java:70)\n\tat io.appium.uiautomator2.handler.request.SafeRequestHandler.handle(SafeRequestHandler.java:59)\n\tat io.appium.uiautomator2.server.AppiumServlet.handleRequest(AppiumServlet.java:266)\n\tat io.appium.uiautomator2.server.AppiumServlet.handleHttpRequest(AppiumServlet.java:260)\n\tat io.appium.uiautomator2.http.ServerHandler.channelRead(ServerHandler.java:68)\n\tat io.netty.channel.AbstractChannelHandlerContext.invokeChannelRead(AbstractChannelHandlerContext.java:366)\n\tat io.netty.channel.AbstractChannelHandlerContext.invokeChannelRead(AbstractChannelHandlerContext.java:352)\n\tat io.netty.chann...
[debug] &amp#27;[35m[W3C]&amp#27;[39m Matched W3C error code 'no such element' to NoSuchElementError
[debug] &amp#27;[35m[BaseDriver]&amp#27;[39m Waited for 89 ms so far
[debug] &amp#27;[35m[WD Proxy]&amp#27;[39m Matched '/element' to command name 'findElement'
[debug] &amp#27;[35m[WD Proxy]&amp#27;[39m Proxying [POST /element] to [POST http://127.0.0.1:8200/wd/hub/session/2e74e7b9-85a6-478f-8ae2-621a49ed711a/element] with body: {"strategy":"class name","selector":"android.widget.EditText","context":"","multiple":false}
[debug] &amp#27;[35m[WD Proxy]&amp#27;[39m Got response with status 200: {"sessionId":"2e74e7b9-85a6-478f-8ae2-621a49ed711a","value":{"ELEMENT":"00000000-0000-0aaf-ffff-ffff000004df","element-6066-11e4-a52e-4f735466cecf":"00000000-0000-0aaf-ffff-ffff000004df"}}
[debug] &amp#27;[35m[W3C (da2896bd)]&amp#27;[39m Responding to client with driver.findElement() result: {"element-6066-11e4-a52e-4f735466cecf":"00000000-0000-0aaf-ffff-ffff000004df","ELEMENT":"00000000-0000-0aaf-ffff-ffff000004df"}
&amp#27;[35m[HTTP]&amp#27;[39m &amp#27;[37m<-- POST /wd/hub/session/da2896bd-438a-4f7f-9343-bd96e6f29722/element &amp#27;[39m&amp#27;[32m200&amp#27;[39m &amp#27;[90m919 ms - 137&amp#27;[39m
&amp#27;[35m[HTTP]&amp#27;[39m &amp#27;[90m&amp#27;[39m
2023-05-28 09:16:51  &amp#27;[34m&amp#27;[0;39mINFO  &amp#27;[35m[main]&amp#27;[0;39m &amp#27;[33mtop.testeru.page.AppBasePage.find(AppBasePage.java:105)&amp#27;[0;39m -- 元素定位：AppiumBy.className: android.widget.EditText
&amp#27;[35m[HTTP]&amp#27;[39m &amp#27;[37m-->&amp#27;[39m &amp#27;[37mGET&amp#27;[39m &amp#27;[37m/wd/hub/session/da2896bd-438a-4f7f-9343-bd96e6f29722/screenshot&amp#27;[39m
&amp#27;[35m[HTTP]&amp#27;[39m &amp#27;[90m{}&amp#27;[39m
[debug] &amp#27;[35m[W3C (da2896bd)]&amp#27;[39m Calling AppiumDriver.getScreenshot() with args: ["da2896bd-438a-4f7f-9343-bd96e6f29722"]
[debug] &amp#27;[35m[WD Proxy]&amp#27;[39m Matched '/screenshot' to command name 'getScreenshot'
[debug] &amp#27;[35m[WD Proxy]&amp#27;[39m Proxying [GET /screenshot] to [GET http://127.0.0.1:8200/wd/hub/session/2e74e7b9-85a6-478f-8ae2-621a49ed711a/screenshot] with no body
[debug] &amp#27;[35m[WD Proxy]&amp#27;[39m Got response with status 200: {"sessionId":"2e74e7b9-85a6-478f-8ae2-621a49ed711a","value":"iVBORw0KGgoAAAANSUhEUgAABDgAAAlgCAYAAABtGofVAAAAAXNSR0IArs4c6QAAAARzQklUCAgI\nCHwIZIgAACAASURBVHic7N13dBtl+jbge9SbLbn3XuLE6T0kJCQhCSVA6L235aPvwsKyjQWW37Kw\ntG0QytJ7AqEnIQXSQwrpzXZc4t67ZJX5/pAtS5Zsy7ZsS859ncM5kTwjjfIGeeae930eYdbDW0UQ\nEREREREREQUwyXAfABERERERERHRQDHgICIiIiIiIqKAx4CDiIiIiIiIiAIeAw4iIiIiIiIiCngM\nOIiIiIiIiIgo4DHgICIiIiIiIqKAx4CDiIiIiIiIiAIeAw4iIiIiIiIiCngMOIiIiIiIiIgo4DHg\nICIiIiIiIqKAx4CDiIiIiIiIiAIeAw4iIiIiIiIiCngMOIiIiIiIiIgo4DHgICIiIiIiIqKAx4CD\niIiIiIiIiAIeAw4iIiIiIiIiCngMOIiIiIiIiIgo4DHgICIiIiIiIqKAx4CDiIiIiIiIiAIeAw4i\nIiIiIiIiCngMOIiIiIiIiIgo4DHgICIiIiIiIqKAx4CDiIiIiIiIiAIeAw4iIiIiIiIiCngMOIiI\niIiIiIgo4DHgICIiIiIiIqKAx4CDiIiIiIiIiAIeAw4iIiIiIiIiCngMOIiIiIiIiIgo4DHgICIi\nIiIiIqKAx4CDiIiIiIiIiAIeAw4iIiIiIiIiCngMOIiIiIiIiIgo4MmG+wD8yYLxYUiJUjseH8hv\nxM4T9UP2/k9dlwmJAOzPb8S2Y3UoqGgdsvemoSEIQHZiEMYm6hBlUCLKoEB5XRtKa004UNCII0VN\n3e6rVkixZHI4DhY0Iae0eQiPmoiIiAJRlEGJ+HAV5FIBRVVGFFcbh/uQyMc4xkSuGHA4mZ5pwOws\ng+Ox1YYhCzhGxWkxPjkIAoBx...
[debug] &amp#27;[35m[W3C (da2896bd)]&amp#27;[39m Responding to client with driver.getScreenshot() result: "iVBORw0KGgoAAAANSUhEUgAABDgAAAlgCAYAAABtGofVAAAAAXNSR0IArs4c6QAAAARzQklUCAgI\nCHwIZIgAACAASURBVHic7N13dBtl+jbge9SbLbn3XuLE6T0kJCQhCSVA6L235aPvwsKyjQWW37Kw\ntG0QytJ7AqEnIQXSQwrpzXZc4t67ZJX5/pAtS5Zsy7ZsS859ncM5kTwjjfIGeeae930eYdbDW0UQ\nEREREREREQUwyXAfABERERERERHRQDHgICIiIiIiIqKAx4CDiIiIiIiIiAIeAw4iIiIiIiIiCngM\nOIiIiIiIiIgo4DHgICIiIiIiIqKAx4CDiIiIiIiIiAIeAw4iIiIiIiIiCngMOIiIiIiIiIgo4DHg\nICIiIiIiIqKAx4CDiIiIiIiIiAIeAw4iIiIiIiIiCngMOIiIiIiIiIgo4DHgICIiIiIiIqKAx4CD\niIiIiIiIiAIeAw4iIiIiIiIiCngMOIiIiIiIiIgo4DHgICIiIiIiIqKAx4CDiIiIiIiIiAIeAw4i\nIiIiIiIiCngMOIiIiIiIiIgo4DHgICIiIiIiIqKAx4CDiIiIiIiIiAIeAw4iIiIiIiIiCngMOIiI\niIiIiIgo4DHgICIiIiIiIqKAx4CDiIiIiIiIiAIeAw4iIiIiIiIiCngMOIiIiIiIiIgo4DHgICIi\nIiIiIqKAx4CDiIiIiIiIiAIeAw4iIiIiIiIiCngMOIiIiIiIiIgo4MmG+wD8yYLxYUiJUjseH8hv\nxM4T9UP2/k9dlwmJAOzPb8S2Y3UoqGgdsvemoSEIQHZiEMYm6hBlUCLKoEB5XRtKa004UNCII0VN\n3e6rVkixZHI4DhY0Iae0eQiPmoiIiAJRlEGJ+HAV5FIBRVVGFFcbh/uQyMc4xkSuGHA4mZ5pwOws\ng+Ox1YYhCzhGxWkxPjkIAoBxSUG4bHY0bn35AOpbLEPy/jT4Hro4BbOyQqCQCi7Pj0vq/HObVcS2\no7V47v...
&amp#27;[35m[HTTP]&amp#27;[39m &amp#27;[37m<-- GET /wd/hub/session/da2896bd-438a-4f7f-9343-bd96e6f29722/screenshot &amp#27;[39m&amp#27;[32m200&amp#27;[39m &amp#27;[90m240 ms - 142018&amp#27;[39m
&amp#27;[35m[HTTP]&amp#27;[39m &amp#27;[90m&amp#27;[39m
&amp#27;[35m[HTTP]&amp#27;[39m &amp#27;[37m-->&amp#27;[39m &amp#27;[37mGET&amp#27;[39m &amp#27;[37m/wd/hub/session/da2896bd-438a-4f7f-9343-bd96e6f29722/element/00000000-0000-0aaf-ffff-ffff000004df/rect&amp#27;[39m
&amp#27;[35m[HTTP]&amp#27;[39m &amp#27;[90m{}&amp#27;[39m
&amp#27;[35m[W3C (da2896bd)]&amp#27;[39m Driver proxy active, passing request on via HTTP proxy
[debug] &amp#27;[35m[WD Proxy]&amp#27;[39m Matched '/wd/hub/session/da2896bd-438a-4f7f-9343-bd96e6f29722/element/00000000-0000-0aaf-ffff-ffff000004df/rect' to command name 'getElementRect'
[debug] &amp#27;[35m[WD Proxy]&amp#27;[39m Proxying [GET /wd/hub/session/da2896bd-438a-4f7f-9343-bd96e6f29722/element/00000000-0000-0aaf-ffff-ffff000004df/rect] to [GET http://127.0.0.1:8200/wd/hub/session/2e74e7b9-85a6-478f-8ae2-621a49ed711a/element/00000000-0000-0aaf-ffff-ffff000004df/rect] with no body
[debug] &amp#27;[35m[WD Proxy]&amp#27;[39m Got response with status 200: {"sessionId":"2e74e7b9-85a6-478f-8ae2-621a49ed711a","value":{"height":136,"width":749,"x":303,"y":362}}
&amp#27;[35m[WD Proxy]&amp#27;[39m Replacing sessionId 2e74e7b9-85a6-478f-8ae2-621a49ed711a with da2896bd-438a-4f7f-9343-bd96e6f29722
&amp#27;[35m[HTTP]&amp#27;[39m &amp#27;[37m<-- GET /wd/hub/session/da2896bd-438a-4f7f-9343-bd96e6f29722/element/00000000-0000-0aaf-ffff-ffff000004df/rect &amp#27;[39m&amp#27;[32m200&amp#27;[39m &amp#27;[90m10 ms - 103&amp#27;[39m
&amp#27;[35m[HTTP]&amp#27;[39m &amp#27;[90m&amp#27;[39m
&amp#27;[35m[HTTP]&amp#27;[39m &amp#27;[37m-->&amp#27;[39m &amp#27;[37mGET&amp#27;[39m &amp#27;[37m/wd/hub/session/da2896bd-438a-4f7f-9343-bd96e6f29722/element/00000000-0000-0aaf-ffff-ffff000004df/rect&amp#27;[39m
&amp#27;[35m[HTTP]&amp#27;[39m &amp#27;[90m{}&amp#27;[39m
&amp#27;[35m[W3C (da2896bd)]&amp#27;[39m Driver proxy active, passing request on via HTTP proxy
[debug] &amp#27;[35m[WD Proxy]&amp#27;[39m Matched '/wd/hub/session/da2896bd-438a-4f7f-9343-bd96e6f29722/element/00000000-0000-0aaf-ffff-ffff000004df/rect' to command name 'getElementRect'
[debug] &amp#27;[35m[WD Proxy]&amp#27;[39m Proxying [GET /wd/hub/session/da2896bd-438a-4f7f-9343-bd96e6f29722/element/00000000-0000-0aaf-ffff-ffff000004df/rect] to [GET http://127.0.0.1:8200/wd/hub/session/2e74e7b9-85a6-478f-8ae2-621a49ed711a/element/00000000-0000-0aaf-ffff-ffff000004df/rect] with no body
[debug] &amp#27;[35m[WD Proxy]&amp#27;[39m Got response with status 200: {"sessionId":"2e74e7b9-85a6-478f-8ae2-621a49ed711a","value":{"height":136,"width":749,"x":303,"y":362}}
&amp#27;[35m[WD Proxy]&amp#27;[39m Replacing sessionId 2e74e7b9-85a6-478f-8ae2-621a49ed711a with da2896bd-438a-4f7f-9343-bd96e6f29722
&amp#27;[35m[HTTP]&amp#27;[39m &amp#27;[37m<-- GET /wd/hub/session/da2896bd-438a-4f7f-9343-bd96e6f29722/element/00000000-0000-0aaf-ffff-ffff000004df/rect &amp#27;[39m&amp#27;[32m200&amp#27;[39m &amp#27;[90m5 ms - 103&amp#27;[39m
&amp#27;[35m[HTTP]&amp#27;[39m &amp#27;[90m&amp#27;[39m
2023-05-28 09:16:51  &amp#27;[34m&amp#27;[0;39mINFO  &amp#27;[35m[main]&amp#27;[0;39m &amp#27;[33mtop.testeru.page.AppBasePage.ElementScreenBase(AppBasePage.java:211)&amp#27;[0;39m -- location=$(303, 362) size=$(749, 136) x=$303 y=$362 width=$749 height=$136
&amp#27;[35m[HTTP]&amp#27;[39m &amp#27;[37m-->&amp#27;[39m &amp#27;[37mPOST&amp#27;[39m &amp#27;[37m/wd/hub/session/da2896bd-438a-4f7f-9343-bd96e6f29722/element/00000000-0000-0aaf-ffff-ffff000004df/clear&amp#27;[39m
&amp#27;[35m[HTTP]&amp#27;[39m &amp#27;[90m{"id":"00000000-0000-0aaf-ffff-ffff000004df"}&amp#27;[39m
[debug] &amp#27;[35m[W3C (da2896bd)]&amp#27;[39m Calling AppiumDriver.clear() with args: ["00000000-0000-0aaf-ffff-ffff000004df","da2896bd-438a-4f7f-9343-bd96e6f29722"]
[debug] &amp#27;[35m[WD Proxy]&amp#27;[39m Matched '/element/00000000-0000-0aaf-ffff-ffff000004df/clear' to command name 'clear'
[debug] &amp#27;[35m[WD Proxy]&amp#27;[39m Proxying [POST /element/00000000-0000-0aaf-ffff-ffff000004df/clear] to [POST http://127.0.0.1:8200/wd/hub/session/2e74e7b9-85a6-478f-8ae2-621a49ed711a/element/00000000-0000-0aaf-ffff-ffff000004df/clear] with body: {"elementId":"00000000-0000-0aaf-ffff-ffff000004df"}
[debug] &amp#27;[35m[WD Proxy]&amp#27;[39m Got response with status 200: {"sessionId":"2e74e7b9-85a6-478f-8ae2-621a49ed711a","value":null}
[debug] &amp#27;[35m[W3C (da2896bd)]&amp#27;[39m Responding to client with driver.clear() result: null
&amp#27;[35m[HTTP]&amp#27;[39m &amp#27;[37m<-- POST /wd/hub/session/da2896bd-438a-4f7f-9343-bd96e6f29722/element/00000000-0000-0aaf-ffff-ffff000004df/clear &amp#27;[39m&amp#27;[32m200&amp#27;[39m &amp#27;[90m8 ms - 14&amp#27;[39m
&amp#27;[35m[HTTP]&amp#27;[39m &amp#27;[90m&amp#27;[39m
&amp#27;[35m[HTTP]&amp#27;[39m &amp#27;[37m-->&amp#27;[39m &amp#27;[37mPOST&amp#27;[39m &amp#27;[37m/wd/hub/session/da2896bd-438a-4f7f-9343-bd96e6f29722/element/00000000-0000-0aaf-ffff-ffff000004df/value&amp#27;[39m
&amp#27;[35m[HTTP]&amp#27;[39m &amp#27;[90m{"id":"00000000-0000-0aaf-ffff-ffff000004df","text":"高越泽","value":["高","越","泽"]}&amp#27;[39m
[debug] &amp#27;[35m[W3C (da2896bd)]&amp#27;[39m Calling AppiumDriver.setValue() with args: [["高","越","泽"],"00000000-0000-0aaf-ffff-ffff000004df","da2896bd-438a-4f7f-9343-bd96e6f29722"]
[debug] &amp#27;[35m[WD Proxy]&amp#27;[39m Matched '/element/00000000-0000-0aaf-ffff-ffff000004df/value' to command name 'setValue'
[debug] &amp#27;[35m[Protocol Converter]&amp#27;[39m Added 'value' property ["高","越","泽"] to 'setValue' request body
[debug] &amp#27;[35m[WD Proxy]&amp#27;[39m Proxying [POST /element/00000000-0000-0aaf-ffff-ffff000004df/value] to [POST http://127.0.0.1:8200/wd/hub/session/2e74e7b9-85a6-478f-8ae2-621a49ed711a/element/00000000-0000-0aaf-ffff-ffff000004df/value] with body: {"elementId":"00000000-0000-0aaf-ffff-ffff000004df","text":"高越泽","replace":false,"value":["高","越","泽"]}
[debug] &amp#27;[35m[WD Proxy]&amp#27;[39m Got response with status 200: {"sessionId":"2e74e7b9-85a6-478f-8ae2-621a49ed711a","value":null}
[debug] &amp#27;[35m[W3C (da2896bd)]&amp#27;[39m Responding to client with driver.setValue() result: null
&amp#27;[35m[HTTP]&amp#27;[39m &amp#27;[37m<-- POST /wd/hub/session/da2896bd-438a-4f7f-9343-bd96e6f29722/element/00000000-0000-0aaf-ffff-ffff000004df/value &amp#27;[39m&amp#27;[32m200&amp#27;[39m &amp#27;[90m1047 ms - 14&amp#27;[39m
&amp#27;[35m[HTTP]&amp#27;[39m &amp#27;[90m&amp#27;[39m
&amp#27;[35m[HTTP]&amp#27;[39m &amp#27;[37m-->&amp#27;[39m &amp#27;[37mPOST&amp#27;[39m &amp#27;[37m/wd/hub/session/da2896bd-438a-4f7f-9343-bd96e6f29722/elements&amp#27;[39m
&amp#27;[35m[HTTP]&amp#27;[39m &amp#27;[90m{"using":"class name","value":"android.widget.EditText"}&amp#27;[39m
[debug] &amp#27;[35m[W3C (da2896bd)]&amp#27;[39m Calling AppiumDriver.findElements() with args: ["class name","android.widget.EditText","da2896bd-438a-4f7f-9343-bd96e6f29722"]
[debug] &amp#27;[35m[BaseDriver]&amp#27;[39m Valid locator strategies for this request: xpath, id, class name, accessibility id, css selector, -android uiautomator
[debug] &amp#27;[35m[BaseDriver]&amp#27;[39m Waiting up to 20000 ms for condition
[debug] &amp#27;[35m[WD Proxy]&amp#27;[39m Matched '/elements' to command name 'findElements'
[debug] &amp#27;[35m[WD Proxy]&amp#27;[39m Proxying [POST /elements] to [POST http://127.0.0.1:8200/wd/hub/session/2e74e7b9-85a6-478f-8ae2-621a49ed711a/elements] with body: {"strategy":"class name","selector":"android.widget.EditText","context":"","multiple":true}
[debug] &amp#27;[35m[WD Proxy]&amp#27;[39m Got response with status 200: {"sessionId":"2e74e7b9-85a6-478f-8ae2-621a49ed711a","value":[{"ELEMENT":"00000000-0000-0aaf-ffff-ffff000004df","element-6066-11e4-a52e-4f735466cecf":"00000000-0000-0aaf-ffff-ffff000004df"},{"ELEMENT":"00000000-0000-0aaf-ffff-ffff000004ea","element-6066-11e4-a52e-4f735466cecf":"00000000-0000-0aaf-ffff-ffff000004ea"}]}
[debug] &amp#27;[35m[W3C (da2896bd)]&amp#27;[39m Responding to client with driver.findElements() result: [{"element-6066-11e4-a52e-4f735466cecf":"00000000-0000-0aaf-ffff-ffff000004df","ELEMENT":"00000000-0000-0aaf-ffff-ffff000004df"},{"element-6066-11e4-a52e-4f735466cecf":"00000000-0000-0aaf-ffff-ffff000004ea","ELEMENT":"00000000-0000-0aaf-ffff-ffff000004ea"}]
&amp#27;[35m[HTTP]&amp#27;[39m &amp#27;[37m<-- POST /wd/hub/session/da2896bd-438a-4f7f-9343-bd96e6f29722/elements &amp#27;[39m&amp#27;[32m200&amp#27;[39m &amp#27;[90m500 ms - 267&amp#27;[39m
&amp#27;[35m[HTTP]&amp#27;[39m &amp#27;[90m&amp#27;[39m
&amp#27;[35m[HTTP]&amp#27;[39m &amp#27;[37m-->&amp#27;[39m &amp#27;[37mPOST&amp#27;[39m &amp#27;[37m/wd/hub/session/da2896bd-438a-4f7f-9343-bd96e6f29722/element/00000000-0000-0aaf-ffff-ffff000004ea/clear&amp#27;[39m
&amp#27;[35m[HTTP]&amp#27;[39m &amp#27;[90m{"id":"00000000-0000-0aaf-ffff-ffff000004ea"}&amp#27;[39m
[debug] &amp#27;[35m[W3C (da2896bd)]&amp#27;[39m Calling AppiumDriver.clear() with args: ["00000000-0000-0aaf-ffff-ffff000004ea","da2896bd-438a-4f7f-9343-bd96e6f29722"]
[debug] &amp#27;[35m[WD Proxy]&amp#27;[39m Matched '/element/00000000-0000-0aaf-ffff-ffff000004ea/clear' to command name 'clear'
[debug] &amp#27;[35m[WD Proxy]&amp#27;[39m Proxying [POST /element/00000000-0000-0aaf-ffff-ffff000004ea/clear] to [POST http://127.0.0.1:8200/wd/hub/session/2e74e7b9-85a6-478f-8ae2-621a49ed711a/element/00000000-0000-0aaf-ffff-ffff000004ea/clear] with body: {"elementId":"00000000-0000-0aaf-ffff-ffff000004ea"}
[debug] &amp#27;[35m[WD Proxy]&amp#27;[39m Got response with status 200: {"sessionId":"2e74e7b9-85a6-478f-8ae2-621a49ed711a","value":null}
[debug] &amp#27;[35m[W3C (da2896bd)]&amp#27;[39m Responding to client with driver.clear() result: null
&amp#27;[35m[HTTP]&amp#27;[39m &amp#27;[37m<-- POST /wd/hub/session/da2896bd-438a-4f7f-9343-bd96e6f29722/element/00000000-0000-0aaf-ffff-ffff000004ea/clear &amp#27;[39m&amp#27;[32m200&amp#27;[39m &amp#27;[90m8 ms - 14&amp#27;[39m
&amp#27;[35m[HTTP]&amp#27;[39m &amp#27;[90m&amp#27;[39m
&amp#27;[35m[HTTP]&amp#27;[39m &amp#27;[37m-->&amp#27;[39m &amp#27;[37mPOST&amp#27;[39m &amp#27;[37m/wd/hub/session/da2896bd-438a-4f7f-9343-bd96e6f29722/element/00000000-0000-0aaf-ffff-ffff000004ea/value&amp#27;[39m
&amp#27;[35m[HTTP]&amp#27;[39m &amp#27;[90m{"id":"00000000-0000-0aaf-ffff-ffff000004ea","text":"13670362061","value":["1","3","6","7","0","3","6","2","0","6","1"]}&amp#27;[39m
[debug] &amp#27;[35m[W3C (da2896bd)]&amp#27;[39m Calling AppiumDriver.setValue() with args: [["1","3","6","7","0","3","6","2","0","6","1"],"00000000-0000-0aaf-ffff-ffff000004ea","da2896bd-438a-4f7f-9343-bd96e6f29722"]
[debug] &amp#27;[35m[WD Proxy]&amp#27;[39m Matched '/element/00000000-0000-0aaf-ffff-ffff000004ea/value' to command name 'setValue'
[debug] &amp#27;[35m[Protocol Converter]&amp#27;[39m Added 'value' property ["1","3","6","7","0","3","6","2","0","6","1"] to 'setValue' request body
[debug] &amp#27;[35m[WD Proxy]&amp#27;[39m Proxying [POST /element/00000000-0000-0aaf-ffff-ffff000004ea/value] to [POST http://127.0.0.1:8200/wd/hub/session/2e74e7b9-85a6-478f-8ae2-621a49ed711a/element/00000000-0000-0aaf-ffff-ffff000004ea/value] with body: {"elementId":"00000000-0000-0aaf-ffff-ffff000004ea","text":"13670362061","replace":false,"value":["1","3","6","7","0","3","6","2","0","6","1"]}
[debug] &amp#27;[35m[WD Proxy]&amp#27;[39m Got response with status 200: {"sessionId":"2e74e7b9-85a6-478f-8ae2-621a49ed711a","value":null}
[debug] &amp#27;[35m[W3C (da2896bd)]&amp#27;[39m Responding to client with driver.setValue() result: null
&amp#27;[35m[HTTP]&amp#27;[39m &amp#27;[37m<-- POST /wd/hub/session/da2896bd-438a-4f7f-9343-bd96e6f29722/element/00000000-0000-0aaf-ffff-ffff000004ea/value &amp#27;[39m&amp#27;[32m200&amp#27;[39m &amp#27;[90m514 ms - 14&amp#27;[39m
&amp#27;[35m[HTTP]&amp#27;[39m &amp#27;[90m&amp#27;[39m
&amp#27;[35m[HTTP]&amp#27;[39m &amp#27;[37m-->&amp#27;[39m &amp#27;[37mPOST&amp#27;[39m &amp#27;[37m/wd/hub/session/da2896bd-438a-4f7f-9343-bd96e6f29722/element&amp#27;[39m
&amp#27;[35m[HTTP]&amp#27;[39m &amp#27;[90m{"using":"-android uiautomator","value":"new UiSelector().text(\"保存\")"}&amp#27;[39m
[debug] &amp#27;[35m[W3C (da2896bd)]&amp#27;[39m Calling AppiumDriver.findElement() with args: ["-android uiautomator","new UiSelector().text(\"保存\")","da2896bd-438a-4f7f-9343-bd96e6f29722"]
[debug] &amp#27;[35m[BaseDriver]&amp#27;[39m Valid locator strategies for this request: xpath, id, class name, accessibility id, css selector, -android uiautomator
[debug] &amp#27;[35m[BaseDriver]&amp#27;[39m Waiting up to 20000 ms for condition
[debug] &amp#27;[35m[WD Proxy]&amp#27;[39m Matched '/element' to command name 'findElement'
[debug] &amp#27;[35m[WD Proxy]&amp#27;[39m Proxying [POST /element] to [POST http://127.0.0.1:8200/wd/hub/session/2e74e7b9-85a6-478f-8ae2-621a49ed711a/element] with body: {"strategy":"-android uiautomator","selector":"new UiSelector().text(\"保存\")","context":"","multiple":false}
[debug] &amp#27;[35m[WD Proxy]&amp#27;[39m Got response with status 200: {"sessionId":"2e74e7b9-85a6-478f-8ae2-621a49ed711a","value":{"ELEMENT":"00000000-0000-0aaf-ffff-ffff000004ef","element-6066-11e4-a52e-4f735466cecf":"00000000-0000-0aaf-ffff-ffff000004ef"}}
[debug] &amp#27;[35m[W3C (da2896bd)]&amp#27;[39m Responding to client with driver.findElement() result: {"element-6066-11e4-a52e-4f735466cecf":"00000000-0000-0aaf-ffff-ffff000004ef","ELEMENT":"00000000-0000-0aaf-ffff-ffff000004ef"}
&amp#27;[35m[HTTP]&amp#27;[39m &amp#27;[37m<-- POST /wd/hub/session/da2896bd-438a-4f7f-9343-bd96e6f29722/element &amp#27;[39m&amp#27;[32m200&amp#27;[39m &amp#27;[90m498 ms - 137&amp#27;[39m
&amp#27;[35m[HTTP]&amp#27;[39m &amp#27;[90m&amp#27;[39m
2023-05-28 09:16:54  &amp#27;[34m&amp#27;[0;39mINFO  &amp#27;[35m[main]&amp#27;[0;39m &amp#27;[33mtop.testeru.page.AppBasePage.find(AppBasePage.java:105)&amp#27;[0;39m -- 元素定位：AppiumBy.androidUIAutomator: new UiSelector().text("保存")
&amp#27;[35m[HTTP]&amp#27;[39m &amp#27;[37m-->&amp#27;[39m &amp#27;[37mGET&amp#27;[39m &amp#27;[37m/wd/hub/session/da2896bd-438a-4f7f-9343-bd96e6f29722/screenshot&amp#27;[39m
&amp#27;[35m[HTTP]&amp#27;[39m &amp#27;[90m{}&amp#27;[39m
[debug] &amp#27;[35m[W3C (da2896bd)]&amp#27;[39m Calling AppiumDriver.getScreenshot() with args: ["da2896bd-438a-4f7f-9343-bd96e6f29722"]
[debug] &amp#27;[35m[WD Proxy]&amp#27;[39m Matched '/screenshot' to command name 'getScreenshot'
[debug] &amp#27;[35m[WD Proxy]&amp#27;[39m Proxying [GET /screenshot] to [GET http://127.0.0.1:8200/wd/hub/session/2e74e7b9-85a6-478f-8ae2-621a49ed711a/screenshot] with no body
[debug] &amp#27;[35m[WD Proxy]&amp#27;[39m Got response with status 200: {"sessionId":"2e74e7b9-85a6-478f-8ae2-621a49ed711a","value":"iVBORw0KGgoAAAANSUhEUgAABDgAAAlgCAYAAABtGofVAAAAAXNSR0IArs4c6QAAAARzQklUCAgI\nCHwIZIgAACAASURBVHic7N13eFRl2gbw+0wvSWbSe08gEHpHEAQELKDYe2/rZ9/VtWxz1XXX1bVt\nU0RXxa6g2AEpSkeK9BZCCum9TDKTKef7Y5LJTGaSTJJJMhPu33XttczknJkzvDg55z7v+zzC9Ee2\niiAiIiIiIiIiCmCSwT4AIiIiIiIiIqK+YsBBRERERERERAGPAQcRERERERERBTwGHEREREREREQU\n8BhwEBEREREREVHAY8BBRERERERERAGPAQcRERERERERBTwGHEREREREREQU8BhwEBEREREREVHA\nY8BBRERERERERAGPAQcRERERERERBTwGHEREREREREQU8BhwEBEREREREVHAY8BBRERERERERAGP\nAQcRERERERERBTwGHEREREREREQU8BhwEBEREREREVHAY8BBRERERERERAGPAQcRERERERERBTwG\nHEREREREREQU8BhwEBEREREREVHAY8BBRERERERERAGPAQcRERERERERBTwGHEREREREREQU8Bhw\nEBEREREREVHAY8BBRERERERERAGPAQcRERERERERBTwGHEREREREREQU8BhwEBEREREREVHAY8BB\nRERERERERAGPAQcRERERERERBTwGHEREREREREQU8BhwEBEREREREVHAkw32AfiTuWPCkRqtdjw+\nkNeAnSfqBuz9n7l+GCQCsD+vAduO1SK/vHnA3psGhiAA2UnBGJUUhGi9EtF6BcpqW1BSY8KB/AYc\nKWzsdF+1QoqFEyJwML8ROSWGATxqIiIiCkTReiUSIlSQSwUUVhpRVGUc7EMiH+MYE7liwOFkyjA9\nZmTpHY+tNgxYwDE8XosxKcEQ...
[debug] &amp#27;[35m[W3C (da2896bd)]&amp#27;[39m Responding to client with driver.getScreenshot() result: "iVBORw0KGgoAAAANSUhEUgAABDgAAAlgCAYAAABtGofVAAAAAXNSR0IArs4c6QAAAARzQklUCAgI\nCHwIZIgAACAASURBVHic7N13eFRl2gbw+0wvSWbSe08gEHpHEAQELKDYe2/rZ9/VtWxz1XXX1bVt\nU0RXxa6g2AEpSkeK9BZCCum9TDKTKef7Y5LJTGaSTJJJMhPu33XttczknJkzvDg55z7v+zzC9Ee2\niiAiIiIiIiIiCmCSwT4AIiIiIiIiIqK+YsBBRERERERERAGPAQcRERERERERBTwGHEREREREREQU\n8BhwEBEREREREVHAY8BBRERERERERAGPAQcRERERERERBTwGHEREREREREQU8BhwEBEREREREVHA\nY8BBRERERERERAGPAQcRERERERERBTwGHEREREREREQU8BhwEBEREREREVHAY8BBRERERERERAGP\nAQcRERERERERBTwGHEREREREREQU8BhwEBEREREREVHAY8BBRERERERERAGPAQcRERERERERBTwG\nHEREREREREQU8BhwEBEREREREVHAY8BBRERERERERAGPAQcRERERERERBTwGHEREREREREQU8Bhw\nEBEREREREVHAY8BBRERERERERAGPAQcRERERERERBTwGHEREREREREQU8BhwEBEREREREVHAY8BB\nRERERERERAGPAQcRERERERERBTwGHEREREREREQU8BhwEBEREREREVHAkw32AfiTuWPCkRqtdjw+\nkNeAnSfqBuz9n7l+GCQCsD+vAduO1SK/vHnA3psGhiAA2UnBGJUUhGi9EtF6BcpqW1BSY8KB/AYc\nKWzsdF+1QoqFEyJwML8ROSWGATxqIiIiCkTReiUSIlSQSwUUVhpRVGUc7EMiH+MYE7liwOFkyjA9\nZmTpHY+tNgxYwDE8XosxKcEQAIxODsblM2Jw26sHUNdkGZD3p/738CWpmJ4VCoVUcHl+dHL7n1us\nIrYdrc...
&amp#27;[35m[HTTP]&amp#27;[39m &amp#27;[37m<-- GET /wd/hub/session/da2896bd-438a-4f7f-9343-bd96e6f29722/screenshot &amp#27;[39m&amp#27;[32m200&amp#27;[39m &amp#27;[90m224 ms - 145504&amp#27;[39m
&amp#27;[35m[HTTP]&amp#27;[39m &amp#27;[90m&amp#27;[39m
&amp#27;[35m[HTTP]&amp#27;[39m &amp#27;[37m-->&amp#27;[39m &amp#27;[37mGET&amp#27;[39m &amp#27;[37m/wd/hub/session/da2896bd-438a-4f7f-9343-bd96e6f29722/element/00000000-0000-0aaf-ffff-ffff000004ef/rect&amp#27;[39m
&amp#27;[35m[HTTP]&amp#27;[39m &amp#27;[90m{}&amp#27;[39m
&amp#27;[35m[W3C (da2896bd)]&amp#27;[39m Driver proxy active, passing request on via HTTP proxy
[debug] &amp#27;[35m[WD Proxy]&amp#27;[39m Matched '/wd/hub/session/da2896bd-438a-4f7f-9343-bd96e6f29722/element/00000000-0000-0aaf-ffff-ffff000004ef/rect' to command name 'getElementRect'
[debug] &amp#27;[35m[WD Proxy]&amp#27;[39m Proxying [GET /wd/hub/session/da2896bd-438a-4f7f-9343-bd96e6f29722/element/00000000-0000-0aaf-ffff-ffff000004ef/rect] to [GET http://127.0.0.1:8200/wd/hub/session/2e74e7b9-85a6-478f-8ae2-621a49ed711a/element/00000000-0000-0aaf-ffff-ffff000004ef/rect] with no body
[debug] &amp#27;[35m[WD Proxy]&amp#27;[39m Got response with status 200: {"sessionId":"2e74e7b9-85a6-478f-8ae2-621a49ed711a","value":{"height":110,"width":490,"x":33,"y":748}}
&amp#27;[35m[WD Proxy]&amp#27;[39m Replacing sessionId 2e74e7b9-85a6-478f-8ae2-621a49ed711a with da2896bd-438a-4f7f-9343-bd96e6f29722
&amp#27;[35m[HTTP]&amp#27;[39m &amp#27;[37m<-- GET /wd/hub/session/da2896bd-438a-4f7f-9343-bd96e6f29722/element/00000000-0000-0aaf-ffff-ffff000004ef/rect &amp#27;[39m&amp#27;[32m200&amp#27;[39m &amp#27;[90m9 ms - 102&amp#27;[39m
&amp#27;[35m[HTTP]&amp#27;[39m &amp#27;[90m&amp#27;[39m
&amp#27;[35m[HTTP]&amp#27;[39m &amp#27;[37m-->&amp#27;[39m &amp#27;[37mGET&amp#27;[39m &amp#27;[37m/wd/hub/session/da2896bd-438a-4f7f-9343-bd96e6f29722/element/00000000-0000-0aaf-ffff-ffff000004ef/rect&amp#27;[39m
&amp#27;[35m[HTTP]&amp#27;[39m &amp#27;[90m{}&amp#27;[39m
&amp#27;[35m[W3C (da2896bd)]&amp#27;[39m Driver proxy active, passing request on via HTTP proxy
[debug] &amp#27;[35m[WD Proxy]&amp#27;[39m Matched '/wd/hub/session/da2896bd-438a-4f7f-9343-bd96e6f29722/element/00000000-0000-0aaf-ffff-ffff000004ef/rect' to command name 'getElementRect'
[debug] &amp#27;[35m[WD Proxy]&amp#27;[39m Proxying [GET /wd/hub/session/da2896bd-438a-4f7f-9343-bd96e6f29722/element/00000000-0000-0aaf-ffff-ffff000004ef/rect] to [GET http://127.0.0.1:8200/wd/hub/session/2e74e7b9-85a6-478f-8ae2-621a49ed711a/element/00000000-0000-0aaf-ffff-ffff000004ef/rect] with no body
[debug] &amp#27;[35m[WD Proxy]&amp#27;[39m Got response with status 200: {"sessionId":"2e74e7b9-85a6-478f-8ae2-621a49ed711a","value":{"height":110,"width":490,"x":33,"y":748}}
&amp#27;[35m[WD Proxy]&amp#27;[39m Replacing sessionId 2e74e7b9-85a6-478f-8ae2-621a49ed711a with da2896bd-438a-4f7f-9343-bd96e6f29722
&amp#27;[35m[HTTP]&amp#27;[39m &amp#27;[37m<-- GET /wd/hub/session/da2896bd-438a-4f7f-9343-bd96e6f29722/element/00000000-0000-0aaf-ffff-ffff000004ef/rect &amp#27;[39m&amp#27;[32m200&amp#27;[39m &amp#27;[90m5 ms - 102&amp#27;[39m
&amp#27;[35m[HTTP]&amp#27;[39m &amp#27;[90m&amp#27;[39m
2023-05-28 09:16:54  &amp#27;[34m&amp#27;[0;39mINFO  &amp#27;[35m[main]&amp#27;[0;39m &amp#27;[33mtop.testeru.page.AppBasePage.ElementScreenBase(AppBasePage.java:211)&amp#27;[0;39m -- location=$(33, 748) size=$(490, 110) x=$33 y=$748 width=$490 height=$110
&amp#27;[35m[HTTP]&amp#27;[39m &amp#27;[37m-->&amp#27;[39m &amp#27;[37mPOST&amp#27;[39m &amp#27;[37m/wd/hub/session/da2896bd-438a-4f7f-9343-bd96e6f29722/element/00000000-0000-0aaf-ffff-ffff000004ef/click&amp#27;[39m
&amp#27;[35m[HTTP]&amp#27;[39m &amp#27;[90m{"id":"00000000-0000-0aaf-ffff-ffff000004ef"}&amp#27;[39m
[debug] &amp#27;[35m[W3C (da2896bd)]&amp#27;[39m Calling AppiumDriver.click() with args: ["00000000-0000-0aaf-ffff-ffff000004ef","da2896bd-438a-4f7f-9343-bd96e6f29722"]
[debug] &amp#27;[35m[WD Proxy]&amp#27;[39m Matched '/element/00000000-0000-0aaf-ffff-ffff000004ef/click' to command name 'click'
[debug] &amp#27;[35m[WD Proxy]&amp#27;[39m Proxying [POST /element/00000000-0000-0aaf-ffff-ffff000004ef/click] to [POST http://127.0.0.1:8200/wd/hub/session/2e74e7b9-85a6-478f-8ae2-621a49ed711a/element/00000000-0000-0aaf-ffff-ffff000004ef/click] with body: {"element":"00000000-0000-0aaf-ffff-ffff000004ef"}
[debug] &amp#27;[35m[WD Proxy]&amp#27;[39m Got response with status 200: {"sessionId":"2e74e7b9-85a6-478f-8ae2-621a49ed711a","value":null}
[debug] &amp#27;[35m[W3C (da2896bd)]&amp#27;[39m Responding to client with driver.click() result: null
&amp#27;[35m[HTTP]&amp#27;[39m &amp#27;[37m<-- POST /wd/hub/session/da2896bd-438a-4f7f-9343-bd96e6f29722/element/00000000-0000-0aaf-ffff-ffff000004ef/click &amp#27;[39m&amp#27;[32m200&amp#27;[39m &amp#27;[90m43 ms - 14&amp#27;[39m
&amp#27;[35m[HTTP]&amp#27;[39m &amp#27;[90m&amp#27;[39m
&amp#27;[35m[HTTP]&amp#27;[39m &amp#27;[37m-->&amp#27;[39m &amp#27;[37mGET&amp#27;[39m &amp#27;[37m/wd/hub/session/da2896bd-438a-4f7f-9343-bd96e6f29722/source&amp#27;[39m
&amp#27;[35m[HTTP]&amp#27;[39m &amp#27;[90m{}&amp#27;[39m
&amp#27;[35m[W3C (da2896bd)]&amp#27;[39m Driver proxy active, passing request on via HTTP proxy
[debug] &amp#27;[35m[WD Proxy]&amp#27;[39m Matched '/wd/hub/session/da2896bd-438a-4f7f-9343-bd96e6f29722/source' to command name 'getPageSource'
[debug] &amp#27;[35m[WD Proxy]&amp#27;[39m Proxying [GET /wd/hub/session/da2896bd-438a-4f7f-9343-bd96e6f29722/source] to [GET http://127.0.0.1:8200/wd/hub/session/2e74e7b9-85a6-478f-8ae2-621a49ed711a/source] with no body
[debug] &amp#27;[35m[WD Proxy]&amp#27;[39m Got response with status 200: {"sessionId":"2e74e7b9-85a6-478f-8ae2-621a49ed711a","value":"<?xml version='1.0' encoding='UTF-8' standalone='yes' ?>\r\n<hierarchy index=\"0\" class=\"hierarchy\" rotation=\"0\" width=\"1080\" height=\"2276\">\r\n  <android.widget.FrameLayout index=\"0\" package=\"com.tencent.wework\" class=\"android.widget.FrameLayout\" text=\"\" checkable=\"false\" checked=\"false\" clickable=\"false\" enabled=\"true\" focusable=\"false\" focused=\"false\" long-clickable=\"false\" password=\"false\" scrollable=\"false\" selected=\"false\" bounds=\"[0,0][1080,2276]\" displayed=\"true\">\r\n    <android.widget.LinearLayout index=\"0\" package=\"com.tencent.wework\" class=\"android.widget.LinearLayout\" text=\"\" checkable=\"false\" checked=\"false\" clickable=\"false\" enabled=\"true\" focusable=\"false\" focused=\"false\" long-clickable=\"false\" password=\"false\" scrollable=\"false\" selected=\"false\" bounds=\"[0,0][1080,2276]\" displayed=\"true\">\r\n      <android.widget.FrameLayout index=\"0\" package=\"com.tencent...
&amp#27;[35m[WD Proxy]&amp#27;[39m Replacing sessionId 2e74e7b9-85a6-478f-8ae2-621a49ed711a with da2896bd-438a-4f7f-9343-bd96e6f29722
&amp#27;[35m[HTTP]&amp#27;[39m &amp#27;[37m<-- GET /wd/hub/session/da2896bd-438a-4f7f-9343-bd96e6f29722/source &amp#27;[39m&amp#27;[32m200&amp#27;[39m &amp#27;[90m60 ms - 19100&amp#27;[39m
&amp#27;[35m[HTTP]&amp#27;[39m &amp#27;[90m&amp#27;[39m
&amp#27;[35m[HTTP]&amp#27;[39m &amp#27;[37m-->&amp#27;[39m &amp#27;[37mGET&amp#27;[39m &amp#27;[37m/wd/hub/session/da2896bd-438a-4f7f-9343-bd96e6f29722/source&amp#27;[39m
&amp#27;[35m[HTTP]&amp#27;[39m &amp#27;[90m{}&amp#27;[39m
&amp#27;[35m[W3C (da2896bd)]&amp#27;[39m Driver proxy active, passing request on via HTTP proxy
[debug] &amp#27;[35m[WD Proxy]&amp#27;[39m Matched '/wd/hub/session/da2896bd-438a-4f7f-9343-bd96e6f29722/source' to command name 'getPageSource'
[debug] &amp#27;[35m[WD Proxy]&amp#27;[39m Proxying [GET /wd/hub/session/da2896bd-438a-4f7f-9343-bd96e6f29722/source] to [GET http://127.0.0.1:8200/wd/hub/session/2e74e7b9-85a6-478f-8ae2-621a49ed711a/source] with no body
[debug] &amp#27;[35m[WD Proxy]&amp#27;[39m Got response with status 200: {"sessionId":"2e74e7b9-85a6-478f-8ae2-621a49ed711a","value":"<?xml version='1.0' encoding='UTF-8' standalone='yes' ?>\r\n<hierarchy index=\"0\" class=\"hierarchy\" rotation=\"0\" width=\"1080\" height=\"2276\">\r\n  <android.widget.FrameLayout index=\"0\" package=\"com.tencent.wework\" class=\"android.widget.FrameLayout\" text=\"\" checkable=\"false\" checked=\"false\" clickable=\"false\" enabled=\"true\" focusable=\"false\" focused=\"false\" long-clickable=\"false\" password=\"false\" scrollable=\"false\" selected=\"false\" bounds=\"[366,1064][713,1372]\" displayed=\"true\">\r\n    <android.widget.FrameLayout index=\"0\" package=\"com.tencent.wework\" class=\"android.widget.FrameLayout\" text=\"\" checkable=\"false\" checked=\"false\" clickable=\"false\" enabled=\"true\" focusable=\"false\" focused=\"false\" long-clickable=\"false\" password=\"false\" scrollable=\"false\" selected=\"false\" bounds=\"[366,1064][713,1372]\" displayed=\"true\">\r\n      <android.widget.FrameLayout index=\"0\" package=\"com.t...
&amp#27;[35m[WD Proxy]&amp#27;[39m Replacing sessionId 2e74e7b9-85a6-478f-8ae2-621a49ed711a with da2896bd-438a-4f7f-9343-bd96e6f29722
&amp#27;[35m[HTTP]&amp#27;[39m &amp#27;[37m<-- GET /wd/hub/session/da2896bd-438a-4f7f-9343-bd96e6f29722/source &amp#27;[39m&amp#27;[32m200&amp#27;[39m &amp#27;[90m12 ms - 3292&amp#27;[39m
&amp#27;[35m[HTTP]&amp#27;[39m &amp#27;[90m&amp#27;[39m
&amp#27;[35m[HTTP]&amp#27;[39m &amp#27;[37m-->&amp#27;[39m &amp#27;[37mGET&amp#27;[39m &amp#27;[37m/wd/hub/session/da2896bd-438a-4f7f-9343-bd96e6f29722/source&amp#27;[39m
&amp#27;[35m[HTTP]&amp#27;[39m &amp#27;[90m{}&amp#27;[39m
&amp#27;[35m[W3C (da2896bd)]&amp#27;[39m Driver proxy active, passing request on via HTTP proxy
[debug] &amp#27;[35m[WD Proxy]&amp#27;[39m Matched '/wd/hub/session/da2896bd-438a-4f7f-9343-bd96e6f29722/source' to command name 'getPageSource'
[debug] &amp#27;[35m[WD Proxy]&amp#27;[39m Proxying [GET /wd/hub/session/da2896bd-438a-4f7f-9343-bd96e6f29722/source] to [GET http://127.0.0.1:8200/wd/hub/session/2e74e7b9-85a6-478f-8ae2-621a49ed711a/source] with no body
[debug] &amp#27;[35m[WD Proxy]&amp#27;[39m Got response with status 200: {"sessionId":"2e74e7b9-85a6-478f-8ae2-621a49ed711a","value":"<?xml version='1.0' encoding='UTF-8' standalone='yes' ?>\r\n<hierarchy index=\"0\" class=\"hierarchy\" rotation=\"0\" width=\"1080\" height=\"2276\">\r\n  <android.widget.FrameLayout index=\"0\" package=\"com.tencent.wework\" class=\"android.widget.FrameLayout\" text=\"\" checkable=\"false\" checked=\"false\" clickable=\"false\" enabled=\"true\" focusable=\"false\" focused=\"false\" long-clickable=\"false\" password=\"false\" scrollable=\"false\" selected=\"false\" bounds=\"[0,0][1080,2276]\" displayed=\"true\">\r\n    <android.widget.LinearLayout index=\"0\" package=\"com.tencent.wework\" class=\"android.widget.LinearLayout\" text=\"\" checkable=\"false\" checked=\"false\" clickable=\"false\" enabled=\"true\" focusable=\"false\" focused=\"false\" long-clickable=\"false\" password=\"false\" scrollable=\"false\" selected=\"false\" bounds=\"[0,0][1080,2276]\" displayed=\"true\">\r\n      <android.widget.FrameLayout index=\"0\" package=\"com.tencent...
&amp#27;[35m[WD Proxy]&amp#27;[39m Replacing sessionId 2e74e7b9-85a6-478f-8ae2-621a49ed711a with da2896bd-438a-4f7f-9343-bd96e6f29722
&amp#27;[35m[HTTP]&amp#27;[39m &amp#27;[37m<-- GET /wd/hub/session/da2896bd-438a-4f7f-9343-bd96e6f29722/source &amp#27;[39m&amp#27;[32m200&amp#27;[39m &amp#27;[90m47 ms - 30980&amp#27;[39m
&amp#27;[35m[HTTP]&amp#27;[39m &amp#27;[90m&amp#27;[39m
&amp#27;[35m[HTTP]&amp#27;[39m &amp#27;[37m-->&amp#27;[39m &amp#27;[37mGET&amp#27;[39m &amp#27;[37m/wd/hub/session/da2896bd-438a-4f7f-9343-bd96e6f29722/source&amp#27;[39m
&amp#27;[35m[HTTP]&amp#27;[39m &amp#27;[90m{}&amp#27;[39m
&amp#27;[35m[W3C (da2896bd)]&amp#27;[39m Driver proxy active, passing request on via HTTP proxy
[debug] &amp#27;[35m[WD Proxy]&amp#27;[39m Matched '/wd/hub/session/da2896bd-438a-4f7f-9343-bd96e6f29722/source' to command name 'getPageSource'
[debug] &amp#27;[35m[WD Proxy]&amp#27;[39m Proxying [GET /wd/hub/session/da2896bd-438a-4f7f-9343-bd96e6f29722/source] to [GET http://127.0.0.1:8200/wd/hub/session/2e74e7b9-85a6-478f-8ae2-621a49ed711a/source] with no body
[debug] &amp#27;[35m[WD Proxy]&amp#27;[39m Got response with status 200: {"sessionId":"2e74e7b9-85a6-478f-8ae2-621a49ed711a","value":"<?xml version='1.0' encoding='UTF-8' standalone='yes' ?>\r\n<hierarchy index=\"0\" class=\"hierarchy\" rotation=\"0\" width=\"1080\" height=\"2276\">\r\n  <android.widget.FrameLayout index=\"0\" package=\"com.tencent.wework\" class=\"android.widget.FrameLayout\" text=\"\" checkable=\"false\" checked=\"false\" clickable=\"false\" enabled=\"true\" focusable=\"false\" focused=\"false\" long-clickable=\"false\" password=\"false\" scrollable=\"false\" selected=\"false\" bounds=\"[0,0][1080,2276]\" displayed=\"true\">\r\n    <android.widget.LinearLayout index=\"0\" package=\"com.tencent.wework\" class=\"android.widget.LinearLayout\" text=\"\" checkable=\"false\" checked=\"false\" clickable=\"false\" enabled=\"true\" focusable=\"false\" focused=\"false\" long-clickable=\"false\" password=\"false\" scrollable=\"false\" selected=\"false\" bounds=\"[0,0][1080,2276]\" displayed=\"true\">\r\n      <android.widget.FrameLayout index=\"0\" package=\"com.tencent...
&amp#27;[35m[WD Proxy]&amp#27;[39m Replacing sessionId 2e74e7b9-85a6-478f-8ae2-621a49ed711a with da2896bd-438a-4f7f-9343-bd96e6f29722
&amp#27;[35m[HTTP]&amp#27;[39m &amp#27;[37m<-- GET /wd/hub/session/da2896bd-438a-4f7f-9343-bd96e6f29722/source &amp#27;[39m&amp#27;[32m200&amp#27;[39m &amp#27;[90m41 ms - 30980&amp#27;[39m
&amp#27;[35m[HTTP]&amp#27;[39m &amp#27;[90m&amp#27;[39m
2023-05-28 09:16:57  &amp#27;[34m&amp#27;[0;39mINFO  &amp#27;[35m[main]&amp#27;[0;39m &amp#27;[33mtop.testeru.page.AppBasePage.editAddMember(AddMemberPage.java:30)&amp#27;[0;39m -- 当前页面:<?xml version='1.0' encoding='UTF-8' standalone='yes' ?>
<hierarchy index="0" class="hierarchy" rotation="0" width="1080" height="2276">
  <android.widget.FrameLayout index="0" package="com.tencent.wework" class="android.widget.FrameLayout" text="" checkable="false" checked="false" clickable="false" enabled="true" focusable="false" focused="false" long-clickable="false" password="false" scrollable="false" selected="false" bounds="[0,0][1080,2276]" displayed="true">
    <android.widget.LinearLayout index="0" package="com.tencent.wework" class="android.widget.LinearLayout" text="" checkable="false" checked="false" clickable="false" enabled="true" focusable="false" focused="false" long-clickable="false" password="false" scrollable="false" selected="false" bounds="[0,0][1080,2276]" displayed="true">
      <android.widget.FrameLayout index="0" package="com.tencent.wework" class="android.widget.FrameLayout" text="" checkable="false" checked="false" clickable="false" enabled="true" focusable="false" focused="false" long-clickable="false" password="false" scrollable="false" selected="false" bounds="[0,80][1080,2276]" displayed="true">
        <android.widget.LinearLayout index="0" package="com.tencent.wework" class="android.widget.LinearLayout" text="" resource-id="com.tencent.wework:id/eq" checkable="false" checked="false" clickable="false" enabled="true" focusable="false" focused="false" long-clickable="false" password="false" scrollable="false" selected="false" bounds="[0,80][1080,2276]" displayed="true">
          <android.widget.FrameLayout index="0" package="com.tencent.wework" class="android.widget.FrameLayout" text="" resource-id="android:id/content" checkable="false" checked="false" clickable="false" enabled="true" focusable="false" focused="false" long-clickable="false" password="false" scrollable="false" selected="false" bounds="[0,80][1080,2276]" displayed="true">
            <android.widget.RelativeLayout index="0" package="com.tencent.wework" class="android.widget.RelativeLayout" text="" checkable="false" checked="false" clickable="false" enabled="true" focusable="false" focused="false" long-clickable="false" password="false" scrollable="false" selected="false" bounds="[0,80][1080,2276]" displayed="true">
              <android.widget.RelativeLayout index="0" package="com.tencent.wework" class="android.widget.RelativeLayout" text="" resource-id="com.tencent.wework:id/lft" checkable="false" checked="false" clickable="false" enabled="true" focusable="false" focused="false" long-clickable="false" password="false" scrollable="false" selected="false" bounds="[0,80][1080,212]" displayed="true">
                <android.widget.LinearLayout index="0" package="com.tencent.wework" class="android.widget.LinearLayout" text="" resource-id="com.tencent.wework:id/lek" checkable="false" checked="false" clickable="false" enabled="true" focusable="false" focused="false" long-clickable="false" password="false" scrollable="false" selected="false" bounds="[0,80][920,212]" displayed="true">
                  <android.widget.LinearLayout index="1" package="com.tencent.wework" class="android.widget.LinearLayout" text="" checkable="false" checked="false" clickable="false" enabled="true" focusable="false" focused="false" long-clickable="false" password="false" scrollable="false" selected="false" bounds="[0,80][115,212]" displayed="true">
                    <android.widget.TextView index="0" package="com.tencent.wework" class="android.widget.TextView" text="" resource-id="com.tencent.wework:id/lea" checkable="false" checked="false" clickable="true" enabled="true" focusable="true" focused="false" long-clickable="false" password="false" scrollable="false" selected="false" bounds="[0,80][115,212]" displayed="true" />
                  </android.widget.LinearLayout>
                  <android.widget.LinearLayout index="2" package="com.tencent.wework" class="android.widget.LinearLayout" text="" resource-id="com.tencent.wework:id/lem" checkable="false" checked="false" clickable="false" enabled="true" focusable="false" focused="false" long-clickable="false" password="false" scrollable="false" selected="false" bounds="[115,80][920,212]" displayed="true">
                    <android.widget.LinearLayout index="0" package="com.tencent.wework" class="android.widget.LinearLayout" text="" resource-id="com.tencent.wework:id/l9y" checkable="false" checked="false" clickable="false" enabled="true" focusable="false" focused="false" long-clickable="false" password="false" scrollable="false" selected="false" bounds="[143,80][337,212]" displayed="true">
                      <android.widget.LinearLayout index="0" package="com.tencent.wework" class="android.widget.LinearLayout" text="" checkable="false" checked="false" clickable="false" enabled="true" focusable="false" focused="false" long-clickable="false" password="false" scrollable="false" selected="false" bounds="[143,114][337,178]" displayed="true">
                        <android.widget.TextView index="0" package="com.tencent.wework" class="android.widget.TextView" text="添加成员" resource-id="com.tencent.wework:id/leb" checkable="false" checked="false" clickable="true" enabled="true" focusable="true" focused="false" long-clickable="false" password="false" scrollable="false" selected="false" bounds="[143,114][331,178]" displayed="true" />
                        <android.view.View index="1" package="com.tencent.wework" class="android.view.View" text="" resource-id="com.tencent.wework:id/lei" checkable="false" checked="false" clickable="false" enabled="true" focusable="false" focused="false" long-clickable="false" password="false" scrollable="false" selected="false" bounds="[331,144][337,147]" displayed="true" />
                      </android.widget.LinearLayout>
                    </android.widget.LinearLayout>
                  </android.widget.LinearLayout>
                </android.widget.LinearLayout>
                <android.widget.LinearLayout index="2" package="com.tencent.wework" class="android.widget.LinearLayout" text="" resource-id="com.tencent.wework:id/lff" checkable="false" checked="false" clickable="false" enabled="true" focusable="false" focused="false" long-clickable="false" password="false" scrollable="false" selected="false" bounds="[948,80][1080,212]" displayed="true">
                  <android.widget.RelativeLayout index="0" package="com.tencent.wework" class="android.widget.RelativeLayout" text="" checkable="false" checked="false" clickable="false" enabled="true" focusable="false" focused="false" long-clickable="false" password="false" scrollable="false" selected="false" bounds="[948,80][1080,212]" displayed="true">
                    <android.widget.TextView index="0" package="com.tencent.wework" class="android.widget.TextView" text="" resource-id="com.tencent.wework:id/lf0" checkable="false" checked="false" clickable="true" enabled="true" focusable="true" focused="false" long-clickable="false" password="false" scrollable="false" selected="false" bounds="[948,80][1080,212]" displayed="true" />
                  </android.widget.RelativeLayout>
                </android.widget.LinearLayout>
              </android.widget.RelativeLayout>
              <android.widget.LinearLayout index="1" package="com.tencent.wework" class="android.widget.LinearLayout" text="" resource-id="com.tencent.wework:id/lhv" checkable="false" checked="false" clickable="false" enabled="true" focusable="false" focused="false" long-clickable="false" password="false" scrollable="false" selected="false" bounds="[0,212][1080,346]" displayed="true">
                <android.view.ViewGroup index="0" package="com.tencent.wework" class="android.view.ViewGroup" text="" resource-id="com.tencent.wework:id/kru" checkable="false" checked="false" clickable="false" enabled="true" focusable="false" focused="false" long-clickable="false" password="false" scrollable="false" selected="false" bounds="[0,212][1080,344]" displayed="true">
                  <android.widget.RelativeLayout index="0" package="com.tencent.wework" class="android.widget.RelativeLayout" text="" checkable="false" checked="false" clickable="true" enabled="true" focusable="true" focused="false" long-clickable="false" password="false" scrollable="false" selected="false" bounds="[0,212][540,344]" displayed="true">
                    <android.widget.RelativeLayout index="0" package="com.tencent.wework" class="android.widget.RelativeLayout" text="" checkable="false" checked="false" clickable="false" enabled="true" focusable="false" focused="false" long-clickable="false" password="false" scrollable="false" selected="false" bounds="[0,212][540,344]" displayed="true">
                      <android.widget.TextView index="0" package="com.tencent.wework" class="android.widget.TextView" text="添加成员" resource-id="com.tencent.wework:id/kv6" checkable="false" checked="false" clickable="false" enabled="true" focusable="false" focused="false" long-clickable="false" password="false" scrollable="false" selected="false" bounds="[192,252][348,304]" displayed="true" />
                      <android.view.View index="1" package="com.tencent.wework" class="android.view.View" text="" resource-id="com.tencent.wework:id/md9" checkable="false" checked="false" clickable="false" enabled="true" focusable="false" focused="false" long-clickable="false" password="false" scrollable="false" selected="false" bounds="[539,240][540,316]" displayed="true" />
                      <android.view.View index="2" package="com.tencent.wework" class="android.view.View" text="" resource-id="com.tencent.wework:id/kuf" checkable="false" checked="false" clickable="false" enabled="true" focusable="false" focused="false" long-clickable="false" password="false" scrollable="false" selected="false" bounds="[0,338][540,344]" displayed="true" />
                    </android.widget.RelativeLayout>
                  </android.widget.RelativeLayout>
                  <android.widget.RelativeLayout index="1" package="com.tencent.wework" class="android.widget.RelativeLayout" text="" checkable="false" checked="false" clickable="true" enabled="true" focusable="true" focused="false" long-clickable="false" password="false" scrollable="false" selected="false" bounds="[540,212][1080,344]" displayed="true">
                    <android.widget.RelativeLayout index="0" package="com.tencent.wework" class="android.widget.RelativeLayout" text="" checkable="false" checked="false" clickable="false" enabled="true" focusable="false" focused="false" long-clickable="false" password="false" scrollable="false" selected="false" bounds="[540,212][1080,344]" displayed="true">
                      <android.widget.TextView index="0" package="com.tencent.wework" class="android.widget.TextView" text="可能的同事" resource-id="com.tencent.wework:id/kv6" checkable="false" checked="false" clickable="false" enabled="true" focusable="false" focused="false" long-clickable="false" password="false" scrollable="false" selected="false" bounds="[712,252][907,304]" displayed="true" />
                      <android.view.View index="1" package="com.tencent.wework" class="android.view.View" text="" resource-id="com.tencent.wework:id/md9" checkable="false" checked="false" clickable="false" enabled="true" focusable="false" focused="false" long-clickable="false" password="false" scrollable="false" selected="false" bounds="[1079,240][1080,316]" displayed="true" />
                    </android.widget.RelativeLayout>
                  </android.widget.RelativeLayout>
                </android.view.ViewGroup>
                <android.view.View index="1" package="com.tencent.wework" class="android.view.View" text="" checkable="false" checked="false" clickable="false" enabled="true" focusable="false" focused="false" long-clickable="false" password="false" scrollable="false" selected="false" bounds="[0,344][1080,346]" displayed="true" />
              </android.widget.LinearLayout>
              <android.widget.FrameLayout index="2" package="com.tencent.wework" class="android.widget.FrameLayout" text="" resource-id="com.tencent.wework:id/ea6" checkable="false" checked="false" clickable="false" enabled="true" focusable="false" focused="false" long-clickable="false" password="false" scrollable="false" selected="false" bounds="[0,346][1080,2276]" displayed="true">
                <android.widget.LinearLayout index="0" package="com.tencent.wework" class="android.widget.LinearLayout" text="" checkable="false" checked="false" clickable="false" enabled="true" focusable="false" focused="false" long-clickable="false" password="false" scrollable="false" selected="false" bounds="[0,346][1080,2276]" displayed="true">
                  <android.view.View index="0" package="com.tencent.wework" class="android.view.View" text="" checkable="false" checked="false" clickable="false" enabled="true" focusable="false" focused="false" long-clickable="false" password="false" scrollable="false" selected="false" bounds="[0,346][1080,379]" displayed="true" />
                  <android.widget.LinearLayout index="1" package="com.tencent.wework" class="android.widget.LinearLayout" text="" resource-id="com.tencent.wework:id/dzw" checkable="false" checked="false" clickable="false" enabled="true" focusable="false" focused="false" long-clickable="false" password="false" scrollable="false" selected="false" bounds="[39,379][1041,709]" displayed="true">
                    <android.widget.RelativeLayout index="0" package="com.tencent.wework" class="android.widget.RelativeLayout" text="" resource-id="com.tencent.wework:id/e05" checkable="false" checked="false" clickable="true" enabled="true" focusable="true" focused="false" long-clickable="false" password="false" scrollable="false" selected="false" bounds="[39,379][1041,544]" displayed="true">
                      <android.widget.ImageView index="0" package="com.tencent.wework" class="android.widget.ImageView" text="" resource-id="com.tencent.wework:id/fqu" checkable="false" checked="false" clickable="false" enabled="true" focusable="false" focused="false" long-clickable="false" password="false" scrollable="false" selected="false" bounds="[83,428][149,494]" displayed="true" />
                      <android.widget.LinearLayout index="1" package="com.tencent.wework" class="android.widget.LinearLayout" text="" checkable="false" checked="false" clickable="false" enabled="true" focusable="false" focused="false" long-clickable="false" password="false" scrollable="false" selected="false" bounds="[204,430][997,492]" displayed="true">
                        <android.widget.TextView index="0" package="com.tencent.wework" class="android.widget.TextView" text="微信邀请同事" resource-id="com.tencent.wework:id/m5k" checkable="false" checked="false" clickable="false" enabled="true" focusable="false" focused="false" long-clickable="false" password="false" scrollable="false" selected="false" bounds="[204,433][468,492]" displayed="true" />
                      </android.widget.LinearLayout>
                      <android.widget.ImageView index="2" package="com.tencent.wework" class="android.widget.ImageView" text="" resource-id="com.tencent.wework:id/m5h" checkable="false" checked="false" clickable="false" enabled="true" focusable="false" focused="false" long-clickable="false" password="false" scrollable="false" selected="false" bounds="[917,442][950,481]" displayed="true" />
                      <android.widget.ImageView index="3" package="com.tencent.wework" class="android.widget.ImageView" text="" resource-id="com.tencent.wework:id/m52" checkable="false" checked="false" clickable="false" enabled="true" focusable="false" focused="false" long-clickable="false" password="false" scrollable="false" selected="false" bounds="[978,445][997,478]" displayed="true" />
                    </android.widget.RelativeLayout>
                    <android.widget.RelativeLayout index="1" package="com.tencent.wework" class="android.widget.RelativeLayout" text="" resource-id="com.tencent.wework:id/dzy" checkable="false" checked="false" clickable="true" enabled="true" focusable="true" focused="false" long-clickable="false" password="false" scrollable="false" selected="false" bounds="[39,544][1041,709]" displayed="true">
                      <android.view.View index="0" package="com.tencent.wework" class="android.view.View" text="" checkable="false" checked="false" clickable="false" enabled="true" focusable="false" focused="false" long-clickable="false" password="false" scrollable="false" selected="false" bounds="[83,544][997,545]" displayed="true" />
                      <android.widget.ImageView index="1" package="com.tencent.wework" class="android.widget.ImageView" text="" resource-id="com.tencent.wework:id/m57" checkable="false" checked="false" clickable="false" enabled="true" focusable="false" focused="false" long-clickable="false" password="false" scrollable="false" selected="false" bounds="[83,593][149,659]" displayed="true" />
                      <android.widget.LinearLayout index="2" package="com.tencent.wework" class="android.widget.LinearLayout" text="" checkable="false" checked="false" clickable="false" enabled="true" focusable="false" focused="false" long-clickable="false" password="false" scrollable="false" selected="false" bounds="[204,593][997,660]" displayed="true">
                        <android.widget.TextView index="0" package="com.tencent.wework" class="android.widget.TextView" text="面对面邀请同事" resource-id="com.tencent.wework:id/ec_" checkable="false" checked="false" clickable="false" enabled="true" focusable="false" focused="false" long-clickable="false" password="false" scrollable="false" selected="false" bounds="[204,593][512,652]" displayed="true" />
                      </android.widget.LinearLayout>
                      <android.widget.ImageView index="3" package="com.tencent.wework" class="android.widget.ImageView" text="" checkable="false" checked="false" clickable="false" enabled="true" focusable="false" focused="false" long-clickable="false" password="false" scrollable="false" selected="false" bounds="[978,610][997,643]" displayed="true" />
                    </android.widget.RelativeLayout>
                  </android.widget.LinearLayout>
                  <android.widget.LinearLayout index="2" package="com.tencent.wework" class="android.widget.LinearLayout" text="" resource-id="com.tencent.wework:id/dzv" checkable="false" checked="false" clickable="false" enabled="true" focusable="false" focused="false" long-clickable="false" password="false" scrollable="false" selected="false" bounds="[39,753][1041,1248]" displayed="true">
                    <android.widget.RelativeLayout index="0" package="com.tencent.wework" class="android.widget.RelativeLayout" text="" resource-id="com.tencent.wework:id/e03" checkable="false" checked="false" clickable="true" enabled="true" focusable="true" focused="false" long-clickable="false" password="false" scrollable="false" selected="false" bounds="[39,753][1041,918]" displayed="true">
                      <android.widget.ImageView index="0" package="com.tencent.wework" class="android.widget.ImageView" text="" resource-id="com.tencent.wework:id/m5d" checkable="false" checked="false" clickable="false" enabled="true" focusable="false" focused="false" long-clickable="false" password="false" scrollable="false" selected="false" bounds="[83,802][149,868]" displayed="true" />
                      <android.widget.LinearLayout index="1" package="com.tencent.wework" class="android.widget.LinearLayout" text="" checkable="false" checked="false" clickable="false" enabled="true" focusable="false" focused="false" long-clickable="false" password="false" scrollable="false" selected="false" bounds="[204,804][978,866]" displayed="true">
                        <android.widget.TextView index="0" package="com.tencent.wework" class="android.widget.TextView" text="从微信群中添加" resource-id="com.tencent.wework:id/m5m" checkable="false" checked="false" clickable="false" enabled="true" focusable="false" focused="false" long-clickable="false" password="false" scrollable="false" selected="false" bounds="[204,807][512,866]" displayed="true" />
                      </android.widget.LinearLayout>
                      <android.widget.ImageView index="2" package="com.tencent.wework" class="android.widget.ImageView" text="" resource-id="com.tencent.wework:id/m54" checkable="false" checked="false" clickable="false" enabled="true" focusable="false" focused="false" long-clickable="false" password="false" scrollable="false" selected="false" bounds="[978,819][997,852]" displayed="true" />
                      <android.view.View index="3" package="com.tencent.wework" class="android.view.View" text="" checkable="false" checked="false" clickable="false" enabled="true" focusable="false" focused="false" long-clickable="false" password="false" scrollable="false" selected="false" bounds="[83,917][997,918]" displayed="true" />
                    </android.widget.RelativeLayout>
                    <android.widget.RelativeLayout index="1" package="com.tencent.wework" class="android.widget.RelativeLayout" text="" resource-id="com.tencent.wework:id/e01" checkable="false" checked="false" clickable="true" enabled="true" focusable="true" focused="false" long-clickable="false" password="false" scrollable="false" selected="false" bounds="[39,918][1041,1083]" displayed="true">
                      <android.widget.ImageView index="0" package="com.tencent.wework" class="android.widget.ImageView" text="" resource-id="com.tencent.wework:id/m5a" checkable="false" checked="false" clickable="false" enabled="true" focusable="false" focused="false" long-clickable="false" password="false" scrollable="false" selected="false" bounds="[83,967][149,1033]" displayed="true" />
                      <android.widget.LinearLayout index="1" package="com.tencent.wework" class="android.widget.LinearLayout" text="" checkable="false" checked="false" clickable="false" enabled="true" focusable="false" focused="false" long-clickable="false" password="false" scrollable="false" selected="false" bounds="[204,967][997,1034]" displayed="true">
                        <android.widget.TextView index="0" package="com.tencent.wework" class="android.widget.TextView" text="从微信/手机通讯录中添加" checkable="false" checked="false" clickable="false" enabled="true" focusable="false" focused="false" long-clickable="false" password="false" scrollable="false" selected="false" bounds="[204,967][706,1026]" displayed="true" />
                      </android.widget.LinearLayout>
                      <android.widget.ImageView index="2" package="com.tencent.wework" class="android.widget.ImageView" text="" checkable="false" checked="false" clickable="false" enabled="true" focusable="false" focused="false" long-clickable="false" password="false" scrollable="false" selected="false" bounds="[978,984][997,1017]" displayed="true" />
                      <android.view.View index="3" package="com.tencent.wework" class="android.view.View" text="" checkable="false" checked="false" clickable="false" enabled="true" focusable="false" focused="false" long-clickable="false" password="false" scrollable="false" selected="false" bounds="[83,1082][997,1083]" displayed="true" />
                    </android.widget.RelativeLayout>
                    <android.widget.RelativeLayout index="2" package="com.tencent.wework" class="android.widget.RelativeLayout" text="" resource-id="com.tencent.wework:id/e00" checkable="false" checked="false" clickable="true" enabled="true" focusable="true" focused="false" long-clickable="false" password="false" scrollable="false" selected="false" bounds="[39,1083][1041,1248]" displayed="true">
                      <android.widget.ImageView index="0" package="com.tencent.wework" class="android.widget.ImageView" text="" resource-id="com.tencent.wework:id/m5_" checkable="false" checked="false" clickable="false" enabled="true" focusable="false" focused="false" long-clickable="false" password="false" scrollable="false" selected="false" bounds="[83,1132][149,1198]" displayed="true" />
                      <android.widget.LinearLayout index="1" package="com.tencent.wework" class="android.widget.LinearLayout" text="" checkable="false" checked="false" clickable="false" enabled="true" focusable="false" focused="false" long-clickable="false" password="false" scrollable="false" selected="false" bounds="[204,1132][997,1199]" displayed="true">
                        <android.widget.TextView index="0" package="com.tencent.wework" class="android.widget.TextView" text="手动输入添加" checkable="false" checked="false" clickable="false" enabled="true" focusable="false" focused="false" long-clickable="false" password="false" scrollable="false" selected="false" bounds="[204,1132][468,1191]" displayed="true" />
                      </android.widget.LinearLayout>
                      <android.widget.ImageView index="2" package="com.tencent.wework" class="android.widget.ImageView" text="" checkable="false" checked="false" clickable="false" enabled="true" focusable="false" focused="false" long-clickable="false" password="false" scrollable="false" selected="false" bounds="[978,1149][997,1182]" displayed="true" />
                      <android.view.View index="3" package="com.tencent.wework" class="android.view.View" text="" checkable="false" checked="false" clickable="false" enabled="true" focusable="false" focused="false" long-clickable="false" password="false" scrollable="false" selected="false" bounds="[83,1247][997,1248]" displayed="true" />
                    </android.widget.RelativeLayout>
                  </android.widget.LinearLayout>
                  <android.widget.RelativeLayout index="3" package="com.tencent.wework" class="android.widget.RelativeLayout" text="" resource-id="com.tencent.wework:id/dzz" checkable="false" checked="false" clickable="true" enabled="true" focusable="true" focused="false" long-clickable="false" password="false" scrollable="false" selected="false" bounds="[39,1292][1041,1457]" displayed="true">
                    <android.widget.ImageView index="0" package="com.tencent.wework" class="android.widget.ImageView" text="" resource-id="com.tencent.wework:id/m59" checkable="false" checked="false" clickable="false" enabled="true" focusable="false" focused="false" long-clickable="false" password="false" scrollable="false" selected="false" bounds="[83,1341][149,1407]" displayed="true" />
                    <android.widget.LinearLayout index="1" package="com.tencent.wework" class="android.widget.LinearLayout" text="" checkable="false" checked="false" clickable="false" enabled="true" focusable="false" focused="false" long-clickable="false" password="false" scrollable="false" selected="false" bounds="[204,1341][997,1408]" displayed="true">
                      <android.widget.TextView index="0" package="com.tencent.wework" class="android.widget.TextView" text="上传已有成员名单" checkable="false" checked="false" clickable="false" enabled="true" focusable="false" focused="false" long-clickable="false" password="false" scrollable="false" selected="false" bounds="[204,1341][556,1400]" displayed="true" />
                    </android.widget.LinearLayout>
                    <android.widget.ImageView index="2" package="com.tencent.wework" class="android.widget.ImageView" text="" checkable="false" checked="false" clickable="false" enabled="true" focusable="false" focused="false" long-clickable="false" password="false" scrollable="false" selected="false" bounds="[978,1358][997,1391]" displayed="true" />
                  </android.widget.RelativeLayout>
                </android.widget.LinearLayout>
              </android.widget.FrameLayout>
            </android.widget.RelativeLayout>
          </android.widget.FrameLayout>
        </android.widget.LinearLayout>
      </android.widget.FrameLayout>
    </android.widget.LinearLayout>
  </android.widget.FrameLayout>
  <android.widget.Toast index="1" package="com.android.settings" class="android.widget.Toast" text="添加成功" displayed="true" />
</hierarchy>
&amp#27;[35m[HTTP]&amp#27;[39m &amp#27;[37m-->&amp#27;[39m &amp#27;[37mPOST&amp#27;[39m &amp#27;[37m/wd/hub/session/da2896bd-438a-4f7f-9343-bd96e6f29722/element&amp#27;[39m
&amp#27;[35m[HTTP]&amp#27;[39m &amp#27;[90m{"using":"xpath","value":"//*[@class=\"android.widget.Toast\"]"}&amp#27;[39m
[debug] &amp#27;[35m[W3C (da2896bd)]&amp#27;[39m Calling AppiumDriver.findElement() with args: ["xpath","//*[@class=\"android.widget.Toast\"]","da2896bd-438a-4f7f-9343-bd96e6f29722"]
[debug] &amp#27;[35m[BaseDriver]&amp#27;[39m Valid locator strategies for this request: xpath, id, class name, accessibility id, css selector, -android uiautomator
[debug] &amp#27;[35m[BaseDriver]&amp#27;[39m Waiting up to 20000 ms for condition
[debug] &amp#27;[35m[WD Proxy]&amp#27;[39m Matched '/element' to command name 'findElement'
[debug] &amp#27;[35m[WD Proxy]&amp#27;[39m Proxying [POST /element] to [POST http://127.0.0.1:8200/wd/hub/session/2e74e7b9-85a6-478f-8ae2-621a49ed711a/element] with body: {"strategy":"xpath","selector":"//*[@class=\"android.widget.Toast\"]","context":"","multiple":false}
[debug] &amp#27;[35m[WD Proxy]&amp#27;[39m Got response with status 200: {"sessionId":"2e74e7b9-85a6-478f-8ae2-621a49ed711a","value":{"ELEMENT":"d5b70860-59c8-4d13-9924-de1a5b40ebb3","element-6066-11e4-a52e-4f735466cecf":"d5b70860-59c8-4d13-9924-de1a5b40ebb3"}}
[debug] &amp#27;[35m[W3C (da2896bd)]&amp#27;[39m Responding to client with driver.findElement() result: {"element-6066-11e4-a52e-4f735466cecf":"d5b70860-59c8-4d13-9924-de1a5b40ebb3","ELEMENT":"d5b70860-59c8-4d13-9924-de1a5b40ebb3"}
&amp#27;[35m[HTTP]&amp#27;[39m &amp#27;[37m<-- POST /wd/hub/session/da2896bd-438a-4f7f-9343-bd96e6f29722/element &amp#27;[39m&amp#27;[32m200&amp#27;[39m &amp#27;[90m50 ms - 137&amp#27;[39m
&amp#27;[35m[HTTP]&amp#27;[39m &amp#27;[90m&amp#27;[39m
2023-05-28 09:16:57  &amp#27;[34m&amp#27;[0;39mINFO  &amp#27;[35m[main]&amp#27;[0;39m &amp#27;[33mtop.testeru.page.AppBasePage.find(AppBasePage.java:105)&amp#27;[0;39m -- 元素定位：By.xpath: //*[@class="android.widget.Toast"]
&amp#27;[35m[HTTP]&amp#27;[39m &amp#27;[37m-->&amp#27;[39m &amp#27;[37mGET&amp#27;[39m &amp#27;[37m/wd/hub/session/da2896bd-438a-4f7f-9343-bd96e6f29722/element/d5b70860-59c8-4d13-9924-de1a5b40ebb3/text&amp#27;[39m
&amp#27;[35m[HTTP]&amp#27;[39m &amp#27;[90m{}&amp#27;[39m
&amp#27;[35m[W3C (da2896bd)]&amp#27;[39m Driver proxy active, passing request on via HTTP proxy
[debug] &amp#27;[35m[WD Proxy]&amp#27;[39m Matched '/wd/hub/session/da2896bd-438a-4f7f-9343-bd96e6f29722/element/d5b70860-59c8-4d13-9924-de1a5b40ebb3/text' to command name 'getText'
[debug] &amp#27;[35m[WD Proxy]&amp#27;[39m Proxying [GET /wd/hub/session/da2896bd-438a-4f7f-9343-bd96e6f29722/element/d5b70860-59c8-4d13-9924-de1a5b40ebb3/text] to [GET http://127.0.0.1:8200/wd/hub/session/2e74e7b9-85a6-478f-8ae2-621a49ed711a/element/d5b70860-59c8-4d13-9924-de1a5b40ebb3/text] with no body
[debug] &amp#27;[35m[WD Proxy]&amp#27;[39m Got response with status 200: {"sessionId":"2e74e7b9-85a6-478f-8ae2-621a49ed711a","value":"添加成功"}
&amp#27;[35m[WD Proxy]&amp#27;[39m Replacing sessionId 2e74e7b9-85a6-478f-8ae2-621a49ed711a with da2896bd-438a-4f7f-9343-bd96e6f29722
&amp#27;[35m[HTTP]&amp#27;[39m &amp#27;[37m<-- GET /wd/hub/session/da2896bd-438a-4f7f-9343-bd96e6f29722/element/d5b70860-59c8-4d13-9924-de1a5b40ebb3/text &amp#27;[39m&amp#27;[32m200&amp#27;[39m &amp#27;[90m28 ms - 75&amp#27;[39m
&amp#27;[35m[HTTP]&amp#27;[39m &amp#27;[90m&amp#27;[39m
&amp#27;[35m[HTTP]&amp#27;[39m &amp#27;[37m-->&amp#27;[39m &amp#27;[37mGET&amp#27;[39m &amp#27;[37m/wd/hub/session/da2896bd-438a-4f7f-9343-bd96e6f29722/source&amp#27;[39m
&amp#27;[35m[HTTP]&amp#27;[39m &amp#27;[90m{}&amp#27;[39m
&amp#27;[35m[W3C (da2896bd)]&amp#27;[39m Driver proxy active, passing request on via HTTP proxy
[debug] &amp#27;[35m[WD Proxy]&amp#27;[39m Matched '/wd/hub/session/da2896bd-438a-4f7f-9343-bd96e6f29722/source' to command name 'getPageSource'
[debug] &amp#27;[35m[WD Proxy]&amp#27;[39m Proxying [GET /wd/hub/session/da2896bd-438a-4f7f-9343-bd96e6f29722/source] to [GET http://127.0.0.1:8200/wd/hub/session/2e74e7b9-85a6-478f-8ae2-621a49ed711a/source] with no body
[debug] &amp#27;[35m[WD Proxy]&amp#27;[39m Got response with status 200: {"sessionId":"2e74e7b9-85a6-478f-8ae2-621a49ed711a","value":"<?xml version='1.0' encoding='UTF-8' standalone='yes' ?>\r\n<hierarchy index=\"0\" class=\"hierarchy\" rotation=\"0\" width=\"1080\" height=\"2276\">\r\n  <android.widget.FrameLayout index=\"0\" package=\"com.tencent.wework\" class=\"android.widget.FrameLayout\" text=\"\" checkable=\"false\" checked=\"false\" clickable=\"false\" enabled=\"true\" focusable=\"false\" focused=\"false\" long-clickable=\"false\" password=\"false\" scrollable=\"false\" selected=\"false\" bounds=\"[0,0][1080,2276]\" displayed=\"true\">\r\n    <android.widget.LinearLayout index=\"0\" package=\"com.tencent.wework\" class=\"android.widget.LinearLayout\" text=\"\" checkable=\"false\" checked=\"false\" clickable=\"false\" enabled=\"true\" focusable=\"false\" focused=\"false\" long-clickable=\"false\" password=\"false\" scrollable=\"false\" selected=\"false\" bounds=\"[0,0][1080,2276]\" displayed=\"true\">\r\n      <android.widget.FrameLayout index=\"0\" package=\"com.tencent...
&amp#27;[35m[WD Proxy]&amp#27;[39m Replacing sessionId 2e74e7b9-85a6-478f-8ae2-621a49ed711a with da2896bd-438a-4f7f-9343-bd96e6f29722
&amp#27;[35m[HTTP]&amp#27;[39m &amp#27;[37m<-- GET /wd/hub/session/da2896bd-438a-4f7f-9343-bd96e6f29722/source &amp#27;[39m&amp#27;[32m200&amp#27;[39m &amp#27;[90m32 ms - 30980&amp#27;[39m
&amp#27;[35m[HTTP]&amp#27;[39m &amp#27;[90m&amp#27;[39m
2023-05-28 09:16:57  &amp#27;[34m&amp#27;[0;39mINFO  &amp#27;[35m[main]&amp#27;[0;39m &amp#27;[33mtop.testeru.page.AppBasePage.back(AppBasePage.java:147)&amp#27;[0;39m -- 滑动返回
&amp#27;[35m[HTTP]&amp#27;[39m &amp#27;[37m-->&amp#27;[39m &amp#27;[37mGET&amp#27;[39m &amp#27;[37m/wd/hub/session/da2896bd-438a-4f7f-9343-bd96e6f29722/window/rect&amp#27;[39m
&amp#27;[35m[HTTP]&amp#27;[39m &amp#27;[90m{}&amp#27;[39m
[debug] &amp#27;[35m[W3C (da2896bd)]&amp#27;[39m Calling AppiumDriver.getWindowRect() with args: ["da2896bd-438a-4f7f-9343-bd96e6f29722"]
[debug] &amp#27;[35m[WD Proxy]&amp#27;[39m Matched '/window/current/size' to command name 'getWindowSize'
[debug] &amp#27;[35m[WD Proxy]&amp#27;[39m Proxying [GET /window/current/size] to [GET http://127.0.0.1:8200/wd/hub/session/2e74e7b9-85a6-478f-8ae2-621a49ed711a/window/current/size] with no body
[debug] &amp#27;[35m[WD Proxy]&amp#27;[39m Got response with status 200: {"sessionId":"2e74e7b9-85a6-478f-8ae2-621a49ed711a","value":{"height":2276,"width":1080}}
[debug] &amp#27;[35m[W3C (da2896bd)]&amp#27;[39m Responding to client with driver.getWindowRect() result: {"width":1080,"height":2276,"x":0,"y":0}
&amp#27;[35m[HTTP]&amp#27;[39m &amp#27;[37m<-- GET /wd/hub/session/da2896bd-438a-4f7f-9343-bd96e6f29722/window/rect &amp#27;[39m&amp#27;[32m200&amp#27;[39m &amp#27;[90m4 ms - 50&amp#27;[39m
&amp#27;[35m[HTTP]&amp#27;[39m &amp#27;[90m&amp#27;[39m
&amp#27;[35m[HTTP]&amp#27;[39m &amp#27;[37m-->&amp#27;[39m &amp#27;[37mPOST&amp#27;[39m &amp#27;[37m/wd/hub/session/da2896bd-438a-4f7f-9343-bd96e6f29722/actions&amp#27;[39m
&amp#27;[35m[HTTP]&amp#27;[39m &amp#27;[90m{"actions":[{"id":"finger1","type":"pointer","parameters":{"pointerType":"touch"},"actions":[{"duration":0,"type":"pause"},{"duration":0,"x":0,"y":1138,"type":"pointerMove","origin":"viewport"},{"button":0,"type":"pointerDown"},{"duration":1000,"x":972,"y":1138,"type":"pointerMove","origin":"viewport"},{"button":0,"type":"pointerUp"}]}]}&amp#27;[39m
[debug] &amp#27;[35m[W3C (da2896bd)]&amp#27;[39m Calling AppiumDriver.performActions() with args: [[{"id":"finger1","type":"pointer","parameters":{"pointerType":"touch"},"actions":[{"duration":0,"type":"pause"},{"duration":0,"x":0,"y":1138,"type":"pointerMove","origin":"viewport"},{"button":0,"type":"pointerDown"},{"duration":1000,"x":972,"y":1138,"type":"pointerMove","origin":"viewport"},{"button":0,"type":"pointerUp"}]}],"da2896bd-438a-4f7f-9343-bd96e6f29722"]
[debug] &amp#27;[35m[UiAutomator2]&amp#27;[39m Received the following W3C actions: [
[debug] &amp#27;[35m[UiAutomator2]&amp#27;[39m   {
[debug] &amp#27;[35m[UiAutomator2]&amp#27;[39m     "id": "finger1",
[debug] &amp#27;[35m[UiAutomator2]&amp#27;[39m     "type": "pointer",
[debug] &amp#27;[35m[UiAutomator2]&amp#27;[39m     "parameters": {
[debug] &amp#27;[35m[UiAutomator2]&amp#27;[39m       "pointerType": "touch"
[debug] &amp#27;[35m[UiAutomator2]&amp#27;[39m     },
[debug] &amp#27;[35m[UiAutomator2]&amp#27;[39m     "actions": [
[debug] &amp#27;[35m[UiAutomator2]&amp#27;[39m       {
[debug] &amp#27;[35m[UiAutomator2]&amp#27;[39m         "duration": 0,
[debug] &amp#27;[35m[UiAutomator2]&amp#27;[39m         "type": "pause"
[debug] &amp#27;[35m[UiAutomator2]&amp#27;[39m       },
[debug] &amp#27;[35m[UiAutomator2]&amp#27;[39m       {
[debug] &amp#27;[35m[UiAutomator2]&amp#27;[39m         "duration": 0,
[debug] &amp#27;[35m[UiAutomator2]&amp#27;[39m         "x": 0,
[debug] &amp#27;[35m[UiAutomator2]&amp#27;[39m         "y": 1138,
[debug] &amp#27;[35m[UiAutomator2]&amp#27;[39m         "type": "pointerMove",
[debug] &amp#27;[35m[UiAutomator2]&amp#27;[39m         "origin": "viewport"
[debug] &amp#27;[35m[UiAutomator2]&amp#27;[39m       },
[debug] &amp#27;[35m[UiAutomator2]&amp#27;[39m       {
[debug] &amp#27;[35m[UiAutomator2]&amp#27;[39m         "button": 0,
[debug] &amp#27;[35m[UiAutomator2]&amp#27;[39m         "type": "pointerDown"
[debug] &amp#27;[35m[UiAutomator2]&amp#27;[39m       },
[debug] &amp#27;[35m[UiAutomator2]&amp#27;[39m       {
[debug] &amp#27;[35m[UiAutomator2]&amp#27;[39m         "duration": 1000,
[debug] &amp#27;[35m[UiAutomator2]&amp#27;[39m         "x": 972,
[debug] &amp#27;[35m[UiAutomator2]&amp#27;[39m         "y": 1138,
[debug] &amp#27;[35m[UiAutomator2]&amp#27;[39m         "type": "pointerMove",
[debug] &amp#27;[35m[UiAutomator2]&amp#27;[39m         "origin": "viewport"
[debug] &amp#27;[35m[UiAutomator2]&amp#27;[39m       },
[debug] &amp#27;[35m[UiAutomator2]&amp#27;[39m       {
[debug] &amp#27;[35m[UiAutomator2]&amp#27;[39m         "button": 0,
[debug] &amp#27;[35m[UiAutomator2]&amp#27;[39m         "type": "pointerUp"
[debug] &amp#27;[35m[UiAutomator2]&amp#27;[39m       }
[debug] &amp#27;[35m[UiAutomator2]&amp#27;[39m     ]
[debug] &amp#27;[35m[UiAutomator2]&amp#27;[39m   }
[debug] &amp#27;[35m[UiAutomator2]&amp#27;[39m ]
[debug] &amp#27;[35m[UiAutomator2]&amp#27;[39m Preprocessed actions: [
[debug] &amp#27;[35m[UiAutomator2]&amp#27;[39m   {
[debug] &amp#27;[35m[UiAutomator2]&amp#27;[39m     "id": "finger1",
[debug] &amp#27;[35m[UiAutomator2]&amp#27;[39m     "type": "pointer",
[debug] &amp#27;[35m[UiAutomator2]&amp#27;[39m     "parameters": {
[debug] &amp#27;[35m[UiAutomator2]&amp#27;[39m       "pointerType": "touch"
[debug] &amp#27;[35m[UiAutomator2]&amp#27;[39m     },
[debug] &amp#27;[35m[UiAutomator2]&amp#27;[39m     "actions": [
[debug] &amp#27;[35m[UiAutomator2]&amp#27;[39m       {
[debug] &amp#27;[35m[UiAutomator2]&amp#27;[39m         "duration": 0,
[debug] &amp#27;[35m[UiAutomator2]&amp#27;[39m         "type": "pause"
[debug] &amp#27;[35m[UiAutomator2]&amp#27;[39m       },
[debug] &amp#27;[35m[UiAutomator2]&amp#27;[39m       {
[debug] &amp#27;[35m[UiAutomator2]&amp#27;[39m         "duration": 0,
[debug] &amp#27;[35m[UiAutomator2]&amp#27;[39m         "x": 0,
[debug] &amp#27;[35m[UiAutomator2]&amp#27;[39m         "y": 1138,
[debug] &amp#27;[35m[UiAutomator2]&amp#27;[39m         "type": "pointerMove",
[debug] &amp#27;[35m[UiAutomator2]&amp#27;[39m         "origin": "viewport"
[debug] &amp#27;[35m[UiAutomator2]&amp#27;[39m       },
[debug] &amp#27;[35m[UiAutomator2]&amp#27;[39m       {
[debug] &amp#27;[35m[UiAutomator2]&amp#27;[39m         "button": 0,
[debug] &amp#27;[35m[UiAutomator2]&amp#27;[39m         "type": "pointerDown"
[debug] &amp#27;[35m[UiAutomator2]&amp#27;[39m       },
[debug] &amp#27;[35m[UiAutomator2]&amp#27;[39m       {
[debug] &amp#27;[35m[UiAutomator2]&amp#27;[39m         "duration": 1000,
[debug] &amp#27;[35m[UiAutomator2]&amp#27;[39m         "x": 972,
[debug] &amp#27;[35m[UiAutomator2]&amp#27;[39m         "y": 1138,
[debug] &amp#27;[35m[UiAutomator2]&amp#27;[39m         "type": "pointerMove",
[debug] &amp#27;[35m[UiAutomator2]&amp#27;[39m         "origin": "viewport"
[debug] &amp#27;[35m[UiAutomator2]&amp#27;[39m       },
[debug] &amp#27;[35m[UiAutomator2]&amp#27;[39m       {
[debug] &amp#27;[35m[UiAutomator2]&amp#27;[39m         "button": 0,
[debug] &amp#27;[35m[UiAutomator2]&amp#27;[39m         "type": "pointerUp"
[debug] &amp#27;[35m[UiAutomator2]&amp#27;[39m       }
[debug] &amp#27;[35m[UiAutomator2]&amp#27;[39m     ]
[debug] &amp#27;[35m[UiAutomator2]&amp#27;[39m   }
[debug] &amp#27;[35m[UiAutomator2]&amp#27;[39m ]
[debug] &amp#27;[35m[WD Proxy]&amp#27;[39m Matched '/actions' to command name 'performActions'
[debug] &amp#27;[35m[WD Proxy]&amp#27;[39m Proxying [POST /actions] to [POST http://127.0.0.1:8200/wd/hub/session/2e74e7b9-85a6-478f-8ae2-621a49ed711a/actions] with body: {"actions":[{"id":"finger1","type":"pointer","parameters":{"pointerType":"touch"},"actions":[{"duration":0,"type":"pause"},{"duration":0,"x":0,"y":1138,"type":"pointerMove","origin":"viewport"},{"button":0,"type":"pointerDown"},{"duration":1000,"x":972,"y":1138,"type":"pointerMove","origin":"viewport"},{"button":0,"type":"pointerUp"}]}]}
[debug] &amp#27;[35m[WD Proxy]&amp#27;[39m Got response with status 200: {"sessionId":"2e74e7b9-85a6-478f-8ae2-621a49ed711a","value":null}
[debug] &amp#27;[35m[W3C (da2896bd)]&amp#27;[39m Responding to client with driver.performActions() result: null
&amp#27;[35m[HTTP]&amp#27;[39m &amp#27;[37m<-- POST /wd/hub/session/da2896bd-438a-4f7f-9343-bd96e6f29722/actions &amp#27;[39m&amp#27;[32m200&amp#27;[39m &amp#27;[90m1402 ms - 14&amp#27;[39m
&amp#27;[35m[HTTP]&amp#27;[39m &amp#27;[90m&amp#27;[39m
2023-05-28 09:16:58  &amp#27;[34m&amp#27;[0;39mINFO  &amp#27;[35m[main]&amp#27;[0;39m &amp#27;[33mtop.testeru.page.AppBasePage.upAndDown(AppBasePage.java:156)&amp#27;[0;39m -- 上下滑动
&amp#27;[35m[HTTP]&amp#27;[39m &amp#27;[37m-->&amp#27;[39m &amp#27;[37mGET&amp#27;[39m &amp#27;[37m/wd/hub/session/da2896bd-438a-4f7f-9343-bd96e6f29722/window/rect&amp#27;[39m
&amp#27;[35m[HTTP]&amp#27;[39m &amp#27;[90m{}&amp#27;[39m
[debug] &amp#27;[35m[W3C (da2896bd)]&amp#27;[39m Calling AppiumDriver.getWindowRect() with args: ["da2896bd-438a-4f7f-9343-bd96e6f29722"]
[debug] &amp#27;[35m[WD Proxy]&amp#27;[39m Matched '/window/current/size' to command name 'getWindowSize'
[debug] &amp#27;[35m[WD Proxy]&amp#27;[39m Proxying [GET /window/current/size] to [GET http://127.0.0.1:8200/wd/hub/session/2e74e7b9-85a6-478f-8ae2-621a49ed711a/window/current/size] with no body
[debug] &amp#27;[35m[WD Proxy]&amp#27;[39m Got response with status 200: {"sessionId":"2e74e7b9-85a6-478f-8ae2-621a49ed711a","value":{"height":2276,"width":1080}}
[debug] &amp#27;[35m[W3C (da2896bd)]&amp#27;[39m Responding to client with driver.getWindowRect() result: {"width":1080,"height":2276,"x":0,"y":0}
&amp#27;[35m[HTTP]&amp#27;[39m &amp#27;[37m<-- GET /wd/hub/session/da2896bd-438a-4f7f-9343-bd96e6f29722/window/rect &amp#27;[39m&amp#27;[32m200&amp#27;[39m &amp#27;[90m4 ms - 50&amp#27;[39m
&amp#27;[35m[HTTP]&amp#27;[39m &amp#27;[90m&amp#27;[39m
2023-05-28 09:16:58  &amp#27;[34m&amp#27;[0;39mINFO  &amp#27;[35m[main]&amp#27;[0;39m &amp#27;[33mtop.testeru.page.AppBasePage.upAndDown(AppBasePage.java:163)&amp#27;[0;39m -- 从(540, 1820)滑动到(540, 455)
&amp#27;[35m[HTTP]&amp#27;[39m &amp#27;[37m-->&amp#27;[39m &amp#27;[37mPOST&amp#27;[39m &amp#27;[37m/wd/hub/session/da2896bd-438a-4f7f-9343-bd96e6f29722/actions&amp#27;[39m
&amp#27;[35m[HTTP]&amp#27;[39m &amp#27;[90m{"actions":[{"id":"finger1","type":"pointer","parameters":{"pointerType":"touch"},"actions":[{"duration":0,"type":"pause"},{"duration":0,"x":540,"y":1820,"type":"pointerMove","origin":"viewport"},{"button":0,"type":"pointerDown"},{"duration":1000,"x":540,"y":455,"type":"pointerMove","origin":"viewport"},{"button":0,"type":"pointerUp"}]}]}&amp#27;[39m
[debug] &amp#27;[35m[W3C (da2896bd)]&amp#27;[39m Calling AppiumDriver.performActions() with args: [[{"id":"finger1","type":"pointer","parameters":{"pointerType":"touch"},"actions":[{"duration":0,"type":"pause"},{"duration":0,"x":540,"y":1820,"type":"pointerMove","origin":"viewport"},{"button":0,"type":"pointerDown"},{"duration":1000,"x":540,"y":455,"type":"pointerMove","origin":"viewport"},{"button":0,"type":"pointerUp"}]}],"da2896bd-438a-4f7f-9343-bd96e6f29722"]
[debug] &amp#27;[35m[UiAutomator2]&amp#27;[39m Received the following W3C actions: [
[debug] &amp#27;[35m[UiAutomator2]&amp#27;[39m   {
[debug] &amp#27;[35m[UiAutomator2]&amp#27;[39m     "id": "finger1",
[debug] &amp#27;[35m[UiAutomator2]&amp#27;[39m     "type": "pointer",
[debug] &amp#27;[35m[UiAutomator2]&amp#27;[39m     "parameters": {
[debug] &amp#27;[35m[UiAutomator2]&amp#27;[39m       "pointerType": "touch"
[debug] &amp#27;[35m[UiAutomator2]&amp#27;[39m     },
[debug] &amp#27;[35m[UiAutomator2]&amp#27;[39m     "actions": [
[debug] &amp#27;[35m[UiAutomator2]&amp#27;[39m       {
[debug] &amp#27;[35m[UiAutomator2]&amp#27;[39m         "duration": 0,
[debug] &amp#27;[35m[UiAutomator2]&amp#27;[39m         "type": "pause"
[debug] &amp#27;[35m[UiAutomator2]&amp#27;[39m       },
[debug] &amp#27;[35m[UiAutomator2]&amp#27;[39m       {
[debug] &amp#27;[35m[UiAutomator2]&amp#27;[39m         "duration": 0,
[debug] &amp#27;[35m[UiAutomator2]&amp#27;[39m         "x": 540,
[debug] &amp#27;[35m[UiAutomator2]&amp#27;[39m         "y": 1820,
[debug] &amp#27;[35m[UiAutomator2]&amp#27;[39m         "type": "pointerMove",
[debug] &amp#27;[35m[UiAutomator2]&amp#27;[39m         "origin": "viewport"
[debug] &amp#27;[35m[UiAutomator2]&amp#27;[39m       },
[debug] &amp#27;[35m[UiAutomator2]&amp#27;[39m       {
[debug] &amp#27;[35m[UiAutomator2]&amp#27;[39m         "button": 0,
[debug] &amp#27;[35m[UiAutomator2]&amp#27;[39m         "type": "pointerDown"
[debug] &amp#27;[35m[UiAutomator2]&amp#27;[39m       },
[debug] &amp#27;[35m[UiAutomator2]&amp#27;[39m       {
[debug] &amp#27;[35m[UiAutomator2]&amp#27;[39m         "duration": 1000,
[debug] &amp#27;[35m[UiAutomator2]&amp#27;[39m         "x": 540,
[debug] &amp#27;[35m[UiAutomator2]&amp#27;[39m         "y": 455,
[debug] &amp#27;[35m[UiAutomator2]&amp#27;[39m         "type": "pointerMove",
[debug] &amp#27;[35m[UiAutomator2]&amp#27;[39m         "origin": "viewport"
[debug] &amp#27;[35m[UiAutomator2]&amp#27;[39m       },
[debug] &amp#27;[35m[UiAutomator2]&amp#27;[39m       {
[debug] &amp#27;[35m[UiAutomator2]&amp#27;[39m         "button": 0,
[debug] &amp#27;[35m[UiAutomator2]&amp#27;[39m         "type": "pointerUp"
[debug] &amp#27;[35m[UiAutomator2]&amp#27;[39m       }
[debug] &amp#27;[35m[UiAutomator2]&amp#27;[39m     ]
[debug] &amp#27;[35m[UiAutomator2]&amp#27;[39m   }
[debug] &amp#27;[35m[UiAutomator2]&amp#27;[39m ]
[debug] &amp#27;[35m[UiAutomator2]&amp#27;[39m Preprocessed actions: [
[debug] &amp#27;[35m[UiAutomator2]&amp#27;[39m   {
[debug] &amp#27;[35m[UiAutomator2]&amp#27;[39m     "id": "finger1",
[debug] &amp#27;[35m[UiAutomator2]&amp#27;[39m     "type": "pointer",
[debug] &amp#27;[35m[UiAutomator2]&amp#27;[39m     "parameters": {
[debug] &amp#27;[35m[UiAutomator2]&amp#27;[39m       "pointerType": "touch"
[debug] &amp#27;[35m[UiAutomator2]&amp#27;[39m     },
[debug] &amp#27;[35m[UiAutomator2]&amp#27;[39m     "actions": [
[debug] &amp#27;[35m[UiAutomator2]&amp#27;[39m       {
[debug] &amp#27;[35m[UiAutomator2]&amp#27;[39m         "duration": 0,
[debug] &amp#27;[35m[UiAutomator2]&amp#27;[39m         "type": "pause"
[debug] &amp#27;[35m[UiAutomator2]&amp#27;[39m       },
[debug] &amp#27;[35m[UiAutomator2]&amp#27;[39m       {
[debug] &amp#27;[35m[UiAutomator2]&amp#27;[39m         "duration": 0,
[debug] &amp#27;[35m[UiAutomator2]&amp#27;[39m         "x": 540,
[debug] &amp#27;[35m[UiAutomator2]&amp#27;[39m         "y": 1820,
[debug] &amp#27;[35m[UiAutomator2]&amp#27;[39m         "type": "pointerMove",
[debug] &amp#27;[35m[UiAutomator2]&amp#27;[39m         "origin": "viewport"
[debug] &amp#27;[35m[UiAutomator2]&amp#27;[39m       },
[debug] &amp#27;[35m[UiAutomator2]&amp#27;[39m       {
[debug] &amp#27;[35m[UiAutomator2]&amp#27;[39m         "button": 0,
[debug] &amp#27;[35m[UiAutomator2]&amp#27;[39m         "type": "pointerDown"
[debug] &amp#27;[35m[UiAutomator2]&amp#27;[39m       },
[debug] &amp#27;[35m[UiAutomator2]&amp#27;[39m       {
[debug] &amp#27;[35m[UiAutomator2]&amp#27;[39m         "duration": 1000,
[debug] &amp#27;[35m[UiAutomator2]&amp#27;[39m         "x": 540,
[debug] &amp#27;[35m[UiAutomator2]&amp#27;[39m         "y": 455,
[debug] &amp#27;[35m[UiAutomator2]&amp#27;[39m         "type": "pointerMove",
[debug] &amp#27;[35m[UiAutomator2]&amp#27;[39m         "origin": "viewport"
[debug] &amp#27;[35m[UiAutomator2]&amp#27;[39m       },
[debug] &amp#27;[35m[UiAutomator2]&amp#27;[39m       {
[debug] &amp#27;[35m[UiAutomator2]&amp#27;[39m         "button": 0,
[debug] &amp#27;[35m[UiAutomator2]&amp#27;[39m         "type": "pointerUp"
[debug] &amp#27;[35m[UiAutomator2]&amp#27;[39m       }
[debug] &amp#27;[35m[UiAutomator2]&amp#27;[39m     ]
[debug] &amp#27;[35m[UiAutomator2]&amp#27;[39m   }
[debug] &amp#27;[35m[UiAutomator2]&amp#27;[39m ]
[debug] &amp#27;[35m[WD Proxy]&amp#27;[39m Matched '/actions' to command name 'performActions'
[debug] &amp#27;[35m[WD Proxy]&amp#27;[39m Proxying [POST /actions] to [POST http://127.0.0.1:8200/wd/hub/session/2e74e7b9-85a6-478f-8ae2-621a49ed711a/actions] with body: {"actions":[{"id":"finger1","type":"pointer","parameters":{"pointerType":"touch"},"actions":[{"duration":0,"type":"pause"},{"duration":0,"x":540,"y":1820,"type":"pointerMove","origin":"viewport"},{"button":0,"type":"pointerDown"},{"duration":1000,"x":540,"y":455,"type":"pointerMove","origin":"viewport"},{"button":0,"type":"pointerUp"}]}]}
[debug] &amp#27;[35m[WD Proxy]&amp#27;[39m Got response with status 200: {"sessionId":"2e74e7b9-85a6-478f-8ae2-621a49ed711a","value":null}
[debug] &amp#27;[35m[W3C (da2896bd)]&amp#27;[39m Responding to client with driver.performActions() result: null
&amp#27;[35m[HTTP]&amp#27;[39m &amp#27;[37m<-- POST /wd/hub/session/da2896bd-438a-4f7f-9343-bd96e6f29722/actions &amp#27;[39m&amp#27;[32m200&amp#27;[39m &amp#27;[90m1028 ms - 14&amp#27;[39m
&amp#27;[35m[HTTP]&amp#27;[39m &amp#27;[90m&amp#27;[39m
&amp#27;[35m[HTTP]&amp#27;[39m &amp#27;[37m-->&amp#27;[39m &amp#27;[37mGET&amp#27;[39m &amp#27;[37m/wd/hub/session/da2896bd-438a-4f7f-9343-bd96e6f29722/source&amp#27;[39m
&amp#27;[35m[HTTP]&amp#27;[39m &amp#27;[90m{}&amp#27;[39m
&amp#27;[35m[W3C (da2896bd)]&amp#27;[39m Driver proxy active, passing request on via HTTP proxy
[debug] &amp#27;[35m[WD Proxy]&amp#27;[39m Matched '/wd/hub/session/da2896bd-438a-4f7f-9343-bd96e6f29722/source' to command name 'getPageSource'
[debug] &amp#27;[35m[WD Proxy]&amp#27;[39m Proxying [GET /wd/hub/session/da2896bd-438a-4f7f-9343-bd96e6f29722/source] to [GET http://127.0.0.1:8200/wd/hub/session/2e74e7b9-85a6-478f-8ae2-621a49ed711a/source] with no body
[debug] &amp#27;[35m[WD Proxy]&amp#27;[39m Got response with status 200: {"sessionId":"2e74e7b9-85a6-478f-8ae2-621a49ed711a","value":"<?xml version='1.0' encoding='UTF-8' standalone='yes' ?>\r\n<hierarchy index=\"0\" class=\"hierarchy\" rotation=\"0\" width=\"1080\" height=\"2276\">\r\n  <android.widget.FrameLayout index=\"0\" package=\"com.tencent.wework\" class=\"android.widget.FrameLayout\" text=\"\" checkable=\"false\" checked=\"false\" clickable=\"false\" enabled=\"true\" focusable=\"false\" focused=\"false\" long-clickable=\"false\" password=\"false\" scrollable=\"false\" selected=\"false\" bounds=\"[0,0][1080,2276]\" displayed=\"true\">\r\n    <android.widget.LinearLayout index=\"0\" package=\"com.tencent.wework\" class=\"android.widget.LinearLayout\" text=\"\" checkable=\"false\" checked=\"false\" clickable=\"false\" enabled=\"true\" focusable=\"false\" focused=\"false\" long-clickable=\"false\" password=\"false\" scrollable=\"false\" selected=\"false\" bounds=\"[0,0][1080,2276]\" displayed=\"true\">\r\n      <android.widget.FrameLayout index=\"0\" package=\"com.tencent...
&amp#27;[35m[WD Proxy]&amp#27;[39m Replacing sessionId 2e74e7b9-85a6-478f-8ae2-621a49ed711a with da2896bd-438a-4f7f-9343-bd96e6f29722
&amp#27;[35m[HTTP]&amp#27;[39m &amp#27;[37m<-- GET /wd/hub/session/da2896bd-438a-4f7f-9343-bd96e6f29722/source &amp#27;[39m&amp#27;[32m200&amp#27;[39m &amp#27;[90m475 ms - 54130&amp#27;[39m
&amp#27;[35m[HTTP]&amp#27;[39m &amp#27;[90m&amp#27;[39m
&amp#27;[35m[HTTP]&amp#27;[39m &amp#27;[37m-->&amp#27;[39m &amp#27;[37mPOST&amp#27;[39m &amp#27;[37m/wd/hub/session/da2896bd-438a-4f7f-9343-bd96e6f29722/elements&amp#27;[39m
&amp#27;[35m[HTTP]&amp#27;[39m &amp#27;[90m{"using":"class name","value":"android.widget.TextView"}&amp#27;[39m
[debug] &amp#27;[35m[W3C (da2896bd)]&amp#27;[39m Calling AppiumDriver.findElements() with args: ["class name","android.widget.TextView","da2896bd-438a-4f7f-9343-bd96e6f29722"]
[debug] &amp#27;[35m[BaseDriver]&amp#27;[39m Valid locator strategies for this request: xpath, id, class name, accessibility id, css selector, -android uiautomator
[debug] &amp#27;[35m[BaseDriver]&amp#27;[39m Waiting up to 20000 ms for condition
[debug] &amp#27;[35m[WD Proxy]&amp#27;[39m Matched '/elements' to command name 'findElements'
[debug] &amp#27;[35m[WD Proxy]&amp#27;[39m Proxying [POST /elements] to [POST http://127.0.0.1:8200/wd/hub/session/2e74e7b9-85a6-478f-8ae2-621a49ed711a/elements] with body: {"strategy":"class name","selector":"android.widget.TextView","context":"","multiple":true}
[debug] &amp#27;[35m[WD Proxy]&amp#27;[39m Got response with status 200: {"sessionId":"2e74e7b9-85a6-478f-8ae2-621a49ed711a","value":[{"ELEMENT":"00000000-0000-0aad-ffff-ffff00000271","element-6066-11e4-a52e-4f735466cecf":"00000000-0000-0aad-ffff-ffff00000271"},{"ELEMENT":"00000000-0000-0aad-ffff-ffff0000027d","element-6066-11e4-a52e-4f735466cecf":"00000000-0000-0aad-ffff-ffff0000027d"},{"ELEMENT":"00000000-0000-0aad-ffff-ffff00000280","element-6066-11e4-a52e-4f735466cecf":"00000000-0000-0aad-ffff-ffff00000280"},{"ELEMENT":"00000000-0000-0aad-ffff-ffff000002e9","element-6066-11e4-a52e-4f735466cecf":"00000000-0000-0aad-ffff-ffff000002e9"},{"ELEMENT":"00000000-0000-0aad-ffff-ffff000002f6","element-6066-11e4-a52e-4f735466cecf":"00000000-0000-0aad-ffff-ffff000002f6"},{"ELEMENT":"00000000-0000-0aad-ffff-ffff00000303","element-6066-11e4-a52e-4f735466cecf":"00000000-0000-0aad-ffff-ffff00000303"},{"ELEMENT":"00000000-0000-0aad-ffff-ffff00000310","element-6066-11e4-a52e-4f735466cecf":"00000000-0000-0aad-ffff-ffff00000310"},{"ELEMENT":"00000000-0000-0aad-ffff-ffff0000031d","element-6066-...
[debug] &amp#27;[35m[W3C (da2896bd)]&amp#27;[39m Responding to client with driver.findElements() result: [{"element-6066-11e4-a52e-4f735466cecf":"00000000-0000-0aad-ffff-ffff00000271","ELEMENT":"00000000-0000-0aad-ffff-ffff00000271"},{"element-6066-11e4-a52e-4f735466cecf":"00000000-0000-0aad-ffff-ffff0000027d","ELEMENT":"00000000-0000-0aad-ffff-ffff0000027d"},{"element-6066-11e4-a52e-4f735466cecf":"00000000-0000-0aad-ffff-ffff00000280","ELEMENT":"00000000-0000-0aad-ffff-ffff00000280"},{"element-6066-11e4-a52e-4f735466cecf":"00000000-0000-0aad-ffff-ffff000002e9","ELEMENT":"00000000-0000-0aad-ffff-ffff000002e9"},{"element-6066-11e4-a52e-4f735466cecf":"00000000-0000-0aad-ffff-ffff000002f6","ELEMENT":"00000000-0000-0aad-ffff-ffff000002f6"},{"element-6066-11e4-a52e-4f735466cecf":"00000000-0000-0aad-ffff-ffff00000303","ELEMENT":"00000000-0000-0aad-ffff-ffff00000303"},{"element-6066-11e4-a52e-4f735466cecf":"00000000-0000-0aad-ffff-ffff00000310","ELEMENT":"00000000-0000-0aad-ffff-ffff00000310"},{"element-6066-11e4-a52e-4f735466cecf":"00000000-0000-0aad-ffff-ffff0000031d","ELEMENT":"00000000-0000-0aad-ffff-ffff0000031...
&amp#27;[35m[HTTP]&amp#27;[39m &amp#27;[37m<-- POST /wd/hub/session/da2896bd-438a-4f7f-9343-bd96e6f29722/elements &amp#27;[39m&amp#27;[32m200&amp#27;[39m &amp#27;[90m37 ms - 2955&amp#27;[39m
&amp#27;[35m[HTTP]&amp#27;[39m &amp#27;[90m&amp#27;[39m
&amp#27;[35m[HTTP]&amp#27;[39m &amp#27;[37m-->&amp#27;[39m &amp#27;[37mPOST&amp#27;[39m &amp#27;[37m/wd/hub/session/da2896bd-438a-4f7f-9343-bd96e6f29722/element/00000000-0000-0aad-ffff-ffff0000027d/click&amp#27;[39m
&amp#27;[35m[HTTP]&amp#27;[39m &amp#27;[90m{"id":"00000000-0000-0aad-ffff-ffff0000027d"}&amp#27;[39m
[debug] &amp#27;[35m[W3C (da2896bd)]&amp#27;[39m Calling AppiumDriver.click() with args: ["00000000-0000-0aad-ffff-ffff0000027d","da2896bd-438a-4f7f-9343-bd96e6f29722"]
[debug] &amp#27;[35m[WD Proxy]&amp#27;[39m Matched '/element/00000000-0000-0aad-ffff-ffff0000027d/click' to command name 'click'
[debug] &amp#27;[35m[WD Proxy]&amp#27;[39m Proxying [POST /element/00000000-0000-0aad-ffff-ffff0000027d/click] to [POST http://127.0.0.1:8200/wd/hub/session/2e74e7b9-85a6-478f-8ae2-621a49ed711a/element/00000000-0000-0aad-ffff-ffff0000027d/click] with body: {"element":"00000000-0000-0aad-ffff-ffff0000027d"}
[debug] &amp#27;[35m[WD Proxy]&amp#27;[39m Got response with status 200: {"sessionId":"2e74e7b9-85a6-478f-8ae2-621a49ed711a","value":null}
[debug] &amp#27;[35m[W3C (da2896bd)]&amp#27;[39m Responding to client with driver.click() result: null
&amp#27;[35m[HTTP]&amp#27;[39m &amp#27;[37m<-- POST /wd/hub/session/da2896bd-438a-4f7f-9343-bd96e6f29722/element/00000000-0000-0aad-ffff-ffff0000027d/click &amp#27;[39m&amp#27;[32m200&amp#27;[39m &amp#27;[90m34 ms - 14&amp#27;[39m
&amp#27;[35m[HTTP]&amp#27;[39m &amp#27;[90m&amp#27;[39m
&amp#27;[35m[HTTP]&amp#27;[39m &amp#27;[37m-->&amp#27;[39m &amp#27;[37mPOST&amp#27;[39m &amp#27;[37m/wd/hub/session/da2896bd-438a-4f7f-9343-bd96e6f29722/element&amp#27;[39m
&amp#27;[35m[HTTP]&amp#27;[39m &amp#27;[90m{"using":"xpath","value":"//*[@class=\"android.widget.EditText\" and @text=\"搜索\"]"}&amp#27;[39m
[debug] &amp#27;[35m[W3C (da2896bd)]&amp#27;[39m Calling AppiumDriver.findElement() with args: ["xpath","//*[@class=\"android.widget.EditText\" and @text=\"搜索\"]","da2896bd-438a-4f7f-9343-bd96e6f29722"]
[debug] &amp#27;[35m[BaseDriver]&amp#27;[39m Valid locator strategies for this request: xpath, id, class name, accessibility id, css selector, -android uiautomator
[debug] &amp#27;[35m[BaseDriver]&amp#27;[39m Waiting up to 20000 ms for condition
[debug] &amp#27;[35m[WD Proxy]&amp#27;[39m Matched '/element' to command name 'findElement'
[debug] &amp#27;[35m[WD Proxy]&amp#27;[39m Proxying [POST /element] to [POST http://127.0.0.1:8200/wd/hub/session/2e74e7b9-85a6-478f-8ae2-621a49ed711a/element] with body: {"strategy":"xpath","selector":"//*[@class=\"android.widget.EditText\" and @text=\"搜索\"]","context":"","multiple":false}
&amp#27;[35m[WD Proxy]&amp#27;[39m Got response with status 404: {"sessionId":"2e74e7b9-85a6-478f-8ae2-621a49ed711a","value":{"error":"no such element","message":"An element could not be located on the page using the given search parameters","stacktrace":"io.appium.uiautomator2.common.exceptions.ElementNotFoundException: An element could not be located on the page using the given search parameters\n\tat io.appium.uiautomator2.handler.FindElement.findElement(FindElement.java:90)\n\tat io.appium.uiautomator2.handler.FindElement.safeHandle(FindElement.java:67)\n\tat io.appium.uiautomator2.handler.request.SafeRequestHandler.handle(SafeRequestHandler.java:59)\n\tat io.appium.uiautomator2.server.AppiumServlet.handleRequest(AppiumServlet.java:266)\n\tat io.appium.uiautomator2.server.AppiumServlet.handleHttpRequest(AppiumServlet.java:260)\n\tat io.appium.uiautomator2.http.ServerHandler.channelRead(ServerHandler.java:68)\n\tat io.netty.channel.AbstractChannelHandlerContext.invokeChannelRead(AbstractChannelHandlerContext.java:366)\n\tat io.netty.channel.AbstractChannelHandlerCont...
[debug] &amp#27;[35m[W3C]&amp#27;[39m Matched W3C error code 'no such element' to NoSuchElementError
[debug] &amp#27;[35m[BaseDriver]&amp#27;[39m Waited for 141 ms so far
[debug] &amp#27;[35m[WD Proxy]&amp#27;[39m Matched '/element' to command name 'findElement'
[debug] &amp#27;[35m[WD Proxy]&amp#27;[39m Proxying [POST /element] to [POST http://127.0.0.1:8200/wd/hub/session/2e74e7b9-85a6-478f-8ae2-621a49ed711a/element] with body: {"strategy":"xpath","selector":"//*[@class=\"android.widget.EditText\" and @text=\"搜索\"]","context":"","multiple":false}
[debug] &amp#27;[35m[WD Proxy]&amp#27;[39m Got response with status 200: {"sessionId":"2e74e7b9-85a6-478f-8ae2-621a49ed711a","value":{"ELEMENT":"00000000-0000-0ab2-ffff-ffff0000052c","element-6066-11e4-a52e-4f735466cecf":"00000000-0000-0ab2-ffff-ffff0000052c"}}
[debug] &amp#27;[35m[W3C (da2896bd)]&amp#27;[39m Responding to client with driver.findElement() result: {"element-6066-11e4-a52e-4f735466cecf":"00000000-0000-0ab2-ffff-ffff0000052c","ELEMENT":"00000000-0000-0ab2-ffff-ffff0000052c"}
&amp#27;[35m[HTTP]&amp#27;[39m &amp#27;[37m<-- POST /wd/hub/session/da2896bd-438a-4f7f-9343-bd96e6f29722/element &amp#27;[39m&amp#27;[32m200&amp#27;[39m &amp#27;[90m1217 ms - 137&amp#27;[39m
&amp#27;[35m[HTTP]&amp#27;[39m &amp#27;[90m&amp#27;[39m
&amp#27;[35m[HTTP]&amp#27;[39m &amp#27;[37m-->&amp#27;[39m &amp#27;[37mPOST&amp#27;[39m &amp#27;[37m/wd/hub/session/da2896bd-438a-4f7f-9343-bd96e6f29722/element&amp#27;[39m
&amp#27;[35m[HTTP]&amp#27;[39m &amp#27;[90m{"using":"-android uiautomator","value":"new UiSelector().text(\"搜索\")"}&amp#27;[39m
[debug] &amp#27;[35m[W3C (da2896bd)]&amp#27;[39m Calling AppiumDriver.findElement() with args: ["-android uiautomator","new UiSelector().text(\"搜索\")","da2896bd-438a-4f7f-9343-bd96e6f29722"]
[debug] &amp#27;[35m[BaseDriver]&amp#27;[39m Valid locator strategies for this request: xpath, id, class name, accessibility id, css selector, -android uiautomator
[debug] &amp#27;[35m[BaseDriver]&amp#27;[39m Waiting up to 20000 ms for condition
[debug] &amp#27;[35m[WD Proxy]&amp#27;[39m Matched '/element' to command name 'findElement'
[debug] &amp#27;[35m[WD Proxy]&amp#27;[39m Proxying [POST /element] to [POST http://127.0.0.1:8200/wd/hub/session/2e74e7b9-85a6-478f-8ae2-621a49ed711a/element] with body: {"strategy":"-android uiautomator","selector":"new UiSelector().text(\"搜索\")","context":"","multiple":false}
[debug] &amp#27;[35m[WD Proxy]&amp#27;[39m Got response with status 200: {"sessionId":"2e74e7b9-85a6-478f-8ae2-621a49ed711a","value":{"ELEMENT":"00000000-0000-0ab2-ffff-ffff0000052c","element-6066-11e4-a52e-4f735466cecf":"00000000-0000-0ab2-ffff-ffff0000052c"}}
[debug] &amp#27;[35m[W3C (da2896bd)]&amp#27;[39m Responding to client with driver.findElement() result: {"element-6066-11e4-a52e-4f735466cecf":"00000000-0000-0ab2-ffff-ffff0000052c","ELEMENT":"00000000-0000-0ab2-ffff-ffff0000052c"}
&amp#27;[35m[HTTP]&amp#27;[39m &amp#27;[37m<-- POST /wd/hub/session/da2896bd-438a-4f7f-9343-bd96e6f29722/element &amp#27;[39m&amp#27;[32m200&amp#27;[39m &amp#27;[90m10 ms - 137&amp#27;[39m
&amp#27;[35m[HTTP]&amp#27;[39m &amp#27;[90m&amp#27;[39m
2023-05-28 09:17:01  &amp#27;[34m&amp#27;[0;39mINFO  &amp#27;[35m[main]&amp#27;[0;39m &amp#27;[33mtop.testeru.page.AppBasePage.find(AppBasePage.java:105)&amp#27;[0;39m -- 元素定位：AppiumBy.androidUIAutomator: new UiSelector().text("搜索")
&amp#27;[35m[HTTP]&amp#27;[39m &amp#27;[37m-->&amp#27;[39m &amp#27;[37mGET&amp#27;[39m &amp#27;[37m/wd/hub/session/da2896bd-438a-4f7f-9343-bd96e6f29722/screenshot&amp#27;[39m
&amp#27;[35m[HTTP]&amp#27;[39m &amp#27;[90m{}&amp#27;[39m
[debug] &amp#27;[35m[W3C (da2896bd)]&amp#27;[39m Calling AppiumDriver.getScreenshot() with args: ["da2896bd-438a-4f7f-9343-bd96e6f29722"]
[debug] &amp#27;[35m[WD Proxy]&amp#27;[39m Matched '/screenshot' to command name 'getScreenshot'
[debug] &amp#27;[35m[WD Proxy]&amp#27;[39m Proxying [GET /screenshot] to [GET http://127.0.0.1:8200/wd/hub/session/2e74e7b9-85a6-478f-8ae2-621a49ed711a/screenshot] with no body
[debug] &amp#27;[35m[WD Proxy]&amp#27;[39m Got response with status 200: {"sessionId":"2e74e7b9-85a6-478f-8ae2-621a49ed711a","value":"iVBORw0KGgoAAAANSUhEUgAABDgAAAlgCAYAAABtGofVAAAAAXNSR0IArs4c6QAAAARzQklUCAgI\nCHwIZIgAACAASURBVHic7N13eFxnmf7x7/SmMuqSVSx3xzWusRPHacRpTodACBBKaBcsgSUsLFth\ngYUfWZa6u4SwCwQChPRASHd6bMexHfciN8myem8zmnJ+f4wka6RRbzPy/bmuXJHOnHPmjF9bmnPP\n+z6Paf1X3jQQEREREREREUlg5qm+ABERERERERGRsVLAISIiIiIiIiIJTwGHiIiIiIiIiCQ8BRwi\nIiIiIiIikvAUcIiIiIiIiIhIwlPAISIiIiIiIiIJTwGHiIiIiIiIiCQ8BRwiIiIiIiIikvAUcIiI\niIiIiIhIwlPAISIiIiIiIiIJTwGHiIiIiIiIiCQ8BRwiIiIiIiIikvAUcIiIiIiIiIhIwlPAISIi\nIiIiIiIJTwGHiIiIiIiIiCQ8BRwiIiIiIiIikvAUcIiIiIiIiIhIwlPAISIiIiIiIiIJTwGHiIiI\niIiIiCQ8BRwiIiIiIiIikvAUcIiIiIiIiIhIwlPAISIiIiIiIiIJTwGHiIiIiIiIiCQ8BRwiIiIi\nIiIikvAUcIiIiIiIiIhIwlPAISIiIiIiIiIJTwGHiIiIiIiIiCQ8BRwiIiIiIiIikvAUcIiIiIiI\niIhIwlPAISIiIiIiIiIJTwGHiIiIiIiIiCQ8BRwiIiIiIiIikvAUcIiIiIiIiIhIwrNO9QXEk8uX\nZTArx9Xz/d6TLWw/2jRpz/+tD83HbII9J1t463Ajp6o7Ju25ZeKYTLC4KJklRUnkeB3keO1UNXZS\n0eBn76kWDpa1Dnisy27hqpWZ7DvVSklF2yRetYiIiCS6HK+DgkwnNouJslof5XW+qb4kGWcaY5Fo\nCjh6WTvfy0ULvT3fh8JMWsCx...
[debug] &amp#27;[35m[W3C (da2896bd)]&amp#27;[39m Responding to client with driver.getScreenshot() result: "iVBORw0KGgoAAAANSUhEUgAABDgAAAlgCAYAAABtGofVAAAAAXNSR0IArs4c6QAAAARzQklUCAgI\nCHwIZIgAACAASURBVHic7N13eFxnmf7x7/SmMuqSVSx3xzWusRPHacRpTodACBBKaBcsgSUsLFth\ngYUfWZa6u4SwCwQChPRASHd6bMexHfciN8myem8zmnJ+f4wka6RRbzPy/bmuXJHOnHPmjF9bmnPP\n+z6Paf1X3jQQEREREREREUlg5qm+ABERERERERGRsVLAISIiIiIiIiIJTwGHiIiIiIiIiCQ8BRwi\nIiIiIiIikvAUcIiIiIiIiIhIwlPAISIiIiIiIiIJTwGHiIiIiIiIiCQ8BRwiIiIiIiIikvAUcIiI\niIiIiIhIwlPAISIiIiIiIiIJTwGHiIiIiIiIiCQ8BRwiIiIiIiIikvAUcIiIiIiIiIhIwlPAISIi\nIiIiIiIJTwGHiIiIiIiIiCQ8BRwiIiIiIiIikvAUcIiIiIiIiIhIwlPAISIiIiIiIiIJTwGHiIiI\niIiIiCQ8BRwiIiIiIiIikvAUcIiIiIiIiIhIwlPAISIiIiIiIiIJTwGHiIiIiIiIiCQ8BRwiIiIi\nIiIikvAUcIiIiIiIiIhIwlPAISIiIiIiIiIJTwGHiIiIiIiIiCQ8BRwiIiIiIiIikvAUcIiIiIiI\niIhIwlPAISIiIiIiIiIJTwGHiIiIiIiIiCQ8BRwiIiIiIiIikvAUcIiIiIiIiIhIwrNO9QXEk8uX\nZTArx9Xz/d6TLWw/2jRpz/+tD83HbII9J1t463Ajp6o7Ju25ZeKYTLC4KJklRUnkeB3keO1UNXZS\n0eBn76kWDpa1Dnisy27hqpWZ7DvVSklF2yRetYiIiCS6HK+DgkwnNouJslof5XW+qb4kGWcaY5Fo\nCjh6WTvfy0ULvT3fh8JMWsCxIN/DsuJkTMDSmcm896JcPvHjvTS1Byfl+WVi3HPzLNYvTMNuMUVt\nXzrz7N...
&amp#27;[35m[HTTP]&amp#27;[39m &amp#27;[37m<-- GET /wd/hub/session/da2896bd-438a-4f7f-9343-bd96e6f29722/screenshot &amp#27;[39m&amp#27;[32m200&amp#27;[39m &amp#27;[90m266 ms - 272340&amp#27;[39m
&amp#27;[35m[HTTP]&amp#27;[39m &amp#27;[90m&amp#27;[39m
&amp#27;[35m[HTTP]&amp#27;[39m &amp#27;[37m-->&amp#27;[39m &amp#27;[37mGET&amp#27;[39m &amp#27;[37m/wd/hub/session/da2896bd-438a-4f7f-9343-bd96e6f29722/element/00000000-0000-0ab2-ffff-ffff0000052c/rect&amp#27;[39m
&amp#27;[35m[HTTP]&amp#27;[39m &amp#27;[90m{}&amp#27;[39m
&amp#27;[35m[W3C (da2896bd)]&amp#27;[39m Driver proxy active, passing request on via HTTP proxy
[debug] &amp#27;[35m[WD Proxy]&amp#27;[39m Matched '/wd/hub/session/da2896bd-438a-4f7f-9343-bd96e6f29722/element/00000000-0000-0ab2-ffff-ffff0000052c/rect' to command name 'getElementRect'
[debug] &amp#27;[35m[WD Proxy]&amp#27;[39m Proxying [GET /wd/hub/session/da2896bd-438a-4f7f-9343-bd96e6f29722/element/00000000-0000-0ab2-ffff-ffff0000052c/rect] to [GET http://127.0.0.1:8200/wd/hub/session/2e74e7b9-85a6-478f-8ae2-621a49ed711a/element/00000000-0000-0ab2-ffff-ffff0000052c/rect] with no body
[debug] &amp#27;[35m[WD Proxy]&amp#27;[39m Got response with status 200: {"sessionId":"2e74e7b9-85a6-478f-8ae2-621a49ed711a","value":{"height":71,"width":942,"x":138,"y":110}}
&amp#27;[35m[WD Proxy]&amp#27;[39m Replacing sessionId 2e74e7b9-85a6-478f-8ae2-621a49ed711a with da2896bd-438a-4f7f-9343-bd96e6f29722
&amp#27;[35m[HTTP]&amp#27;[39m &amp#27;[37m<-- GET /wd/hub/session/da2896bd-438a-4f7f-9343-bd96e6f29722/element/00000000-0000-0ab2-ffff-ffff0000052c/rect &amp#27;[39m&amp#27;[32m200&amp#27;[39m &amp#27;[90m8 ms - 102&amp#27;[39m
&amp#27;[35m[HTTP]&amp#27;[39m &amp#27;[90m&amp#27;[39m
&amp#27;[35m[HTTP]&amp#27;[39m &amp#27;[37m-->&amp#27;[39m &amp#27;[37mGET&amp#27;[39m &amp#27;[37m/wd/hub/session/da2896bd-438a-4f7f-9343-bd96e6f29722/element/00000000-0000-0ab2-ffff-ffff0000052c/rect&amp#27;[39m
&amp#27;[35m[HTTP]&amp#27;[39m &amp#27;[90m{}&amp#27;[39m
&amp#27;[35m[W3C (da2896bd)]&amp#27;[39m Driver proxy active, passing request on via HTTP proxy
[debug] &amp#27;[35m[WD Proxy]&amp#27;[39m Matched '/wd/hub/session/da2896bd-438a-4f7f-9343-bd96e6f29722/element/00000000-0000-0ab2-ffff-ffff0000052c/rect' to command name 'getElementRect'
[debug] &amp#27;[35m[WD Proxy]&amp#27;[39m Proxying [GET /wd/hub/session/da2896bd-438a-4f7f-9343-bd96e6f29722/element/00000000-0000-0ab2-ffff-ffff0000052c/rect] to [GET http://127.0.0.1:8200/wd/hub/session/2e74e7b9-85a6-478f-8ae2-621a49ed711a/element/00000000-0000-0ab2-ffff-ffff0000052c/rect] with no body
[debug] &amp#27;[35m[WD Proxy]&amp#27;[39m Got response with status 200: {"sessionId":"2e74e7b9-85a6-478f-8ae2-621a49ed711a","value":{"height":71,"width":942,"x":138,"y":110}}
&amp#27;[35m[WD Proxy]&amp#27;[39m Replacing sessionId 2e74e7b9-85a6-478f-8ae2-621a49ed711a with da2896bd-438a-4f7f-9343-bd96e6f29722
&amp#27;[35m[HTTP]&amp#27;[39m &amp#27;[37m<-- GET /wd/hub/session/da2896bd-438a-4f7f-9343-bd96e6f29722/element/00000000-0000-0ab2-ffff-ffff0000052c/rect &amp#27;[39m&amp#27;[32m200&amp#27;[39m &amp#27;[90m5 ms - 102&amp#27;[39m
&amp#27;[35m[HTTP]&amp#27;[39m &amp#27;[90m&amp#27;[39m
2023-05-28 09:17:01  &amp#27;[34m&amp#27;[0;39mINFO  &amp#27;[35m[main]&amp#27;[0;39m &amp#27;[33mtop.testeru.page.AppBasePage.ElementScreenBase(AppBasePage.java:211)&amp#27;[0;39m -- location=$(138, 110) size=$(942, 71) x=$138 y=$110 width=$942 height=$71
&amp#27;[35m[HTTP]&amp#27;[39m &amp#27;[37m-->&amp#27;[39m &amp#27;[37mPOST&amp#27;[39m &amp#27;[37m/wd/hub/session/da2896bd-438a-4f7f-9343-bd96e6f29722/element/00000000-0000-0ab2-ffff-ffff0000052c/clear&amp#27;[39m
&amp#27;[35m[HTTP]&amp#27;[39m &amp#27;[90m{"id":"00000000-0000-0ab2-ffff-ffff0000052c"}&amp#27;[39m
[debug] &amp#27;[35m[W3C (da2896bd)]&amp#27;[39m Calling AppiumDriver.clear() with args: ["00000000-0000-0ab2-ffff-ffff0000052c","da2896bd-438a-4f7f-9343-bd96e6f29722"]
[debug] &amp#27;[35m[WD Proxy]&amp#27;[39m Matched '/element/00000000-0000-0ab2-ffff-ffff0000052c/clear' to command name 'clear'
[debug] &amp#27;[35m[WD Proxy]&amp#27;[39m Proxying [POST /element/00000000-0000-0ab2-ffff-ffff0000052c/clear] to [POST http://127.0.0.1:8200/wd/hub/session/2e74e7b9-85a6-478f-8ae2-621a49ed711a/element/00000000-0000-0ab2-ffff-ffff0000052c/clear] with body: {"elementId":"00000000-0000-0ab2-ffff-ffff0000052c"}
[debug] &amp#27;[35m[WD Proxy]&amp#27;[39m Got response with status 200: {"sessionId":"2e74e7b9-85a6-478f-8ae2-621a49ed711a","value":null}
[debug] &amp#27;[35m[W3C (da2896bd)]&amp#27;[39m Responding to client with driver.clear() result: null
&amp#27;[35m[HTTP]&amp#27;[39m &amp#27;[37m<-- POST /wd/hub/session/da2896bd-438a-4f7f-9343-bd96e6f29722/element/00000000-0000-0ab2-ffff-ffff0000052c/clear &amp#27;[39m&amp#27;[32m200&amp#27;[39m &amp#27;[90m9 ms - 14&amp#27;[39m
&amp#27;[35m[HTTP]&amp#27;[39m &amp#27;[90m&amp#27;[39m
&amp#27;[35m[HTTP]&amp#27;[39m &amp#27;[37m-->&amp#27;[39m &amp#27;[37mPOST&amp#27;[39m &amp#27;[37m/wd/hub/session/da2896bd-438a-4f7f-9343-bd96e6f29722/element/00000000-0000-0ab2-ffff-ffff0000052c/value&amp#27;[39m
&amp#27;[35m[HTTP]&amp#27;[39m &amp#27;[90m{"id":"00000000-0000-0ab2-ffff-ffff0000052c","text":"高越泽","value":["高","越","泽"]}&amp#27;[39m
[debug] &amp#27;[35m[W3C (da2896bd)]&amp#27;[39m Calling AppiumDriver.setValue() with args: [["高","越","泽"],"00000000-0000-0ab2-ffff-ffff0000052c","da2896bd-438a-4f7f-9343-bd96e6f29722"]
[debug] &amp#27;[35m[WD Proxy]&amp#27;[39m Matched '/element/00000000-0000-0ab2-ffff-ffff0000052c/value' to command name 'setValue'
[debug] &amp#27;[35m[Protocol Converter]&amp#27;[39m Added 'value' property ["高","越","泽"] to 'setValue' request body
[debug] &amp#27;[35m[WD Proxy]&amp#27;[39m Proxying [POST /element/00000000-0000-0ab2-ffff-ffff0000052c/value] to [POST http://127.0.0.1:8200/wd/hub/session/2e74e7b9-85a6-478f-8ae2-621a49ed711a/element/00000000-0000-0ab2-ffff-ffff0000052c/value] with body: {"elementId":"00000000-0000-0ab2-ffff-ffff0000052c","text":"高越泽","replace":false,"value":["高","越","泽"]}
[debug] &amp#27;[35m[WD Proxy]&amp#27;[39m Got response with status 200: {"sessionId":"2e74e7b9-85a6-478f-8ae2-621a49ed711a","value":null}
[debug] &amp#27;[35m[W3C (da2896bd)]&amp#27;[39m Responding to client with driver.setValue() result: null
&amp#27;[35m[HTTP]&amp#27;[39m &amp#27;[37m<-- POST /wd/hub/session/da2896bd-438a-4f7f-9343-bd96e6f29722/element/00000000-0000-0ab2-ffff-ffff0000052c/value &amp#27;[39m&amp#27;[32m200&amp#27;[39m &amp#27;[90m1255 ms - 14&amp#27;[39m
&amp#27;[35m[HTTP]&amp#27;[39m &amp#27;[90m&amp#27;[39m
&amp#27;[35m[HTTP]&amp#27;[39m &amp#27;[37m-->&amp#27;[39m &amp#27;[37mGET&amp#27;[39m &amp#27;[37m/wd/hub/session/da2896bd-438a-4f7f-9343-bd96e6f29722/source&amp#27;[39m
&amp#27;[35m[HTTP]&amp#27;[39m &amp#27;[90m{}&amp#27;[39m
&amp#27;[35m[W3C (da2896bd)]&amp#27;[39m Driver proxy active, passing request on via HTTP proxy
[debug] &amp#27;[35m[WD Proxy]&amp#27;[39m Matched '/wd/hub/session/da2896bd-438a-4f7f-9343-bd96e6f29722/source' to command name 'getPageSource'
[debug] &amp#27;[35m[WD Proxy]&amp#27;[39m Proxying [GET /wd/hub/session/da2896bd-438a-4f7f-9343-bd96e6f29722/source] to [GET http://127.0.0.1:8200/wd/hub/session/2e74e7b9-85a6-478f-8ae2-621a49ed711a/source] with no body
[debug] &amp#27;[35m[WD Proxy]&amp#27;[39m Got response with status 200: {"sessionId":"2e74e7b9-85a6-478f-8ae2-621a49ed711a","value":"<?xml version='1.0' encoding='UTF-8' standalone='yes' ?>\r\n<hierarchy index=\"0\" class=\"hierarchy\" rotation=\"0\" width=\"1080\" height=\"2276\">\r\n  <android.widget.FrameLayout index=\"0\" package=\"com.tencent.wework\" class=\"android.widget.FrameLayout\" text=\"\" checkable=\"false\" checked=\"false\" clickable=\"false\" enabled=\"true\" focusable=\"false\" focused=\"false\" long-clickable=\"false\" password=\"false\" scrollable=\"false\" selected=\"false\" bounds=\"[0,0][1080,2276]\" displayed=\"true\">\r\n    <android.widget.LinearLayout index=\"0\" package=\"com.tencent.wework\" class=\"android.widget.LinearLayout\" text=\"\" checkable=\"false\" checked=\"false\" clickable=\"false\" enabled=\"true\" focusable=\"false\" focused=\"false\" long-clickable=\"false\" password=\"false\" scrollable=\"false\" selected=\"false\" bounds=\"[0,0][1080,2276]\" displayed=\"true\">\r\n      <android.widget.FrameLayout index=\"0\" package=\"com.tencent...
&amp#27;[35m[WD Proxy]&amp#27;[39m Replacing sessionId 2e74e7b9-85a6-478f-8ae2-621a49ed711a with da2896bd-438a-4f7f-9343-bd96e6f29722
&amp#27;[35m[HTTP]&amp#27;[39m &amp#27;[37m<-- GET /wd/hub/session/da2896bd-438a-4f7f-9343-bd96e6f29722/source &amp#27;[39m&amp#27;[32m200&amp#27;[39m &amp#27;[90m635 ms - 9587&amp#27;[39m
&amp#27;[35m[HTTP]&amp#27;[39m &amp#27;[90m&amp#27;[39m
&amp#27;[35m[HTTP]&amp#27;[39m &amp#27;[37m-->&amp#27;[39m &amp#27;[37mGET&amp#27;[39m &amp#27;[37m/wd/hub/session/da2896bd-438a-4f7f-9343-bd96e6f29722/source&amp#27;[39m
&amp#27;[35m[HTTP]&amp#27;[39m &amp#27;[90m{}&amp#27;[39m
&amp#27;[35m[W3C (da2896bd)]&amp#27;[39m Driver proxy active, passing request on via HTTP proxy
[debug] &amp#27;[35m[WD Proxy]&amp#27;[39m Matched '/wd/hub/session/da2896bd-438a-4f7f-9343-bd96e6f29722/source' to command name 'getPageSource'
[debug] &amp#27;[35m[WD Proxy]&amp#27;[39m Proxying [GET /wd/hub/session/da2896bd-438a-4f7f-9343-bd96e6f29722/source] to [GET http://127.0.0.1:8200/wd/hub/session/2e74e7b9-85a6-478f-8ae2-621a49ed711a/source] with no body
[debug] &amp#27;[35m[WD Proxy]&amp#27;[39m Got response with status 200: {"sessionId":"2e74e7b9-85a6-478f-8ae2-621a49ed711a","value":"<?xml version='1.0' encoding='UTF-8' standalone='yes' ?>\r\n<hierarchy index=\"0\" class=\"hierarchy\" rotation=\"0\" width=\"1080\" height=\"2276\">\r\n  <android.widget.FrameLayout index=\"0\" package=\"com.tencent.wework\" class=\"android.widget.FrameLayout\" text=\"\" checkable=\"false\" checked=\"false\" clickable=\"false\" enabled=\"true\" focusable=\"false\" focused=\"false\" long-clickable=\"false\" password=\"false\" scrollable=\"false\" selected=\"false\" bounds=\"[0,0][1080,2276]\" displayed=\"true\">\r\n    <android.widget.LinearLayout index=\"0\" package=\"com.tencent.wework\" class=\"android.widget.LinearLayout\" text=\"\" checkable=\"false\" checked=\"false\" clickable=\"false\" enabled=\"true\" focusable=\"false\" focused=\"false\" long-clickable=\"false\" password=\"false\" scrollable=\"false\" selected=\"false\" bounds=\"[0,0][1080,2276]\" displayed=\"true\">\r\n      <android.widget.FrameLayout index=\"0\" package=\"com.tencent...
&amp#27;[35m[WD Proxy]&amp#27;[39m Replacing sessionId 2e74e7b9-85a6-478f-8ae2-621a49ed711a with da2896bd-438a-4f7f-9343-bd96e6f29722
&amp#27;[35m[HTTP]&amp#27;[39m &amp#27;[37m<-- GET /wd/hub/session/da2896bd-438a-4f7f-9343-bd96e6f29722/source &amp#27;[39m&amp#27;[32m200&amp#27;[39m &amp#27;[90m29 ms - 16602&amp#27;[39m
&amp#27;[35m[HTTP]&amp#27;[39m &amp#27;[90m&amp#27;[39m
&amp#27;[35m[HTTP]&amp#27;[39m &amp#27;[37m-->&amp#27;[39m &amp#27;[37mPOST&amp#27;[39m &amp#27;[37m/wd/hub/session/da2896bd-438a-4f7f-9343-bd96e6f29722/element&amp#27;[39m
&amp#27;[35m[HTTP]&amp#27;[39m &amp#27;[90m{"using":"xpath","value":"//*[@text=\"联系人\"]/../following-sibling::*//*[@class=\"android.widget.TextView\"]"}&amp#27;[39m
[debug] &amp#27;[35m[W3C (da2896bd)]&amp#27;[39m Calling AppiumDriver.findElement() with args: ["xpath","//*[@text=\"联系人\"]/../following-sibling::*//*[@class=\"android.widget.TextView\"]","da2896bd-438a-4f7f-9343-bd96e6f29722"]
[debug] &amp#27;[35m[BaseDriver]&amp#27;[39m Valid locator strategies for this request: xpath, id, class name, accessibility id, css selector, -android uiautomator
[debug] &amp#27;[35m[BaseDriver]&amp#27;[39m Waiting up to 20000 ms for condition
[debug] &amp#27;[35m[WD Proxy]&amp#27;[39m Matched '/element' to command name 'findElement'
[debug] &amp#27;[35m[WD Proxy]&amp#27;[39m Proxying [POST /element] to [POST http://127.0.0.1:8200/wd/hub/session/2e74e7b9-85a6-478f-8ae2-621a49ed711a/element] with body: {"strategy":"xpath","selector":"//*[@text=\"联系人\"]/../following-sibling::*//*[@class=\"android.widget.TextView\"]","context":"","multiple":false}
[debug] &amp#27;[35m[WD Proxy]&amp#27;[39m Got response with status 200: {"sessionId":"2e74e7b9-85a6-478f-8ae2-621a49ed711a","value":{"ELEMENT":"00000000-0000-0ab2-ffff-ffff0000056c","element-6066-11e4-a52e-4f735466cecf":"00000000-0000-0ab2-ffff-ffff0000056c"}}
[debug] &amp#27;[35m[W3C (da2896bd)]&amp#27;[39m Responding to client with driver.findElement() result: {"element-6066-11e4-a52e-4f735466cecf":"00000000-0000-0ab2-ffff-ffff0000056c","ELEMENT":"00000000-0000-0ab2-ffff-ffff0000056c"}
&amp#27;[35m[HTTP]&amp#27;[39m &amp#27;[37m<-- POST /wd/hub/session/da2896bd-438a-4f7f-9343-bd96e6f29722/element &amp#27;[39m&amp#27;[32m200&amp#27;[39m &amp#27;[90m30 ms - 137&amp#27;[39m
&amp#27;[35m[HTTP]&amp#27;[39m &amp#27;[90m&amp#27;[39m
2023-05-28 09:17:04  &amp#27;[34m&amp#27;[0;39mINFO  &amp#27;[35m[main]&amp#27;[0;39m &amp#27;[33mtop.testeru.page.AppBasePage.find(AppBasePage.java:105)&amp#27;[0;39m -- 元素定位：By.xpath: //*[@text="联系人"]/../following-sibling::*//*[@class="android.widget.TextView"]
&amp#27;[35m[HTTP]&amp#27;[39m &amp#27;[37m-->&amp#27;[39m &amp#27;[37mGET&amp#27;[39m &amp#27;[37m/wd/hub/session/da2896bd-438a-4f7f-9343-bd96e6f29722/screenshot&amp#27;[39m
&amp#27;[35m[HTTP]&amp#27;[39m &amp#27;[90m{}&amp#27;[39m
[debug] &amp#27;[35m[W3C (da2896bd)]&amp#27;[39m Calling AppiumDriver.getScreenshot() with args: ["da2896bd-438a-4f7f-9343-bd96e6f29722"]
[debug] &amp#27;[35m[WD Proxy]&amp#27;[39m Matched '/screenshot' to command name 'getScreenshot'
[debug] &amp#27;[35m[WD Proxy]&amp#27;[39m Proxying [GET /screenshot] to [GET http://127.0.0.1:8200/wd/hub/session/2e74e7b9-85a6-478f-8ae2-621a49ed711a/screenshot] with no body
[debug] &amp#27;[35m[WD Proxy]&amp#27;[39m Got response with status 200: {"sessionId":"2e74e7b9-85a6-478f-8ae2-621a49ed711a","value":"iVBORw0KGgoAAAANSUhEUgAABDgAAAlgCAYAAABtGofVAAAAAXNSR0IArs4c6QAAAARzQklUCAgI\nCHwIZIgAACAASURBVHic7N13eFxnmf7x75le1LusYtmWe0liO46dOE6cEIf0BiEFSICE8oMlgQ2E\nZZfeFggshLJLCCUkBAjpgZDeq+PYce9Nsiyrd2mkKef3x6iNehlJM/b9uS5flzU658wZvSpz7vO+\nz2Os+tIbJiIiIiIiIiIiccwy1ScgIiIiIiIiIjJeCjhEREREREREJO4p4BARERERERGRuKeAQ0RE\nRERERETingIOEREREREREYl7CjhEREREREREJO4p4BARERERERGRuKeAQ0RERERERETingIOERER\nEREREYl7CjhEREREREREJO4p4BARERERERGRuKeAQ0RERERERETingIOEREREREREYl7CjhERERE\nREREJO4p4BARERERERGRuKeAQ0RERERERETingIOEREREREREYl7CjhEREREREREJO4p4BARERER\nERGRuKeAQ0RERERERETingIOEREREREREYl7CjhEREREREREJO4p4BARERERERGRuKeAQ0RERERE\nRETingIOEREREREREYl7CjhEREREREREJO4p4BARERERERGRuKeAQ0RERERERETingIOERERERER\nEYl7CjhEREREREREJO4p4BARERERERGRuKeAQ0RERERERETingIOEREREREREYl7tqk+gVhyzpJ0\nZmS7uz/eeqiJ9XsbJu35v/vhOVgM2HKoiTd313O4sm3SnlsmjmHAwsJEFhUmkJ3iJDvFQUV9B+V1\n7Ww93MTO0uZB93U7rJy/NINth5vZV94yiWctIiIi8S47xUl+hgu71aC02kdZjW+qT0miTGMsEkkB\nRy8r5qRwxryU7o+DISYt4Jib...
[debug] &amp#27;[35m[W3C (da2896bd)]&amp#27;[39m Responding to client with driver.getScreenshot() result: "iVBORw0KGgoAAAANSUhEUgAABDgAAAlgCAYAAABtGofVAAAAAXNSR0IArs4c6QAAAARzQklUCAgI\nCHwIZIgAACAASURBVHic7N13eFxnmf7x75le1LusYtmWe0liO46dOE6cEIf0BiEFSICE8oMlgQ2E\nZZfeFggshLJLCCUkBAjpgZDeq+PYce9Nsiyrd2mkKef3x6iNehlJM/b9uS5flzU658wZvSpz7vO+\nz2Os+tIbJiIiIiIiIiIiccwy1ScgIiIiIiIiIjJeCjhEREREREREJO4p4BARERERERGRuKeAQ0RE\nRERERETingIOEREREREREYl7CjhEREREREREJO4p4BARERERERGRuKeAQ0RERERERETingIOERER\nEREREYl7CjhEREREREREJO4p4BARERERERGRuKeAQ0RERERERETingIOEREREREREYl7CjhERERE\nREREJO4p4BARERERERGRuKeAQ0RERERERETingIOEREREREREYl7CjhEREREREREJO4p4BARERER\nERGRuKeAQ0RERERERETingIOEREREREREYl7CjhEREREREREJO4p4BARERERERGRuKeAQ0RERERE\nRETingIOEREREREREYl7CjhEREREREREJO4p4BARERERERGRuKeAQ0RERERERETingIOERERERER\nEYl7CjhEREREREREJO4p4BARERERERGRuKeAQ0RERERERETingIOEREREREREYl7tqk+gVhyzpJ0\nZmS7uz/eeqiJ9XsbJu35v/vhOVgM2HKoiTd313O4sm3SnlsmjmHAwsJEFhUmkJ3iJDvFQUV9B+V1\n7Ww93MTO0uZB93U7rJy/NINth5vZV94yiWctIiIi8S47xUl+hgu71aC02kdZjW+qT0miTGMsEkkB\nRy8r5qRwxryU7o+DISYt4Jib52VJUSIGsHh6Ih84I4dP3LmVhtbApDy/TIzbrpjBqnmpOKxGxOOL\np/f8vy...
&amp#27;[35m[HTTP]&amp#27;[39m &amp#27;[37m<-- GET /wd/hub/session/da2896bd-438a-4f7f-9343-bd96e6f29722/screenshot &amp#27;[39m&amp#27;[32m200&amp#27;[39m &amp#27;[90m284 ms - 293662&amp#27;[39m
&amp#27;[35m[HTTP]&amp#27;[39m &amp#27;[90m&amp#27;[39m
&amp#27;[35m[HTTP]&amp#27;[39m &amp#27;[37m-->&amp#27;[39m &amp#27;[37mGET&amp#27;[39m &amp#27;[37m/wd/hub/session/da2896bd-438a-4f7f-9343-bd96e6f29722/element/00000000-0000-0ab2-ffff-ffff0000056c/rect&amp#27;[39m
&amp#27;[35m[HTTP]&amp#27;[39m &amp#27;[90m{}&amp#27;[39m
&amp#27;[35m[W3C (da2896bd)]&amp#27;[39m Driver proxy active, passing request on via HTTP proxy
[debug] &amp#27;[35m[WD Proxy]&amp#27;[39m Matched '/wd/hub/session/da2896bd-438a-4f7f-9343-bd96e6f29722/element/00000000-0000-0ab2-ffff-ffff0000056c/rect' to command name 'getElementRect'
[debug] &amp#27;[35m[WD Proxy]&amp#27;[39m Proxying [GET /wd/hub/session/da2896bd-438a-4f7f-9343-bd96e6f29722/element/00000000-0000-0ab2-ffff-ffff0000056c/rect] to [GET http://127.0.0.1:8200/wd/hub/session/2e74e7b9-85a6-478f-8ae2-621a49ed711a/element/00000000-0000-0ab2-ffff-ffff0000056c/rect] with no body
[debug] &amp#27;[35m[WD Proxy]&amp#27;[39m Got response with status 200: {"sessionId":"2e74e7b9-85a6-478f-8ae2-621a49ed711a","value":{"height":59,"width":132,"x":204,"y":345}}
&amp#27;[35m[WD Proxy]&amp#27;[39m Replacing sessionId 2e74e7b9-85a6-478f-8ae2-621a49ed711a with da2896bd-438a-4f7f-9343-bd96e6f29722
&amp#27;[35m[HTTP]&amp#27;[39m &amp#27;[37m<-- GET /wd/hub/session/da2896bd-438a-4f7f-9343-bd96e6f29722/element/00000000-0000-0ab2-ffff-ffff0000056c/rect &amp#27;[39m&amp#27;[32m200&amp#27;[39m &amp#27;[90m9 ms - 102&amp#27;[39m
&amp#27;[35m[HTTP]&amp#27;[39m &amp#27;[90m&amp#27;[39m
&amp#27;[35m[HTTP]&amp#27;[39m &amp#27;[37m-->&amp#27;[39m &amp#27;[37mGET&amp#27;[39m &amp#27;[37m/wd/hub/session/da2896bd-438a-4f7f-9343-bd96e6f29722/element/00000000-0000-0ab2-ffff-ffff0000056c/rect&amp#27;[39m
&amp#27;[35m[HTTP]&amp#27;[39m &amp#27;[90m{}&amp#27;[39m
&amp#27;[35m[W3C (da2896bd)]&amp#27;[39m Driver proxy active, passing request on via HTTP proxy
[debug] &amp#27;[35m[WD Proxy]&amp#27;[39m Matched '/wd/hub/session/da2896bd-438a-4f7f-9343-bd96e6f29722/element/00000000-0000-0ab2-ffff-ffff0000056c/rect' to command name 'getElementRect'
[debug] &amp#27;[35m[WD Proxy]&amp#27;[39m Proxying [GET /wd/hub/session/da2896bd-438a-4f7f-9343-bd96e6f29722/element/00000000-0000-0ab2-ffff-ffff0000056c/rect] to [GET http://127.0.0.1:8200/wd/hub/session/2e74e7b9-85a6-478f-8ae2-621a49ed711a/element/00000000-0000-0ab2-ffff-ffff0000056c/rect] with no body
[debug] &amp#27;[35m[WD Proxy]&amp#27;[39m Got response with status 200: {"sessionId":"2e74e7b9-85a6-478f-8ae2-621a49ed711a","value":{"height":59,"width":132,"x":204,"y":345}}
&amp#27;[35m[WD Proxy]&amp#27;[39m Replacing sessionId 2e74e7b9-85a6-478f-8ae2-621a49ed711a with da2896bd-438a-4f7f-9343-bd96e6f29722
&amp#27;[35m[HTTP]&amp#27;[39m &amp#27;[37m<-- GET /wd/hub/session/da2896bd-438a-4f7f-9343-bd96e6f29722/element/00000000-0000-0ab2-ffff-ffff0000056c/rect &amp#27;[39m&amp#27;[32m200&amp#27;[39m &amp#27;[90m7 ms - 102&amp#27;[39m
&amp#27;[35m[HTTP]&amp#27;[39m &amp#27;[90m&amp#27;[39m
2023-05-28 09:17:05  &amp#27;[34m&amp#27;[0;39mINFO  &amp#27;[35m[main]&amp#27;[0;39m &amp#27;[33mtop.testeru.page.AppBasePage.ElementScreenBase(AppBasePage.java:211)&amp#27;[0;39m -- location=$(204, 345) size=$(132, 59) x=$204 y=$345 width=$132 height=$59
&amp#27;[35m[HTTP]&amp#27;[39m &amp#27;[37m-->&amp#27;[39m &amp#27;[37mPOST&amp#27;[39m &amp#27;[37m/wd/hub/session/da2896bd-438a-4f7f-9343-bd96e6f29722/element/00000000-0000-0ab2-ffff-ffff0000056c/click&amp#27;[39m
&amp#27;[35m[HTTP]&amp#27;[39m &amp#27;[90m{"id":"00000000-0000-0ab2-ffff-ffff0000056c"}&amp#27;[39m
[debug] &amp#27;[35m[W3C (da2896bd)]&amp#27;[39m Calling AppiumDriver.click() with args: ["00000000-0000-0ab2-ffff-ffff0000056c","da2896bd-438a-4f7f-9343-bd96e6f29722"]
[debug] &amp#27;[35m[WD Proxy]&amp#27;[39m Matched '/element/00000000-0000-0ab2-ffff-ffff0000056c/click' to command name 'click'
[debug] &amp#27;[35m[WD Proxy]&amp#27;[39m Proxying [POST /element/00000000-0000-0ab2-ffff-ffff0000056c/click] to [POST http://127.0.0.1:8200/wd/hub/session/2e74e7b9-85a6-478f-8ae2-621a49ed711a/element/00000000-0000-0ab2-ffff-ffff0000056c/click] with body: {"element":"00000000-0000-0ab2-ffff-ffff0000056c"}
[debug] &amp#27;[35m[WD Proxy]&amp#27;[39m Got response with status 200: {"sessionId":"2e74e7b9-85a6-478f-8ae2-621a49ed711a","value":null}
[debug] &amp#27;[35m[W3C (da2896bd)]&amp#27;[39m Responding to client with driver.click() result: null
&amp#27;[35m[HTTP]&amp#27;[39m &amp#27;[37m<-- POST /wd/hub/session/da2896bd-438a-4f7f-9343-bd96e6f29722/element/00000000-0000-0ab2-ffff-ffff0000056c/click &amp#27;[39m&amp#27;[32m200&amp#27;[39m &amp#27;[90m981 ms - 14&amp#27;[39m
&amp#27;[35m[HTTP]&amp#27;[39m &amp#27;[90m&amp#27;[39m
&amp#27;[35m[HTTP]&amp#27;[39m &amp#27;[37m-->&amp#27;[39m &amp#27;[37mGET&amp#27;[39m &amp#27;[37m/wd/hub/session/da2896bd-438a-4f7f-9343-bd96e6f29722/source&amp#27;[39m
&amp#27;[35m[HTTP]&amp#27;[39m &amp#27;[90m{}&amp#27;[39m
&amp#27;[35m[W3C (da2896bd)]&amp#27;[39m Driver proxy active, passing request on via HTTP proxy
[debug] &amp#27;[35m[WD Proxy]&amp#27;[39m Matched '/wd/hub/session/da2896bd-438a-4f7f-9343-bd96e6f29722/source' to command name 'getPageSource'
[debug] &amp#27;[35m[WD Proxy]&amp#27;[39m Proxying [GET /wd/hub/session/da2896bd-438a-4f7f-9343-bd96e6f29722/source] to [GET http://127.0.0.1:8200/wd/hub/session/2e74e7b9-85a6-478f-8ae2-621a49ed711a/source] with no body
[debug] &amp#27;[35m[WD Proxy]&amp#27;[39m Got response with status 200: {"sessionId":"2e74e7b9-85a6-478f-8ae2-621a49ed711a","value":"<?xml version='1.0' encoding='UTF-8' standalone='yes' ?>\r\n<hierarchy index=\"0\" class=\"hierarchy\" rotation=\"0\" width=\"1080\" height=\"2276\">\r\n  <android.widget.FrameLayout index=\"0\" package=\"com.tencent.wework\" class=\"android.widget.FrameLayout\" text=\"\" checkable=\"false\" checked=\"false\" clickable=\"false\" enabled=\"true\" focusable=\"false\" focused=\"false\" long-clickable=\"false\" password=\"false\" scrollable=\"false\" selected=\"false\" bounds=\"[0,0][1080,2276]\" displayed=\"true\">\r\n    <android.widget.LinearLayout index=\"0\" package=\"com.tencent.wework\" class=\"android.widget.LinearLayout\" text=\"\" checkable=\"false\" checked=\"false\" clickable=\"false\" enabled=\"true\" focusable=\"false\" focused=\"false\" long-clickable=\"false\" password=\"false\" scrollable=\"false\" selected=\"false\" bounds=\"[0,0][1080,2276]\" displayed=\"true\">\r\n      <android.widget.FrameLayout index=\"0\" package=\"com.tencent...
&amp#27;[35m[WD Proxy]&amp#27;[39m Replacing sessionId 2e74e7b9-85a6-478f-8ae2-621a49ed711a with da2896bd-438a-4f7f-9343-bd96e6f29722
&amp#27;[35m[HTTP]&amp#27;[39m &amp#27;[37m<-- GET /wd/hub/session/da2896bd-438a-4f7f-9343-bd96e6f29722/source &amp#27;[39m&amp#27;[32m200&amp#27;[39m &amp#27;[90m44 ms - 36136&amp#27;[39m
&amp#27;[35m[HTTP]&amp#27;[39m &amp#27;[90m&amp#27;[39m
&amp#27;[35m[HTTP]&amp#27;[39m &amp#27;[37m-->&amp#27;[39m &amp#27;[37mPOST&amp#27;[39m &amp#27;[37m/wd/hub/session/da2896bd-438a-4f7f-9343-bd96e6f29722/element&amp#27;[39m
&amp#27;[35m[HTTP]&amp#27;[39m &amp#27;[90m{"using":"xpath","value":"//*[@class=\"android.widget.ImageView\"]/following-sibling::*//*[@class=\"android.widget.TextView\"]"}&amp#27;[39m
[debug] &amp#27;[35m[W3C (da2896bd)]&amp#27;[39m Calling AppiumDriver.findElement() with args: ["xpath","//*[@class=\"android.widget.ImageView\"]/following-sibling::*//*[@class=\"android.widget.TextView\"]","da2896bd-438a-4f7f-9343-bd96e6f29722"]
[debug] &amp#27;[35m[BaseDriver]&amp#27;[39m Valid locator strategies for this request: xpath, id, class name, accessibility id, css selector, -android uiautomator
[debug] &amp#27;[35m[BaseDriver]&amp#27;[39m Waiting up to 20000 ms for condition
[debug] &amp#27;[35m[WD Proxy]&amp#27;[39m Matched '/element' to command name 'findElement'
[debug] &amp#27;[35m[WD Proxy]&amp#27;[39m Proxying [POST /element] to [POST http://127.0.0.1:8200/wd/hub/session/2e74e7b9-85a6-478f-8ae2-621a49ed711a/element] with body: {"strategy":"xpath","selector":"//*[@class=\"android.widget.ImageView\"]/following-sibling::*//*[@class=\"android.widget.TextView\"]","context":"","multiple":false}
[debug] &amp#27;[35m[WD Proxy]&amp#27;[39m Got response with status 200: {"sessionId":"2e74e7b9-85a6-478f-8ae2-621a49ed711a","value":{"ELEMENT":"00000000-0000-0ab3-ffff-ffff000005c5","element-6066-11e4-a52e-4f735466cecf":"00000000-0000-0ab3-ffff-ffff000005c5"}}
[debug] &amp#27;[35m[W3C (da2896bd)]&amp#27;[39m Responding to client with driver.findElement() result: {"element-6066-11e4-a52e-4f735466cecf":"00000000-0000-0ab3-ffff-ffff000005c5","ELEMENT":"00000000-0000-0ab3-ffff-ffff000005c5"}
&amp#27;[35m[HTTP]&amp#27;[39m &amp#27;[37m<-- POST /wd/hub/session/da2896bd-438a-4f7f-9343-bd96e6f29722/element &amp#27;[39m&amp#27;[32m200&amp#27;[39m &amp#27;[90m43 ms - 137&amp#27;[39m
&amp#27;[35m[HTTP]&amp#27;[39m &amp#27;[90m&amp#27;[39m
2023-05-28 09:17:06  &amp#27;[34m&amp#27;[0;39mINFO  &amp#27;[35m[main]&amp#27;[0;39m &amp#27;[33mtop.testeru.page.AppBasePage.find(AppBasePage.java:105)&amp#27;[0;39m -- 元素定位：By.xpath: //*[@class="android.widget.ImageView"]/following-sibling::*//*[@class="android.widget.TextView"]
&amp#27;[35m[HTTP]&amp#27;[39m &amp#27;[37m-->&amp#27;[39m &amp#27;[37mGET&amp#27;[39m &amp#27;[37m/wd/hub/session/da2896bd-438a-4f7f-9343-bd96e6f29722/screenshot&amp#27;[39m
&amp#27;[35m[HTTP]&amp#27;[39m &amp#27;[90m{}&amp#27;[39m
[debug] &amp#27;[35m[W3C (da2896bd)]&amp#27;[39m Calling AppiumDriver.getScreenshot() with args: ["da2896bd-438a-4f7f-9343-bd96e6f29722"]
[debug] &amp#27;[35m[WD Proxy]&amp#27;[39m Matched '/screenshot' to command name 'getScreenshot'
[debug] &amp#27;[35m[WD Proxy]&amp#27;[39m Proxying [GET /screenshot] to [GET http://127.0.0.1:8200/wd/hub/session/2e74e7b9-85a6-478f-8ae2-621a49ed711a/screenshot] with no body
[debug] &amp#27;[35m[WD Proxy]&amp#27;[39m Got response with status 200: {"sessionId":"2e74e7b9-85a6-478f-8ae2-621a49ed711a","value":"iVBORw0KGgoAAAANSUhEUgAABDgAAAlgCAYAAABtGofVAAAAAXNSR0IArs4c6QAAAARzQklUCAgI\nCHwIZIgAACAASURBVHic7N13eFvl2Qbw+2gP25K3He8Rx4mzFwkJGQQCCRnsvcvooIyWVboLhbZQ\nChT4ymqBUAqBMAIESMiA7BCyh5PYjme8t2VL1jjfH/KSLduyLVk68f27Li6i43OOXuXEts6t930e\nYfZDO0QQEREREREREUmYzN8DICIiIiIiIiIaKgYcRERERERERCR5DDiIiIiIiIiISPIYcBARERER\nERGR5DHgICIiIiIiIiLJY8BBRERERERERJLHgIOIiIiIiIiIJI8BBxERERERERFJHgMOIiIiIiIi\nIpI8BhxEREREREREJHkMOIiIiIiIiIhI8hhwEBEREREREZHkMeAgIiIiIiIiIsljwEFERERERERE\nkseAg4iIiIiIiIgkjwEHEREREREREUkeAw4iIiIiIiIikjwGHEREREREREQkeQw4iIiIiIiIiEjy\nGHAQERERERERkeQx4CAiIiIiIiIiyWPAQURERERERESSx4CDiIiIiIiIiCSPAQcRERERERERSR4D\nDiIiIiIiIiKSPAYcRERERERERCR5DDiIiIiIiIiISPIYcBARERERERGR5DHgICIiIiIiIiLJY8BB\nRERERERERJLHgIOIiIiIiIiIJI8BBxERERERERFJHgMOIiIiIiIiIpI8hb8HEEjOnxiOlGhtx+PD\n+Y3Yc6p+2J7/iRszIBOAQ/mN2HmiDgUVLcP23OQ7ggBkJQZjfGIQoo1qRBtVKK9rRWmtBYcLGnG8\nqKnXY7UqOS6aGoEjBU3IKTUN46iJiIhI6qKNasRHaKCUCyiqMqOk2uzvIZGX8RoTuWLA0cXMDCPm\nZBo7HtsdGLaAY0ycHhOTgyEA...
[debug] &amp#27;[35m[W3C (da2896bd)]&amp#27;[39m Responding to client with driver.getScreenshot() result: "iVBORw0KGgoAAAANSUhEUgAABDgAAAlgCAYAAABtGofVAAAAAXNSR0IArs4c6QAAAARzQklUCAgI\nCHwIZIgAACAASURBVHic7N13eFvl2Qbw+2gP25K3He8Rx4mzFwkJGQQCCRnsvcvooIyWVboLhbZQ\nChT4ymqBUAqBMAIESMiA7BCyh5PYjme8t2VL1jjfH/KSLduyLVk68f27Li6i43OOXuXEts6t930e\nYfZDO0QQEREREREREUmYzN8DICIiIiIiIiIaKgYcRERERERERCR5DDiIiIiIiIiISPIYcBARERER\nERGR5DHgICIiIiIiIiLJY8BBRERERERERJLHgIOIiIiIiIiIJI8BBxERERERERFJHgMOIiIiIiIi\nIpI8BhxEREREREREJHkMOIiIiIiIiIhI8hhwEBEREREREZHkMeAgIiIiIiIiIsljwEFERERERERE\nkseAg4iIiIiIiIgkjwEHEREREREREUkeAw4iIiIiIiIikjwGHEREREREREQkeQw4iIiIiIiIiEjy\nGHAQERERERERkeQx4CAiIiIiIiIiyWPAQURERERERESSx4CDiIiIiIiIiCSPAQcRERERERERSR4D\nDiIiIiIiIiKSPAYcRERERERERCR5DDiIiIiIiIiISPIYcBARERERERGR5DHgICIiIiIiIiLJY8BB\nRERERERERJLHgIOIiIiIiIiIJI8BBxERERERERFJHgMOIiIiIiIiIpI8hb8HEEjOnxiOlGhtx+PD\n+Y3Yc6p+2J7/iRszIBOAQ/mN2HmiDgUVLcP23OQ7ggBkJQZjfGIQoo1qRBtVKK9rRWmtBYcLGnG8\nqKnXY7UqOS6aGoEjBU3IKTUN46iJiIhI6qKNasRHaKCUCyiqMqOk2uzvIZGX8RoTuWLA0cXMDCPm\nZBo7HtsdGLaAY0ycHhOTgyEAmJAUjCvnxOBHLxxGfbNtWJ6ffOPBy1IwOzMUKrngsn1CUuefW+0i\ndmbX4p...
&amp#27;[35m[HTTP]&amp#27;[39m &amp#27;[37m<-- GET /wd/hub/session/da2896bd-438a-4f7f-9343-bd96e6f29722/screenshot &amp#27;[39m&amp#27;[32m200&amp#27;[39m &amp#27;[90m233 ms - 153360&amp#27;[39m
&amp#27;[35m[HTTP]&amp#27;[39m &amp#27;[90m&amp#27;[39m
&amp#27;[35m[HTTP]&amp#27;[39m &amp#27;[37m-->&amp#27;[39m &amp#27;[37mGET&amp#27;[39m &amp#27;[37m/wd/hub/session/da2896bd-438a-4f7f-9343-bd96e6f29722/element/00000000-0000-0ab3-ffff-ffff000005c5/rect&amp#27;[39m
&amp#27;[35m[HTTP]&amp#27;[39m &amp#27;[90m{}&amp#27;[39m
&amp#27;[35m[W3C (da2896bd)]&amp#27;[39m Driver proxy active, passing request on via HTTP proxy
[debug] &amp#27;[35m[WD Proxy]&amp#27;[39m Matched '/wd/hub/session/da2896bd-438a-4f7f-9343-bd96e6f29722/element/00000000-0000-0ab3-ffff-ffff000005c5/rect' to command name 'getElementRect'
[debug] &amp#27;[35m[WD Proxy]&amp#27;[39m Proxying [GET /wd/hub/session/da2896bd-438a-4f7f-9343-bd96e6f29722/element/00000000-0000-0ab3-ffff-ffff000005c5/rect] to [GET http://127.0.0.1:8200/wd/hub/session/2e74e7b9-85a6-478f-8ae2-621a49ed711a/element/00000000-0000-0ab3-ffff-ffff000005c5/rect] with no body
[debug] &amp#27;[35m[WD Proxy]&amp#27;[39m Got response with status 200: {"sessionId":"2e74e7b9-85a6-478f-8ae2-621a49ed711a","value":{"height":64,"width":194,"x":267,"y":334}}
&amp#27;[35m[WD Proxy]&amp#27;[39m Replacing sessionId 2e74e7b9-85a6-478f-8ae2-621a49ed711a with da2896bd-438a-4f7f-9343-bd96e6f29722
&amp#27;[35m[HTTP]&amp#27;[39m &amp#27;[37m<-- GET /wd/hub/session/da2896bd-438a-4f7f-9343-bd96e6f29722/element/00000000-0000-0ab3-ffff-ffff000005c5/rect &amp#27;[39m&amp#27;[32m200&amp#27;[39m &amp#27;[90m9 ms - 102&amp#27;[39m
&amp#27;[35m[HTTP]&amp#27;[39m &amp#27;[90m&amp#27;[39m
&amp#27;[35m[HTTP]&amp#27;[39m &amp#27;[37m-->&amp#27;[39m &amp#27;[37mGET&amp#27;[39m &amp#27;[37m/wd/hub/session/da2896bd-438a-4f7f-9343-bd96e6f29722/element/00000000-0000-0ab3-ffff-ffff000005c5/rect&amp#27;[39m
&amp#27;[35m[HTTP]&amp#27;[39m &amp#27;[90m{}&amp#27;[39m
&amp#27;[35m[W3C (da2896bd)]&amp#27;[39m Driver proxy active, passing request on via HTTP proxy
[debug] &amp#27;[35m[WD Proxy]&amp#27;[39m Matched '/wd/hub/session/da2896bd-438a-4f7f-9343-bd96e6f29722/element/00000000-0000-0ab3-ffff-ffff000005c5/rect' to command name 'getElementRect'
[debug] &amp#27;[35m[WD Proxy]&amp#27;[39m Proxying [GET /wd/hub/session/da2896bd-438a-4f7f-9343-bd96e6f29722/element/00000000-0000-0ab3-ffff-ffff000005c5/rect] to [GET http://127.0.0.1:8200/wd/hub/session/2e74e7b9-85a6-478f-8ae2-621a49ed711a/element/00000000-0000-0ab3-ffff-ffff000005c5/rect] with no body
[debug] &amp#27;[35m[WD Proxy]&amp#27;[39m Got response with status 200: {"sessionId":"2e74e7b9-85a6-478f-8ae2-621a49ed711a","value":{"height":64,"width":194,"x":267,"y":334}}
&amp#27;[35m[WD Proxy]&amp#27;[39m Replacing sessionId 2e74e7b9-85a6-478f-8ae2-621a49ed711a with da2896bd-438a-4f7f-9343-bd96e6f29722
&amp#27;[35m[HTTP]&amp#27;[39m &amp#27;[37m<-- GET /wd/hub/session/da2896bd-438a-4f7f-9343-bd96e6f29722/element/00000000-0000-0ab3-ffff-ffff000005c5/rect &amp#27;[39m&amp#27;[32m200&amp#27;[39m &amp#27;[90m4 ms - 102&amp#27;[39m
&amp#27;[35m[HTTP]&amp#27;[39m &amp#27;[90m&amp#27;[39m
2023-05-28 09:17:06  &amp#27;[34m&amp#27;[0;39mINFO  &amp#27;[35m[main]&amp#27;[0;39m &amp#27;[33mtop.testeru.page.AppBasePage.ElementScreenBase(AppBasePage.java:211)&amp#27;[0;39m -- location=$(267, 334) size=$(194, 64) x=$267 y=$334 width=$194 height=$64
&amp#27;[35m[HTTP]&amp#27;[39m &amp#27;[37m-->&amp#27;[39m &amp#27;[37mGET&amp#27;[39m &amp#27;[37m/wd/hub/session/da2896bd-438a-4f7f-9343-bd96e6f29722/element/00000000-0000-0ab3-ffff-ffff000005c5/text&amp#27;[39m
&amp#27;[35m[HTTP]&amp#27;[39m &amp#27;[90m{}&amp#27;[39m
&amp#27;[35m[W3C (da2896bd)]&amp#27;[39m Driver proxy active, passing request on via HTTP proxy
[debug] &amp#27;[35m[WD Proxy]&amp#27;[39m Matched '/wd/hub/session/da2896bd-438a-4f7f-9343-bd96e6f29722/element/00000000-0000-0ab3-ffff-ffff000005c5/text' to command name 'getText'
[debug] &amp#27;[35m[WD Proxy]&amp#27;[39m Proxying [GET /wd/hub/session/da2896bd-438a-4f7f-9343-bd96e6f29722/element/00000000-0000-0ab3-ffff-ffff000005c5/text] to [GET http://127.0.0.1:8200/wd/hub/session/2e74e7b9-85a6-478f-8ae2-621a49ed711a/element/00000000-0000-0ab3-ffff-ffff000005c5/text] with no body
[debug] &amp#27;[35m[WD Proxy]&amp#27;[39m Got response with status 200: {"sessionId":"2e74e7b9-85a6-478f-8ae2-621a49ed711a","value":"高越泽"}
&amp#27;[35m[WD Proxy]&amp#27;[39m Replacing sessionId 2e74e7b9-85a6-478f-8ae2-621a49ed711a with da2896bd-438a-4f7f-9343-bd96e6f29722
&amp#27;[35m[HTTP]&amp#27;[39m &amp#27;[37m<-- GET /wd/hub/session/da2896bd-438a-4f7f-9343-bd96e6f29722/element/00000000-0000-0ab3-ffff-ffff000005c5/text &amp#27;[39m&amp#27;[32m200&amp#27;[39m &amp#27;[90m9 ms - 72&amp#27;[39m
&amp#27;[35m[HTTP]&amp#27;[39m &amp#27;[90m&amp#27;[39m
&amp#27;[35m[HTTP]&amp#27;[39m &amp#27;[37m-->&amp#27;[39m &amp#27;[37mPOST&amp#27;[39m &amp#27;[37m/wd/hub/session/da2896bd-438a-4f7f-9343-bd96e6f29722/element&amp#27;[39m
&amp#27;[35m[HTTP]&amp#27;[39m &amp#27;[90m{"using":"xpath","value":"//*[@text=\"手机\"]/following-sibling::*//*[@class=\"android.widget.TextView\"]"}&amp#27;[39m
[debug] &amp#27;[35m[W3C (da2896bd)]&amp#27;[39m Calling AppiumDriver.findElement() with args: ["xpath","//*[@text=\"手机\"]/following-sibling::*//*[@class=\"android.widget.TextView\"]","da2896bd-438a-4f7f-9343-bd96e6f29722"]
[debug] &amp#27;[35m[BaseDriver]&amp#27;[39m Valid locator strategies for this request: xpath, id, class name, accessibility id, css selector, -android uiautomator
[debug] &amp#27;[35m[BaseDriver]&amp#27;[39m Waiting up to 20000 ms for condition
[debug] &amp#27;[35m[WD Proxy]&amp#27;[39m Matched '/element' to command name 'findElement'
[debug] &amp#27;[35m[WD Proxy]&amp#27;[39m Proxying [POST /element] to [POST http://127.0.0.1:8200/wd/hub/session/2e74e7b9-85a6-478f-8ae2-621a49ed711a/element] with body: {"strategy":"xpath","selector":"//*[@text=\"手机\"]/following-sibling::*//*[@class=\"android.widget.TextView\"]","context":"","multiple":false}
[debug] &amp#27;[35m[WD Proxy]&amp#27;[39m Got response with status 200: {"sessionId":"2e74e7b9-85a6-478f-8ae2-621a49ed711a","value":{"ELEMENT":"00000000-0000-0ab3-ffff-ffff00000635","element-6066-11e4-a52e-4f735466cecf":"00000000-0000-0ab3-ffff-ffff00000635"}}
[debug] &amp#27;[35m[W3C (da2896bd)]&amp#27;[39m Responding to client with driver.findElement() result: {"element-6066-11e4-a52e-4f735466cecf":"00000000-0000-0ab3-ffff-ffff00000635","ELEMENT":"00000000-0000-0ab3-ffff-ffff00000635"}
&amp#27;[35m[HTTP]&amp#27;[39m &amp#27;[37m<-- POST /wd/hub/session/da2896bd-438a-4f7f-9343-bd96e6f29722/element &amp#27;[39m&amp#27;[32m200&amp#27;[39m &amp#27;[90m44 ms - 137&amp#27;[39m
&amp#27;[35m[HTTP]&amp#27;[39m &amp#27;[90m&amp#27;[39m
2023-05-28 09:17:07  &amp#27;[34m&amp#27;[0;39mINFO  &amp#27;[35m[main]&amp#27;[0;39m &amp#27;[33mtop.testeru.page.AppBasePage.find(AppBasePage.java:105)&amp#27;[0;39m -- 元素定位：By.xpath: //*[@text="手机"]/following-sibling::*//*[@class="android.widget.TextView"]
&amp#27;[35m[HTTP]&amp#27;[39m &amp#27;[37m-->&amp#27;[39m &amp#27;[37mGET&amp#27;[39m &amp#27;[37m/wd/hub/session/da2896bd-438a-4f7f-9343-bd96e6f29722/screenshot&amp#27;[39m
&amp#27;[35m[HTTP]&amp#27;[39m &amp#27;[90m{}&amp#27;[39m
[debug] &amp#27;[35m[W3C (da2896bd)]&amp#27;[39m Calling AppiumDriver.getScreenshot() with args: ["da2896bd-438a-4f7f-9343-bd96e6f29722"]
[debug] &amp#27;[35m[WD Proxy]&amp#27;[39m Matched '/screenshot' to command name 'getScreenshot'
[debug] &amp#27;[35m[WD Proxy]&amp#27;[39m Proxying [GET /screenshot] to [GET http://127.0.0.1:8200/wd/hub/session/2e74e7b9-85a6-478f-8ae2-621a49ed711a/screenshot] with no body
[debug] &amp#27;[35m[WD Proxy]&amp#27;[39m Got response with status 200: {"sessionId":"2e74e7b9-85a6-478f-8ae2-621a49ed711a","value":"iVBORw0KGgoAAAANSUhEUgAABDgAAAlgCAYAAABtGofVAAAAAXNSR0IArs4c6QAAAARzQklUCAgI\nCHwIZIgAACAASURBVHic7N13eFvl2Qbw+2gP25K3He8Rx4mzFwkJGQQCCRnsvcvooIyWVboLhbZQ\nChT4ymqBUAqBMAIESMiA7BCyh5PYjme8t2VL1jjfH/KSLduyLVk68f27Li6i43OOXuXEts6t930e\nYfZDO0QQEREREREREUmYzN8DICIiIiIiIiIaKgYcRERERERERCR5DDiIiIiIiIiISPIYcBARERER\nERGR5DHgICIiIiIiIiLJY8BBRERERERERJLHgIOIiIiIiIiIJI8BBxERERERERFJHgMOIiIiIiIi\nIpI8BhxEREREREREJHkMOIiIiIiIiIhI8hhwEBEREREREZHkMeAgIiIiIiIiIsljwEFERERERERE\nkseAg4iIiIiIiIgkjwEHEREREREREUkeAw4iIiIiIiIikjwGHEREREREREQkeQw4iIiIiIiIiEjy\nGHAQERERERERkeQx4CAiIiIiIiIiyWPAQURERERERESSx4CDiIiIiIiIiCSPAQcRERERERERSR4D\nDiIiIiIiIiKSPAYcRERERERERCR5DDiIiIiIiIiISPIYcBARERERERGR5DHgICIiIiIiIiLJY8BB\nRERERERERJLHgIOIiIiIiIiIJI8BBxERERERERFJHgMOIiIiIiIiIpI8hb8HEEjOnxiOlGhtx+PD\n+Y3Yc6p+2J7/iRszIBOAQ/mN2HmiDgUVLcP23OQ7ggBkJQZjfGIQoo1qRBtVKK9rRWmtBYcLGnG8\nqKnXY7UqOS6aGoEjBU3IKTUN46iJiIhI6qKNasRHaKCUCyiqMqOk2uzvIZGX8RoTuWLA0cXMDCPm\nZBo7HtsdGLaAY0ycHhOTgyEA...
[debug] &amp#27;[35m[W3C (da2896bd)]&amp#27;[39m Responding to client with driver.getScreenshot() result: "iVBORw0KGgoAAAANSUhEUgAABDgAAAlgCAYAAABtGofVAAAAAXNSR0IArs4c6QAAAARzQklUCAgI\nCHwIZIgAACAASURBVHic7N13eFvl2Qbw+2gP25K3He8Rx4mzFwkJGQQCCRnsvcvooIyWVboLhbZQ\nChT4ymqBUAqBMAIESMiA7BCyh5PYjme8t2VL1jjfH/KSLduyLVk68f27Li6i43OOXuXEts6t930e\nYfZDO0QQEREREREREUmYzN8DICIiIiIiIiIaKgYcRERERERERCR5DDiIiIiIiIiISPIYcBARERER\nERGR5DHgICIiIiIiIiLJY8BBRERERERERJLHgIOIiIiIiIiIJI8BBxERERERERFJHgMOIiIiIiIi\nIpI8BhxEREREREREJHkMOIiIiIiIiIhI8hhwEBEREREREZHkMeAgIiIiIiIiIsljwEFERERERERE\nkseAg4iIiIiIiIgkjwEHEREREREREUkeAw4iIiIiIiIikjwGHEREREREREQkeQw4iIiIiIiIiEjy\nGHAQERERERERkeQx4CAiIiIiIiIiyWPAQURERERERESSx4CDiIiIiIiIiCSPAQcRERERERERSR4D\nDiIiIiIiIiKSPAYcRERERERERCR5DDiIiIiIiIiISPIYcBARERERERGR5DHgICIiIiIiIiLJY8BB\nRERERERERJLHgIOIiIiIiIiIJI8BBxERERERERFJHgMOIiIiIiIiIpI8hb8HEEjOnxiOlGhtx+PD\n+Y3Yc6p+2J7/iRszIBOAQ/mN2HmiDgUVLcP23OQ7ggBkJQZjfGIQoo1qRBtVKK9rRWmtBYcLGnG8\nqKnXY7UqOS6aGoEjBU3IKTUN46iJiIhI6qKNasRHaKCUCyiqMqOk2uzvIZGX8RoTuWLA0cXMDCPm\nZBo7HtsdGLaAY0ycHhOTgyEAmJAUjCvnxOBHLxxGfbNtWJ6ffOPBy1IwOzMUKrngsn1CUuefW+0i\ndmbX4p...
&amp#27;[35m[HTTP]&amp#27;[39m &amp#27;[37m<-- GET /wd/hub/session/da2896bd-438a-4f7f-9343-bd96e6f29722/screenshot &amp#27;[39m&amp#27;[32m200&amp#27;[39m &amp#27;[90m238 ms - 153360&amp#27;[39m
&amp#27;[35m[HTTP]&amp#27;[39m &amp#27;[90m&amp#27;[39m
&amp#27;[35m[HTTP]&amp#27;[39m &amp#27;[37m-->&amp#27;[39m &amp#27;[37mGET&amp#27;[39m &amp#27;[37m/wd/hub/session/da2896bd-438a-4f7f-9343-bd96e6f29722/element/00000000-0000-0ab3-ffff-ffff00000635/rect&amp#27;[39m
&amp#27;[35m[HTTP]&amp#27;[39m &amp#27;[90m{}&amp#27;[39m
&amp#27;[35m[W3C (da2896bd)]&amp#27;[39m Driver proxy active, passing request on via HTTP proxy
[debug] &amp#27;[35m[WD Proxy]&amp#27;[39m Matched '/wd/hub/session/da2896bd-438a-4f7f-9343-bd96e6f29722/element/00000000-0000-0ab3-ffff-ffff00000635/rect' to command name 'getElementRect'
[debug] &amp#27;[35m[WD Proxy]&amp#27;[39m Proxying [GET /wd/hub/session/da2896bd-438a-4f7f-9343-bd96e6f29722/element/00000000-0000-0ab3-ffff-ffff00000635/rect] to [GET http://127.0.0.1:8200/wd/hub/session/2e74e7b9-85a6-478f-8ae2-621a49ed711a/element/00000000-0000-0ab3-ffff-ffff00000635/rect] with no body
[debug] &amp#27;[35m[WD Proxy]&amp#27;[39m Got response with status 200: {"sessionId":"2e74e7b9-85a6-478f-8ae2-621a49ed711a","value":{"height":59,"width":352,"x":292,"y":850}}
&amp#27;[35m[WD Proxy]&amp#27;[39m Replacing sessionId 2e74e7b9-85a6-478f-8ae2-621a49ed711a with da2896bd-438a-4f7f-9343-bd96e6f29722
&amp#27;[35m[HTTP]&amp#27;[39m &amp#27;[37m<-- GET /wd/hub/session/da2896bd-438a-4f7f-9343-bd96e6f29722/element/00000000-0000-0ab3-ffff-ffff00000635/rect &amp#27;[39m&amp#27;[32m200&amp#27;[39m &amp#27;[90m8 ms - 102&amp#27;[39m
&amp#27;[35m[HTTP]&amp#27;[39m &amp#27;[90m&amp#27;[39m
&amp#27;[35m[HTTP]&amp#27;[39m &amp#27;[37m-->&amp#27;[39m &amp#27;[37mGET&amp#27;[39m &amp#27;[37m/wd/hub/session/da2896bd-438a-4f7f-9343-bd96e6f29722/element/00000000-0000-0ab3-ffff-ffff00000635/rect&amp#27;[39m
&amp#27;[35m[HTTP]&amp#27;[39m &amp#27;[90m{}&amp#27;[39m
&amp#27;[35m[W3C (da2896bd)]&amp#27;[39m Driver proxy active, passing request on via HTTP proxy
[debug] &amp#27;[35m[WD Proxy]&amp#27;[39m Matched '/wd/hub/session/da2896bd-438a-4f7f-9343-bd96e6f29722/element/00000000-0000-0ab3-ffff-ffff00000635/rect' to command name 'getElementRect'
[debug] &amp#27;[35m[WD Proxy]&amp#27;[39m Proxying [GET /wd/hub/session/da2896bd-438a-4f7f-9343-bd96e6f29722/element/00000000-0000-0ab3-ffff-ffff00000635/rect] to [GET http://127.0.0.1:8200/wd/hub/session/2e74e7b9-85a6-478f-8ae2-621a49ed711a/element/00000000-0000-0ab3-ffff-ffff00000635/rect] with no body
[debug] &amp#27;[35m[WD Proxy]&amp#27;[39m Got response with status 200: {"sessionId":"2e74e7b9-85a6-478f-8ae2-621a49ed711a","value":{"height":59,"width":352,"x":292,"y":850}}
&amp#27;[35m[WD Proxy]&amp#27;[39m Replacing sessionId 2e74e7b9-85a6-478f-8ae2-621a49ed711a with da2896bd-438a-4f7f-9343-bd96e6f29722
&amp#27;[35m[HTTP]&amp#27;[39m &amp#27;[37m<-- GET /wd/hub/session/da2896bd-438a-4f7f-9343-bd96e6f29722/element/00000000-0000-0ab3-ffff-ffff00000635/rect &amp#27;[39m&amp#27;[32m200&amp#27;[39m &amp#27;[90m4 ms - 102&amp#27;[39m
&amp#27;[35m[HTTP]&amp#27;[39m &amp#27;[90m&amp#27;[39m
2023-05-28 09:17:07  &amp#27;[34m&amp#27;[0;39mINFO  &amp#27;[35m[main]&amp#27;[0;39m &amp#27;[33mtop.testeru.page.AppBasePage.ElementScreenBase(AppBasePage.java:211)&amp#27;[0;39m -- location=$(292, 850) size=$(352, 59) x=$292 y=$850 width=$352 height=$59
&amp#27;[35m[HTTP]&amp#27;[39m &amp#27;[37m-->&amp#27;[39m &amp#27;[37mGET&amp#27;[39m &amp#27;[37m/wd/hub/session/da2896bd-438a-4f7f-9343-bd96e6f29722/element/00000000-0000-0ab3-ffff-ffff00000635/text&amp#27;[39m
&amp#27;[35m[HTTP]&amp#27;[39m &amp#27;[90m{}&amp#27;[39m
&amp#27;[35m[W3C (da2896bd)]&amp#27;[39m Driver proxy active, passing request on via HTTP proxy
[debug] &amp#27;[35m[WD Proxy]&amp#27;[39m Matched '/wd/hub/session/da2896bd-438a-4f7f-9343-bd96e6f29722/element/00000000-0000-0ab3-ffff-ffff00000635/text' to command name 'getText'
[debug] &amp#27;[35m[WD Proxy]&amp#27;[39m Proxying [GET /wd/hub/session/da2896bd-438a-4f7f-9343-bd96e6f29722/element/00000000-0000-0ab3-ffff-ffff00000635/text] to [GET http://127.0.0.1:8200/wd/hub/session/2e74e7b9-85a6-478f-8ae2-621a49ed711a/element/00000000-0000-0ab3-ffff-ffff00000635/text] with no body
[debug] &amp#27;[35m[WD Proxy]&amp#27;[39m Got response with status 200: {"sessionId":"2e74e7b9-85a6-478f-8ae2-621a49ed711a","value":"13670362061"}
&amp#27;[35m[WD Proxy]&amp#27;[39m Replacing sessionId 2e74e7b9-85a6-478f-8ae2-621a49ed711a with da2896bd-438a-4f7f-9343-bd96e6f29722
&amp#27;[35m[HTTP]&amp#27;[39m &amp#27;[37m<-- GET /wd/hub/session/da2896bd-438a-4f7f-9343-bd96e6f29722/element/00000000-0000-0ab3-ffff-ffff00000635/text &amp#27;[39m&amp#27;[32m200&amp#27;[39m &amp#27;[90m8 ms - 74&amp#27;[39m
&amp#27;[35m[HTTP]&amp#27;[39m &amp#27;[90m&amp#27;[39m
2023-05-28 09:17:07  &amp#27;[34m&amp#27;[0;39mINFO  &amp#27;[35m[main]&amp#27;[0;39m &amp#27;[33mtop.testeru.page.AppBasePage.getMember(ProfilePage.java:23)&amp#27;[0;39m -- User:AddMember{name='高越泽', phone='13670362061', toast='添加成功'}
2023-05-28 09:17:07  &amp#27;[34m&amp#27;[0;39mINFO  &amp#27;[35m[main]&amp#27;[0;39m &amp#27;[33mtop.testeru.page.AppBasePage.back(AppBasePage.java:147)&amp#27;[0;39m -- 滑动返回
&amp#27;[35m[HTTP]&amp#27;[39m &amp#27;[37m-->&amp#27;[39m &amp#27;[37mGET&amp#27;[39m &amp#27;[37m/wd/hub/session/da2896bd-438a-4f7f-9343-bd96e6f29722/window/rect&amp#27;[39m
&amp#27;[35m[HTTP]&amp#27;[39m &amp#27;[90m{}&amp#27;[39m
[debug] &amp#27;[35m[W3C (da2896bd)]&amp#27;[39m Calling AppiumDriver.getWindowRect() with args: ["da2896bd-438a-4f7f-9343-bd96e6f29722"]
[debug] &amp#27;[35m[WD Proxy]&amp#27;[39m Matched '/window/current/size' to command name 'getWindowSize'
[debug] &amp#27;[35m[WD Proxy]&amp#27;[39m Proxying [GET /window/current/size] to [GET http://127.0.0.1:8200/wd/hub/session/2e74e7b9-85a6-478f-8ae2-621a49ed711a/window/current/size] with no body
[debug] &amp#27;[35m[WD Proxy]&amp#27;[39m Got response with status 200: {"sessionId":"2e74e7b9-85a6-478f-8ae2-621a49ed711a","value":{"height":2276,"width":1080}}
[debug] &amp#27;[35m[W3C (da2896bd)]&amp#27;[39m Responding to client with driver.getWindowRect() result: {"width":1080,"height":2276,"x":0,"y":0}
&amp#27;[35m[HTTP]&amp#27;[39m &amp#27;[37m<-- GET /wd/hub/session/da2896bd-438a-4f7f-9343-bd96e6f29722/window/rect &amp#27;[39m&amp#27;[32m200&amp#27;[39m &amp#27;[90m4 ms - 50&amp#27;[39m
&amp#27;[35m[HTTP]&amp#27;[39m &amp#27;[90m&amp#27;[39m
&amp#27;[35m[HTTP]&amp#27;[39m &amp#27;[37m-->&amp#27;[39m &amp#27;[37mPOST&amp#27;[39m &amp#27;[37m/wd/hub/session/da2896bd-438a-4f7f-9343-bd96e6f29722/actions&amp#27;[39m
&amp#27;[35m[HTTP]&amp#27;[39m &amp#27;[90m{"actions":[{"id":"finger1","type":"pointer","parameters":{"pointerType":"touch"},"actions":[{"duration":0,"type":"pause"},{"duration":0,"x":0,"y":1138,"type":"pointerMove","origin":"viewport"},{"button":0,"type":"pointerDown"},{"duration":1000,"x":972,"y":1138,"type":"pointerMove","origin":"viewport"},{"button":0,"type":"pointerUp"}]}]}&amp#27;[39m
[debug] &amp#27;[35m[W3C (da2896bd)]&amp#27;[39m Calling AppiumDriver.performActions() with args: [[{"id":"finger1","type":"pointer","parameters":{"pointerType":"touch"},"actions":[{"duration":0,"type":"pause"},{"duration":0,"x":0,"y":1138,"type":"pointerMove","origin":"viewport"},{"button":0,"type":"pointerDown"},{"duration":1000,"x":972,"y":1138,"type":"pointerMove","origin":"viewport"},{"button":0,"type":"pointerUp"}]}],"da2896bd-438a-4f7f-9343-bd96e6f29722"]
[debug] &amp#27;[35m[UiAutomator2]&amp#27;[39m Received the following W3C actions: [
[debug] &amp#27;[35m[UiAutomator2]&amp#27;[39m   {
[debug] &amp#27;[35m[UiAutomator2]&amp#27;[39m     "id": "finger1",
[debug] &amp#27;[35m[UiAutomator2]&amp#27;[39m     "type": "pointer",
[debug] &amp#27;[35m[UiAutomator2]&amp#27;[39m     "parameters": {
[debug] &amp#27;[35m[UiAutomator2]&amp#27;[39m       "pointerType": "touch"
[debug] &amp#27;[35m[UiAutomator2]&amp#27;[39m     },
[debug] &amp#27;[35m[UiAutomator2]&amp#27;[39m     "actions": [
[debug] &amp#27;[35m[UiAutomator2]&amp#27;[39m       {
[debug] &amp#27;[35m[UiAutomator2]&amp#27;[39m         "duration": 0,
[debug] &amp#27;[35m[UiAutomator2]&amp#27;[39m         "type": "pause"
[debug] &amp#27;[35m[UiAutomator2]&amp#27;[39m       },
[debug] &amp#27;[35m[UiAutomator2]&amp#27;[39m       {
[debug] &amp#27;[35m[UiAutomator2]&amp#27;[39m         "duration": 0,
[debug] &amp#27;[35m[UiAutomator2]&amp#27;[39m         "x": 0,
[debug] &amp#27;[35m[UiAutomator2]&amp#27;[39m         "y": 1138,
[debug] &amp#27;[35m[UiAutomator2]&amp#27;[39m         "type": "pointerMove",
[debug] &amp#27;[35m[UiAutomator2]&amp#27;[39m         "origin": "viewport"
[debug] &amp#27;[35m[UiAutomator2]&amp#27;[39m       },
[debug] &amp#27;[35m[UiAutomator2]&amp#27;[39m       {
[debug] &amp#27;[35m[UiAutomator2]&amp#27;[39m         "button": 0,
[debug] &amp#27;[35m[UiAutomator2]&amp#27;[39m         "type": "pointerDown"
[debug] &amp#27;[35m[UiAutomator2]&amp#27;[39m       },
[debug] &amp#27;[35m[UiAutomator2]&amp#27;[39m       {
[debug] &amp#27;[35m[UiAutomator2]&amp#27;[39m         "duration": 1000,
[debug] &amp#27;[35m[UiAutomator2]&amp#27;[39m         "x": 972,
[debug] &amp#27;[35m[UiAutomator2]&amp#27;[39m         "y": 1138,
[debug] &amp#27;[35m[UiAutomator2]&amp#27;[39m         "type": "pointerMove",
[debug] &amp#27;[35m[UiAutomator2]&amp#27;[39m         "origin": "viewport"
[debug] &amp#27;[35m[UiAutomator2]&amp#27;[39m       },
[debug] &amp#27;[35m[UiAutomator2]&amp#27;[39m       {
[debug] &amp#27;[35m[UiAutomator2]&amp#27;[39m         "button": 0,
[debug] &amp#27;[35m[UiAutomator2]&amp#27;[39m         "type": "pointerUp"
[debug] &amp#27;[35m[UiAutomator2]&amp#27;[39m       }
[debug] &amp#27;[35m[UiAutomator2]&amp#27;[39m     ]
[debug] &amp#27;[35m[UiAutomator2]&amp#27;[39m   }
[debug] &amp#27;[35m[UiAutomator2]&amp#27;[39m ]
[debug] &amp#27;[35m[UiAutomator2]&amp#27;[39m Preprocessed actions: [
[debug] &amp#27;[35m[UiAutomator2]&amp#27;[39m   {
[debug] &amp#27;[35m[UiAutomator2]&amp#27;[39m     "id": "finger1",
[debug] &amp#27;[35m[UiAutomator2]&amp#27;[39m     "type": "pointer",
[debug] &amp#27;[35m[UiAutomator2]&amp#27;[39m     "parameters": {
[debug] &amp#27;[35m[UiAutomator2]&amp#27;[39m       "pointerType": "touch"
[debug] &amp#27;[35m[UiAutomator2]&amp#27;[39m     },
[debug] &amp#27;[35m[UiAutomator2]&amp#27;[39m     "actions": [
[debug] &amp#27;[35m[UiAutomator2]&amp#27;[39m       {
[debug] &amp#27;[35m[UiAutomator2]&amp#27;[39m         "duration": 0,
[debug] &amp#27;[35m[UiAutomator2]&amp#27;[39m         "type": "pause"
[debug] &amp#27;[35m[UiAutomator2]&amp#27;[39m       },
[debug] &amp#27;[35m[UiAutomator2]&amp#27;[39m       {
[debug] &amp#27;[35m[UiAutomator2]&amp#27;[39m         "duration": 0,
[debug] &amp#27;[35m[UiAutomator2]&amp#27;[39m         "x": 0,
[debug] &amp#27;[35m[UiAutomator2]&amp#27;[39m         "y": 1138,
[debug] &amp#27;[35m[UiAutomator2]&amp#27;[39m         "type": "pointerMove",
[debug] &amp#27;[35m[UiAutomator2]&amp#27;[39m         "origin": "viewport"
[debug] &amp#27;[35m[UiAutomator2]&amp#27;[39m       },
[debug] &amp#27;[35m[UiAutomator2]&amp#27;[39m       {
[debug] &amp#27;[35m[UiAutomator2]&amp#27;[39m         "button": 0,
[debug] &amp#27;[35m[UiAutomator2]&amp#27;[39m         "type": "pointerDown"
[debug] &amp#27;[35m[UiAutomator2]&amp#27;[39m       },
[debug] &amp#27;[35m[UiAutomator2]&amp#27;[39m       {
[debug] &amp#27;[35m[UiAutomator2]&amp#27;[39m         "duration": 1000,
[debug] &amp#27;[35m[UiAutomator2]&amp#27;[39m         "x": 972,
[debug] &amp#27;[35m[UiAutomator2]&amp#27;[39m         "y": 1138,
[debug] &amp#27;[35m[UiAutomator2]&amp#27;[39m         "type": "pointerMove",
[debug] &amp#27;[35m[UiAutomator2]&amp#27;[39m         "origin": "viewport"
[debug] &amp#27;[35m[UiAutomator2]&amp#27;[39m       },
[debug] &amp#27;[35m[UiAutomator2]&amp#27;[39m       {
[debug] &amp#27;[35m[UiAutomator2]&amp#27;[39m         "button": 0,
[debug] &amp#27;[35m[UiAutomator2]&amp#27;[39m         "type": "pointerUp"
[debug] &amp#27;[35m[UiAutomator2]&amp#27;[39m       }
[debug] &amp#27;[35m[UiAutomator2]&amp#27;[39m     ]
[debug] &amp#27;[35m[UiAutomator2]&amp#27;[39m   }
[debug] &amp#27;[35m[UiAutomator2]&amp#27;[39m ]
[debug] &amp#27;[35m[WD Proxy]&amp#27;[39m Matched '/actions' to command name 'performActions'
[debug] &amp#27;[35m[WD Proxy]&amp#27;[39m Proxying [POST /actions] to [POST http://127.0.0.1:8200/wd/hub/session/2e74e7b9-85a6-478f-8ae2-621a49ed711a/actions] with body: {"actions":[{"id":"finger1","type":"pointer","parameters":{"pointerType":"touch"},"actions":[{"duration":0,"type":"pause"},{"duration":0,"x":0,"y":1138,"type":"pointerMove","origin":"viewport"},{"button":0,"type":"pointerDown"},{"duration":1000,"x":972,"y":1138,"type":"pointerMove","origin":"viewport"},{"button":0,"type":"pointerUp"}]}]}
[debug] &amp#27;[35m[WD Proxy]&amp#27;[39m Got response with status 200: {"sessionId":"2e74e7b9-85a6-478f-8ae2-621a49ed711a","value":null}
[debug] &amp#27;[35m[W3C (da2896bd)]&amp#27;[39m Responding to client with driver.performActions() result: null
&amp#27;[35m[HTTP]&amp#27;[39m &amp#27;[37m<-- POST /wd/hub/session/da2896bd-438a-4f7f-9343-bd96e6f29722/actions &amp#27;[39m&amp#27;[32m200&amp#27;[39m &amp#27;[90m1028 ms - 14&amp#27;[39m
&amp#27;[35m[HTTP]&amp#27;[39m &amp#27;[90m&amp#27;[39m
&amp#27;[35m[HTTP]&amp#27;[39m &amp#27;[37m-->&amp#27;[39m &amp#27;[37mGET&amp#27;[39m &amp#27;[37m/wd/hub/session/da2896bd-438a-4f7f-9343-bd96e6f29722/source&amp#27;[39m
&amp#27;[35m[HTTP]&amp#27;[39m &amp#27;[90m{}&amp#27;[39m
&amp#27;[35m[W3C (da2896bd)]&amp#27;[39m Driver proxy active, passing request on via HTTP proxy
[debug] &amp#27;[35m[WD Proxy]&amp#27;[39m Matched '/wd/hub/session/da2896bd-438a-4f7f-9343-bd96e6f29722/source' to command name 'getPageSource'
[debug] &amp#27;[35m[WD Proxy]&amp#27;[39m Proxying [GET /wd/hub/session/da2896bd-438a-4f7f-9343-bd96e6f29722/source] to [GET http://127.0.0.1:8200/wd/hub/session/2e74e7b9-85a6-478f-8ae2-621a49ed711a/source] with no body
[debug] &amp#27;[35m[WD Proxy]&amp#27;[39m Got response with status 200: {"sessionId":"2e74e7b9-85a6-478f-8ae2-621a49ed711a","value":"<?xml version='1.0' encoding='UTF-8' standalone='yes' ?>\r\n<hierarchy index=\"0\" class=\"hierarchy\" rotation=\"0\" width=\"1080\" height=\"2276\">\r\n  <android.widget.FrameLayout index=\"0\" package=\"com.tencent.wework\" class=\"android.widget.FrameLayout\" text=\"\" checkable=\"false\" checked=\"false\" clickable=\"false\" enabled=\"true\" focusable=\"false\" focused=\"false\" long-clickable=\"false\" password=\"false\" scrollable=\"false\" selected=\"false\" bounds=\"[0,0][1080,2276]\" displayed=\"true\" />\r\n</hierarchy>"}
&amp#27;[35m[WD Proxy]&amp#27;[39m Replacing sessionId 2e74e7b9-85a6-478f-8ae2-621a49ed711a with da2896bd-438a-4f7f-9343-bd96e6f29722
&amp#27;[35m[HTTP]&amp#27;[39m &amp#27;[37m<-- GET /wd/hub/session/da2896bd-438a-4f7f-9343-bd96e6f29722/source &amp#27;[39m&amp#27;[32m200&amp#27;[39m &amp#27;[90m28 ms - 598&amp#27;[39m
&amp#27;[35m[HTTP]&amp#27;[39m &amp#27;[90m&amp#27;[39m
&amp#27;[35m[HTTP]&amp#27;[39m &amp#27;[37m-->&amp#27;[39m &amp#27;[37mGET&amp#27;[39m &amp#27;[37m/wd/hub/session/da2896bd-438a-4f7f-9343-bd96e6f29722/source&amp#27;[39m
&amp#27;[35m[HTTP]&amp#27;[39m &amp#27;[90m{}&amp#27;[39m
&amp#27;[35m[W3C (da2896bd)]&amp#27;[39m Driver proxy active, passing request on via HTTP proxy
[debug] &amp#27;[35m[WD Proxy]&amp#27;[39m Matched '/wd/hub/session/da2896bd-438a-4f7f-9343-bd96e6f29722/source' to command name 'getPageSource'
[debug] &amp#27;[35m[WD Proxy]&amp#27;[39m Proxying [GET /wd/hub/session/da2896bd-438a-4f7f-9343-bd96e6f29722/source] to [GET http://127.0.0.1:8200/wd/hub/session/2e74e7b9-85a6-478f-8ae2-621a49ed711a/source] with no body
[debug] &amp#27;[35m[WD Proxy]&amp#27;[39m Got response with status 200: {"sessionId":"2e74e7b9-85a6-478f-8ae2-621a49ed711a","value":"<?xml version='1.0' encoding='UTF-8' standalone='yes' ?>\r\n<hierarchy index=\"0\" class=\"hierarchy\" rotation=\"0\" width=\"1080\" height=\"2276\">\r\n  <android.widget.FrameLayout index=\"0\" package=\"com.tencent.wework\" class=\"android.widget.FrameLayout\" text=\"\" checkable=\"false\" checked=\"false\" clickable=\"false\" enabled=\"true\" focusable=\"false\" focused=\"false\" long-clickable=\"false\" password=\"false\" scrollable=\"false\" selected=\"false\" bounds=\"[0,0][1080,2276]\" displayed=\"true\">\r\n    <android.widget.LinearLayout index=\"0\" package=\"com.tencent.wework\" class=\"android.widget.LinearLayout\" text=\"\" checkable=\"false\" checked=\"false\" clickable=\"false\" enabled=\"true\" focusable=\"false\" focused=\"false\" long-clickable=\"false\" password=\"false\" scrollable=\"false\" selected=\"false\" bounds=\"[0,0][1080,2276]\" displayed=\"true\">\r\n      <android.widget.FrameLayout index=\"0\" package=\"com.tencent...
&amp#27;[35m[WD Proxy]&amp#27;[39m Replacing sessionId 2e74e7b9-85a6-478f-8ae2-621a49ed711a with da2896bd-438a-4f7f-9343-bd96e6f29722
&amp#27;[35m[HTTP]&amp#27;[39m &amp#27;[37m<-- GET /wd/hub/session/da2896bd-438a-4f7f-9343-bd96e6f29722/source &amp#27;[39m&amp#27;[32m200&amp#27;[39m &amp#27;[90m43 ms - 16602&amp#27;[39m
&amp#27;[35m[HTTP]&amp#27;[39m &amp#27;[90m&amp#27;[39m
&amp#27;[35m[HTTP]&amp#27;[39m &amp#27;[37m-->&amp#27;[39m &amp#27;[37mPOST&amp#27;[39m &amp#27;[37m/wd/hub/session/da2896bd-438a-4f7f-9343-bd96e6f29722/element&amp#27;[39m
&amp#27;[35m[HTTP]&amp#27;[39m &amp#27;[90m{"using":"class name","value":"android.widget.ImageView"}&amp#27;[39m
[debug] &amp#27;[35m[W3C (da2896bd)]&amp#27;[39m Calling AppiumDriver.findElement() with args: ["class name","android.widget.ImageView","da2896bd-438a-4f7f-9343-bd96e6f29722"]
[debug] &amp#27;[35m[BaseDriver]&amp#27;[39m Valid locator strategies for this request: xpath, id, class name, accessibility id, css selector, -android uiautomator
[debug] &amp#27;[35m[BaseDriver]&amp#27;[39m Waiting up to 20000 ms for condition
[debug] &amp#27;[35m[WD Proxy]&amp#27;[39m Matched '/element' to command name 'findElement'
[debug] &amp#27;[35m[WD Proxy]&amp#27;[39m Proxying [POST /element] to [POST http://127.0.0.1:8200/wd/hub/session/2e74e7b9-85a6-478f-8ae2-621a49ed711a/element] with body: {"strategy":"class name","selector":"android.widget.ImageView","context":"","multiple":false}
[debug] &amp#27;[35m[WD Proxy]&amp#27;[39m Got response with status 200: {"sessionId":"2e74e7b9-85a6-478f-8ae2-621a49ed711a","value":{"ELEMENT":"00000000-0000-0ab2-ffff-ffff0000052b","element-6066-11e4-a52e-4f735466cecf":"00000000-0000-0ab2-ffff-ffff0000052b"}}
[debug] &amp#27;[35m[W3C (da2896bd)]&amp#27;[39m Responding to client with driver.findElement() result: {"element-6066-11e4-a52e-4f735466cecf":"00000000-0000-0ab2-ffff-ffff0000052b","ELEMENT":"00000000-0000-0ab2-ffff-ffff0000052b"}
&amp#27;[35m[HTTP]&amp#27;[39m &amp#27;[37m<-- POST /wd/hub/session/da2896bd-438a-4f7f-9343-bd96e6f29722/element &amp#27;[39m&amp#27;[32m200&amp#27;[39m &amp#27;[90m10 ms - 137&amp#27;[39m
&amp#27;[35m[HTTP]&amp#27;[39m &amp#27;[90m&amp#27;[39m
2023-05-28 09:17:09  &amp#27;[34m&amp#27;[0;39mINFO  &amp#27;[35m[main]&amp#27;[0;39m &amp#27;[33mtop.testeru.page.AppBasePage.find(AppBasePage.java:105)&amp#27;[0;39m -- 元素定位：AppiumBy.className: android.widget.ImageView
&amp#27;[35m[HTTP]&amp#27;[39m &amp#27;[37m-->&amp#27;[39m &amp#27;[37mGET&amp#27;[39m &amp#27;[37m/wd/hub/session/da2896bd-438a-4f7f-9343-bd96e6f29722/screenshot&amp#27;[39m
&amp#27;[35m[HTTP]&amp#27;[39m &amp#27;[90m{}&amp#27;[39m
[debug] &amp#27;[35m[W3C (da2896bd)]&amp#27;[39m Calling AppiumDriver.getScreenshot() with args: ["da2896bd-438a-4f7f-9343-bd96e6f29722"]
[debug] &amp#27;[35m[WD Proxy]&amp#27;[39m Matched '/screenshot' to command name 'getScreenshot'
[debug] &amp#27;[35m[WD Proxy]&amp#27;[39m Proxying [GET /screenshot] to [GET http://127.0.0.1:8200/wd/hub/session/2e74e7b9-85a6-478f-8ae2-621a49ed711a/screenshot] with no body
[debug] &amp#27;[35m[WD Proxy]&amp#27;[39m Got response with status 200: {"sessionId":"2e74e7b9-85a6-478f-8ae2-621a49ed711a","value":"iVBORw0KGgoAAAANSUhEUgAABDgAAAlgCAYAAABtGofVAAAAAXNSR0IArs4c6QAAAARzQklUCAgI\nCHwIZIgAACAASURBVHic7N13eFxnmf7x75le1LusYtmWe0liO46dOE6cEIf0BiEFSICE8oMlgQ2E\nZZfeFggshLJLCCUkBAjpgZDeq+PYce9Nsiyrd2mkKef3x6iNehlJM/b9uS5flzU658wZvSpz7vO+\nz2Os+tIbJiIiIiIiIiIiccwy1ScgIiIiIiIiIjJeCjhEREREREREJO4p4BARERERERGRuKeAQ0RE\nRERERETingIOEREREREREYl7CjhEREREREREJO4p4BARERERERGRuKeAQ0RERERERETingIOERER\nEREREYl7CjhEREREREREJO4p4BARERERERGRuKeAQ0RERERERETingIOEREREREREYl7CjhERERE\nREREJO4p4BARERERERGRuKeAQ0RERERERETingIOEREREREREYl7CjhEREREREREJO4p4BARERER\nERGRuKeAQ0RERERERETingIOEREREREREYl7CjhEREREREREJO4p4BARERERERGRuKeAQ0RERERE\nRETingIOEREREREREYl7CjhEREREREREJO4p4BARERERERGRuKeAQ0RERERERETingIOERERERER\nEYl7CjhEREREREREJO4p4BARERERERGRuKeAQ0RERERERETingIOEREREREREYl7tqk+gVhyzpJ0\nZmS7uz/eeqiJ9XsbJu35v/vhOVgM2HKoiTd313O4sm3SnlsmjmHAwsJEFhUmkJ3iJDvFQUV9B+V1\n7Ww93MTO0uZB93U7rJy/NINth5vZV94yiWctIiIi8S47xUl+hgu71aC02kdZjW+qT0miTGMsEkkB\nRy8r5qRwxryU7o+DISYt4Jib...
[debug] &amp#27;[35m[W3C (da2896bd)]&amp#27;[39m Responding to client with driver.getScreenshot() result: "iVBORw0KGgoAAAANSUhEUgAABDgAAAlgCAYAAABtGofVAAAAAXNSR0IArs4c6QAAAARzQklUCAgI\nCHwIZIgAACAASURBVHic7N13eFxnmf7x75le1LusYtmWe0liO46dOE6cEIf0BiEFSICE8oMlgQ2E\nZZfeFggshLJLCCUkBAjpgZDeq+PYce9Nsiyrd2mkKef3x6iNehlJM/b9uS5flzU658wZvSpz7vO+\nz2Os+tIbJiIiIiIiIiIiccwy1ScgIiIiIiIiIjJeCjhEREREREREJO4p4BARERERERGRuKeAQ0RE\nRERERETingIOEREREREREYl7CjhEREREREREJO4p4BARERERERGRuKeAQ0RERERERETingIOERER\nEREREYl7CjhEREREREREJO4p4BARERERERGRuKeAQ0RERERERETingIOEREREREREYl7CjhERERE\nREREJO4p4BARERERERGRuKeAQ0RERERERETingIOEREREREREYl7CjhEREREREREJO4p4BARERER\nERGRuKeAQ0RERERERETingIOEREREREREYl7CjhEREREREREJO4p4BARERERERGRuKeAQ0RERERE\nRETingIOEREREREREYl7CjhEREREREREJO4p4BARERERERGRuKeAQ0RERERERETingIOERERERER\nEYl7CjhEREREREREJO4p4BARERERERGRuKeAQ0RERERERETingIOEREREREREYl7tqk+gVhyzpJ0\nZmS7uz/eeqiJ9XsbJu35v/vhOVgM2HKoiTd313O4sm3SnlsmjmHAwsJEFhUmkJ3iJDvFQUV9B+V1\n7Ww93MTO0uZB93U7rJy/NINth5vZV94yiWctIiIi8S47xUl+hgu71aC02kdZjW+qT0miTGMsEkkB\nRy8r5qRwxryU7o+DISYt4Jib52VJUSIGsHh6Ih84I4dP3LmVhtbApDy/TIzbrpjBqnmpOKxGxOOL\np/f8vy...
&amp#27;[35m[HTTP]&amp#27;[39m &amp#27;[37m<-- GET /wd/hub/session/da2896bd-438a-4f7f-9343-bd96e6f29722/screenshot &amp#27;[39m&amp#27;[32m200&amp#27;[39m &amp#27;[90m214 ms - 66802&amp#27;[39m
&amp#27;[35m[HTTP]&amp#27;[39m &amp#27;[90m&amp#27;[39m
&amp#27;[35m[HTTP]&amp#27;[39m &amp#27;[37m-->&amp#27;[39m &amp#27;[37mGET&amp#27;[39m &amp#27;[37m/wd/hub/session/da2896bd-438a-4f7f-9343-bd96e6f29722/element/00000000-0000-0ab2-ffff-ffff0000052b/rect&amp#27;[39m
&amp#27;[35m[HTTP]&amp#27;[39m &amp#27;[90m{}&amp#27;[39m
&amp#27;[35m[W3C (da2896bd)]&amp#27;[39m Driver proxy active, passing request on via HTTP proxy
[debug] &amp#27;[35m[WD Proxy]&amp#27;[39m Matched '/wd/hub/session/da2896bd-438a-4f7f-9343-bd96e6f29722/element/00000000-0000-0ab2-ffff-ffff0000052b/rect' to command name 'getElementRect'
[debug] &amp#27;[35m[WD Proxy]&amp#27;[39m Proxying [GET /wd/hub/session/da2896bd-438a-4f7f-9343-bd96e6f29722/element/00000000-0000-0ab2-ffff-ffff0000052b/rect] to [GET http://127.0.0.1:8200/wd/hub/session/2e74e7b9-85a6-478f-8ae2-621a49ed711a/element/00000000-0000-0ab2-ffff-ffff0000052b/rect] with no body
[debug] &amp#27;[35m[WD Proxy]&amp#27;[39m Got response with status 200: {"sessionId":"2e74e7b9-85a6-478f-8ae2-621a49ed711a","value":{"height":132,"width":132,"x":948,"y":80}}
&amp#27;[35m[WD Proxy]&amp#27;[39m Replacing sessionId 2e74e7b9-85a6-478f-8ae2-621a49ed711a with da2896bd-438a-4f7f-9343-bd96e6f29722
&amp#27;[35m[HTTP]&amp#27;[39m &amp#27;[37m<-- GET /wd/hub/session/da2896bd-438a-4f7f-9343-bd96e6f29722/element/00000000-0000-0ab2-ffff-ffff0000052b/rect &amp#27;[39m&amp#27;[32m200&amp#27;[39m &amp#27;[90m6 ms - 102&amp#27;[39m
&amp#27;[35m[HTTP]&amp#27;[39m &amp#27;[90m&amp#27;[39m
&amp#27;[35m[HTTP]&amp#27;[39m &amp#27;[37m-->&amp#27;[39m &amp#27;[37mGET&amp#27;[39m &amp#27;[37m/wd/hub/session/da2896bd-438a-4f7f-9343-bd96e6f29722/element/00000000-0000-0ab2-ffff-ffff0000052b/rect&amp#27;[39m
&amp#27;[35m[HTTP]&amp#27;[39m &amp#27;[90m{}&amp#27;[39m
&amp#27;[35m[W3C (da2896bd)]&amp#27;[39m Driver proxy active, passing request on via HTTP proxy
[debug] &amp#27;[35m[WD Proxy]&amp#27;[39m Matched '/wd/hub/session/da2896bd-438a-4f7f-9343-bd96e6f29722/element/00000000-0000-0ab2-ffff-ffff0000052b/rect' to command name 'getElementRect'
[debug] &amp#27;[35m[WD Proxy]&amp#27;[39m Proxying [GET /wd/hub/session/da2896bd-438a-4f7f-9343-bd96e6f29722/element/00000000-0000-0ab2-ffff-ffff0000052b/rect] to [GET http://127.0.0.1:8200/wd/hub/session/2e74e7b9-85a6-478f-8ae2-621a49ed711a/element/00000000-0000-0ab2-ffff-ffff0000052b/rect] with no body
[debug] &amp#27;[35m[WD Proxy]&amp#27;[39m Got response with status 200: {"sessionId":"2e74e7b9-85a6-478f-8ae2-621a49ed711a","value":{"height":132,"width":132,"x":948,"y":80}}
&amp#27;[35m[WD Proxy]&amp#27;[39m Replacing sessionId 2e74e7b9-85a6-478f-8ae2-621a49ed711a with da2896bd-438a-4f7f-9343-bd96e6f29722
&amp#27;[35m[HTTP]&amp#27;[39m &amp#27;[37m<-- GET /wd/hub/session/da2896bd-438a-4f7f-9343-bd96e6f29722/element/00000000-0000-0ab2-ffff-ffff0000052b/rect &amp#27;[39m&amp#27;[32m200&amp#27;[39m &amp#27;[90m5 ms - 102&amp#27;[39m
&amp#27;[35m[HTTP]&amp#27;[39m &amp#27;[90m&amp#27;[39m
2023-05-28 09:17:09  &amp#27;[34m&amp#27;[0;39mINFO  &amp#27;[35m[main]&amp#27;[0;39m &amp#27;[33mtop.testeru.page.AppBasePage.ElementScreenBase(AppBasePage.java:211)&amp#27;[0;39m -- location=$(948, 80) size=$(132, 132) x=$948 y=$80 width=$132 height=$132
&amp#27;[35m[HTTP]&amp#27;[39m &amp#27;[37m-->&amp#27;[39m &amp#27;[37mPOST&amp#27;[39m &amp#27;[37m/wd/hub/session/da2896bd-438a-4f7f-9343-bd96e6f29722/element/00000000-0000-0ab2-ffff-ffff0000052b/click&amp#27;[39m
&amp#27;[35m[HTTP]&amp#27;[39m &amp#27;[90m{"id":"00000000-0000-0ab2-ffff-ffff0000052b"}&amp#27;[39m
[debug] &amp#27;[35m[W3C (da2896bd)]&amp#27;[39m Calling AppiumDriver.click() with args: ["00000000-0000-0ab2-ffff-ffff0000052b","da2896bd-438a-4f7f-9343-bd96e6f29722"]
[debug] &amp#27;[35m[WD Proxy]&amp#27;[39m Matched '/element/00000000-0000-0ab2-ffff-ffff0000052b/click' to command name 'click'
[debug] &amp#27;[35m[WD Proxy]&amp#27;[39m Proxying [POST /element/00000000-0000-0ab2-ffff-ffff0000052b/click] to [POST http://127.0.0.1:8200/wd/hub/session/2e74e7b9-85a6-478f-8ae2-621a49ed711a/element/00000000-0000-0ab2-ffff-ffff0000052b/click] with body: {"element":"00000000-0000-0ab2-ffff-ffff0000052b"}
[debug] &amp#27;[35m[WD Proxy]&amp#27;[39m Got response with status 200: {"sessionId":"2e74e7b9-85a6-478f-8ae2-621a49ed711a","value":null}
[debug] &amp#27;[35m[W3C (da2896bd)]&amp#27;[39m Responding to client with driver.click() result: null
&amp#27;[35m[HTTP]&amp#27;[39m &amp#27;[37m<-- POST /wd/hub/session/da2896bd-438a-4f7f-9343-bd96e6f29722/element/00000000-0000-0ab2-ffff-ffff0000052b/click &amp#27;[39m&amp#27;[32m200&amp#27;[39m &amp#27;[90m40 ms - 14&amp#27;[39m
&amp#27;[35m[HTTP]&amp#27;[39m &amp#27;[90m&amp#27;[39m
&amp#27;[35m[HTTP]&amp#27;[39m &amp#27;[37m-->&amp#27;[39m &amp#27;[37mPOST&amp#27;[39m &amp#27;[37m/wd/hub/session/da2896bd-438a-4f7f-9343-bd96e6f29722/element&amp#27;[39m
&amp#27;[35m[HTTP]&amp#27;[39m &amp#27;[90m{"using":"xpath","value":"//*[@class=\"android.widget.EditText\" and @text=\"搜索\"]"}&amp#27;[39m
[debug] &amp#27;[35m[W3C (da2896bd)]&amp#27;[39m Calling AppiumDriver.findElement() with args: ["xpath","//*[@class=\"android.widget.EditText\" and @text=\"搜索\"]","da2896bd-438a-4f7f-9343-bd96e6f29722"]
[debug] &amp#27;[35m[BaseDriver]&amp#27;[39m Valid locator strategies for this request: xpath, id, class name, accessibility id, css selector, -android uiautomator
[debug] &amp#27;[35m[BaseDriver]&amp#27;[39m Waiting up to 20000 ms for condition
[debug] &amp#27;[35m[WD Proxy]&amp#27;[39m Matched '/element' to command name 'findElement'
[debug] &amp#27;[35m[WD Proxy]&amp#27;[39m Proxying [POST /element] to [POST http://127.0.0.1:8200/wd/hub/session/2e74e7b9-85a6-478f-8ae2-621a49ed711a/element] with body: {"strategy":"xpath","selector":"//*[@class=\"android.widget.EditText\" and @text=\"搜索\"]","context":"","multiple":false}
[debug] &amp#27;[35m[WD Proxy]&amp#27;[39m Got response with status 200: {"sessionId":"2e74e7b9-85a6-478f-8ae2-621a49ed711a","value":{"ELEMENT":"00000000-0000-0ab2-ffff-ffff0000052c","element-6066-11e4-a52e-4f735466cecf":"00000000-0000-0ab2-ffff-ffff0000052c"}}
[debug] &amp#27;[35m[W3C (da2896bd)]&amp#27;[39m Responding to client with driver.findElement() result: {"element-6066-11e4-a52e-4f735466cecf":"00000000-0000-0ab2-ffff-ffff0000052c","ELEMENT":"00000000-0000-0ab2-ffff-ffff0000052c"}
&amp#27;[35m[HTTP]&amp#27;[39m &amp#27;[37m<-- POST /wd/hub/session/da2896bd-438a-4f7f-9343-bd96e6f29722/element &amp#27;[39m&amp#27;[32m200&amp#27;[39m &amp#27;[90m613 ms - 137&amp#27;[39m
&amp#27;[35m[HTTP]&amp#27;[39m &amp#27;[90m&amp#27;[39m
2023-05-28 09:17:10  &amp#27;[34m&amp#27;[0;39mINFO  &amp#27;[35m[main]&amp#27;[0;39m &amp#27;[33mtop.testeru.page.AppBasePage.back(AppBasePage.java:147)&amp#27;[0;39m -- 滑动返回
&amp#27;[35m[HTTP]&amp#27;[39m &amp#27;[37m-->&amp#27;[39m &amp#27;[37mGET&amp#27;[39m &amp#27;[37m/wd/hub/session/da2896bd-438a-4f7f-9343-bd96e6f29722/window/rect&amp#27;[39m
&amp#27;[35m[HTTP]&amp#27;[39m &amp#27;[90m{}&amp#27;[39m
[debug] &amp#27;[35m[W3C (da2896bd)]&amp#27;[39m Calling AppiumDriver.getWindowRect() with args: ["da2896bd-438a-4f7f-9343-bd96e6f29722"]
[debug] &amp#27;[35m[WD Proxy]&amp#27;[39m Matched '/window/current/size' to command name 'getWindowSize'
[debug] &amp#27;[35m[WD Proxy]&amp#27;[39m Proxying [GET /window/current/size] to [GET http://127.0.0.1:8200/wd/hub/session/2e74e7b9-85a6-478f-8ae2-621a49ed711a/window/current/size] with no body
[debug] &amp#27;[35m[WD Proxy]&amp#27;[39m Got response with status 200: {"sessionId":"2e74e7b9-85a6-478f-8ae2-621a49ed711a","value":{"height":2276,"width":1080}}
[debug] &amp#27;[35m[W3C (da2896bd)]&amp#27;[39m Responding to client with driver.getWindowRect() result: {"width":1080,"height":2276,"x":0,"y":0}
&amp#27;[35m[HTTP]&amp#27;[39m &amp#27;[37m<-- GET /wd/hub/session/da2896bd-438a-4f7f-9343-bd96e6f29722/window/rect &amp#27;[39m&amp#27;[32m200&amp#27;[39m &amp#27;[90m4 ms - 50&amp#27;[39m
&amp#27;[35m[HTTP]&amp#27;[39m &amp#27;[90m&amp#27;[39m
&amp#27;[35m[HTTP]&amp#27;[39m &amp#27;[37m-->&amp#27;[39m &amp#27;[37mPOST&amp#27;[39m &amp#27;[37m/wd/hub/session/da2896bd-438a-4f7f-9343-bd96e6f29722/actions&amp#27;[39m
&amp#27;[35m[HTTP]&amp#27;[39m &amp#27;[90m{"actions":[{"id":"finger1","type":"pointer","parameters":{"pointerType":"touch"},"actions":[{"duration":0,"type":"pause"},{"duration":0,"x":0,"y":1138,"type":"pointerMove","origin":"viewport"},{"button":0,"type":"pointerDown"},{"duration":1000,"x":972,"y":1138,"type":"pointerMove","origin":"viewport"},{"button":0,"type":"pointerUp"}]}]}&amp#27;[39m
[debug] &amp#27;[35m[W3C (da2896bd)]&amp#27;[39m Calling AppiumDriver.performActions() with args: [[{"id":"finger1","type":"pointer","parameters":{"pointerType":"touch"},"actions":[{"duration":0,"type":"pause"},{"duration":0,"x":0,"y":1138,"type":"pointerMove","origin":"viewport"},{"button":0,"type":"pointerDown"},{"duration":1000,"x":972,"y":1138,"type":"pointerMove","origin":"viewport"},{"button":0,"type":"pointerUp"}]}],"da2896bd-438a-4f7f-9343-bd96e6f29722"]
[debug] &amp#27;[35m[UiAutomator2]&amp#27;[39m Received the following W3C actions: [
[debug] &amp#27;[35m[UiAutomator2]&amp#27;[39m   {
[debug] &amp#27;[35m[UiAutomator2]&amp#27;[39m     "id": "finger1",
[debug] &amp#27;[35m[UiAutomator2]&amp#27;[39m     "type": "pointer",
[debug] &amp#27;[35m[UiAutomator2]&amp#27;[39m     "parameters": {
[debug] &amp#27;[35m[UiAutomator2]&amp#27;[39m       "pointerType": "touch"
[debug] &amp#27;[35m[UiAutomator2]&amp#27;[39m     },
[debug] &amp#27;[35m[UiAutomator2]&amp#27;[39m     "actions": [
[debug] &amp#27;[35m[UiAutomator2]&amp#27;[39m       {
[debug] &amp#27;[35m[UiAutomator2]&amp#27;[39m         "duration": 0,
[debug] &amp#27;[35m[UiAutomator2]&amp#27;[39m         "type": "pause"
[debug] &amp#27;[35m[UiAutomator2]&amp#27;[39m       },
[debug] &amp#27;[35m[UiAutomator2]&amp#27;[39m       {
[debug] &amp#27;[35m[UiAutomator2]&amp#27;[39m         "duration": 0,
[debug] &amp#27;[35m[UiAutomator2]&amp#27;[39m         "x": 0,
[debug] &amp#27;[35m[UiAutomator2]&amp#27;[39m         "y": 1138,
[debug] &amp#27;[35m[UiAutomator2]&amp#27;[39m         "type": "pointerMove",
[debug] &amp#27;[35m[UiAutomator2]&amp#27;[39m         "origin": "viewport"
[debug] &amp#27;[35m[UiAutomator2]&amp#27;[39m       },
[debug] &amp#27;[35m[UiAutomator2]&amp#27;[39m       {
[debug] &amp#27;[35m[UiAutomator2]&amp#27;[39m         "button": 0,
[debug] &amp#27;[35m[UiAutomator2]&amp#27;[39m         "type": "pointerDown"
[debug] &amp#27;[35m[UiAutomator2]&amp#27;[39m       },
[debug] &amp#27;[35m[UiAutomator2]&amp#27;[39m       {
[debug] &amp#27;[35m[UiAutomator2]&amp#27;[39m         "duration": 1000,
[debug] &amp#27;[35m[UiAutomator2]&amp#27;[39m         "x": 972,
[debug] &amp#27;[35m[UiAutomator2]&amp#27;[39m         "y": 1138,
[debug] &amp#27;[35m[UiAutomator2]&amp#27;[39m         "type": "pointerMove",
[debug] &amp#27;[35m[UiAutomator2]&amp#27;[39m         "origin": "viewport"
[debug] &amp#27;[35m[UiAutomator2]&amp#27;[39m       },
[debug] &amp#27;[35m[UiAutomator2]&amp#27;[39m       {
[debug] &amp#27;[35m[UiAutomator2]&amp#27;[39m         "button": 0,
[debug] &amp#27;[35m[UiAutomator2]&amp#27;[39m         "type": "pointerUp"
[debug] &amp#27;[35m[UiAutomator2]&amp#27;[39m       }
[debug] &amp#27;[35m[UiAutomator2]&amp#27;[39m     ]
[debug] &amp#27;[35m[UiAutomator2]&amp#27;[39m   }
[debug] &amp#27;[35m[UiAutomator2]&amp#27;[39m ]
[debug] &amp#27;[35m[UiAutomator2]&amp#27;[39m Preprocessed actions: [
[debug] &amp#27;[35m[UiAutomator2]&amp#27;[39m   {
[debug] &amp#27;[35m[UiAutomator2]&amp#27;[39m     "id": "finger1",
[debug] &amp#27;[35m[UiAutomator2]&amp#27;[39m     "type": "pointer",
[debug] &amp#27;[35m[UiAutomator2]&amp#27;[39m     "parameters": {
[debug] &amp#27;[35m[UiAutomator2]&amp#27;[39m       "pointerType": "touch"
[debug] &amp#27;[35m[UiAutomator2]&amp#27;[39m     },
[debug] &amp#27;[35m[UiAutomator2]&amp#27;[39m     "actions": [
[debug] &amp#27;[35m[UiAutomator2]&amp#27;[39m       {
[debug] &amp#27;[35m[UiAutomator2]&amp#27;[39m         "duration": 0,
[debug] &amp#27;[35m[UiAutomator2]&amp#27;[39m         "type": "pause"
[debug] &amp#27;[35m[UiAutomator2]&amp#27;[39m       },
[debug] &amp#27;[35m[UiAutomator2]&amp#27;[39m       {
[debug] &amp#27;[35m[UiAutomator2]&amp#27;[39m         "duration": 0,
[debug] &amp#27;[35m[UiAutomator2]&amp#27;[39m         "x": 0,
[debug] &amp#27;[35m[UiAutomator2]&amp#27;[39m         "y": 1138,
[debug] &amp#27;[35m[UiAutomator2]&amp#27;[39m         "type": "pointerMove",
[debug] &amp#27;[35m[UiAutomator2]&amp#27;[39m         "origin": "viewport"
[debug] &amp#27;[35m[UiAutomator2]&amp#27;[39m       },
[debug] &amp#27;[35m[UiAutomator2]&amp#27;[39m       {
[debug] &amp#27;[35m[UiAutomator2]&amp#27;[39m         "button": 0,
[debug] &amp#27;[35m[UiAutomator2]&amp#27;[39m         "type": "pointerDown"
[debug] &amp#27;[35m[UiAutomator2]&amp#27;[39m       },
[debug] &amp#27;[35m[UiAutomator2]&amp#27;[39m       {
[debug] &amp#27;[35m[UiAutomator2]&amp#27;[39m         "duration": 1000,
[debug] &amp#27;[35m[UiAutomator2]&amp#27;[39m         "x": 972,
[debug] &amp#27;[35m[UiAutomator2]&amp#27;[39m         "y": 1138,
[debug] &amp#27;[35m[UiAutomator2]&amp#27;[39m         "type": "pointerMove",
[debug] &amp#27;[35m[UiAutomator2]&amp#27;[39m         "origin": "viewport"
[debug] &amp#27;[35m[UiAutomator2]&amp#27;[39m       },
[debug] &amp#27;[35m[UiAutomator2]&amp#27;[39m       {
[debug] &amp#27;[35m[UiAutomator2]&amp#27;[39m         "button": 0,
[debug] &amp#27;[35m[UiAutomator2]&amp#27;[39m         "type": "pointerUp"
[debug] &amp#27;[35m[UiAutomator2]&amp#27;[39m       }
[debug] &amp#27;[35m[UiAutomator2]&amp#27;[39m     ]
[debug] &amp#27;[35m[UiAutomator2]&amp#27;[39m   }
[debug] &amp#27;[35m[UiAutomator2]&amp#27;[39m ]
[debug] &amp#27;[35m[WD Proxy]&amp#27;[39m Matched '/actions' to command name 'performActions'
[debug] &amp#27;[35m[WD Proxy]&amp#27;[39m Proxying [POST /actions] to [POST http://127.0.0.1:8200/wd/hub/session/2e74e7b9-85a6-478f-8ae2-621a49ed711a/actions] with body: {"actions":[{"id":"finger1","type":"pointer","parameters":{"pointerType":"touch"},"actions":[{"duration":0,"type":"pause"},{"duration":0,"x":0,"y":1138,"type":"pointerMove","origin":"viewport"},{"button":0,"type":"pointerDown"},{"duration":1000,"x":972,"y":1138,"type":"pointerMove","origin":"viewport"},{"button":0,"type":"pointerUp"}]}]}
[debug] &amp#27;[35m[WD Proxy]&amp#27;[39m Got response with status 200: {"sessionId":"2e74e7b9-85a6-478f-8ae2-621a49ed711a","value":null}
[debug] &amp#27;[35m[W3C (da2896bd)]&amp#27;[39m Responding to client with driver.performActions() result: null
&amp#27;[35m[HTTP]&amp#27;[39m &amp#27;[37m<-- POST /wd/hub/session/da2896bd-438a-4f7f-9343-bd96e6f29722/actions &amp#27;[39m&amp#27;[32m200&amp#27;[39m &amp#27;[90m1025 ms - 14&amp#27;[39m
&amp#27;[35m[HTTP]&amp#27;[39m &amp#27;[90m&amp#27;[39m
2023-05-28 09:17:11  &amp#27;[34m&amp#27;[0;39mINFO  &amp#27;[35m[main]&amp#27;[0;39m &amp#27;[33mtop.testeru.page.AppBasePage.upAndDown(AppBasePage.java:156)&amp#27;[0;39m -- 上下滑动
&amp#27;[35m[HTTP]&amp#27;[39m &amp#27;[37m-->&amp#27;[39m &amp#27;[37mGET&amp#27;[39m &amp#27;[37m/wd/hub/session/da2896bd-438a-4f7f-9343-bd96e6f29722/window/rect&amp#27;[39m
&amp#27;[35m[HTTP]&amp#27;[39m &amp#27;[90m{}&amp#27;[39m
[debug] &amp#27;[35m[W3C (da2896bd)]&amp#27;[39m Calling AppiumDriver.getWindowRect() with args: ["da2896bd-438a-4f7f-9343-bd96e6f29722"]
[debug] &amp#27;[35m[WD Proxy]&amp#27;[39m Matched '/window/current/size' to command name 'getWindowSize'
[debug] &amp#27;[35m[WD Proxy]&amp#27;[39m Proxying [GET /window/current/size] to [GET http://127.0.0.1:8200/wd/hub/session/2e74e7b9-85a6-478f-8ae2-621a49ed711a/window/current/size] with no body
[debug] &amp#27;[35m[WD Proxy]&amp#27;[39m Got response with status 200: {"sessionId":"2e74e7b9-85a6-478f-8ae2-621a49ed711a","value":{"height":2276,"width":1080}}
[debug] &amp#27;[35m[W3C (da2896bd)]&amp#27;[39m Responding to client with driver.getWindowRect() result: {"width":1080,"height":2276,"x":0,"y":0}
&amp#27;[35m[HTTP]&amp#27;[39m &amp#27;[37m<-- GET /wd/hub/session/da2896bd-438a-4f7f-9343-bd96e6f29722/window/rect &amp#27;[39m&amp#27;[32m200&amp#27;[39m &amp#27;[90m5 ms - 50&amp#27;[39m
&amp#27;[35m[HTTP]&amp#27;[39m &amp#27;[90m&amp#27;[39m
2023-05-28 09:17:11  &amp#27;[34m&amp#27;[0;39mINFO  &amp#27;[35m[main]&amp#27;[0;39m &amp#27;[33mtop.testeru.page.AppBasePage.upAndDown(AppBasePage.java:163)&amp#27;[0;39m -- 从(540, 1820)滑动到(540, 455)
&amp#27;[35m[HTTP]&amp#27;[39m &amp#27;[37m-->&amp#27;[39m &amp#27;[37mPOST&amp#27;[39m &amp#27;[37m/wd/hub/session/da2896bd-438a-4f7f-9343-bd96e6f29722/actions&amp#27;[39m
&amp#27;[35m[HTTP]&amp#27;[39m &amp#27;[90m{"actions":[{"id":"finger1","type":"pointer","parameters":{"pointerType":"touch"},"actions":[{"duration":0,"type":"pause"},{"duration":0,"x":540,"y":1820,"type":"pointerMove","origin":"viewport"},{"button":0,"type":"pointerDown"},{"duration":1000,"x":540,"y":455,"type":"pointerMove","origin":"viewport"},{"button":0,"type":"pointerUp"}]}]}&amp#27;[39m
[debug] &amp#27;[35m[W3C (da2896bd)]&amp#27;[39m Calling AppiumDriver.performActions() with args: [[{"id":"finger1","type":"pointer","parameters":{"pointerType":"touch"},"actions":[{"duration":0,"type":"pause"},{"duration":0,"x":540,"y":1820,"type":"pointerMove","origin":"viewport"},{"button":0,"type":"pointerDown"},{"duration":1000,"x":540,"y":455,"type":"pointerMove","origin":"viewport"},{"button":0,"type":"pointerUp"}]}],"da2896bd-438a-4f7f-9343-bd96e6f29722"]
[debug] &amp#27;[35m[UiAutomator2]&amp#27;[39m Received the following W3C actions: [
[debug] &amp#27;[35m[UiAutomator2]&amp#27;[39m   {
[debug] &amp#27;[35m[UiAutomator2]&amp#27;[39m     "id": "finger1",
[debug] &amp#27;[35m[UiAutomator2]&amp#27;[39m     "type": "pointer",
[debug] &amp#27;[35m[UiAutomator2]&amp#27;[39m     "parameters": {
[debug] &amp#27;[35m[UiAutomator2]&amp#27;[39m       "pointerType": "touch"
[debug] &amp#27;[35m[UiAutomator2]&amp#27;[39m     },
[debug] &amp#27;[35m[UiAutomator2]&amp#27;[39m     "actions": [
[debug] &amp#27;[35m[UiAutomator2]&amp#27;[39m       {
[debug] &amp#27;[35m[UiAutomator2]&amp#27;[39m         "duration": 0,
[debug] &amp#27;[35m[UiAutomator2]&amp#27;[39m         "type": "pause"
[debug] &amp#27;[35m[UiAutomator2]&amp#27;[39m       },
[debug] &amp#27;[35m[UiAutomator2]&amp#27;[39m       {
[debug] &amp#27;[35m[UiAutomator2]&amp#27;[39m         "duration": 0,
[debug] &amp#27;[35m[UiAutomator2]&amp#27;[39m         "x": 540,
[debug] &amp#27;[35m[UiAutomator2]&amp#27;[39m         "y": 1820,
[debug] &amp#27;[35m[UiAutomator2]&amp#27;[39m         "type": "pointerMove",
[debug] &amp#27;[35m[UiAutomator2]&amp#27;[39m         "origin": "viewport"
[debug] &amp#27;[35m[UiAutomator2]&amp#27;[39m       },
[debug] &amp#27;[35m[UiAutomator2]&amp#27;[39m       {
[debug] &amp#27;[35m[UiAutomator2]&amp#27;[39m         "button": 0,
[debug] &amp#27;[35m[UiAutomator2]&amp#27;[39m         "type": "pointerDown"
[debug] &amp#27;[35m[UiAutomator2]&amp#27;[39m       },
[debug] &amp#27;[35m[UiAutomator2]&amp#27;[39m       {
[debug] &amp#27;[35m[UiAutomator2]&amp#27;[39m         "duration": 1000,
[debug] &amp#27;[35m[UiAutomator2]&amp#27;[39m         "x": 540,
[debug] &amp#27;[35m[UiAutomator2]&amp#27;[39m         "y": 455,
[debug] &amp#27;[35m[UiAutomator2]&amp#27;[39m         "type": "pointerMove",
[debug] &amp#27;[35m[UiAutomator2]&amp#27;[39m         "origin": "viewport"
[debug] &amp#27;[35m[UiAutomator2]&amp#27;[39m       },
[debug] &amp#27;[35m[UiAutomator2]&amp#27;[39m       {
[debug] &amp#27;[35m[UiAutomator2]&amp#27;[39m         "button": 0,
[debug] &amp#27;[35m[UiAutomator2]&amp#27;[39m         "type": "pointerUp"
[debug] &amp#27;[35m[UiAutomator2]&amp#27;[39m       }
[debug] &amp#27;[35m[UiAutomator2]&amp#27;[39m     ]
[debug] &amp#27;[35m[UiAutomator2]&amp#27;[39m   }
[debug] &amp#27;[35m[UiAutomator2]&amp#27;[39m ]
[debug] &amp#27;[35m[UiAutomator2]&amp#27;[39m Preprocessed actions: [
[debug] &amp#27;[35m[UiAutomator2]&amp#27;[39m   {
[debug] &amp#27;[35m[UiAutomator2]&amp#27;[39m     "id": "finger1",
[debug] &amp#27;[35m[UiAutomator2]&amp#27;[39m     "type": "pointer",
[debug] &amp#27;[35m[UiAutomator2]&amp#27;[39m     "parameters": {
[debug] &amp#27;[35m[UiAutomator2]&amp#27;[39m       "pointerType": "touch"
[debug] &amp#27;[35m[UiAutomator2]&amp#27;[39m     },
[debug] &amp#27;[35m[UiAutomator2]&amp#27;[39m     "actions": [
[debug] &amp#27;[35m[UiAutomator2]&amp#27;[39m       {
[debug] &amp#27;[35m[UiAutomator2]&amp#27;[39m         "duration": 0,
[debug] &amp#27;[35m[UiAutomator2]&amp#27;[39m         "type": "pause"
[debug] &amp#27;[35m[UiAutomator2]&amp#27;[39m       },
[debug] &amp#27;[35m[UiAutomator2]&amp#27;[39m       {
[debug] &amp#27;[35m[UiAutomator2]&amp#27;[39m         "duration": 0,
[debug] &amp#27;[35m[UiAutomator2]&amp#27;[39m         "x": 540,
[debug] &amp#27;[35m[UiAutomator2]&amp#27;[39m         "y": 1820,
[debug] &amp#27;[35m[UiAutomator2]&amp#27;[39m         "type": "pointerMove",
[debug] &amp#27;[35m[UiAutomator2]&amp#27;[39m         "origin": "viewport"
[debug] &amp#27;[35m[UiAutomator2]&amp#27;[39m       },
[debug] &amp#27;[35m[UiAutomator2]&amp#27;[39m       {
[debug] &amp#27;[35m[UiAutomator2]&amp#27;[39m         "button": 0,
[debug] &amp#27;[35m[UiAutomator2]&amp#27;[39m         "type": "pointerDown"
[debug] &amp#27;[35m[UiAutomator2]&amp#27;[39m       },
[debug] &amp#27;[35m[UiAutomator2]&amp#27;[39m       {
[debug] &amp#27;[35m[UiAutomator2]&amp#27;[39m         "duration": 1000,
[debug] &amp#27;[35m[UiAutomator2]&amp#27;[39m         "x": 540,
[debug] &amp#27;[35m[UiAutomator2]&amp#27;[39m         "y": 455,
[debug] &amp#27;[35m[UiAutomator2]&amp#27;[39m         "type": "pointerMove",
[debug] &amp#27;[35m[UiAutomator2]&amp#27;[39m         "origin": "viewport"
[debug] &amp#27;[35m[UiAutomator2]&amp#27;[39m       },
[debug] &amp#27;[35m[UiAutomator2]&amp#27;[39m       {
[debug] &amp#27;[35m[UiAutomator2]&amp#27;[39m         "button": 0,
[debug] &amp#27;[35m[UiAutomator2]&amp#27;[39m         "type": "pointerUp"
[debug] &amp#27;[35m[UiAutomator2]&amp#27;[39m       }
[debug] &amp#27;[35m[UiAutomator2]&amp#27;[39m     ]
[debug] &amp#27;[35m[UiAutomator2]&amp#27;[39m   }
[debug] &amp#27;[35m[UiAutomator2]&amp#27;[39m ]
[debug] &amp#27;[35m[WD Proxy]&amp#27;[39m Matched '/actions' to command name 'performActions'
[debug] &amp#27;[35m[WD Proxy]&amp#27;[39m Proxying [POST /actions] to [POST http://127.0.0.1:8200/wd/hub/session/2e74e7b9-85a6-478f-8ae2-621a49ed711a/actions] with body: {"actions":[{"id":"finger1","type":"pointer","parameters":{"pointerType":"touch"},"actions":[{"duration":0,"type":"pause"},{"duration":0,"x":540,"y":1820,"type":"pointerMove","origin":"viewport"},{"button":0,"type":"pointerDown"},{"duration":1000,"x":540,"y":455,"type":"pointerMove","origin":"viewport"},{"button":0,"type":"pointerUp"}]}]}
[debug] &amp#27;[35m[WD Proxy]&amp#27;[39m Got response with status 200: {"sessionId":"2e74e7b9-85a6-478f-8ae2-621a49ed711a","value":null}
[debug] &amp#27;[35m[W3C (da2896bd)]&amp#27;[39m Responding to client with driver.performActions() result: null
&amp#27;[35m[HTTP]&amp#27;[39m &amp#27;[37m<-- POST /wd/hub/session/da2896bd-438a-4f7f-9343-bd96e6f29722/actions &amp#27;[39m&amp#27;[32m200&amp#27;[39m &amp#27;[90m1092 ms - 14&amp#27;[39m
&amp#27;[35m[HTTP]&amp#27;[39m &amp#27;[90m&amp#27;[39m
&amp#27;[35m[HTTP]&amp#27;[39m &amp#27;[37m-->&amp#27;[39m &amp#27;[37mGET&amp#27;[39m &amp#27;[37m/wd/hub/session/da2896bd-438a-4f7f-9343-bd96e6f29722/source&amp#27;[39m
&amp#27;[35m[HTTP]&amp#27;[39m &amp#27;[90m{}&amp#27;[39m
&amp#27;[35m[W3C (da2896bd)]&amp#27;[39m Driver proxy active, passing request on via HTTP proxy
[debug] &amp#27;[35m[WD Proxy]&amp#27;[39m Matched '/wd/hub/session/da2896bd-438a-4f7f-9343-bd96e6f29722/source' to command name 'getPageSource'
[debug] &amp#27;[35m[WD Proxy]&amp#27;[39m Proxying [GET /wd/hub/session/da2896bd-438a-4f7f-9343-bd96e6f29722/source] to [GET http://127.0.0.1:8200/wd/hub/session/2e74e7b9-85a6-478f-8ae2-621a49ed711a/source] with no body
[debug] &amp#27;[35m[WD Proxy]&amp#27;[39m Got response with status 200: {"sessionId":"2e74e7b9-85a6-478f-8ae2-621a49ed711a","value":"<?xml version='1.0' encoding='UTF-8' standalone='yes' ?>\r\n<hierarchy index=\"0\" class=\"hierarchy\" rotation=\"0\" width=\"1080\" height=\"2276\">\r\n  <android.widget.FrameLayout index=\"0\" package=\"com.tencent.wework\" class=\"android.widget.FrameLayout\" text=\"\" checkable=\"false\" checked=\"false\" clickable=\"false\" enabled=\"true\" focusable=\"false\" focused=\"false\" long-clickable=\"false\" password=\"false\" scrollable=\"false\" selected=\"false\" bounds=\"[0,0][1080,2276]\" displayed=\"true\">\r\n    <android.widget.LinearLayout index=\"0\" package=\"com.tencent.wework\" class=\"android.widget.LinearLayout\" text=\"\" checkable=\"false\" checked=\"false\" clickable=\"false\" enabled=\"true\" focusable=\"false\" focused=\"false\" long-clickable=\"false\" password=\"false\" scrollable=\"false\" selected=\"false\" bounds=\"[0,0][1080,2276]\" displayed=\"true\">\r\n      <android.widget.FrameLayout index=\"0\" package=\"com.tencent...
&amp#27;[35m[WD Proxy]&amp#27;[39m Replacing sessionId 2e74e7b9-85a6-478f-8ae2-621a49ed711a with da2896bd-438a-4f7f-9343-bd96e6f29722
&amp#27;[35m[HTTP]&amp#27;[39m &amp#27;[37m<-- GET /wd/hub/session/da2896bd-438a-4f7f-9343-bd96e6f29722/source &amp#27;[39m&amp#27;[32m200&amp#27;[39m &amp#27;[90m63 ms - 54130&amp#27;[39m
&amp#27;[35m[HTTP]&amp#27;[39m &amp#27;[90m&amp#27;[39m
]]></system-out>
  </testcase>
</testsuite>