<?xml version="1.0" encoding="UTF-8"?>
<testsuite xmlns:xsi="http://www.w3.org/2001/XMLSchema-instance" xsi:noNamespaceSchemaLocation="https://maven.apache.org/surefire/maven-surefire-plugin/xsd/surefire-test-report-3.0.xsd" version="3.0" name="top.testeru.member.MemberDakaTest" time="64.132" tests="1" errors="0" skipped="0" failures="0">
  <properties>
    <property name="gopherProxySet" value="false"/>
    <property name="socksProxyHost" value="127.0.0.1"/>
    <property name="awt.toolkit" value="sun.lwawt.macosx.LWCToolkit"/>
    <property name="http.proxyHost" value="127.0.0.1"/>
    <property name="java.specification.version" value="11"/>
    <property name="sun.cpu.isalist" value=""/>
    <property name="sun.jnu.encoding" value="UTF-8"/>
    <property name="java.class.path" value="/Volumes/gai/tutorials/wechat-combat/app/target/test-classes:/Volumes/gai/tutorials/wechat-combat/app/target/classes:/Users/gaigai/.m2/repository/org/junit/jupiter/junit-jupiter/5.9.2/junit-jupiter-5.9.2.jar:/Users/gaigai/.m2/repository/org/junit/jupiter/junit-jupiter-api/5.9.2/junit-jupiter-api-5.9.2.jar:/Users/gaigai/.m2/repository/org/opentest4j/opentest4j/1.2.0/opentest4j-1.2.0.jar:/Users/gaigai/.m2/repository/org/junit/platform/junit-platform-commons/1.9.2/junit-platform-commons-1.9.2.jar:/Users/gaigai/.m2/repository/org/junit/jupiter/junit-jupiter-params/5.9.2/junit-jupiter-params-5.9.2.jar:/Users/gaigai/.m2/repository/org/junit/jupiter/junit-jupiter-engine/5.9.2/junit-jupiter-engine-5.9.2.jar:/Users/gaigai/.m2/repository/org/junit/platform/junit-platform-suite/1.9.2/junit-platform-suite-1.9.2.jar:/Users/gaigai/.m2/repository/org/junit/platform/junit-platform-suite-api/1.9.2/junit-platform-suite-api-1.9.2.jar:/Users/gaigai/.m2/repository/org/junit/platform/junit-platform-suite-engine/1.9.2/junit-platform-suite-engine-1.9.2.jar:/Users/gaigai/.m2/repository/org/junit/platform/junit-platform-suite-commons/1.9.2/junit-platform-suite-commons-1.9.2.jar:/Users/gaigai/.m2/repository/org/junit/vintage/junit-vintage-engine/5.9.2/junit-vintage-engine-5.9.2.jar:/Users/gaigai/.m2/repository/org/junit/platform/junit-platform-engine/1.9.2/junit-platform-engine-1.9.2.jar:/Users/gaigai/.m2/repository/junit/junit/4.13.2/junit-4.13.2.jar:/Users/gaigai/.m2/repository/org/apiguardian/apiguardian-api/1.1.2/apiguardian-api-1.1.2.jar:/Users/gaigai/.m2/repository/org/hamcrest/hamcrest/2.2/hamcrest-2.2.jar:/Users/gaigai/.m2/repository/org/hamcrest/hamcrest-core/2.2/hamcrest-core-2.2.jar:/Users/gaigai/.m2/repository/io/qameta/allure/allure-junit5/2.21.0/allure-junit5-2.21.0.jar:/Users/gaigai/.m2/repository/io/qameta/allure/allure-junit-platform/2.21.0/allure-junit-platform-2.21.0.jar:/Users/gaigai/.m2/repository/io/qameta/allure/allure-java-commons/2.21.0/allure-java-commons-2.21.0.jar:/Users/gaigai/.m2/repository/io/qameta/allure/allure-model/2.21.0/allure-model-2.21.0.jar:/Users/gaigai/.m2/repository/io/qameta/allure/allure-test-filter/2.21.0/allure-test-filter-2.21.0.jar:/Users/gaigai/.m2/repository/org/junit/platform/junit-platform-launcher/1.9.2/junit-platform-launcher-1.9.2.jar:/Users/gaigai/.m2/repository/org/aspectj/aspectjweaver/1.9.19/aspectjweaver-1.9.19.jar:/Users/gaigai/.m2/repository/com/fasterxml/jackson/core/jackson-databind/2.13.1/jackson-databind-2.13.1.jar:/Users/gaigai/.m2/repository/com/fasterxml/jackson/core/jackson-annotations/2.13.1/jackson-annotations-2.13.1.jar:/Users/gaigai/.m2/repository/com/fasterxml/jackson/core/jackson-core/2.13.1/jackson-core-2.13.1.jar:/Users/gaigai/.m2/repository/com/fasterxml/jackson/dataformat/jackson-dataformat-yaml/2.13.1/jackson-dataformat-yaml-2.13.1.jar:/Users/gaigai/.m2/repository/org/yaml/snakeyaml/1.28/snakeyaml-1.28.jar:/Users/gaigai/.m2/repository/org/slf4j/slf4j-api/2.0.7/slf4j-api-2.0.7.jar:/Users/gaigai/.m2/repository/ch/qos/logback/logback-classic/1.4.6/logback-classic-1.4.6.jar:/Users/gaigai/.m2/repository/ch/qos/logback/logback-core/1.4.6/logback-core-1.4.6.jar:/Users/gaigai/.m2/repository/com/apifan/common/common-random/1.0.18/common-random-1.0.18.jar:/Users/gaigai/.m2/repository/org/apache/commons/commons-lang3/3.12.0/commons-lang3-3.12.0.jar:/Users/gaigai/.m2/repository/org/apache/commons/commons-collections4/4.4/commons-collections4-4.4.jar:/Users/gaigai/.m2/repository/commons-io/commons-io/2.7/commons-io-2.7.jar:/Users/gaigai/.m2/repository/com/google/guava/guava/31.1-jre/guava-31.1-jre.jar:/Users/gaigai/.m2/repository/com/google/guava/failureaccess/1.0.1/failureaccess-1.0.1.jar:/Users/gaigai/.m2/repository/com/google/guava/listenablefuture/9999.0-empty-to-avoid-conflict-with-guava/listenablefuture-9999.0-empty-to-avoid-conflict-with-guava.jar:/Users/gaigai/.m2/repository/com/google/code/findbugs/jsr305/3.0.2/jsr305-3.0.2.jar:/Users/gaigai/.m2/repository/org/checkerframework/checker-qual/3.12.0/checker-qual-3.12.0.jar:/Users/gaigai/.m2/repository/com/google/errorprone/error_prone_annotations/2.11.0/error_prone_annotations-2.11.0.jar:/Users/gaigai/.m2/repository/com/google/j2objc/j2objc-annotations/1.3/j2objc-annotations-1.3.jar:/Users/gaigai/.m2/repository/com/github/javafaker/javafaker/1.0.2/javafaker-1.0.2.jar:/Users/gaigai/.m2/repository/org/yaml/snakeyaml/1.23/snakeyaml-1.23-android.jar:/Users/gaigai/.m2/repository/com/github/mifmif/generex/1.0.2/generex-1.0.2.jar:/Users/gaigai/.m2/repository/dk/brics/automaton/automaton/1.11-8/automaton-1.11-8.jar:/Users/gaigai/.m2/repository/io/appium/java-client/8.4.0/java-client-8.4.0.jar:/Users/gaigai/.m2/repository/org/seleniumhq/selenium/selenium-api/4.9.1/selenium-api-4.9.1.jar:/Users/gaigai/.m2/repository/org/seleniumhq/selenium/selenium-remote-driver/4.9.1/selenium-remote-driver-4.9.1.jar:/Users/gaigai/.m2/repository/com/beust/jcommander/1.82/jcommander-1.82.jar:/Users/gaigai/.m2/repository/com/google/auto/service/auto-service-annotations/1.0.1/auto-service-annotations-1.0.1.jar:/Users/gaigai/.m2/repository/com/google/auto/service/auto-service/1.0.1/auto-service-1.0.1.jar:/Users/gaigai/.m2/repository/com/google/auto/auto-common/1.2/auto-common-1.2.jar:/Users/gaigai/.m2/repository/io/netty/netty-buffer/4.1.91.Final/netty-buffer-4.1.91.Final.jar:/Users/gaigai/.m2/repository/io/netty/netty-codec-http/4.1.91.Final/netty-codec-http-4.1.91.Final.jar:/Users/gaigai/.m2/repository/io/netty/netty-codec/4.1.91.Final/netty-codec-4.1.91.Final.jar:/Users/gaigai/.m2/repository/io/netty/netty-handler/4.1.91.Final/netty-handler-4.1.91.Final.jar:/Users/gaigai/.m2/repository/io/netty/netty-common/4.1.91.Final/netty-common-4.1.91.Final.jar:/Users/gaigai/.m2/repository/io/netty/netty-transport-classes-epoll/4.1.91.Final/netty-transport-classes-epoll-4.1.91.Final.jar:/Users/gaigai/.m2/repository/io/netty/netty-transport-classes-kqueue/4.1.91.Final/netty-transport-classes-kqueue-4.1.91.Final.jar:/Users/gaigai/.m2/repository/io/netty/netty-transport-native-epoll/4.1.91.Final/netty-transport-native-epoll-4.1.91.Final.jar:/Users/gaigai/.m2/repository/io/netty/netty-transport-native-kqueue/4.1.91.Final/netty-transport-native-kqueue-4.1.91.Final.jar:/Users/gaigai/.m2/repository/io/netty/netty-transport-native-unix-common/4.1.91.Final/netty-transport-native-unix-common-4.1.91.Final.jar:/Users/gaigai/.m2/repository/io/netty/netty-transport/4.1.91.Final/netty-transport-4.1.91.Final.jar:/Users/gaigai/.m2/repository/io/netty/netty-resolver/4.1.91.Final/netty-resolver-4.1.91.Final.jar:/Users/gaigai/.m2/repository/io/opentelemetry/opentelemetry-api/1.25.0/opentelemetry-api-1.25.0.jar:/Users/gaigai/.m2/repository/io/opentelemetry/opentelemetry-context/1.25.0/opentelemetry-context-1.25.0.jar:/Users/gaigai/.m2/repository/io/opentelemetry/opentelemetry-exporter-logging/1.25.0/opentelemetry-exporter-logging-1.25.0.jar:/Users/gaigai/.m2/repository/io/opentelemetry/opentelemetry-sdk-metrics/1.25.0/opentelemetry-sdk-metrics-1.25.0.jar:/Users/gaigai/.m2/repository/io/opentelemetry/opentelemetry-sdk-logs/1.25.0-alpha/opentelemetry-sdk-logs-1.25.0-alpha.jar:/Users/gaigai/.m2/repository/io/opentelemetry/opentelemetry-api-logs/1.25.0-alpha/opentelemetry-api-logs-1.25.0-alpha.jar:/Users/gaigai/.m2/repository/io/opentelemetry/opentelemetry-api-events/1.25.0-alpha/opentelemetry-api-events-1.25.0-alpha.jar:/Users/gaigai/.m2/repository/io/opentelemetry/opentelemetry-sdk-common/1.25.0/opentelemetry-sdk-common-1.25.0.jar:/Users/gaigai/.m2/repository/io/opentelemetry/opentelemetry-sdk-extension-autoconfigure-spi/1.25.0/opentelemetry-sdk-extension-autoconfigure-spi-1.25.0.jar:/Users/gaigai/.m2/repository/io/opentelemetry/opentelemetry-sdk-extension-autoconfigure/1.25.0-alpha/opentelemetry-sdk-extension-autoconfigure-1.25.0-alpha.jar:/Users/gaigai/.m2/repository/io/opentelemetry/opentelemetry-sdk-trace/1.25.0/opentelemetry-sdk-trace-1.25.0.jar:/Users/gaigai/.m2/repository/io/opentelemetry/opentelemetry-sdk/1.25.0/opentelemetry-sdk-1.25.0.jar:/Users/gaigai/.m2/repository/io/opentelemetry/opentelemetry-semconv/1.25.0-alpha/opentelemetry-semconv-1.25.0-alpha.jar:/Users/gaigai/.m2/repository/io/ous/jtoml/2.0.0/jtoml-2.0.0.jar:/Users/gaigai/.m2/repository/net/bytebuddy/byte-buddy/1.14.4/byte-buddy-1.14.4.jar:/Users/gaigai/.m2/repository/org/apache/commons/commons-exec/1.3/commons-exec-1.3.jar:/Users/gaigai/.m2/repository/org/asynchttpclient/async-http-client/2.12.3/async-http-client-2.12.3.jar:/Users/gaigai/.m2/repository/org/asynchttpclient/async-http-client-netty-utils/2.12.3/async-http-client-netty-utils-2.12.3.jar:/Users/gaigai/.m2/repository/io/netty/netty-codec-socks/4.1.60.Final/netty-codec-socks-4.1.60.Final.jar:/Users/gaigai/.m2/repository/io/netty/netty-handler-proxy/4.1.60.Final/netty-handler-proxy-4.1.60.Final.jar:/Users/gaigai/.m2/repository/io/netty/netty-transport-native-epoll/4.1.60.Final/netty-transport-native-epoll-4.1.60.Final-linux-x86_64.jar:/Users/gaigai/.m2/repository/io/netty/netty-transport-native-kqueue/4.1.60.Final/netty-transport-native-kqueue-4.1.60.Final-osx-x86_64.jar:/Users/gaigai/.m2/repository/org/reactivestreams/reactive-streams/1.0.3/reactive-streams-1.0.3.jar:/Users/gaigai/.m2/repository/com/typesafe/netty/netty-reactive-streams/2.0.4/netty-reactive-streams-2.0.4.jar:/Users/gaigai/.m2/repository/com/sun/activation/jakarta.activation/1.2.2/jakarta.activation-1.2.2.jar:/Users/gaigai/.m2/repository/org/seleniumhq/selenium/selenium-http/4.9.1/selenium-http-4.9.1.jar:/Users/gaigai/.m2/repository/dev/failsafe/failsafe/3.3.1/failsafe-3.3.1.jar:/Users/gaigai/.m2/repository/org/seleniumhq/selenium/selenium-json/4.9.1/selenium-json-4.9.1.jar:/Users/gaigai/.m2/repository/org/seleniumhq/selenium/selenium-manager/4.9.1/selenium-manager-4.9.1.jar:/Users/gaigai/.m2/repository/org/seleniumhq/selenium/selenium-support/4.9.1/selenium-support-4.9.1.jar:/Users/gaigai/.m2/repository/com/google/code/gson/gson/2.10.1/gson-2.10.1.jar:/Users/gaigai/.m2/repository/cglib/cglib/3.3.0/cglib-3.3.0.jar:/Users/gaigai/.m2/repository/org/ow2/asm/asm/7.1/asm-7.1.jar:/Users/gaigai/.m2/repository/commons-validator/commons-validator/1.7/commons-validator-1.7.jar:/Users/gaigai/.m2/repository/commons-beanutils/commons-beanutils/1.9.4/commons-beanutils-1.9.4.jar:/Users/gaigai/.m2/repository/commons-digester/commons-digester/2.1/commons-digester-2.1.jar:/Users/gaigai/.m2/repository/commons-logging/commons-logging/1.2/commons-logging-1.2.jar:/Users/gaigai/.m2/repository/commons-collections/commons-collections/3.2.2/commons-collections-3.2.2.jar:/Users/gaigai/.m2/repository/org/seleniumhq/selenium/selenium-java/4.9.1/selenium-java-4.9.1.jar:/Users/gaigai/.m2/repository/org/seleniumhq/selenium/selenium-chrome-driver/4.9.1/selenium-chrome-driver-4.9.1.jar:/Users/gaigai/.m2/repository/org/seleniumhq/selenium/selenium-chromium-driver/4.9.1/selenium-chromium-driver-4.9.1.jar:/Users/gaigai/.m2/repository/org/seleniumhq/selenium/selenium-devtools-v111/4.9.1/selenium-devtools-v111-4.9.1.jar:/Users/gaigai/.m2/repository/org/seleniumhq/selenium/selenium-devtools-v112/4.9.1/selenium-devtools-v112-4.9.1.jar:/Users/gaigai/.m2/repository/org/seleniumhq/selenium/selenium-devtools-v113/4.9.1/selenium-devtools-v113-4.9.1.jar:/Users/gaigai/.m2/repository/org/seleniumhq/selenium/selenium-devtools-v85/4.9.1/selenium-devtools-v85-4.9.1.jar:/Users/gaigai/.m2/repository/org/seleniumhq/selenium/selenium-edge-driver/4.9.1/selenium-edge-driver-4.9.1.jar:/Users/gaigai/.m2/repository/org/seleniumhq/selenium/selenium-firefox-driver/4.9.1/selenium-firefox-driver-4.9.1.jar:/Users/gaigai/.m2/repository/org/seleniumhq/selenium/selenium-ie-driver/4.9.1/selenium-ie-driver-4.9.1.jar:/Users/gaigai/.m2/repository/org/seleniumhq/selenium/selenium-safari-driver/4.9.1/selenium-safari-driver-4.9.1.jar:"/>
    <property name="sun.awt.enableExtraMouseButtons" value="true"/>
    <property name="https.proxyPort" value="33210"/>
    <property name="java.vm.vendor" value="Oracle Corporation"/>
    <property name="sun.arch.data.model" value="64"/>
    <property name="sun.font.fontmanager" value="sun.font.CFontManager"/>
    <property name="java.vendor.url" value="https://openjdk.java.net/"/>
    <property name="user.timezone" value="Asia/Shanghai"/>
    <property name="java.vm.specification.version" value="11"/>
    <property name="os.name" value="Mac OS X"/>
    <property name="sun.java.launcher" value="SUN_STANDARD"/>
    <property name="user.country" value="CN"/>
    <property name="sun.boot.library.path" value="/Library/Java/JavaVirtualMachines/jdk-11.jdk/Contents/Home/lib"/>
    <property name="sun.java.command" value="/Volumes/gai/tutorials/wechat-combat/app/target/surefire/surefirebooter-20230528091526276_3.jar /Volumes/gai/tutorials/wechat-combat/app/target/surefire 2023-05-28T09-15-26_105-jvmRun1 surefire-20230528091526276_1tmp surefire_0-20230528091526276_2tmp"/>
    <property name="jdk.debug" value="release"/>
    <property name="test" value="top.testeru.SuiteTest"/>
    <property name="surefire.test.class.path" value="/Volumes/gai/tutorials/wechat-combat/app/target/test-classes:/Volumes/gai/tutorials/wechat-combat/app/target/classes:/Users/gaigai/.m2/repository/org/junit/jupiter/junit-jupiter/5.9.2/junit-jupiter-5.9.2.jar:/Users/gaigai/.m2/repository/org/junit/jupiter/junit-jupiter-api/5.9.2/junit-jupiter-api-5.9.2.jar:/Users/gaigai/.m2/repository/org/opentest4j/opentest4j/1.2.0/opentest4j-1.2.0.jar:/Users/gaigai/.m2/repository/org/junit/platform/junit-platform-commons/1.9.2/junit-platform-commons-1.9.2.jar:/Users/gaigai/.m2/repository/org/junit/jupiter/junit-jupiter-params/5.9.2/junit-jupiter-params-5.9.2.jar:/Users/gaigai/.m2/repository/org/junit/jupiter/junit-jupiter-engine/5.9.2/junit-jupiter-engine-5.9.2.jar:/Users/gaigai/.m2/repository/org/junit/platform/junit-platform-suite/1.9.2/junit-platform-suite-1.9.2.jar:/Users/gaigai/.m2/repository/org/junit/platform/junit-platform-suite-api/1.9.2/junit-platform-suite-api-1.9.2.jar:/Users/gaigai/.m2/repository/org/junit/platform/junit-platform-suite-engine/1.9.2/junit-platform-suite-engine-1.9.2.jar:/Users/gaigai/.m2/repository/org/junit/platform/junit-platform-suite-commons/1.9.2/junit-platform-suite-commons-1.9.2.jar:/Users/gaigai/.m2/repository/org/junit/vintage/junit-vintage-engine/5.9.2/junit-vintage-engine-5.9.2.jar:/Users/gaigai/.m2/repository/org/junit/platform/junit-platform-engine/1.9.2/junit-platform-engine-1.9.2.jar:/Users/gaigai/.m2/repository/junit/junit/4.13.2/junit-4.13.2.jar:/Users/gaigai/.m2/repository/org/apiguardian/apiguardian-api/1.1.2/apiguardian-api-1.1.2.jar:/Users/gaigai/.m2/repository/org/hamcrest/hamcrest/2.2/hamcrest-2.2.jar:/Users/gaigai/.m2/repository/org/hamcrest/hamcrest-core/2.2/hamcrest-core-2.2.jar:/Users/gaigai/.m2/repository/io/qameta/allure/allure-junit5/2.21.0/allure-junit5-2.21.0.jar:/Users/gaigai/.m2/repository/io/qameta/allure/allure-junit-platform/2.21.0/allure-junit-platform-2.21.0.jar:/Users/gaigai/.m2/repository/io/qameta/allure/allure-java-commons/2.21.0/allure-java-commons-2.21.0.jar:/Users/gaigai/.m2/repository/io/qameta/allure/allure-model/2.21.0/allure-model-2.21.0.jar:/Users/gaigai/.m2/repository/io/qameta/allure/allure-test-filter/2.21.0/allure-test-filter-2.21.0.jar:/Users/gaigai/.m2/repository/org/junit/platform/junit-platform-launcher/1.9.2/junit-platform-launcher-1.9.2.jar:/Users/gaigai/.m2/repository/org/aspectj/aspectjweaver/1.9.19/aspectjweaver-1.9.19.jar:/Users/gaigai/.m2/repository/com/fasterxml/jackson/core/jackson-databind/2.13.1/jackson-databind-2.13.1.jar:/Users/gaigai/.m2/repository/com/fasterxml/jackson/core/jackson-annotations/2.13.1/jackson-annotations-2.13.1.jar:/Users/gaigai/.m2/repository/com/fasterxml/jackson/core/jackson-core/2.13.1/jackson-core-2.13.1.jar:/Users/gaigai/.m2/repository/com/fasterxml/jackson/dataformat/jackson-dataformat-yaml/2.13.1/jackson-dataformat-yaml-2.13.1.jar:/Users/gaigai/.m2/repository/org/yaml/snakeyaml/1.28/snakeyaml-1.28.jar:/Users/gaigai/.m2/repository/org/slf4j/slf4j-api/2.0.7/slf4j-api-2.0.7.jar:/Users/gaigai/.m2/repository/ch/qos/logback/logback-classic/1.4.6/logback-classic-1.4.6.jar:/Users/gaigai/.m2/repository/ch/qos/logback/logback-core/1.4.6/logback-core-1.4.6.jar:/Users/gaigai/.m2/repository/com/apifan/common/common-random/1.0.18/common-random-1.0.18.jar:/Users/gaigai/.m2/repository/org/apache/commons/commons-lang3/3.12.0/commons-lang3-3.12.0.jar:/Users/gaigai/.m2/repository/org/apache/commons/commons-collections4/4.4/commons-collections4-4.4.jar:/Users/gaigai/.m2/repository/commons-io/commons-io/2.7/commons-io-2.7.jar:/Users/gaigai/.m2/repository/com/google/guava/guava/31.1-jre/guava-31.1-jre.jar:/Users/gaigai/.m2/repository/com/google/guava/failureaccess/1.0.1/failureaccess-1.0.1.jar:/Users/gaigai/.m2/repository/com/google/guava/listenablefuture/9999.0-empty-to-avoid-conflict-with-guava/listenablefuture-9999.0-empty-to-avoid-conflict-with-guava.jar:/Users/gaigai/.m2/repository/com/google/code/findbugs/jsr305/3.0.2/jsr305-3.0.2.jar:/Users/gaigai/.m2/repository/org/checkerframework/checker-qual/3.12.0/checker-qual-3.12.0.jar:/Users/gaigai/.m2/repository/com/google/errorprone/error_prone_annotations/2.11.0/error_prone_annotations-2.11.0.jar:/Users/gaigai/.m2/repository/com/google/j2objc/j2objc-annotations/1.3/j2objc-annotations-1.3.jar:/Users/gaigai/.m2/repository/com/github/javafaker/javafaker/1.0.2/javafaker-1.0.2.jar:/Users/gaigai/.m2/repository/org/yaml/snakeyaml/1.23/snakeyaml-1.23-android.jar:/Users/gaigai/.m2/repository/com/github/mifmif/generex/1.0.2/generex-1.0.2.jar:/Users/gaigai/.m2/repository/dk/brics/automaton/automaton/1.11-8/automaton-1.11-8.jar:/Users/gaigai/.m2/repository/io/appium/java-client/8.4.0/java-client-8.4.0.jar:/Users/gaigai/.m2/repository/org/seleniumhq/selenium/selenium-api/4.9.1/selenium-api-4.9.1.jar:/Users/gaigai/.m2/repository/org/seleniumhq/selenium/selenium-remote-driver/4.9.1/selenium-remote-driver-4.9.1.jar:/Users/gaigai/.m2/repository/com/beust/jcommander/1.82/jcommander-1.82.jar:/Users/gaigai/.m2/repository/com/google/auto/service/auto-service-annotations/1.0.1/auto-service-annotations-1.0.1.jar:/Users/gaigai/.m2/repository/com/google/auto/service/auto-service/1.0.1/auto-service-1.0.1.jar:/Users/gaigai/.m2/repository/com/google/auto/auto-common/1.2/auto-common-1.2.jar:/Users/gaigai/.m2/repository/io/netty/netty-buffer/4.1.91.Final/netty-buffer-4.1.91.Final.jar:/Users/gaigai/.m2/repository/io/netty/netty-codec-http/4.1.91.Final/netty-codec-http-4.1.91.Final.jar:/Users/gaigai/.m2/repository/io/netty/netty-codec/4.1.91.Final/netty-codec-4.1.91.Final.jar:/Users/gaigai/.m2/repository/io/netty/netty-handler/4.1.91.Final/netty-handler-4.1.91.Final.jar:/Users/gaigai/.m2/repository/io/netty/netty-common/4.1.91.Final/netty-common-4.1.91.Final.jar:/Users/gaigai/.m2/repository/io/netty/netty-transport-classes-epoll/4.1.91.Final/netty-transport-classes-epoll-4.1.91.Final.jar:/Users/gaigai/.m2/repository/io/netty/netty-transport-classes-kqueue/4.1.91.Final/netty-transport-classes-kqueue-4.1.91.Final.jar:/Users/gaigai/.m2/repository/io/netty/netty-transport-native-epoll/4.1.91.Final/netty-transport-native-epoll-4.1.91.Final.jar:/Users/gaigai/.m2/repository/io/netty/netty-transport-native-kqueue/4.1.91.Final/netty-transport-native-kqueue-4.1.91.Final.jar:/Users/gaigai/.m2/repository/io/netty/netty-transport-native-unix-common/4.1.91.Final/netty-transport-native-unix-common-4.1.91.Final.jar:/Users/gaigai/.m2/repository/io/netty/netty-transport/4.1.91.Final/netty-transport-4.1.91.Final.jar:/Users/gaigai/.m2/repository/io/netty/netty-resolver/4.1.91.Final/netty-resolver-4.1.91.Final.jar:/Users/gaigai/.m2/repository/io/opentelemetry/opentelemetry-api/1.25.0/opentelemetry-api-1.25.0.jar:/Users/gaigai/.m2/repository/io/opentelemetry/opentelemetry-context/1.25.0/opentelemetry-context-1.25.0.jar:/Users/gaigai/.m2/repository/io/opentelemetry/opentelemetry-exporter-logging/1.25.0/opentelemetry-exporter-logging-1.25.0.jar:/Users/gaigai/.m2/repository/io/opentelemetry/opentelemetry-sdk-metrics/1.25.0/opentelemetry-sdk-metrics-1.25.0.jar:/Users/gaigai/.m2/repository/io/opentelemetry/opentelemetry-sdk-logs/1.25.0-alpha/opentelemetry-sdk-logs-1.25.0-alpha.jar:/Users/gaigai/.m2/repository/io/opentelemetry/opentelemetry-api-logs/1.25.0-alpha/opentelemetry-api-logs-1.25.0-alpha.jar:/Users/gaigai/.m2/repository/io/opentelemetry/opentelemetry-api-events/1.25.0-alpha/opentelemetry-api-events-1.25.0-alpha.jar:/Users/gaigai/.m2/repository/io/opentelemetry/opentelemetry-sdk-common/1.25.0/opentelemetry-sdk-common-1.25.0.jar:/Users/gaigai/.m2/repository/io/opentelemetry/opentelemetry-sdk-extension-autoconfigure-spi/1.25.0/opentelemetry-sdk-extension-autoconfigure-spi-1.25.0.jar:/Users/gaigai/.m2/repository/io/opentelemetry/opentelemetry-sdk-extension-autoconfigure/1.25.0-alpha/opentelemetry-sdk-extension-autoconfigure-1.25.0-alpha.jar:/Users/gaigai/.m2/repository/io/opentelemetry/opentelemetry-sdk-trace/1.25.0/opentelemetry-sdk-trace-1.25.0.jar:/Users/gaigai/.m2/repository/io/opentelemetry/opentelemetry-sdk/1.25.0/opentelemetry-sdk-1.25.0.jar:/Users/gaigai/.m2/repository/io/opentelemetry/opentelemetry-semconv/1.25.0-alpha/opentelemetry-semconv-1.25.0-alpha.jar:/Users/gaigai/.m2/repository/io/ous/jtoml/2.0.0/jtoml-2.0.0.jar:/Users/gaigai/.m2/repository/net/bytebuddy/byte-buddy/1.14.4/byte-buddy-1.14.4.jar:/Users/gaigai/.m2/repository/org/apache/commons/commons-exec/1.3/commons-exec-1.3.jar:/Users/gaigai/.m2/repository/org/asynchttpclient/async-http-client/2.12.3/async-http-client-2.12.3.jar:/Users/gaigai/.m2/repository/org/asynchttpclient/async-http-client-netty-utils/2.12.3/async-http-client-netty-utils-2.12.3.jar:/Users/gaigai/.m2/repository/io/netty/netty-codec-socks/4.1.60.Final/netty-codec-socks-4.1.60.Final.jar:/Users/gaigai/.m2/repository/io/netty/netty-handler-proxy/4.1.60.Final/netty-handler-proxy-4.1.60.Final.jar:/Users/gaigai/.m2/repository/io/netty/netty-transport-native-epoll/4.1.60.Final/netty-transport-native-epoll-4.1.60.Final-linux-x86_64.jar:/Users/gaigai/.m2/repository/io/netty/netty-transport-native-kqueue/4.1.60.Final/netty-transport-native-kqueue-4.1.60.Final-osx-x86_64.jar:/Users/gaigai/.m2/repository/org/reactivestreams/reactive-streams/1.0.3/reactive-streams-1.0.3.jar:/Users/gaigai/.m2/repository/com/typesafe/netty/netty-reactive-streams/2.0.4/netty-reactive-streams-2.0.4.jar:/Users/gaigai/.m2/repository/com/sun/activation/jakarta.activation/1.2.2/jakarta.activation-1.2.2.jar:/Users/gaigai/.m2/repository/org/seleniumhq/selenium/selenium-http/4.9.1/selenium-http-4.9.1.jar:/Users/gaigai/.m2/repository/dev/failsafe/failsafe/3.3.1/failsafe-3.3.1.jar:/Users/gaigai/.m2/repository/org/seleniumhq/selenium/selenium-json/4.9.1/selenium-json-4.9.1.jar:/Users/gaigai/.m2/repository/org/seleniumhq/selenium/selenium-manager/4.9.1/selenium-manager-4.9.1.jar:/Users/gaigai/.m2/repository/org/seleniumhq/selenium/selenium-support/4.9.1/selenium-support-4.9.1.jar:/Users/gaigai/.m2/repository/com/google/code/gson/gson/2.10.1/gson-2.10.1.jar:/Users/gaigai/.m2/repository/cglib/cglib/3.3.0/cglib-3.3.0.jar:/Users/gaigai/.m2/repository/org/ow2/asm/asm/7.1/asm-7.1.jar:/Users/gaigai/.m2/repository/commons-validator/commons-validator/1.7/commons-validator-1.7.jar:/Users/gaigai/.m2/repository/commons-beanutils/commons-beanutils/1.9.4/commons-beanutils-1.9.4.jar:/Users/gaigai/.m2/repository/commons-digester/commons-digester/2.1/commons-digester-2.1.jar:/Users/gaigai/.m2/repository/commons-logging/commons-logging/1.2/commons-logging-1.2.jar:/Users/gaigai/.m2/repository/commons-collections/commons-collections/3.2.2/commons-collections-3.2.2.jar:/Users/gaigai/.m2/repository/org/seleniumhq/selenium/selenium-java/4.9.1/selenium-java-4.9.1.jar:/Users/gaigai/.m2/repository/org/seleniumhq/selenium/selenium-chrome-driver/4.9.1/selenium-chrome-driver-4.9.1.jar:/Users/gaigai/.m2/repository/org/seleniumhq/selenium/selenium-chromium-driver/4.9.1/selenium-chromium-driver-4.9.1.jar:/Users/gaigai/.m2/repository/org/seleniumhq/selenium/selenium-devtools-v111/4.9.1/selenium-devtools-v111-4.9.1.jar:/Users/gaigai/.m2/repository/org/seleniumhq/selenium/selenium-devtools-v112/4.9.1/selenium-devtools-v112-4.9.1.jar:/Users/gaigai/.m2/repository/org/seleniumhq/selenium/selenium-devtools-v113/4.9.1/selenium-devtools-v113-4.9.1.jar:/Users/gaigai/.m2/repository/org/seleniumhq/selenium/selenium-devtools-v85/4.9.1/selenium-devtools-v85-4.9.1.jar:/Users/gaigai/.m2/repository/org/seleniumhq/selenium/selenium-edge-driver/4.9.1/selenium-edge-driver-4.9.1.jar:/Users/gaigai/.m2/repository/org/seleniumhq/selenium/selenium-firefox-driver/4.9.1/selenium-firefox-driver-4.9.1.jar:/Users/gaigai/.m2/repository/org/seleniumhq/selenium/selenium-ie-driver/4.9.1/selenium-ie-driver-4.9.1.jar:/Users/gaigai/.m2/repository/org/seleniumhq/selenium/selenium-safari-driver/4.9.1/selenium-safari-driver-4.9.1.jar:"/>
    <property name="sun.cpu.endian" value="little"/>
    <property name="user.home" value="/Users/gaigai"/>
    <property name="user.language" value="zh"/>
    <property name="java.specification.vendor" value="Oracle Corporation"/>
    <property name="java.version.date" value="2023-01-17"/>
    <property name="java.home" value="/Library/Java/JavaVirtualMachines/jdk-11.jdk/Contents/Home"/>
    <property name="file.separator" value="/"/>
    <property name="https.proxyHost" value="127.0.0.1"/>
    <property name="basedir" value="/Volumes/gai/tutorials/wechat-combat/app"/>
    <property name="java.vm.compressedOopsMode" value="Zero based"/>
    <property name="line.separator" value="&#10;"/>
    <property name="java.specification.name" value="Java Platform API Specification"/>
    <property name="java.vm.specification.vendor" value="Oracle Corporation"/>
    <property name="java.awt.graphicsenv" value="sun.awt.CGraphicsEnvironment"/>
    <property name="surefire.real.class.path" value="/Volumes/gai/tutorials/wechat-combat/app/target/surefire/surefirebooter-20230528091526276_3.jar"/>
    <property name="user.script" value="Hans"/>
    <property name="sun.management.compiler" value="HotSpot 64-Bit Tiered Compilers"/>
    <property name="java.runtime.version" value="11.0.18+9-LTS-195"/>
    <property name="user.name" value="gaigai"/>
    <property name="path.separator" value=":"/>
    <property name="os.version" value="13.3.1"/>
    <property name="java.runtime.name" value="Java(TM) SE Runtime Environment"/>
    <property name="file.encoding" value="UTF-8"/>
    <property name="java.vm.name" value="Java HotSpot(TM) 64-Bit Server VM"/>
    <property name="java.vendor.version" value="18.9"/>
    <property name="localRepository" value="/Users/gaigai/.m2/repository"/>
    <property name="java.vendor.url.bug" value="https://bugreport.java.com/bugreport/"/>
    <property name="java.io.tmpdir" value="/var/folders/8y/9vh89v8j3hv3g7mxg544fhb40000gn/T/"/>
    <property name="java.version" value="11.0.18"/>
    <property name="user.dir" value="/Volumes/gai/tutorials/wechat-combat/app"/>
    <property name="os.arch" value="aarch64"/>
    <property name="socksProxyPort" value="33211"/>
    <property name="java.vm.specification.name" value="Java Virtual Machine Specification"/>
    <property name="java.awt.printerjob" value="sun.lwawt.macosx.CPrinterJob"/>
    <property name="sun.os.patch.level" value="unknown"/>
    <property name="java.library.path" value="/Users/gaigai/Library/Java/Extensions:/Library/Java/Extensions:/Network/Library/Java/Extensions:/System/Library/Java/Extensions:/usr/lib/java:."/>
    <property name="java.vendor" value="Oracle Corporation"/>
    <property name="java.vm.info" value="mixed mode"/>
    <property name="java.vm.version" value="11.0.18+9-LTS-195"/>
    <property name="sun.io.unicode.encoding" value="UnicodeBig"/>
    <property name="java.class.version" value="55.0"/>
    <property name="http.proxyPort" value="33210"/>
  </properties>
  <testcase name="daka" classname="top.testeru.member.MemberDakaTest" time="58.837">
    <system-out><![CDATA[[debug] &amp#27;[35m[HTTP]&amp#27;[39m Request idempotency key: c3f8a2a5-d400-40ba-bf00-305e40e35dd4
&amp#27;[35m[HTTP]&amp#27;[39m &amp#27;[37m-->&amp#27;[39m &amp#27;[37mPOST&amp#27;[39m &amp#27;[37m/wd/hub/session&amp#27;[39m
&amp#27;[35m[HTTP]&amp#27;[39m &amp#27;[90m{"capabilities":{"firstMatch":[{}],"alwaysMatch":{"appium:appActivity":".launch.LaunchSplashActivity","appium:appPackage":"com.tencent.wework","appium:autoGrantPermissions":true,"appium:automationName":"UiAutomator2","appium:deviceName":"8c5f5f92","appium:newCommandTimeout":300000,"appium:noReset":true,"appium:platformVersion":"13.0.0","appium:printPageSourceOnFindFailure":true,"appium:udid":"8c5f5f92","platformName":"ANDROID"}}}&amp#27;[39m
[debug] &amp#27;[35m[W3C]&amp#27;[39m Calling AppiumDriver.createSession() with args: [null,null,{"firstMatch":[{}],"alwaysMatch":{"appium:appActivity":".launch.LaunchSplashActivity","appium:appPackage":"com.tencent.wework","appium:autoGrantPermissions":true,"appium:automationName":"UiAutomator2","appium:deviceName":"8c5f5f92","appium:newCommandTimeout":300000,"appium:noReset":true,"appium:platformVersion":"13.0.0","appium:printPageSourceOnFindFailure":true,"appium:udid":"8c5f5f92","platformName":"ANDROID"}}]
[debug] &amp#27;[35m[BaseDriver]&amp#27;[39m Event 'newSessionRequested' logged at 1685236633139 (09:17:13 GMT+0800 (China Standard Time))
&amp#27;[35m[Appium]&amp#27;[39m Appium v1.22.3 creating new AndroidUiautomator2Driver (v1.70.1) session
[debug] &amp#27;[35m[BaseDriver]&amp#27;[39m Creating session with W3C capabilities: {
[debug] &amp#27;[35m[BaseDriver]&amp#27;[39m   "alwaysMatch": {
[debug] &amp#27;[35m[BaseDriver]&amp#27;[39m     "platformName": "ANDROID",
[debug] &amp#27;[35m[BaseDriver]&amp#27;[39m     "appium:appActivity": ".launch.LaunchSplashActivity",
[debug] &amp#27;[35m[BaseDriver]&amp#27;[39m     "appium:appPackage": "com.tencent.wework",
[debug] &amp#27;[35m[BaseDriver]&amp#27;[39m     "appium:autoGrantPermissions": true,
[debug] &amp#27;[35m[BaseDriver]&amp#27;[39m     "appium:automationName": "UiAutomator2",
[debug] &amp#27;[35m[BaseDriver]&amp#27;[39m     "appium:deviceName": "8c5f5f92",
[debug] &amp#27;[35m[BaseDriver]&amp#27;[39m     "appium:newCommandTimeout": 300000,
[debug] &amp#27;[35m[BaseDriver]&amp#27;[39m     "appium:noReset": true,
[debug] &amp#27;[35m[BaseDriver]&amp#27;[39m     "appium:platformVersion": "13.0.0",
[debug] &amp#27;[35m[BaseDriver]&amp#27;[39m     "appium:printPageSourceOnFindFailure": true,
[debug] &amp#27;[35m[BaseDriver]&amp#27;[39m     "appium:udid": "8c5f5f92"
[debug] &amp#27;[35m[BaseDriver]&amp#27;[39m   },
[debug] &amp#27;[35m[BaseDriver]&amp#27;[39m   "firstMatch": [
[debug] &amp#27;[35m[BaseDriver]&amp#27;[39m     {}
[debug] &amp#27;[35m[BaseDriver]&amp#27;[39m   ]
[debug] &amp#27;[35m[BaseDriver]&amp#27;[39m }
&amp#27;[35m[BaseDriver]&amp#27;[39m Session created with session id: e26f0de1-bd1c-40d9-8b93-9fcbb6e07b12
&amp#27;[35m[UiAutomator2]&amp#27;[39m Starting 'com.tencent.wework' directly on the device
&amp#27;[35m[ADB]&amp#27;[39m Using 'adb' from '/Users/gaigai/Library/Android/sdk/platform-tools/adb'
[debug] &amp#27;[35m[ADB]&amp#27;[39m Running '/Users/gaigai/Library/Android/sdk/platform-tools/adb -P 5037 start-server'
&amp#27;[35m[AndroidDriver]&amp#27;[39m Retrieving device list
[debug] &amp#27;[35m[ADB]&amp#27;[39m Trying to find a connected android device
[debug] &amp#27;[35m[ADB]&amp#27;[39m Getting connected devices
[debug] &amp#27;[35m[ADB]&amp#27;[39m Connected devices: [{"udid":"8c5f5f92","state":"device"}]
&amp#27;[35m[AndroidDriver]&amp#27;[39m Using device: 8c5f5f92
&amp#27;[35m[ADB]&amp#27;[39m Using 'adb' from '/Users/gaigai/Library/Android/sdk/platform-tools/adb'
[debug] &amp#27;[35m[ADB]&amp#27;[39m Running '/Users/gaigai/Library/Android/sdk/platform-tools/adb -P 5037 start-server'
[debug] &amp#27;[35m[ADB]&amp#27;[39m Setting device id to 8c5f5f92
[debug] &amp#27;[35m[ADB]&amp#27;[39m Running '/Users/gaigai/Library/Android/sdk/platform-tools/adb -P 5037 -s 8c5f5f92 shell getprop ro.build.version.sdk'
[debug] &amp#27;[35m[ADB]&amp#27;[39m Current device property 'ro.build.version.sdk': 33
&amp#27;[35m[ADB]&amp#27;[39m Getting device platform version
[debug] &amp#27;[35m[ADB]&amp#27;[39m Running '/Users/gaigai/Library/Android/sdk/platform-tools/adb -P 5037 -s 8c5f5f92 shell getprop ro.build.version.release'
[debug] &amp#27;[35m[ADB]&amp#27;[39m Current device property 'ro.build.version.release': 13
[debug] &amp#27;[35m[ADB]&amp#27;[39m Device API level: 33
&amp#27;[35m[UiAutomator2]&amp#27;[39m Relaxing hidden api policy
[debug] &amp#27;[35m[ADB]&amp#27;[39m Running '/Users/gaigai/Library/Android/sdk/platform-tools/adb -P 5037 -s 8c5f5f92 shell 'settings put global hidden_api_policy_pre_p_apps 1;settings put global hidden_api_policy_p_apps 1;settings put global hidden_api_policy 1''
&amp#27;[35m[AndroidDriver]&amp#27;[39m No app sent in, not parsing package/activity
[debug] &amp#27;[35m[ADB]&amp#27;[39m Running '/Users/gaigai/Library/Android/sdk/platform-tools/adb -P 5037 -s 8c5f5f92 wait-for-device'
[debug] &amp#27;[35m[ADB]&amp#27;[39m Running '/Users/gaigai/Library/Android/sdk/platform-tools/adb -P 5037 -s 8c5f5f92 shell echo ping'
[debug] &amp#27;[35m[AndroidDriver]&amp#27;[39m Pushing settings apk to device...
[debug] &amp#27;[35m[ADB]&amp#27;[39m Getting install status for io.appium.settings
[debug] &amp#27;[35m[ADB]&amp#27;[39m Running '/Users/gaigai/Library/Android/sdk/platform-tools/adb -P 5037 -s 8c5f5f92 shell dumpsys package io.appium.settings'
[debug] &amp#27;[35m[ADB]&amp#27;[39m 'io.appium.settings' is installed
[debug] &amp#27;[35m[ADB]&amp#27;[39m Getting package info for 'io.appium.settings'
[debug] &amp#27;[35m[ADB]&amp#27;[39m Running '/Users/gaigai/Library/Android/sdk/platform-tools/adb -P 5037 -s 8c5f5f92 shell dumpsys package io.appium.settings'
[debug] &amp#27;[35m[ADB]&amp#27;[39m The version name of the installed 'io.appium.settings' is greater or equal to the application version name ('3.4.0' >= '3.4.0')
[debug] &amp#27;[35m[ADB]&amp#27;[39m There is no need to install/upgrade '/opt/homebrew/lib/node_modules/appium/node_modules/io.appium.settings/apks/settings_apk-debug.apk'
[debug] &amp#27;[35m[ADB]&amp#27;[39m Getting IDs of all 'io.appium.settings' processes
[debug] &amp#27;[35m[ADB]&amp#27;[39m Running '/Users/gaigai/Library/Android/sdk/platform-tools/adb -P 5037 -s 8c5f5f92 shell 'pgrep --help; echo $?''
[debug] &amp#27;[35m[ADB]&amp#27;[39m Running '/Users/gaigai/Library/Android/sdk/platform-tools/adb -P 5037 -s 8c5f5f92 shell pgrep -f \(\[\[:blank:\]\]\|\^\)io\.appium\.settings\(\[\[:blank:\]\]\|\$\)'
[debug] &amp#27;[35m[AndroidDriver]&amp#27;[39m io.appium.settings is already running. There is no need to reset its permissions.
[debug] &amp#27;[35m[ADB]&amp#27;[39m Running '/Users/gaigai/Library/Android/sdk/platform-tools/adb -P 5037 -s 8c5f5f92 shell appops set io.appium.settings android:mock_location allow'
[debug] &amp#27;[35m[Logcat]&amp#27;[39m Starting logs capture with command: /Users/gaigai/Library/Android/sdk/platform-tools/adb -P 5037 -s 8c5f5f92 logcat -v threadtime
[debug] &amp#27;[35m[UiAutomator2]&amp#27;[39m Forwarding UiAutomator2 Server port 6790 to local port 8201
[debug] &amp#27;[35m[ADB]&amp#27;[39m Forwarding system: 8201 to device: 6790
[debug] &amp#27;[35m[ADB]&amp#27;[39m Running '/Users/gaigai/Library/Android/sdk/platform-tools/adb -P 5037 -s 8c5f5f92 forward tcp:8201 tcp:6790'
[debug] &amp#27;[35m[ADB]&amp#27;[39m Getting install status for io.appium.uiautomator2.server
[debug] &amp#27;[35m[ADB]&amp#27;[39m Running '/Users/gaigai/Library/Android/sdk/platform-tools/adb -P 5037 -s 8c5f5f92 shell dumpsys package io.appium.uiautomator2.server'
[debug] &amp#27;[35m[ADB]&amp#27;[39m 'io.appium.uiautomator2.server' is installed
[debug] &amp#27;[35m[ADB]&amp#27;[39m Getting package info for 'io.appium.uiautomator2.server'
[debug] &amp#27;[35m[ADB]&amp#27;[39m Running '/Users/gaigai/Library/Android/sdk/platform-tools/adb -P 5037 -s 8c5f5f92 shell dumpsys package io.appium.uiautomator2.server'
[debug] &amp#27;[35m[ADB]&amp#27;[39m The version name of the installed 'io.appium.uiautomator2.server' is greater or equal to the application version name ('4.27.0' >= '4.27.0')
[debug] &amp#27;[35m[UiAutomator2]&amp#27;[39m io.appium.uiautomator2.server installation state: sameVersionInstalled
[debug] &amp#27;[35m[ADB]&amp#27;[39m Checking app cert for /opt/homebrew/lib/node_modules/appium/node_modules/appium-uiautomator2-server/apks/appium-uiautomator2-server-v4.27.0.apk
[debug] &amp#27;[35m[ADB]&amp#27;[39m Using the previously cached signature entry for 'appium-uiautomator2-server-v4.27.0.apk'
[debug] &amp#27;[35m[ADB]&amp#27;[39m sha256 hash did match for 'appium-uiautomator2-server-v4.27.0.apk'
[debug] &amp#27;[35m[ADB]&amp#27;[39m Getting install status for io.appium.uiautomator2.server.test
[debug] &amp#27;[35m[ADB]&amp#27;[39m Running '/Users/gaigai/Library/Android/sdk/platform-tools/adb -P 5037 -s 8c5f5f92 shell dumpsys package io.appium.uiautomator2.server.test'
[debug] &amp#27;[35m[ADB]&amp#27;[39m 'io.appium.uiautomator2.server.test' is installed
[debug] &amp#27;[35m[ADB]&amp#27;[39m Checking app cert for /opt/homebrew/lib/node_modules/appium/node_modules/appium-uiautomator2-server/apks/appium-uiautomator2-server-debug-androidTest.apk
[debug] &amp#27;[35m[ADB]&amp#27;[39m Using the previously cached signature entry for 'appium-uiautomator2-server-debug-androidTest.apk'
[debug] &amp#27;[35m[ADB]&amp#27;[39m sha256 hash did match for 'appium-uiautomator2-server-debug-androidTest.apk'
&amp#27;[35m[UiAutomator2]&amp#27;[39m Server packages are not going to be (re)installed
[debug] &amp#27;[35m[UiAutomator2]&amp#27;[39m Waiting up to 30000ms for services to be available
[debug] &amp#27;[35m[ADB]&amp#27;[39m Running '/Users/gaigai/Library/Android/sdk/platform-tools/adb -P 5037 -s 8c5f5f92 shell pm list instrumentation'
[debug] &amp#27;[35m[UiAutomator2]&amp#27;[39m Instrumentation target 'io.appium.uiautomator2.server.test/androidx.test.runner.AndroidJUnitRunner' is available
&amp#27;[35m[ADB]&amp#27;[39m Adding packages ["io.appium.settings","io.appium.uiautomator2.server","io.appium.uiautomator2.server.test"] to Doze whitelist
[debug] &amp#27;[35m[ADB]&amp#27;[39m Got the following command chunks to execute: [["dumpsys","deviceidle","whitelist","+io.appium.settings",";","dumpsys","deviceidle","whitelist","+io.appium.uiautomator2.server",";","dumpsys","deviceidle","whitelist","+io.appium.uiautomator2.server.test",";"]]
[debug] &amp#27;[35m[ADB]&amp#27;[39m Running '/Users/gaigai/Library/Android/sdk/platform-tools/adb -P 5037 -s 8c5f5f92 shell dumpsys deviceidle whitelist +io.appium.settings ; dumpsys deviceidle whitelist +io.appium.uiautomator2.server ; dumpsys deviceidle whitelist +io.appium.uiautomator2.server.test ;'
[debug] &amp#27;[35m[UiAutomator2]&amp#27;[39m No app capability. Assuming it is already on the device
[debug] &amp#27;[35m[UiAutomator2]&amp#27;[39m Performing shallow cleanup of automation leftovers
[debug] &amp#27;[35m[UiAutomator2]&amp#27;[39m The following obsolete sessions are still running: ["2e74e7b9-85a6-478f-8ae2-621a49ed711a"]
[debug] &amp#27;[35m[UiAutomator2]&amp#27;[39m Cleaning up 1 obsolete session
[debug] &amp#27;[35m[Instrumentation]&amp#27;[39m .
[debug] &amp#27;[35m[Instrumentation]&amp#27;[39m Time: 99.053
[debug] &amp#27;[35m[Instrumentation]&amp#27;[39m 
[debug] &amp#27;[35m[Instrumentation]&amp#27;[39m OK (1 test)
[debug] &amp#27;[35m[Instrumentation]&amp#27;[39m The process has exited with code 0
[debug] &amp#27;[35m[ADB]&amp#27;[39m Running '/Users/gaigai/Library/Android/sdk/platform-tools/adb -P 5037 -s 8c5f5f92 shell am force-stop io.appium.uiautomator2.server.test'
&amp#27;[35m[UiAutomator2]&amp#27;[39m Starting UIAutomator2 server 4.27.0
&amp#27;[35m[UiAutomator2]&amp#27;[39m Using UIAutomator2 server from '/opt/homebrew/lib/node_modules/appium/node_modules/appium-uiautomator2-server/apks/appium-uiautomator2-server-v4.27.0.apk' and test from '/opt/homebrew/lib/node_modules/appium/node_modules/appium-uiautomator2-server/apks/appium-uiautomator2-server-debug-androidTest.apk'
&amp#27;[35m[UiAutomator2]&amp#27;[39m Waiting up to 30000ms for UiAutomator2 to be online...
[debug] &amp#27;[35m[ADB]&amp#27;[39m Creating ADB subprocess with args: ["-P",5037,"-s","8c5f5f92","shell","am","instrument","-w","-e","disableAnalytics",true,"io.appium.uiautomator2.server.test/androidx.test.runner.AndroidJUnitRunner"]
[debug] &amp#27;[35m[WD Proxy]&amp#27;[39m Matched '/status' to command name 'getStatus'
[debug] &amp#27;[35m[WD Proxy]&amp#27;[39m Proxying [GET /status] to [GET http://127.0.0.1:8201/wd/hub/status] with no body
&amp#27;[35m[WD Proxy]&amp#27;[39m socket hang up
[debug] &amp#27;[35m[Instrumentation]&amp#27;[39m io.appium.uiautomator2.server.test.AppiumUiAutomator2Server:
[debug] &amp#27;[35m[WD Proxy]&amp#27;[39m Matched '/status' to command name 'getStatus'
[debug] &amp#27;[35m[WD Proxy]&amp#27;[39m Proxying [GET /status] to [GET http://127.0.0.1:8201/wd/hub/status] with no body
&amp#27;[35m[WD Proxy]&amp#27;[39m socket hang up
[debug] &amp#27;[35m[WD Proxy]&amp#27;[39m Matched '/status' to command name 'getStatus'
[debug] &amp#27;[35m[WD Proxy]&amp#27;[39m Proxying [GET /status] to [GET http://127.0.0.1:8201/wd/hub/status] with no body
[debug] &amp#27;[35m[WD Proxy]&amp#27;[39m Got response with status 200: {"sessionId":"None","value":{"message":"UiAutomator2 Server is ready to accept commands","ready":true}}
[debug] &amp#27;[35m[UiAutomator2]&amp#27;[39m The initialization of the instrumentation process took 2035ms
[debug] &amp#27;[35m[WD Proxy]&amp#27;[39m Matched '/session' to command name 'createSession'
[debug] &amp#27;[35m[WD Proxy]&amp#27;[39m Proxying [POST /session] to [POST http://127.0.0.1:8201/wd/hub/session] with body: {"capabilities":{"firstMatch":[{"platform":"LINUX","webStorageEnabled":false,"takesScreenshot":true,"javascriptEnabled":true,"databaseEnabled":false,"networkConnectionEnabled":true,"locationContextEnabled":false,"warnings":{},"desired":{"platformName":"ANDROID","appActivity":".launch.LaunchSplashActivity","appPackage":"com.tencent.wework","autoGrantPermissions":true,"automationName":"UiAutomator2","deviceName":"8c5f5f92","newCommandTimeout":300000,"noReset":true,"platformVersion":"13.0.0","printPageSourceOnFindFailure":true,"udid":"8c5f5f92"},"platformName":"ANDROID","appActivity":".launch.LaunchSplashActivity","appPackage":"com.tencent.wework","autoGrantPermissions":true,"automationName":"UiAutomator2","deviceName":"8c5f5f92","newCommandTimeout":300000,"noReset":true,"platformVersion":"13.0.0","printPageSourceOnFindFailure":true,"udid":"8c5f5f92","deviceUDID":"8c5f5f92"}],"alwaysMatch":{}}}
[debug] &amp#27;[35m[WD Proxy]&amp#27;[39m Got response with status 200: {"sessionId":"4cb2e25a-2bc2-42cc-8dee-3bc92c52b92f","value":{"capabilities":{"firstMatch":[{"platform":"LINUX","webStorageEnabled":false,"takesScreenshot":true,"javascriptEnabled":true,"databaseEnabled":false,"networkConnectionEnabled":true,"locationContextEnabled":false,"warnings":{},"desired":{"platformName":"ANDROID","appActivity":".launch.LaunchSplashActivity","appPackage":"com.tencent.wework","autoGrantPermissions":true,"automationName":"UiAutomator2","deviceName":"8c5f5f92","newCommandTimeout":300000,"noReset":true,"platformVersion":"13.0.0","printPageSourceOnFindFailure":true,"udid":"8c5f5f92"},"platformName":"ANDROID","appActivity":".launch.LaunchSplashActivity","appPackage":"com.tencent.wework","autoGrantPermissions":true,"automationName":"UiAutomator2","deviceName":"8c5f5f92","newCommandTimeout":300000,"noReset":true,"platformVersion":"13.0.0","printPageSourceOnFindFailure":true,"udid":"8c5f5f92","deviceUDID":"8c5f5f92"}],"alwaysMatch":{}},"sessionId":"4cb2e25a-2bc2-42cc-8dee-3bc92c52b92f"}}
&amp#27;[35m[WD Proxy]&amp#27;[39m Determined the downstream protocol as 'W3C'
[debug] &amp#27;[35m[WD Proxy]&amp#27;[39m Proxying [GET /appium/device/info] to [GET http://127.0.0.1:8201/wd/hub/session/4cb2e25a-2bc2-42cc-8dee-3bc92c52b92f/appium/device/info] with no body
[debug] &amp#27;[35m[WD Proxy]&amp#27;[39m Got response with status 200: {"sessionId":"4cb2e25a-2bc2-42cc-8dee-3bc92c52b92f","value":{"androidId":"c4541127625f3cc5","apiVersion":"33","bluetooth":{"state":"ON"},"brand":"Redmi","carrierName":"中国联通","displayDensity":440,"locale":"zh_CN","manufacturer":"Xiaomi","model":"M2012K11C","networks":[{"capabilities":{"SSID":null,"linkDownBandwidthKbps":6129,"linkUpstreamBandwidthKbps":6129,"networkCapabilities":"NET_CAPABILITY_IMS,NET_CAPABILITY_NOT_METERED,NET_CAPABILITY_TRUSTED,NET_CAPABILITY_NOT_VPN,NET_CAPABILITY_VALIDATED,NET_CAPABILITY_NOT_ROAMING,NET_CAPABILITY_FOREGROUND,NET_CAPABILITY_NOT_CONGESTED,NET_CAPABILITY_NOT_SUSPENDED","signalStrength":-2147483648,"transportTypes":"TRANSPORT_CELLULAR"},"detailedState":"CONNECTED","extraInfo":"ims","isAvailable":true,"isConnected":true,"isFailover":false,"isRoaming":false,"state":"CONNECTED","subtype":20,"subtypeName":"NR","type":0,"typeName":"MOBILE"},{"capabilities":{"SSID":null,"linkDownBandwidthKbps":148550,"linkUpstreamBandwidthKbps":60000,"networkCapabilities":"NET_CAPABILITY_IMS,NET...
[debug] &amp#27;[35m[ADB]&amp#27;[39m Running '/Users/gaigai/Library/Android/sdk/platform-tools/adb -P 5037 -s 8c5f5f92 shell dumpsys window'
&amp#27;[35m[AndroidDriver]&amp#27;[39m Screen already unlocked, doing nothing
&amp#27;[35m[UiAutomator2]&amp#27;[39m Starting 'com.tencent.wework/.launch.LaunchSplashActivity and waiting for 'com.tencent.wework/.launch.LaunchSplashActivity'
[debug] &amp#27;[35m[ADB]&amp#27;[39m Running '/Users/gaigai/Library/Android/sdk/platform-tools/adb -P 5037 -s 8c5f5f92 shell am start -W -n com.tencent.wework/.launch.LaunchSplashActivity -S -a android.intent.action.MAIN -c android.intent.category.LAUNCHER -f 0x10200000'
[debug] &amp#27;[35m[WD Proxy]&amp#27;[39m Proxying [GET /appium/device/pixel_ratio] to [GET http://127.0.0.1:8201/wd/hub/session/4cb2e25a-2bc2-42cc-8dee-3bc92c52b92f/appium/device/pixel_ratio] with no body
[debug] &amp#27;[35m[WD Proxy]&amp#27;[39m Got response with status 200: {"sessionId":"4cb2e25a-2bc2-42cc-8dee-3bc92c52b92f","value":2.75}
[debug] &amp#27;[35m[WD Proxy]&amp#27;[39m Matched '/appium/device/system_bars' to command name 'getSystemBars'
[debug] &amp#27;[35m[WD Proxy]&amp#27;[39m Proxying [GET /appium/device/system_bars] to [GET http://127.0.0.1:8201/wd/hub/session/4cb2e25a-2bc2-42cc-8dee-3bc92c52b92f/appium/device/system_bars] with no body
[debug] &amp#27;[35m[WD Proxy]&amp#27;[39m Got response with status 200: {"sessionId":"4cb2e25a-2bc2-42cc-8dee-3bc92c52b92f","value":{"statusBar":80}}
[debug] &amp#27;[35m[WD Proxy]&amp#27;[39m Matched '/window/current/size' to command name 'getWindowSize'
[debug] &amp#27;[35m[WD Proxy]&amp#27;[39m Proxying [GET /window/current/size] to [GET http://127.0.0.1:8201/wd/hub/session/4cb2e25a-2bc2-42cc-8dee-3bc92c52b92f/window/current/size] with no body
[debug] &amp#27;[35m[WD Proxy]&amp#27;[39m Got response with status 200: {"sessionId":"4cb2e25a-2bc2-42cc-8dee-3bc92c52b92f","value":{"height":2276,"width":1080}}
&amp#27;[35m[Appium]&amp#27;[39m New AndroidUiautomator2Driver session created successfully, session e26f0de1-bd1c-40d9-8b93-9fcbb6e07b12 added to master session list
[debug] &amp#27;[35m[BaseDriver]&amp#27;[39m Event 'newSessionStarted' logged at 1685236638338 (09:17:18 GMT+0800 (China Standard Time))
[debug] &amp#27;[35m[W3C (e26f0de1)]&amp#27;[39m Cached the protocol value 'W3C' for the new session e26f0de1-bd1c-40d9-8b93-9fcbb6e07b12
[debug] &amp#27;[35m[W3C (e26f0de1)]&amp#27;[39m Responding to client with driver.createSession() result: {"capabilities":{"platform":"LINUX","webStorageEnabled":false,"takesScreenshot":true,"javascriptEnabled":true,"databaseEnabled":false,"networkConnectionEnabled":true,"locationContextEnabled":false,"warnings":{},"desired":{"platformName":"ANDROID","appActivity":".launch.LaunchSplashActivity","appPackage":"com.tencent.wework","autoGrantPermissions":true,"automationName":"UiAutomator2","deviceName":"8c5f5f92","newCommandTimeout":300000,"noReset":true,"platformVersion":"13.0.0","printPageSourceOnFindFailure":true,"udid":"8c5f5f92"},"platformName":"ANDROID","appActivity":".launch.LaunchSplashActivity","appPackage":"com.tencent.wework","autoGrantPermissions":true,"automationName":"UiAutomator2","deviceName":"8c5f5f92","newCommandTimeout":300000,"noReset":true,"platformVersion":"13","printPageSourceOnFindFailure":true,"udid":"8c5f5f92","deviceUDID":"8c5f5f92","deviceApiLevel":33,"deviceScreenSize":"1080x2400","deviceScreenDensity":440,"deviceModel":"M2012K11C","deviceManufacturer":"Xiaomi","pixelRatio":2.75,"stat...
&amp#27;[35m[HTTP]&amp#27;[39m &amp#27;[37m<-- POST /wd/hub/session &amp#27;[39m&amp#27;[32m200&amp#27;[39m &amp#27;[90m5201 ms - 1159&amp#27;[39m
&amp#27;[35m[HTTP]&amp#27;[39m &amp#27;[90m&amp#27;[39m
&amp#27;[35m[HTTP]&amp#27;[39m &amp#27;[37m-->&amp#27;[39m &amp#27;[37mPOST&amp#27;[39m &amp#27;[37m/wd/hub/session/e26f0de1-bd1c-40d9-8b93-9fcbb6e07b12/timeouts&amp#27;[39m
&amp#27;[35m[HTTP]&amp#27;[39m &amp#27;[90m{"implicit":20000}&amp#27;[39m
[debug] &amp#27;[35m[W3C (e26f0de1)]&amp#27;[39m Calling AppiumDriver.timeouts() with args: [null,null,null,null,20000,"e26f0de1-bd1c-40d9-8b93-9fcbb6e07b12"]
[debug] &amp#27;[35m[BaseDriver]&amp#27;[39m W3C timeout argument: {"implicit":20000}}
[debug] &amp#27;[35m[BaseDriver]&amp#27;[39m Set implicit wait to 20000ms
[debug] &amp#27;[35m[W3C (e26f0de1)]&amp#27;[39m Responding to client with driver.timeouts() result: null
&amp#27;[35m[HTTP]&amp#27;[39m &amp#27;[37m<-- POST /wd/hub/session/e26f0de1-bd1c-40d9-8b93-9fcbb6e07b12/timeouts &amp#27;[39m&amp#27;[32m200&amp#27;[39m &amp#27;[90m1 ms - 14&amp#27;[39m
&amp#27;[35m[HTTP]&amp#27;[39m &amp#27;[90m&amp#27;[39m
&amp#27;[35m[HTTP]&amp#27;[39m &amp#27;[37m-->&amp#27;[39m &amp#27;[37mPOST&amp#27;[39m &amp#27;[37m/wd/hub/session/e26f0de1-bd1c-40d9-8b93-9fcbb6e07b12/element&amp#27;[39m
&amp#27;[35m[HTTP]&amp#27;[39m &amp#27;[90m{"using":"xpath","value":"//*[@text=\"工作台\"]"}&amp#27;[39m
[debug] &amp#27;[35m[W3C (e26f0de1)]&amp#27;[39m Calling AppiumDriver.findElement() with args: ["xpath","//*[@text=\"工作台\"]","e26f0de1-bd1c-40d9-8b93-9fcbb6e07b12"]
[debug] &amp#27;[35m[BaseDriver]&amp#27;[39m Valid locator strategies for this request: xpath, id, class name, accessibility id, css selector, -android uiautomator
[debug] &amp#27;[35m[BaseDriver]&amp#27;[39m Waiting up to 20000 ms for condition
[debug] &amp#27;[35m[WD Proxy]&amp#27;[39m Matched '/element' to command name 'findElement'
[debug] &amp#27;[35m[WD Proxy]&amp#27;[39m Proxying [POST /element] to [POST http://127.0.0.1:8201/wd/hub/session/4cb2e25a-2bc2-42cc-8dee-3bc92c52b92f/element] with body: {"strategy":"xpath","selector":"//*[@text=\"工作台\"]","context":"","multiple":false}
[debug] &amp#27;[35m[WD Proxy]&amp#27;[39m Got response with status 200: {"sessionId":"4cb2e25a-2bc2-42cc-8dee-3bc92c52b92f","value":{"ELEMENT":"00000000-0000-0acb-ffff-ffff000000d2","element-6066-11e4-a52e-4f735466cecf":"00000000-0000-0acb-ffff-ffff000000d2"}}
[debug] &amp#27;[35m[W3C (e26f0de1)]&amp#27;[39m Responding to client with driver.findElement() result: {"element-6066-11e4-a52e-4f735466cecf":"00000000-0000-0acb-ffff-ffff000000d2","ELEMENT":"00000000-0000-0acb-ffff-ffff000000d2"}
&amp#27;[35m[HTTP]&amp#27;[39m &amp#27;[37m<-- POST /wd/hub/session/e26f0de1-bd1c-40d9-8b93-9fcbb6e07b12/element &amp#27;[39m&amp#27;[32m200&amp#27;[39m &amp#27;[90m2597 ms - 137&amp#27;[39m
&amp#27;[35m[HTTP]&amp#27;[39m &amp#27;[90m&amp#27;[39m
2023-05-28 09:17:20  &amp#27;[34m&amp#27;[0;39mINFO  &amp#27;[35m[main]&amp#27;[0;39m &amp#27;[33mtop.testeru.page.AppBasePage.find(AppBasePage.java:105)&amp#27;[0;39m -- 元素定位：By.xpath: //*[@text="工作台"]
&amp#27;[35m[HTTP]&amp#27;[39m &amp#27;[37m-->&amp#27;[39m &amp#27;[37mGET&amp#27;[39m &amp#27;[37m/wd/hub/session/e26f0de1-bd1c-40d9-8b93-9fcbb6e07b12/screenshot&amp#27;[39m
&amp#27;[35m[HTTP]&amp#27;[39m &amp#27;[90m{}&amp#27;[39m
[debug] &amp#27;[35m[W3C (e26f0de1)]&amp#27;[39m Calling AppiumDriver.getScreenshot() with args: ["e26f0de1-bd1c-40d9-8b93-9fcbb6e07b12"]
[debug] &amp#27;[35m[WD Proxy]&amp#27;[39m Matched '/screenshot' to command name 'getScreenshot'
[debug] &amp#27;[35m[WD Proxy]&amp#27;[39m Proxying [GET /screenshot] to [GET http://127.0.0.1:8201/wd/hub/session/4cb2e25a-2bc2-42cc-8dee-3bc92c52b92f/screenshot] with no body
[debug] &amp#27;[35m[WD Proxy]&amp#27;[39m Got response with status 200: {"sessionId":"4cb2e25a-2bc2-42cc-8dee-3bc92c52b92f","value":"iVBORw0KGgoAAAANSUhEUgAABDgAAAlgCAYAAABtGofVAAAAAXNSR0IArs4c6QAAAARzQklUCAgI\nCHwIZIgAACAASURBVHic7N13fFv1uT/wz9FetiRvO94rxs4gziaLhCZACAl7rxYo7Y+2QAuFUnpL\nKaXthcuFFnpbRltWIECYJUBCGEmAJCTOnh7xiPeQl2TJGuf3h7xky7ZsS7bkfN6vF69Wx2fJX8U6\n5znP93mEhfd9I4KIiIiIiIiIKIRJJvoEiIiIiIiIiIjGigEOIiIiIiIiIgp5DHAQERERERERUchj\ngIOIiIiIiIiIQh4DHEREREREREQU8hjgICIiIiIiIqKQxwAHEREREREREYU8BjiIiIiIiIiIKOQx\nwEFEREREREREIY8BDiIiIiIiIiIKeQxwEBEREREREVHIY4CDiIiIiIiIiEIeAxxEREREREREFPIY\n4CAiIiIiIiKikMcABxERERERERGFPAY4iIiIiIiIiCjkMcBBRERERERERCGPAQ4iIiIiIiIiCnkM\ncBARERERERFRyGOAg4iIiIiIiIhCHgMcRERERERERBTyGOAgIiIiIiIiopDHAAcRERERERERhTwG\nOIiIiIiIiIgo5DHAQUREREREREQhjwEOIiIiIiIiIgp5DHAQERERERERUchjgIOIiIiIiIiIQh4D\nHEREREREREQU8hjgICIiIiIiIqKQxwAHEREREREREYU8BjiIiIiIiIiIKOQxwEFEREREREREIU82\n0ScQTFbMiERarLrn9aHSNuwubBm34z96QzYkAnCwtA3fnmhGWV3HuB2bAkcQgLzkMExL1iHWoESs\nQYHa5k5Um2w4VNaGYxXtg26rVkhxfn4UDpe1o6jaPI5nTURERKEu1qBEYpQKcqmAigYrKhutE31K\n5GccYyJPDHD0MS/bgEU5hp7X...
[debug] &amp#27;[35m[W3C (e26f0de1)]&amp#27;[39m Responding to client with driver.getScreenshot() result: "iVBORw0KGgoAAAANSUhEUgAABDgAAAlgCAYAAABtGofVAAAAAXNSR0IArs4c6QAAAARzQklUCAgI\nCHwIZIgAACAASURBVHic7N13fFv1uT/wz9FetiRvO94rxs4gziaLhCZACAl7rxYo7Y+2QAuFUnpL\nKaXthcuFFnpbRltWIECYJUBCGEmAJCTOnh7xiPeQl2TJGuf3h7xky7ZsS7bkfN6vF69Wx2fJX8U6\n5znP93mEhfd9I4KIiIiIiIiIKIRJJvoEiIiIiIiIiIjGigEOIiIiIiIiIgp5DHAQERERERERUchj\ngIOIiIiIiIiIQh4DHEREREREREQU8hjgICIiIiIiIqKQxwAHEREREREREYU8BjiIiIiIiIiIKOQx\nwEFEREREREREIY8BDiIiIiIiIiIKeQxwEBEREREREVHIY4CDiIiIiIiIiEIeAxxEREREREREFPIY\n4CAiIiIiIiKikMcABxERERERERGFPAY4iIiIiIiIiCjkMcBBRERERERERCGPAQ4iIiIiIiIiCnkM\ncBARERERERFRyGOAg4iIiIiIiIhCHgMcRERERERERBTyGOAgIiIiIiIiopDHAAcRERERERERhTwG\nOIiIiIiIiIgo5DHAQUREREREREQhjwEOIiIiIiIiIgp5DHAQERERERERUchjgIOIiIiIiIiIQh4D\nHEREREREREQU8hjgICIiIiIiIqKQxwAHEREREREREYU8BjiIiIiIiIiIKOQxwEFEREREREREIU82\n0ScQTFbMiERarLrn9aHSNuwubBm34z96QzYkAnCwtA3fnmhGWV3HuB2bAkcQgLzkMExL1iHWoESs\nQYHa5k5Um2w4VNaGYxXtg26rVkhxfn4UDpe1o6jaPI5nTURERKEu1qBEYpQKcqmAigYrKhutE31K\n5GccYyJPDHD0MS/bgEU5hp7XThfGLcAxdYoWM1LDIACYnhKGKxbF4da/HEKLxTEux6fAuPfSNCzM\nMUIhFT...
&amp#27;[35m[HTTP]&amp#27;[39m &amp#27;[37m<-- GET /wd/hub/session/e26f0de1-bd1c-40d9-8b93-9fcbb6e07b12/screenshot &amp#27;[39m&amp#27;[32m200&amp#27;[39m &amp#27;[90m273 ms - 427292&amp#27;[39m
&amp#27;[35m[HTTP]&amp#27;[39m &amp#27;[90m&amp#27;[39m
&amp#27;[35m[HTTP]&amp#27;[39m &amp#27;[37m-->&amp#27;[39m &amp#27;[37mGET&amp#27;[39m &amp#27;[37m/wd/hub/session/e26f0de1-bd1c-40d9-8b93-9fcbb6e07b12/element/00000000-0000-0acb-ffff-ffff000000d2/rect&amp#27;[39m
&amp#27;[35m[HTTP]&amp#27;[39m &amp#27;[90m{}&amp#27;[39m
&amp#27;[35m[W3C (e26f0de1)]&amp#27;[39m Driver proxy active, passing request on via HTTP proxy
[debug] &amp#27;[35m[WD Proxy]&amp#27;[39m Matched '/wd/hub/session/e26f0de1-bd1c-40d9-8b93-9fcbb6e07b12/element/00000000-0000-0acb-ffff-ffff000000d2/rect' to command name 'getElementRect'
[debug] &amp#27;[35m[WD Proxy]&amp#27;[39m Proxying [GET /wd/hub/session/e26f0de1-bd1c-40d9-8b93-9fcbb6e07b12/element/00000000-0000-0acb-ffff-ffff000000d2/rect] to [GET http://127.0.0.1:8201/wd/hub/session/4cb2e25a-2bc2-42cc-8dee-3bc92c52b92f/element/00000000-0000-0acb-ffff-ffff000000d2/rect] with no body
[debug] &amp#27;[35m[WD Proxy]&amp#27;[39m Got response with status 200: {"sessionId":"4cb2e25a-2bc2-42cc-8dee-3bc92c52b92f","value":{"height":51,"width":216,"x":648,"y":2225}}
&amp#27;[35m[WD Proxy]&amp#27;[39m Replacing sessionId 4cb2e25a-2bc2-42cc-8dee-3bc92c52b92f with e26f0de1-bd1c-40d9-8b93-9fcbb6e07b12
&amp#27;[35m[HTTP]&amp#27;[39m &amp#27;[37m<-- GET /wd/hub/session/e26f0de1-bd1c-40d9-8b93-9fcbb6e07b12/element/00000000-0000-0acb-ffff-ffff000000d2/rect &amp#27;[39m&amp#27;[32m200&amp#27;[39m &amp#27;[90m10 ms - 103&amp#27;[39m
&amp#27;[35m[HTTP]&amp#27;[39m &amp#27;[90m&amp#27;[39m
&amp#27;[35m[HTTP]&amp#27;[39m &amp#27;[37m-->&amp#27;[39m &amp#27;[37mGET&amp#27;[39m &amp#27;[37m/wd/hub/session/e26f0de1-bd1c-40d9-8b93-9fcbb6e07b12/element/00000000-0000-0acb-ffff-ffff000000d2/rect&amp#27;[39m
&amp#27;[35m[HTTP]&amp#27;[39m &amp#27;[90m{}&amp#27;[39m
&amp#27;[35m[W3C (e26f0de1)]&amp#27;[39m Driver proxy active, passing request on via HTTP proxy
[debug] &amp#27;[35m[WD Proxy]&amp#27;[39m Matched '/wd/hub/session/e26f0de1-bd1c-40d9-8b93-9fcbb6e07b12/element/00000000-0000-0acb-ffff-ffff000000d2/rect' to command name 'getElementRect'
[debug] &amp#27;[35m[WD Proxy]&amp#27;[39m Proxying [GET /wd/hub/session/e26f0de1-bd1c-40d9-8b93-9fcbb6e07b12/element/00000000-0000-0acb-ffff-ffff000000d2/rect] to [GET http://127.0.0.1:8201/wd/hub/session/4cb2e25a-2bc2-42cc-8dee-3bc92c52b92f/element/00000000-0000-0acb-ffff-ffff000000d2/rect] with no body
[debug] &amp#27;[35m[WD Proxy]&amp#27;[39m Got response with status 200: {"sessionId":"4cb2e25a-2bc2-42cc-8dee-3bc92c52b92f","value":{"height":51,"width":216,"x":648,"y":2225}}
&amp#27;[35m[WD Proxy]&amp#27;[39m Replacing sessionId 4cb2e25a-2bc2-42cc-8dee-3bc92c52b92f with e26f0de1-bd1c-40d9-8b93-9fcbb6e07b12
&amp#27;[35m[HTTP]&amp#27;[39m &amp#27;[37m<-- GET /wd/hub/session/e26f0de1-bd1c-40d9-8b93-9fcbb6e07b12/element/00000000-0000-0acb-ffff-ffff000000d2/rect &amp#27;[39m&amp#27;[32m200&amp#27;[39m &amp#27;[90m5 ms - 103&amp#27;[39m
&amp#27;[35m[HTTP]&amp#27;[39m &amp#27;[90m&amp#27;[39m
2023-05-28 09:17:21  &amp#27;[34m&amp#27;[0;39mINFO  &amp#27;[35m[main]&amp#27;[0;39m &amp#27;[33mtop.testeru.page.AppBasePage.ElementScreenBase(AppBasePage.java:211)&amp#27;[0;39m -- location=$(648, 2225) size=$(216, 51) x=$648 y=$2225 width=$216 height=$51
&amp#27;[35m[HTTP]&amp#27;[39m &amp#27;[37m-->&amp#27;[39m &amp#27;[37mPOST&amp#27;[39m &amp#27;[37m/wd/hub/session/e26f0de1-bd1c-40d9-8b93-9fcbb6e07b12/element/00000000-0000-0acb-ffff-ffff000000d2/click&amp#27;[39m
&amp#27;[35m[HTTP]&amp#27;[39m &amp#27;[90m{"id":"00000000-0000-0acb-ffff-ffff000000d2"}&amp#27;[39m
[debug] &amp#27;[35m[W3C (e26f0de1)]&amp#27;[39m Calling AppiumDriver.click() with args: ["00000000-0000-0acb-ffff-ffff000000d2","e26f0de1-bd1c-40d9-8b93-9fcbb6e07b12"]
[debug] &amp#27;[35m[WD Proxy]&amp#27;[39m Matched '/element/00000000-0000-0acb-ffff-ffff000000d2/click' to command name 'click'
[debug] &amp#27;[35m[WD Proxy]&amp#27;[39m Proxying [POST /element/00000000-0000-0acb-ffff-ffff000000d2/click] to [POST http://127.0.0.1:8201/wd/hub/session/4cb2e25a-2bc2-42cc-8dee-3bc92c52b92f/element/00000000-0000-0acb-ffff-ffff000000d2/click] with body: {"element":"00000000-0000-0acb-ffff-ffff000000d2"}
[debug] &amp#27;[35m[WD Proxy]&amp#27;[39m Got response with status 200: {"sessionId":"4cb2e25a-2bc2-42cc-8dee-3bc92c52b92f","value":null}
[debug] &amp#27;[35m[W3C (e26f0de1)]&amp#27;[39m Responding to client with driver.click() result: null
&amp#27;[35m[HTTP]&amp#27;[39m &amp#27;[37m<-- POST /wd/hub/session/e26f0de1-bd1c-40d9-8b93-9fcbb6e07b12/element/00000000-0000-0acb-ffff-ffff000000d2/click &amp#27;[39m&amp#27;[32m200&amp#27;[39m &amp#27;[90m41 ms - 14&amp#27;[39m
&amp#27;[35m[HTTP]&amp#27;[39m &amp#27;[90m&amp#27;[39m
&amp#27;[35m[HTTP]&amp#27;[39m &amp#27;[37m-->&amp#27;[39m &amp#27;[37mGET&amp#27;[39m &amp#27;[37m/wd/hub/session/e26f0de1-bd1c-40d9-8b93-9fcbb6e07b12/source&amp#27;[39m
&amp#27;[35m[HTTP]&amp#27;[39m &amp#27;[90m{}&amp#27;[39m
&amp#27;[35m[W3C (e26f0de1)]&amp#27;[39m Driver proxy active, passing request on via HTTP proxy
[debug] &amp#27;[35m[WD Proxy]&amp#27;[39m Matched '/wd/hub/session/e26f0de1-bd1c-40d9-8b93-9fcbb6e07b12/source' to command name 'getPageSource'
[debug] &amp#27;[35m[WD Proxy]&amp#27;[39m Proxying [GET /wd/hub/session/e26f0de1-bd1c-40d9-8b93-9fcbb6e07b12/source] to [GET http://127.0.0.1:8201/wd/hub/session/4cb2e25a-2bc2-42cc-8dee-3bc92c52b92f/source] with no body
[debug] &amp#27;[35m[WD Proxy]&amp#27;[39m Got response with status 200: {"sessionId":"4cb2e25a-2bc2-42cc-8dee-3bc92c52b92f","value":"<?xml version='1.0' encoding='UTF-8' standalone='yes' ?>\r\n<hierarchy index=\"0\" class=\"hierarchy\" rotation=\"0\" width=\"1080\" height=\"2276\">\r\n  <android.widget.FrameLayout index=\"0\" package=\"com.tencent.wework\" class=\"android.widget.FrameLayout\" text=\"\" checkable=\"false\" checked=\"false\" clickable=\"false\" enabled=\"true\" focusable=\"false\" focused=\"false\" long-clickable=\"false\" password=\"false\" scrollable=\"false\" selected=\"false\" bounds=\"[0,0][1080,2276]\" displayed=\"true\">\r\n    <android.widget.LinearLayout index=\"0\" package=\"com.tencent.wework\" class=\"android.widget.LinearLayout\" text=\"\" checkable=\"false\" checked=\"false\" clickable=\"false\" enabled=\"true\" focusable=\"false\" focused=\"false\" long-clickable=\"false\" password=\"false\" scrollable=\"false\" selected=\"false\" bounds=\"[0,0][1080,2276]\" displayed=\"true\">\r\n      <android.widget.FrameLayout index=\"0\" package=\"com.tencent...
&amp#27;[35m[WD Proxy]&amp#27;[39m Replacing sessionId 4cb2e25a-2bc2-42cc-8dee-3bc92c52b92f with e26f0de1-bd1c-40d9-8b93-9fcbb6e07b12
&amp#27;[35m[HTTP]&amp#27;[39m &amp#27;[37m<-- GET /wd/hub/session/e26f0de1-bd1c-40d9-8b93-9fcbb6e07b12/source &amp#27;[39m&amp#27;[32m200&amp#27;[39m &amp#27;[90m225 ms - 13056&amp#27;[39m
&amp#27;[35m[HTTP]&amp#27;[39m &amp#27;[90m&amp#27;[39m
&amp#27;[35m[HTTP]&amp#27;[39m &amp#27;[37m-->&amp#27;[39m &amp#27;[37mGET&amp#27;[39m &amp#27;[37m/wd/hub/session/e26f0de1-bd1c-40d9-8b93-9fcbb6e07b12/source&amp#27;[39m
&amp#27;[35m[HTTP]&amp#27;[39m &amp#27;[90m{}&amp#27;[39m
&amp#27;[35m[W3C (e26f0de1)]&amp#27;[39m Driver proxy active, passing request on via HTTP proxy
[debug] &amp#27;[35m[WD Proxy]&amp#27;[39m Matched '/wd/hub/session/e26f0de1-bd1c-40d9-8b93-9fcbb6e07b12/source' to command name 'getPageSource'
[debug] &amp#27;[35m[WD Proxy]&amp#27;[39m Proxying [GET /wd/hub/session/e26f0de1-bd1c-40d9-8b93-9fcbb6e07b12/source] to [GET http://127.0.0.1:8201/wd/hub/session/4cb2e25a-2bc2-42cc-8dee-3bc92c52b92f/source] with no body
[debug] &amp#27;[35m[WD Proxy]&amp#27;[39m Got response with status 200: {"sessionId":"4cb2e25a-2bc2-42cc-8dee-3bc92c52b92f","value":"<?xml version='1.0' encoding='UTF-8' standalone='yes' ?>\r\n<hierarchy index=\"0\" class=\"hierarchy\" rotation=\"0\" width=\"1080\" height=\"2276\">\r\n  <android.widget.FrameLayout index=\"0\" package=\"com.tencent.wework\" class=\"android.widget.FrameLayout\" text=\"\" checkable=\"false\" checked=\"false\" clickable=\"false\" enabled=\"true\" focusable=\"false\" focused=\"false\" long-clickable=\"false\" password=\"false\" scrollable=\"false\" selected=\"false\" bounds=\"[0,0][1080,2276]\" displayed=\"true\">\r\n    <android.widget.LinearLayout index=\"0\" package=\"com.tencent.wework\" class=\"android.widget.LinearLayout\" text=\"\" checkable=\"false\" checked=\"false\" clickable=\"false\" enabled=\"true\" focusable=\"false\" focused=\"false\" long-clickable=\"false\" password=\"false\" scrollable=\"false\" selected=\"false\" bounds=\"[0,0][1080,2276]\" displayed=\"true\">\r\n      <android.widget.FrameLayout index=\"0\" package=\"com.tencent...
&amp#27;[35m[WD Proxy]&amp#27;[39m Replacing sessionId 4cb2e25a-2bc2-42cc-8dee-3bc92c52b92f with e26f0de1-bd1c-40d9-8b93-9fcbb6e07b12
&amp#27;[35m[HTTP]&amp#27;[39m &amp#27;[37m<-- GET /wd/hub/session/e26f0de1-bd1c-40d9-8b93-9fcbb6e07b12/source &amp#27;[39m&amp#27;[32m200&amp#27;[39m &amp#27;[90m131 ms - 73402&amp#27;[39m
&amp#27;[35m[HTTP]&amp#27;[39m &amp#27;[90m&amp#27;[39m
&amp#27;[35m[HTTP]&amp#27;[39m &amp#27;[37m-->&amp#27;[39m &amp#27;[37mPOST&amp#27;[39m &amp#27;[37m/wd/hub/session/e26f0de1-bd1c-40d9-8b93-9fcbb6e07b12/element&amp#27;[39m
&amp#27;[35m[HTTP]&amp#27;[39m &amp#27;[90m{"using":"css selector","value":"[text=\"打卡\"]"}&amp#27;[39m
[debug] &amp#27;[35m[W3C (e26f0de1)]&amp#27;[39m Calling AppiumDriver.findElement() with args: ["css selector","[text=\"打卡\"]","e26f0de1-bd1c-40d9-8b93-9fcbb6e07b12"]
[debug] &amp#27;[35m[BaseDriver]&amp#27;[39m Valid locator strategies for this request: xpath, id, class name, accessibility id, css selector, -android uiautomator
[debug] &amp#27;[35m[BaseDriver]&amp#27;[39m Waiting up to 20000 ms for condition
[debug] &amp#27;[35m[WD Proxy]&amp#27;[39m Matched '/element' to command name 'findElement'
[debug] &amp#27;[35m[WD Proxy]&amp#27;[39m Proxying [POST /element] to [POST http://127.0.0.1:8201/wd/hub/session/4cb2e25a-2bc2-42cc-8dee-3bc92c52b92f/element] with body: {"strategy":"-android uiautomator","selector":"new UiSelector().text(\"打卡\")","context":"","multiple":false}
&amp#27;[35m[WD Proxy]&amp#27;[39m Got response with status 404: {"sessionId":"4cb2e25a-2bc2-42cc-8dee-3bc92c52b92f","value":{"error":"no such element","message":"An element could not be located on the page using the given search parameters","stacktrace":"io.appium.uiautomator2.common.exceptions.ElementNotFoundException: An element could not be located on the page using the given search parameters\n\tat io.appium.uiautomator2.handler.FindElement.safeHandle(FindElement.java:70)\n\tat io.appium.uiautomator2.handler.request.SafeRequestHandler.handle(SafeRequestHandler.java:59)\n\tat io.appium.uiautomator2.server.AppiumServlet.handleRequest(AppiumServlet.java:266)\n\tat io.appium.uiautomator2.server.AppiumServlet.handleHttpRequest(AppiumServlet.java:260)\n\tat io.appium.uiautomator2.http.ServerHandler.channelRead(ServerHandler.java:68)\n\tat io.netty.channel.AbstractChannelHandlerContext.invokeChannelRead(AbstractChannelHandlerContext.java:366)\n\tat io.netty.channel.AbstractChannelHandlerContext.invokeChannelRead(AbstractChannelHandlerContext.java:352)\n\tat io.netty.chann...
[debug] &amp#27;[35m[W3C]&amp#27;[39m Matched W3C error code 'no such element' to NoSuchElementError
[debug] &amp#27;[35m[BaseDriver]&amp#27;[39m Waited for 49 ms so far
[debug] &amp#27;[35m[WD Proxy]&amp#27;[39m Matched '/element' to command name 'findElement'
[debug] &amp#27;[35m[WD Proxy]&amp#27;[39m Proxying [POST /element] to [POST http://127.0.0.1:8201/wd/hub/session/4cb2e25a-2bc2-42cc-8dee-3bc92c52b92f/element] with body: {"strategy":"-android uiautomator","selector":"new UiSelector().text(\"打卡\")","context":"","multiple":false}
&amp#27;[35m[WD Proxy]&amp#27;[39m Got response with status 404: {"sessionId":"4cb2e25a-2bc2-42cc-8dee-3bc92c52b92f","value":{"error":"no such element","message":"An element could not be located on the page using the given search parameters","stacktrace":"io.appium.uiautomator2.common.exceptions.ElementNotFoundException: An element could not be located on the page using the given search parameters\n\tat io.appium.uiautomator2.handler.FindElement.safeHandle(FindElement.java:70)\n\tat io.appium.uiautomator2.handler.request.SafeRequestHandler.handle(SafeRequestHandler.java:59)\n\tat io.appium.uiautomator2.server.AppiumServlet.handleRequest(AppiumServlet.java:266)\n\tat io.appium.uiautomator2.server.AppiumServlet.handleHttpRequest(AppiumServlet.java:260)\n\tat io.appium.uiautomator2.http.ServerHandler.channelRead(ServerHandler.java:68)\n\tat io.netty.channel.AbstractChannelHandlerContext.invokeChannelRead(AbstractChannelHandlerContext.java:366)\n\tat io.netty.channel.AbstractChannelHandlerContext.invokeChannelRead(AbstractChannelHandlerContext.java:352)\n\tat io.netty.chann...
[debug] &amp#27;[35m[W3C]&amp#27;[39m Matched W3C error code 'no such element' to NoSuchElementError
[debug] &amp#27;[35m[BaseDriver]&amp#27;[39m Waited for 605 ms so far
[debug] &amp#27;[35m[WD Proxy]&amp#27;[39m Matched '/element' to command name 'findElement'
[debug] &amp#27;[35m[WD Proxy]&amp#27;[39m Proxying [POST /element] to [POST http://127.0.0.1:8201/wd/hub/session/4cb2e25a-2bc2-42cc-8dee-3bc92c52b92f/element] with body: {"strategy":"-android uiautomator","selector":"new UiSelector().text(\"打卡\")","context":"","multiple":false}
&amp#27;[35m[WD Proxy]&amp#27;[39m Got response with status 404: {"sessionId":"4cb2e25a-2bc2-42cc-8dee-3bc92c52b92f","value":{"error":"no such element","message":"An element could not be located on the page using the given search parameters","stacktrace":"io.appium.uiautomator2.common.exceptions.ElementNotFoundException: An element could not be located on the page using the given search parameters\n\tat io.appium.uiautomator2.handler.FindElement.safeHandle(FindElement.java:70)\n\tat io.appium.uiautomator2.handler.request.SafeRequestHandler.handle(SafeRequestHandler.java:59)\n\tat io.appium.uiautomator2.server.AppiumServlet.handleRequest(AppiumServlet.java:266)\n\tat io.appium.uiautomator2.server.AppiumServlet.handleHttpRequest(AppiumServlet.java:260)\n\tat io.appium.uiautomator2.http.ServerHandler.channelRead(ServerHandler.java:68)\n\tat io.netty.channel.AbstractChannelHandlerContext.invokeChannelRead(AbstractChannelHandlerContext.java:366)\n\tat io.netty.channel.AbstractChannelHandlerContext.invokeChannelRead(AbstractChannelHandlerContext.java:352)\n\tat io.netty.chann...
[debug] &amp#27;[35m[W3C]&amp#27;[39m Matched W3C error code 'no such element' to NoSuchElementError
[debug] &amp#27;[35m[BaseDriver]&amp#27;[39m Waited for 1160 ms so far
[debug] &amp#27;[35m[WD Proxy]&amp#27;[39m Matched '/element' to command name 'findElement'
[debug] &amp#27;[35m[WD Proxy]&amp#27;[39m Proxying [POST /element] to [POST http://127.0.0.1:8201/wd/hub/session/4cb2e25a-2bc2-42cc-8dee-3bc92c52b92f/element] with body: {"strategy":"-android uiautomator","selector":"new UiSelector().text(\"打卡\")","context":"","multiple":false}
&amp#27;[35m[WD Proxy]&amp#27;[39m Got response with status 404: {"sessionId":"4cb2e25a-2bc2-42cc-8dee-3bc92c52b92f","value":{"error":"no such element","message":"An element could not be located on the page using the given search parameters","stacktrace":"io.appium.uiautomator2.common.exceptions.ElementNotFoundException: An element could not be located on the page using the given search parameters\n\tat io.appium.uiautomator2.handler.FindElement.safeHandle(FindElement.java:70)\n\tat io.appium.uiautomator2.handler.request.SafeRequestHandler.handle(SafeRequestHandler.java:59)\n\tat io.appium.uiautomator2.server.AppiumServlet.handleRequest(AppiumServlet.java:266)\n\tat io.appium.uiautomator2.server.AppiumServlet.handleHttpRequest(AppiumServlet.java:260)\n\tat io.appium.uiautomator2.http.ServerHandler.channelRead(ServerHandler.java:68)\n\tat io.netty.channel.AbstractChannelHandlerContext.invokeChannelRead(AbstractChannelHandlerContext.java:366)\n\tat io.netty.channel.AbstractChannelHandlerContext.invokeChannelRead(AbstractChannelHandlerContext.java:352)\n\tat io.netty.chann...
[debug] &amp#27;[35m[W3C]&amp#27;[39m Matched W3C error code 'no such element' to NoSuchElementError
[debug] &amp#27;[35m[BaseDriver]&amp#27;[39m Waited for 1715 ms so far
[debug] &amp#27;[35m[WD Proxy]&amp#27;[39m Matched '/element' to command name 'findElement'
[debug] &amp#27;[35m[WD Proxy]&amp#27;[39m Proxying [POST /element] to [POST http://127.0.0.1:8201/wd/hub/session/4cb2e25a-2bc2-42cc-8dee-3bc92c52b92f/element] with body: {"strategy":"-android uiautomator","selector":"new UiSelector().text(\"打卡\")","context":"","multiple":false}
&amp#27;[35m[WD Proxy]&amp#27;[39m Got response with status 404: {"sessionId":"4cb2e25a-2bc2-42cc-8dee-3bc92c52b92f","value":{"error":"no such element","message":"An element could not be located on the page using the given search parameters","stacktrace":"io.appium.uiautomator2.common.exceptions.ElementNotFoundException: An element could not be located on the page using the given search parameters\n\tat io.appium.uiautomator2.handler.FindElement.safeHandle(FindElement.java:70)\n\tat io.appium.uiautomator2.handler.request.SafeRequestHandler.handle(SafeRequestHandler.java:59)\n\tat io.appium.uiautomator2.server.AppiumServlet.handleRequest(AppiumServlet.java:266)\n\tat io.appium.uiautomator2.server.AppiumServlet.handleHttpRequest(AppiumServlet.java:260)\n\tat io.appium.uiautomator2.http.ServerHandler.channelRead(ServerHandler.java:68)\n\tat io.netty.channel.AbstractChannelHandlerContext.invokeChannelRead(AbstractChannelHandlerContext.java:366)\n\tat io.netty.channel.AbstractChannelHandlerContext.invokeChannelRead(AbstractChannelHandlerContext.java:352)\n\tat io.netty.chann...
[debug] &amp#27;[35m[W3C]&amp#27;[39m Matched W3C error code 'no such element' to NoSuchElementError
[debug] &amp#27;[35m[BaseDriver]&amp#27;[39m Waited for 2280 ms so far
[debug] &amp#27;[35m[WD Proxy]&amp#27;[39m Matched '/element' to command name 'findElement'
[debug] &amp#27;[35m[WD Proxy]&amp#27;[39m Proxying [POST /element] to [POST http://127.0.0.1:8201/wd/hub/session/4cb2e25a-2bc2-42cc-8dee-3bc92c52b92f/element] with body: {"strategy":"-android uiautomator","selector":"new UiSelector().text(\"打卡\")","context":"","multiple":false}
&amp#27;[35m[WD Proxy]&amp#27;[39m Got response with status 404: {"sessionId":"4cb2e25a-2bc2-42cc-8dee-3bc92c52b92f","value":{"error":"no such element","message":"An element could not be located on the page using the given search parameters","stacktrace":"io.appium.uiautomator2.common.exceptions.ElementNotFoundException: An element could not be located on the page using the given search parameters\n\tat io.appium.uiautomator2.handler.FindElement.safeHandle(FindElement.java:70)\n\tat io.appium.uiautomator2.handler.request.SafeRequestHandler.handle(SafeRequestHandler.java:59)\n\tat io.appium.uiautomator2.server.AppiumServlet.handleRequest(AppiumServlet.java:266)\n\tat io.appium.uiautomator2.server.AppiumServlet.handleHttpRequest(AppiumServlet.java:260)\n\tat io.appium.uiautomator2.http.ServerHandler.channelRead(ServerHandler.java:68)\n\tat io.netty.channel.AbstractChannelHandlerContext.invokeChannelRead(AbstractChannelHandlerContext.java:366)\n\tat io.netty.channel.AbstractChannelHandlerContext.invokeChannelRead(AbstractChannelHandlerContext.java:352)\n\tat io.netty.chann...
[debug] &amp#27;[35m[W3C]&amp#27;[39m Matched W3C error code 'no such element' to NoSuchElementError
[debug] &amp#27;[35m[BaseDriver]&amp#27;[39m Waited for 2836 ms so far
[debug] &amp#27;[35m[WD Proxy]&amp#27;[39m Matched '/element' to command name 'findElement'
[debug] &amp#27;[35m[WD Proxy]&amp#27;[39m Proxying [POST /element] to [POST http://127.0.0.1:8201/wd/hub/session/4cb2e25a-2bc2-42cc-8dee-3bc92c52b92f/element] with body: {"strategy":"-android uiautomator","selector":"new UiSelector().text(\"打卡\")","context":"","multiple":false}
&amp#27;[35m[WD Proxy]&amp#27;[39m Got response with status 404: {"sessionId":"4cb2e25a-2bc2-42cc-8dee-3bc92c52b92f","value":{"error":"no such element","message":"An element could not be located on the page using the given search parameters","stacktrace":"io.appium.uiautomator2.common.exceptions.ElementNotFoundException: An element could not be located on the page using the given search parameters\n\tat io.appium.uiautomator2.handler.FindElement.safeHandle(FindElement.java:70)\n\tat io.appium.uiautomator2.handler.request.SafeRequestHandler.handle(SafeRequestHandler.java:59)\n\tat io.appium.uiautomator2.server.AppiumServlet.handleRequest(AppiumServlet.java:266)\n\tat io.appium.uiautomator2.server.AppiumServlet.handleHttpRequest(AppiumServlet.java:260)\n\tat io.appium.uiautomator2.http.ServerHandler.channelRead(ServerHandler.java:68)\n\tat io.netty.channel.AbstractChannelHandlerContext.invokeChannelRead(AbstractChannelHandlerContext.java:366)\n\tat io.netty.channel.AbstractChannelHandlerContext.invokeChannelRead(AbstractChannelHandlerContext.java:352)\n\tat io.netty.chann...
[debug] &amp#27;[35m[W3C]&amp#27;[39m Matched W3C error code 'no such element' to NoSuchElementError
[debug] &amp#27;[35m[BaseDriver]&amp#27;[39m Waited for 3386 ms so far
[debug] &amp#27;[35m[WD Proxy]&amp#27;[39m Matched '/element' to command name 'findElement'
[debug] &amp#27;[35m[WD Proxy]&amp#27;[39m Proxying [POST /element] to [POST http://127.0.0.1:8201/wd/hub/session/4cb2e25a-2bc2-42cc-8dee-3bc92c52b92f/element] with body: {"strategy":"-android uiautomator","selector":"new UiSelector().text(\"打卡\")","context":"","multiple":false}
&amp#27;[35m[WD Proxy]&amp#27;[39m Got response with status 404: {"sessionId":"4cb2e25a-2bc2-42cc-8dee-3bc92c52b92f","value":{"error":"no such element","message":"An element could not be located on the page using the given search parameters","stacktrace":"io.appium.uiautomator2.common.exceptions.ElementNotFoundException: An element could not be located on the page using the given search parameters\n\tat io.appium.uiautomator2.handler.FindElement.safeHandle(FindElement.java:70)\n\tat io.appium.uiautomator2.handler.request.SafeRequestHandler.handle(SafeRequestHandler.java:59)\n\tat io.appium.uiautomator2.server.AppiumServlet.handleRequest(AppiumServlet.java:266)\n\tat io.appium.uiautomator2.server.AppiumServlet.handleHttpRequest(AppiumServlet.java:260)\n\tat io.appium.uiautomator2.http.ServerHandler.channelRead(ServerHandler.java:68)\n\tat io.netty.channel.AbstractChannelHandlerContext.invokeChannelRead(AbstractChannelHandlerContext.java:366)\n\tat io.netty.channel.AbstractChannelHandlerContext.invokeChannelRead(AbstractChannelHandlerContext.java:352)\n\tat io.netty.chann...
[debug] &amp#27;[35m[W3C]&amp#27;[39m Matched W3C error code 'no such element' to NoSuchElementError
[debug] &amp#27;[35m[BaseDriver]&amp#27;[39m Waited for 4527 ms so far
[debug] &amp#27;[35m[WD Proxy]&amp#27;[39m Matched '/element' to command name 'findElement'
[debug] &amp#27;[35m[WD Proxy]&amp#27;[39m Proxying [POST /element] to [POST http://127.0.0.1:8201/wd/hub/session/4cb2e25a-2bc2-42cc-8dee-3bc92c52b92f/element] with body: {"strategy":"-android uiautomator","selector":"new UiSelector().text(\"打卡\")","context":"","multiple":false}
&amp#27;[35m[WD Proxy]&amp#27;[39m Got response with status 404: {"sessionId":"4cb2e25a-2bc2-42cc-8dee-3bc92c52b92f","value":{"error":"no such element","message":"An element could not be located on the page using the given search parameters","stacktrace":"io.appium.uiautomator2.common.exceptions.ElementNotFoundException: An element could not be located on the page using the given search parameters\n\tat io.appium.uiautomator2.handler.FindElement.safeHandle(FindElement.java:70)\n\tat io.appium.uiautomator2.handler.request.SafeRequestHandler.handle(SafeRequestHandler.java:59)\n\tat io.appium.uiautomator2.server.AppiumServlet.handleRequest(AppiumServlet.java:266)\n\tat io.appium.uiautomator2.server.AppiumServlet.handleHttpRequest(AppiumServlet.java:260)\n\tat io.appium.uiautomator2.http.ServerHandler.channelRead(ServerHandler.java:68)\n\tat io.netty.channel.AbstractChannelHandlerContext.invokeChannelRead(AbstractChannelHandlerContext.java:366)\n\tat io.netty.channel.AbstractChannelHandlerContext.invokeChannelRead(AbstractChannelHandlerContext.java:352)\n\tat io.netty.chann...
[debug] &amp#27;[35m[W3C]&amp#27;[39m Matched W3C error code 'no such element' to NoSuchElementError
[debug] &amp#27;[35m[BaseDriver]&amp#27;[39m Waited for 5078 ms so far
[debug] &amp#27;[35m[WD Proxy]&amp#27;[39m Matched '/element' to command name 'findElement'
[debug] &amp#27;[35m[WD Proxy]&amp#27;[39m Proxying [POST /element] to [POST http://127.0.0.1:8201/wd/hub/session/4cb2e25a-2bc2-42cc-8dee-3bc92c52b92f/element] with body: {"strategy":"-android uiautomator","selector":"new UiSelector().text(\"打卡\")","context":"","multiple":false}
&amp#27;[35m[WD Proxy]&amp#27;[39m Got response with status 404: {"sessionId":"4cb2e25a-2bc2-42cc-8dee-3bc92c52b92f","value":{"error":"no such element","message":"An element could not be located on the page using the given search parameters","stacktrace":"io.appium.uiautomator2.common.exceptions.ElementNotFoundException: An element could not be located on the page using the given search parameters\n\tat io.appium.uiautomator2.handler.FindElement.safeHandle(FindElement.java:70)\n\tat io.appium.uiautomator2.handler.request.SafeRequestHandler.handle(SafeRequestHandler.java:59)\n\tat io.appium.uiautomator2.server.AppiumServlet.handleRequest(AppiumServlet.java:266)\n\tat io.appium.uiautomator2.server.AppiumServlet.handleHttpRequest(AppiumServlet.java:260)\n\tat io.appium.uiautomator2.http.ServerHandler.channelRead(ServerHandler.java:68)\n\tat io.netty.channel.AbstractChannelHandlerContext.invokeChannelRead(AbstractChannelHandlerContext.java:366)\n\tat io.netty.channel.AbstractChannelHandlerContext.invokeChannelRead(AbstractChannelHandlerContext.java:352)\n\tat io.netty.chann...
[debug] &amp#27;[35m[W3C]&amp#27;[39m Matched W3C error code 'no such element' to NoSuchElementError
[debug] &amp#27;[35m[BaseDriver]&amp#27;[39m Waited for 6229 ms so far
[debug] &amp#27;[35m[WD Proxy]&amp#27;[39m Matched '/element' to command name 'findElement'
[debug] &amp#27;[35m[WD Proxy]&amp#27;[39m Proxying [POST /element] to [POST http://127.0.0.1:8201/wd/hub/session/4cb2e25a-2bc2-42cc-8dee-3bc92c52b92f/element] with body: {"strategy":"-android uiautomator","selector":"new UiSelector().text(\"打卡\")","context":"","multiple":false}
&amp#27;[35m[WD Proxy]&amp#27;[39m Got response with status 404: {"sessionId":"4cb2e25a-2bc2-42cc-8dee-3bc92c52b92f","value":{"error":"no such element","message":"An element could not be located on the page using the given search parameters","stacktrace":"io.appium.uiautomator2.common.exceptions.ElementNotFoundException: An element could not be located on the page using the given search parameters\n\tat io.appium.uiautomator2.handler.FindElement.safeHandle(FindElement.java:70)\n\tat io.appium.uiautomator2.handler.request.SafeRequestHandler.handle(SafeRequestHandler.java:59)\n\tat io.appium.uiautomator2.server.AppiumServlet.handleRequest(AppiumServlet.java:266)\n\tat io.appium.uiautomator2.server.AppiumServlet.handleHttpRequest(AppiumServlet.java:260)\n\tat io.appium.uiautomator2.http.ServerHandler.channelRead(ServerHandler.java:68)\n\tat io.netty.channel.AbstractChannelHandlerContext.invokeChannelRead(AbstractChannelHandlerContext.java:366)\n\tat io.netty.channel.AbstractChannelHandlerContext.invokeChannelRead(AbstractChannelHandlerContext.java:352)\n\tat io.netty.chann...
[debug] &amp#27;[35m[W3C]&amp#27;[39m Matched W3C error code 'no such element' to NoSuchElementError
[debug] &amp#27;[35m[BaseDriver]&amp#27;[39m Waited for 6777 ms so far
[debug] &amp#27;[35m[WD Proxy]&amp#27;[39m Matched '/element' to command name 'findElement'
[debug] &amp#27;[35m[WD Proxy]&amp#27;[39m Proxying [POST /element] to [POST http://127.0.0.1:8201/wd/hub/session/4cb2e25a-2bc2-42cc-8dee-3bc92c52b92f/element] with body: {"strategy":"-android uiautomator","selector":"new UiSelector().text(\"打卡\")","context":"","multiple":false}
&amp#27;[35m[WD Proxy]&amp#27;[39m Got response with status 404: {"sessionId":"4cb2e25a-2bc2-42cc-8dee-3bc92c52b92f","value":{"error":"no such element","message":"An element could not be located on the page using the given search parameters","stacktrace":"io.appium.uiautomator2.common.exceptions.ElementNotFoundException: An element could not be located on the page using the given search parameters\n\tat io.appium.uiautomator2.handler.FindElement.safeHandle(FindElement.java:70)\n\tat io.appium.uiautomator2.handler.request.SafeRequestHandler.handle(SafeRequestHandler.java:59)\n\tat io.appium.uiautomator2.server.AppiumServlet.handleRequest(AppiumServlet.java:266)\n\tat io.appium.uiautomator2.server.AppiumServlet.handleHttpRequest(AppiumServlet.java:260)\n\tat io.appium.uiautomator2.http.ServerHandler.channelRead(ServerHandler.java:68)\n\tat io.netty.channel.AbstractChannelHandlerContext.invokeChannelRead(AbstractChannelHandlerContext.java:366)\n\tat io.netty.channel.AbstractChannelHandlerContext.invokeChannelRead(AbstractChannelHandlerContext.java:352)\n\tat io.netty.chann...
[debug] &amp#27;[35m[W3C]&amp#27;[39m Matched W3C error code 'no such element' to NoSuchElementError
[debug] &amp#27;[35m[BaseDriver]&amp#27;[39m Waited for 7330 ms so far
[debug] &amp#27;[35m[WD Proxy]&amp#27;[39m Matched '/element' to command name 'findElement'
[debug] &amp#27;[35m[WD Proxy]&amp#27;[39m Proxying [POST /element] to [POST http://127.0.0.1:8201/wd/hub/session/4cb2e25a-2bc2-42cc-8dee-3bc92c52b92f/element] with body: {"strategy":"-android uiautomator","selector":"new UiSelector().text(\"打卡\")","context":"","multiple":false}
&amp#27;[35m[WD Proxy]&amp#27;[39m Got response with status 404: {"sessionId":"4cb2e25a-2bc2-42cc-8dee-3bc92c52b92f","value":{"error":"no such element","message":"An element could not be located on the page using the given search parameters","stacktrace":"io.appium.uiautomator2.common.exceptions.ElementNotFoundException: An element could not be located on the page using the given search parameters\n\tat io.appium.uiautomator2.handler.FindElement.safeHandle(FindElement.java:70)\n\tat io.appium.uiautomator2.handler.request.SafeRequestHandler.handle(SafeRequestHandler.java:59)\n\tat io.appium.uiautomator2.server.AppiumServlet.handleRequest(AppiumServlet.java:266)\n\tat io.appium.uiautomator2.server.AppiumServlet.handleHttpRequest(AppiumServlet.java:260)\n\tat io.appium.uiautomator2.http.ServerHandler.channelRead(ServerHandler.java:68)\n\tat io.netty.channel.AbstractChannelHandlerContext.invokeChannelRead(AbstractChannelHandlerContext.java:366)\n\tat io.netty.channel.AbstractChannelHandlerContext.invokeChannelRead(AbstractChannelHandlerContext.java:352)\n\tat io.netty.chann...
[debug] &amp#27;[35m[W3C]&amp#27;[39m Matched W3C error code 'no such element' to NoSuchElementError
[debug] &amp#27;[35m[BaseDriver]&amp#27;[39m Waited for 7882 ms so far
[debug] &amp#27;[35m[WD Proxy]&amp#27;[39m Matched '/element' to command name 'findElement'
[debug] &amp#27;[35m[WD Proxy]&amp#27;[39m Proxying [POST /element] to [POST http://127.0.0.1:8201/wd/hub/session/4cb2e25a-2bc2-42cc-8dee-3bc92c52b92f/element] with body: {"strategy":"-android uiautomator","selector":"new UiSelector().text(\"打卡\")","context":"","multiple":false}
&amp#27;[35m[WD Proxy]&amp#27;[39m Got response with status 404: {"sessionId":"4cb2e25a-2bc2-42cc-8dee-3bc92c52b92f","value":{"error":"no such element","message":"An element could not be located on the page using the given search parameters","stacktrace":"io.appium.uiautomator2.common.exceptions.ElementNotFoundException: An element could not be located on the page using the given search parameters\n\tat io.appium.uiautomator2.handler.FindElement.safeHandle(FindElement.java:70)\n\tat io.appium.uiautomator2.handler.request.SafeRequestHandler.handle(SafeRequestHandler.java:59)\n\tat io.appium.uiautomator2.server.AppiumServlet.handleRequest(AppiumServlet.java:266)\n\tat io.appium.uiautomator2.server.AppiumServlet.handleHttpRequest(AppiumServlet.java:260)\n\tat io.appium.uiautomator2.http.ServerHandler.channelRead(ServerHandler.java:68)\n\tat io.netty.channel.AbstractChannelHandlerContext.invokeChannelRead(AbstractChannelHandlerContext.java:366)\n\tat io.netty.channel.AbstractChannelHandlerContext.invokeChannelRead(AbstractChannelHandlerContext.java:352)\n\tat io.netty.chann...
[debug] &amp#27;[35m[W3C]&amp#27;[39m Matched W3C error code 'no such element' to NoSuchElementError
[debug] &amp#27;[35m[BaseDriver]&amp#27;[39m Waited for 8434 ms so far
[debug] &amp#27;[35m[WD Proxy]&amp#27;[39m Matched '/element' to command name 'findElement'
[debug] &amp#27;[35m[WD Proxy]&amp#27;[39m Proxying [POST /element] to [POST http://127.0.0.1:8201/wd/hub/session/4cb2e25a-2bc2-42cc-8dee-3bc92c52b92f/element] with body: {"strategy":"-android uiautomator","selector":"new UiSelector().text(\"打卡\")","context":"","multiple":false}
&amp#27;[35m[WD Proxy]&amp#27;[39m Got response with status 404: {"sessionId":"4cb2e25a-2bc2-42cc-8dee-3bc92c52b92f","value":{"error":"no such element","message":"An element could not be located on the page using the given search parameters","stacktrace":"io.appium.uiautomator2.common.exceptions.ElementNotFoundException: An element could not be located on the page using the given search parameters\n\tat io.appium.uiautomator2.handler.FindElement.safeHandle(FindElement.java:70)\n\tat io.appium.uiautomator2.handler.request.SafeRequestHandler.handle(SafeRequestHandler.java:59)\n\tat io.appium.uiautomator2.server.AppiumServlet.handleRequest(AppiumServlet.java:266)\n\tat io.appium.uiautomator2.server.AppiumServlet.handleHttpRequest(AppiumServlet.java:260)\n\tat io.appium.uiautomator2.http.ServerHandler.channelRead(ServerHandler.java:68)\n\tat io.netty.channel.AbstractChannelHandlerContext.invokeChannelRead(AbstractChannelHandlerContext.java:366)\n\tat io.netty.channel.AbstractChannelHandlerContext.invokeChannelRead(AbstractChannelHandlerContext.java:352)\n\tat io.netty.chann...
[debug] &amp#27;[35m[W3C]&amp#27;[39m Matched W3C error code 'no such element' to NoSuchElementError
[debug] &amp#27;[35m[BaseDriver]&amp#27;[39m Waited for 8983 ms so far
[debug] &amp#27;[35m[WD Proxy]&amp#27;[39m Matched '/element' to command name 'findElement'
[debug] &amp#27;[35m[WD Proxy]&amp#27;[39m Proxying [POST /element] to [POST http://127.0.0.1:8201/wd/hub/session/4cb2e25a-2bc2-42cc-8dee-3bc92c52b92f/element] with body: {"strategy":"-android uiautomator","selector":"new UiSelector().text(\"打卡\")","context":"","multiple":false}
&amp#27;[35m[WD Proxy]&amp#27;[39m Got response with status 404: {"sessionId":"4cb2e25a-2bc2-42cc-8dee-3bc92c52b92f","value":{"error":"no such element","message":"An element could not be located on the page using the given search parameters","stacktrace":"io.appium.uiautomator2.common.exceptions.ElementNotFoundException: An element could not be located on the page using the given search parameters\n\tat io.appium.uiautomator2.handler.FindElement.safeHandle(FindElement.java:70)\n\tat io.appium.uiautomator2.handler.request.SafeRequestHandler.handle(SafeRequestHandler.java:59)\n\tat io.appium.uiautomator2.server.AppiumServlet.handleRequest(AppiumServlet.java:266)\n\tat io.appium.uiautomator2.server.AppiumServlet.handleHttpRequest(AppiumServlet.java:260)\n\tat io.appium.uiautomator2.http.ServerHandler.channelRead(ServerHandler.java:68)\n\tat io.netty.channel.AbstractChannelHandlerContext.invokeChannelRead(AbstractChannelHandlerContext.java:366)\n\tat io.netty.channel.AbstractChannelHandlerContext.invokeChannelRead(AbstractChannelHandlerContext.java:352)\n\tat io.netty.chann...
[debug] &amp#27;[35m[W3C]&amp#27;[39m Matched W3C error code 'no such element' to NoSuchElementError
[debug] &amp#27;[35m[BaseDriver]&amp#27;[39m Waited for 9537 ms so far
[debug] &amp#27;[35m[WD Proxy]&amp#27;[39m Matched '/element' to command name 'findElement'
[debug] &amp#27;[35m[WD Proxy]&amp#27;[39m Proxying [POST /element] to [POST http://127.0.0.1:8201/wd/hub/session/4cb2e25a-2bc2-42cc-8dee-3bc92c52b92f/element] with body: {"strategy":"-android uiautomator","selector":"new UiSelector().text(\"打卡\")","context":"","multiple":false}
&amp#27;[35m[WD Proxy]&amp#27;[39m Got response with status 404: {"sessionId":"4cb2e25a-2bc2-42cc-8dee-3bc92c52b92f","value":{"error":"no such element","message":"An element could not be located on the page using the given search parameters","stacktrace":"io.appium.uiautomator2.common.exceptions.ElementNotFoundException: An element could not be located on the page using the given search parameters\n\tat io.appium.uiautomator2.handler.FindElement.safeHandle(FindElement.java:70)\n\tat io.appium.uiautomator2.handler.request.SafeRequestHandler.handle(SafeRequestHandler.java:59)\n\tat io.appium.uiautomator2.server.AppiumServlet.handleRequest(AppiumServlet.java:266)\n\tat io.appium.uiautomator2.server.AppiumServlet.handleHttpRequest(AppiumServlet.java:260)\n\tat io.appium.uiautomator2.http.ServerHandler.channelRead(ServerHandler.java:68)\n\tat io.netty.channel.AbstractChannelHandlerContext.invokeChannelRead(AbstractChannelHandlerContext.java:366)\n\tat io.netty.channel.AbstractChannelHandlerContext.invokeChannelRead(AbstractChannelHandlerContext.java:352)\n\tat io.netty.chann...
[debug] &amp#27;[35m[W3C]&amp#27;[39m Matched W3C error code 'no such element' to NoSuchElementError
[debug] &amp#27;[35m[BaseDriver]&amp#27;[39m Waited for 10086 ms so far
[debug] &amp#27;[35m[WD Proxy]&amp#27;[39m Matched '/element' to command name 'findElement'
[debug] &amp#27;[35m[WD Proxy]&amp#27;[39m Proxying [POST /element] to [POST http://127.0.0.1:8201/wd/hub/session/4cb2e25a-2bc2-42cc-8dee-3bc92c52b92f/element] with body: {"strategy":"-android uiautomator","selector":"new UiSelector().text(\"打卡\")","context":"","multiple":false}
&amp#27;[35m[WD Proxy]&amp#27;[39m Got response with status 404: {"sessionId":"4cb2e25a-2bc2-42cc-8dee-3bc92c52b92f","value":{"error":"no such element","message":"An element could not be located on the page using the given search parameters","stacktrace":"io.appium.uiautomator2.common.exceptions.ElementNotFoundException: An element could not be located on the page using the given search parameters\n\tat io.appium.uiautomator2.handler.FindElement.safeHandle(FindElement.java:70)\n\tat io.appium.uiautomator2.handler.request.SafeRequestHandler.handle(SafeRequestHandler.java:59)\n\tat io.appium.uiautomator2.server.AppiumServlet.handleRequest(AppiumServlet.java:266)\n\tat io.appium.uiautomator2.server.AppiumServlet.handleHttpRequest(AppiumServlet.java:260)\n\tat io.appium.uiautomator2.http.ServerHandler.channelRead(ServerHandler.java:68)\n\tat io.netty.channel.AbstractChannelHandlerContext.invokeChannelRead(AbstractChannelHandlerContext.java:366)\n\tat io.netty.channel.AbstractChannelHandlerContext.invokeChannelRead(AbstractChannelHandlerContext.java:352)\n\tat io.netty.chann...
[debug] &amp#27;[35m[W3C]&amp#27;[39m Matched W3C error code 'no such element' to NoSuchElementError
[debug] &amp#27;[35m[BaseDriver]&amp#27;[39m Waited for 10639 ms so far
[debug] &amp#27;[35m[WD Proxy]&amp#27;[39m Matched '/element' to command name 'findElement'
[debug] &amp#27;[35m[WD Proxy]&amp#27;[39m Proxying [POST /element] to [POST http://127.0.0.1:8201/wd/hub/session/4cb2e25a-2bc2-42cc-8dee-3bc92c52b92f/element] with body: {"strategy":"-android uiautomator","selector":"new UiSelector().text(\"打卡\")","context":"","multiple":false}
&amp#27;[35m[WD Proxy]&amp#27;[39m Got response with status 404: {"sessionId":"4cb2e25a-2bc2-42cc-8dee-3bc92c52b92f","value":{"error":"no such element","message":"An element could not be located on the page using the given search parameters","stacktrace":"io.appium.uiautomator2.common.exceptions.ElementNotFoundException: An element could not be located on the page using the given search parameters\n\tat io.appium.uiautomator2.handler.FindElement.safeHandle(FindElement.java:70)\n\tat io.appium.uiautomator2.handler.request.SafeRequestHandler.handle(SafeRequestHandler.java:59)\n\tat io.appium.uiautomator2.server.AppiumServlet.handleRequest(AppiumServlet.java:266)\n\tat io.appium.uiautomator2.server.AppiumServlet.handleHttpRequest(AppiumServlet.java:260)\n\tat io.appium.uiautomator2.http.ServerHandler.channelRead(ServerHandler.java:68)\n\tat io.netty.channel.AbstractChannelHandlerContext.invokeChannelRead(AbstractChannelHandlerContext.java:366)\n\tat io.netty.channel.AbstractChannelHandlerContext.invokeChannelRead(AbstractChannelHandlerContext.java:352)\n\tat io.netty.chann...
[debug] &amp#27;[35m[W3C]&amp#27;[39m Matched W3C error code 'no such element' to NoSuchElementError
[debug] &amp#27;[35m[BaseDriver]&amp#27;[39m Waited for 11189 ms so far
[debug] &amp#27;[35m[WD Proxy]&amp#27;[39m Matched '/element' to command name 'findElement'
[debug] &amp#27;[35m[WD Proxy]&amp#27;[39m Proxying [POST /element] to [POST http://127.0.0.1:8201/wd/hub/session/4cb2e25a-2bc2-42cc-8dee-3bc92c52b92f/element] with body: {"strategy":"-android uiautomator","selector":"new UiSelector().text(\"打卡\")","context":"","multiple":false}
&amp#27;[35m[WD Proxy]&amp#27;[39m Got response with status 404: {"sessionId":"4cb2e25a-2bc2-42cc-8dee-3bc92c52b92f","value":{"error":"no such element","message":"An element could not be located on the page using the given search parameters","stacktrace":"io.appium.uiautomator2.common.exceptions.ElementNotFoundException: An element could not be located on the page using the given search parameters\n\tat io.appium.uiautomator2.handler.FindElement.safeHandle(FindElement.java:70)\n\tat io.appium.uiautomator2.handler.request.SafeRequestHandler.handle(SafeRequestHandler.java:59)\n\tat io.appium.uiautomator2.server.AppiumServlet.handleRequest(AppiumServlet.java:266)\n\tat io.appium.uiautomator2.server.AppiumServlet.handleHttpRequest(AppiumServlet.java:260)\n\tat io.appium.uiautomator2.http.ServerHandler.channelRead(ServerHandler.java:68)\n\tat io.netty.channel.AbstractChannelHandlerContext.invokeChannelRead(AbstractChannelHandlerContext.java:366)\n\tat io.netty.channel.AbstractChannelHandlerContext.invokeChannelRead(AbstractChannelHandlerContext.java:352)\n\tat io.netty.chann...
[debug] &amp#27;[35m[W3C]&amp#27;[39m Matched W3C error code 'no such element' to NoSuchElementError
[debug] &amp#27;[35m[BaseDriver]&amp#27;[39m Waited for 11745 ms so far
[debug] &amp#27;[35m[WD Proxy]&amp#27;[39m Matched '/element' to command name 'findElement'
[debug] &amp#27;[35m[WD Proxy]&amp#27;[39m Proxying [POST /element] to [POST http://127.0.0.1:8201/wd/hub/session/4cb2e25a-2bc2-42cc-8dee-3bc92c52b92f/element] with body: {"strategy":"-android uiautomator","selector":"new UiSelector().text(\"打卡\")","context":"","multiple":false}
&amp#27;[35m[WD Proxy]&amp#27;[39m Got response with status 404: {"sessionId":"4cb2e25a-2bc2-42cc-8dee-3bc92c52b92f","value":{"error":"no such element","message":"An element could not be located on the page using the given search parameters","stacktrace":"io.appium.uiautomator2.common.exceptions.ElementNotFoundException: An element could not be located on the page using the given search parameters\n\tat io.appium.uiautomator2.handler.FindElement.safeHandle(FindElement.java:70)\n\tat io.appium.uiautomator2.handler.request.SafeRequestHandler.handle(SafeRequestHandler.java:59)\n\tat io.appium.uiautomator2.server.AppiumServlet.handleRequest(AppiumServlet.java:266)\n\tat io.appium.uiautomator2.server.AppiumServlet.handleHttpRequest(AppiumServlet.java:260)\n\tat io.appium.uiautomator2.http.ServerHandler.channelRead(ServerHandler.java:68)\n\tat io.netty.channel.AbstractChannelHandlerContext.invokeChannelRead(AbstractChannelHandlerContext.java:366)\n\tat io.netty.channel.AbstractChannelHandlerContext.invokeChannelRead(AbstractChannelHandlerContext.java:352)\n\tat io.netty.chann...
[debug] &amp#27;[35m[W3C]&amp#27;[39m Matched W3C error code 'no such element' to NoSuchElementError
[debug] &amp#27;[35m[BaseDriver]&amp#27;[39m Waited for 12294 ms so far
[debug] &amp#27;[35m[WD Proxy]&amp#27;[39m Matched '/element' to command name 'findElement'
[debug] &amp#27;[35m[WD Proxy]&amp#27;[39m Proxying [POST /element] to [POST http://127.0.0.1:8201/wd/hub/session/4cb2e25a-2bc2-42cc-8dee-3bc92c52b92f/element] with body: {"strategy":"-android uiautomator","selector":"new UiSelector().text(\"打卡\")","context":"","multiple":false}
&amp#27;[35m[WD Proxy]&amp#27;[39m Got response with status 404: {"sessionId":"4cb2e25a-2bc2-42cc-8dee-3bc92c52b92f","value":{"error":"no such element","message":"An element could not be located on the page using the given search parameters","stacktrace":"io.appium.uiautomator2.common.exceptions.ElementNotFoundException: An element could not be located on the page using the given search parameters\n\tat io.appium.uiautomator2.handler.FindElement.safeHandle(FindElement.java:70)\n\tat io.appium.uiautomator2.handler.request.SafeRequestHandler.handle(SafeRequestHandler.java:59)\n\tat io.appium.uiautomator2.server.AppiumServlet.handleRequest(AppiumServlet.java:266)\n\tat io.appium.uiautomator2.server.AppiumServlet.handleHttpRequest(AppiumServlet.java:260)\n\tat io.appium.uiautomator2.http.ServerHandler.channelRead(ServerHandler.java:68)\n\tat io.netty.channel.AbstractChannelHandlerContext.invokeChannelRead(AbstractChannelHandlerContext.java:366)\n\tat io.netty.channel.AbstractChannelHandlerContext.invokeChannelRead(AbstractChannelHandlerContext.java:352)\n\tat io.netty.chann...
[debug] &amp#27;[35m[W3C]&amp#27;[39m Matched W3C error code 'no such element' to NoSuchElementError
[debug] &amp#27;[35m[BaseDriver]&amp#27;[39m Waited for 12842 ms so far
[debug] &amp#27;[35m[WD Proxy]&amp#27;[39m Matched '/element' to command name 'findElement'
[debug] &amp#27;[35m[WD Proxy]&amp#27;[39m Proxying [POST /element] to [POST http://127.0.0.1:8201/wd/hub/session/4cb2e25a-2bc2-42cc-8dee-3bc92c52b92f/element] with body: {"strategy":"-android uiautomator","selector":"new UiSelector().text(\"打卡\")","context":"","multiple":false}
&amp#27;[35m[WD Proxy]&amp#27;[39m Got response with status 404: {"sessionId":"4cb2e25a-2bc2-42cc-8dee-3bc92c52b92f","value":{"error":"no such element","message":"An element could not be located on the page using the given search parameters","stacktrace":"io.appium.uiautomator2.common.exceptions.ElementNotFoundException: An element could not be located on the page using the given search parameters\n\tat io.appium.uiautomator2.handler.FindElement.safeHandle(FindElement.java:70)\n\tat io.appium.uiautomator2.handler.request.SafeRequestHandler.handle(SafeRequestHandler.java:59)\n\tat io.appium.uiautomator2.server.AppiumServlet.handleRequest(AppiumServlet.java:266)\n\tat io.appium.uiautomator2.server.AppiumServlet.handleHttpRequest(AppiumServlet.java:260)\n\tat io.appium.uiautomator2.http.ServerHandler.channelRead(ServerHandler.java:68)\n\tat io.netty.channel.AbstractChannelHandlerContext.invokeChannelRead(AbstractChannelHandlerContext.java:366)\n\tat io.netty.channel.AbstractChannelHandlerContext.invokeChannelRead(AbstractChannelHandlerContext.java:352)\n\tat io.netty.chann...
[debug] &amp#27;[35m[W3C]&amp#27;[39m Matched W3C error code 'no such element' to NoSuchElementError
[debug] &amp#27;[35m[BaseDriver]&amp#27;[39m Waited for 13389 ms so far
[debug] &amp#27;[35m[WD Proxy]&amp#27;[39m Matched '/element' to command name 'findElement'
[debug] &amp#27;[35m[WD Proxy]&amp#27;[39m Proxying [POST /element] to [POST http://127.0.0.1:8201/wd/hub/session/4cb2e25a-2bc2-42cc-8dee-3bc92c52b92f/element] with body: {"strategy":"-android uiautomator","selector":"new UiSelector().text(\"打卡\")","context":"","multiple":false}
&amp#27;[35m[WD Proxy]&amp#27;[39m Got response with status 404: {"sessionId":"4cb2e25a-2bc2-42cc-8dee-3bc92c52b92f","value":{"error":"no such element","message":"An element could not be located on the page using the given search parameters","stacktrace":"io.appium.uiautomator2.common.exceptions.ElementNotFoundException: An element could not be located on the page using the given search parameters\n\tat io.appium.uiautomator2.handler.FindElement.safeHandle(FindElement.java:70)\n\tat io.appium.uiautomator2.handler.request.SafeRequestHandler.handle(SafeRequestHandler.java:59)\n\tat io.appium.uiautomator2.server.AppiumServlet.handleRequest(AppiumServlet.java:266)\n\tat io.appium.uiautomator2.server.AppiumServlet.handleHttpRequest(AppiumServlet.java:260)\n\tat io.appium.uiautomator2.http.ServerHandler.channelRead(ServerHandler.java:68)\n\tat io.netty.channel.AbstractChannelHandlerContext.invokeChannelRead(AbstractChannelHandlerContext.java:366)\n\tat io.netty.channel.AbstractChannelHandlerContext.invokeChannelRead(AbstractChannelHandlerContext.java:352)\n\tat io.netty.chann...
[debug] &amp#27;[35m[W3C]&amp#27;[39m Matched W3C error code 'no such element' to NoSuchElementError
[debug] &amp#27;[35m[BaseDriver]&amp#27;[39m Waited for 13939 ms so far
[debug] &amp#27;[35m[WD Proxy]&amp#27;[39m Matched '/element' to command name 'findElement'
[debug] &amp#27;[35m[WD Proxy]&amp#27;[39m Proxying [POST /element] to [POST http://127.0.0.1:8201/wd/hub/session/4cb2e25a-2bc2-42cc-8dee-3bc92c52b92f/element] with body: {"strategy":"-android uiautomator","selector":"new UiSelector().text(\"打卡\")","context":"","multiple":false}
&amp#27;[35m[WD Proxy]&amp#27;[39m Got response with status 404: {"sessionId":"4cb2e25a-2bc2-42cc-8dee-3bc92c52b92f","value":{"error":"no such element","message":"An element could not be located on the page using the given search parameters","stacktrace":"io.appium.uiautomator2.common.exceptions.ElementNotFoundException: An element could not be located on the page using the given search parameters\n\tat io.appium.uiautomator2.handler.FindElement.safeHandle(FindElement.java:70)\n\tat io.appium.uiautomator2.handler.request.SafeRequestHandler.handle(SafeRequestHandler.java:59)\n\tat io.appium.uiautomator2.server.AppiumServlet.handleRequest(AppiumServlet.java:266)\n\tat io.appium.uiautomator2.server.AppiumServlet.handleHttpRequest(AppiumServlet.java:260)\n\tat io.appium.uiautomator2.http.ServerHandler.channelRead(ServerHandler.java:68)\n\tat io.netty.channel.AbstractChannelHandlerContext.invokeChannelRead(AbstractChannelHandlerContext.java:366)\n\tat io.netty.channel.AbstractChannelHandlerContext.invokeChannelRead(AbstractChannelHandlerContext.java:352)\n\tat io.netty.chann...
[debug] &amp#27;[35m[W3C]&amp#27;[39m Matched W3C error code 'no such element' to NoSuchElementError
[debug] &amp#27;[35m[BaseDriver]&amp#27;[39m Waited for 14489 ms so far
[debug] &amp#27;[35m[WD Proxy]&amp#27;[39m Matched '/element' to command name 'findElement'
[debug] &amp#27;[35m[WD Proxy]&amp#27;[39m Proxying [POST /element] to [POST http://127.0.0.1:8201/wd/hub/session/4cb2e25a-2bc2-42cc-8dee-3bc92c52b92f/element] with body: {"strategy":"-android uiautomator","selector":"new UiSelector().text(\"打卡\")","context":"","multiple":false}
&amp#27;[35m[WD Proxy]&amp#27;[39m Got response with status 404: {"sessionId":"4cb2e25a-2bc2-42cc-8dee-3bc92c52b92f","value":{"error":"no such element","message":"An element could not be located on the page using the given search parameters","stacktrace":"io.appium.uiautomator2.common.exceptions.ElementNotFoundException: An element could not be located on the page using the given search parameters\n\tat io.appium.uiautomator2.handler.FindElement.safeHandle(FindElement.java:70)\n\tat io.appium.uiautomator2.handler.request.SafeRequestHandler.handle(SafeRequestHandler.java:59)\n\tat io.appium.uiautomator2.server.AppiumServlet.handleRequest(AppiumServlet.java:266)\n\tat io.appium.uiautomator2.server.AppiumServlet.handleHttpRequest(AppiumServlet.java:260)\n\tat io.appium.uiautomator2.http.ServerHandler.channelRead(ServerHandler.java:68)\n\tat io.netty.channel.AbstractChannelHandlerContext.invokeChannelRead(AbstractChannelHandlerContext.java:366)\n\tat io.netty.channel.AbstractChannelHandlerContext.invokeChannelRead(AbstractChannelHandlerContext.java:352)\n\tat io.netty.chann...
[debug] &amp#27;[35m[W3C]&amp#27;[39m Matched W3C error code 'no such element' to NoSuchElementError
[debug] &amp#27;[35m[BaseDriver]&amp#27;[39m Waited for 15038 ms so far
[debug] &amp#27;[35m[WD Proxy]&amp#27;[39m Matched '/element' to command name 'findElement'
[debug] &amp#27;[35m[WD Proxy]&amp#27;[39m Proxying [POST /element] to [POST http://127.0.0.1:8201/wd/hub/session/4cb2e25a-2bc2-42cc-8dee-3bc92c52b92f/element] with body: {"strategy":"-android uiautomator","selector":"new UiSelector().text(\"打卡\")","context":"","multiple":false}
&amp#27;[35m[WD Proxy]&amp#27;[39m Got response with status 404: {"sessionId":"4cb2e25a-2bc2-42cc-8dee-3bc92c52b92f","value":{"error":"no such element","message":"An element could not be located on the page using the given search parameters","stacktrace":"io.appium.uiautomator2.common.exceptions.ElementNotFoundException: An element could not be located on the page using the given search parameters\n\tat io.appium.uiautomator2.handler.FindElement.safeHandle(FindElement.java:70)\n\tat io.appium.uiautomator2.handler.request.SafeRequestHandler.handle(SafeRequestHandler.java:59)\n\tat io.appium.uiautomator2.server.AppiumServlet.handleRequest(AppiumServlet.java:266)\n\tat io.appium.uiautomator2.server.AppiumServlet.handleHttpRequest(AppiumServlet.java:260)\n\tat io.appium.uiautomator2.http.ServerHandler.channelRead(ServerHandler.java:68)\n\tat io.netty.channel.AbstractChannelHandlerContext.invokeChannelRead(AbstractChannelHandlerContext.java:366)\n\tat io.netty.channel.AbstractChannelHandlerContext.invokeChannelRead(AbstractChannelHandlerContext.java:352)\n\tat io.netty.chann...
[debug] &amp#27;[35m[W3C]&amp#27;[39m Matched W3C error code 'no such element' to NoSuchElementError
[debug] &amp#27;[35m[BaseDriver]&amp#27;[39m Waited for 15590 ms so far
[debug] &amp#27;[35m[WD Proxy]&amp#27;[39m Matched '/element' to command name 'findElement'
[debug] &amp#27;[35m[WD Proxy]&amp#27;[39m Proxying [POST /element] to [POST http://127.0.0.1:8201/wd/hub/session/4cb2e25a-2bc2-42cc-8dee-3bc92c52b92f/element] with body: {"strategy":"-android uiautomator","selector":"new UiSelector().text(\"打卡\")","context":"","multiple":false}
&amp#27;[35m[WD Proxy]&amp#27;[39m Got response with status 404: {"sessionId":"4cb2e25a-2bc2-42cc-8dee-3bc92c52b92f","value":{"error":"no such element","message":"An element could not be located on the page using the given search parameters","stacktrace":"io.appium.uiautomator2.common.exceptions.ElementNotFoundException: An element could not be located on the page using the given search parameters\n\tat io.appium.uiautomator2.handler.FindElement.safeHandle(FindElement.java:70)\n\tat io.appium.uiautomator2.handler.request.SafeRequestHandler.handle(SafeRequestHandler.java:59)\n\tat io.appium.uiautomator2.server.AppiumServlet.handleRequest(AppiumServlet.java:266)\n\tat io.appium.uiautomator2.server.AppiumServlet.handleHttpRequest(AppiumServlet.java:260)\n\tat io.appium.uiautomator2.http.ServerHandler.channelRead(ServerHandler.java:68)\n\tat io.netty.channel.AbstractChannelHandlerContext.invokeChannelRead(AbstractChannelHandlerContext.java:366)\n\tat io.netty.channel.AbstractChannelHandlerContext.invokeChannelRead(AbstractChannelHandlerContext.java:352)\n\tat io.netty.chann...
[debug] &amp#27;[35m[W3C]&amp#27;[39m Matched W3C error code 'no such element' to NoSuchElementError
[debug] &amp#27;[35m[BaseDriver]&amp#27;[39m Waited for 16138 ms so far
[debug] &amp#27;[35m[WD Proxy]&amp#27;[39m Matched '/element' to command name 'findElement'
[debug] &amp#27;[35m[WD Proxy]&amp#27;[39m Proxying [POST /element] to [POST http://127.0.0.1:8201/wd/hub/session/4cb2e25a-2bc2-42cc-8dee-3bc92c52b92f/element] with body: {"strategy":"-android uiautomator","selector":"new UiSelector().text(\"打卡\")","context":"","multiple":false}
&amp#27;[35m[WD Proxy]&amp#27;[39m Got response with status 404: {"sessionId":"4cb2e25a-2bc2-42cc-8dee-3bc92c52b92f","value":{"error":"no such element","message":"An element could not be located on the page using the given search parameters","stacktrace":"io.appium.uiautomator2.common.exceptions.ElementNotFoundException: An element could not be located on the page using the given search parameters\n\tat io.appium.uiautomator2.handler.FindElement.safeHandle(FindElement.java:70)\n\tat io.appium.uiautomator2.handler.request.SafeRequestHandler.handle(SafeRequestHandler.java:59)\n\tat io.appium.uiautomator2.server.AppiumServlet.handleRequest(AppiumServlet.java:266)\n\tat io.appium.uiautomator2.server.AppiumServlet.handleHttpRequest(AppiumServlet.java:260)\n\tat io.appium.uiautomator2.http.ServerHandler.channelRead(ServerHandler.java:68)\n\tat io.netty.channel.AbstractChannelHandlerContext.invokeChannelRead(AbstractChannelHandlerContext.java:366)\n\tat io.netty.channel.AbstractChannelHandlerContext.invokeChannelRead(AbstractChannelHandlerContext.java:352)\n\tat io.netty.chann...
[debug] &amp#27;[35m[W3C]&amp#27;[39m Matched W3C error code 'no such element' to NoSuchElementError
[debug] &amp#27;[35m[BaseDriver]&amp#27;[39m Waited for 16688 ms so far
[debug] &amp#27;[35m[WD Proxy]&amp#27;[39m Matched '/element' to command name 'findElement'
[debug] &amp#27;[35m[WD Proxy]&amp#27;[39m Proxying [POST /element] to [POST http://127.0.0.1:8201/wd/hub/session/4cb2e25a-2bc2-42cc-8dee-3bc92c52b92f/element] with body: {"strategy":"-android uiautomator","selector":"new UiSelector().text(\"打卡\")","context":"","multiple":false}
&amp#27;[35m[WD Proxy]&amp#27;[39m Got response with status 404: {"sessionId":"4cb2e25a-2bc2-42cc-8dee-3bc92c52b92f","value":{"error":"no such element","message":"An element could not be located on the page using the given search parameters","stacktrace":"io.appium.uiautomator2.common.exceptions.ElementNotFoundException: An element could not be located on the page using the given search parameters\n\tat io.appium.uiautomator2.handler.FindElement.safeHandle(FindElement.java:70)\n\tat io.appium.uiautomator2.handler.request.SafeRequestHandler.handle(SafeRequestHandler.java:59)\n\tat io.appium.uiautomator2.server.AppiumServlet.handleRequest(AppiumServlet.java:266)\n\tat io.appium.uiautomator2.server.AppiumServlet.handleHttpRequest(AppiumServlet.java:260)\n\tat io.appium.uiautomator2.http.ServerHandler.channelRead(ServerHandler.java:68)\n\tat io.netty.channel.AbstractChannelHandlerContext.invokeChannelRead(AbstractChannelHandlerContext.java:366)\n\tat io.netty.channel.AbstractChannelHandlerContext.invokeChannelRead(AbstractChannelHandlerContext.java:352)\n\tat io.netty.chann...
[debug] &amp#27;[35m[W3C]&amp#27;[39m Matched W3C error code 'no such element' to NoSuchElementError
[debug] &amp#27;[35m[BaseDriver]&amp#27;[39m Waited for 17235 ms so far
[debug] &amp#27;[35m[WD Proxy]&amp#27;[39m Matched '/element' to command name 'findElement'
[debug] &amp#27;[35m[WD Proxy]&amp#27;[39m Proxying [POST /element] to [POST http://127.0.0.1:8201/wd/hub/session/4cb2e25a-2bc2-42cc-8dee-3bc92c52b92f/element] with body: {"strategy":"-android uiautomator","selector":"new UiSelector().text(\"打卡\")","context":"","multiple":false}
&amp#27;[35m[WD Proxy]&amp#27;[39m Got response with status 404: {"sessionId":"4cb2e25a-2bc2-42cc-8dee-3bc92c52b92f","value":{"error":"no such element","message":"An element could not be located on the page using the given search parameters","stacktrace":"io.appium.uiautomator2.common.exceptions.ElementNotFoundException: An element could not be located on the page using the given search parameters\n\tat io.appium.uiautomator2.handler.FindElement.safeHandle(FindElement.java:70)\n\tat io.appium.uiautomator2.handler.request.SafeRequestHandler.handle(SafeRequestHandler.java:59)\n\tat io.appium.uiautomator2.server.AppiumServlet.handleRequest(AppiumServlet.java:266)\n\tat io.appium.uiautomator2.server.AppiumServlet.handleHttpRequest(AppiumServlet.java:260)\n\tat io.appium.uiautomator2.http.ServerHandler.channelRead(ServerHandler.java:68)\n\tat io.netty.channel.AbstractChannelHandlerContext.invokeChannelRead(AbstractChannelHandlerContext.java:366)\n\tat io.netty.channel.AbstractChannelHandlerContext.invokeChannelRead(AbstractChannelHandlerContext.java:352)\n\tat io.netty.chann...
[debug] &amp#27;[35m[W3C]&amp#27;[39m Matched W3C error code 'no such element' to NoSuchElementError
[debug] &amp#27;[35m[BaseDriver]&amp#27;[39m Waited for 17786 ms so far
[debug] &amp#27;[35m[WD Proxy]&amp#27;[39m Matched '/element' to command name 'findElement'
[debug] &amp#27;[35m[WD Proxy]&amp#27;[39m Proxying [POST /element] to [POST http://127.0.0.1:8201/wd/hub/session/4cb2e25a-2bc2-42cc-8dee-3bc92c52b92f/element] with body: {"strategy":"-android uiautomator","selector":"new UiSelector().text(\"打卡\")","context":"","multiple":false}
&amp#27;[35m[WD Proxy]&amp#27;[39m Got response with status 404: {"sessionId":"4cb2e25a-2bc2-42cc-8dee-3bc92c52b92f","value":{"error":"no such element","message":"An element could not be located on the page using the given search parameters","stacktrace":"io.appium.uiautomator2.common.exceptions.ElementNotFoundException: An element could not be located on the page using the given search parameters\n\tat io.appium.uiautomator2.handler.FindElement.safeHandle(FindElement.java:70)\n\tat io.appium.uiautomator2.handler.request.SafeRequestHandler.handle(SafeRequestHandler.java:59)\n\tat io.appium.uiautomator2.server.AppiumServlet.handleRequest(AppiumServlet.java:266)\n\tat io.appium.uiautomator2.server.AppiumServlet.handleHttpRequest(AppiumServlet.java:260)\n\tat io.appium.uiautomator2.http.ServerHandler.channelRead(ServerHandler.java:68)\n\tat io.netty.channel.AbstractChannelHandlerContext.invokeChannelRead(AbstractChannelHandlerContext.java:366)\n\tat io.netty.channel.AbstractChannelHandlerContext.invokeChannelRead(AbstractChannelHandlerContext.java:352)\n\tat io.netty.chann...
[debug] &amp#27;[35m[W3C]&amp#27;[39m Matched W3C error code 'no such element' to NoSuchElementError
[debug] &amp#27;[35m[BaseDriver]&amp#27;[39m Waited for 18338 ms so far
[debug] &amp#27;[35m[WD Proxy]&amp#27;[39m Matched '/element' to command name 'findElement'
[debug] &amp#27;[35m[WD Proxy]&amp#27;[39m Proxying [POST /element] to [POST http://127.0.0.1:8201/wd/hub/session/4cb2e25a-2bc2-42cc-8dee-3bc92c52b92f/element] with body: {"strategy":"-android uiautomator","selector":"new UiSelector().text(\"打卡\")","context":"","multiple":false}
&amp#27;[35m[WD Proxy]&amp#27;[39m Got response with status 404: {"sessionId":"4cb2e25a-2bc2-42cc-8dee-3bc92c52b92f","value":{"error":"no such element","message":"An element could not be located on the page using the given search parameters","stacktrace":"io.appium.uiautomator2.common.exceptions.ElementNotFoundException: An element could not be located on the page using the given search parameters\n\tat io.appium.uiautomator2.handler.FindElement.safeHandle(FindElement.java:70)\n\tat io.appium.uiautomator2.handler.request.SafeRequestHandler.handle(SafeRequestHandler.java:59)\n\tat io.appium.uiautomator2.server.AppiumServlet.handleRequest(AppiumServlet.java:266)\n\tat io.appium.uiautomator2.server.AppiumServlet.handleHttpRequest(AppiumServlet.java:260)\n\tat io.appium.uiautomator2.http.ServerHandler.channelRead(ServerHandler.java:68)\n\tat io.netty.channel.AbstractChannelHandlerContext.invokeChannelRead(AbstractChannelHandlerContext.java:366)\n\tat io.netty.channel.AbstractChannelHandlerContext.invokeChannelRead(AbstractChannelHandlerContext.java:352)\n\tat io.netty.chann...
[debug] &amp#27;[35m[W3C]&amp#27;[39m Matched W3C error code 'no such element' to NoSuchElementError
[debug] &amp#27;[35m[BaseDriver]&amp#27;[39m Waited for 18890 ms so far
[debug] &amp#27;[35m[WD Proxy]&amp#27;[39m Matched '/element' to command name 'findElement'
[debug] &amp#27;[35m[WD Proxy]&amp#27;[39m Proxying [POST /element] to [POST http://127.0.0.1:8201/wd/hub/session/4cb2e25a-2bc2-42cc-8dee-3bc92c52b92f/element] with body: {"strategy":"-android uiautomator","selector":"new UiSelector().text(\"打卡\")","context":"","multiple":false}
&amp#27;[35m[WD Proxy]&amp#27;[39m Got response with status 404: {"sessionId":"4cb2e25a-2bc2-42cc-8dee-3bc92c52b92f","value":{"error":"no such element","message":"An element could not be located on the page using the given search parameters","stacktrace":"io.appium.uiautomator2.common.exceptions.ElementNotFoundException: An element could not be located on the page using the given search parameters\n\tat io.appium.uiautomator2.handler.FindElement.safeHandle(FindElement.java:70)\n\tat io.appium.uiautomator2.handler.request.SafeRequestHandler.handle(SafeRequestHandler.java:59)\n\tat io.appium.uiautomator2.server.AppiumServlet.handleRequest(AppiumServlet.java:266)\n\tat io.appium.uiautomator2.server.AppiumServlet.handleHttpRequest(AppiumServlet.java:260)\n\tat io.appium.uiautomator2.http.ServerHandler.channelRead(ServerHandler.java:68)\n\tat io.netty.channel.AbstractChannelHandlerContext.invokeChannelRead(AbstractChannelHandlerContext.java:366)\n\tat io.netty.channel.AbstractChannelHandlerContext.invokeChannelRead(AbstractChannelHandlerContext.java:352)\n\tat io.netty.chann...
[debug] &amp#27;[35m[W3C]&amp#27;[39m Matched W3C error code 'no such element' to NoSuchElementError
[debug] &amp#27;[35m[BaseDriver]&amp#27;[39m Waited for 19444 ms so far
[debug] &amp#27;[35m[WD Proxy]&amp#27;[39m Matched '/element' to command name 'findElement'
[debug] &amp#27;[35m[WD Proxy]&amp#27;[39m Proxying [POST /element] to [POST http://127.0.0.1:8201/wd/hub/session/4cb2e25a-2bc2-42cc-8dee-3bc92c52b92f/element] with body: {"strategy":"-android uiautomator","selector":"new UiSelector().text(\"打卡\")","context":"","multiple":false}
&amp#27;[35m[WD Proxy]&amp#27;[39m Got response with status 404: {"sessionId":"4cb2e25a-2bc2-42cc-8dee-3bc92c52b92f","value":{"error":"no such element","message":"An element could not be located on the page using the given search parameters","stacktrace":"io.appium.uiautomator2.common.exceptions.ElementNotFoundException: An element could not be located on the page using the given search parameters\n\tat io.appium.uiautomator2.handler.FindElement.safeHandle(FindElement.java:70)\n\tat io.appium.uiautomator2.handler.request.SafeRequestHandler.handle(SafeRequestHandler.java:59)\n\tat io.appium.uiautomator2.server.AppiumServlet.handleRequest(AppiumServlet.java:266)\n\tat io.appium.uiautomator2.server.AppiumServlet.handleHttpRequest(AppiumServlet.java:260)\n\tat io.appium.uiautomator2.http.ServerHandler.channelRead(ServerHandler.java:68)\n\tat io.netty.channel.AbstractChannelHandlerContext.invokeChannelRead(AbstractChannelHandlerContext.java:366)\n\tat io.netty.channel.AbstractChannelHandlerContext.invokeChannelRead(AbstractChannelHandlerContext.java:352)\n\tat io.netty.chann...
[debug] &amp#27;[35m[W3C]&amp#27;[39m Matched W3C error code 'no such element' to NoSuchElementError
[debug] &amp#27;[35m[BaseDriver]&amp#27;[39m Waited for 19994 ms so far
[debug] &amp#27;[35m[WD Proxy]&amp#27;[39m Matched '/element' to command name 'findElement'
[debug] &amp#27;[35m[WD Proxy]&amp#27;[39m Proxying [POST /element] to [POST http://127.0.0.1:8201/wd/hub/session/4cb2e25a-2bc2-42cc-8dee-3bc92c52b92f/element] with body: {"strategy":"-android uiautomator","selector":"new UiSelector().text(\"打卡\")","context":"","multiple":false}
&amp#27;[35m[WD Proxy]&amp#27;[39m Got response with status 404: {"sessionId":"4cb2e25a-2bc2-42cc-8dee-3bc92c52b92f","value":{"error":"no such element","message":"An element could not be located on the page using the given search parameters","stacktrace":"io.appium.uiautomator2.common.exceptions.ElementNotFoundException: An element could not be located on the page using the given search parameters\n\tat io.appium.uiautomator2.handler.FindElement.safeHandle(FindElement.java:70)\n\tat io.appium.uiautomator2.handler.request.SafeRequestHandler.handle(SafeRequestHandler.java:59)\n\tat io.appium.uiautomator2.server.AppiumServlet.handleRequest(AppiumServlet.java:266)\n\tat io.appium.uiautomator2.server.AppiumServlet.handleHttpRequest(AppiumServlet.java:260)\n\tat io.appium.uiautomator2.http.ServerHandler.channelRead(ServerHandler.java:68)\n\tat io.netty.channel.AbstractChannelHandlerContext.invokeChannelRead(AbstractChannelHandlerContext.java:366)\n\tat io.netty.channel.AbstractChannelHandlerContext.invokeChannelRead(AbstractChannelHandlerContext.java:352)\n\tat io.netty.chann...
[debug] &amp#27;[35m[W3C]&amp#27;[39m Matched W3C error code 'no such element' to NoSuchElementError
[debug] &amp#27;[35m[WD Proxy]&amp#27;[39m Matched '/source' to command name 'getPageSource'
[debug] &amp#27;[35m[WD Proxy]&amp#27;[39m Proxying [GET /source] to [GET http://127.0.0.1:8201/wd/hub/session/4cb2e25a-2bc2-42cc-8dee-3bc92c52b92f/source] with no body
[debug] &amp#27;[35m[WD Proxy]&amp#27;[39m Got response with status 200: {"sessionId":"4cb2e25a-2bc2-42cc-8dee-3bc92c52b92f","value":"<?xml version='1.0' encoding='UTF-8' standalone='yes' ?>\r\n<hierarchy index=\"0\" class=\"hierarchy\" rotation=\"0\" width=\"1080\" height=\"2276\">\r\n  <android.widget.FrameLayout index=\"0\" package=\"com.tencent.wework\" class=\"android.widget.FrameLayout\" text=\"\" checkable=\"false\" checked=\"false\" clickable=\"false\" enabled=\"true\" focusable=\"false\" focused=\"false\" long-clickable=\"false\" password=\"false\" scrollable=\"false\" selected=\"false\" bounds=\"[0,0][1080,2276]\" displayed=\"true\">\r\n    <android.widget.LinearLayout index=\"0\" package=\"com.tencent.wework\" class=\"android.widget.LinearLayout\" text=\"\" checkable=\"false\" checked=\"false\" clickable=\"false\" enabled=\"true\" focusable=\"false\" focused=\"false\" long-clickable=\"false\" password=\"false\" scrollable=\"false\" selected=\"false\" bounds=\"[0,0][1080,2276]\" displayed=\"true\">\r\n      <android.widget.FrameLayout index=\"0\" package=\"com.tencent...
[debug] &amp#27;[35m[BaseDriver]&amp#27;[39m Error finding element: An element could not be located on the page using the given search parameters.
[debug] &amp#27;[35m[BaseDriver]&amp#27;[39m Page source requested through 'printPageSourceOnFindFailure':
[debug] &amp#27;[35m[BaseDriver]&amp#27;[39m <?xml version='1.0' encoding='UTF-8' standalone='yes' ?>
[debug] &amp#27;[35m[BaseDriver]&amp#27;[39m <hierarchy index="0" class="hierarchy" rotation="0" width="1080" height="2276">
[debug] &amp#27;[35m[BaseDriver]&amp#27;[39m   <android.widget.FrameLayout index="0" package="com.tencent.wework" class="android.widget.FrameLayout" text="" checkable="false" checked="false" clickable="false" enabled="true" focusable="false" focused="false" long-clickable="false" password="false" scrollable="false" selected="false" bounds="[0,0][1080,2276]" displayed="true">
[debug] &amp#27;[35m[BaseDriver]&amp#27;[39m     <android.widget.LinearLayout index="0" package="com.tencent.wework" class="android.widget.LinearLayout" text="" checkable="false" checked="false" clickable="false" enabled="true" focusable="false" focused="false" long-clickable="false" password="false" scrollable="false" selected="false" bounds="[0,0][1080,2276]" displayed="true">
[debug] &amp#27;[35m[BaseDriver]&amp#27;[39m       <android.widget.FrameLayout index="0" package="com.tencent.wework" class="android.widget.FrameLayout" text="" checkable="false" checked="false" clickable="false" enabled="true" focusable="false" focused="false" long-clickable="false" password="false" scrollable="false" selected="false" bounds="[0,0][1080,2276]" displayed="true">
[debug] &amp#27;[35m[BaseDriver]&amp#27;[39m         <android.widget.LinearLayout index="0" package="com.tencent.wework" class="android.widget.LinearLayout" text="" resource-id="com.tencent.wework:id/eq" checkable="false" checked="false" clickable="false" enabled="true" focusable="false" focused="false" long-clickable="false" password="false" scrollable="false" selected="false" bounds="[0,0][1080,2276]" displayed="true">
[debug] &amp#27;[35m[BaseDriver]&amp#27;[39m           <android.widget.FrameLayout index="0" package="com.tencent.wework" class="android.widget.FrameLayout" text="" resource-id="android:id/content" checkable="false" checked="false" clickable="false" enabled="true" focusable="false" focused="false" long-clickable="false" password="false" scrollable="false" selected="false" bounds="[0,0][1080,2276]" displayed="true">
[debug] &amp#27;[35m[BaseDriver]&amp#27;[39m             <android.widget.FrameLayout index="0" package="com.tencent.wework" class="android.widget.FrameLayout" text="" resource-id="com.tencent.wework:id/kaz" checkable="false" checked="false" clickable="false" enabled="true" focusable="false" focused="false" long-clickable="false" password="false" scrollable="false" selected="false" bounds="[0,0][1080,2276]" displayed="true">
[debug] &amp#27;[35m[BaseDriver]&amp#27;[39m               <android.widget.RelativeLayout index="0" package="com.tencent.wework" class="android.widget.RelativeLayout" text="" resource-id="com.tencent.wework:id/gkm" checkable="false" checked="false" clickable="false" enabled="true" focusable="false" focused="false" long-clickable="false" password="false" scrollable="false" selected="false" bounds="[0,0][1080,2276]" displayed="true">
[debug] &amp#27;[35m[BaseDriver]&amp#27;[39m                 <android.widget.FrameLayout index="0" package="com.tencent.wework" class="android.widget.FrameLayout" text="" resource-id="com.tencent.wework:id/ea6" checkable="false" checked="false" clickable="false" enabled="true" focusable="false" focused="false" long-clickable="false" password="false" scrollable="false" selected="false" bounds="[0,0][1080,2201]" displayed="true" />
[debug] &amp#27;[35m[BaseDriver]&amp#27;[39m                 <android.widget.FrameLayout index="1" package="com.tencent.wework" class="android.widget.FrameLayout" text="" resource-id="com.tencent.wework:id/ea5" checkable="false" checked="false" clickable="false" enabled="true" focusable="false" focused="false" long-clickable="false" password="false" scrollable="false" selected="false" bounds="[0,0][1080,2201]" displayed="true">
[debug] &amp#27;[35m[BaseDriver]&amp#27;[39m                   <android.widget.RelativeLayout index="0" package="com.tencent.wework" class="android.widget.RelativeLayout" text="" resource-id="com.tencent.wework:id/cbw" checkable="false" checked="false" clickable="false" enabled="true" focusable="false" focused="false" long-clickable="false" password="false" scrollable="false" selected="false" bounds="[0,0][1080,2201]" displayed="true">
[debug] &amp#27;[35m[BaseDriver]&amp#27;[39m                     <android.widget.RelativeLayout index="0" package="com.tencent.wework" class="android.widget.RelativeLayout" text="" resource-id="com.tencent.wework:id/lft" checkable="false" checked="false" clickable="false" enabled="true" focusable="false" focused="false" long-clickable="false" password="false" scrollable="false" selected="false" bounds="[0,0][1080,212]" displayed="true">
[debug] &amp#27;[35m[BaseDriver]&amp#27;[39m                       <android.widget.LinearLayout index="0" package="com.tencent.wework" class="android.widget.LinearLayout" text="" resource-id="com.tencent.wework:id/lek" checkable="false" checked="false" clickable="false" enabled="true" focusable="false" focused="false" long-clickable="false" password="false" scrollable="false" selected="false" bounds="[0,80][788,212]" displayed="true">
[debug] &amp#27;[35m[BaseDriver]&amp#27;[39m                         <android.widget.LinearLayout index="1" package="com.tencent.wework" class="android.widget.LinearLayout" text="" resource-id="com.tencent.wework:id/lem" checkable="false" checked="false" clickable="false" enabled="true" focusable="false" focused="false" long-clickable="false" password="false" scrollable="false" selected="false" bounds="[0,80][788,212]" displayed="true">
[debug] &amp#27;[35m[BaseDriver]&amp#27;[39m                           <android.widget.LinearLayout index="0" package="com.tencent.wework" class="android.widget.LinearLayout" text="" resource-id="com.tencent.wework:id/l9y" checkable="false" checked="false" clickable="false" enabled="true" focusable="false" focused="false" long-clickable="false" password="false" scrollable="false" selected="false" bounds="[28,80][34,212]" displayed="true">
[debug] &amp#27;[35m[BaseDriver]&amp#27;[39m                             <android.widget.LinearLayout index="0" package="com.tencent.wework" class="android.widget.LinearLayout" text="" checkable="false" checked="false" clickable="false" enabled="true" focusable="false" focused="false" long-clickable="false" password="false" scrollable="false" selected="false" bounds="[28,144][34,147]" displayed="true">
[debug] &amp#27;[35m[BaseDriver]&amp#27;[39m                               <android.view.View index="0" package="com.tencent.wework" class="android.view.View" text="" resource-id="com.tencent.wework:id/lei" checkable="false" checked="false" clickable="false" enabled="true" focusable="false" focused="false" long-clickable="false" password="false" scrollable="false" selected="false" bounds="[28,144][34,147]" displayed="true" />
[debug] &amp#27;[35m[BaseDriver]&amp#27;[39m                             </android.widget.LinearLayout>
[debug] &amp#27;[35m[BaseDriver]&amp#27;[39m                           </android.widget.LinearLayout>
[debug] &amp#27;[35m[BaseDriver]&amp#27;[39m                         </android.widget.LinearLayout>
[debug] &amp#27;[35m[BaseDriver]&amp#27;[39m                       </android.widget.LinearLayout>
[debug] &amp#27;[35m[BaseDriver]&amp#27;[39m                       <android.widget.LinearLayout index="1" package="com.tencent.wework" class="android.widget.LinearLayout" text="" resource-id="com.tencent.wework:id/les" checkable="false" checked="false" clickable="false" enabled="true" focusable="false" focused="false" long-clickable="false" password="false" scrollable="false" selected="false" bounds="[469,80][610,212]" displayed="true">
[debug] &amp#27;[35m[BaseDriver]&amp#27;[39m                         <android.widget.LinearLayout index="0" package="com.tencent.wework" class="android.widget.LinearLayout" text="" resource-id="com.tencent.wework:id/hbb" checkable="false" checked="false" clickable="false" enabled="true" focusable="false" focused="false" long-clickable="false" password="false" scrollable="false" selected="false" bounds="[469,80][610,212]" displayed="true">
[debug] &amp#27;[35m[BaseDriver]&amp#27;[39m                           <android.widget.LinearLayout index="0" package="com.tencent.wework" class="android.widget.LinearLayout" text="" checkable="false" checked="false" clickable="false" enabled="true" focusable="false" focused="false" long-clickable="false" password="false" scrollable="false" selected="false" bounds="[469,114][610,178]" displayed="true">
[debug] &amp#27;[35m[BaseDriver]&amp#27;[39m                             <android.widget.TextView index="0" package="com.tencent.wework" class="android.widget.TextView" text="工作台" resource-id="com.tencent.wework:id/len" checkable="false" checked="false" clickable="true" enabled="true" focusable="true" focused="false" long-clickable="false" password="false" scrollable="false" selected="false" bounds="[469,114][610,178]" displayed="true" />
[debug] &amp#27;[35m[BaseDriver]&amp#27;[39m                           </android.widget.LinearLayout>
[debug] &amp#27;[35m[BaseDriver]&amp#27;[39m                         </android.widget.LinearLayout>
[debug] &amp#27;[35m[BaseDriver]&amp#27;[39m                       </android.widget.LinearLayout>
[debug] &amp#27;[35m[BaseDriver]&amp#27;[39m                       <android.widget.LinearLayout index="2" package="com.tencent.wework" class="android.widget.LinearLayout" text="" resource-id="com.tencent.wework:id/lff" checkable="false" checked="false" clickable="false" enabled="true" focusable="false" focused="false" long-clickable="false" password="false" scrollable="false" selected="false" bounds="[816,80][1080,212]" displayed="true">
[debug] &amp#27;[35m[BaseDriver]&amp#27;[39m                         <android.widget.RelativeLayout index="0" package="com.tencent.wework" class="android.widget.RelativeLayout" text="" checkable="false" checked="false" clickable="false" enabled="true" focusable="false" focused="false" long-clickable="false" password="false" scrollable="false" selected="false" bounds="[816,80][948,212]" displayed="true">
[debug] &amp#27;[35m[BaseDriver]&amp#27;[39m                           <android.widget.TextView index="0" package="com.tencent.wework" class="android.widget.TextView" text="" resource-id="com.tencent.wework:id/lf5" checkable="false" checked="false" clickable="true" enabled="true" focusable="true" focused="false" long-clickable="false" password="false" scrollable="false" selected="false" bounds="[816,80][948,212]" displayed="true" />
[debug] &amp#27;[35m[BaseDriver]&amp#27;[39m                         </android.widget.RelativeLayout>
[debug] &amp#27;[35m[BaseDriver]&amp#27;[39m                         <android.widget.RelativeLayout index="3" package="com.tencent.wework" class="android.widget.RelativeLayout" text="" checkable="false" checked="false" clickable="false" enabled="true" focusable="false" focused="false" long-clickable="false" password="false" scrollable="false" selected="false" bounds="[948,80][1080,212]" displayed="true">
[debug] &amp#27;[35m[BaseDriver]&amp#27;[39m                           <android.widget.TextView index="0" package="com.tencent.wework" class="android.widget.TextView" text="" resource-id="com.tencent.wework:id/lf0" checkable="false" checked="false" clickable="true" enabled="true" focusable="true" focused="false" long-clickable="false" password="false" scrollable="false" selected="false" bounds="[948,80][1080,212]" displayed="true" />
[debug] &amp#27;[35m[BaseDriver]&amp#27;[39m                         </android.widget.RelativeLayout>
[debug] &amp#27;[35m[BaseDriver]&amp#27;[39m                       </android.widget.LinearLayout>
[debug] &amp#27;[35m[BaseDriver]&amp#27;[39m                     </android.widget.RelativeLayout>
[debug] &amp#27;[35m[BaseDriver]&amp#27;[39m                     <android.view.ViewGroup index="1" package="com.tencent.wework" class="android.view.ViewGroup" text="" resource-id="com.tencent.wework:id/inf" checkable="false" checked="false" clickable="false" enabled="true" focusable="false" focused="false" long-clickable="false" password="false" scrollable="false" selected="false" bounds="[0,212][1080,2201]" displayed="true">
[debug] &amp#27;[35m[BaseDriver]&amp#27;[39m                       <android.widget.FrameLayout index="1" package="com.tencent.wework" class="android.widget.FrameLayout" text="" checkable="false" checked="false" clickable="false" enabled="true" focusable="false" focused="false" long-clickable="false" password="false" scrollable="false" selected="false" bounds="[0,212][1080,2201]" displayed="true">
[debug] &amp#27;[35m[BaseDriver]&amp#27;[39m                         <androidx.recyclerview.widget.RecyclerView index="0" package="com.tencent.wework" class="androidx.recyclerview.widget.RecyclerView" text="" resource-id="com.tencent.wework:id/zb" checkable="false" checked="false" clickable="false" enabled="true" focusable="true" focused="false" long-clickable="false" password="false" scrollable="false" selected="false" bounds="[22,212][1058,2201]" displayed="true">
[debug] &amp#27;[35m[BaseDriver]&amp#27;[39m                           <android.widget.LinearLayout index="0" package="com.tencent.wework" class="android.widget.LinearLayout" text="" checkable="false" checked="false" clickable="false" enabled="true" focusable="false" focused="false" long-clickable="false" password="false" scrollable="false" selected="false" bounds="[22,212][1058,234]" displayed="true">
[debug] &amp#27;[35m[BaseDriver]&amp#27;[39m                             <android.widget.LinearLayout index="0" package="com.tencent.wework" class="android.widget.LinearLayout" text="" checkable="false" checked="false" clickable="false" enabled="true" focusable="false" focused="false" long-clickable="false" password="false" scrollable="false" selected="false" bounds="[22,212][1058,234]" displayed="true">
[debug] &amp#27;[35m[BaseDriver]&amp#27;[39m                               <android.view.View index="0" package="com.tencent.wework" class="android.view.View" text="" resource-id="com.tencent.wework:id/an7" checkable="false" checked="false" clickable="false" enabled="true" focusable="false" focused="false" long-clickable="false" password="false" scrollable="false" selected="false" bounds="[22,212][1058,234]" displayed="true" />
[debug] &amp#27;[35m[BaseDriver]&amp#27;[39m                             </android.widget.LinearLayout>
[debug] &amp#27;[35m[BaseDriver]&amp#27;[39m                           </android.widget.LinearLayout>
[debug] &amp#27;[35m[BaseDriver]&amp#27;[39m                           <android.widget.LinearLayout index="1" package="com.tencent.wework" class="android.widget.LinearLayout" text="" checkable="false" checked="false" clickable="true" enabled="true" focusable="true" focused="false" long-clickable="true" password="false" scrollable="false" selected="false" bounds="[22,234][1058,505]" displayed="true">
[debug] &amp#27;[35m[BaseDriver]&amp#27;[39m                             <android.widget.LinearLayout index="0" package="com.tencent.wework" class="android.widget.LinearLayout" text="" checkable="false" checked="false" clickable="false" enabled="true" focusable="false" focused="false" long-clickable="false" password="false" scrollable="false" selected="false" bounds="[22,234][1058,505]" displayed="true">
[debug] &amp#27;[35m[BaseDriver]&amp#27;[39m                               <android.widget.RelativeLayout index="0" package="com.tencent.wework" class="android.widget.RelativeLayout" text="" resource-id="com.tencent.wework:id/gmo" checkable="false" checked="false" clickable="true" enabled="true" focusable="true" focused="false" long-clickable="false" password="false" scrollable="false" selected="false" bounds="[22,234][367,505]" displayed="true">
[debug] &amp#27;[35m[BaseDriver]&amp#27;[39m                                 <android.widget.ImageView index="0" package="com.tencent.wework" class="android.widget.ImageView" text="" resource-id="com.tencent.wework:id/gmh" checkable="false" checked="false" clickable="false" enabled="true" focusable="false" focused="false" long-clickable="false" password="false" scrollable="false" selected="false" bounds="[150,289][238,377]" displayed="true" />
[debug] &amp#27;[35m[BaseDriver]&amp#27;[39m                                 <android.widget.TextView index="1" package="com.tencent.wework" class="android.widget.TextView" text="管理企业" resource-id="com.tencent.wework:id/gmi" checkable="false" checked="false" clickable="false" enabled="true" focusable="false" focused="false" long-clickable="false" password="false" scrollable="false" selected="false" bounds="[116,398][272,450]" displayed="true" />
[debug] &amp#27;[35m[BaseDriver]&amp#27;[39m                               </android.widget.RelativeLayout>
[debug] &amp#27;[35m[BaseDriver]&amp#27;[39m                               <android.widget.RelativeLayout index="1" package="com.tencent.wework" class="android.widget.RelativeLayout" text="" resource-id="com.tencent.wework:id/ir" checkable="false" checked="false" clickable="true" enabled="true" focusable="true" focused="false" long-clickable="false" password="false" scrollable="false" selected="false" bounds="[367,234][712,505]" displayed="true">
[debug] &amp#27;[35m[BaseDriver]&amp#27;[39m                                 <android.widget.ImageView index="0" package="com.tencent.wework" class="android.widget.ImageView" text="" resource-id="com.tencent.wework:id/io" checkable="false" checked="false" clickable="false" enabled="true" focusable="false" focused="false" long-clickable="false" password="false" scrollable="false" selected="false" bounds="[495,289][583,377]" displayed="true" />
[debug] &amp#27;[35m[BaseDriver]&amp#27;[39m                                 <android.widget.TextView index="1" package="com.tencent.wework" class="android.widget.TextView" text="添加应用" resource-id="com.tencent.wework:id/ip" checkable="false" checked="false" clickable="false" enabled="true" focusable="false" focused="false" long-clickable="false" password="false" scrollable="false" selected="false" bounds="[461,398][617,450]" displayed="true" />
[debug] &amp#27;[35m[BaseDriver]&amp#27;[39m                               </android.widget.RelativeLayout>
[debug] &amp#27;[35m[BaseDriver]&amp#27;[39m                               <android.widget.RelativeLayout index="2" package="com.tencent.wework" class="android.widget.RelativeLayout" text="" resource-id="com.tencent.wework:id/hl_" checkable="false" checked="false" clickable="true" enabled="true" focusable="true" focused="false" long-clickable="false" password="false" scrollable="false" selected="false" bounds="[712,234][1058,505]" displayed="true">
[debug] &amp#27;[35m[BaseDriver]&amp#27;[39m                                 <android.widget.ImageView index="0" package="com.tencent.wework" class="android.widget.ImageView" text="" resource-id="com.tencent.wework:id/hl7" checkable="false" checked="false" clickable="false" enabled="true" focusable="false" focused="false" long-clickable="false" password="false" scrollable="false" selected="false" bounds="[841,289][929,377]" displayed="true" />
[debug] &amp#27;[35m[BaseDriver]&amp#27;[39m                                 <android.widget.TextView index="1" package="com.tencent.wework" class="android.widget.TextView" text="专属服务" resource-id="com.tencent.wework:id/hl8" checkable="false" checked="false" clickable="false" enabled="true" focusable="false" focused="false" long-clickable="false" password="false" scrollable="false" selected="false" bounds="[807,398][963,450]" displayed="true" />
[debug] &amp#27;[35m[BaseDriver]&amp#27;[39m                               </android.widget.RelativeLayout>
[debug] &amp#27;[35m[BaseDriver]&amp#27;[39m                             </android.widget.LinearLayout>
[debug] &amp#27;[35m[BaseDriver]&amp#27;[39m                           </android.widget.LinearLayout>
[debug] &amp#27;[35m[BaseDriver]&amp#27;[39m                           <android.widget.LinearLayout index="2" package="com.tencent.wework" class="android.widget.LinearLayout" text="" checkable="false" checked="false" clickable="false" enabled="true" focusable="false" focused="false" long-clickable="false" password="false" scrollable="false" selected="false" bounds="[22,505][1058,527]" displayed="true">
[debug] &amp#27;[35m[BaseDriver]&amp#27;[39m                             <android.widget.LinearLayout index="0" package="com.tencent.wework" class="android.widget.LinearLayout" text="" checkable="false" checked="false" clickable="false" enabled="true" focusable="false" focused="false" long-clickable="false" password="false" scrollable="false" selected="false" bounds="[22,505][1058,527]" displayed="true">
[debug] &amp#27;[35m[BaseDriver]&amp#27;[39m                               <android.view.View index="0" package="com.tencent.wework" class="android.view.View" text="" resource-id="com.tencent.wework:id/an7" checkable="false" checked="false" clickable="false" enabled="true" focusable="false" focused="false" long-clickable="false" password="false" scrollable="false" selected="false" bounds="[22,505][1058,527]" displayed="true" />
[debug] &amp#27;[35m[BaseDriver]&amp#27;[39m                             </android.widget.LinearLayout>
[debug] &amp#27;[35m[BaseDriver]&amp#27;[39m                           </android.widget.LinearLayout>
[debug] &amp#27;[35m[BaseDriver]&amp#27;[39m                           <android.widget.LinearLayout index="3" package="com.tencent.wework" class="android.widget.LinearLayout" text="" checkable="false" checked="false" clickable="true" enabled="true" focusable="true" focused="false" long-clickable="true" password="false" scrollable="false" selected="false" bounds="[22,527][1058,878]" displayed="true">
[debug] &amp#27;[35m[BaseDriver]&amp#27;[39m                             <android.widget.LinearLayout index="0" package="com.tencent.wework" class="android.widget.LinearLayout" text="" checkable="false" checked="false" clickable="false" enabled="true" focusable="false" focused="false" long-clickable="false" password="false" scrollable="false" selected="false" bounds="[22,527][1058,878]" displayed="true">
[debug] &amp#27;[35m[BaseDriver]&amp#27;[39m                               <android.widget.RelativeLayout index="0" package="com.tencent.wework" class="android.widget.RelativeLayout" text="" resource-id="com.tencent.wework:id/jf1" checkable="false" checked="false" clickable="false" enabled="true" focusable="false" focused="false" long-clickable="false" password="false" scrollable="false" selected="false" bounds="[22,527][1058,878]" displayed="true">
[debug] &amp#27;[35m[BaseDriver]&amp#27;[39m                                 <android.widget.ViewFlipper index="0" package="com.tencent.wework" class="android.widget.ViewFlipper" text="" resource-id="com.tencent.wework:id/e78" checkable="false" checked="false" clickable="false" enabled="true" focusable="false" focused="false" long-clickable="false" password="false" scrollable="false" selected="false" bounds="[22,527][1058,878]" displayed="true">
[debug] &amp#27;[35m[BaseDriver]&amp#27;[39m                                   <android.widget.ImageView index="0" package="com.tencent.wework" class="android.widget.ImageView" text="" checkable="false" checked="false" clickable="true" enabled="true" focusable="true" focused="false" long-clickable="false" password="false" scrollable="false" selected="false" bounds="[22,527][1058,878]" displayed="true" />
[debug] &amp#27;[35m[BaseDriver]&amp#27;[39m                                 </android.widget.ViewFlipper>
[debug] &amp#27;[35m[BaseDriver]&amp#27;[39m                                 <android.widget.ImageView index="1" package="com.tencent.wework" class="android.widget.ImageView" text="" resource-id="com.tencent.wework:id/air" checkable="false" checked="false" clickable="true" enabled="true" focusable="true" focused="false" long-clickable="false" password="false" scrollable="false" selected="false" bounds="[959,527][1058,615]" displayed="true" />
[debug] &amp#27;[35m[BaseDriver]&amp#27;[39m                               </android.widget.RelativeLayout>
[debug] &amp#27;[35m[BaseDriver]&amp#27;[39m                             </android.widget.LinearLayout>
[debug] &amp#27;[35m[BaseDriver]&amp#27;[39m                           </android.widget.LinearLayout>
[debug] &amp#27;[35m[BaseDriver]&amp#27;[39m                           <android.widget.LinearLayout index="4" package="com.tencent.wework" class="android.widget.LinearLayout" text="" checkable="false" checked="false" clickable="false" enabled="true" focusable="false" focused="false" long-clickable="false" password="false" scrollable="false" selected="false" bounds="[22,878][1058,1010]" displayed="true">
[debug] &amp#27;[35m[BaseDriver]&amp#27;[39m                             <android.widget.LinearLayout index="0" package="com.tencent.wework" class="android.widget.LinearLayout" text="" checkable="false" checked="false" clickable="false" enabled="true" focusable="false" focused="false" long-clickable="false" password="false" scrollable="false" selected="false" bounds="[22,878][1058,1010]" displayed="true">
[debug] &amp#27;[35m[BaseDriver]&amp#27;[39m                               <android.view.View index="0" package="com.tencent.wework" class="android.view.View" text="" resource-id="com.tencent.wework:id/an7" checkable="false" checked="false" clickable="false" enabled="true" focusable="false" focused="false" long-clickable="false" password="false" scrollable="false" selected="false" bounds="[22,878][1058,900]" displayed="true" />
[debug] &amp#27;[35m[BaseDriver]&amp#27;[39m                               <android.widget.LinearLayout index="1" package="com.tencent.wework" class="android.widget.LinearLayout" text="" checkable="false" checked="false" clickable="false" enabled="true" focusable="false" focused="false" long-clickable="false" password="false" scrollable="false" selected="false" bounds="[22,900][1058,1010]" displayed="true">
[debug] &amp#27;[35m[BaseDriver]&amp#27;[39m                                 <android.widget.TextView index="0" package="com.tencent.wework" class="android.widget.TextView" text="客户联系与管理" resource-id="com.tencent.wework:id/l8v" checkable="false" checked="false" clickable="false" enabled="true" focusable="false" focused="false" long-clickable="false" password="false" scrollable="false" selected="false" bounds="[22,900][1058,1010]" displayed="true" />
[debug] &amp#27;[35m[BaseDriver]&amp#27;[39m                               </android.widget.LinearLayout>
[debug] &amp#27;[35m[BaseDriver]&amp#27;[39m                             </android.widget.LinearLayout>
[debug] &amp#27;[35m[BaseDriver]&amp#27;[39m                           </android.widget.LinearLayout>
[debug] &amp#27;[35m[BaseDriver]&amp#27;[39m                           <android.widget.RelativeLayout index="5" package="com.tencent.wework" class="android.widget.RelativeLayout" text="" checkable="false" checked="false" clickable="true" enabled="true" focusable="true" focused="false" long-clickable="true" password="false" scrollable="false" selected="false" bounds="[22,1010][281,1308]" displayed="true">
[debug] &amp#27;[35m[BaseDriver]&amp#27;[39m                             <android.widget.LinearLayout index="0" package="com.tencent.wework" class="android.widget.LinearLayout" text="" checkable="false" checked="false" clickable="false" enabled="true" focusable="false" focused="false" long-clickable="false" password="false" scrollable="false" selected="false" bounds="[62,1010][240,1308]" displayed="true">
[debug] &amp#27;[35m[BaseDriver]&amp#27;[39m                               <android.widget.RelativeLayout index="0" package="com.tencent.wework" class="android.widget.RelativeLayout" text="" resource-id="com.tencent.wework:id/f2r" checkable="false" checked="false" clickable="false" enabled="true" focusable="false" focused="false" long-clickable="false" password="false" scrollable="false" selected="false" bounds="[96,1065][206,1175]" displayed="true">
[debug] &amp#27;[35m[BaseDriver]&amp#27;[39m                                 <android.widget.ImageView index="0" package="com.tencent.wework" class="android.widget.ImageView" text="" resource-id="com.tencent.wework:id/f19" checkable="false" checked="false" clickable="false" enabled="true" focusable="false" focused="false" long-clickable="false" password="false" scrollable="false" selected="false" bounds="[96,1065][206,1175]" displayed="true" />
[debug] &amp#27;[35m[BaseDriver]&amp#27;[39m                               </android.widget.RelativeLayout>
[debug] &amp#27;[35m[BaseDriver]&amp#27;[39m                               <android.widget.TextView index="1" package="com.tencent.wework" class="android.widget.TextView" text="客户联系" resource-id="com.tencent.wework:id/hlf" checkable="false" checked="false" clickable="false" enabled="true" focusable="false" focused="false" long-clickable="false" password="false" scrollable="false" selected="false" bounds="[73,1203][229,1255]" displayed="true" />
[debug] &amp#27;[35m[BaseDriver]&amp#27;[39m                             </android.widget.LinearLayout>
[debug] &amp#27;[35m[BaseDriver]&amp#27;[39m                             <android.widget.ImageView index="1" package="com.tencent.wework" class="android.widget.ImageView" text="" resource-id="com.tencent.wework:id/m9t" checkable="false" checked="false" clickable="false" enabled="true" focusable="false" focused="false" long-clickable="false" password="false" scrollable="false" selected="false" bounds="[171,1010][281,1120]" displayed="true" />
[debug] &amp#27;[35m[BaseDriver]&amp#27;[39m                           </android.widget.RelativeLayout>
[debug] &amp#27;[35m[BaseDriver]&amp#27;[39m                           <android.widget.RelativeLayout index="6" package="com.tencent.wework" class="android.widget.RelativeLayout" text="" checkable="false" checked="false" clickable="true" enabled="true" focusable="true" focused="false" long-clickable="true" password="false" scrollable="false" selected="false" bounds="[281,1010][540,1308]" displayed="true">
[debug] &amp#27;[35m[BaseDriver]&amp#27;[39m                             <android.widget.LinearLayout index="0" package="com.tencent.wework" class="android.widget.LinearLayout" text="" checkable="false" checked="false" clickable="false" enabled="true" focusable="false" focused="false" long-clickable="false" password="false" scrollable="false" selected="false" bounds="[341,1010][480,1308]" displayed="true">
[debug] &amp#27;[35m[BaseDriver]&amp#27;[39m                               <android.widget.RelativeLayout index="0" package="com.tencent.wework" class="android.widget.RelativeLayout" text="" resource-id="com.tencent.wework:id/f2r" checkable="false" checked="false" clickable="false" enabled="true" focusable="false" focused="false" long-clickable="false" password="false" scrollable="false" selected="false" bounds="[355,1065][465,1175]" displayed="true">
[debug] &amp#27;[35m[BaseDriver]&amp#27;[39m                                 <android.widget.ImageView index="0" package="com.tencent.wework" class="android.widget.ImageView" text="" resource-id="com.tencent.wework:id/f19" checkable="false" checked="false" clickable="false" enabled="true" focusable="false" focused="false" long-clickable="false" password="false" scrollable="false" selected="false" bounds="[355,1065][465,1175]" displayed="true" />
[debug] &amp#27;[35m[BaseDriver]&amp#27;[39m                               </android.widget.RelativeLayout>
[debug] &amp#27;[35m[BaseDriver]&amp#27;[39m                               <android.widget.TextView index="1" package="com.tencent.wework" class="android.widget.TextView" text="客户群" resource-id="com.tencent.wework:id/hlf" checkable="false" checked="false" clickable="false" enabled="true" focusable="false" focused="false" long-clickable="false" password="false" scrollable="false" selected="false" bounds="[352,1203][469,1255]" displayed="true" />
[debug] &amp#27;[35m[BaseDriver]&amp#27;[39m                             </android.widget.LinearLayout>
[debug] &amp#27;[35m[BaseDriver]&amp#27;[39m                             <android.widget.ImageView index="1" package="com.tencent.wework" class="android.widget.ImageView" text="" resource-id="com.tencent.wework:id/m9t" checkable="false" checked="false" clickable="false" enabled="true" focusable="false" focused="false" long-clickable="false" password="false" scrollable="false" selected="false" bounds="[430,1010][540,1120]" displayed="true" />
[debug] &amp#27;[35m[BaseDriver]&amp#27;[39m                           </android.widget.RelativeLayout>
[debug] &amp#27;[35m[BaseDriver]&amp#27;[39m                           <android.widget.RelativeLayout index="7" package="com.tencent.wework" class="android.widget.RelativeLayout" text="" checkable="false" checked="false" clickable="true" enabled="true" focusable="true" focused="false" long-clickable="true" password="false" scrollable="false" selected="false" bounds="[540,1010][799,1308]" displayed="true">
[debug] &amp#27;[35m[BaseDriver]&amp#27;[39m                             <android.widget.LinearLayout index="0" package="com.tencent.wework" class="android.widget.LinearLayout" text="" checkable="false" checked="false" clickable="false" enabled="true" focusable="false" focused="false" long-clickable="false" password="false" scrollable="false" selected="false" bounds="[561,1010][778,1308]" displayed="true">
[debug] &amp#27;[35m[BaseDriver]&amp#27;[39m                               <android.widget.RelativeLayout index="0" package="com.tencent.wework" class="android.widget.RelativeLayout" text="" resource-id="com.tencent.wework:id/f2r" checkable="false" checked="false" clickable="false" enabled="true" focusable="false" focused="false" long-clickable="false" password="false" scrollable="false" selected="false" bounds="[614,1065][724,1175]" displayed="true">
[debug] &amp#27;[35m[BaseDriver]&amp#27;[39m                                 <android.widget.ImageView index="0" package="com.tencent.wework" class="android.widget.ImageView" text="" resource-id="com.tencent.wework:id/f19" checkable="false" checked="false" clickable="false" enabled="true" focusable="false" focused="false" long-clickable="false" password="false" scrollable="false" selected="false" bounds="[614,1065][724,1175]" displayed="true" />
[debug] &amp#27;[35m[BaseDriver]&amp#27;[39m                               </android.widget.RelativeLayout>
[debug] &amp#27;[35m[BaseDriver]&amp#27;[39m                               <android.widget.TextView index="1" package="com.tencent.wework" class="android.widget.TextView" text="客户朋友圈" resource-id="com.tencent.wework:id/hlf" checkable="false" checked="false" clickable="false" enabled="true" focusable="false" focused="false" long-clickable="false" password="false" scrollable="false" selected="false" bounds="[572,1203][767,1255]" displayed="true" />
[debug] &amp#27;[35m[BaseDriver]&amp#27;[39m                             </android.widget.LinearLayout>
[debug] &amp#27;[35m[BaseDriver]&amp#27;[39m                             <android.widget.ImageView index="1" package="com.tencent.wework" class="android.widget.ImageView" text="" resource-id="com.tencent.wework:id/m9t" checkable="false" checked="false" clickable="false" enabled="true" focusable="false" focused="false" long-clickable="false" password="false" scrollable="false" selected="false" bounds="[689,1010][799,1120]" displayed="true" />
[debug] &amp#27;[35m[BaseDriver]&amp#27;[39m                           </android.widget.RelativeLayout>
[debug] &amp#27;[35m[BaseDriver]&amp#27;[39m                           <android.widget.RelativeLayout index="8" package="com.tencent.wework" class="android.widget.RelativeLayout" text="" checkable="false" checked="false" clickable="true" enabled="true" focusable="true" focused="false" long-clickable="true" password="false" scrollable="false" selected="false" bounds="[799,1010][1058,1308]" displayed="true">
[debug] &amp#27;[35m[BaseDriver]&amp#27;[39m                             <android.widget.LinearLayout index="0" package="com.tencent.wework" class="android.widget.LinearLayout" text="" checkable="false" checked="false" clickable="false" enabled="true" focusable="false" focused="false" long-clickable="false" password="false" scrollable="false" selected="false" bounds="[859,1010][998,1308]" displayed="true">
[debug] &amp#27;[35m[BaseDriver]&amp#27;[39m                               <android.widget.RelativeLayout index="0" package="com.tencent.wework" class="android.widget.RelativeLayout" text="" resource-id="com.tencent.wework:id/f2r" checkable="false" checked="false" clickable="false" enabled="true" focusable="false" focused="false" long-clickable="false" password="false" scrollable="false" selected="false" bounds="[873,1065][983,1175]" displayed="true">
[debug] &amp#27;[35m[BaseDriver]&amp#27;[39m                                 <android.widget.ImageView index="0" package="com.tencent.wework" class="android.widget.ImageView" text="" resource-id="com.tencent.wework:id/f19" checkable="false" checked="false" clickable="false" enabled="true" focusable="false" focused="false" long-clickable="false" password="false" scrollable="false" selected="false" bounds="[873,1065][983,1175]" displayed="true" />
[debug] &amp#27;[35m[BaseDriver]&amp#27;[39m                               </android.widget.RelativeLayout>
[debug] &amp#27;[35m[BaseDriver]&amp#27;[39m                               <android.widget.TextView index="1" package="com.tencent.wework" class="android.widget.TextView" text="视频号" resource-id="com.tencent.wework:id/hlf" checkable="false" checked="false" clickable="false" enabled="true" focusable="false" focused="false" long-clickable="false" password="false" scrollable="false" selected="false" bounds="[870,1203][987,1255]" displayed="true" />
[debug] &amp#27;[35m[BaseDriver]&amp#27;[39m                             </android.widget.LinearLayout>
[debug] &amp#27;[35m[BaseDriver]&amp#27;[39m                             <android.widget.ImageView index="1" package="com.tencent.wework" class="android.widget.ImageView" text="" resource-id="com.tencent.wework:id/m9t" checkable="false" checked="false" clickable="false" enabled="true" focusable="false" focused="false" long-clickable="false" password="false" scrollable="false" selected="false" bounds="[948,1010][1058,1120]" displayed="true" />
[debug] &amp#27;[35m[BaseDriver]&amp#27;[39m                           </android.widget.RelativeLayout>
[debug] &amp#27;[35m[BaseDriver]&amp#27;[39m                           <android.widget.RelativeLayout index="9" package="com.tencent.wework" class="android.widget.RelativeLayout" text="" checkable="false" checked="false" clickable="true" enabled="true" focusable="true" focused="false" long-clickable="true" password="false" scrollable="false" selected="false" bounds="[22,1308][281,1606]" displayed="true">
[debug] &amp#27;[35m[BaseDriver]&amp#27;[39m                             <android.widget.LinearLayout index="0" package="com.tencent.wework" class="android.widget.LinearLayout" text="" checkable="false" checked="false" clickable="false" enabled="true" focusable="false" focused="false" long-clickable="false" password="false" scrollable="false" selected="false" bounds="[62,1308][240,1606]" displayed="true">
[debug] &amp#27;[35m[BaseDriver]&amp#27;[39m                               <android.widget.RelativeLayout index="0" package="com.tencent.wework" class="android.widget.RelativeLayout" text="" resource-id="com.tencent.wework:id/f2r" checkable="false" checked="false" clickable="false" enabled="true" focusable="false" focused="false" long-clickable="false" password="false" scrollable="false" selected="false" bounds="[96,1363][206,1473]" displayed="true">
[debug] &amp#27;[35m[BaseDriver]&amp#27;[39m                                 <android.widget.ImageView index="0" package="com.tencent.wework" class="android.widget.ImageView" text="" resource-id="com.tencent.wework:id/f19" checkable="false" checked="false" clickable="false" enabled="true" focusable="false" focused="false" long-clickable="false" password="false" scrollable="false" selected="false" bounds="[96,1363][206,1473]" displayed="true" />
[debug] &amp#27;[35m[BaseDriver]&amp#27;[39m                               </android.widget.RelativeLayout>
[debug] &amp#27;[35m[BaseDriver]&amp#27;[39m                               <android.widget.TextView index="1" package="com.tencent.wework" class="android.widget.TextView" text="微信客服" resource-id="com.tencent.wework:id/hlf" checkable="false" checked="false" clickable="false" enabled="true" focusable="false" focused="false" long-clickable="false" password="false" scrollable="false" selected="false" bounds="[73,1501][229,1553]" displayed="true" />
[debug] &amp#27;[35m[BaseDriver]&amp#27;[39m                             </android.widget.LinearLayout>
[debug] &amp#27;[35m[BaseDriver]&amp#27;[39m                             <android.widget.ImageView index="1" package="com.tencent.wework" class="android.widget.ImageView" text="" resource-id="com.tencent.wework:id/m9t" checkable="false" checked="false" clickable="false" enabled="true" focusable="false" focused="false" long-clickable="false" password="false" scrollable="false" selected="false" bounds="[171,1308][281,1418]" displayed="true" />
[debug] &amp#27;[35m[BaseDriver]&amp#27;[39m                           </android.widget.RelativeLayout>
[debug] &amp#27;[35m[BaseDriver]&amp#27;[39m                           <android.widget.RelativeLayout index="10" package="com.tencent.wework" class="android.widget.RelativeLayout" text="" checkable="false" checked="false" clickable="true" enabled="true" focusable="true" focused="false" long-clickable="true" password="false" scrollable="false" selected="false" bounds="[281,1308][540,1606]" displayed="true">
[debug] &amp#27;[35m[BaseDriver]&amp#27;[39m                             <android.widget.LinearLayout index="0" package="com.tencent.wework" class="android.widget.LinearLayout" text="" checkable="false" checked="false" clickable="false" enabled="true" focusable="false" focused="false" long-clickable="false" password="false" scrollable="false" selected="false" bounds="[321,1308][499,1606]" displayed="true">
[debug] &amp#27;[35m[BaseDriver]&amp#27;[39m                               <android.widget.RelativeLayout index="0" package="com.tencent.wework" class="android.widget.RelativeLayout" text="" resource-id="com.tencent.wework:id/f2r" checkable="false" checked="false" clickable="false" enabled="true" focusable="false" focused="false" long-clickable="false" password="false" scrollable="false" selected="false" bounds="[355,1363][465,1473]" displayed="true">
[debug] &amp#27;[35m[BaseDriver]&amp#27;[39m                                 <android.widget.ImageView index="0" package="com.tencent.wework" class="android.widget.ImageView" text="" resource-id="com.tencent.wework:id/f19" checkable="false" checked="false" clickable="false" enabled="true" focusable="false" focused="false" long-clickable="false" password="false" scrollable="false" selected="false" bounds="[355,1363][465,1473]" displayed="true" />
[debug] &amp#27;[35m[BaseDriver]&amp#27;[39m                               </android.widget.RelativeLayout>
[debug] &amp#27;[35m[BaseDriver]&amp#27;[39m                               <android.widget.TextView index="1" package="com.tencent.wework" class="android.widget.TextView" text="离职继承" resource-id="com.tencent.wework:id/hlf" checkable="false" checked="false" clickable="false" enabled="true" focusable="false" focused="false" long-clickable="false" password="false" scrollable="false" selected="false" bounds="[332,1501][488,1553]" displayed="true" />
[debug] &amp#27;[35m[BaseDriver]&amp#27;[39m                             </android.widget.LinearLayout>
[debug] &amp#27;[35m[BaseDriver]&amp#27;[39m                             <android.widget.ImageView index="1" package="com.tencent.wework" class="android.widget.ImageView" text="" resource-id="com.tencent.wework:id/m9t" checkable="false" checked="false" clickable="false" enabled="true" focusable="false" focused="false" long-clickable="false" password="false" scrollable="false" selected="false" bounds="[430,1308][540,1418]" displayed="true" />
[debug] &amp#27;[35m[BaseDriver]&amp#27;[39m                           </android.widget.RelativeLayout>
[debug] &amp#27;[35m[BaseDriver]&amp#27;[39m                           <android.widget.RelativeLayout index="11" package="com.tencent.wework" class="android.widget.RelativeLayout" text="" checkable="false" checked="false" clickable="true" enabled="true" focusable="true" focused="false" long-clickable="true" password="false" scrollable="false" selected="false" bounds="[540,1308][799,1606]" displayed="true">
[debug] &amp#27;[35m[BaseDriver]&amp#27;[39m                             <android.widget.LinearLayout index="0" package="com.tencent.wework" class="android.widget.LinearLayout" text="" checkable="false" checked="false" clickable="false" enabled="true" focusable="false" focused="false" long-clickable="false" password="false" scrollable="false" selected="false" bounds="[580,1308][758,1606]" displayed="true">
[debug] &amp#27;[35m[BaseDriver]&amp#27;[39m                               <android.widget.RelativeLayout index="0" package="com.tencent.wework" class="android.widget.RelativeLayout" text="" resource-id="com.tencent.wework:id/f2r" checkable="false" checked="false" clickable="false" enabled="true" focusable="false" focused="false" long-clickable="false" password="false" scrollable="false" selected="false" bounds="[614,1363][724,1473]" displayed="true">
[debug] &amp#27;[35m[BaseDriver]&amp#27;[39m                                 <android.widget.ImageView index="0" package="com.tencent.wework" class="android.widget.ImageView" text="" resource-id="com.tencent.wework:id/f19" checkable="false" checked="false" clickable="false" enabled="true" focusable="false" focused="false" long-clickable="false" password="false" scrollable="false" selected="false" bounds="[614,1363][724,1473]" displayed="true" />
[debug] &amp#27;[35m[BaseDriver]&amp#27;[39m                               </android.widget.RelativeLayout>
[debug] &amp#27;[35m[BaseDriver]&amp#27;[39m                               <android.widget.TextView index="1" package="com.tencent.wework" class="android.widget.TextView" text="群发助手" resource-id="com.tencent.wework:id/hlf" checkable="false" checked="false" clickable="false" enabled="true" focusable="false" focused="false" long-clickable="false" password="false" scrollable="false" selected="false" bounds="[591,1501][747,1553]" displayed="true" />
[debug] &amp#27;[35m[BaseDriver]&amp#27;[39m                             </android.widget.LinearLayout>
[debug] &amp#27;[35m[BaseDriver]&amp#27;[39m                             <android.widget.ImageView index="1" package="com.tencent.wework" class="android.widget.ImageView" text="" resource-id="com.tencent.wework:id/m9t" checkable="false" checked="false" clickable="false" enabled="true" focusable="false" focused="false" long-clickable="false" password="false" scrollable="false" selected="false" bounds="[689,1308][799,1418]" displayed="true" />
[debug] &amp#27;[35m[BaseDriver]&amp#27;[39m                           </android.widget.RelativeLayout>
[debug] &amp#27;[35m[BaseDriver]&amp#27;[39m                           <android.widget.RelativeLayout index="12" package="com.tencent.wework" class="android.widget.RelativeLayout" text="" checkable="false" checked="false" clickable="true" enabled="true" focusable="true" focused="false" long-clickable="true" password="false" scrollable="false" selected="false" bounds="[799,1308][1058,1606]" displayed="true">
[debug] &amp#27;[35m[BaseDriver]&amp#27;[39m                             <android.widget.LinearLayout index="0" package="com.tencent.wework" class="android.widget.LinearLayout" text="" checkable="false" checked="false" clickable="false" enabled="true" focusable="false" focused="false" long-clickable="false" password="false" scrollable="false" selected="false" bounds="[839,1308][1017,1606]" displayed="true">
[debug] &amp#27;[35m[BaseDriver]&amp#27;[39m                               <android.widget.RelativeLayout index="0" package="com.tencent.wework" class="android.widget.RelativeLayout" text="" resource-id="com.tencent.wework:id/f2r" checkable="false" checked="false" clickable="false" enabled="true" focusable="false" focused="false" long-clickable="false" password="false" scrollable="false" selected="false" bounds="[873,1363][983,1473]" displayed="true">
[debug] &amp#27;[35m[BaseDriver]&amp#27;[39m                                 <android.widget.ImageView index="0" package="com.tencent.wework" class="android.widget.ImageView" text="" resource-id="com.tencent.wework:id/f19" checkable="false" checked="false" clickable="false" enabled="true" focusable="false" focused="false" long-clickable="false" password="false" scrollable="false" selected="false" bounds="[873,1363][983,1473]" displayed="true" />
[debug] &amp#27;[35m[BaseDriver]&amp#27;[39m                               </android.widget.RelativeLayout>
[debug] &amp#27;[35m[BaseDriver]&amp#27;[39m                               <android.widget.TextView index="1" package="com.tencent.wework" class="android.widget.TextView" text="学习园地" resource-id="com.tencent.wework:id/hlf" checkable="false" checked="false" clickable="false" enabled="true" focusable="false" focused="false" long-clickable="false" password="false" scrollable="false" selected="false" bounds="[850,1501][1006,1553]" displayed="true" />
[debug] &amp#27;[35m[BaseDriver]&amp#27;[39m                             </android.widget.LinearLayout>
[debug] &amp#27;[35m[BaseDriver]&amp#27;[39m                             <android.widget.ImageView index="1" package="com.tencent.wework" class="android.widget.ImageView" text="" resource-id="com.tencent.wework:id/m9t" checkable="false" checked="false" clickable="false" enabled="true" focusable="false" focused="false" long-clickable="false" password="false" scrollable="false" selected="false" bounds="[948,1308][1058,1418]" displayed="true" />
[debug] &amp#27;[35m[BaseDriver]&amp#27;[39m                           </android.widget.RelativeLayout>
[debug] &amp#27;[35m[BaseDriver]&amp#27;[39m                           <android.widget.RelativeLayout index="13" package="com.tencent.wework" class="android.widget.RelativeLayout" text="" checkable="false" checked="false" clickable="true" enabled="true" focusable="true" focused="false" long-clickable="true" password="false" scrollable="false" selected="false" bounds="[22,1606][281,1904]" displayed="true">
[debug] &amp#27;[35m[BaseDriver]&amp#27;[39m                             <android.widget.LinearLayout index="0" package="com.tencent.wework" class="android.widget.LinearLayout" text="" checkable="false" checked="false" clickable="false" enabled="true" focusable="false" focused="false" long-clickable="false" password="false" scrollable="false" selected="false" bounds="[96,1606][206,1904]" displayed="true">
[debug] &amp#27;[35m[BaseDriver]&amp#27;[39m                               <android.widget.RelativeLayout index="0" package="com.tencent.wework" class="android.widget.RelativeLayout" text="" resource-id="com.tencent.wework:id/f2r" checkable="false" checked="false" clickable="false" enabled="true" focusable="false" focused="false" long-clickable="false" password="false" scrollable="false" selected="false" bounds="[96,1661][206,1771]" displayed="true">
[debug] &amp#27;[35m[BaseDriver]&amp#27;[39m                                 <android.widget.ImageView index="0" package="com.tencent.wework" class="android.widget.ImageView" text="" resource-id="com.tencent.wework:id/f19" checkable="false" checked="false" clickable="false" enabled="true" focusable="false" focused="false" long-clickable="false" password="false" scrollable="false" selected="false" bounds="[96,1661][206,1771]" displayed="true" />
[debug] &amp#27;[35m[BaseDriver]&amp#27;[39m                               </android.widget.RelativeLayout>
[debug] &amp#27;[35m[BaseDriver]&amp#27;[39m                               <android.widget.TextView index="1" package="com.tencent.wework" class="android.widget.TextView" text="添加" resource-id="com.tencent.wework:id/hlf" checkable="false" checked="false" clickable="false" enabled="true" focusable="false" focused="false" long-clickable="false" password="false" scrollable="false" selected="false" bounds="[112,1799][190,1851]" displayed="true" />
[debug] &amp#27;[35m[BaseDriver]&amp#27;[39m                             </android.widget.LinearLayout>
[debug] &amp#27;[35m[BaseDriver]&amp#27;[39m                             <android.widget.ImageView index="1" package="com.tencent.wework" class="android.widget.ImageView" text="" resource-id="com.tencent.wework:id/m9t" checkable="false" checked="false" clickable="false" enabled="true" focusable="false" focused="false" long-clickable="false" password="false" scrollable="false" selected="false" bounds="[171,1606][281,1716]" displayed="true" />
[debug] &amp#27;[35m[BaseDriver]&amp#27;[39m                           </android.widget.RelativeLayout>
[debug] &amp#27;[35m[BaseDriver]&amp#27;[39m                           <android.widget.RelativeLayout index="14" package="com.tencent.wework" class="android.widget.RelativeLayout" text="" checkable="false" checked="false" clickable="true" enabled="true" focusable="true" focused="false" long-clickable="true" password="false" scrollable="false" selected="false" bounds="[281,1606][540,1904]" displayed="true">
[debug] &amp#27;[35m[BaseDriver]&amp#27;[39m                             <android.view.View index="0" package="com.tencent.wework" class="android.view.View" text="" resource-id="com.tencent.wework:id/kb2" checkable="false" checked="false" clickable="false" enabled="true" focusable="false" focused="false" long-clickable="false" password="false" scrollable="false" selected="false" bounds="[281,1606][540,1904]" displayed="true" />
[debug] &amp#27;[35m[BaseDriver]&amp#27;[39m                             <android.widget.LinearLayout index="1" package="com.tencent.wework" class="android.widget.LinearLayout" text="" checkable="false" checked="false" clickable="false" enabled="true" focusable="false" focused="false" long-clickable="false" password="false" scrollable="false" selected="false" bounds="[355,1606][465,1904]" displayed="true">
[debug] &amp#27;[35m[BaseDriver]&amp#27;[39m                               <android.widget.RelativeLayout index="0" package="com.tencent.wework" class="android.widget.RelativeLayout" text="" resource-id="com.tencent.wework:id/f2r" checkable="false" checked="false" clickable="false" enabled="true" focusable="false" focused="false" long-clickable="false" password="false" scrollable="false" selected="false" bounds="[355,1661][465,1771]" displayed="true" />
[debug] &amp#27;[35m[BaseDriver]&amp#27;[39m                             </android.widget.LinearLayout>
[debug] &amp#27;[35m[BaseDriver]&amp#27;[39m                             <android.widget.ImageView index="2" package="com.tencent.wework" class="android.widget.ImageView" text="" resource-id="com.tencent.wework:id/m9t" checkable="false" checked="false" clickable="false" enabled="true" focusable="false" focused="false" long-clickable="false" password="false" scrollable="false" selected="false" bounds="[430,1606][540,1716]" displayed="true" />
[debug] &amp#27;[35m[BaseDriver]&amp#27;[39m                           </android.widget.RelativeLayout>
[debug] &amp#27;[35m[BaseDriver]&amp#27;[39m                           <android.widget.RelativeLayout index="15" package="com.tencent.wework" class="android.widget.RelativeLayout" text="" checkable="false" checked="false" clickable="true" enabled="true" focusable="true" focused="false" long-clickable="true" password="false" scrollable="false" selected="false" bounds="[540,1606][799,1904]" displayed="true">
[debug] &amp#27;[35m[BaseDriver]&amp#27;[39m                             <android.view.View index="0" package="com.tencent.wework" class="android.view.View" text="" resource-id="com.tencent.wework:id/kb2" checkable="false" checked="false" clickable="false" enabled="true" focusable="false" focused="false" long-clickable="false" password="false" scrollable="false" selected="false" bounds="[540,1606][799,1904]" displayed="true" />
[debug] &amp#27;[35m[BaseDriver]&amp#27;[39m                             <android.widget.LinearLayout index="1" package="com.tencent.wework" class="android.widget.LinearLayout" text="" checkable="false" checked="false" clickable="false" enabled="true" focusable="false" focused="false" long-clickable="false" password="false" scrollable="false" selected="false" bounds="[614,1606][724,1904]" displayed="true">
[debug] &amp#27;[35m[BaseDriver]&amp#27;[39m                               <android.widget.RelativeLayout index="0" package="com.tencent.wework" class="android.widget.RelativeLayout" text="" resource-id="com.tencent.wework:id/f2r" checkable="false" checked="false" clickable="false" enabled="true" focusable="false" focused="false" long-clickable="false" password="false" scrollable="false" selected="false" bounds="[614,1661][724,1771]" displayed="true" />
[debug] &amp#27;[35m[BaseDriver]&amp#27;[39m                             </android.widget.LinearLayout>
[debug] &amp#27;[35m[BaseDriver]&amp#27;[39m                             <android.widget.ImageView index="2" package="com.tencent.wework" class="android.widget.ImageView" text="" resource-id="com.tencent.wework:id/m9t" checkable="false" checked="false" clickable="false" enabled="true" focusable="false" focused="false" long-clickable="false" password="false" scrollable="false" selected="false" bounds="[689,1606][799,1716]" displayed="true" />
[debug] &amp#27;[35m[BaseDriver]&amp#27;[39m                           </android.widget.RelativeLayout>
[debug] &amp#27;[35m[BaseDriver]&amp#27;[39m                           <android.widget.RelativeLayout index="16" package="com.tencent.wework" class="android.widget.RelativeLayout" text="" checkable="false" checked="false" clickable="true" enabled="true" focusable="true" focused="false" long-clickable="true" password="false" scrollable="false" selected="false" bounds="[799,1606][1058,1904]" displayed="true">
[debug] &amp#27;[35m[BaseDriver]&amp#27;[39m                             <android.view.View index="0" package="com.tencent.wework" class="android.view.View" text="" resource-id="com.tencent.wework:id/kb2" checkable="false" checked="false" clickable="false" enabled="true" focusable="false" focused="false" long-clickable="false" password="false" scrollable="false" selected="false" bounds="[799,1606][1058,1904]" displayed="true" />
[debug] &amp#27;[35m[BaseDriver]&amp#27;[39m                             <android.widget.LinearLayout index="1" package="com.tencent.wework" class="android.widget.LinearLayout" text="" checkable="false" checked="false" clickable="false" enabled="true" focusable="false" focused="false" long-clickable="false" password="false" scrollable="false" selected="false" bounds="[873,1606][983,1904]" displayed="true">
[debug] &amp#27;[35m[BaseDriver]&amp#27;[39m                               <android.widget.RelativeLayout index="0" package="com.tencent.wework" class="android.widget.RelativeLayout" text="" resource-id="com.tencent.wework:id/f2r" checkable="false" checked="false" clickable="false" enabled="true" focusable="false" focused="false" long-clickable="false" password="false" scrollable="false" selected="false" bounds="[873,1661][983,1771]" displayed="true" />
[debug] &amp#27;[35m[BaseDriver]&amp#27;[39m                             </android.widget.LinearLayout>
[debug] &amp#27;[35m[BaseDriver]&amp#27;[39m                             <android.widget.ImageView index="2" package="com.tencent.wework" class="android.widget.ImageView" text="" resource-id="com.tencent.wework:id/m9t" checkable="false" checked="false" clickable="false" enabled="true" focusable="false" focused="false" long-clickable="false" password="false" scrollable="false" selected="false" bounds="[948,1606][1058,1716]" displayed="true" />
[debug] &amp#27;[35m[BaseDriver]&amp#27;[39m                           </android.widget.RelativeLayout>
[debug] &amp#27;[35m[BaseDriver]&amp#27;[39m                           <android.widget.LinearLayout index="17" package="com.tencent.wework" class="android.widget.LinearLayout" text="" checkable="false" checked="false" clickable="false" enabled="true" focusable="false" focused="false" long-clickable="false" password="false" scrollable="false" selected="false" bounds="[22,1904][1058,1948]" displayed="true">
[debug] &amp#27;[35m[BaseDriver]&amp#27;[39m                             <android.widget.LinearLayout index="0" package="com.tencent.wework" class="android.widget.LinearLayout" text="" checkable="false" checked="false" clickable="false" enabled="true" focusable="false" focused="false" long-clickable="false" password="false" scrollable="false" selected="false" bounds="[22,1904][1058,1948]" displayed="true">
[debug] &amp#27;[35m[BaseDriver]&amp#27;[39m                               <android.view.View index="0" package="com.tencent.wework" class="android.view.View" text="" resource-id="com.tencent.wework:id/lhg" checkable="false" checked="false" clickable="false" enabled="true" focusable="false" focused="false" long-clickable="false" password="false" scrollable="false" selected="false" bounds="[22,1904][1058,1926]" displayed="true" />
[debug] &amp#27;[35m[BaseDriver]&amp#27;[39m                               <android.view.View index="1" package="com.tencent.wework" class="android.view.View" text="" resource-id="com.tencent.wework:id/an7" checkable="false" checked="false" clickable="false" enabled="true" focusable="false" focused="false" long-clickable="false" password="false" scrollable="false" selected="false" bounds="[22,1926][1058,1948]" displayed="true" />
[debug] &amp#27;[35m[BaseDriver]&amp#27;[39m                             </android.widget.LinearLayout>
[debug] &amp#27;[35m[BaseDriver]&amp#27;[39m                           </android.widget.LinearLayout>
[debug] &amp#27;[35m[BaseDriver]&amp#27;[39m                           <android.widget.LinearLayout index="18" package="com.tencent.wework" class="android.widget.LinearLayout" text="" checkable="false" checked="false" clickable="true" enabled="true" focusable="true" focused="false" long-clickable="true" password="false" scrollable="false" selected="false" bounds="[22,1948][1058,2201]" displayed="true">
[debug] &amp#27;[35m[BaseDriver]&amp#27;[39m                             <android.widget.LinearLayout index="0" package="com.tencent.wework" class="android.widget.LinearLayout" text="" resource-id="com.tencent.wework:id/jf1" checkable="false" checked="false" clickable="false" enabled="true" focusable="false" focused="false" long-clickable="false" password="false" scrollable="false" selected="false" bounds="[22,1948][1058,2201]" displayed="true">
[debug] &amp#27;[35m[BaseDriver]&amp#27;[39m                               <android.widget.RelativeLayout index="0" package="com.tencent.wework" class="android.widget.RelativeLayout" text="" resource-id="com.tencent.wework:id/e1u" checkable="false" checked="false" clickable="true" enabled="true" focusable="true" focused="false" long-clickable="true" password="false" scrollable="false" selected="false" bounds="[22,1948][1058,2069]" displayed="true">
[debug] &amp#27;[35m[BaseDriver]&amp#27;[39m                                 <android.widget.RelativeLayout index="0" package="com.tencent.wework" class="android.widget.RelativeLayout" text="" checkable="false" checked="false" clickable="false" enabled="true" focusable="false" focused="false" long-clickable="false" password="false" scrollable="false" selected="false" bounds="[22,1948][1058,2069]" displayed="true">
[debug] &amp#27;[35m[BaseDriver]&amp#27;[39m                                   <android.widget.ImageView index="0" package="com.tencent.wework" class="android.widget.ImageView" text="" resource-id="com.tencent.wework:id/f19" checkable="false" checked="false" clickable="false" enabled="true" focusable="false" focused="false" long-clickable="false" password="false" scrollable="false" selected="false" bounds="[50,1983][100,2033]" displayed="true" />
[debug] &amp#27;[35m[BaseDriver]&amp#27;[39m                                   <android.widget.LinearLayout index="1" package="com.tencent.wework" class="android.widget.LinearLayout" text="" checkable="false" checked="false" clickable="false" enabled="true" focusable="false" focused="false" long-clickable="false" password="false" scrollable="false" selected="false" bounds="[119,1948][540,2069]" displayed="true">
[debug] &amp#27;[35m[BaseDriver]&amp#27;[39m                                     <android.widget.TextView index="0" package="com.tencent.wework" class="android.widget.TextView" text="对外收款" resource-id="com.tencent.wework:id/l9k" checkable="false" checked="false" clickable="false" enabled="true" focusable="false" focused="false" long-clickable="false" password="false" scrollable="false" selected="false" bounds="[119,1982][275,2034]" displayed="true" />
[debug] &amp#27;[35m[BaseDriver]&amp#27;[39m                                   </android.widget.LinearLayout>
[debug] &amp#27;[35m[BaseDriver]&amp#27;[39m                                   <android.widget.ImageView index="3" package="com.tencent.wework" class="android.widget.ImageView" text="" resource-id="com.tencent.wework:id/hob" checkable="false" checked="false" clickable="true" enabled="true" focusable="true" focused="false" long-clickable="false" password="false" scrollable="false" selected="false" bounds="[1011,1992][1030,2025]" displayed="true" />
[debug] &amp#27;[35m[BaseDriver]&amp#27;[39m                                 </android.widget.RelativeLayout>
[debug] &amp#27;[35m[BaseDriver]&amp#27;[39m                               </android.widget.RelativeLayout>
[debug] &amp#27;[35m[BaseDriver]&amp#27;[39m                               <android.widget.LinearLayout index="1" package="com.tencent.wework" class="android.widget.LinearLayout" text="" resource-id="com.tencent.wework:id/gm4" checkable="false" checked="false" clickable="false" enabled="true" focusable="false" focused="false" long-clickable="false" password="false" scrollable="false" selected="false" bounds="[22,2075][1058,2201]" displayed="true">
[debug] &amp#27;[35m[BaseDriver]&amp#27;[39m                                 <android.widget.TextView index="0" package="com.tencent.wework" class="android.widget.TextView" text="今日全部收款" resource-id="com.tencent.wework:id/gm5" checkable="false" checked="false" clickable="false" enabled="true" focusable="false" focused="false" long-clickable="false" password="false" scrollable="false" selected="false" bounds="[423,2097][657,2149]" displayed="true" />
[debug] &amp#27;[35m[BaseDriver]&amp#27;[39m                                 <android.widget.TextView index="1" package="com.tencent.wework" class="android.widget.TextView" text="¥ 0.00" resource-id="com.tencent.wework:id/gm6" checkable="false" checked="false" clickable="false" enabled="true" focusable="false" focused="false" long-clickable="false" password="false" scrollable="false" selected="false" bounds="[422,2149][658,2201]" displayed="true" />
[debug] &amp#27;[35m[BaseDriver]&amp#27;[39m                               </android.widget.LinearLayout>
[debug] &amp#27;[35m[BaseDriver]&amp#27;[39m                             </android.widget.LinearLayout>
[debug] &amp#27;[35m[BaseDriver]&amp#27;[39m                           </android.widget.LinearLayout>
[debug] &amp#27;[35m[BaseDriver]&amp#27;[39m                         </androidx.recyclerview.widget.RecyclerView>
[debug] &amp#27;[35m[BaseDriver]&amp#27;[39m                       </android.widget.FrameLayout>
[debug] &amp#27;[35m[BaseDriver]&amp#27;[39m                     </android.view.ViewGroup>
[debug] &amp#27;[35m[BaseDriver]&amp#27;[39m                   </android.widget.RelativeLayout>
[debug] &amp#27;[35m[BaseDriver]&amp#27;[39m                 </android.widget.FrameLayout>
[debug] &amp#27;[35m[BaseDriver]&amp#27;[39m                 <android.widget.LinearLayout index="2" package="com.tencent.wework" class="android.widget.LinearLayout" text="" resource-id="com.tencent.wework:id/gko" checkable="false" checked="false" clickable="false" enabled="true" focusable="false" focused="false" long-clickable="false" password="false" scrollable="false" selected="false" bounds="[0,2201][1080,2276]" displayed="true">
[debug] &amp#27;[35m[BaseDriver]&amp#27;[39m                   <android.view.View index="0" package="com.tencent.wework" class="android.view.View" text="" checkable="false" checked="false" clickable="false" enabled="true" focusable="false" focused="false" long-clickable="false" password="false" scrollable="false" selected="false" bounds="[0,2201][1080,2202]" displayed="true" />
[debug] &amp#27;[35m[BaseDriver]&amp#27;[39m                   <android.view.ViewGroup index="1" package="com.tencent.wework" class="android.view.ViewGroup" text="" resource-id="com.tencent.wework:id/kru" checkable="false" checked="false" clickable="false" enabled="true" focusable="false" focused="false" long-clickable="false" password="false" scrollable="false" selected="false" bounds="[0,2202][1080,2276]" displayed="true">
[debug] &amp#27;[35m[BaseDriver]&amp#27;[39m                     <android.widget.RelativeLayout index="0" package="com.tencent.wework" class="android.widget.RelativeLayout" text="" checkable="false" checked="false" clickable="true" enabled="true" focusable="true" focused="false" long-clickable="false" password="false" scrollable="false" selected="false" bounds="[0,2202][216,2276]" displayed="true">
[debug] &amp#27;[35m[BaseDriver]&amp#27;[39m                       <android.widget.RelativeLayout index="0" package="com.tencent.wework" class="android.widget.RelativeLayout" text="" checkable="false" checked="false" clickable="false" enabled="true" focusable="false" focused="false" long-clickable="false" password="false" scrollable="false" selected="false" bounds="[0,2202][216,2276]" displayed="true">
[debug] &amp#27;[35m[BaseDriver]&amp#27;[39m                         <android.widget.TextView index="0" package="com.tencent.wework" class="android.widget.TextView" text="消息" resource-id="com.tencent.wework:id/gks" checkable="false" checked="false" clickable="false" enabled="true" focusable="false" focused="false" long-clickable="false" password="false" scrollable="false" selected="false" bounds="[0,2225][216,2276]" displayed="true" />
[debug] &amp#27;[35m[BaseDriver]&amp#27;[39m                         <android.widget.TextView index="1" package="com.tencent.wework" class="android.widget.TextView" text="2" resource-id="com.tencent.wework:id/j2r" checkable="false" checked="false" clickable="false" enabled="true" focusable="false" focused="false" long-clickable="false" password="false" scrollable="false" selected="false" bounds="[127,2213][175,2261]" displayed="true" />
[debug] &amp#27;[35m[BaseDriver]&amp#27;[39m                       </android.widget.RelativeLayout>
[debug] &amp#27;[35m[BaseDriver]&amp#27;[39m                     </android.widget.RelativeLayout>
[debug] &amp#27;[35m[BaseDriver]&amp#27;[39m                     <android.widget.RelativeLayout index="1" package="com.tencent.wework" class="android.widget.RelativeLayout" text="" checkable="false" checked="false" clickable="true" enabled="true" focusable="true" focused="false" long-clickable="false" password="false" scrollable="false" selected="false" bounds="[216,2202][432,2276]" displayed="true">
[debug] &amp#27;[35m[BaseDriver]&amp#27;[39m                       <android.widget.RelativeLayout index="0" package="com.tencent.wework" class="android.widget.RelativeLayout" text="" checkable="false" checked="false" clickable="false" enabled="true" focusable="false" focused="false" long-clickable="false" password="false" scrollable="false" selected="false" bounds="[216,2202][432,2276]" displayed="true">
[debug] &amp#27;[35m[BaseDriver]&amp#27;[39m                         <android.widget.TextView index="0" package="com.tencent.wework" class="android.widget.TextView" text="邮件" resource-id="com.tencent.wework:id/gks" checkable="false" checked="false" clickable="false" enabled="true" focusable="false" focused="false" long-clickable="false" password="false" scrollable="false" selected="false" bounds="[216,2225][432,2276]" displayed="true" />
[debug] &amp#27;[35m[BaseDriver]&amp#27;[39m                       </android.widget.RelativeLayout>
[debug] &amp#27;[35m[BaseDriver]&amp#27;[39m                     </android.widget.RelativeLayout>
[debug] &amp#27;[35m[BaseDriver]&amp#27;[39m                     <android.widget.RelativeLayout index="2" package="com.tencent.wework" class="android.widget.RelativeLayout" text="" checkable="false" checked="false" clickable="true" enabled="true" focusable="true" focused="false" long-clickable="false" password="false" scrollable="false" selected="false" bounds="[432,2202][648,2276]" displayed="true">
[debug] &amp#27;[35m[BaseDriver]&amp#27;[39m                       <android.widget.RelativeLayout index="0" package="com.tencent.wework" class="android.widget.RelativeLayout" text="" checkable="false" checked="false" clickable="false" enabled="true" focusable="false" focused="false" long-clickable="false" password="false" scrollable="false" selected="false" bounds="[432,2202][648,2276]" displayed="true">
[debug] &amp#27;[35m[BaseDriver]&amp#27;[39m                         <android.widget.TextView index="0" package="com.tencent.wework" class="android.widget.TextView" text="文档" resource-id="com.tencent.wework:id/gks" checkable="false" checked="false" clickable="false" enabled="true" focusable="false" focused="false" long-clickable="false" password="false" scrollable="false" selected="false" bounds="[432,2225][648,2276]" displayed="true" />
[debug] &amp#27;[35m[BaseDriver]&amp#27;[39m                       </android.widget.RelativeLayout>
[debug] &amp#27;[35m[BaseDriver]&amp#27;[39m                     </android.widget.RelativeLayout>
[debug] &amp#27;[35m[BaseDriver]&amp#27;[39m                     <android.widget.RelativeLayout index="3" package="com.tencent.wework" class="android.widget.RelativeLayout" text="" checkable="false" checked="false" clickable="true" enabled="true" focusable="true" focused="false" long-clickable="false" password="false" scrollable="false" selected="false" bounds="[648,2202][864,2276]" displayed="true">
[debug] &amp#27;[35m[BaseDriver]&amp#27;[39m                       <android.widget.RelativeLayout index="0" package="com.tencent.wework" class="android.widget.RelativeLayout" text="" checkable="false" checked="false" clickable="false" enabled="true" focusable="false" focused="false" long-clickable="false" password="false" scrollable="false" selected="false" bounds="[648,2202][864,2276]" displayed="true">
[debug] &amp#27;[35m[BaseDriver]&amp#27;[39m                         <android.widget.TextView index="0" package="com.tencent.wework" class="android.widget.TextView" text="工作台" resource-id="com.tencent.wework:id/gks" checkable="false" checked="false" clickable="false" enabled="true" focusable="false" focused="false" long-clickable="false" password="false" scrollable="false" selected="true" bounds="[648,2225][864,2276]" displayed="true" />
[debug] &amp#27;[35m[BaseDriver]&amp#27;[39m                       </android.widget.RelativeLayout>
[debug] &amp#27;[35m[BaseDriver]&amp#27;[39m                     </android.widget.RelativeLayout>
[debug] &amp#27;[35m[BaseDriver]&amp#27;[39m                     <android.widget.RelativeLayout index="4" package="com.tencent.wework" class="android.widget.RelativeLayout" text="" checkable="false" checked="false" clickable="true" enabled="true" focusable="true" focused="false" long-clickable="false" password="false" scrollable="false" selected="false" bounds="[864,2202][1080,2276]" displayed="true">
[debug] &amp#27;[35m[BaseDriver]&amp#27;[39m                       <android.widget.RelativeLayout index="0" package="com.tencent.wework" class="android.widget.RelativeLayout" text="" checkable="false" checked="false" clickable="false" enabled="true" focusable="false" focused="false" long-clickable="false" password="false" scrollable="false" selected="false" bounds="[864,2202][1080,2276]" displayed="true">
[debug] &amp#27;[35m[BaseDriver]&amp#27;[39m                         <android.widget.TextView index="0" package="com.tencent.wework" class="android.widget.TextView" text="通讯录" resource-id="com.tencent.wework:id/gks" checkable="false" checked="false" clickable="false" enabled="true" focusable="false" focused="false" long-clickable="false" password="false" scrollable="false" selected="false" bounds="[864,2225][1080,2276]" displayed="true" />
[debug] &amp#27;[35m[BaseDriver]&amp#27;[39m                       </android.widget.RelativeLayout>
[debug] &amp#27;[35m[BaseDriver]&amp#27;[39m                     </android.widget.RelativeLayout>
[debug] &amp#27;[35m[BaseDriver]&amp#27;[39m                   </android.view.ViewGroup>
[debug] &amp#27;[35m[BaseDriver]&amp#27;[39m                 </android.widget.LinearLayout>
[debug] &amp#27;[35m[BaseDriver]&amp#27;[39m               </android.widget.RelativeLayout>
[debug] &amp#27;[35m[BaseDriver]&amp#27;[39m               <android.widget.FrameLayout index="1" package="com.tencent.wework" class="android.widget.FrameLayout" text="" resource-id="com.tencent.wework:id/hjs" checkable="false" checked="false" clickable="false" enabled="true" focusable="false" focused="false" long-clickable="false" password="false" scrollable="false" selected="false" bounds="[0,0][992,2276]" displayed="true" />
[debug] &amp#27;[35m[BaseDriver]&amp#27;[39m             </android.widget.FrameLayout>
[debug] &amp#27;[35m[BaseDriver]&amp#27;[39m           </android.widget.FrameLayout>
[debug] &amp#27;[35m[BaseDriver]&amp#27;[39m         </android.widget.LinearLayout>
[debug] &amp#27;[35m[BaseDriver]&amp#27;[39m       </android.widget.FrameLayout>
[debug] &amp#27;[35m[BaseDriver]&amp#27;[39m     </android.widget.LinearLayout>
[debug] &amp#27;[35m[BaseDriver]&amp#27;[39m   </android.widget.FrameLayout>
[debug] &amp#27;[35m[BaseDriver]&amp#27;[39m </hierarchy>
[debug] &amp#27;[35m[W3C (e26f0de1)]&amp#27;[39m Encountered internal error running command: NoSuchElementError: An element could not be located on the page using the given search parameters.
[debug] &amp#27;[35m[W3C (e26f0de1)]&amp#27;[39m     at AndroidUiautomator2Driver.findElOrEls (/opt/homebrew/lib/node_modules/appium/node_modules/appium-android-driver/lib/commands/find.js:75:11)
[debug] &amp#27;[35m[W3C (e26f0de1)]&amp#27;[39m     at processTicksAndRejections (node:internal/process/task_queues:95:5)
[debug] &amp#27;[35m[W3C (e26f0de1)]&amp#27;[39m     at AndroidUiautomator2Driver.findElOrElsWithProcessing (/opt/homebrew/lib/node_modules/appium/node_modules/appium-base-driver/lib/basedriver/commands/find.js:33:12)
[debug] &amp#27;[35m[W3C (e26f0de1)]&amp#27;[39m     at AndroidUiautomator2Driver.findElement (/opt/homebrew/lib/node_modules/appium/node_modules/appium-base-driver/lib/basedriver/commands/find.js:53:10)
&amp#27;[35m[HTTP]&amp#27;[39m &amp#27;[37m<-- POST /wd/hub/session/e26f0de1-bd1c-40d9-8b93-9fcbb6e07b12/element &amp#27;[39m&amp#27;[33m404&amp#27;[39m &amp#27;[90m20164 ms - 791&amp#27;[39m
&amp#27;[35m[HTTP]&amp#27;[39m &amp#27;[90m&amp#27;[39m
2023-05-28 09:17:43  &amp#27;[34m&amp#27;[0;39mINFO  &amp#27;[35m[main]&amp#27;[0;39m &amp#27;[33mtop.testeru.page.AppBasePage.upAndDown(AppBasePage.java:156)&amp#27;[0;39m -- 上下滑动
&amp#27;[35m[HTTP]&amp#27;[39m &amp#27;[37m-->&amp#27;[39m &amp#27;[37mGET&amp#27;[39m &amp#27;[37m/wd/hub/session/e26f0de1-bd1c-40d9-8b93-9fcbb6e07b12/window/rect&amp#27;[39m
&amp#27;[35m[HTTP]&amp#27;[39m &amp#27;[90m{}&amp#27;[39m
[debug] &amp#27;[35m[W3C (e26f0de1)]&amp#27;[39m Calling AppiumDriver.getWindowRect() with args: ["e26f0de1-bd1c-40d9-8b93-9fcbb6e07b12"]
[debug] &amp#27;[35m[WD Proxy]&amp#27;[39m Matched '/window/current/size' to command name 'getWindowSize'
[debug] &amp#27;[35m[WD Proxy]&amp#27;[39m Proxying [GET /window/current/size] to [GET http://127.0.0.1:8201/wd/hub/session/4cb2e25a-2bc2-42cc-8dee-3bc92c52b92f/window/current/size] with no body
[debug] &amp#27;[35m[WD Proxy]&amp#27;[39m Got response with status 200: {"sessionId":"4cb2e25a-2bc2-42cc-8dee-3bc92c52b92f","value":{"height":2276,"width":1080}}
[debug] &amp#27;[35m[W3C (e26f0de1)]&amp#27;[39m Responding to client with driver.getWindowRect() result: {"width":1080,"height":2276,"x":0,"y":0}
&amp#27;[35m[HTTP]&amp#27;[39m &amp#27;[37m<-- GET /wd/hub/session/e26f0de1-bd1c-40d9-8b93-9fcbb6e07b12/window/rect &amp#27;[39m&amp#27;[32m200&amp#27;[39m &amp#27;[90m6 ms - 50&amp#27;[39m
&amp#27;[35m[HTTP]&amp#27;[39m &amp#27;[90m&amp#27;[39m
2023-05-28 09:17:43  &amp#27;[34m&amp#27;[0;39mINFO  &amp#27;[35m[main]&amp#27;[0;39m &amp#27;[33mtop.testeru.page.AppBasePage.upAndDown(AppBasePage.java:163)&amp#27;[0;39m -- 从(540, 1593)滑动到(540, 682)
&amp#27;[35m[HTTP]&amp#27;[39m &amp#27;[37m-->&amp#27;[39m &amp#27;[37mPOST&amp#27;[39m &amp#27;[37m/wd/hub/session/e26f0de1-bd1c-40d9-8b93-9fcbb6e07b12/actions&amp#27;[39m
&amp#27;[35m[HTTP]&amp#27;[39m &amp#27;[90m{"actions":[{"id":"finger1","type":"pointer","parameters":{"pointerType":"touch"},"actions":[{"duration":0,"type":"pause"},{"duration":0,"x":540,"y":1593,"type":"pointerMove","origin":"viewport"},{"button":0,"type":"pointerDown"},{"duration":1000,"x":540,"y":682,"type":"pointerMove","origin":"viewport"},{"button":0,"type":"pointerUp"}]}]}&amp#27;[39m
[debug] &amp#27;[35m[W3C (e26f0de1)]&amp#27;[39m Calling AppiumDriver.performActions() with args: [[{"id":"finger1","type":"pointer","parameters":{"pointerType":"touch"},"actions":[{"duration":0,"type":"pause"},{"duration":0,"x":540,"y":1593,"type":"pointerMove","origin":"viewport"},{"button":0,"type":"pointerDown"},{"duration":1000,"x":540,"y":682,"type":"pointerMove","origin":"viewport"},{"button":0,"type":"pointerUp"}]}],"e26f0de1-bd1c-40d9-8b93-9fcbb6e07b12"]
[debug] &amp#27;[35m[UiAutomator2]&amp#27;[39m Received the following W3C actions: [
[debug] &amp#27;[35m[UiAutomator2]&amp#27;[39m   {
[debug] &amp#27;[35m[UiAutomator2]&amp#27;[39m     "id": "finger1",
[debug] &amp#27;[35m[UiAutomator2]&amp#27;[39m     "type": "pointer",
[debug] &amp#27;[35m[UiAutomator2]&amp#27;[39m     "parameters": {
[debug] &amp#27;[35m[UiAutomator2]&amp#27;[39m       "pointerType": "touch"
[debug] &amp#27;[35m[UiAutomator2]&amp#27;[39m     },
[debug] &amp#27;[35m[UiAutomator2]&amp#27;[39m     "actions": [
[debug] &amp#27;[35m[UiAutomator2]&amp#27;[39m       {
[debug] &amp#27;[35m[UiAutomator2]&amp#27;[39m         "duration": 0,
[debug] &amp#27;[35m[UiAutomator2]&amp#27;[39m         "type": "pause"
[debug] &amp#27;[35m[UiAutomator2]&amp#27;[39m       },
[debug] &amp#27;[35m[UiAutomator2]&amp#27;[39m       {
[debug] &amp#27;[35m[UiAutomator2]&amp#27;[39m         "duration": 0,
[debug] &amp#27;[35m[UiAutomator2]&amp#27;[39m         "x": 540,
[debug] &amp#27;[35m[UiAutomator2]&amp#27;[39m         "y": 1593,
[debug] &amp#27;[35m[UiAutomator2]&amp#27;[39m         "type": "pointerMove",
[debug] &amp#27;[35m[UiAutomator2]&amp#27;[39m         "origin": "viewport"
[debug] &amp#27;[35m[UiAutomator2]&amp#27;[39m       },
[debug] &amp#27;[35m[UiAutomator2]&amp#27;[39m       {
[debug] &amp#27;[35m[UiAutomator2]&amp#27;[39m         "button": 0,
[debug] &amp#27;[35m[UiAutomator2]&amp#27;[39m         "type": "pointerDown"
[debug] &amp#27;[35m[UiAutomator2]&amp#27;[39m       },
[debug] &amp#27;[35m[UiAutomator2]&amp#27;[39m       {
[debug] &amp#27;[35m[UiAutomator2]&amp#27;[39m         "duration": 1000,
[debug] &amp#27;[35m[UiAutomator2]&amp#27;[39m         "x": 540,
[debug] &amp#27;[35m[UiAutomator2]&amp#27;[39m         "y": 682,
[debug] &amp#27;[35m[UiAutomator2]&amp#27;[39m         "type": "pointerMove",
[debug] &amp#27;[35m[UiAutomator2]&amp#27;[39m         "origin": "viewport"
[debug] &amp#27;[35m[UiAutomator2]&amp#27;[39m       },
[debug] &amp#27;[35m[UiAutomator2]&amp#27;[39m       {
[debug] &amp#27;[35m[UiAutomator2]&amp#27;[39m         "button": 0,
[debug] &amp#27;[35m[UiAutomator2]&amp#27;[39m         "type": "pointerUp"
[debug] &amp#27;[35m[UiAutomator2]&amp#27;[39m       }
[debug] &amp#27;[35m[UiAutomator2]&amp#27;[39m     ]
[debug] &amp#27;[35m[UiAutomator2]&amp#27;[39m   }
[debug] &amp#27;[35m[UiAutomator2]&amp#27;[39m ]
[debug] &amp#27;[35m[UiAutomator2]&amp#27;[39m Preprocessed actions: [
[debug] &amp#27;[35m[UiAutomator2]&amp#27;[39m   {
[debug] &amp#27;[35m[UiAutomator2]&amp#27;[39m     "id": "finger1",
[debug] &amp#27;[35m[UiAutomator2]&amp#27;[39m     "type": "pointer",
[debug] &amp#27;[35m[UiAutomator2]&amp#27;[39m     "parameters": {
[debug] &amp#27;[35m[UiAutomator2]&amp#27;[39m       "pointerType": "touch"
[debug] &amp#27;[35m[UiAutomator2]&amp#27;[39m     },
[debug] &amp#27;[35m[UiAutomator2]&amp#27;[39m     "actions": [
[debug] &amp#27;[35m[UiAutomator2]&amp#27;[39m       {
[debug] &amp#27;[35m[UiAutomator2]&amp#27;[39m         "duration": 0,
[debug] &amp#27;[35m[UiAutomator2]&amp#27;[39m         "type": "pause"
[debug] &amp#27;[35m[UiAutomator2]&amp#27;[39m       },
[debug] &amp#27;[35m[UiAutomator2]&amp#27;[39m       {
[debug] &amp#27;[35m[UiAutomator2]&amp#27;[39m         "duration": 0,
[debug] &amp#27;[35m[UiAutomator2]&amp#27;[39m         "x": 540,
[debug] &amp#27;[35m[UiAutomator2]&amp#27;[39m         "y": 1593,
[debug] &amp#27;[35m[UiAutomator2]&amp#27;[39m         "type": "pointerMove",
[debug] &amp#27;[35m[UiAutomator2]&amp#27;[39m         "origin": "viewport"
[debug] &amp#27;[35m[UiAutomator2]&amp#27;[39m       },
[debug] &amp#27;[35m[UiAutomator2]&amp#27;[39m       {
[debug] &amp#27;[35m[UiAutomator2]&amp#27;[39m         "button": 0,
[debug] &amp#27;[35m[UiAutomator2]&amp#27;[39m         "type": "pointerDown"
[debug] &amp#27;[35m[UiAutomator2]&amp#27;[39m       },
[debug] &amp#27;[35m[UiAutomator2]&amp#27;[39m       {
[debug] &amp#27;[35m[UiAutomator2]&amp#27;[39m         "duration": 1000,
[debug] &amp#27;[35m[UiAutomator2]&amp#27;[39m         "x": 540,
[debug] &amp#27;[35m[UiAutomator2]&amp#27;[39m         "y": 682,
[debug] &amp#27;[35m[UiAutomator2]&amp#27;[39m         "type": "pointerMove",
[debug] &amp#27;[35m[UiAutomator2]&amp#27;[39m         "origin": "viewport"
[debug] &amp#27;[35m[UiAutomator2]&amp#27;[39m       },
[debug] &amp#27;[35m[UiAutomator2]&amp#27;[39m       {
[debug] &amp#27;[35m[UiAutomator2]&amp#27;[39m         "button": 0,
[debug] &amp#27;[35m[UiAutomator2]&amp#27;[39m         "type": "pointerUp"
[debug] &amp#27;[35m[UiAutomator2]&amp#27;[39m       }
[debug] &amp#27;[35m[UiAutomator2]&amp#27;[39m     ]
[debug] &amp#27;[35m[UiAutomator2]&amp#27;[39m   }
[debug] &amp#27;[35m[UiAutomator2]&amp#27;[39m ]
[debug] &amp#27;[35m[WD Proxy]&amp#27;[39m Matched '/actions' to command name 'performActions'
[debug] &amp#27;[35m[WD Proxy]&amp#27;[39m Proxying [POST /actions] to [POST http://127.0.0.1:8201/wd/hub/session/4cb2e25a-2bc2-42cc-8dee-3bc92c52b92f/actions] with body: {"actions":[{"id":"finger1","type":"pointer","parameters":{"pointerType":"touch"},"actions":[{"duration":0,"type":"pause"},{"duration":0,"x":540,"y":1593,"type":"pointerMove","origin":"viewport"},{"button":0,"type":"pointerDown"},{"duration":1000,"x":540,"y":682,"type":"pointerMove","origin":"viewport"},{"button":0,"type":"pointerUp"}]}]}
[debug] &amp#27;[35m[WD Proxy]&amp#27;[39m Got response with status 200: {"sessionId":"4cb2e25a-2bc2-42cc-8dee-3bc92c52b92f","value":null}
[debug] &amp#27;[35m[W3C (e26f0de1)]&amp#27;[39m Responding to client with driver.performActions() result: null
&amp#27;[35m[HTTP]&amp#27;[39m &amp#27;[37m<-- POST /wd/hub/session/e26f0de1-bd1c-40d9-8b93-9fcbb6e07b12/actions &amp#27;[39m&amp#27;[32m200&amp#27;[39m &amp#27;[90m1032 ms - 14&amp#27;[39m
&amp#27;[35m[HTTP]&amp#27;[39m &amp#27;[90m&amp#27;[39m
&amp#27;[35m[HTTP]&amp#27;[39m &amp#27;[37m-->&amp#27;[39m &amp#27;[37mPOST&amp#27;[39m &amp#27;[37m/wd/hub/session/e26f0de1-bd1c-40d9-8b93-9fcbb6e07b12/element&amp#27;[39m
&amp#27;[35m[HTTP]&amp#27;[39m &amp#27;[90m{"using":"css selector","value":"[text=\"打卡\"]"}&amp#27;[39m
[debug] &amp#27;[35m[W3C (e26f0de1)]&amp#27;[39m Calling AppiumDriver.findElement() with args: ["css selector","[text=\"打卡\"]","e26f0de1-bd1c-40d9-8b93-9fcbb6e07b12"]
[debug] &amp#27;[35m[BaseDriver]&amp#27;[39m Valid locator strategies for this request: xpath, id, class name, accessibility id, css selector, -android uiautomator
[debug] &amp#27;[35m[BaseDriver]&amp#27;[39m Waiting up to 20000 ms for condition
[debug] &amp#27;[35m[WD Proxy]&amp#27;[39m Matched '/element' to command name 'findElement'
[debug] &amp#27;[35m[WD Proxy]&amp#27;[39m Proxying [POST /element] to [POST http://127.0.0.1:8201/wd/hub/session/4cb2e25a-2bc2-42cc-8dee-3bc92c52b92f/element] with body: {"strategy":"-android uiautomator","selector":"new UiSelector().text(\"打卡\")","context":"","multiple":false}
&amp#27;[35m[WD Proxy]&amp#27;[39m Got response with status 404: {"sessionId":"4cb2e25a-2bc2-42cc-8dee-3bc92c52b92f","value":{"error":"no such element","message":"An element could not be located on the page using the given search parameters","stacktrace":"io.appium.uiautomator2.common.exceptions.ElementNotFoundException: An element could not be located on the page using the given search parameters\n\tat io.appium.uiautomator2.handler.FindElement.safeHandle(FindElement.java:70)\n\tat io.appium.uiautomator2.handler.request.SafeRequestHandler.handle(SafeRequestHandler.java:59)\n\tat io.appium.uiautomator2.server.AppiumServlet.handleRequest(AppiumServlet.java:266)\n\tat io.appium.uiautomator2.server.AppiumServlet.handleHttpRequest(AppiumServlet.java:260)\n\tat io.appium.uiautomator2.http.ServerHandler.channelRead(ServerHandler.java:68)\n\tat io.netty.channel.AbstractChannelHandlerContext.invokeChannelRead(AbstractChannelHandlerContext.java:366)\n\tat io.netty.channel.AbstractChannelHandlerContext.invokeChannelRead(AbstractChannelHandlerContext.java:352)\n\tat io.netty.chann...
[debug] &amp#27;[35m[W3C]&amp#27;[39m Matched W3C error code 'no such element' to NoSuchElementError
[debug] &amp#27;[35m[BaseDriver]&amp#27;[39m Waited for 838 ms so far
[debug] &amp#27;[35m[WD Proxy]&amp#27;[39m Matched '/element' to command name 'findElement'
[debug] &amp#27;[35m[WD Proxy]&amp#27;[39m Proxying [POST /element] to [POST http://127.0.0.1:8201/wd/hub/session/4cb2e25a-2bc2-42cc-8dee-3bc92c52b92f/element] with body: {"strategy":"-android uiautomator","selector":"new UiSelector().text(\"打卡\")","context":"","multiple":false}
&amp#27;[35m[WD Proxy]&amp#27;[39m Got response with status 404: {"sessionId":"4cb2e25a-2bc2-42cc-8dee-3bc92c52b92f","value":{"error":"no such element","message":"An element could not be located on the page using the given search parameters","stacktrace":"io.appium.uiautomator2.common.exceptions.ElementNotFoundException: An element could not be located on the page using the given search parameters\n\tat io.appium.uiautomator2.handler.FindElement.safeHandle(FindElement.java:70)\n\tat io.appium.uiautomator2.handler.request.SafeRequestHandler.handle(SafeRequestHandler.java:59)\n\tat io.appium.uiautomator2.server.AppiumServlet.handleRequest(AppiumServlet.java:266)\n\tat io.appium.uiautomator2.server.AppiumServlet.handleHttpRequest(AppiumServlet.java:260)\n\tat io.appium.uiautomator2.http.ServerHandler.channelRead(ServerHandler.java:68)\n\tat io.netty.channel.AbstractChannelHandlerContext.invokeChannelRead(AbstractChannelHandlerContext.java:366)\n\tat io.netty.channel.AbstractChannelHandlerContext.invokeChannelRead(AbstractChannelHandlerContext.java:352)\n\tat io.netty.chann...
[debug] &amp#27;[35m[W3C]&amp#27;[39m Matched W3C error code 'no such element' to NoSuchElementError
[debug] &amp#27;[35m[BaseDriver]&amp#27;[39m Waited for 1390 ms so far
[debug] &amp#27;[35m[WD Proxy]&amp#27;[39m Matched '/element' to command name 'findElement'
[debug] &amp#27;[35m[WD Proxy]&amp#27;[39m Proxying [POST /element] to [POST http://127.0.0.1:8201/wd/hub/session/4cb2e25a-2bc2-42cc-8dee-3bc92c52b92f/element] with body: {"strategy":"-android uiautomator","selector":"new UiSelector().text(\"打卡\")","context":"","multiple":false}
&amp#27;[35m[WD Proxy]&amp#27;[39m Got response with status 404: {"sessionId":"4cb2e25a-2bc2-42cc-8dee-3bc92c52b92f","value":{"error":"no such element","message":"An element could not be located on the page using the given search parameters","stacktrace":"io.appium.uiautomator2.common.exceptions.ElementNotFoundException: An element could not be located on the page using the given search parameters\n\tat io.appium.uiautomator2.handler.FindElement.safeHandle(FindElement.java:70)\n\tat io.appium.uiautomator2.handler.request.SafeRequestHandler.handle(SafeRequestHandler.java:59)\n\tat io.appium.uiautomator2.server.AppiumServlet.handleRequest(AppiumServlet.java:266)\n\tat io.appium.uiautomator2.server.AppiumServlet.handleHttpRequest(AppiumServlet.java:260)\n\tat io.appium.uiautomator2.http.ServerHandler.channelRead(ServerHandler.java:68)\n\tat io.netty.channel.AbstractChannelHandlerContext.invokeChannelRead(AbstractChannelHandlerContext.java:366)\n\tat io.netty.channel.AbstractChannelHandlerContext.invokeChannelRead(AbstractChannelHandlerContext.java:352)\n\tat io.netty.chann...
[debug] &amp#27;[35m[W3C]&amp#27;[39m Matched W3C error code 'no such element' to NoSuchElementError
[debug] &amp#27;[35m[BaseDriver]&amp#27;[39m Waited for 1943 ms so far
[debug] &amp#27;[35m[WD Proxy]&amp#27;[39m Matched '/element' to command name 'findElement'
[debug] &amp#27;[35m[WD Proxy]&amp#27;[39m Proxying [POST /element] to [POST http://127.0.0.1:8201/wd/hub/session/4cb2e25a-2bc2-42cc-8dee-3bc92c52b92f/element] with body: {"strategy":"-android uiautomator","selector":"new UiSelector().text(\"打卡\")","context":"","multiple":false}
&amp#27;[35m[WD Proxy]&amp#27;[39m Got response with status 404: {"sessionId":"4cb2e25a-2bc2-42cc-8dee-3bc92c52b92f","value":{"error":"no such element","message":"An element could not be located on the page using the given search parameters","stacktrace":"io.appium.uiautomator2.common.exceptions.ElementNotFoundException: An element could not be located on the page using the given search parameters\n\tat io.appium.uiautomator2.handler.FindElement.safeHandle(FindElement.java:70)\n\tat io.appium.uiautomator2.handler.request.SafeRequestHandler.handle(SafeRequestHandler.java:59)\n\tat io.appium.uiautomator2.server.AppiumServlet.handleRequest(AppiumServlet.java:266)\n\tat io.appium.uiautomator2.server.AppiumServlet.handleHttpRequest(AppiumServlet.java:260)\n\tat io.appium.uiautomator2.http.ServerHandler.channelRead(ServerHandler.java:68)\n\tat io.netty.channel.AbstractChannelHandlerContext.invokeChannelRead(AbstractChannelHandlerContext.java:366)\n\tat io.netty.channel.AbstractChannelHandlerContext.invokeChannelRead(AbstractChannelHandlerContext.java:352)\n\tat io.netty.chann...
[debug] &amp#27;[35m[W3C]&amp#27;[39m Matched W3C error code 'no such element' to NoSuchElementError
[debug] &amp#27;[35m[BaseDriver]&amp#27;[39m Waited for 2500 ms so far
[debug] &amp#27;[35m[WD Proxy]&amp#27;[39m Matched '/element' to command name 'findElement'
[debug] &amp#27;[35m[WD Proxy]&amp#27;[39m Proxying [POST /element] to [POST http://127.0.0.1:8201/wd/hub/session/4cb2e25a-2bc2-42cc-8dee-3bc92c52b92f/element] with body: {"strategy":"-android uiautomator","selector":"new UiSelector().text(\"打卡\")","context":"","multiple":false}
&amp#27;[35m[WD Proxy]&amp#27;[39m Got response with status 404: {"sessionId":"4cb2e25a-2bc2-42cc-8dee-3bc92c52b92f","value":{"error":"no such element","message":"An element could not be located on the page using the given search parameters","stacktrace":"io.appium.uiautomator2.common.exceptions.ElementNotFoundException: An element could not be located on the page using the given search parameters\n\tat io.appium.uiautomator2.handler.FindElement.safeHandle(FindElement.java:70)\n\tat io.appium.uiautomator2.handler.request.SafeRequestHandler.handle(SafeRequestHandler.java:59)\n\tat io.appium.uiautomator2.server.AppiumServlet.handleRequest(AppiumServlet.java:266)\n\tat io.appium.uiautomator2.server.AppiumServlet.handleHttpRequest(AppiumServlet.java:260)\n\tat io.appium.uiautomator2.http.ServerHandler.channelRead(ServerHandler.java:68)\n\tat io.netty.channel.AbstractChannelHandlerContext.invokeChannelRead(AbstractChannelHandlerContext.java:366)\n\tat io.netty.channel.AbstractChannelHandlerContext.invokeChannelRead(AbstractChannelHandlerContext.java:352)\n\tat io.netty.chann...
[debug] &amp#27;[35m[W3C]&amp#27;[39m Matched W3C error code 'no such element' to NoSuchElementError
[debug] &amp#27;[35m[BaseDriver]&amp#27;[39m Waited for 3054 ms so far
[debug] &amp#27;[35m[WD Proxy]&amp#27;[39m Matched '/element' to command name 'findElement'
[debug] &amp#27;[35m[WD Proxy]&amp#27;[39m Proxying [POST /element] to [POST http://127.0.0.1:8201/wd/hub/session/4cb2e25a-2bc2-42cc-8dee-3bc92c52b92f/element] with body: {"strategy":"-android uiautomator","selector":"new UiSelector().text(\"打卡\")","context":"","multiple":false}
&amp#27;[35m[WD Proxy]&amp#27;[39m Got response with status 404: {"sessionId":"4cb2e25a-2bc2-42cc-8dee-3bc92c52b92f","value":{"error":"no such element","message":"An element could not be located on the page using the given search parameters","stacktrace":"io.appium.uiautomator2.common.exceptions.ElementNotFoundException: An element could not be located on the page using the given search parameters\n\tat io.appium.uiautomator2.handler.FindElement.safeHandle(FindElement.java:70)\n\tat io.appium.uiautomator2.handler.request.SafeRequestHandler.handle(SafeRequestHandler.java:59)\n\tat io.appium.uiautomator2.server.AppiumServlet.handleRequest(AppiumServlet.java:266)\n\tat io.appium.uiautomator2.server.AppiumServlet.handleHttpRequest(AppiumServlet.java:260)\n\tat io.appium.uiautomator2.http.ServerHandler.channelRead(ServerHandler.java:68)\n\tat io.netty.channel.AbstractChannelHandlerContext.invokeChannelRead(AbstractChannelHandlerContext.java:366)\n\tat io.netty.channel.AbstractChannelHandlerContext.invokeChannelRead(AbstractChannelHandlerContext.java:352)\n\tat io.netty.chann...
[debug] &amp#27;[35m[W3C]&amp#27;[39m Matched W3C error code 'no such element' to NoSuchElementError
[debug] &amp#27;[35m[BaseDriver]&amp#27;[39m Waited for 3609 ms so far
[debug] &amp#27;[35m[WD Proxy]&amp#27;[39m Matched '/element' to command name 'findElement'
[debug] &amp#27;[35m[WD Proxy]&amp#27;[39m Proxying [POST /element] to [POST http://127.0.0.1:8201/wd/hub/session/4cb2e25a-2bc2-42cc-8dee-3bc92c52b92f/element] with body: {"strategy":"-android uiautomator","selector":"new UiSelector().text(\"打卡\")","context":"","multiple":false}
&amp#27;[35m[WD Proxy]&amp#27;[39m Got response with status 404: {"sessionId":"4cb2e25a-2bc2-42cc-8dee-3bc92c52b92f","value":{"error":"no such element","message":"An element could not be located on the page using the given search parameters","stacktrace":"io.appium.uiautomator2.common.exceptions.ElementNotFoundException: An element could not be located on the page using the given search parameters\n\tat io.appium.uiautomator2.handler.FindElement.safeHandle(FindElement.java:70)\n\tat io.appium.uiautomator2.handler.request.SafeRequestHandler.handle(SafeRequestHandler.java:59)\n\tat io.appium.uiautomator2.server.AppiumServlet.handleRequest(AppiumServlet.java:266)\n\tat io.appium.uiautomator2.server.AppiumServlet.handleHttpRequest(AppiumServlet.java:260)\n\tat io.appium.uiautomator2.http.ServerHandler.channelRead(ServerHandler.java:68)\n\tat io.netty.channel.AbstractChannelHandlerContext.invokeChannelRead(AbstractChannelHandlerContext.java:366)\n\tat io.netty.channel.AbstractChannelHandlerContext.invokeChannelRead(AbstractChannelHandlerContext.java:352)\n\tat io.netty.chann...
[debug] &amp#27;[35m[W3C]&amp#27;[39m Matched W3C error code 'no such element' to NoSuchElementError
[debug] &amp#27;[35m[BaseDriver]&amp#27;[39m Waited for 4160 ms so far
[debug] &amp#27;[35m[WD Proxy]&amp#27;[39m Matched '/element' to command name 'findElement'
[debug] &amp#27;[35m[WD Proxy]&amp#27;[39m Proxying [POST /element] to [POST http://127.0.0.1:8201/wd/hub/session/4cb2e25a-2bc2-42cc-8dee-3bc92c52b92f/element] with body: {"strategy":"-android uiautomator","selector":"new UiSelector().text(\"打卡\")","context":"","multiple":false}
&amp#27;[35m[WD Proxy]&amp#27;[39m Got response with status 404: {"sessionId":"4cb2e25a-2bc2-42cc-8dee-3bc92c52b92f","value":{"error":"no such element","message":"An element could not be located on the page using the given search parameters","stacktrace":"io.appium.uiautomator2.common.exceptions.ElementNotFoundException: An element could not be located on the page using the given search parameters\n\tat io.appium.uiautomator2.handler.FindElement.safeHandle(FindElement.java:70)\n\tat io.appium.uiautomator2.handler.request.SafeRequestHandler.handle(SafeRequestHandler.java:59)\n\tat io.appium.uiautomator2.server.AppiumServlet.handleRequest(AppiumServlet.java:266)\n\tat io.appium.uiautomator2.server.AppiumServlet.handleHttpRequest(AppiumServlet.java:260)\n\tat io.appium.uiautomator2.http.ServerHandler.channelRead(ServerHandler.java:68)\n\tat io.netty.channel.AbstractChannelHandlerContext.invokeChannelRead(AbstractChannelHandlerContext.java:366)\n\tat io.netty.channel.AbstractChannelHandlerContext.invokeChannelRead(AbstractChannelHandlerContext.java:352)\n\tat io.netty.chann...
[debug] &amp#27;[35m[W3C]&amp#27;[39m Matched W3C error code 'no such element' to NoSuchElementError
[debug] &amp#27;[35m[BaseDriver]&amp#27;[39m Waited for 4712 ms so far
[debug] &amp#27;[35m[WD Proxy]&amp#27;[39m Matched '/element' to command name 'findElement'
[debug] &amp#27;[35m[WD Proxy]&amp#27;[39m Proxying [POST /element] to [POST http://127.0.0.1:8201/wd/hub/session/4cb2e25a-2bc2-42cc-8dee-3bc92c52b92f/element] with body: {"strategy":"-android uiautomator","selector":"new UiSelector().text(\"打卡\")","context":"","multiple":false}
&amp#27;[35m[WD Proxy]&amp#27;[39m Got response with status 404: {"sessionId":"4cb2e25a-2bc2-42cc-8dee-3bc92c52b92f","value":{"error":"no such element","message":"An element could not be located on the page using the given search parameters","stacktrace":"io.appium.uiautomator2.common.exceptions.ElementNotFoundException: An element could not be located on the page using the given search parameters\n\tat io.appium.uiautomator2.handler.FindElement.safeHandle(FindElement.java:70)\n\tat io.appium.uiautomator2.handler.request.SafeRequestHandler.handle(SafeRequestHandler.java:59)\n\tat io.appium.uiautomator2.server.AppiumServlet.handleRequest(AppiumServlet.java:266)\n\tat io.appium.uiautomator2.server.AppiumServlet.handleHttpRequest(AppiumServlet.java:260)\n\tat io.appium.uiautomator2.http.ServerHandler.channelRead(ServerHandler.java:68)\n\tat io.netty.channel.AbstractChannelHandlerContext.invokeChannelRead(AbstractChannelHandlerContext.java:366)\n\tat io.netty.channel.AbstractChannelHandlerContext.invokeChannelRead(AbstractChannelHandlerContext.java:352)\n\tat io.netty.chann...
[debug] &amp#27;[35m[W3C]&amp#27;[39m Matched W3C error code 'no such element' to NoSuchElementError
[debug] &amp#27;[35m[BaseDriver]&amp#27;[39m Waited for 5263 ms so far
[debug] &amp#27;[35m[WD Proxy]&amp#27;[39m Matched '/element' to command name 'findElement'
[debug] &amp#27;[35m[WD Proxy]&amp#27;[39m Proxying [POST /element] to [POST http://127.0.0.1:8201/wd/hub/session/4cb2e25a-2bc2-42cc-8dee-3bc92c52b92f/element] with body: {"strategy":"-android uiautomator","selector":"new UiSelector().text(\"打卡\")","context":"","multiple":false}
&amp#27;[35m[WD Proxy]&amp#27;[39m Got response with status 404: {"sessionId":"4cb2e25a-2bc2-42cc-8dee-3bc92c52b92f","value":{"error":"no such element","message":"An element could not be located on the page using the given search parameters","stacktrace":"io.appium.uiautomator2.common.exceptions.ElementNotFoundException: An element could not be located on the page using the given search parameters\n\tat io.appium.uiautomator2.handler.FindElement.safeHandle(FindElement.java:70)\n\tat io.appium.uiautomator2.handler.request.SafeRequestHandler.handle(SafeRequestHandler.java:59)\n\tat io.appium.uiautomator2.server.AppiumServlet.handleRequest(AppiumServlet.java:266)\n\tat io.appium.uiautomator2.server.AppiumServlet.handleHttpRequest(AppiumServlet.java:260)\n\tat io.appium.uiautomator2.http.ServerHandler.channelRead(ServerHandler.java:68)\n\tat io.netty.channel.AbstractChannelHandlerContext.invokeChannelRead(AbstractChannelHandlerContext.java:366)\n\tat io.netty.channel.AbstractChannelHandlerContext.invokeChannelRead(AbstractChannelHandlerContext.java:352)\n\tat io.netty.chann...
[debug] &amp#27;[35m[W3C]&amp#27;[39m Matched W3C error code 'no such element' to NoSuchElementError
[debug] &amp#27;[35m[BaseDriver]&amp#27;[39m Waited for 5822 ms so far
[debug] &amp#27;[35m[WD Proxy]&amp#27;[39m Matched '/element' to command name 'findElement'
[debug] &amp#27;[35m[WD Proxy]&amp#27;[39m Proxying [POST /element] to [POST http://127.0.0.1:8201/wd/hub/session/4cb2e25a-2bc2-42cc-8dee-3bc92c52b92f/element] with body: {"strategy":"-android uiautomator","selector":"new UiSelector().text(\"打卡\")","context":"","multiple":false}
&amp#27;[35m[WD Proxy]&amp#27;[39m Got response with status 404: {"sessionId":"4cb2e25a-2bc2-42cc-8dee-3bc92c52b92f","value":{"error":"no such element","message":"An element could not be located on the page using the given search parameters","stacktrace":"io.appium.uiautomator2.common.exceptions.ElementNotFoundException: An element could not be located on the page using the given search parameters\n\tat io.appium.uiautomator2.handler.FindElement.safeHandle(FindElement.java:70)\n\tat io.appium.uiautomator2.handler.request.SafeRequestHandler.handle(SafeRequestHandler.java:59)\n\tat io.appium.uiautomator2.server.AppiumServlet.handleRequest(AppiumServlet.java:266)\n\tat io.appium.uiautomator2.server.AppiumServlet.handleHttpRequest(AppiumServlet.java:260)\n\tat io.appium.uiautomator2.http.ServerHandler.channelRead(ServerHandler.java:68)\n\tat io.netty.channel.AbstractChannelHandlerContext.invokeChannelRead(AbstractChannelHandlerContext.java:366)\n\tat io.netty.channel.AbstractChannelHandlerContext.invokeChannelRead(AbstractChannelHandlerContext.java:352)\n\tat io.netty.chann...
[debug] &amp#27;[35m[W3C]&amp#27;[39m Matched W3C error code 'no such element' to NoSuchElementError
[debug] &amp#27;[35m[BaseDriver]&amp#27;[39m Waited for 6375 ms so far
[debug] &amp#27;[35m[WD Proxy]&amp#27;[39m Matched '/element' to command name 'findElement'
[debug] &amp#27;[35m[WD Proxy]&amp#27;[39m Proxying [POST /element] to [POST http://127.0.0.1:8201/wd/hub/session/4cb2e25a-2bc2-42cc-8dee-3bc92c52b92f/element] with body: {"strategy":"-android uiautomator","selector":"new UiSelector().text(\"打卡\")","context":"","multiple":false}
&amp#27;[35m[WD Proxy]&amp#27;[39m Got response with status 404: {"sessionId":"4cb2e25a-2bc2-42cc-8dee-3bc92c52b92f","value":{"error":"no such element","message":"An element could not be located on the page using the given search parameters","stacktrace":"io.appium.uiautomator2.common.exceptions.ElementNotFoundException: An element could not be located on the page using the given search parameters\n\tat io.appium.uiautomator2.handler.FindElement.safeHandle(FindElement.java:70)\n\tat io.appium.uiautomator2.handler.request.SafeRequestHandler.handle(SafeRequestHandler.java:59)\n\tat io.appium.uiautomator2.server.AppiumServlet.handleRequest(AppiumServlet.java:266)\n\tat io.appium.uiautomator2.server.AppiumServlet.handleHttpRequest(AppiumServlet.java:260)\n\tat io.appium.uiautomator2.http.ServerHandler.channelRead(ServerHandler.java:68)\n\tat io.netty.channel.AbstractChannelHandlerContext.invokeChannelRead(AbstractChannelHandlerContext.java:366)\n\tat io.netty.channel.AbstractChannelHandlerContext.invokeChannelRead(AbstractChannelHandlerContext.java:352)\n\tat io.netty.chann...
[debug] &amp#27;[35m[W3C]&amp#27;[39m Matched W3C error code 'no such element' to NoSuchElementError
[debug] &amp#27;[35m[BaseDriver]&amp#27;[39m Waited for 6933 ms so far
[debug] &amp#27;[35m[WD Proxy]&amp#27;[39m Matched '/element' to command name 'findElement'
[debug] &amp#27;[35m[WD Proxy]&amp#27;[39m Proxying [POST /element] to [POST http://127.0.0.1:8201/wd/hub/session/4cb2e25a-2bc2-42cc-8dee-3bc92c52b92f/element] with body: {"strategy":"-android uiautomator","selector":"new UiSelector().text(\"打卡\")","context":"","multiple":false}
&amp#27;[35m[WD Proxy]&amp#27;[39m Got response with status 404: {"sessionId":"4cb2e25a-2bc2-42cc-8dee-3bc92c52b92f","value":{"error":"no such element","message":"An element could not be located on the page using the given search parameters","stacktrace":"io.appium.uiautomator2.common.exceptions.ElementNotFoundException: An element could not be located on the page using the given search parameters\n\tat io.appium.uiautomator2.handler.FindElement.safeHandle(FindElement.java:70)\n\tat io.appium.uiautomator2.handler.request.SafeRequestHandler.handle(SafeRequestHandler.java:59)\n\tat io.appium.uiautomator2.server.AppiumServlet.handleRequest(AppiumServlet.java:266)\n\tat io.appium.uiautomator2.server.AppiumServlet.handleHttpRequest(AppiumServlet.java:260)\n\tat io.appium.uiautomator2.http.ServerHandler.channelRead(ServerHandler.java:68)\n\tat io.netty.channel.AbstractChannelHandlerContext.invokeChannelRead(AbstractChannelHandlerContext.java:366)\n\tat io.netty.channel.AbstractChannelHandlerContext.invokeChannelRead(AbstractChannelHandlerContext.java:352)\n\tat io.netty.chann...
[debug] &amp#27;[35m[W3C]&amp#27;[39m Matched W3C error code 'no such element' to NoSuchElementError
[debug] &amp#27;[35m[BaseDriver]&amp#27;[39m Waited for 7491 ms so far
[debug] &amp#27;[35m[WD Proxy]&amp#27;[39m Matched '/element' to command name 'findElement'
[debug] &amp#27;[35m[WD Proxy]&amp#27;[39m Proxying [POST /element] to [POST http://127.0.0.1:8201/wd/hub/session/4cb2e25a-2bc2-42cc-8dee-3bc92c52b92f/element] with body: {"strategy":"-android uiautomator","selector":"new UiSelector().text(\"打卡\")","context":"","multiple":false}
&amp#27;[35m[WD Proxy]&amp#27;[39m Got response with status 404: {"sessionId":"4cb2e25a-2bc2-42cc-8dee-3bc92c52b92f","value":{"error":"no such element","message":"An element could not be located on the page using the given search parameters","stacktrace":"io.appium.uiautomator2.common.exceptions.ElementNotFoundException: An element could not be located on the page using the given search parameters\n\tat io.appium.uiautomator2.handler.FindElement.safeHandle(FindElement.java:70)\n\tat io.appium.uiautomator2.handler.request.SafeRequestHandler.handle(SafeRequestHandler.java:59)\n\tat io.appium.uiautomator2.server.AppiumServlet.handleRequest(AppiumServlet.java:266)\n\tat io.appium.uiautomator2.server.AppiumServlet.handleHttpRequest(AppiumServlet.java:260)\n\tat io.appium.uiautomator2.http.ServerHandler.channelRead(ServerHandler.java:68)\n\tat io.netty.channel.AbstractChannelHandlerContext.invokeChannelRead(AbstractChannelHandlerContext.java:366)\n\tat io.netty.channel.AbstractChannelHandlerContext.invokeChannelRead(AbstractChannelHandlerContext.java:352)\n\tat io.netty.chann...
[debug] &amp#27;[35m[W3C]&amp#27;[39m Matched W3C error code 'no such element' to NoSuchElementError
[debug] &amp#27;[35m[BaseDriver]&amp#27;[39m Waited for 8424 ms so far
[debug] &amp#27;[35m[WD Proxy]&amp#27;[39m Matched '/element' to command name 'findElement'
[debug] &amp#27;[35m[WD Proxy]&amp#27;[39m Proxying [POST /element] to [POST http://127.0.0.1:8201/wd/hub/session/4cb2e25a-2bc2-42cc-8dee-3bc92c52b92f/element] with body: {"strategy":"-android uiautomator","selector":"new UiSelector().text(\"打卡\")","context":"","multiple":false}
&amp#27;[35m[WD Proxy]&amp#27;[39m Got response with status 404: {"sessionId":"4cb2e25a-2bc2-42cc-8dee-3bc92c52b92f","value":{"error":"no such element","message":"An element could not be located on the page using the given search parameters","stacktrace":"io.appium.uiautomator2.common.exceptions.ElementNotFoundException: An element could not be located on the page using the given search parameters\n\tat io.appium.uiautomator2.handler.FindElement.safeHandle(FindElement.java:70)\n\tat io.appium.uiautomator2.handler.request.SafeRequestHandler.handle(SafeRequestHandler.java:59)\n\tat io.appium.uiautomator2.server.AppiumServlet.handleRequest(AppiumServlet.java:266)\n\tat io.appium.uiautomator2.server.AppiumServlet.handleHttpRequest(AppiumServlet.java:260)\n\tat io.appium.uiautomator2.http.ServerHandler.channelRead(ServerHandler.java:68)\n\tat io.netty.channel.AbstractChannelHandlerContext.invokeChannelRead(AbstractChannelHandlerContext.java:366)\n\tat io.netty.channel.AbstractChannelHandlerContext.invokeChannelRead(AbstractChannelHandlerContext.java:352)\n\tat io.netty.chann...
[debug] &amp#27;[35m[W3C]&amp#27;[39m Matched W3C error code 'no such element' to NoSuchElementError
[debug] &amp#27;[35m[BaseDriver]&amp#27;[39m Waited for 8978 ms so far
[debug] &amp#27;[35m[WD Proxy]&amp#27;[39m Matched '/element' to command name 'findElement'
[debug] &amp#27;[35m[WD Proxy]&amp#27;[39m Proxying [POST /element] to [POST http://127.0.0.1:8201/wd/hub/session/4cb2e25a-2bc2-42cc-8dee-3bc92c52b92f/element] with body: {"strategy":"-android uiautomator","selector":"new UiSelector().text(\"打卡\")","context":"","multiple":false}
&amp#27;[35m[WD Proxy]&amp#27;[39m Got response with status 404: {"sessionId":"4cb2e25a-2bc2-42cc-8dee-3bc92c52b92f","value":{"error":"no such element","message":"An element could not be located on the page using the given search parameters","stacktrace":"io.appium.uiautomator2.common.exceptions.ElementNotFoundException: An element could not be located on the page using the given search parameters\n\tat io.appium.uiautomator2.handler.FindElement.safeHandle(FindElement.java:70)\n\tat io.appium.uiautomator2.handler.request.SafeRequestHandler.handle(SafeRequestHandler.java:59)\n\tat io.appium.uiautomator2.server.AppiumServlet.handleRequest(AppiumServlet.java:266)\n\tat io.appium.uiautomator2.server.AppiumServlet.handleHttpRequest(AppiumServlet.java:260)\n\tat io.appium.uiautomator2.http.ServerHandler.channelRead(ServerHandler.java:68)\n\tat io.netty.channel.AbstractChannelHandlerContext.invokeChannelRead(AbstractChannelHandlerContext.java:366)\n\tat io.netty.channel.AbstractChannelHandlerContext.invokeChannelRead(AbstractChannelHandlerContext.java:352)\n\tat io.netty.chann...
[debug] &amp#27;[35m[W3C]&amp#27;[39m Matched W3C error code 'no such element' to NoSuchElementError
[debug] &amp#27;[35m[BaseDriver]&amp#27;[39m Waited for 9525 ms so far
[debug] &amp#27;[35m[WD Proxy]&amp#27;[39m Matched '/element' to command name 'findElement'
[debug] &amp#27;[35m[WD Proxy]&amp#27;[39m Proxying [POST /element] to [POST http://127.0.0.1:8201/wd/hub/session/4cb2e25a-2bc2-42cc-8dee-3bc92c52b92f/element] with body: {"strategy":"-android uiautomator","selector":"new UiSelector().text(\"打卡\")","context":"","multiple":false}
&amp#27;[35m[WD Proxy]&amp#27;[39m Got response with status 404: {"sessionId":"4cb2e25a-2bc2-42cc-8dee-3bc92c52b92f","value":{"error":"no such element","message":"An element could not be located on the page using the given search parameters","stacktrace":"io.appium.uiautomator2.common.exceptions.ElementNotFoundException: An element could not be located on the page using the given search parameters\n\tat io.appium.uiautomator2.handler.FindElement.safeHandle(FindElement.java:70)\n\tat io.appium.uiautomator2.handler.request.SafeRequestHandler.handle(SafeRequestHandler.java:59)\n\tat io.appium.uiautomator2.server.AppiumServlet.handleRequest(AppiumServlet.java:266)\n\tat io.appium.uiautomator2.server.AppiumServlet.handleHttpRequest(AppiumServlet.java:260)\n\tat io.appium.uiautomator2.http.ServerHandler.channelRead(ServerHandler.java:68)\n\tat io.netty.channel.AbstractChannelHandlerContext.invokeChannelRead(AbstractChannelHandlerContext.java:366)\n\tat io.netty.channel.AbstractChannelHandlerContext.invokeChannelRead(AbstractChannelHandlerContext.java:352)\n\tat io.netty.chann...
[debug] &amp#27;[35m[W3C]&amp#27;[39m Matched W3C error code 'no such element' to NoSuchElementError
[debug] &amp#27;[35m[BaseDriver]&amp#27;[39m Waited for 10075 ms so far
[debug] &amp#27;[35m[WD Proxy]&amp#27;[39m Matched '/element' to command name 'findElement'
[debug] &amp#27;[35m[WD Proxy]&amp#27;[39m Proxying [POST /element] to [POST http://127.0.0.1:8201/wd/hub/session/4cb2e25a-2bc2-42cc-8dee-3bc92c52b92f/element] with body: {"strategy":"-android uiautomator","selector":"new UiSelector().text(\"打卡\")","context":"","multiple":false}
&amp#27;[35m[WD Proxy]&amp#27;[39m Got response with status 404: {"sessionId":"4cb2e25a-2bc2-42cc-8dee-3bc92c52b92f","value":{"error":"no such element","message":"An element could not be located on the page using the given search parameters","stacktrace":"io.appium.uiautomator2.common.exceptions.ElementNotFoundException: An element could not be located on the page using the given search parameters\n\tat io.appium.uiautomator2.handler.FindElement.safeHandle(FindElement.java:70)\n\tat io.appium.uiautomator2.handler.request.SafeRequestHandler.handle(SafeRequestHandler.java:59)\n\tat io.appium.uiautomator2.server.AppiumServlet.handleRequest(AppiumServlet.java:266)\n\tat io.appium.uiautomator2.server.AppiumServlet.handleHttpRequest(AppiumServlet.java:260)\n\tat io.appium.uiautomator2.http.ServerHandler.channelRead(ServerHandler.java:68)\n\tat io.netty.channel.AbstractChannelHandlerContext.invokeChannelRead(AbstractChannelHandlerContext.java:366)\n\tat io.netty.channel.AbstractChannelHandlerContext.invokeChannelRead(AbstractChannelHandlerContext.java:352)\n\tat io.netty.chann...
[debug] &amp#27;[35m[W3C]&amp#27;[39m Matched W3C error code 'no such element' to NoSuchElementError
[debug] &amp#27;[35m[BaseDriver]&amp#27;[39m Waited for 10628 ms so far
[debug] &amp#27;[35m[WD Proxy]&amp#27;[39m Matched '/element' to command name 'findElement'
[debug] &amp#27;[35m[WD Proxy]&amp#27;[39m Proxying [POST /element] to [POST http://127.0.0.1:8201/wd/hub/session/4cb2e25a-2bc2-42cc-8dee-3bc92c52b92f/element] with body: {"strategy":"-android uiautomator","selector":"new UiSelector().text(\"打卡\")","context":"","multiple":false}
&amp#27;[35m[WD Proxy]&amp#27;[39m Got response with status 404: {"sessionId":"4cb2e25a-2bc2-42cc-8dee-3bc92c52b92f","value":{"error":"no such element","message":"An element could not be located on the page using the given search parameters","stacktrace":"io.appium.uiautomator2.common.exceptions.ElementNotFoundException: An element could not be located on the page using the given search parameters\n\tat io.appium.uiautomator2.handler.FindElement.safeHandle(FindElement.java:70)\n\tat io.appium.uiautomator2.handler.request.SafeRequestHandler.handle(SafeRequestHandler.java:59)\n\tat io.appium.uiautomator2.server.AppiumServlet.handleRequest(AppiumServlet.java:266)\n\tat io.appium.uiautomator2.server.AppiumServlet.handleHttpRequest(AppiumServlet.java:260)\n\tat io.appium.uiautomator2.http.ServerHandler.channelRead(ServerHandler.java:68)\n\tat io.netty.channel.AbstractChannelHandlerContext.invokeChannelRead(AbstractChannelHandlerContext.java:366)\n\tat io.netty.channel.AbstractChannelHandlerContext.invokeChannelRead(AbstractChannelHandlerContext.java:352)\n\tat io.netty.chann...
[debug] &amp#27;[35m[W3C]&amp#27;[39m Matched W3C error code 'no such element' to NoSuchElementError
[debug] &amp#27;[35m[BaseDriver]&amp#27;[39m Waited for 11181 ms so far
[debug] &amp#27;[35m[WD Proxy]&amp#27;[39m Matched '/element' to command name 'findElement'
[debug] &amp#27;[35m[WD Proxy]&amp#27;[39m Proxying [POST /element] to [POST http://127.0.0.1:8201/wd/hub/session/4cb2e25a-2bc2-42cc-8dee-3bc92c52b92f/element] with body: {"strategy":"-android uiautomator","selector":"new UiSelector().text(\"打卡\")","context":"","multiple":false}
&amp#27;[35m[WD Proxy]&amp#27;[39m Got response with status 404: {"sessionId":"4cb2e25a-2bc2-42cc-8dee-3bc92c52b92f","value":{"error":"no such element","message":"An element could not be located on the page using the given search parameters","stacktrace":"io.appium.uiautomator2.common.exceptions.ElementNotFoundException: An element could not be located on the page using the given search parameters\n\tat io.appium.uiautomator2.handler.FindElement.safeHandle(FindElement.java:70)\n\tat io.appium.uiautomator2.handler.request.SafeRequestHandler.handle(SafeRequestHandler.java:59)\n\tat io.appium.uiautomator2.server.AppiumServlet.handleRequest(AppiumServlet.java:266)\n\tat io.appium.uiautomator2.server.AppiumServlet.handleHttpRequest(AppiumServlet.java:260)\n\tat io.appium.uiautomator2.http.ServerHandler.channelRead(ServerHandler.java:68)\n\tat io.netty.channel.AbstractChannelHandlerContext.invokeChannelRead(AbstractChannelHandlerContext.java:366)\n\tat io.netty.channel.AbstractChannelHandlerContext.invokeChannelRead(AbstractChannelHandlerContext.java:352)\n\tat io.netty.chann...
[debug] &amp#27;[35m[W3C]&amp#27;[39m Matched W3C error code 'no such element' to NoSuchElementError
[debug] &amp#27;[35m[BaseDriver]&amp#27;[39m Waited for 11733 ms so far
[debug] &amp#27;[35m[WD Proxy]&amp#27;[39m Matched '/element' to command name 'findElement'
[debug] &amp#27;[35m[WD Proxy]&amp#27;[39m Proxying [POST /element] to [POST http://127.0.0.1:8201/wd/hub/session/4cb2e25a-2bc2-42cc-8dee-3bc92c52b92f/element] with body: {"strategy":"-android uiautomator","selector":"new UiSelector().text(\"打卡\")","context":"","multiple":false}
&amp#27;[35m[WD Proxy]&amp#27;[39m Got response with status 404: {"sessionId":"4cb2e25a-2bc2-42cc-8dee-3bc92c52b92f","value":{"error":"no such element","message":"An element could not be located on the page using the given search parameters","stacktrace":"io.appium.uiautomator2.common.exceptions.ElementNotFoundException: An element could not be located on the page using the given search parameters\n\tat io.appium.uiautomator2.handler.FindElement.safeHandle(FindElement.java:70)\n\tat io.appium.uiautomator2.handler.request.SafeRequestHandler.handle(SafeRequestHandler.java:59)\n\tat io.appium.uiautomator2.server.AppiumServlet.handleRequest(AppiumServlet.java:266)\n\tat io.appium.uiautomator2.server.AppiumServlet.handleHttpRequest(AppiumServlet.java:260)\n\tat io.appium.uiautomator2.http.ServerHandler.channelRead(ServerHandler.java:68)\n\tat io.netty.channel.AbstractChannelHandlerContext.invokeChannelRead(AbstractChannelHandlerContext.java:366)\n\tat io.netty.channel.AbstractChannelHandlerContext.invokeChannelRead(AbstractChannelHandlerContext.java:352)\n\tat io.netty.chann...
[debug] &amp#27;[35m[W3C]&amp#27;[39m Matched W3C error code 'no such element' to NoSuchElementError
[debug] &amp#27;[35m[BaseDriver]&amp#27;[39m Waited for 12287 ms so far
[debug] &amp#27;[35m[WD Proxy]&amp#27;[39m Matched '/element' to command name 'findElement'
[debug] &amp#27;[35m[WD Proxy]&amp#27;[39m Proxying [POST /element] to [POST http://127.0.0.1:8201/wd/hub/session/4cb2e25a-2bc2-42cc-8dee-3bc92c52b92f/element] with body: {"strategy":"-android uiautomator","selector":"new UiSelector().text(\"打卡\")","context":"","multiple":false}
&amp#27;[35m[WD Proxy]&amp#27;[39m Got response with status 404: {"sessionId":"4cb2e25a-2bc2-42cc-8dee-3bc92c52b92f","value":{"error":"no such element","message":"An element could not be located on the page using the given search parameters","stacktrace":"io.appium.uiautomator2.common.exceptions.ElementNotFoundException: An element could not be located on the page using the given search parameters\n\tat io.appium.uiautomator2.handler.FindElement.safeHandle(FindElement.java:70)\n\tat io.appium.uiautomator2.handler.request.SafeRequestHandler.handle(SafeRequestHandler.java:59)\n\tat io.appium.uiautomator2.server.AppiumServlet.handleRequest(AppiumServlet.java:266)\n\tat io.appium.uiautomator2.server.AppiumServlet.handleHttpRequest(AppiumServlet.java:260)\n\tat io.appium.uiautomator2.http.ServerHandler.channelRead(ServerHandler.java:68)\n\tat io.netty.channel.AbstractChannelHandlerContext.invokeChannelRead(AbstractChannelHandlerContext.java:366)\n\tat io.netty.channel.AbstractChannelHandlerContext.invokeChannelRead(AbstractChannelHandlerContext.java:352)\n\tat io.netty.chann...
[debug] &amp#27;[35m[W3C]&amp#27;[39m Matched W3C error code 'no such element' to NoSuchElementError
[debug] &amp#27;[35m[BaseDriver]&amp#27;[39m Waited for 12836 ms so far
[debug] &amp#27;[35m[WD Proxy]&amp#27;[39m Matched '/element' to command name 'findElement'
[debug] &amp#27;[35m[WD Proxy]&amp#27;[39m Proxying [POST /element] to [POST http://127.0.0.1:8201/wd/hub/session/4cb2e25a-2bc2-42cc-8dee-3bc92c52b92f/element] with body: {"strategy":"-android uiautomator","selector":"new UiSelector().text(\"打卡\")","context":"","multiple":false}
&amp#27;[35m[WD Proxy]&amp#27;[39m Got response with status 404: {"sessionId":"4cb2e25a-2bc2-42cc-8dee-3bc92c52b92f","value":{"error":"no such element","message":"An element could not be located on the page using the given search parameters","stacktrace":"io.appium.uiautomator2.common.exceptions.ElementNotFoundException: An element could not be located on the page using the given search parameters\n\tat io.appium.uiautomator2.handler.FindElement.safeHandle(FindElement.java:70)\n\tat io.appium.uiautomator2.handler.request.SafeRequestHandler.handle(SafeRequestHandler.java:59)\n\tat io.appium.uiautomator2.server.AppiumServlet.handleRequest(AppiumServlet.java:266)\n\tat io.appium.uiautomator2.server.AppiumServlet.handleHttpRequest(AppiumServlet.java:260)\n\tat io.appium.uiautomator2.http.ServerHandler.channelRead(ServerHandler.java:68)\n\tat io.netty.channel.AbstractChannelHandlerContext.invokeChannelRead(AbstractChannelHandlerContext.java:366)\n\tat io.netty.channel.AbstractChannelHandlerContext.invokeChannelRead(AbstractChannelHandlerContext.java:352)\n\tat io.netty.chann...
[debug] &amp#27;[35m[W3C]&amp#27;[39m Matched W3C error code 'no such element' to NoSuchElementError
[debug] &amp#27;[35m[BaseDriver]&amp#27;[39m Waited for 13391 ms so far
[debug] &amp#27;[35m[WD Proxy]&amp#27;[39m Matched '/element' to command name 'findElement'
[debug] &amp#27;[35m[WD Proxy]&amp#27;[39m Proxying [POST /element] to [POST http://127.0.0.1:8201/wd/hub/session/4cb2e25a-2bc2-42cc-8dee-3bc92c52b92f/element] with body: {"strategy":"-android uiautomator","selector":"new UiSelector().text(\"打卡\")","context":"","multiple":false}
&amp#27;[35m[WD Proxy]&amp#27;[39m Got response with status 404: {"sessionId":"4cb2e25a-2bc2-42cc-8dee-3bc92c52b92f","value":{"error":"no such element","message":"An element could not be located on the page using the given search parameters","stacktrace":"io.appium.uiautomator2.common.exceptions.ElementNotFoundException: An element could not be located on the page using the given search parameters\n\tat io.appium.uiautomator2.handler.FindElement.safeHandle(FindElement.java:70)\n\tat io.appium.uiautomator2.handler.request.SafeRequestHandler.handle(SafeRequestHandler.java:59)\n\tat io.appium.uiautomator2.server.AppiumServlet.handleRequest(AppiumServlet.java:266)\n\tat io.appium.uiautomator2.server.AppiumServlet.handleHttpRequest(AppiumServlet.java:260)\n\tat io.appium.uiautomator2.http.ServerHandler.channelRead(ServerHandler.java:68)\n\tat io.netty.channel.AbstractChannelHandlerContext.invokeChannelRead(AbstractChannelHandlerContext.java:366)\n\tat io.netty.channel.AbstractChannelHandlerContext.invokeChannelRead(AbstractChannelHandlerContext.java:352)\n\tat io.netty.chann...
[debug] &amp#27;[35m[W3C]&amp#27;[39m Matched W3C error code 'no such element' to NoSuchElementError
[debug] &amp#27;[35m[BaseDriver]&amp#27;[39m Waited for 13939 ms so far
[debug] &amp#27;[35m[WD Proxy]&amp#27;[39m Matched '/element' to command name 'findElement'
[debug] &amp#27;[35m[WD Proxy]&amp#27;[39m Proxying [POST /element] to [POST http://127.0.0.1:8201/wd/hub/session/4cb2e25a-2bc2-42cc-8dee-3bc92c52b92f/element] with body: {"strategy":"-android uiautomator","selector":"new UiSelector().text(\"打卡\")","context":"","multiple":false}
&amp#27;[35m[WD Proxy]&amp#27;[39m Got response with status 404: {"sessionId":"4cb2e25a-2bc2-42cc-8dee-3bc92c52b92f","value":{"error":"no such element","message":"An element could not be located on the page using the given search parameters","stacktrace":"io.appium.uiautomator2.common.exceptions.ElementNotFoundException: An element could not be located on the page using the given search parameters\n\tat io.appium.uiautomator2.handler.FindElement.safeHandle(FindElement.java:70)\n\tat io.appium.uiautomator2.handler.request.SafeRequestHandler.handle(SafeRequestHandler.java:59)\n\tat io.appium.uiautomator2.server.AppiumServlet.handleRequest(AppiumServlet.java:266)\n\tat io.appium.uiautomator2.server.AppiumServlet.handleHttpRequest(AppiumServlet.java:260)\n\tat io.appium.uiautomator2.http.ServerHandler.channelRead(ServerHandler.java:68)\n\tat io.netty.channel.AbstractChannelHandlerContext.invokeChannelRead(AbstractChannelHandlerContext.java:366)\n\tat io.netty.channel.AbstractChannelHandlerContext.invokeChannelRead(AbstractChannelHandlerContext.java:352)\n\tat io.netty.chann...
[debug] &amp#27;[35m[W3C]&amp#27;[39m Matched W3C error code 'no such element' to NoSuchElementError
[debug] &amp#27;[35m[BaseDriver]&amp#27;[39m Waited for 14489 ms so far
[debug] &amp#27;[35m[WD Proxy]&amp#27;[39m Matched '/element' to command name 'findElement'
[debug] &amp#27;[35m[WD Proxy]&amp#27;[39m Proxying [POST /element] to [POST http://127.0.0.1:8201/wd/hub/session/4cb2e25a-2bc2-42cc-8dee-3bc92c52b92f/element] with body: {"strategy":"-android uiautomator","selector":"new UiSelector().text(\"打卡\")","context":"","multiple":false}
&amp#27;[35m[WD Proxy]&amp#27;[39m Got response with status 404: {"sessionId":"4cb2e25a-2bc2-42cc-8dee-3bc92c52b92f","value":{"error":"no such element","message":"An element could not be located on the page using the given search parameters","stacktrace":"io.appium.uiautomator2.common.exceptions.ElementNotFoundException: An element could not be located on the page using the given search parameters\n\tat io.appium.uiautomator2.handler.FindElement.safeHandle(FindElement.java:70)\n\tat io.appium.uiautomator2.handler.request.SafeRequestHandler.handle(SafeRequestHandler.java:59)\n\tat io.appium.uiautomator2.server.AppiumServlet.handleRequest(AppiumServlet.java:266)\n\tat io.appium.uiautomator2.server.AppiumServlet.handleHttpRequest(AppiumServlet.java:260)\n\tat io.appium.uiautomator2.http.ServerHandler.channelRead(ServerHandler.java:68)\n\tat io.netty.channel.AbstractChannelHandlerContext.invokeChannelRead(AbstractChannelHandlerContext.java:366)\n\tat io.netty.channel.AbstractChannelHandlerContext.invokeChannelRead(AbstractChannelHandlerContext.java:352)\n\tat io.netty.chann...
[debug] &amp#27;[35m[W3C]&amp#27;[39m Matched W3C error code 'no such element' to NoSuchElementError
[debug] &amp#27;[35m[BaseDriver]&amp#27;[39m Waited for 15043 ms so far
[debug] &amp#27;[35m[WD Proxy]&amp#27;[39m Matched '/element' to command name 'findElement'
[debug] &amp#27;[35m[WD Proxy]&amp#27;[39m Proxying [POST /element] to [POST http://127.0.0.1:8201/wd/hub/session/4cb2e25a-2bc2-42cc-8dee-3bc92c52b92f/element] with body: {"strategy":"-android uiautomator","selector":"new UiSelector().text(\"打卡\")","context":"","multiple":false}
&amp#27;[35m[WD Proxy]&amp#27;[39m Got response with status 404: {"sessionId":"4cb2e25a-2bc2-42cc-8dee-3bc92c52b92f","value":{"error":"no such element","message":"An element could not be located on the page using the given search parameters","stacktrace":"io.appium.uiautomator2.common.exceptions.ElementNotFoundException: An element could not be located on the page using the given search parameters\n\tat io.appium.uiautomator2.handler.FindElement.safeHandle(FindElement.java:70)\n\tat io.appium.uiautomator2.handler.request.SafeRequestHandler.handle(SafeRequestHandler.java:59)\n\tat io.appium.uiautomator2.server.AppiumServlet.handleRequest(AppiumServlet.java:266)\n\tat io.appium.uiautomator2.server.AppiumServlet.handleHttpRequest(AppiumServlet.java:260)\n\tat io.appium.uiautomator2.http.ServerHandler.channelRead(ServerHandler.java:68)\n\tat io.netty.channel.AbstractChannelHandlerContext.invokeChannelRead(AbstractChannelHandlerContext.java:366)\n\tat io.netty.channel.AbstractChannelHandlerContext.invokeChannelRead(AbstractChannelHandlerContext.java:352)\n\tat io.netty.chann...
[debug] &amp#27;[35m[W3C]&amp#27;[39m Matched W3C error code 'no such element' to NoSuchElementError
[debug] &amp#27;[35m[BaseDriver]&amp#27;[39m Waited for 15836 ms so far
[debug] &amp#27;[35m[WD Proxy]&amp#27;[39m Matched '/element' to command name 'findElement'
[debug] &amp#27;[35m[WD Proxy]&amp#27;[39m Proxying [POST /element] to [POST http://127.0.0.1:8201/wd/hub/session/4cb2e25a-2bc2-42cc-8dee-3bc92c52b92f/element] with body: {"strategy":"-android uiautomator","selector":"new UiSelector().text(\"打卡\")","context":"","multiple":false}
&amp#27;[35m[WD Proxy]&amp#27;[39m Got response with status 404: {"sessionId":"4cb2e25a-2bc2-42cc-8dee-3bc92c52b92f","value":{"error":"no such element","message":"An element could not be located on the page using the given search parameters","stacktrace":"io.appium.uiautomator2.common.exceptions.ElementNotFoundException: An element could not be located on the page using the given search parameters\n\tat io.appium.uiautomator2.handler.FindElement.safeHandle(FindElement.java:70)\n\tat io.appium.uiautomator2.handler.request.SafeRequestHandler.handle(SafeRequestHandler.java:59)\n\tat io.appium.uiautomator2.server.AppiumServlet.handleRequest(AppiumServlet.java:266)\n\tat io.appium.uiautomator2.server.AppiumServlet.handleHttpRequest(AppiumServlet.java:260)\n\tat io.appium.uiautomator2.http.ServerHandler.channelRead(ServerHandler.java:68)\n\tat io.netty.channel.AbstractChannelHandlerContext.invokeChannelRead(AbstractChannelHandlerContext.java:366)\n\tat io.netty.channel.AbstractChannelHandlerContext.invokeChannelRead(AbstractChannelHandlerContext.java:352)\n\tat io.netty.chann...
[debug] &amp#27;[35m[W3C]&amp#27;[39m Matched W3C error code 'no such element' to NoSuchElementError
[debug] &amp#27;[35m[BaseDriver]&amp#27;[39m Waited for 16944 ms so far
[debug] &amp#27;[35m[WD Proxy]&amp#27;[39m Matched '/element' to command name 'findElement'
[debug] &amp#27;[35m[WD Proxy]&amp#27;[39m Proxying [POST /element] to [POST http://127.0.0.1:8201/wd/hub/session/4cb2e25a-2bc2-42cc-8dee-3bc92c52b92f/element] with body: {"strategy":"-android uiautomator","selector":"new UiSelector().text(\"打卡\")","context":"","multiple":false}
&amp#27;[35m[WD Proxy]&amp#27;[39m Got response with status 404: {"sessionId":"4cb2e25a-2bc2-42cc-8dee-3bc92c52b92f","value":{"error":"no such element","message":"An element could not be located on the page using the given search parameters","stacktrace":"io.appium.uiautomator2.common.exceptions.ElementNotFoundException: An element could not be located on the page using the given search parameters\n\tat io.appium.uiautomator2.handler.FindElement.safeHandle(FindElement.java:70)\n\tat io.appium.uiautomator2.handler.request.SafeRequestHandler.handle(SafeRequestHandler.java:59)\n\tat io.appium.uiautomator2.server.AppiumServlet.handleRequest(AppiumServlet.java:266)\n\tat io.appium.uiautomator2.server.AppiumServlet.handleHttpRequest(AppiumServlet.java:260)\n\tat io.appium.uiautomator2.http.ServerHandler.channelRead(ServerHandler.java:68)\n\tat io.netty.channel.AbstractChannelHandlerContext.invokeChannelRead(AbstractChannelHandlerContext.java:366)\n\tat io.netty.channel.AbstractChannelHandlerContext.invokeChannelRead(AbstractChannelHandlerContext.java:352)\n\tat io.netty.chann...
[debug] &amp#27;[35m[W3C]&amp#27;[39m Matched W3C error code 'no such element' to NoSuchElementError
[debug] &amp#27;[35m[BaseDriver]&amp#27;[39m Waited for 17497 ms so far
[debug] &amp#27;[35m[WD Proxy]&amp#27;[39m Matched '/element' to command name 'findElement'
[debug] &amp#27;[35m[WD Proxy]&amp#27;[39m Proxying [POST /element] to [POST http://127.0.0.1:8201/wd/hub/session/4cb2e25a-2bc2-42cc-8dee-3bc92c52b92f/element] with body: {"strategy":"-android uiautomator","selector":"new UiSelector().text(\"打卡\")","context":"","multiple":false}
&amp#27;[35m[WD Proxy]&amp#27;[39m Got response with status 404: {"sessionId":"4cb2e25a-2bc2-42cc-8dee-3bc92c52b92f","value":{"error":"no such element","message":"An element could not be located on the page using the given search parameters","stacktrace":"io.appium.uiautomator2.common.exceptions.ElementNotFoundException: An element could not be located on the page using the given search parameters\n\tat io.appium.uiautomator2.handler.FindElement.safeHandle(FindElement.java:70)\n\tat io.appium.uiautomator2.handler.request.SafeRequestHandler.handle(SafeRequestHandler.java:59)\n\tat io.appium.uiautomator2.server.AppiumServlet.handleRequest(AppiumServlet.java:266)\n\tat io.appium.uiautomator2.server.AppiumServlet.handleHttpRequest(AppiumServlet.java:260)\n\tat io.appium.uiautomator2.http.ServerHandler.channelRead(ServerHandler.java:68)\n\tat io.netty.channel.AbstractChannelHandlerContext.invokeChannelRead(AbstractChannelHandlerContext.java:366)\n\tat io.netty.channel.AbstractChannelHandlerContext.invokeChannelRead(AbstractChannelHandlerContext.java:352)\n\tat io.netty.chann...
[debug] &amp#27;[35m[W3C]&amp#27;[39m Matched W3C error code 'no such element' to NoSuchElementError
[debug] &amp#27;[35m[BaseDriver]&amp#27;[39m Waited for 18047 ms so far
[debug] &amp#27;[35m[WD Proxy]&amp#27;[39m Matched '/element' to command name 'findElement'
[debug] &amp#27;[35m[WD Proxy]&amp#27;[39m Proxying [POST /element] to [POST http://127.0.0.1:8201/wd/hub/session/4cb2e25a-2bc2-42cc-8dee-3bc92c52b92f/element] with body: {"strategy":"-android uiautomator","selector":"new UiSelector().text(\"打卡\")","context":"","multiple":false}
&amp#27;[35m[WD Proxy]&amp#27;[39m Got response with status 404: {"sessionId":"4cb2e25a-2bc2-42cc-8dee-3bc92c52b92f","value":{"error":"no such element","message":"An element could not be located on the page using the given search parameters","stacktrace":"io.appium.uiautomator2.common.exceptions.ElementNotFoundException: An element could not be located on the page using the given search parameters\n\tat io.appium.uiautomator2.handler.FindElement.safeHandle(FindElement.java:70)\n\tat io.appium.uiautomator2.handler.request.SafeRequestHandler.handle(SafeRequestHandler.java:59)\n\tat io.appium.uiautomator2.server.AppiumServlet.handleRequest(AppiumServlet.java:266)\n\tat io.appium.uiautomator2.server.AppiumServlet.handleHttpRequest(AppiumServlet.java:260)\n\tat io.appium.uiautomator2.http.ServerHandler.channelRead(ServerHandler.java:68)\n\tat io.netty.channel.AbstractChannelHandlerContext.invokeChannelRead(AbstractChannelHandlerContext.java:366)\n\tat io.netty.channel.AbstractChannelHandlerContext.invokeChannelRead(AbstractChannelHandlerContext.java:352)\n\tat io.netty.chann...
[debug] &amp#27;[35m[W3C]&amp#27;[39m Matched W3C error code 'no such element' to NoSuchElementError
[debug] &amp#27;[35m[BaseDriver]&amp#27;[39m Waited for 18604 ms so far
[debug] &amp#27;[35m[WD Proxy]&amp#27;[39m Matched '/element' to command name 'findElement'
[debug] &amp#27;[35m[WD Proxy]&amp#27;[39m Proxying [POST /element] to [POST http://127.0.0.1:8201/wd/hub/session/4cb2e25a-2bc2-42cc-8dee-3bc92c52b92f/element] with body: {"strategy":"-android uiautomator","selector":"new UiSelector().text(\"打卡\")","context":"","multiple":false}
&amp#27;[35m[WD Proxy]&amp#27;[39m Got response with status 404: {"sessionId":"4cb2e25a-2bc2-42cc-8dee-3bc92c52b92f","value":{"error":"no such element","message":"An element could not be located on the page using the given search parameters","stacktrace":"io.appium.uiautomator2.common.exceptions.ElementNotFoundException: An element could not be located on the page using the given search parameters\n\tat io.appium.uiautomator2.handler.FindElement.safeHandle(FindElement.java:70)\n\tat io.appium.uiautomator2.handler.request.SafeRequestHandler.handle(SafeRequestHandler.java:59)\n\tat io.appium.uiautomator2.server.AppiumServlet.handleRequest(AppiumServlet.java:266)\n\tat io.appium.uiautomator2.server.AppiumServlet.handleHttpRequest(AppiumServlet.java:260)\n\tat io.appium.uiautomator2.http.ServerHandler.channelRead(ServerHandler.java:68)\n\tat io.netty.channel.AbstractChannelHandlerContext.invokeChannelRead(AbstractChannelHandlerContext.java:366)\n\tat io.netty.channel.AbstractChannelHandlerContext.invokeChannelRead(AbstractChannelHandlerContext.java:352)\n\tat io.netty.chann...
[debug] &amp#27;[35m[W3C]&amp#27;[39m Matched W3C error code 'no such element' to NoSuchElementError
[debug] &amp#27;[35m[BaseDriver]&amp#27;[39m Waited for 19157 ms so far
[debug] &amp#27;[35m[WD Proxy]&amp#27;[39m Matched '/element' to command name 'findElement'
[debug] &amp#27;[35m[WD Proxy]&amp#27;[39m Proxying [POST /element] to [POST http://127.0.0.1:8201/wd/hub/session/4cb2e25a-2bc2-42cc-8dee-3bc92c52b92f/element] with body: {"strategy":"-android uiautomator","selector":"new UiSelector().text(\"打卡\")","context":"","multiple":false}
&amp#27;[35m[WD Proxy]&amp#27;[39m Got response with status 404: {"sessionId":"4cb2e25a-2bc2-42cc-8dee-3bc92c52b92f","value":{"error":"no such element","message":"An element could not be located on the page using the given search parameters","stacktrace":"io.appium.uiautomator2.common.exceptions.ElementNotFoundException: An element could not be located on the page using the given search parameters\n\tat io.appium.uiautomator2.handler.FindElement.safeHandle(FindElement.java:70)\n\tat io.appium.uiautomator2.handler.request.SafeRequestHandler.handle(SafeRequestHandler.java:59)\n\tat io.appium.uiautomator2.server.AppiumServlet.handleRequest(AppiumServlet.java:266)\n\tat io.appium.uiautomator2.server.AppiumServlet.handleHttpRequest(AppiumServlet.java:260)\n\tat io.appium.uiautomator2.http.ServerHandler.channelRead(ServerHandler.java:68)\n\tat io.netty.channel.AbstractChannelHandlerContext.invokeChannelRead(AbstractChannelHandlerContext.java:366)\n\tat io.netty.channel.AbstractChannelHandlerContext.invokeChannelRead(AbstractChannelHandlerContext.java:352)\n\tat io.netty.chann...
[debug] &amp#27;[35m[W3C]&amp#27;[39m Matched W3C error code 'no such element' to NoSuchElementError
[debug] &amp#27;[35m[BaseDriver]&amp#27;[39m Waited for 19718 ms so far
[debug] &amp#27;[35m[WD Proxy]&amp#27;[39m Matched '/element' to command name 'findElement'
[debug] &amp#27;[35m[WD Proxy]&amp#27;[39m Proxying [POST /element] to [POST http://127.0.0.1:8201/wd/hub/session/4cb2e25a-2bc2-42cc-8dee-3bc92c52b92f/element] with body: {"strategy":"-android uiautomator","selector":"new UiSelector().text(\"打卡\")","context":"","multiple":false}
&amp#27;[35m[WD Proxy]&amp#27;[39m Got response with status 404: {"sessionId":"4cb2e25a-2bc2-42cc-8dee-3bc92c52b92f","value":{"error":"no such element","message":"An element could not be located on the page using the given search parameters","stacktrace":"io.appium.uiautomator2.common.exceptions.ElementNotFoundException: An element could not be located on the page using the given search parameters\n\tat io.appium.uiautomator2.handler.FindElement.safeHandle(FindElement.java:70)\n\tat io.appium.uiautomator2.handler.request.SafeRequestHandler.handle(SafeRequestHandler.java:59)\n\tat io.appium.uiautomator2.server.AppiumServlet.handleRequest(AppiumServlet.java:266)\n\tat io.appium.uiautomator2.server.AppiumServlet.handleHttpRequest(AppiumServlet.java:260)\n\tat io.appium.uiautomator2.http.ServerHandler.channelRead(ServerHandler.java:68)\n\tat io.netty.channel.AbstractChannelHandlerContext.invokeChannelRead(AbstractChannelHandlerContext.java:366)\n\tat io.netty.channel.AbstractChannelHandlerContext.invokeChannelRead(AbstractChannelHandlerContext.java:352)\n\tat io.netty.chann...
[debug] &amp#27;[35m[W3C]&amp#27;[39m Matched W3C error code 'no such element' to NoSuchElementError
[debug] &amp#27;[35m[WD Proxy]&amp#27;[39m Matched '/source' to command name 'getPageSource'
[debug] &amp#27;[35m[WD Proxy]&amp#27;[39m Proxying [GET /source] to [GET http://127.0.0.1:8201/wd/hub/session/4cb2e25a-2bc2-42cc-8dee-3bc92c52b92f/source] with no body
[debug] &amp#27;[35m[WD Proxy]&amp#27;[39m Got response with status 200: {"sessionId":"4cb2e25a-2bc2-42cc-8dee-3bc92c52b92f","value":"<?xml version='1.0' encoding='UTF-8' standalone='yes' ?>\r\n<hierarchy index=\"0\" class=\"hierarchy\" rotation=\"0\" width=\"1080\" height=\"2276\">\r\n  <android.widget.FrameLayout index=\"0\" package=\"com.tencent.wework\" class=\"android.widget.FrameLayout\" text=\"\" checkable=\"false\" checked=\"false\" clickable=\"false\" enabled=\"true\" focusable=\"false\" focused=\"false\" long-clickable=\"false\" password=\"false\" scrollable=\"false\" selected=\"false\" bounds=\"[0,0][1080,2276]\" displayed=\"true\">\r\n    <android.widget.LinearLayout index=\"0\" package=\"com.tencent.wework\" class=\"android.widget.LinearLayout\" text=\"\" checkable=\"false\" checked=\"false\" clickable=\"false\" enabled=\"true\" focusable=\"false\" focused=\"false\" long-clickable=\"false\" password=\"false\" scrollable=\"false\" selected=\"false\" bounds=\"[0,0][1080,2276]\" displayed=\"true\">\r\n      <android.widget.FrameLayout index=\"0\" package=\"com.tencent...
[debug] &amp#27;[35m[BaseDriver]&amp#27;[39m Error finding element: An element could not be located on the page using the given search parameters.
[debug] &amp#27;[35m[BaseDriver]&amp#27;[39m Page source requested through 'printPageSourceOnFindFailure':
[debug] &amp#27;[35m[BaseDriver]&amp#27;[39m <?xml version='1.0' encoding='UTF-8' standalone='yes' ?>
[debug] &amp#27;[35m[BaseDriver]&amp#27;[39m <hierarchy index="0" class="hierarchy" rotation="0" width="1080" height="2276">
[debug] &amp#27;[35m[BaseDriver]&amp#27;[39m   <android.widget.FrameLayout index="0" package="com.tencent.wework" class="android.widget.FrameLayout" text="" checkable="false" checked="false" clickable="false" enabled="true" focusable="false" focused="false" long-clickable="false" password="false" scrollable="false" selected="false" bounds="[0,0][1080,2276]" displayed="true">
[debug] &amp#27;[35m[BaseDriver]&amp#27;[39m     <android.widget.LinearLayout index="0" package="com.tencent.wework" class="android.widget.LinearLayout" text="" checkable="false" checked="false" clickable="false" enabled="true" focusable="false" focused="false" long-clickable="false" password="false" scrollable="false" selected="false" bounds="[0,0][1080,2276]" displayed="true">
[debug] &amp#27;[35m[BaseDriver]&amp#27;[39m       <android.widget.FrameLayout index="0" package="com.tencent.wework" class="android.widget.FrameLayout" text="" checkable="false" checked="false" clickable="false" enabled="true" focusable="false" focused="false" long-clickable="false" password="false" scrollable="false" selected="false" bounds="[0,0][1080,2276]" displayed="true">
[debug] &amp#27;[35m[BaseDriver]&amp#27;[39m         <android.widget.LinearLayout index="0" package="com.tencent.wework" class="android.widget.LinearLayout" text="" resource-id="com.tencent.wework:id/eq" checkable="false" checked="false" clickable="false" enabled="true" focusable="false" focused="false" long-clickable="false" password="false" scrollable="false" selected="false" bounds="[0,0][1080,2276]" displayed="true">
[debug] &amp#27;[35m[BaseDriver]&amp#27;[39m           <android.widget.FrameLayout index="0" package="com.tencent.wework" class="android.widget.FrameLayout" text="" resource-id="android:id/content" checkable="false" checked="false" clickable="false" enabled="true" focusable="false" focused="false" long-clickable="false" password="false" scrollable="false" selected="false" bounds="[0,0][1080,2276]" displayed="true">
[debug] &amp#27;[35m[BaseDriver]&amp#27;[39m             <android.widget.FrameLayout index="0" package="com.tencent.wework" class="android.widget.FrameLayout" text="" resource-id="com.tencent.wework:id/kaz" checkable="false" checked="false" clickable="false" enabled="true" focusable="false" focused="false" long-clickable="false" password="false" scrollable="false" selected="false" bounds="[0,0][1080,2276]" displayed="true">
[debug] &amp#27;[35m[BaseDriver]&amp#27;[39m               <android.widget.RelativeLayout index="0" package="com.tencent.wework" class="android.widget.RelativeLayout" text="" resource-id="com.tencent.wework:id/gkm" checkable="false" checked="false" clickable="false" enabled="true" focusable="false" focused="false" long-clickable="false" password="false" scrollable="false" selected="false" bounds="[0,0][1080,2276]" displayed="true">
[debug] &amp#27;[35m[BaseDriver]&amp#27;[39m                 <android.widget.FrameLayout index="0" package="com.tencent.wework" class="android.widget.FrameLayout" text="" resource-id="com.tencent.wework:id/ea6" checkable="false" checked="false" clickable="false" enabled="true" focusable="false" focused="false" long-clickable="false" password="false" scrollable="false" selected="false" bounds="[0,0][1080,2201]" displayed="true" />
[debug] &amp#27;[35m[BaseDriver]&amp#27;[39m                 <android.widget.FrameLayout index="1" package="com.tencent.wework" class="android.widget.FrameLayout" text="" resource-id="com.tencent.wework:id/ea5" checkable="false" checked="false" clickable="false" enabled="true" focusable="false" focused="false" long-clickable="false" password="false" scrollable="false" selected="false" bounds="[0,0][1080,2201]" displayed="true">
[debug] &amp#27;[35m[BaseDriver]&amp#27;[39m                   <android.widget.RelativeLayout index="0" package="com.tencent.wework" class="android.widget.RelativeLayout" text="" resource-id="com.tencent.wework:id/cbw" checkable="false" checked="false" clickable="false" enabled="true" focusable="false" focused="false" long-clickable="false" password="false" scrollable="false" selected="false" bounds="[0,0][1080,2201]" displayed="true">
[debug] &amp#27;[35m[BaseDriver]&amp#27;[39m                     <android.widget.RelativeLayout index="0" package="com.tencent.wework" class="android.widget.RelativeLayout" text="" resource-id="com.tencent.wework:id/lft" checkable="false" checked="false" clickable="false" enabled="true" focusable="false" focused="false" long-clickable="false" password="false" scrollable="false" selected="false" bounds="[0,0][1080,212]" displayed="true">
[debug] &amp#27;[35m[BaseDriver]&amp#27;[39m                       <android.widget.LinearLayout index="0" package="com.tencent.wework" class="android.widget.LinearLayout" text="" resource-id="com.tencent.wework:id/lek" checkable="false" checked="false" clickable="false" enabled="true" focusable="false" focused="false" long-clickable="false" password="false" scrollable="false" selected="false" bounds="[0,80][788,212]" displayed="true">
[debug] &amp#27;[35m[BaseDriver]&amp#27;[39m                         <android.widget.LinearLayout index="1" package="com.tencent.wework" class="android.widget.LinearLayout" text="" resource-id="com.tencent.wework:id/lem" checkable="false" checked="false" clickable="false" enabled="true" focusable="false" focused="false" long-clickable="false" password="false" scrollable="false" selected="false" bounds="[0,80][788,212]" displayed="true">
[debug] &amp#27;[35m[BaseDriver]&amp#27;[39m                           <android.widget.LinearLayout index="0" package="com.tencent.wework" class="android.widget.LinearLayout" text="" resource-id="com.tencent.wework:id/l9y" checkable="false" checked="false" clickable="false" enabled="true" focusable="false" focused="false" long-clickable="false" password="false" scrollable="false" selected="false" bounds="[28,80][34,212]" displayed="true">
[debug] &amp#27;[35m[BaseDriver]&amp#27;[39m                             <android.widget.LinearLayout index="0" package="com.tencent.wework" class="android.widget.LinearLayout" text="" checkable="false" checked="false" clickable="false" enabled="true" focusable="false" focused="false" long-clickable="false" password="false" scrollable="false" selected="false" bounds="[28,144][34,147]" displayed="true">
[debug] &amp#27;[35m[BaseDriver]&amp#27;[39m                               <android.view.View index="0" package="com.tencent.wework" class="android.view.View" text="" resource-id="com.tencent.wework:id/lei" checkable="false" checked="false" clickable="false" enabled="true" focusable="false" focused="false" long-clickable="false" password="false" scrollable="false" selected="false" bounds="[28,144][34,147]" displayed="true" />
[debug] &amp#27;[35m[BaseDriver]&amp#27;[39m                             </android.widget.LinearLayout>
[debug] &amp#27;[35m[BaseDriver]&amp#27;[39m                           </android.widget.LinearLayout>
[debug] &amp#27;[35m[BaseDriver]&amp#27;[39m                         </android.widget.LinearLayout>
[debug] &amp#27;[35m[BaseDriver]&amp#27;[39m                       </android.widget.LinearLayout>
[debug] &amp#27;[35m[BaseDriver]&amp#27;[39m                       <android.widget.LinearLayout index="1" package="com.tencent.wework" class="android.widget.LinearLayout" text="" resource-id="com.tencent.wework:id/les" checkable="false" checked="false" clickable="false" enabled="true" focusable="false" focused="false" long-clickable="false" password="false" scrollable="false" selected="false" bounds="[469,80][610,212]" displayed="true">
[debug] &amp#27;[35m[BaseDriver]&amp#27;[39m                         <android.widget.LinearLayout index="0" package="com.tencent.wework" class="android.widget.LinearLayout" text="" resource-id="com.tencent.wework:id/hbb" checkable="false" checked="false" clickable="false" enabled="true" focusable="false" focused="false" long-clickable="false" password="false" scrollable="false" selected="false" bounds="[469,80][610,212]" displayed="true">
[debug] &amp#27;[35m[BaseDriver]&amp#27;[39m                           <android.widget.LinearLayout index="0" package="com.tencent.wework" class="android.widget.LinearLayout" text="" checkable="false" checked="false" clickable="false" enabled="true" focusable="false" focused="false" long-clickable="false" password="false" scrollable="false" selected="false" bounds="[469,114][610,178]" displayed="true">
[debug] &amp#27;[35m[BaseDriver]&amp#27;[39m                             <android.widget.TextView index="0" package="com.tencent.wework" class="android.widget.TextView" text="工作台" resource-id="com.tencent.wework:id/len" checkable="false" checked="false" clickable="true" enabled="true" focusable="true" focused="false" long-clickable="false" password="false" scrollable="false" selected="false" bounds="[469,114][610,178]" displayed="true" />
[debug] &amp#27;[35m[BaseDriver]&amp#27;[39m                           </android.widget.LinearLayout>
[debug] &amp#27;[35m[BaseDriver]&amp#27;[39m                         </android.widget.LinearLayout>
[debug] &amp#27;[35m[BaseDriver]&amp#27;[39m                       </android.widget.LinearLayout>
[debug] &amp#27;[35m[BaseDriver]&amp#27;[39m                       <android.widget.LinearLayout index="2" package="com.tencent.wework" class="android.widget.LinearLayout" text="" resource-id="com.tencent.wework:id/lff" checkable="false" checked="false" clickable="false" enabled="true" focusable="false" focused="false" long-clickable="false" password="false" scrollable="false" selected="false" bounds="[816,80][1080,212]" displayed="true">
[debug] &amp#27;[35m[BaseDriver]&amp#27;[39m                         <android.widget.RelativeLayout index="0" package="com.tencent.wework" class="android.widget.RelativeLayout" text="" checkable="false" checked="false" clickable="false" enabled="true" focusable="false" focused="false" long-clickable="false" password="false" scrollable="false" selected="false" bounds="[816,80][948,212]" displayed="true">
[debug] &amp#27;[35m[BaseDriver]&amp#27;[39m                           <android.widget.TextView index="0" package="com.tencent.wework" class="android.widget.TextView" text="" resource-id="com.tencent.wework:id/lf5" checkable="false" checked="false" clickable="true" enabled="true" focusable="true" focused="false" long-clickable="false" password="false" scrollable="false" selected="false" bounds="[816,80][948,212]" displayed="true" />
[debug] &amp#27;[35m[BaseDriver]&amp#27;[39m                         </android.widget.RelativeLayout>
[debug] &amp#27;[35m[BaseDriver]&amp#27;[39m                         <android.widget.RelativeLayout index="3" package="com.tencent.wework" class="android.widget.RelativeLayout" text="" checkable="false" checked="false" clickable="false" enabled="true" focusable="false" focused="false" long-clickable="false" password="false" scrollable="false" selected="false" bounds="[948,80][1080,212]" displayed="true">
[debug] &amp#27;[35m[BaseDriver]&amp#27;[39m                           <android.widget.TextView index="0" package="com.tencent.wework" class="android.widget.TextView" text="" resource-id="com.tencent.wework:id/lf0" checkable="false" checked="false" clickable="true" enabled="true" focusable="true" focused="false" long-clickable="false" password="false" scrollable="false" selected="false" bounds="[948,80][1080,212]" displayed="true" />
[debug] &amp#27;[35m[BaseDriver]&amp#27;[39m                         </android.widget.RelativeLayout>
[debug] &amp#27;[35m[BaseDriver]&amp#27;[39m                       </android.widget.LinearLayout>
[debug] &amp#27;[35m[BaseDriver]&amp#27;[39m                     </android.widget.RelativeLayout>
[debug] &amp#27;[35m[BaseDriver]&amp#27;[39m                     <android.view.ViewGroup index="1" package="com.tencent.wework" class="android.view.ViewGroup" text="" resource-id="com.tencent.wework:id/inf" checkable="false" checked="false" clickable="false" enabled="true" focusable="false" focused="false" long-clickable="false" password="false" scrollable="false" selected="false" bounds="[0,212][1080,2201]" displayed="true">
[debug] &amp#27;[35m[BaseDriver]&amp#27;[39m                       <android.widget.FrameLayout index="1" package="com.tencent.wework" class="android.widget.FrameLayout" text="" checkable="false" checked="false" clickable="false" enabled="true" focusable="false" focused="false" long-clickable="false" password="false" scrollable="false" selected="false" bounds="[0,212][1080,2201]" displayed="true">
[debug] &amp#27;[35m[BaseDriver]&amp#27;[39m                         <androidx.recyclerview.widget.RecyclerView index="0" package="com.tencent.wework" class="androidx.recyclerview.widget.RecyclerView" text="" resource-id="com.tencent.wework:id/zb" checkable="false" checked="false" clickable="false" enabled="true" focusable="true" focused="false" long-clickable="false" password="false" scrollable="false" selected="false" bounds="[22,212][1058,2201]" displayed="true">
[debug] &amp#27;[35m[BaseDriver]&amp#27;[39m                           <android.widget.RelativeLayout index="0" package="com.tencent.wework" class="android.widget.RelativeLayout" text="" checkable="false" checked="false" clickable="true" enabled="true" focusable="true" focused="false" long-clickable="true" password="false" scrollable="false" selected="false" bounds="[22,212][281,356]" displayed="true">
[debug] &amp#27;[35m[BaseDriver]&amp#27;[39m                             <android.widget.LinearLayout index="0" package="com.tencent.wework" class="android.widget.LinearLayout" text="" checkable="false" checked="false" clickable="false" enabled="true" focusable="false" focused="false" long-clickable="false" password="false" scrollable="false" selected="false" bounds="[62,212][240,356]" displayed="true">
[debug] &amp#27;[35m[BaseDriver]&amp#27;[39m                               <android.widget.RelativeLayout index="0" package="com.tencent.wework" class="android.widget.RelativeLayout" text="" resource-id="com.tencent.wework:id/f2r" checkable="false" checked="false" clickable="false" enabled="true" focusable="false" focused="false" long-clickable="false" password="false" scrollable="false" selected="false" bounds="[96,212][206,223]" displayed="true">
[debug] &amp#27;[35m[BaseDriver]&amp#27;[39m                                 <android.widget.ImageView index="0" package="com.tencent.wework" class="android.widget.ImageView" text="" resource-id="com.tencent.wework:id/f19" checkable="false" checked="false" clickable="false" enabled="true" focusable="false" focused="false" long-clickable="false" password="false" scrollable="false" selected="false" bounds="[96,212][206,223]" displayed="true" />
[debug] &amp#27;[35m[BaseDriver]&amp#27;[39m                               </android.widget.RelativeLayout>
[debug] &amp#27;[35m[BaseDriver]&amp#27;[39m                               <android.widget.TextView index="1" package="com.tencent.wework" class="android.widget.TextView" text="客户联系" resource-id="com.tencent.wework:id/hlf" checkable="false" checked="false" clickable="false" enabled="true" focusable="false" focused="false" long-clickable="false" password="false" scrollable="false" selected="false" bounds="[73,251][229,303]" displayed="true" />
[debug] &amp#27;[35m[BaseDriver]&amp#27;[39m                             </android.widget.LinearLayout>
[debug] &amp#27;[35m[BaseDriver]&amp#27;[39m                           </android.widget.RelativeLayout>
[debug] &amp#27;[35m[BaseDriver]&amp#27;[39m                           <android.widget.RelativeLayout index="1" package="com.tencent.wework" class="android.widget.RelativeLayout" text="" checkable="false" checked="false" clickable="true" enabled="true" focusable="true" focused="false" long-clickable="true" password="false" scrollable="false" selected="false" bounds="[281,212][540,356]" displayed="true">
[debug] &amp#27;[35m[BaseDriver]&amp#27;[39m                             <android.widget.LinearLayout index="0" package="com.tencent.wework" class="android.widget.LinearLayout" text="" checkable="false" checked="false" clickable="false" enabled="true" focusable="false" focused="false" long-clickable="false" password="false" scrollable="false" selected="false" bounds="[341,212][480,356]" displayed="true">
[debug] &amp#27;[35m[BaseDriver]&amp#27;[39m                               <android.widget.RelativeLayout index="0" package="com.tencent.wework" class="android.widget.RelativeLayout" text="" resource-id="com.tencent.wework:id/f2r" checkable="false" checked="false" clickable="false" enabled="true" focusable="false" focused="false" long-clickable="false" password="false" scrollable="false" selected="false" bounds="[355,212][465,223]" displayed="true">
[debug] &amp#27;[35m[BaseDriver]&amp#27;[39m                                 <android.widget.ImageView index="0" package="com.tencent.wework" class="android.widget.ImageView" text="" resource-id="com.tencent.wework:id/f19" checkable="false" checked="false" clickable="false" enabled="true" focusable="false" focused="false" long-clickable="false" password="false" scrollable="false" selected="false" bounds="[355,212][465,223]" displayed="true" />
[debug] &amp#27;[35m[BaseDriver]&amp#27;[39m                               </android.widget.RelativeLayout>
[debug] &amp#27;[35m[BaseDriver]&amp#27;[39m                               <android.widget.TextView index="1" package="com.tencent.wework" class="android.widget.TextView" text="客户群" resource-id="com.tencent.wework:id/hlf" checkable="false" checked="false" clickable="false" enabled="true" focusable="false" focused="false" long-clickable="false" password="false" scrollable="false" selected="false" bounds="[352,251][469,303]" displayed="true" />
[debug] &amp#27;[35m[BaseDriver]&amp#27;[39m                             </android.widget.LinearLayout>
[debug] &amp#27;[35m[BaseDriver]&amp#27;[39m                           </android.widget.RelativeLayout>
[debug] &amp#27;[35m[BaseDriver]&amp#27;[39m                           <android.widget.RelativeLayout index="2" package="com.tencent.wework" class="android.widget.RelativeLayout" text="" checkable="false" checked="false" clickable="true" enabled="true" focusable="true" focused="false" long-clickable="true" password="false" scrollable="false" selected="false" bounds="[540,212][799,356]" displayed="true">
[debug] &amp#27;[35m[BaseDriver]&amp#27;[39m                             <android.widget.LinearLayout index="0" package="com.tencent.wework" class="android.widget.LinearLayout" text="" checkable="false" checked="false" clickable="false" enabled="true" focusable="false" focused="false" long-clickable="false" password="false" scrollable="false" selected="false" bounds="[561,212][778,356]" displayed="true">
[debug] &amp#27;[35m[BaseDriver]&amp#27;[39m                               <android.widget.RelativeLayout index="0" package="com.tencent.wework" class="android.widget.RelativeLayout" text="" resource-id="com.tencent.wework:id/f2r" checkable="false" checked="false" clickable="false" enabled="true" focusable="false" focused="false" long-clickable="false" password="false" scrollable="false" selected="false" bounds="[614,212][724,223]" displayed="true">
[debug] &amp#27;[35m[BaseDriver]&amp#27;[39m                                 <android.widget.ImageView index="0" package="com.tencent.wework" class="android.widget.ImageView" text="" resource-id="com.tencent.wework:id/f19" checkable="false" checked="false" clickable="false" enabled="true" focusable="false" focused="false" long-clickable="false" password="false" scrollable="false" selected="false" bounds="[614,212][724,223]" displayed="true" />
[debug] &amp#27;[35m[BaseDriver]&amp#27;[39m                               </android.widget.RelativeLayout>
[debug] &amp#27;[35m[BaseDriver]&amp#27;[39m                               <android.widget.TextView index="1" package="com.tencent.wework" class="android.widget.TextView" text="客户朋友圈" resource-id="com.tencent.wework:id/hlf" checkable="false" checked="false" clickable="false" enabled="true" focusable="false" focused="false" long-clickable="false" password="false" scrollable="false" selected="false" bounds="[572,251][767,303]" displayed="true" />
[debug] &amp#27;[35m[BaseDriver]&amp#27;[39m                             </android.widget.LinearLayout>
[debug] &amp#27;[35m[BaseDriver]&amp#27;[39m                           </android.widget.RelativeLayout>
[debug] &amp#27;[35m[BaseDriver]&amp#27;[39m                           <android.widget.RelativeLayout index="3" package="com.tencent.wework" class="android.widget.RelativeLayout" text="" checkable="false" checked="false" clickable="true" enabled="true" focusable="true" focused="false" long-clickable="true" password="false" scrollable="false" selected="false" bounds="[799,212][1058,356]" displayed="true">
[debug] &amp#27;[35m[BaseDriver]&amp#27;[39m                             <android.widget.LinearLayout index="0" package="com.tencent.wework" class="android.widget.LinearLayout" text="" checkable="false" checked="false" clickable="false" enabled="true" focusable="false" focused="false" long-clickable="false" password="false" scrollable="false" selected="false" bounds="[859,212][998,356]" displayed="true">
[debug] &amp#27;[35m[BaseDriver]&amp#27;[39m                               <android.widget.RelativeLayout index="0" package="com.tencent.wework" class="android.widget.RelativeLayout" text="" resource-id="com.tencent.wework:id/f2r" checkable="false" checked="false" clickable="false" enabled="true" focusable="false" focused="false" long-clickable="false" password="false" scrollable="false" selected="false" bounds="[873,212][983,223]" displayed="true">
[debug] &amp#27;[35m[BaseDriver]&amp#27;[39m                                 <android.widget.ImageView index="0" package="com.tencent.wework" class="android.widget.ImageView" text="" resource-id="com.tencent.wework:id/f19" checkable="false" checked="false" clickable="false" enabled="true" focusable="false" focused="false" long-clickable="false" password="false" scrollable="false" selected="false" bounds="[873,212][983,223]" displayed="true" />
[debug] &amp#27;[35m[BaseDriver]&amp#27;[39m                               </android.widget.RelativeLayout>
[debug] &amp#27;[35m[BaseDriver]&amp#27;[39m                               <android.widget.TextView index="1" package="com.tencent.wework" class="android.widget.TextView" text="视频号" resource-id="com.tencent.wework:id/hlf" checkable="false" checked="false" clickable="false" enabled="true" focusable="false" focused="false" long-clickable="false" password="false" scrollable="false" selected="false" bounds="[870,251][987,303]" displayed="true" />
[debug] &amp#27;[35m[BaseDriver]&amp#27;[39m                             </android.widget.LinearLayout>
[debug] &amp#27;[35m[BaseDriver]&amp#27;[39m                           </android.widget.RelativeLayout>
[debug] &amp#27;[35m[BaseDriver]&amp#27;[39m                           <android.widget.RelativeLayout index="4" package="com.tencent.wework" class="android.widget.RelativeLayout" text="" checkable="false" checked="false" clickable="true" enabled="true" focusable="true" focused="false" long-clickable="true" password="false" scrollable="false" selected="false" bounds="[22,356][281,654]" displayed="true">
[debug] &amp#27;[35m[BaseDriver]&amp#27;[39m                             <android.widget.LinearLayout index="0" package="com.tencent.wework" class="android.widget.LinearLayout" text="" checkable="false" checked="false" clickable="false" enabled="true" focusable="false" focused="false" long-clickable="false" password="false" scrollable="false" selected="false" bounds="[62,356][240,654]" displayed="true">
[debug] &amp#27;[35m[BaseDriver]&amp#27;[39m                               <android.widget.RelativeLayout index="0" package="com.tencent.wework" class="android.widget.RelativeLayout" text="" resource-id="com.tencent.wework:id/f2r" checkable="false" checked="false" clickable="false" enabled="true" focusable="false" focused="false" long-clickable="false" password="false" scrollable="false" selected="false" bounds="[96,411][206,521]" displayed="true">
[debug] &amp#27;[35m[BaseDriver]&amp#27;[39m                                 <android.widget.ImageView index="0" package="com.tencent.wework" class="android.widget.ImageView" text="" resource-id="com.tencent.wework:id/f19" checkable="false" checked="false" clickable="false" enabled="true" focusable="false" focused="false" long-clickable="false" password="false" scrollable="false" selected="false" bounds="[96,411][206,521]" displayed="true" />
[debug] &amp#27;[35m[BaseDriver]&amp#27;[39m                               </android.widget.RelativeLayout>
[debug] &amp#27;[35m[BaseDriver]&amp#27;[39m                               <android.widget.TextView index="1" package="com.tencent.wework" class="android.widget.TextView" text="微信客服" resource-id="com.tencent.wework:id/hlf" checkable="false" checked="false" clickable="false" enabled="true" focusable="false" focused="false" long-clickable="false" password="false" scrollable="false" selected="false" bounds="[73,549][229,601]" displayed="true" />
[debug] &amp#27;[35m[BaseDriver]&amp#27;[39m                             </android.widget.LinearLayout>
[debug] &amp#27;[35m[BaseDriver]&amp#27;[39m                             <android.widget.ImageView index="1" package="com.tencent.wework" class="android.widget.ImageView" text="" resource-id="com.tencent.wework:id/m9t" checkable="false" checked="false" clickable="false" enabled="true" focusable="false" focused="false" long-clickable="false" password="false" scrollable="false" selected="false" bounds="[171,356][281,466]" displayed="true" />
[debug] &amp#27;[35m[BaseDriver]&amp#27;[39m                           </android.widget.RelativeLayout>
[debug] &amp#27;[35m[BaseDriver]&amp#27;[39m                           <android.widget.RelativeLayout index="5" package="com.tencent.wework" class="android.widget.RelativeLayout" text="" checkable="false" checked="false" clickable="true" enabled="true" focusable="true" focused="false" long-clickable="true" password="false" scrollable="false" selected="false" bounds="[281,356][540,654]" displayed="true">
[debug] &amp#27;[35m[BaseDriver]&amp#27;[39m                             <android.widget.LinearLayout index="0" package="com.tencent.wework" class="android.widget.LinearLayout" text="" checkable="false" checked="false" clickable="false" enabled="true" focusable="false" focused="false" long-clickable="false" password="false" scrollable="false" selected="false" bounds="[321,356][499,654]" displayed="true">
[debug] &amp#27;[35m[BaseDriver]&amp#27;[39m                               <android.widget.RelativeLayout index="0" package="com.tencent.wework" class="android.widget.RelativeLayout" text="" resource-id="com.tencent.wework:id/f2r" checkable="false" checked="false" clickable="false" enabled="true" focusable="false" focused="false" long-clickable="false" password="false" scrollable="false" selected="false" bounds="[355,411][465,521]" displayed="true">
[debug] &amp#27;[35m[BaseDriver]&amp#27;[39m                                 <android.widget.ImageView index="0" package="com.tencent.wework" class="android.widget.ImageView" text="" resource-id="com.tencent.wework:id/f19" checkable="false" checked="false" clickable="false" enabled="true" focusable="false" focused="false" long-clickable="false" password="false" scrollable="false" selected="false" bounds="[355,411][465,521]" displayed="true" />
[debug] &amp#27;[35m[BaseDriver]&amp#27;[39m                               </android.widget.RelativeLayout>
[debug] &amp#27;[35m[BaseDriver]&amp#27;[39m                               <android.widget.TextView index="1" package="com.tencent.wework" class="android.widget.TextView" text="离职继承" resource-id="com.tencent.wework:id/hlf" checkable="false" checked="false" clickable="false" enabled="true" focusable="false" focused="false" long-clickable="false" password="false" scrollable="false" selected="false" bounds="[332,549][488,601]" displayed="true" />
[debug] &amp#27;[35m[BaseDriver]&amp#27;[39m                             </android.widget.LinearLayout>
[debug] &amp#27;[35m[BaseDriver]&amp#27;[39m                             <android.widget.ImageView index="1" package="com.tencent.wework" class="android.widget.ImageView" text="" resource-id="com.tencent.wework:id/m9t" checkable="false" checked="false" clickable="false" enabled="true" focusable="false" focused="false" long-clickable="false" password="false" scrollable="false" selected="false" bounds="[430,356][540,466]" displayed="true" />
[debug] &amp#27;[35m[BaseDriver]&amp#27;[39m                           </android.widget.RelativeLayout>
[debug] &amp#27;[35m[BaseDriver]&amp#27;[39m                           <android.widget.RelativeLayout index="6" package="com.tencent.wework" class="android.widget.RelativeLayout" text="" checkable="false" checked="false" clickable="true" enabled="true" focusable="true" focused="false" long-clickable="true" password="false" scrollable="false" selected="false" bounds="[540,356][799,654]" displayed="true">
[debug] &amp#27;[35m[BaseDriver]&amp#27;[39m                             <android.widget.LinearLayout index="0" package="com.tencent.wework" class="android.widget.LinearLayout" text="" checkable="false" checked="false" clickable="false" enabled="true" focusable="false" focused="false" long-clickable="false" password="false" scrollable="false" selected="false" bounds="[580,356][758,654]" displayed="true">
[debug] &amp#27;[35m[BaseDriver]&amp#27;[39m                               <android.widget.RelativeLayout index="0" package="com.tencent.wework" class="android.widget.RelativeLayout" text="" resource-id="com.tencent.wework:id/f2r" checkable="false" checked="false" clickable="false" enabled="true" focusable="false" focused="false" long-clickable="false" password="false" scrollable="false" selected="false" bounds="[614,411][724,521]" displayed="true">
[debug] &amp#27;[35m[BaseDriver]&amp#27;[39m                                 <android.widget.ImageView index="0" package="com.tencent.wework" class="android.widget.ImageView" text="" resource-id="com.tencent.wework:id/f19" checkable="false" checked="false" clickable="false" enabled="true" focusable="false" focused="false" long-clickable="false" password="false" scrollable="false" selected="false" bounds="[614,411][724,521]" displayed="true" />
[debug] &amp#27;[35m[BaseDriver]&amp#27;[39m                               </android.widget.RelativeLayout>
[debug] &amp#27;[35m[BaseDriver]&amp#27;[39m                               <android.widget.TextView index="1" package="com.tencent.wework" class="android.widget.TextView" text="群发助手" resource-id="com.tencent.wework:id/hlf" checkable="false" checked="false" clickable="false" enabled="true" focusable="false" focused="false" long-clickable="false" password="false" scrollable="false" selected="false" bounds="[591,549][747,601]" displayed="true" />
[debug] &amp#27;[35m[BaseDriver]&amp#27;[39m                             </android.widget.LinearLayout>
[debug] &amp#27;[35m[BaseDriver]&amp#27;[39m                             <android.widget.ImageView index="1" package="com.tencent.wework" class="android.widget.ImageView" text="" resource-id="com.tencent.wework:id/m9t" checkable="false" checked="false" clickable="false" enabled="true" focusable="false" focused="false" long-clickable="false" password="false" scrollable="false" selected="false" bounds="[689,356][799,466]" displayed="true" />
[debug] &amp#27;[35m[BaseDriver]&amp#27;[39m                           </android.widget.RelativeLayout>
[debug] &amp#27;[35m[BaseDriver]&amp#27;[39m                           <android.widget.RelativeLayout index="7" package="com.tencent.wework" class="android.widget.RelativeLayout" text="" checkable="false" checked="false" clickable="true" enabled="true" focusable="true" focused="false" long-clickable="true" password="false" scrollable="false" selected="false" bounds="[799,356][1058,654]" displayed="true">
[debug] &amp#27;[35m[BaseDriver]&amp#27;[39m                             <android.widget.LinearLayout index="0" package="com.tencent.wework" class="android.widget.LinearLayout" text="" checkable="false" checked="false" clickable="false" enabled="true" focusable="false" focused="false" long-clickable="false" password="false" scrollable="false" selected="false" bounds="[839,356][1017,654]" displayed="true">
[debug] &amp#27;[35m[BaseDriver]&amp#27;[39m                               <android.widget.RelativeLayout index="0" package="com.tencent.wework" class="android.widget.RelativeLayout" text="" resource-id="com.tencent.wework:id/f2r" checkable="false" checked="false" clickable="false" enabled="true" focusable="false" focused="false" long-clickable="false" password="false" scrollable="false" selected="false" bounds="[873,411][983,521]" displayed="true">
[debug] &amp#27;[35m[BaseDriver]&amp#27;[39m                                 <android.widget.ImageView index="0" package="com.tencent.wework" class="android.widget.ImageView" text="" resource-id="com.tencent.wework:id/f19" checkable="false" checked="false" clickable="false" enabled="true" focusable="false" focused="false" long-clickable="false" password="false" scrollable="false" selected="false" bounds="[873,411][983,521]" displayed="true" />
[debug] &amp#27;[35m[BaseDriver]&amp#27;[39m                               </android.widget.RelativeLayout>
[debug] &amp#27;[35m[BaseDriver]&amp#27;[39m                               <android.widget.TextView index="1" package="com.tencent.wework" class="android.widget.TextView" text="学习园地" resource-id="com.tencent.wework:id/hlf" checkable="false" checked="false" clickable="false" enabled="true" focusable="false" focused="false" long-clickable="false" password="false" scrollable="false" selected="false" bounds="[850,549][1006,601]" displayed="true" />
[debug] &amp#27;[35m[BaseDriver]&amp#27;[39m                             </android.widget.LinearLayout>
[debug] &amp#27;[35m[BaseDriver]&amp#27;[39m                             <android.widget.ImageView index="1" package="com.tencent.wework" class="android.widget.ImageView" text="" resource-id="com.tencent.wework:id/m9t" checkable="false" checked="false" clickable="false" enabled="true" focusable="false" focused="false" long-clickable="false" password="false" scrollable="false" selected="false" bounds="[948,356][1058,466]" displayed="true" />
[debug] &amp#27;[35m[BaseDriver]&amp#27;[39m                           </android.widget.RelativeLayout>
[debug] &amp#27;[35m[BaseDriver]&amp#27;[39m                           <android.widget.RelativeLayout index="8" package="com.tencent.wework" class="android.widget.RelativeLayout" text="" checkable="false" checked="false" clickable="true" enabled="true" focusable="true" focused="false" long-clickable="true" password="false" scrollable="false" selected="false" bounds="[22,654][281,952]" displayed="true">
[debug] &amp#27;[35m[BaseDriver]&amp#27;[39m                             <android.widget.LinearLayout index="0" package="com.tencent.wework" class="android.widget.LinearLayout" text="" checkable="false" checked="false" clickable="false" enabled="true" focusable="false" focused="false" long-clickable="false" password="false" scrollable="false" selected="false" bounds="[96,654][206,952]" displayed="true">
[debug] &amp#27;[35m[BaseDriver]&amp#27;[39m                               <android.widget.RelativeLayout index="0" package="com.tencent.wework" class="android.widget.RelativeLayout" text="" resource-id="com.tencent.wework:id/f2r" checkable="false" checked="false" clickable="false" enabled="true" focusable="false" focused="false" long-clickable="false" password="false" scrollable="false" selected="false" bounds="[96,709][206,819]" displayed="true">
[debug] &amp#27;[35m[BaseDriver]&amp#27;[39m                                 <android.widget.ImageView index="0" package="com.tencent.wework" class="android.widget.ImageView" text="" resource-id="com.tencent.wework:id/f19" checkable="false" checked="false" clickable="false" enabled="true" focusable="false" focused="false" long-clickable="false" password="false" scrollable="false" selected="false" bounds="[96,709][206,819]" displayed="true" />
[debug] &amp#27;[35m[BaseDriver]&amp#27;[39m                               </android.widget.RelativeLayout>
[debug] &amp#27;[35m[BaseDriver]&amp#27;[39m                               <android.widget.TextView index="1" package="com.tencent.wework" class="android.widget.TextView" text="添加" resource-id="com.tencent.wework:id/hlf" checkable="false" checked="false" clickable="false" enabled="true" focusable="false" focused="false" long-clickable="false" password="false" scrollable="false" selected="false" bounds="[112,847][190,899]" displayed="true" />
[debug] &amp#27;[35m[BaseDriver]&amp#27;[39m                             </android.widget.LinearLayout>
[debug] &amp#27;[35m[BaseDriver]&amp#27;[39m                             <android.widget.ImageView index="1" package="com.tencent.wework" class="android.widget.ImageView" text="" resource-id="com.tencent.wework:id/m9t" checkable="false" checked="false" clickable="false" enabled="true" focusable="false" focused="false" long-clickable="false" password="false" scrollable="false" selected="false" bounds="[171,654][281,764]" displayed="true" />
[debug] &amp#27;[35m[BaseDriver]&amp#27;[39m                           </android.widget.RelativeLayout>
[debug] &amp#27;[35m[BaseDriver]&amp#27;[39m                           <android.widget.RelativeLayout index="9" package="com.tencent.wework" class="android.widget.RelativeLayout" text="" checkable="false" checked="false" clickable="true" enabled="true" focusable="true" focused="false" long-clickable="true" password="false" scrollable="false" selected="false" bounds="[281,654][540,952]" displayed="true">
[debug] &amp#27;[35m[BaseDriver]&amp#27;[39m                             <android.view.View index="0" package="com.tencent.wework" class="android.view.View" text="" resource-id="com.tencent.wework:id/kb2" checkable="false" checked="false" clickable="false" enabled="true" focusable="false" focused="false" long-clickable="false" password="false" scrollable="false" selected="false" bounds="[281,654][540,952]" displayed="true" />
[debug] &amp#27;[35m[BaseDriver]&amp#27;[39m                             <android.widget.LinearLayout index="1" package="com.tencent.wework" class="android.widget.LinearLayout" text="" checkable="false" checked="false" clickable="false" enabled="true" focusable="false" focused="false" long-clickable="false" password="false" scrollable="false" selected="false" bounds="[355,654][465,952]" displayed="true">
[debug] &amp#27;[35m[BaseDriver]&amp#27;[39m                               <android.widget.RelativeLayout index="0" package="com.tencent.wework" class="android.widget.RelativeLayout" text="" resource-id="com.tencent.wework:id/f2r" checkable="false" checked="false" clickable="false" enabled="true" focusable="false" focused="false" long-clickable="false" password="false" scrollable="false" selected="false" bounds="[355,709][465,819]" displayed="true" />
[debug] &amp#27;[35m[BaseDriver]&amp#27;[39m                             </android.widget.LinearLayout>
[debug] &amp#27;[35m[BaseDriver]&amp#27;[39m                             <android.widget.ImageView index="2" package="com.tencent.wework" class="android.widget.ImageView" text="" resource-id="com.tencent.wework:id/m9t" checkable="false" checked="false" clickable="false" enabled="true" focusable="false" focused="false" long-clickable="false" password="false" scrollable="false" selected="false" bounds="[430,654][540,764]" displayed="true" />
[debug] &amp#27;[35m[BaseDriver]&amp#27;[39m                           </android.widget.RelativeLayout>
[debug] &amp#27;[35m[BaseDriver]&amp#27;[39m                           <android.widget.RelativeLayout index="10" package="com.tencent.wework" class="android.widget.RelativeLayout" text="" checkable="false" checked="false" clickable="true" enabled="true" focusable="true" focused="false" long-clickable="true" password="false" scrollable="false" selected="false" bounds="[540,654][799,952]" displayed="true">
[debug] &amp#27;[35m[BaseDriver]&amp#27;[39m                             <android.view.View index="0" package="com.tencent.wework" class="android.view.View" text="" resource-id="com.tencent.wework:id/kb2" checkable="false" checked="false" clickable="false" enabled="true" focusable="false" focused="false" long-clickable="false" password="false" scrollable="false" selected="false" bounds="[540,654][799,952]" displayed="true" />
[debug] &amp#27;[35m[BaseDriver]&amp#27;[39m                             <android.widget.LinearLayout index="1" package="com.tencent.wework" class="android.widget.LinearLayout" text="" checkable="false" checked="false" clickable="false" enabled="true" focusable="false" focused="false" long-clickable="false" password="false" scrollable="false" selected="false" bounds="[614,654][724,952]" displayed="true">
[debug] &amp#27;[35m[BaseDriver]&amp#27;[39m                               <android.widget.RelativeLayout index="0" package="com.tencent.wework" class="android.widget.RelativeLayout" text="" resource-id="com.tencent.wework:id/f2r" checkable="false" checked="false" clickable="false" enabled="true" focusable="false" focused="false" long-clickable="false" password="false" scrollable="false" selected="false" bounds="[614,709][724,819]" displayed="true" />
[debug] &amp#27;[35m[BaseDriver]&amp#27;[39m                             </android.widget.LinearLayout>
[debug] &amp#27;[35m[BaseDriver]&amp#27;[39m                             <android.widget.ImageView index="2" package="com.tencent.wework" class="android.widget.ImageView" text="" resource-id="com.tencent.wework:id/m9t" checkable="false" checked="false" clickable="false" enabled="true" focusable="false" focused="false" long-clickable="false" password="false" scrollable="false" selected="false" bounds="[689,654][799,764]" displayed="true" />
[debug] &amp#27;[35m[BaseDriver]&amp#27;[39m                           </android.widget.RelativeLayout>
[debug] &amp#27;[35m[BaseDriver]&amp#27;[39m                           <android.widget.RelativeLayout index="11" package="com.tencent.wework" class="android.widget.RelativeLayout" text="" checkable="false" checked="false" clickable="true" enabled="true" focusable="true" focused="false" long-clickable="true" password="false" scrollable="false" selected="false" bounds="[799,654][1058,952]" displayed="true">
[debug] &amp#27;[35m[BaseDriver]&amp#27;[39m                             <android.view.View index="0" package="com.tencent.wework" class="android.view.View" text="" resource-id="com.tencent.wework:id/kb2" checkable="false" checked="false" clickable="false" enabled="true" focusable="false" focused="false" long-clickable="false" password="false" scrollable="false" selected="false" bounds="[799,654][1058,952]" displayed="true" />
[debug] &amp#27;[35m[BaseDriver]&amp#27;[39m                             <android.widget.LinearLayout index="1" package="com.tencent.wework" class="android.widget.LinearLayout" text="" checkable="false" checked="false" clickable="false" enabled="true" focusable="false" focused="false" long-clickable="false" password="false" scrollable="false" selected="false" bounds="[873,654][983,952]" displayed="true">
[debug] &amp#27;[35m[BaseDriver]&amp#27;[39m                               <android.widget.RelativeLayout index="0" package="com.tencent.wework" class="android.widget.RelativeLayout" text="" resource-id="com.tencent.wework:id/f2r" checkable="false" checked="false" clickable="false" enabled="true" focusable="false" focused="false" long-clickable="false" password="false" scrollable="false" selected="false" bounds="[873,709][983,819]" displayed="true" />
[debug] &amp#27;[35m[BaseDriver]&amp#27;[39m                             </android.widget.LinearLayout>
[debug] &amp#27;[35m[BaseDriver]&amp#27;[39m                             <android.widget.ImageView index="2" package="com.tencent.wework" class="android.widget.ImageView" text="" resource-id="com.tencent.wework:id/m9t" checkable="false" checked="false" clickable="false" enabled="true" focusable="false" focused="false" long-clickable="false" password="false" scrollable="false" selected="false" bounds="[948,654][1058,764]" displayed="true" />
[debug] &amp#27;[35m[BaseDriver]&amp#27;[39m                           </android.widget.RelativeLayout>
[debug] &amp#27;[35m[BaseDriver]&amp#27;[39m                           <android.widget.LinearLayout index="12" package="com.tencent.wework" class="android.widget.LinearLayout" text="" checkable="false" checked="false" clickable="false" enabled="true" focusable="false" focused="false" long-clickable="false" password="false" scrollable="false" selected="false" bounds="[22,952][1058,996]" displayed="true">
[debug] &amp#27;[35m[BaseDriver]&amp#27;[39m                             <android.widget.LinearLayout index="0" package="com.tencent.wework" class="android.widget.LinearLayout" text="" checkable="false" checked="false" clickable="false" enabled="true" focusable="false" focused="false" long-clickable="false" password="false" scrollable="false" selected="false" bounds="[22,952][1058,996]" displayed="true">
[debug] &amp#27;[35m[BaseDriver]&amp#27;[39m                               <android.view.View index="0" package="com.tencent.wework" class="android.view.View" text="" resource-id="com.tencent.wework:id/lhg" checkable="false" checked="false" clickable="false" enabled="true" focusable="false" focused="false" long-clickable="false" password="false" scrollable="false" selected="false" bounds="[22,952][1058,974]" displayed="true" />
[debug] &amp#27;[35m[BaseDriver]&amp#27;[39m                               <android.view.View index="1" package="com.tencent.wework" class="android.view.View" text="" resource-id="com.tencent.wework:id/an7" checkable="false" checked="false" clickable="false" enabled="true" focusable="false" focused="false" long-clickable="false" password="false" scrollable="false" selected="false" bounds="[22,974][1058,996]" displayed="true" />
[debug] &amp#27;[35m[BaseDriver]&amp#27;[39m                             </android.widget.LinearLayout>
[debug] &amp#27;[35m[BaseDriver]&amp#27;[39m                           </android.widget.LinearLayout>
[debug] &amp#27;[35m[BaseDriver]&amp#27;[39m                           <android.widget.LinearLayout index="13" package="com.tencent.wework" class="android.widget.LinearLayout" text="" checkable="false" checked="false" clickable="true" enabled="true" focusable="true" focused="false" long-clickable="true" password="false" scrollable="false" selected="false" bounds="[22,996][1058,1545]" displayed="true">
[debug] &amp#27;[35m[BaseDriver]&amp#27;[39m                             <android.widget.LinearLayout index="0" package="com.tencent.wework" class="android.widget.LinearLayout" text="" resource-id="com.tencent.wework:id/jf1" checkable="false" checked="false" clickable="false" enabled="true" focusable="false" focused="false" long-clickable="false" password="false" scrollable="false" selected="false" bounds="[22,996][1058,1545]" displayed="true">
[debug] &amp#27;[35m[BaseDriver]&amp#27;[39m                               <android.widget.RelativeLayout index="0" package="com.tencent.wework" class="android.widget.RelativeLayout" text="" resource-id="com.tencent.wework:id/e1u" checkable="false" checked="false" clickable="true" enabled="true" focusable="true" focused="false" long-clickable="true" password="false" scrollable="false" selected="false" bounds="[22,996][1058,1117]" displayed="true">
[debug] &amp#27;[35m[BaseDriver]&amp#27;[39m                                 <android.widget.RelativeLayout index="0" package="com.tencent.wework" class="android.widget.RelativeLayout" text="" checkable="false" checked="false" clickable="false" enabled="true" focusable="false" focused="false" long-clickable="false" password="false" scrollable="false" selected="false" bounds="[22,996][1058,1117]" displayed="true">
[debug] &amp#27;[35m[BaseDriver]&amp#27;[39m                                   <android.widget.ImageView index="0" package="com.tencent.wework" class="android.widget.ImageView" text="" resource-id="com.tencent.wework:id/f19" checkable="false" checked="false" clickable="false" enabled="true" focusable="false" focused="false" long-clickable="false" password="false" scrollable="false" selected="false" bounds="[50,1031][100,1081]" displayed="true" />
[debug] &amp#27;[35m[BaseDriver]&amp#27;[39m                                   <android.widget.LinearLayout index="1" package="com.tencent.wework" class="android.widget.LinearLayout" text="" checkable="false" checked="false" clickable="false" enabled="true" focusable="false" focused="false" long-clickable="false" password="false" scrollable="false" selected="false" bounds="[119,996][540,1117]" displayed="true">
[debug] &amp#27;[35m[BaseDriver]&amp#27;[39m                                     <android.widget.TextView index="0" package="com.tencent.wework" class="android.widget.TextView" text="对外收款" resource-id="com.tencent.wework:id/l9k" checkable="false" checked="false" clickable="false" enabled="true" focusable="false" focused="false" long-clickable="false" password="false" scrollable="false" selected="false" bounds="[119,1030][275,1082]" displayed="true" />
[debug] &amp#27;[35m[BaseDriver]&amp#27;[39m                                   </android.widget.LinearLayout>
[debug] &amp#27;[35m[BaseDriver]&amp#27;[39m                                   <android.widget.ImageView index="3" package="com.tencent.wework" class="android.widget.ImageView" text="" resource-id="com.tencent.wework:id/hob" checkable="false" checked="false" clickable="true" enabled="true" focusable="true" focused="false" long-clickable="false" password="false" scrollable="false" selected="false" bounds="[1011,1040][1030,1073]" displayed="true" />
[debug] &amp#27;[35m[BaseDriver]&amp#27;[39m                                 </android.widget.RelativeLayout>
[debug] &amp#27;[35m[BaseDriver]&amp#27;[39m                               </android.widget.RelativeLayout>
[debug] &amp#27;[35m[BaseDriver]&amp#27;[39m                               <android.widget.LinearLayout index="1" package="com.tencent.wework" class="android.widget.LinearLayout" text="" resource-id="com.tencent.wework:id/gm4" checkable="false" checked="false" clickable="false" enabled="true" focusable="false" focused="false" long-clickable="false" password="false" scrollable="false" selected="false" bounds="[22,1123][1058,1351]" displayed="true">
[debug] &amp#27;[35m[BaseDriver]&amp#27;[39m                                 <android.widget.TextView index="0" package="com.tencent.wework" class="android.widget.TextView" text="今日全部收款" resource-id="com.tencent.wework:id/gm5" checkable="false" checked="false" clickable="false" enabled="true" focusable="false" focused="false" long-clickable="false" password="false" scrollable="false" selected="false" bounds="[423,1145][657,1197]" displayed="true" />
[debug] &amp#27;[35m[BaseDriver]&amp#27;[39m                                 <android.widget.TextView index="1" package="com.tencent.wework" class="android.widget.TextView" text="¥ 0.00" resource-id="com.tencent.wework:id/gm6" checkable="false" checked="false" clickable="false" enabled="true" focusable="false" focused="false" long-clickable="false" password="false" scrollable="false" selected="false" bounds="[422,1197][658,1351]" displayed="true" />
[debug] &amp#27;[35m[BaseDriver]&amp#27;[39m                               </android.widget.LinearLayout>
[debug] &amp#27;[35m[BaseDriver]&amp#27;[39m                               <android.widget.LinearLayout index="2" package="com.tencent.wework" class="android.widget.LinearLayout" text="" resource-id="com.tencent.wework:id/fsw" checkable="false" checked="false" clickable="true" enabled="true" focusable="true" focused="false" long-clickable="false" password="false" scrollable="false" selected="false" bounds="[22,1414][1058,1545]" displayed="true">
[debug] &amp#27;[35m[BaseDriver]&amp#27;[39m                                 <android.view.View index="0" package="com.tencent.wework" class="android.view.View" text="" resource-id="com.tencent.wework:id/fsu" checkable="false" checked="false" clickable="false" enabled="true" focusable="false" focused="false" long-clickable="false" password="false" scrollable="false" selected="false" bounds="[66,1414][1014,1415]" displayed="true" />
[debug] &amp#27;[35m[BaseDriver]&amp#27;[39m                                 <android.widget.LinearLayout index="1" package="com.tencent.wework" class="android.widget.LinearLayout" text="" resource-id="com.tencent.wework:id/fsv" checkable="false" checked="false" clickable="false" enabled="true" focusable="false" focused="false" long-clickable="false" password="false" scrollable="false" selected="false" bounds="[22,1454][1058,1506]" displayed="true">
[debug] &amp#27;[35m[BaseDriver]&amp#27;[39m                                   <android.widget.ImageView index="0" package="com.tencent.wework" class="android.widget.ImageView" text="" resource-id="com.tencent.wework:id/fst" checkable="false" checked="false" clickable="false" enabled="true" focusable="false" focused="false" long-clickable="false" password="false" scrollable="false" selected="false" bounds="[61,1459][103,1501]" displayed="true" />
[debug] &amp#27;[35m[BaseDriver]&amp#27;[39m                                   <android.widget.TextView index="1" package="com.tencent.wework" class="android.widget.TextView" text="支付费率低至0.2% ，微信客户可转账" resource-id="com.tencent.wework:id/fsy" checkable="false" checked="false" clickable="false" enabled="true" focusable="false" focused="false" long-clickable="false" password="false" scrollable="false" selected="false" bounds="[125,1454][772,1506]" displayed="true" />
[debug] &amp#27;[35m[BaseDriver]&amp#27;[39m                                 </android.widget.LinearLayout>
[debug] &amp#27;[35m[BaseDriver]&amp#27;[39m                               </android.widget.LinearLayout>
[debug] &amp#27;[35m[BaseDriver]&amp#27;[39m                             </android.widget.LinearLayout>
[debug] &amp#27;[35m[BaseDriver]&amp#27;[39m                           </android.widget.LinearLayout>
[debug] &amp#27;[35m[BaseDriver]&amp#27;[39m                           <android.widget.LinearLayout index="14" package="com.tencent.wework" class="android.widget.LinearLayout" text="" checkable="false" checked="false" clickable="false" enabled="true" focusable="false" focused="false" long-clickable="false" password="false" scrollable="false" selected="false" bounds="[22,1545][1058,1677]" displayed="true">
[debug] &amp#27;[35m[BaseDriver]&amp#27;[39m                             <android.widget.LinearLayout index="0" package="com.tencent.wework" class="android.widget.LinearLayout" text="" checkable="false" checked="false" clickable="false" enabled="true" focusable="false" focused="false" long-clickable="false" password="false" scrollable="false" selected="false" bounds="[22,1545][1058,1677]" displayed="true">
[debug] &amp#27;[35m[BaseDriver]&amp#27;[39m                               <android.view.View index="0" package="com.tencent.wework" class="android.view.View" text="" resource-id="com.tencent.wework:id/an7" checkable="false" checked="false" clickable="false" enabled="true" focusable="false" focused="false" long-clickable="false" password="false" scrollable="false" selected="false" bounds="[22,1545][1058,1567]" displayed="true" />
[debug] &amp#27;[35m[BaseDriver]&amp#27;[39m                               <android.widget.LinearLayout index="1" package="com.tencent.wework" class="android.widget.LinearLayout" text="" checkable="false" checked="false" clickable="false" enabled="true" focusable="false" focused="false" long-clickable="false" password="false" scrollable="false" selected="false" bounds="[22,1567][1058,1677]" displayed="true">
[debug] &amp#27;[35m[BaseDriver]&amp#27;[39m                                 <android.widget.TextView index="0" package="com.tencent.wework" class="android.widget.TextView" text="上下游管理" resource-id="com.tencent.wework:id/l8v" checkable="false" checked="false" clickable="false" enabled="true" focusable="false" focused="false" long-clickable="false" password="false" scrollable="false" selected="false" bounds="[22,1567][1058,1677]" displayed="true" />
[debug] &amp#27;[35m[BaseDriver]&amp#27;[39m                               </android.widget.LinearLayout>
[debug] &amp#27;[35m[BaseDriver]&amp#27;[39m                             </android.widget.LinearLayout>
[debug] &amp#27;[35m[BaseDriver]&amp#27;[39m                           </android.widget.LinearLayout>
[debug] &amp#27;[35m[BaseDriver]&amp#27;[39m                           <android.widget.RelativeLayout index="15" package="com.tencent.wework" class="android.widget.RelativeLayout" text="" checkable="false" checked="false" clickable="true" enabled="true" focusable="true" focused="false" long-clickable="true" password="false" scrollable="false" selected="false" bounds="[22,1677][281,1975]" displayed="true">
[debug] &amp#27;[35m[BaseDriver]&amp#27;[39m                             <android.widget.LinearLayout index="0" package="com.tencent.wework" class="android.widget.LinearLayout" text="" checkable="false" checked="false" clickable="false" enabled="true" focusable="false" focused="false" long-clickable="false" password="false" scrollable="false" selected="false" bounds="[82,1677][221,1975]" displayed="true">
[debug] &amp#27;[35m[BaseDriver]&amp#27;[39m                               <android.widget.RelativeLayout index="0" package="com.tencent.wework" class="android.widget.RelativeLayout" text="" resource-id="com.tencent.wework:id/f2r" checkable="false" checked="false" clickable="false" enabled="true" focusable="false" focused="false" long-clickable="false" password="false" scrollable="false" selected="false" bounds="[96,1732][206,1842]" displayed="true">
[debug] &amp#27;[35m[BaseDriver]&amp#27;[39m                                 <android.widget.ImageView index="0" package="com.tencent.wework" class="android.widget.ImageView" text="" resource-id="com.tencent.wework:id/f19" checkable="false" checked="false" clickable="false" enabled="true" focusable="false" focused="false" long-clickable="false" password="false" scrollable="false" selected="false" bounds="[96,1732][206,1842]" displayed="true" />
[debug] &amp#27;[35m[BaseDriver]&amp#27;[39m                               </android.widget.RelativeLayout>
[debug] &amp#27;[35m[BaseDriver]&amp#27;[39m                               <android.widget.TextView index="1" package="com.tencent.wework" class="android.widget.TextView" text="上下游" resource-id="com.tencent.wework:id/hlf" checkable="false" checked="false" clickable="false" enabled="true" focusable="false" focused="false" long-clickable="false" password="false" scrollable="false" selected="false" bounds="[93,1870][210,1922]" displayed="true" />
[debug] &amp#27;[35m[BaseDriver]&amp#27;[39m                             </android.widget.LinearLayout>
[debug] &amp#27;[35m[BaseDriver]&amp#27;[39m                             <android.widget.ImageView index="1" package="com.tencent.wework" class="android.widget.ImageView" text="" resource-id="com.tencent.wework:id/m9t" checkable="false" checked="false" clickable="false" enabled="true" focusable="false" focused="false" long-clickable="false" password="false" scrollable="false" selected="false" bounds="[171,1677][281,1787]" displayed="true" />
[debug] &amp#27;[35m[BaseDriver]&amp#27;[39m                           </android.widget.RelativeLayout>
[debug] &amp#27;[35m[BaseDriver]&amp#27;[39m                           <android.widget.RelativeLayout index="16" package="com.tencent.wework" class="android.widget.RelativeLayout" text="" checkable="false" checked="false" clickable="true" enabled="true" focusable="true" focused="false" long-clickable="true" password="false" scrollable="false" selected="false" bounds="[281,1677][540,1975]" displayed="true">
[debug] &amp#27;[35m[BaseDriver]&amp#27;[39m                             <android.widget.LinearLayout index="0" package="com.tencent.wework" class="android.widget.LinearLayout" text="" checkable="false" checked="false" clickable="false" enabled="true" focusable="false" focused="false" long-clickable="false" password="false" scrollable="false" selected="false" bounds="[321,1677][499,1975]" displayed="true">
[debug] &amp#27;[35m[BaseDriver]&amp#27;[39m                               <android.widget.RelativeLayout index="0" package="com.tencent.wework" class="android.widget.RelativeLayout" text="" resource-id="com.tencent.wework:id/f2r" checkable="false" checked="false" clickable="false" enabled="true" focusable="false" focused="false" long-clickable="false" password="false" scrollable="false" selected="false" bounds="[355,1732][465,1842]" displayed="true">
[debug] &amp#27;[35m[BaseDriver]&amp#27;[39m                                 <android.widget.ImageView index="0" package="com.tencent.wework" class="android.widget.ImageView" text="" resource-id="com.tencent.wework:id/f19" checkable="false" checked="false" clickable="false" enabled="true" focusable="false" focused="false" long-clickable="false" password="false" scrollable="false" selected="false" bounds="[355,1732][465,1842]" displayed="true" />
[debug] &amp#27;[35m[BaseDriver]&amp#27;[39m                               </android.widget.RelativeLayout>
[debug] &amp#27;[35m[BaseDriver]&amp#27;[39m                               <android.widget.TextView index="1" package="com.tencent.wework" class="android.widget.TextView" text="上下游群" resource-id="com.tencent.wework:id/hlf" checkable="false" checked="false" clickable="false" enabled="true" focusable="false" focused="false" long-clickable="false" password="false" scrollable="false" selected="false" bounds="[332,1870][488,1922]" displayed="true" />
[debug] &amp#27;[35m[BaseDriver]&amp#27;[39m                             </android.widget.LinearLayout>
[debug] &amp#27;[35m[BaseDriver]&amp#27;[39m                             <android.widget.ImageView index="1" package="com.tencent.wework" class="android.widget.ImageView" text="" resource-id="com.tencent.wework:id/m9t" checkable="false" checked="false" clickable="false" enabled="true" focusable="false" focused="false" long-clickable="false" password="false" scrollable="false" selected="false" bounds="[430,1677][540,1787]" displayed="true" />
[debug] &amp#27;[35m[BaseDriver]&amp#27;[39m                           </android.widget.RelativeLayout>
[debug] &amp#27;[35m[BaseDriver]&amp#27;[39m                           <android.widget.RelativeLayout index="17" package="com.tencent.wework" class="android.widget.RelativeLayout" text="" checkable="false" checked="false" clickable="true" enabled="true" focusable="true" focused="false" long-clickable="true" password="false" scrollable="false" selected="false" bounds="[540,1677][799,1975]" displayed="true">
[debug] &amp#27;[35m[BaseDriver]&amp#27;[39m                             <android.widget.LinearLayout index="0" package="com.tencent.wework" class="android.widget.LinearLayout" text="" checkable="false" checked="false" clickable="false" enabled="true" focusable="false" focused="false" long-clickable="false" password="false" scrollable="false" selected="false" bounds="[561,1677][778,1975]" displayed="true">
[debug] &amp#27;[35m[BaseDriver]&amp#27;[39m                               <android.widget.RelativeLayout index="0" package="com.tencent.wework" class="android.widget.RelativeLayout" text="" resource-id="com.tencent.wework:id/f2r" checkable="false" checked="false" clickable="false" enabled="true" focusable="false" focused="false" long-clickable="false" password="false" scrollable="false" selected="false" bounds="[614,1732][724,1842]" displayed="true">
[debug] &amp#27;[35m[BaseDriver]&amp#27;[39m                                 <android.widget.ImageView index="0" package="com.tencent.wework" class="android.widget.ImageView" text="" resource-id="com.tencent.wework:id/f19" checkable="false" checked="false" clickable="false" enabled="true" focusable="false" focused="false" long-clickable="false" password="false" scrollable="false" selected="false" bounds="[614,1732][724,1842]" displayed="true" />
[debug] &amp#27;[35m[BaseDriver]&amp#27;[39m                               </android.widget.RelativeLayout>
[debug] &amp#27;[35m[BaseDriver]&amp#27;[39m                               <android.widget.TextView index="1" package="com.tencent.wework" class="android.widget.TextView" text="上下游协作" resource-id="com.tencent.wework:id/hlf" checkable="false" checked="false" clickable="false" enabled="true" focusable="false" focused="false" long-clickable="false" password="false" scrollable="false" selected="false" bounds="[572,1870][767,1922]" displayed="true" />
[debug] &amp#27;[35m[BaseDriver]&amp#27;[39m                             </android.widget.LinearLayout>
[debug] &amp#27;[35m[BaseDriver]&amp#27;[39m                             <android.widget.ImageView index="1" package="com.tencent.wework" class="android.widget.ImageView" text="" resource-id="com.tencent.wework:id/m9t" checkable="false" checked="false" clickable="false" enabled="true" focusable="false" focused="false" long-clickable="false" password="false" scrollable="false" selected="false" bounds="[689,1677][799,1787]" displayed="true" />
[debug] &amp#27;[35m[BaseDriver]&amp#27;[39m                           </android.widget.RelativeLayout>
[debug] &amp#27;[35m[BaseDriver]&amp#27;[39m                           <android.widget.RelativeLayout index="18" package="com.tencent.wework" class="android.widget.RelativeLayout" text="" checkable="false" checked="false" clickable="true" enabled="true" focusable="true" focused="false" long-clickable="true" password="false" scrollable="false" selected="false" bounds="[799,1677][1058,1975]" displayed="true">
[debug] &amp#27;[35m[BaseDriver]&amp#27;[39m                             <android.widget.LinearLayout index="0" package="com.tencent.wework" class="android.widget.LinearLayout" text="" checkable="false" checked="false" clickable="false" enabled="true" focusable="false" focused="false" long-clickable="false" password="false" scrollable="false" selected="false" bounds="[873,1677][983,1975]" displayed="true">
[debug] &amp#27;[35m[BaseDriver]&amp#27;[39m                               <android.widget.RelativeLayout index="0" package="com.tencent.wework" class="android.widget.RelativeLayout" text="" resource-id="com.tencent.wework:id/f2r" checkable="false" checked="false" clickable="false" enabled="true" focusable="false" focused="false" long-clickable="false" password="false" scrollable="false" selected="false" bounds="[873,1732][983,1842]" displayed="true">
[debug] &amp#27;[35m[BaseDriver]&amp#27;[39m                                 <android.widget.ImageView index="0" package="com.tencent.wework" class="android.widget.ImageView" text="" resource-id="com.tencent.wework:id/f19" checkable="false" checked="false" clickable="false" enabled="true" focusable="false" focused="false" long-clickable="false" password="false" scrollable="false" selected="false" bounds="[873,1732][983,1842]" displayed="true" />
[debug] &amp#27;[35m[BaseDriver]&amp#27;[39m                               </android.widget.RelativeLayout>
[debug] &amp#27;[35m[BaseDriver]&amp#27;[39m                               <android.widget.TextView index="1" package="com.tencent.wework" class="android.widget.TextView" text="添加" resource-id="com.tencent.wework:id/hlf" checkable="false" checked="false" clickable="false" enabled="true" focusable="false" focused="false" long-clickable="false" password="false" scrollable="false" selected="false" bounds="[889,1870][967,1922]" displayed="true" />
[debug] &amp#27;[35m[BaseDriver]&amp#27;[39m                             </android.widget.LinearLayout>
2023-05-28 09:18:04  &amp#27;[34m&amp#27;[0;39mINFO  &amp#27;[35m[main]&amp#27;[0;39m &amp#27;[33mtop.testeru.page.AppBasePage.upAndDown(AppBasePage.java:156)&amp#27;[0;39m -- 上下滑动
[debug] &amp#27;[35m[BaseDriver]&amp#27;[39m                             <android.widget.ImageView index="1" package="com.tencent.wework" class="android.widget.ImageView" text="" resource-id="com.tencent.wework:id/m9t" checkable="false" checked="false" clickable="false" enabled="true" focusable="false" focused="false" long-clickable="false" password="false" scrollable="false" selected="false" bounds="[948,1677][1058,1787]" displayed="true" />
[debug] &amp#27;[35m[BaseDriver]&amp#27;[39m                           </android.widget.RelativeLayout>
[debug] &amp#27;[35m[BaseDriver]&amp#27;[39m                           <android.widget.LinearLayout index="19" package="com.tencent.wework" class="android.widget.LinearLayout" text="" checkable="false" checked="false" clickable="false" enabled="true" focusable="false" focused="false" long-clickable="false" password="false" scrollable="false" selected="false" bounds="[22,1975][1058,2129]" displayed="true">
[debug] &amp#27;[35m[BaseDriver]&amp#27;[39m                             <android.widget.LinearLayout index="0" package="com.tencent.wework" class="android.widget.LinearLayout" text="" checkable="false" checked="false" clickable="false" enabled="true" focusable="false" focused="false" long-clickable="false" password="false" scrollable="false" selected="false" bounds="[22,1975][1058,2129]" displayed="true">
[debug] &amp#27;[35m[BaseDriver]&amp#27;[39m                               <android.view.View index="0" package="com.tencent.wework" class="android.view.View" text="" resource-id="com.tencent.wework:id/lhg" checkable="false" checked="false" clickable="false" enabled="true" focusable="false" focused="false" long-clickable="false" password="false" scrollable="false" selected="false" bounds="[22,1975][1058,1997]" displayed="true" />
[debug] &amp#27;[35m[BaseDriver]&amp#27;[39m                               <android.view.View index="1" package="com.tencent.wework" class="android.view.View" text="" resource-id="com.tencent.wework:id/an7" checkable="false" checked="false" clickable="false" enabled="true" focusable="false" focused="false" long-clickable="false" password="false" scrollable="false" selected="false" bounds="[22,1997][1058,2019]" displayed="true" />
[debug] &amp#27;[35m[BaseDriver]&amp#27;[39m                               <android.widget.LinearLayout index="2" package="com.tencent.wework" class="android.widget.LinearLayout" text="" checkable="false" checked="false" clickable="false" enabled="true" focusable="false" focused="false" long-clickable="false" password="false" scrollable="false" selected="false" bounds="[22,2019][1058,2129]" displayed="true">
[debug] &amp#27;[35m[BaseDriver]&amp#27;[39m                                 <android.widget.TextView index="0" package="com.tencent.wework" class="android.widget.TextView" text="内部管理" resource-id="com.tencent.wework:id/l8v" checkable="false" checked="false" clickable="false" enabled="true" focusable="false" focused="false" long-clickable="false" password="false" scrollable="false" selected="false" bounds="[22,2019][1058,2129]" displayed="true" />
[debug] &amp#27;[35m[BaseDriver]&amp#27;[39m                               </android.widget.LinearLayout>
[debug] &amp#27;[35m[BaseDriver]&amp#27;[39m                             </android.widget.LinearLayout>
[debug] &amp#27;[35m[BaseDriver]&amp#27;[39m                           </android.widget.LinearLayout>
[debug] &amp#27;[35m[BaseDriver]&amp#27;[39m                           <android.widget.RelativeLayout index="20" package="com.tencent.wework" class="android.widget.RelativeLayout" text="" checkable="false" checked="false" clickable="true" enabled="true" focusable="true" focused="false" long-clickable="true" password="false" scrollable="false" selected="false" bounds="[22,2129][281,2201]" displayed="true">
[debug] &amp#27;[35m[BaseDriver]&amp#27;[39m                             <android.widget.LinearLayout index="0" package="com.tencent.wework" class="android.widget.LinearLayout" text="" checkable="false" checked="false" clickable="false" enabled="true" focusable="false" focused="false" long-clickable="false" password="false" scrollable="false" selected="false" bounds="[96,2129][206,2201]" displayed="true">
[debug] &amp#27;[35m[BaseDriver]&amp#27;[39m                               <android.widget.RelativeLayout index="0" package="com.tencent.wework" class="android.widget.RelativeLayout" text="" resource-id="com.tencent.wework:id/f2r" checkable="false" checked="false" clickable="false" enabled="true" focusable="false" focused="false" long-clickable="false" password="false" scrollable="false" selected="false" bounds="[96,2184][206,2201]" displayed="true">
[debug] &amp#27;[35m[BaseDriver]&amp#27;[39m                                 <android.widget.ImageView index="0" package="com.tencent.wework" class="android.widget.ImageView" text="" resource-id="com.tencent.wework:id/f19" checkable="false" checked="false" clickable="false" enabled="true" focusable="false" focused="false" long-clickable="false" password="false" scrollable="false" selected="false" bounds="[96,2184][206,2201]" displayed="true" />
[debug] &amp#27;[35m[BaseDriver]&amp#27;[39m                               </android.widget.RelativeLayout>
[debug] &amp#27;[35m[BaseDriver]&amp#27;[39m                             </android.widget.LinearLayout>
[debug] &amp#27;[35m[BaseDriver]&amp#27;[39m                             <android.widget.ImageView index="1" package="com.tencent.wework" class="android.widget.ImageView" text="" resource-id="com.tencent.wework:id/m9t" checkable="false" checked="false" clickable="false" enabled="true" focusable="false" focused="false" long-clickable="false" password="false" scrollable="false" selected="false" bounds="[171,2129][281,2201]" displayed="true" />
[debug] &amp#27;[35m[BaseDriver]&amp#27;[39m                           </android.widget.RelativeLayout>
[debug] &amp#27;[35m[BaseDriver]&amp#27;[39m                           <android.widget.RelativeLayout index="21" package="com.tencent.wework" class="android.widget.RelativeLayout" text="" checkable="false" checked="false" clickable="true" enabled="true" focusable="true" focused="false" long-clickable="true" password="false" scrollable="false" selected="false" bounds="[281,2129][540,2201]" displayed="true">
[debug] &amp#27;[35m[BaseDriver]&amp#27;[39m                             <android.widget.LinearLayout index="0" package="com.tencent.wework" class="android.widget.LinearLayout" text="" checkable="false" checked="false" clickable="false" enabled="true" focusable="false" focused="false" long-clickable="false" password="false" scrollable="false" selected="false" bounds="[355,2129][465,2201]" displayed="true">
[debug] &amp#27;[35m[BaseDriver]&amp#27;[39m                               <android.widget.RelativeLayout index="0" package="com.tencent.wework" class="android.widget.RelativeLayout" text="" resource-id="com.tencent.wework:id/f2r" checkable="false" checked="false" clickable="false" enabled="true" focusable="false" focused="false" long-clickable="false" password="false" scrollable="false" selected="false" bounds="[355,2184][465,2201]" displayed="true">
[debug] &amp#27;[35m[BaseDriver]&amp#27;[39m                                 <android.widget.ImageView index="0" package="com.tencent.wework" class="android.widget.ImageView" text="" resource-id="com.tencent.wework:id/f19" checkable="false" checked="false" clickable="false" enabled="true" focusable="false" focused="false" long-clickable="false" password="false" scrollable="false" selected="false" bounds="[355,2184][465,2201]" displayed="true" />
[debug] &amp#27;[35m[BaseDriver]&amp#27;[39m                               </android.widget.RelativeLayout>
[debug] &amp#27;[35m[BaseDriver]&amp#27;[39m                             </android.widget.LinearLayout>
[debug] &amp#27;[35m[BaseDriver]&amp#27;[39m                             <android.widget.ImageView index="1" package="com.tencent.wework" class="android.widget.ImageView" text="" resource-id="com.tencent.wework:id/m9t" checkable="false" checked="false" clickable="false" enabled="true" focusable="false" focused="false" long-clickable="false" password="false" scrollable="false" selected="false" bounds="[430,2129][540,2201]" displayed="true" />
[debug] &amp#27;[35m[BaseDriver]&amp#27;[39m                           </android.widget.RelativeLayout>
[debug] &amp#27;[35m[BaseDriver]&amp#27;[39m                           <android.widget.RelativeLayout index="22" package="com.tencent.wework" class="android.widget.RelativeLayout" text="" checkable="false" checked="false" clickable="true" enabled="true" focusable="true" focused="false" long-clickable="true" password="false" scrollable="false" selected="false" bounds="[540,2129][799,2201]" displayed="true">
[debug] &amp#27;[35m[BaseDriver]&amp#27;[39m                             <android.widget.LinearLayout index="0" package="com.tencent.wework" class="android.widget.LinearLayout" text="" checkable="false" checked="false" clickable="false" enabled="true" focusable="false" focused="false" long-clickable="false" password="false" scrollable="false" selected="false" bounds="[614,2129][724,2201]" displayed="true">
[debug] &amp#27;[35m[BaseDriver]&amp#27;[39m                               <android.widget.RelativeLayout index="0" package="com.tencent.wework" class="android.widget.RelativeLayout" text="" resource-id="com.tencent.wework:id/f2r" checkable="false" checked="false" clickable="false" enabled="true" focusable="false" focused="false" long-clickable="false" password="false" scrollable="false" selected="false" bounds="[614,2184][724,2201]" displayed="true">
[debug] &amp#27;[35m[BaseDriver]&amp#27;[39m                                 <android.widget.ImageView index="0" package="com.tencent.wework" class="android.widget.ImageView" text="" resource-id="com.tencent.wework:id/f19" checkable="false" checked="false" clickable="false" enabled="true" focusable="false" focused="false" long-clickable="false" password="false" scrollable="false" selected="false" bounds="[614,2184][724,2201]" displayed="true" />
[debug] &amp#27;[35m[BaseDriver]&amp#27;[39m                               </android.widget.RelativeLayout>
[debug] &amp#27;[35m[BaseDriver]&amp#27;[39m                             </android.widget.LinearLayout>
[debug] &amp#27;[35m[BaseDriver]&amp#27;[39m                             <android.widget.ImageView index="1" package="com.tencent.wework" class="android.widget.ImageView" text="" resource-id="com.tencent.wework:id/m9t" checkable="false" checked="false" clickable="false" enabled="true" focusable="false" focused="false" long-clickable="false" password="false" scrollable="false" selected="false" bounds="[689,2129][799,2201]" displayed="true" />
[debug] &amp#27;[35m[BaseDriver]&amp#27;[39m                           </android.widget.RelativeLayout>
[debug] &amp#27;[35m[BaseDriver]&amp#27;[39m                           <android.widget.RelativeLayout index="23" package="com.tencent.wework" class="android.widget.RelativeLayout" text="" checkable="false" checked="false" clickable="true" enabled="true" focusable="true" focused="false" long-clickable="true" password="false" scrollable="false" selected="false" bounds="[799,2129][1058,2201]" displayed="true">
[debug] &amp#27;[35m[BaseDriver]&amp#27;[39m                             <android.widget.LinearLayout index="0" package="com.tencent.wework" class="android.widget.LinearLayout" text="" checkable="false" checked="false" clickable="false" enabled="true" focusable="false" focused="false" long-clickable="false" password="false" scrollable="false" selected="false" bounds="[859,2129][998,2201]" displayed="true">
[debug] &amp#27;[35m[BaseDriver]&amp#27;[39m                               <android.widget.RelativeLayout index="0" package="com.tencent.wework" class="android.widget.RelativeLayout" text="" resource-id="com.tencent.wework:id/f2r" checkable="false" checked="false" clickable="false" enabled="true" focusable="false" focused="false" long-clickable="false" password="false" scrollable="false" selected="false" bounds="[873,2184][983,2201]" displayed="true">
[debug] &amp#27;[35m[BaseDriver]&amp#27;[39m                                 <android.widget.ImageView index="0" package="com.tencent.wework" class="android.widget.ImageView" text="" resource-id="com.tencent.wework:id/f19" checkable="false" checked="false" clickable="false" enabled="true" focusable="false" focused="false" long-clickable="false" password="false" scrollable="false" selected="false" bounds="[873,2184][983,2201]" displayed="true" />
[debug] &amp#27;[35m[BaseDriver]&amp#27;[39m                               </android.widget.RelativeLayout>
[debug] &amp#27;[35m[BaseDriver]&amp#27;[39m                             </android.widget.LinearLayout>
[debug] &amp#27;[35m[BaseDriver]&amp#27;[39m                             <android.widget.ImageView index="1" package="com.tencent.wework" class="android.widget.ImageView" text="" resource-id="com.tencent.wework:id/m9t" checkable="false" checked="false" clickable="false" enabled="true" focusable="false" focused="false" long-clickable="false" password="false" scrollable="false" selected="false" bounds="[948,2129][1058,2201]" displayed="true" />
[debug] &amp#27;[35m[BaseDriver]&amp#27;[39m                           </android.widget.RelativeLayout>
[debug] &amp#27;[35m[BaseDriver]&amp#27;[39m                         </androidx.recyclerview.widget.RecyclerView>
[debug] &amp#27;[35m[BaseDriver]&amp#27;[39m                       </android.widget.FrameLayout>
[debug] &amp#27;[35m[BaseDriver]&amp#27;[39m                     </android.view.ViewGroup>
[debug] &amp#27;[35m[BaseDriver]&amp#27;[39m                   </android.widget.RelativeLayout>
[debug] &amp#27;[35m[BaseDriver]&amp#27;[39m                 </android.widget.FrameLayout>
[debug] &amp#27;[35m[BaseDriver]&amp#27;[39m                 <android.widget.LinearLayout index="2" package="com.tencent.wework" class="android.widget.LinearLayout" text="" resource-id="com.tencent.wework:id/gko" checkable="false" checked="false" clickable="false" enabled="true" focusable="false" focused="false" long-clickable="false" password="false" scrollable="false" selected="false" bounds="[0,2201][1080,2276]" displayed="true">
[debug] &amp#27;[35m[BaseDriver]&amp#27;[39m                   <android.view.View index="0" package="com.tencent.wework" class="android.view.View" text="" checkable="false" checked="false" clickable="false" enabled="true" focusable="false" focused="false" long-clickable="false" password="false" scrollable="false" selected="false" bounds="[0,2201][1080,2202]" displayed="true" />
[debug] &amp#27;[35m[BaseDriver]&amp#27;[39m                   <android.view.ViewGroup index="1" package="com.tencent.wework" class="android.view.ViewGroup" text="" resource-id="com.tencent.wework:id/kru" checkable="false" checked="false" clickable="false" enabled="true" focusable="false" focused="false" long-clickable="false" password="false" scrollable="false" selected="false" bounds="[0,2202][1080,2276]" displayed="true">
[debug] &amp#27;[35m[BaseDriver]&amp#27;[39m                     <android.widget.RelativeLayout index="0" package="com.tencent.wework" class="android.widget.RelativeLayout" text="" checkable="false" checked="false" clickable="true" enabled="true" focusable="true" focused="false" long-clickable="false" password="false" scrollable="false" selected="false" bounds="[0,2202][216,2276]" displayed="true">
[debug] &amp#27;[35m[BaseDriver]&amp#27;[39m                       <android.widget.RelativeLayout index="0" package="com.tencent.wework" class="android.widget.RelativeLayout" text="" checkable="false" checked="false" clickable="false" enabled="true" focusable="false" focused="false" long-clickable="false" password="false" scrollable="false" selected="false" bounds="[0,2202][216,2276]" displayed="true">
[debug] &amp#27;[35m[BaseDriver]&amp#27;[39m                         <android.widget.TextView index="0" package="com.tencent.wework" class="android.widget.TextView" text="消息" resource-id="com.tencent.wework:id/gks" checkable="false" checked="false" clickable="false" enabled="true" focusable="false" focused="false" long-clickable="false" password="false" scrollable="false" selected="false" bounds="[0,2225][216,2276]" displayed="true" />
[debug] &amp#27;[35m[BaseDriver]&amp#27;[39m                         <android.widget.TextView index="1" package="com.tencent.wework" class="android.widget.TextView" text="2" resource-id="com.tencent.wework:id/j2r" checkable="false" checked="false" clickable="false" enabled="true" focusable="false" focused="false" long-clickable="false" password="false" scrollable="false" selected="false" bounds="[127,2213][175,2261]" displayed="true" />
[debug] &amp#27;[35m[BaseDriver]&amp#27;[39m                       </android.widget.RelativeLayout>
[debug] &amp#27;[35m[BaseDriver]&amp#27;[39m                     </android.widget.RelativeLayout>
[debug] &amp#27;[35m[BaseDriver]&amp#27;[39m                     <android.widget.RelativeLayout index="1" package="com.tencent.wework" class="android.widget.RelativeLayout" text="" checkable="false" checked="false" clickable="true" enabled="true" focusable="true" focused="false" long-clickable="false" password="false" scrollable="false" selected="false" bounds="[216,2202][432,2276]" displayed="true">
[debug] &amp#27;[35m[BaseDriver]&amp#27;[39m                       <android.widget.RelativeLayout index="0" package="com.tencent.wework" class="android.widget.RelativeLayout" text="" checkable="false" checked="false" clickable="false" enabled="true" focusable="false" focused="false" long-clickable="false" password="false" scrollable="false" selected="false" bounds="[216,2202][432,2276]" displayed="true">
[debug] &amp#27;[35m[BaseDriver]&amp#27;[39m                         <android.widget.TextView index="0" package="com.tencent.wework" class="android.widget.TextView" text="邮件" resource-id="com.tencent.wework:id/gks" checkable="false" checked="false" clickable="false" enabled="true" focusable="false" focused="false" long-clickable="false" password="false" scrollable="false" selected="false" bounds="[216,2225][432,2276]" displayed="true" />
[debug] &amp#27;[35m[BaseDriver]&amp#27;[39m                       </android.widget.RelativeLayout>
[debug] &amp#27;[35m[BaseDriver]&amp#27;[39m                     </android.widget.RelativeLayout>
[debug] &amp#27;[35m[BaseDriver]&amp#27;[39m                     <android.widget.RelativeLayout index="2" package="com.tencent.wework" class="android.widget.RelativeLayout" text="" checkable="false" checked="false" clickable="true" enabled="true" focusable="true" focused="false" long-clickable="false" password="false" scrollable="false" selected="false" bounds="[432,2202][648,2276]" displayed="true">
[debug] &amp#27;[35m[BaseDriver]&amp#27;[39m                       <android.widget.RelativeLayout index="0" package="com.tencent.wework" class="android.widget.RelativeLayout" text="" checkable="false" checked="false" clickable="false" enabled="true" focusable="false" focused="false" long-clickable="false" password="false" scrollable="false" selected="false" bounds="[432,2202][648,2276]" displayed="true">
[debug] &amp#27;[35m[BaseDriver]&amp#27;[39m                         <android.widget.TextView index="0" package="com.tencent.wework" class="android.widget.TextView" text="文档" resource-id="com.tencent.wework:id/gks" checkable="false" checked="false" clickable="false" enabled="true" focusable="false" focused="false" long-clickable="false" password="false" scrollable="false" selected="false" bounds="[432,2225][648,2276]" displayed="true" />
[debug] &amp#27;[35m[BaseDriver]&amp#27;[39m                       </android.widget.RelativeLayout>
[debug] &amp#27;[35m[BaseDriver]&amp#27;[39m                     </android.widget.RelativeLayout>
[debug] &amp#27;[35m[BaseDriver]&amp#27;[39m                     <android.widget.RelativeLayout index="3" package="com.tencent.wework" class="android.widget.RelativeLayout" text="" checkable="false" checked="false" clickable="true" enabled="true" focusable="true" focused="false" long-clickable="false" password="false" scrollable="false" selected="false" bounds="[648,2202][864,2276]" displayed="true">
[debug] &amp#27;[35m[BaseDriver]&amp#27;[39m                       <android.widget.RelativeLayout index="0" package="com.tencent.wework" class="android.widget.RelativeLayout" text="" checkable="false" checked="false" clickable="false" enabled="true" focusable="false" focused="false" long-clickable="false" password="false" scrollable="false" selected="false" bounds="[648,2202][864,2276]" displayed="true">
[debug] &amp#27;[35m[BaseDriver]&amp#27;[39m                         <android.widget.TextView index="0" package="com.tencent.wework" class="android.widget.TextView" text="工作台" resource-id="com.tencent.wework:id/gks" checkable="false" checked="false" clickable="false" enabled="true" focusable="false" focused="false" long-clickable="false" password="false" scrollable="false" selected="true" bounds="[648,2225][864,2276]" displayed="true" />
[debug] &amp#27;[35m[BaseDriver]&amp#27;[39m                       </android.widget.RelativeLayout>
[debug] &amp#27;[35m[BaseDriver]&amp#27;[39m                     </android.widget.RelativeLayout>
[debug] &amp#27;[35m[BaseDriver]&amp#27;[39m                     <android.widget.RelativeLayout index="4" package="com.tencent.wework" class="android.widget.RelativeLayout" text="" checkable="false" checked="false" clickable="true" enabled="true" focusable="true" focused="false" long-clickable="false" password="false" scrollable="false" selected="false" bounds="[864,2202][1080,2276]" displayed="true">
[debug] &amp#27;[35m[BaseDriver]&amp#27;[39m                       <android.widget.RelativeLayout index="0" package="com.tencent.wework" class="android.widget.RelativeLayout" text="" checkable="false" checked="false" clickable="false" enabled="true" focusable="false" focused="false" long-clickable="false" password="false" scrollable="false" selected="false" bounds="[864,2202][1080,2276]" displayed="true">
[debug] &amp#27;[35m[BaseDriver]&amp#27;[39m                         <android.widget.TextView index="0" package="com.tencent.wework" class="android.widget.TextView" text="通讯录" resource-id="com.tencent.wework:id/gks" checkable="false" checked="false" clickable="false" enabled="true" focusable="false" focused="false" long-clickable="false" password="false" scrollable="false" selected="false" bounds="[864,2225][1080,2276]" displayed="true" />
[debug] &amp#27;[35m[BaseDriver]&amp#27;[39m                       </android.widget.RelativeLayout>
[debug] &amp#27;[35m[BaseDriver]&amp#27;[39m                     </android.widget.RelativeLayout>
[debug] &amp#27;[35m[BaseDriver]&amp#27;[39m                   </android.view.ViewGroup>
[debug] &amp#27;[35m[BaseDriver]&amp#27;[39m                 </android.widget.LinearLayout>
[debug] &amp#27;[35m[BaseDriver]&amp#27;[39m               </android.widget.RelativeLayout>
[debug] &amp#27;[35m[BaseDriver]&amp#27;[39m               <android.widget.FrameLayout index="1" package="com.tencent.wework" class="android.widget.FrameLayout" text="" resource-id="com.tencent.wework:id/hjs" checkable="false" checked="false" clickable="false" enabled="true" focusable="false" focused="false" long-clickable="false" password="false" scrollable="false" selected="false" bounds="[0,0][992,2276]" displayed="true" />
[debug] &amp#27;[35m[BaseDriver]&amp#27;[39m             </android.widget.FrameLayout>
[debug] &amp#27;[35m[BaseDriver]&amp#27;[39m           </android.widget.FrameLayout>
[debug] &amp#27;[35m[BaseDriver]&amp#27;[39m         </android.widget.LinearLayout>
[debug] &amp#27;[35m[BaseDriver]&amp#27;[39m       </android.widget.FrameLayout>
[debug] &amp#27;[35m[BaseDriver]&amp#27;[39m     </android.widget.LinearLayout>
[debug] &amp#27;[35m[BaseDriver]&amp#27;[39m   </android.widget.FrameLayout>
[debug] &amp#27;[35m[BaseDriver]&amp#27;[39m </hierarchy>
[debug] &amp#27;[35m[W3C (e26f0de1)]&amp#27;[39m Encountered internal error running command: NoSuchElementError: An element could not be located on the page using the given search parameters.
[debug] &amp#27;[35m[W3C (e26f0de1)]&amp#27;[39m     at AndroidUiautomator2Driver.findElOrEls (/opt/homebrew/lib/node_modules/appium/node_modules/appium-android-driver/lib/commands/find.js:75:11)
[debug] &amp#27;[35m[W3C (e26f0de1)]&amp#27;[39m     at processTicksAndRejections (node:internal/process/task_queues:95:5)
[debug] &amp#27;[35m[W3C (e26f0de1)]&amp#27;[39m     at AndroidUiautomator2Driver.findElOrElsWithProcessing (/opt/homebrew/lib/node_modules/appium/node_modules/appium-base-driver/lib/basedriver/commands/find.js:33:12)
[debug] &amp#27;[35m[W3C (e26f0de1)]&amp#27;[39m     at AndroidUiautomator2Driver.findElement (/opt/homebrew/lib/node_modules/appium/node_modules/appium-base-driver/lib/basedriver/commands/find.js:53:10)
&amp#27;[35m[HTTP]&amp#27;[39m &amp#27;[37m<-- POST /wd/hub/session/e26f0de1-bd1c-40d9-8b93-9fcbb6e07b12/element &amp#27;[39m&amp#27;[33m404&amp#27;[39m &amp#27;[90m20180 ms - 791&amp#27;[39m
&amp#27;[35m[HTTP]&amp#27;[39m &amp#27;[90m&amp#27;[39m
&amp#27;[35m[HTTP]&amp#27;[39m &amp#27;[37m-->&amp#27;[39m &amp#27;[37mGET&amp#27;[39m &amp#27;[37m/wd/hub/session/e26f0de1-bd1c-40d9-8b93-9fcbb6e07b12/window/rect&amp#27;[39m
&amp#27;[35m[HTTP]&amp#27;[39m &amp#27;[90m{}&amp#27;[39m
[debug] &amp#27;[35m[W3C (e26f0de1)]&amp#27;[39m Calling AppiumDriver.getWindowRect() with args: ["e26f0de1-bd1c-40d9-8b93-9fcbb6e07b12"]
[debug] &amp#27;[35m[WD Proxy]&amp#27;[39m Matched '/window/current/size' to command name 'getWindowSize'
[debug] &amp#27;[35m[WD Proxy]&amp#27;[39m Proxying [GET /window/current/size] to [GET http://127.0.0.1:8201/wd/hub/session/4cb2e25a-2bc2-42cc-8dee-3bc92c52b92f/window/current/size] with no body
[debug] &amp#27;[35m[WD Proxy]&amp#27;[39m Got response with status 200: {"sessionId":"4cb2e25a-2bc2-42cc-8dee-3bc92c52b92f","value":{"height":2276,"width":1080}}
[debug] &amp#27;[35m[W3C (e26f0de1)]&amp#27;[39m Responding to client with driver.getWindowRect() result: {"width":1080,"height":2276,"x":0,"y":0}
&amp#27;[35m[HTTP]&amp#27;[39m &amp#27;[37m<-- GET /wd/hub/session/e26f0de1-bd1c-40d9-8b93-9fcbb6e07b12/window/rect &amp#27;[39m&amp#27;[32m200&amp#27;[39m &amp#27;[90m5 ms - 50&amp#27;[39m
&amp#27;[35m[HTTP]&amp#27;[39m &amp#27;[90m&amp#27;[39m
2023-05-28 09:18:04  &amp#27;[34m&amp#27;[0;39mINFO  &amp#27;[35m[main]&amp#27;[0;39m &amp#27;[33mtop.testeru.page.AppBasePage.upAndDown(AppBasePage.java:163)&amp#27;[0;39m -- 从(540, 1593)滑动到(540, 682)
&amp#27;[35m[HTTP]&amp#27;[39m &amp#27;[37m-->&amp#27;[39m &amp#27;[37mPOST&amp#27;[39m &amp#27;[37m/wd/hub/session/e26f0de1-bd1c-40d9-8b93-9fcbb6e07b12/actions&amp#27;[39m
&amp#27;[35m[HTTP]&amp#27;[39m &amp#27;[90m{"actions":[{"id":"finger1","type":"pointer","parameters":{"pointerType":"touch"},"actions":[{"duration":0,"type":"pause"},{"duration":0,"x":540,"y":1593,"type":"pointerMove","origin":"viewport"},{"button":0,"type":"pointerDown"},{"duration":1000,"x":540,"y":682,"type":"pointerMove","origin":"viewport"},{"button":0,"type":"pointerUp"}]}]}&amp#27;[39m
[debug] &amp#27;[35m[W3C (e26f0de1)]&amp#27;[39m Calling AppiumDriver.performActions() with args: [[{"id":"finger1","type":"pointer","parameters":{"pointerType":"touch"},"actions":[{"duration":0,"type":"pause"},{"duration":0,"x":540,"y":1593,"type":"pointerMove","origin":"viewport"},{"button":0,"type":"pointerDown"},{"duration":1000,"x":540,"y":682,"type":"pointerMove","origin":"viewport"},{"button":0,"type":"pointerUp"}]}],"e26f0de1-bd1c-40d9-8b93-9fcbb6e07b12"]
[debug] &amp#27;[35m[UiAutomator2]&amp#27;[39m Received the following W3C actions: [
[debug] &amp#27;[35m[UiAutomator2]&amp#27;[39m   {
[debug] &amp#27;[35m[UiAutomator2]&amp#27;[39m     "id": "finger1",
[debug] &amp#27;[35m[UiAutomator2]&amp#27;[39m     "type": "pointer",
[debug] &amp#27;[35m[UiAutomator2]&amp#27;[39m     "parameters": {
[debug] &amp#27;[35m[UiAutomator2]&amp#27;[39m       "pointerType": "touch"
[debug] &amp#27;[35m[UiAutomator2]&amp#27;[39m     },
[debug] &amp#27;[35m[UiAutomator2]&amp#27;[39m     "actions": [
[debug] &amp#27;[35m[UiAutomator2]&amp#27;[39m       {
[debug] &amp#27;[35m[UiAutomator2]&amp#27;[39m         "duration": 0,
[debug] &amp#27;[35m[UiAutomator2]&amp#27;[39m         "type": "pause"
[debug] &amp#27;[35m[UiAutomator2]&amp#27;[39m       },
[debug] &amp#27;[35m[UiAutomator2]&amp#27;[39m       {
[debug] &amp#27;[35m[UiAutomator2]&amp#27;[39m         "duration": 0,
[debug] &amp#27;[35m[UiAutomator2]&amp#27;[39m         "x": 540,
[debug] &amp#27;[35m[UiAutomator2]&amp#27;[39m         "y": 1593,
[debug] &amp#27;[35m[UiAutomator2]&amp#27;[39m         "type": "pointerMove",
[debug] &amp#27;[35m[UiAutomator2]&amp#27;[39m         "origin": "viewport"
[debug] &amp#27;[35m[UiAutomator2]&amp#27;[39m       },
[debug] &amp#27;[35m[UiAutomator2]&amp#27;[39m       {
[debug] &amp#27;[35m[UiAutomator2]&amp#27;[39m         "button": 0,
[debug] &amp#27;[35m[UiAutomator2]&amp#27;[39m         "type": "pointerDown"
[debug] &amp#27;[35m[UiAutomator2]&amp#27;[39m       },
[debug] &amp#27;[35m[UiAutomator2]&amp#27;[39m       {
[debug] &amp#27;[35m[UiAutomator2]&amp#27;[39m         "duration": 1000,
[debug] &amp#27;[35m[UiAutomator2]&amp#27;[39m         "x": 540,
[debug] &amp#27;[35m[UiAutomator2]&amp#27;[39m         "y": 682,
[debug] &amp#27;[35m[UiAutomator2]&amp#27;[39m         "type": "pointerMove",
[debug] &amp#27;[35m[UiAutomator2]&amp#27;[39m         "origin": "viewport"
[debug] &amp#27;[35m[UiAutomator2]&amp#27;[39m       },
[debug] &amp#27;[35m[UiAutomator2]&amp#27;[39m       {
[debug] &amp#27;[35m[UiAutomator2]&amp#27;[39m         "button": 0,
[debug] &amp#27;[35m[UiAutomator2]&amp#27;[39m         "type": "pointerUp"
[debug] &amp#27;[35m[UiAutomator2]&amp#27;[39m       }
[debug] &amp#27;[35m[UiAutomator2]&amp#27;[39m     ]
[debug] &amp#27;[35m[UiAutomator2]&amp#27;[39m   }
[debug] &amp#27;[35m[UiAutomator2]&amp#27;[39m ]
[debug] &amp#27;[35m[UiAutomator2]&amp#27;[39m Preprocessed actions: [
[debug] &amp#27;[35m[UiAutomator2]&amp#27;[39m   {
[debug] &amp#27;[35m[UiAutomator2]&amp#27;[39m     "id": "finger1",
[debug] &amp#27;[35m[UiAutomator2]&amp#27;[39m     "type": "pointer",
[debug] &amp#27;[35m[UiAutomator2]&amp#27;[39m     "parameters": {
[debug] &amp#27;[35m[UiAutomator2]&amp#27;[39m       "pointerType": "touch"
[debug] &amp#27;[35m[UiAutomator2]&amp#27;[39m     },
[debug] &amp#27;[35m[UiAutomator2]&amp#27;[39m     "actions": [
[debug] &amp#27;[35m[UiAutomator2]&amp#27;[39m       {
[debug] &amp#27;[35m[UiAutomator2]&amp#27;[39m         "duration": 0,
[debug] &amp#27;[35m[UiAutomator2]&amp#27;[39m         "type": "pause"
[debug] &amp#27;[35m[UiAutomator2]&amp#27;[39m       },
[debug] &amp#27;[35m[UiAutomator2]&amp#27;[39m       {
[debug] &amp#27;[35m[UiAutomator2]&amp#27;[39m         "duration": 0,
[debug] &amp#27;[35m[UiAutomator2]&amp#27;[39m         "x": 540,
[debug] &amp#27;[35m[UiAutomator2]&amp#27;[39m         "y": 1593,
[debug] &amp#27;[35m[UiAutomator2]&amp#27;[39m         "type": "pointerMove",
[debug] &amp#27;[35m[UiAutomator2]&amp#27;[39m         "origin": "viewport"
[debug] &amp#27;[35m[UiAutomator2]&amp#27;[39m       },
[debug] &amp#27;[35m[UiAutomator2]&amp#27;[39m       {
[debug] &amp#27;[35m[UiAutomator2]&amp#27;[39m         "button": 0,
[debug] &amp#27;[35m[UiAutomator2]&amp#27;[39m         "type": "pointerDown"
[debug] &amp#27;[35m[UiAutomator2]&amp#27;[39m       },
[debug] &amp#27;[35m[UiAutomator2]&amp#27;[39m       {
[debug] &amp#27;[35m[UiAutomator2]&amp#27;[39m         "duration": 1000,
[debug] &amp#27;[35m[UiAutomator2]&amp#27;[39m         "x": 540,
[debug] &amp#27;[35m[UiAutomator2]&amp#27;[39m         "y": 682,
[debug] &amp#27;[35m[UiAutomator2]&amp#27;[39m         "type": "pointerMove",
[debug] &amp#27;[35m[UiAutomator2]&amp#27;[39m         "origin": "viewport"
[debug] &amp#27;[35m[UiAutomator2]&amp#27;[39m       },
[debug] &amp#27;[35m[UiAutomator2]&amp#27;[39m       {
[debug] &amp#27;[35m[UiAutomator2]&amp#27;[39m         "button": 0,
[debug] &amp#27;[35m[UiAutomator2]&amp#27;[39m         "type": "pointerUp"
[debug] &amp#27;[35m[UiAutomator2]&amp#27;[39m       }
[debug] &amp#27;[35m[UiAutomator2]&amp#27;[39m     ]
[debug] &amp#27;[35m[UiAutomator2]&amp#27;[39m   }
[debug] &amp#27;[35m[UiAutomator2]&amp#27;[39m ]
[debug] &amp#27;[35m[WD Proxy]&amp#27;[39m Matched '/actions' to command name 'performActions'
[debug] &amp#27;[35m[WD Proxy]&amp#27;[39m Proxying [POST /actions] to [POST http://127.0.0.1:8201/wd/hub/session/4cb2e25a-2bc2-42cc-8dee-3bc92c52b92f/actions] with body: {"actions":[{"id":"finger1","type":"pointer","parameters":{"pointerType":"touch"},"actions":[{"duration":0,"type":"pause"},{"duration":0,"x":540,"y":1593,"type":"pointerMove","origin":"viewport"},{"button":0,"type":"pointerDown"},{"duration":1000,"x":540,"y":682,"type":"pointerMove","origin":"viewport"},{"button":0,"type":"pointerUp"}]}]}
[debug] &amp#27;[35m[WD Proxy]&amp#27;[39m Got response with status 200: {"sessionId":"4cb2e25a-2bc2-42cc-8dee-3bc92c52b92f","value":null}
[debug] &amp#27;[35m[W3C (e26f0de1)]&amp#27;[39m Responding to client with driver.performActions() result: null
&amp#27;[35m[HTTP]&amp#27;[39m &amp#27;[37m<-- POST /wd/hub/session/e26f0de1-bd1c-40d9-8b93-9fcbb6e07b12/actions &amp#27;[39m&amp#27;[32m200&amp#27;[39m &amp#27;[90m1029 ms - 14&amp#27;[39m
&amp#27;[35m[HTTP]&amp#27;[39m &amp#27;[90m&amp#27;[39m
&amp#27;[35m[HTTP]&amp#27;[39m &amp#27;[37m-->&amp#27;[39m &amp#27;[37mPOST&amp#27;[39m &amp#27;[37m/wd/hub/session/e26f0de1-bd1c-40d9-8b93-9fcbb6e07b12/element&amp#27;[39m
&amp#27;[35m[HTTP]&amp#27;[39m &amp#27;[90m{"using":"css selector","value":"[text=\"打卡\"]"}&amp#27;[39m
[debug] &amp#27;[35m[W3C (e26f0de1)]&amp#27;[39m Calling AppiumDriver.findElement() with args: ["css selector","[text=\"打卡\"]","e26f0de1-bd1c-40d9-8b93-9fcbb6e07b12"]
[debug] &amp#27;[35m[BaseDriver]&amp#27;[39m Valid locator strategies for this request: xpath, id, class name, accessibility id, css selector, -android uiautomator
[debug] &amp#27;[35m[BaseDriver]&amp#27;[39m Waiting up to 20000 ms for condition
[debug] &amp#27;[35m[WD Proxy]&amp#27;[39m Matched '/element' to command name 'findElement'
[debug] &amp#27;[35m[WD Proxy]&amp#27;[39m Proxying [POST /element] to [POST http://127.0.0.1:8201/wd/hub/session/4cb2e25a-2bc2-42cc-8dee-3bc92c52b92f/element] with body: {"strategy":"-android uiautomator","selector":"new UiSelector().text(\"打卡\")","context":"","multiple":false}
[debug] &amp#27;[35m[WD Proxy]&amp#27;[39m Got response with status 200: {"sessionId":"4cb2e25a-2bc2-42cc-8dee-3bc92c52b92f","value":{"ELEMENT":"00000000-0000-0acb-ffff-ffff000004d5","element-6066-11e4-a52e-4f735466cecf":"00000000-0000-0acb-ffff-ffff000004d5"}}
[debug] &amp#27;[35m[W3C (e26f0de1)]&amp#27;[39m Responding to client with driver.findElement() result: {"element-6066-11e4-a52e-4f735466cecf":"00000000-0000-0acb-ffff-ffff000004d5","ELEMENT":"00000000-0000-0acb-ffff-ffff000004d5"}
&amp#27;[35m[HTTP]&amp#27;[39m &amp#27;[37m<-- POST /wd/hub/session/e26f0de1-bd1c-40d9-8b93-9fcbb6e07b12/element &amp#27;[39m&amp#27;[32m200&amp#27;[39m &amp#27;[90m823 ms - 137&amp#27;[39m
&amp#27;[35m[HTTP]&amp#27;[39m &amp#27;[90m&amp#27;[39m
2023-05-28 09:18:06  &amp#27;[34m&amp#27;[0;39mINFO  &amp#27;[35m[main]&amp#27;[0;39m &amp#27;[33mtop.testeru.page.AppBasePage.find(AppBasePage.java:105)&amp#27;[0;39m -- 元素定位：By.cssSelector: [text="打卡"]
&amp#27;[35m[HTTP]&amp#27;[39m &amp#27;[37m-->&amp#27;[39m &amp#27;[37mGET&amp#27;[39m &amp#27;[37m/wd/hub/session/e26f0de1-bd1c-40d9-8b93-9fcbb6e07b12/screenshot&amp#27;[39m
&amp#27;[35m[HTTP]&amp#27;[39m &amp#27;[90m{}&amp#27;[39m
[debug] &amp#27;[35m[W3C (e26f0de1)]&amp#27;[39m Calling AppiumDriver.getScreenshot() with args: ["e26f0de1-bd1c-40d9-8b93-9fcbb6e07b12"]
[debug] &amp#27;[35m[WD Proxy]&amp#27;[39m Matched '/screenshot' to command name 'getScreenshot'
[debug] &amp#27;[35m[WD Proxy]&amp#27;[39m Proxying [GET /screenshot] to [GET http://127.0.0.1:8201/wd/hub/session/4cb2e25a-2bc2-42cc-8dee-3bc92c52b92f/screenshot] with no body
[debug] &amp#27;[35m[WD Proxy]&amp#27;[39m Got response with status 200: {"sessionId":"4cb2e25a-2bc2-42cc-8dee-3bc92c52b92f","value":"iVBORw0KGgoAAAANSUhEUgAABDgAAAlgCAYAAABtGofVAAAAAXNSR0IArs4c6QAAAARzQklUCAgI\nCHwIZIgAACAASURBVHic7N13eFvl3T7w+2jLkmzLe9vximNnkEkCGSQhYWSwwx5llPYHJbSFwgu0\npW9pSwvtCxTaEqBlpqwwAgRICIQskpBB9rCTeMR727K2dH5/yEuWbMu2bEnO/bkuLqLjI+lRjmOf\nc5/n+X6FWQ9uF0FEREREREREFMIkgR4AEREREREREdFQMeAgIiIiIiIiopDHgIOIiIiIiIiIQh4D\nDiIiIiIiIiIKeQw4iIiIiIiIiCjkMeAgIiIiIiIiopDHgIOIiIiIiIiIQh4DDiIiIiIiIiIKeQw4\niIiIiIiIiCjkMeAgIiIiIiIiopDHgIOIiIiIiIiIQh4DDiIiIiIiIiIKeQw4iIiIiIiIiCjkMeAg\nIiIiIiIiopDHgIOIiIiIiIiIQh4DDiIiIiIiIiIKeQw4iIiIiIiIiCjkMeAgIiIiIiIiopDHgIOI\niIiIiIiIQh4DDiIiIiIiIiIKeQw4iIiIiIiIiCjkMeAgIiIiIiIiopDHgIOIiIiIiIiIQh4DDiIi\nIiIiIiIKeQw4iIiIiIiIiCjkMeAgIiIiIiIiopDHgIOIiIiIiIiIQh4DDiIiIiIiIiIKeQw4iIiI\niIiIiCjkMeAgIiIiIiIiopAnC/QAgsmCidEYE6/ufHywuBW7CptH7P2fuCkXEgE4UNyK7443oaTG\nNGLvTSNHEICCNB3Gp2kRH6lEfKQC1U1WVDZacLCkFUfLDL0+V62Q4qIpMThUYkBRZdsIjpqIiIhC\nTXykEikxKsilAsrqzCivNwd6SORnPMZE7hhwdDMjNxLn50V2PnY4MWIBx9hkDSZm6CAAmJCuw9Xn\nJ+CO5w6i2WgfkfenkfHAFWMw...
[debug] &amp#27;[35m[W3C (e26f0de1)]&amp#27;[39m Responding to client with driver.getScreenshot() result: "iVBORw0KGgoAAAANSUhEUgAABDgAAAlgCAYAAABtGofVAAAAAXNSR0IArs4c6QAAAARzQklUCAgI\nCHwIZIgAACAASURBVHic7N13eFvl3T7w+2jLkmzLe9vximNnkEkCGSQhYWSwwx5llPYHJbSFwgu0\npW9pSwvtCxTaEqBlpqwwAgRICIQskpBB9rCTeMR727K2dH5/yEuWbMu2bEnO/bkuLqLjI+lRjmOf\nc5/n+X6FWQ9uF0FEREREREREFMIkgR4AEREREREREdFQMeAgIiIiIiIiopDHgIOIiIiIiIiIQh4D\nDiIiIiIiIiIKeQw4iIiIiIiIiCjkMeAgIiIiIiIiopDHgIOIiIiIiIiIQh4DDiIiIiIiIiIKeQw4\niIiIiIiIiCjkMeAgIiIiIiIiopDHgIOIiIiIiIiIQh4DDiIiIiIiIiIKeQw4iIiIiIiIiCjkMeAg\nIiIiIiIiopDHgIOIiIiIiIiIQh4DDiIiIiIiIiIKeQw4iIiIiIiIiCjkMeAgIiIiIiIiopDHgIOI\niIiIiIiIQh4DDiIiIiIiIiIKeQw4iIiIiIiIiCjkMeAgIiIiIiIiopDHgIOIiIiIiIiIQh4DDiIi\nIiIiIiIKeQw4iIiIiIiIiCjkMeAgIiIiIiIiopDHgIOIiIiIiIiIQh4DDiIiIiIiIiIKeQw4iIiI\niIiIiCjkMeAgIiIiIiIiopAnC/QAgsmCidEYE6/ufHywuBW7CptH7P2fuCkXEgE4UNyK7443oaTG\nNGLvTSNHEICCNB3Gp2kRH6lEfKQC1U1WVDZacLCkFUfLDL0+V62Q4qIpMThUYkBRZdsIjpqIiIhC\nTXykEikxKsilAsrqzCivNwd6SORnPMZE7hhwdDMjNxLn50V2PnY4MWIBx9hkDSZm6CAAmJCuw9Xn\nJ+CO5w6i2WgfkfenkfHAFWMwK08PhVRw2z4hvevPVoeI74414ukPT7vto5RLsPqBcyBrn3f12/8W\nYu/Jlu...
&amp#27;[35m[HTTP]&amp#27;[39m &amp#27;[37m<-- GET /wd/hub/session/e26f0de1-bd1c-40d9-8b93-9fcbb6e07b12/screenshot &amp#27;[39m&amp#27;[32m200&amp#27;[39m &amp#27;[90m247 ms - 226624&amp#27;[39m
&amp#27;[35m[HTTP]&amp#27;[39m &amp#27;[90m&amp#27;[39m
&amp#27;[35m[HTTP]&amp#27;[39m &amp#27;[37m-->&amp#27;[39m &amp#27;[37mGET&amp#27;[39m &amp#27;[37m/wd/hub/session/e26f0de1-bd1c-40d9-8b93-9fcbb6e07b12/element/00000000-0000-0acb-ffff-ffff000004d5/rect&amp#27;[39m
&amp#27;[35m[HTTP]&amp#27;[39m &amp#27;[90m{}&amp#27;[39m
&amp#27;[35m[W3C (e26f0de1)]&amp#27;[39m Driver proxy active, passing request on via HTTP proxy
[debug] &amp#27;[35m[WD Proxy]&amp#27;[39m Matched '/wd/hub/session/e26f0de1-bd1c-40d9-8b93-9fcbb6e07b12/element/00000000-0000-0acb-ffff-ffff000004d5/rect' to command name 'getElementRect'
[debug] &amp#27;[35m[WD Proxy]&amp#27;[39m Proxying [GET /wd/hub/session/e26f0de1-bd1c-40d9-8b93-9fcbb6e07b12/element/00000000-0000-0acb-ffff-ffff000004d5/rect] to [GET http://127.0.0.1:8201/wd/hub/session/4cb2e25a-2bc2-42cc-8dee-3bc92c52b92f/element/00000000-0000-0acb-ffff-ffff000004d5/rect] with no body
[debug] &amp#27;[35m[WD Proxy]&amp#27;[39m Got response with status 200: {"sessionId":"4cb2e25a-2bc2-42cc-8dee-3bc92c52b92f","value":{"height":52,"width":78,"x":112,"y":1338}}
&amp#27;[35m[WD Proxy]&amp#27;[39m Replacing sessionId 4cb2e25a-2bc2-42cc-8dee-3bc92c52b92f with e26f0de1-bd1c-40d9-8b93-9fcbb6e07b12
&amp#27;[35m[HTTP]&amp#27;[39m &amp#27;[37m<-- GET /wd/hub/session/e26f0de1-bd1c-40d9-8b93-9fcbb6e07b12/element/00000000-0000-0acb-ffff-ffff000004d5/rect &amp#27;[39m&amp#27;[32m200&amp#27;[39m &amp#27;[90m11 ms - 102&amp#27;[39m
&amp#27;[35m[HTTP]&amp#27;[39m &amp#27;[90m&amp#27;[39m
&amp#27;[35m[HTTP]&amp#27;[39m &amp#27;[37m-->&amp#27;[39m &amp#27;[37mGET&amp#27;[39m &amp#27;[37m/wd/hub/session/e26f0de1-bd1c-40d9-8b93-9fcbb6e07b12/element/00000000-0000-0acb-ffff-ffff000004d5/rect&amp#27;[39m
&amp#27;[35m[HTTP]&amp#27;[39m &amp#27;[90m{}&amp#27;[39m
&amp#27;[35m[W3C (e26f0de1)]&amp#27;[39m Driver proxy active, passing request on via HTTP proxy
[debug] &amp#27;[35m[WD Proxy]&amp#27;[39m Matched '/wd/hub/session/e26f0de1-bd1c-40d9-8b93-9fcbb6e07b12/element/00000000-0000-0acb-ffff-ffff000004d5/rect' to command name 'getElementRect'
[debug] &amp#27;[35m[WD Proxy]&amp#27;[39m Proxying [GET /wd/hub/session/e26f0de1-bd1c-40d9-8b93-9fcbb6e07b12/element/00000000-0000-0acb-ffff-ffff000004d5/rect] to [GET http://127.0.0.1:8201/wd/hub/session/4cb2e25a-2bc2-42cc-8dee-3bc92c52b92f/element/00000000-0000-0acb-ffff-ffff000004d5/rect] with no body
[debug] &amp#27;[35m[WD Proxy]&amp#27;[39m Got response with status 200: {"sessionId":"4cb2e25a-2bc2-42cc-8dee-3bc92c52b92f","value":{"height":52,"width":78,"x":112,"y":1338}}
&amp#27;[35m[WD Proxy]&amp#27;[39m Replacing sessionId 4cb2e25a-2bc2-42cc-8dee-3bc92c52b92f with e26f0de1-bd1c-40d9-8b93-9fcbb6e07b12
&amp#27;[35m[HTTP]&amp#27;[39m &amp#27;[37m<-- GET /wd/hub/session/e26f0de1-bd1c-40d9-8b93-9fcbb6e07b12/element/00000000-0000-0acb-ffff-ffff000004d5/rect &amp#27;[39m&amp#27;[32m200&amp#27;[39m &amp#27;[90m5 ms - 102&amp#27;[39m
&amp#27;[35m[HTTP]&amp#27;[39m &amp#27;[90m&amp#27;[39m
2023-05-28 09:18:06  &amp#27;[34m&amp#27;[0;39mINFO  &amp#27;[35m[main]&amp#27;[0;39m &amp#27;[33mtop.testeru.page.AppBasePage.ElementScreenBase(AppBasePage.java:211)&amp#27;[0;39m -- location=$(112, 1338) size=$(78, 52) x=$112 y=$1338 width=$78 height=$52
&amp#27;[35m[HTTP]&amp#27;[39m &amp#27;[37m-->&amp#27;[39m &amp#27;[37mPOST&amp#27;[39m &amp#27;[37m/wd/hub/session/e26f0de1-bd1c-40d9-8b93-9fcbb6e07b12/element&amp#27;[39m
&amp#27;[35m[HTTP]&amp#27;[39m &amp#27;[90m{"using":"xpath","value":"//*[@text=\"打卡\"]"}&amp#27;[39m
[debug] &amp#27;[35m[W3C (e26f0de1)]&amp#27;[39m Calling AppiumDriver.findElement() with args: ["xpath","//*[@text=\"打卡\"]","e26f0de1-bd1c-40d9-8b93-9fcbb6e07b12"]
[debug] &amp#27;[35m[BaseDriver]&amp#27;[39m Valid locator strategies for this request: xpath, id, class name, accessibility id, css selector, -android uiautomator
[debug] &amp#27;[35m[BaseDriver]&amp#27;[39m Waiting up to 20000 ms for condition
[debug] &amp#27;[35m[WD Proxy]&amp#27;[39m Matched '/element' to command name 'findElement'
[debug] &amp#27;[35m[WD Proxy]&amp#27;[39m Proxying [POST /element] to [POST http://127.0.0.1:8201/wd/hub/session/4cb2e25a-2bc2-42cc-8dee-3bc92c52b92f/element] with body: {"strategy":"xpath","selector":"//*[@text=\"打卡\"]","context":"","multiple":false}
[debug] &amp#27;[35m[WD Proxy]&amp#27;[39m Got response with status 200: {"sessionId":"4cb2e25a-2bc2-42cc-8dee-3bc92c52b92f","value":{"ELEMENT":"00000000-0000-0acb-ffff-ffff000004d5","element-6066-11e4-a52e-4f735466cecf":"00000000-0000-0acb-ffff-ffff000004d5"}}
[debug] &amp#27;[35m[W3C (e26f0de1)]&amp#27;[39m Responding to client with driver.findElement() result: {"element-6066-11e4-a52e-4f735466cecf":"00000000-0000-0acb-ffff-ffff000004d5","ELEMENT":"00000000-0000-0acb-ffff-ffff000004d5"}
&amp#27;[35m[HTTP]&amp#27;[39m &amp#27;[37m<-- POST /wd/hub/session/e26f0de1-bd1c-40d9-8b93-9fcbb6e07b12/element &amp#27;[39m&amp#27;[32m200&amp#27;[39m &amp#27;[90m97 ms - 137&amp#27;[39m
&amp#27;[35m[HTTP]&amp#27;[39m &amp#27;[90m&amp#27;[39m
2023-05-28 09:18:06  &amp#27;[34m&amp#27;[0;39mINFO  &amp#27;[35m[main]&amp#27;[0;39m &amp#27;[33mtop.testeru.page.AppBasePage.find(AppBasePage.java:105)&amp#27;[0;39m -- 元素定位：By.xpath: //*[@text="打卡"]
&amp#27;[35m[HTTP]&amp#27;[39m &amp#27;[37m-->&amp#27;[39m &amp#27;[37mGET&amp#27;[39m &amp#27;[37m/wd/hub/session/e26f0de1-bd1c-40d9-8b93-9fcbb6e07b12/screenshot&amp#27;[39m
&amp#27;[35m[HTTP]&amp#27;[39m &amp#27;[90m{}&amp#27;[39m
[debug] &amp#27;[35m[W3C (e26f0de1)]&amp#27;[39m Calling AppiumDriver.getScreenshot() with args: ["e26f0de1-bd1c-40d9-8b93-9fcbb6e07b12"]
[debug] &amp#27;[35m[WD Proxy]&amp#27;[39m Matched '/screenshot' to command name 'getScreenshot'
[debug] &amp#27;[35m[WD Proxy]&amp#27;[39m Proxying [GET /screenshot] to [GET http://127.0.0.1:8201/wd/hub/session/4cb2e25a-2bc2-42cc-8dee-3bc92c52b92f/screenshot] with no body
[debug] &amp#27;[35m[WD Proxy]&amp#27;[39m Got response with status 200: {"sessionId":"4cb2e25a-2bc2-42cc-8dee-3bc92c52b92f","value":"iVBORw0KGgoAAAANSUhEUgAABDgAAAlgCAYAAABtGofVAAAAAXNSR0IArs4c6QAAAARzQklUCAgI\nCHwIZIgAACAASURBVHic7N13eFvl3T7w+2hP2/Ledrzi2BlkkkAGSUgYGeywRxmlfaGEtlD4UdrS\nt7SlhfaFFtoSoGWmrLAJkBAIWSQhg+xhJ3HseG9b1pbO7w95yZJt2ZYtybk/18VFdHwkPcpx7HPu\n8zzfrzDrwW0iiIiIiIiIiIjCmCTYAyAiIiIiIiIiGioGHEREREREREQU9hhwEBEREREREVHYY8BB\nRERERERERGGPAQcRERERERERhT0GHEREREREREQU9hhwEBEREREREVHYY8BBRERERERERGGPAQcR\nERERERERhT0GHEREREREREQU9hhwEBEREREREVHYY8BBRERERERERGGPAQcRERERERERhT0GHERE\nREREREQU9hhwEBEREREREVHYY8BBRERERERERGGPAQcRERERERERhT0GHEREREREREQU9hhwEBER\nEREREVHYY8BBRERERERERGGPAQcRERERERERhT0GHEREREREREQU9hhwEBEREREREVHYY8BBRERE\nRERERGGPAQcRERERERERhT0GHEREREREREQU9hhwEBEREREREVHYY8BBRERERERERGGPAQcRERER\nERERhT0GHEREREREREQU9mTBHkAoWTAxBmMS1J2PD5S0YmdR84i9/+M35UEiAPtLWvHtsSacrjGP\n2HvTyBEEoDBdj/HpOiREKZEQpUB1kw2VjVYcON2KI2XGXp+rVkhx0ZRYHDxtRHFl2wiOmoiIiMJN\nQpQSqbEqyKUCyuosKK+3BHtIFGA8xkSeGHB0MyMvCufnR3U+drowYgHH2BQtJmbqIQCYkKHH1ecn\n4o6/HUCzyTEi708j44ErxmBW...
[debug] &amp#27;[35m[W3C (e26f0de1)]&amp#27;[39m Responding to client with driver.getScreenshot() result: "iVBORw0KGgoAAAANSUhEUgAABDgAAAlgCAYAAABtGofVAAAAAXNSR0IArs4c6QAAAARzQklUCAgI\nCHwIZIgAACAASURBVHic7N13eFvl3T7w+2hP2/Ledrzi2BlkkkAGSUgYGeywRxmlfaGEtlD4UdrS\nt7SlhfaFFtoSoGWmrLAJkBAIWSQhg+xhJ3HseG9b1pbO7w95yZJt2ZYtybk/18VFdHwkPcpx7HPu\n8zzfrzDrwW0iiIiIiIiIiIjCmCTYAyAiIiIiIiIiGioGHEREREREREQU9hhwEBEREREREVHYY8BB\nRERERERERGGPAQcRERERERERhT0GHEREREREREQU9hhwEBEREREREVHYY8BBRERERERERGGPAQcR\nERERERERhT0GHEREREREREQU9hhwEBEREREREVHYY8BBRERERERERGGPAQcRERERERERhT0GHERE\nREREREQU9hhwEBEREREREVHYY8BBRERERERERGGPAQcRERERERERhT0GHEREREREREQU9hhwEBER\nEREREVHYY8BBRERERERERGGPAQcRERERERERhT0GHEREREREREQU9hhwEBEREREREVHYY8BBRERE\nRERERGGPAQcRERERERERhT0GHEREREREREQU9hhwEBEREREREVHYY8BBRERERERERGGPAQcRERER\nERERhT0GHEREREREREQU9mTBHkAoWTAxBmMS1J2PD5S0YmdR84i9/+M35UEiAPtLWvHtsSacrjGP\n2HvTyBEEoDBdj/HpOiREKZEQpUB1kw2VjVYcON2KI2XGXp+rVkhx0ZRYHDxtRHFl2wiOmoiIiMJN\nQpQSqbEqyKUCyuosKK+3BHtIFGA8xkSeGHB0MyMvCufnR3U+drowYgHH2BQtJmbqIQCYkKHH1ecn\n4o6/HUCzyTEi708j44ErxmBWvgEKqeCxfUJG159tThHfHm3EU++f8thHKZdg9QPnQNY+7+o3/y3C\nnhMtwz...
&amp#27;[35m[HTTP]&amp#27;[39m &amp#27;[37m<-- GET /wd/hub/session/e26f0de1-bd1c-40d9-8b93-9fcbb6e07b12/screenshot &amp#27;[39m&amp#27;[32m200&amp#27;[39m &amp#27;[90m249 ms - 226578&amp#27;[39m
&amp#27;[35m[HTTP]&amp#27;[39m &amp#27;[90m&amp#27;[39m
&amp#27;[35m[HTTP]&amp#27;[39m &amp#27;[37m-->&amp#27;[39m &amp#27;[37mGET&amp#27;[39m &amp#27;[37m/wd/hub/session/e26f0de1-bd1c-40d9-8b93-9fcbb6e07b12/element/00000000-0000-0acb-ffff-ffff000004d5/rect&amp#27;[39m
&amp#27;[35m[HTTP]&amp#27;[39m &amp#27;[90m{}&amp#27;[39m
&amp#27;[35m[W3C (e26f0de1)]&amp#27;[39m Driver proxy active, passing request on via HTTP proxy
[debug] &amp#27;[35m[WD Proxy]&amp#27;[39m Matched '/wd/hub/session/e26f0de1-bd1c-40d9-8b93-9fcbb6e07b12/element/00000000-0000-0acb-ffff-ffff000004d5/rect' to command name 'getElementRect'
[debug] &amp#27;[35m[WD Proxy]&amp#27;[39m Proxying [GET /wd/hub/session/e26f0de1-bd1c-40d9-8b93-9fcbb6e07b12/element/00000000-0000-0acb-ffff-ffff000004d5/rect] to [GET http://127.0.0.1:8201/wd/hub/session/4cb2e25a-2bc2-42cc-8dee-3bc92c52b92f/element/00000000-0000-0acb-ffff-ffff000004d5/rect] with no body
[debug] &amp#27;[35m[WD Proxy]&amp#27;[39m Got response with status 200: {"sessionId":"4cb2e25a-2bc2-42cc-8dee-3bc92c52b92f","value":{"height":52,"width":78,"x":112,"y":1338}}
&amp#27;[35m[WD Proxy]&amp#27;[39m Replacing sessionId 4cb2e25a-2bc2-42cc-8dee-3bc92c52b92f with e26f0de1-bd1c-40d9-8b93-9fcbb6e07b12
&amp#27;[35m[HTTP]&amp#27;[39m &amp#27;[37m<-- GET /wd/hub/session/e26f0de1-bd1c-40d9-8b93-9fcbb6e07b12/element/00000000-0000-0acb-ffff-ffff000004d5/rect &amp#27;[39m&amp#27;[32m200&amp#27;[39m &amp#27;[90m9 ms - 102&amp#27;[39m
&amp#27;[35m[HTTP]&amp#27;[39m &amp#27;[90m&amp#27;[39m
&amp#27;[35m[HTTP]&amp#27;[39m &amp#27;[37m-->&amp#27;[39m &amp#27;[37mGET&amp#27;[39m &amp#27;[37m/wd/hub/session/e26f0de1-bd1c-40d9-8b93-9fcbb6e07b12/element/00000000-0000-0acb-ffff-ffff000004d5/rect&amp#27;[39m
&amp#27;[35m[HTTP]&amp#27;[39m &amp#27;[90m{}&amp#27;[39m
&amp#27;[35m[W3C (e26f0de1)]&amp#27;[39m Driver proxy active, passing request on via HTTP proxy
[debug] &amp#27;[35m[WD Proxy]&amp#27;[39m Matched '/wd/hub/session/e26f0de1-bd1c-40d9-8b93-9fcbb6e07b12/element/00000000-0000-0acb-ffff-ffff000004d5/rect' to command name 'getElementRect'
[debug] &amp#27;[35m[WD Proxy]&amp#27;[39m Proxying [GET /wd/hub/session/e26f0de1-bd1c-40d9-8b93-9fcbb6e07b12/element/00000000-0000-0acb-ffff-ffff000004d5/rect] to [GET http://127.0.0.1:8201/wd/hub/session/4cb2e25a-2bc2-42cc-8dee-3bc92c52b92f/element/00000000-0000-0acb-ffff-ffff000004d5/rect] with no body
[debug] &amp#27;[35m[WD Proxy]&amp#27;[39m Got response with status 200: {"sessionId":"4cb2e25a-2bc2-42cc-8dee-3bc92c52b92f","value":{"height":52,"width":78,"x":112,"y":1338}}
&amp#27;[35m[WD Proxy]&amp#27;[39m Replacing sessionId 4cb2e25a-2bc2-42cc-8dee-3bc92c52b92f with e26f0de1-bd1c-40d9-8b93-9fcbb6e07b12
&amp#27;[35m[HTTP]&amp#27;[39m &amp#27;[37m<-- GET /wd/hub/session/e26f0de1-bd1c-40d9-8b93-9fcbb6e07b12/element/00000000-0000-0acb-ffff-ffff000004d5/rect &amp#27;[39m&amp#27;[32m200&amp#27;[39m &amp#27;[90m5 ms - 102&amp#27;[39m
&amp#27;[35m[HTTP]&amp#27;[39m &amp#27;[90m&amp#27;[39m
2023-05-28 09:18:07  &amp#27;[34m&amp#27;[0;39mINFO  &amp#27;[35m[main]&amp#27;[0;39m &amp#27;[33mtop.testeru.page.AppBasePage.ElementScreenBase(AppBasePage.java:211)&amp#27;[0;39m -- location=$(112, 1338) size=$(78, 52) x=$112 y=$1338 width=$78 height=$52
&amp#27;[35m[HTTP]&amp#27;[39m &amp#27;[37m-->&amp#27;[39m &amp#27;[37mPOST&amp#27;[39m &amp#27;[37m/wd/hub/session/e26f0de1-bd1c-40d9-8b93-9fcbb6e07b12/element/00000000-0000-0acb-ffff-ffff000004d5/click&amp#27;[39m
&amp#27;[35m[HTTP]&amp#27;[39m &amp#27;[90m{"id":"00000000-0000-0acb-ffff-ffff000004d5"}&amp#27;[39m
[debug] &amp#27;[35m[W3C (e26f0de1)]&amp#27;[39m Calling AppiumDriver.click() with args: ["00000000-0000-0acb-ffff-ffff000004d5","e26f0de1-bd1c-40d9-8b93-9fcbb6e07b12"]
[debug] &amp#27;[35m[WD Proxy]&amp#27;[39m Matched '/element/00000000-0000-0acb-ffff-ffff000004d5/click' to command name 'click'
[debug] &amp#27;[35m[WD Proxy]&amp#27;[39m Proxying [POST /element/00000000-0000-0acb-ffff-ffff000004d5/click] to [POST http://127.0.0.1:8201/wd/hub/session/4cb2e25a-2bc2-42cc-8dee-3bc92c52b92f/element/00000000-0000-0acb-ffff-ffff000004d5/click] with body: {"element":"00000000-0000-0acb-ffff-ffff000004d5"}
[debug] &amp#27;[35m[WD Proxy]&amp#27;[39m Got response with status 200: {"sessionId":"4cb2e25a-2bc2-42cc-8dee-3bc92c52b92f","value":null}
[debug] &amp#27;[35m[W3C (e26f0de1)]&amp#27;[39m Responding to client with driver.click() result: null
&amp#27;[35m[HTTP]&amp#27;[39m &amp#27;[37m<-- POST /wd/hub/session/e26f0de1-bd1c-40d9-8b93-9fcbb6e07b12/element/00000000-0000-0acb-ffff-ffff000004d5/click &amp#27;[39m&amp#27;[32m200&amp#27;[39m &amp#27;[90m44 ms - 14&amp#27;[39m
&amp#27;[35m[HTTP]&amp#27;[39m &amp#27;[90m&amp#27;[39m
&amp#27;[35m[HTTP]&amp#27;[39m &amp#27;[37m-->&amp#27;[39m &amp#27;[37mGET&amp#27;[39m &amp#27;[37m/wd/hub/session/e26f0de1-bd1c-40d9-8b93-9fcbb6e07b12/source&amp#27;[39m
&amp#27;[35m[HTTP]&amp#27;[39m &amp#27;[90m{}&amp#27;[39m
&amp#27;[35m[W3C (e26f0de1)]&amp#27;[39m Driver proxy active, passing request on via HTTP proxy
[debug] &amp#27;[35m[WD Proxy]&amp#27;[39m Matched '/wd/hub/session/e26f0de1-bd1c-40d9-8b93-9fcbb6e07b12/source' to command name 'getPageSource'
[debug] &amp#27;[35m[WD Proxy]&amp#27;[39m Proxying [GET /wd/hub/session/e26f0de1-bd1c-40d9-8b93-9fcbb6e07b12/source] to [GET http://127.0.0.1:8201/wd/hub/session/4cb2e25a-2bc2-42cc-8dee-3bc92c52b92f/source] with no body
[debug] &amp#27;[35m[WD Proxy]&amp#27;[39m Got response with status 200: {"sessionId":"4cb2e25a-2bc2-42cc-8dee-3bc92c52b92f","value":"<?xml version='1.0' encoding='UTF-8' standalone='yes' ?>\r\n<hierarchy index=\"0\" class=\"hierarchy\" rotation=\"0\" width=\"1080\" height=\"2276\">\r\n  <android.widget.FrameLayout index=\"0\" package=\"com.tencent.wework\" class=\"android.widget.FrameLayout\" text=\"\" checkable=\"false\" checked=\"false\" clickable=\"false\" enabled=\"true\" focusable=\"false\" focused=\"false\" long-clickable=\"false\" password=\"false\" scrollable=\"false\" selected=\"false\" bounds=\"[0,0][1080,2276]\" displayed=\"true\">\r\n    <android.widget.LinearLayout index=\"0\" package=\"com.tencent.wework\" class=\"android.widget.LinearLayout\" text=\"\" checkable=\"false\" checked=\"false\" clickable=\"false\" enabled=\"true\" focusable=\"false\" focused=\"false\" long-clickable=\"false\" password=\"false\" scrollable=\"false\" selected=\"false\" bounds=\"[0,0][1080,2276]\" displayed=\"true\">\r\n      <android.widget.FrameLayout index=\"0\" package=\"com.tencent...
&amp#27;[35m[WD Proxy]&amp#27;[39m Replacing sessionId 4cb2e25a-2bc2-42cc-8dee-3bc92c52b92f with e26f0de1-bd1c-40d9-8b93-9fcbb6e07b12
&amp#27;[35m[HTTP]&amp#27;[39m &amp#27;[37m<-- GET /wd/hub/session/e26f0de1-bd1c-40d9-8b93-9fcbb6e07b12/source &amp#27;[39m&amp#27;[32m200&amp#27;[39m &amp#27;[90m237 ms - 14024&amp#27;[39m
&amp#27;[35m[HTTP]&amp#27;[39m &amp#27;[90m&amp#27;[39m
&amp#27;[35m[HTTP]&amp#27;[39m &amp#27;[37m-->&amp#27;[39m &amp#27;[37mGET&amp#27;[39m &amp#27;[37m/wd/hub/session/e26f0de1-bd1c-40d9-8b93-9fcbb6e07b12/source&amp#27;[39m
&amp#27;[35m[HTTP]&amp#27;[39m &amp#27;[90m{}&amp#27;[39m
&amp#27;[35m[W3C (e26f0de1)]&amp#27;[39m Driver proxy active, passing request on via HTTP proxy
[debug] &amp#27;[35m[WD Proxy]&amp#27;[39m Matched '/wd/hub/session/e26f0de1-bd1c-40d9-8b93-9fcbb6e07b12/source' to command name 'getPageSource'
[debug] &amp#27;[35m[WD Proxy]&amp#27;[39m Proxying [GET /wd/hub/session/e26f0de1-bd1c-40d9-8b93-9fcbb6e07b12/source] to [GET http://127.0.0.1:8201/wd/hub/session/4cb2e25a-2bc2-42cc-8dee-3bc92c52b92f/source] with no body
[debug] &amp#27;[35m[WD Proxy]&amp#27;[39m Got response with status 200: {"sessionId":"4cb2e25a-2bc2-42cc-8dee-3bc92c52b92f","value":"<?xml version='1.0' encoding='UTF-8' standalone='yes' ?>\r\n<hierarchy index=\"0\" class=\"hierarchy\" rotation=\"0\" width=\"1080\" height=\"2276\">\r\n  <android.widget.FrameLayout index=\"0\" package=\"com.tencent.wework\" class=\"android.widget.FrameLayout\" text=\"\" checkable=\"false\" checked=\"false\" clickable=\"false\" enabled=\"true\" focusable=\"false\" focused=\"false\" long-clickable=\"false\" password=\"false\" scrollable=\"false\" selected=\"false\" bounds=\"[0,0][1080,2276]\" displayed=\"true\">\r\n    <android.widget.LinearLayout index=\"0\" package=\"com.tencent.wework\" class=\"android.widget.LinearLayout\" text=\"\" checkable=\"false\" checked=\"false\" clickable=\"false\" enabled=\"true\" focusable=\"false\" focused=\"false\" long-clickable=\"false\" password=\"false\" scrollable=\"false\" selected=\"false\" bounds=\"[0,0][1080,2276]\" displayed=\"true\">\r\n      <android.widget.FrameLayout index=\"0\" package=\"com.tencent...
&amp#27;[35m[WD Proxy]&amp#27;[39m Replacing sessionId 4cb2e25a-2bc2-42cc-8dee-3bc92c52b92f with e26f0de1-bd1c-40d9-8b93-9fcbb6e07b12
&amp#27;[35m[HTTP]&amp#27;[39m &amp#27;[37m<-- GET /wd/hub/session/e26f0de1-bd1c-40d9-8b93-9fcbb6e07b12/source &amp#27;[39m&amp#27;[32m200&amp#27;[39m &amp#27;[90m663 ms - 36538&amp#27;[39m
&amp#27;[35m[HTTP]&amp#27;[39m &amp#27;[90m&amp#27;[39m
&amp#27;[35m[HTTP]&amp#27;[39m &amp#27;[37m-->&amp#27;[39m &amp#27;[37mGET&amp#27;[39m &amp#27;[37m/wd/hub/session/e26f0de1-bd1c-40d9-8b93-9fcbb6e07b12/source&amp#27;[39m
&amp#27;[35m[HTTP]&amp#27;[39m &amp#27;[90m{}&amp#27;[39m
&amp#27;[35m[W3C (e26f0de1)]&amp#27;[39m Driver proxy active, passing request on via HTTP proxy
[debug] &amp#27;[35m[WD Proxy]&amp#27;[39m Matched '/wd/hub/session/e26f0de1-bd1c-40d9-8b93-9fcbb6e07b12/source' to command name 'getPageSource'
[debug] &amp#27;[35m[WD Proxy]&amp#27;[39m Proxying [GET /wd/hub/session/e26f0de1-bd1c-40d9-8b93-9fcbb6e07b12/source] to [GET http://127.0.0.1:8201/wd/hub/session/4cb2e25a-2bc2-42cc-8dee-3bc92c52b92f/source] with no body
[debug] &amp#27;[35m[WD Proxy]&amp#27;[39m Got response with status 200: {"sessionId":"4cb2e25a-2bc2-42cc-8dee-3bc92c52b92f","value":"<?xml version='1.0' encoding='UTF-8' standalone='yes' ?>\r\n<hierarchy index=\"0\" class=\"hierarchy\" rotation=\"0\" width=\"1080\" height=\"2276\">\r\n  <android.widget.FrameLayout index=\"0\" package=\"com.tencent.wework\" class=\"android.widget.FrameLayout\" text=\"\" checkable=\"false\" checked=\"false\" clickable=\"false\" enabled=\"true\" focusable=\"false\" focused=\"false\" long-clickable=\"false\" password=\"false\" scrollable=\"false\" selected=\"false\" bounds=\"[0,0][1080,2276]\" displayed=\"true\">\r\n    <android.widget.LinearLayout index=\"0\" package=\"com.tencent.wework\" class=\"android.widget.LinearLayout\" text=\"\" checkable=\"false\" checked=\"false\" clickable=\"false\" enabled=\"true\" focusable=\"false\" focused=\"false\" long-clickable=\"false\" password=\"false\" scrollable=\"false\" selected=\"false\" bounds=\"[0,0][1080,2276]\" displayed=\"true\">\r\n      <android.widget.FrameLayout index=\"0\" package=\"com.tencent...
&amp#27;[35m[WD Proxy]&amp#27;[39m Replacing sessionId 4cb2e25a-2bc2-42cc-8dee-3bc92c52b92f with e26f0de1-bd1c-40d9-8b93-9fcbb6e07b12
&amp#27;[35m[HTTP]&amp#27;[39m &amp#27;[37m<-- GET /wd/hub/session/e26f0de1-bd1c-40d9-8b93-9fcbb6e07b12/source &amp#27;[39m&amp#27;[32m200&amp#27;[39m &amp#27;[90m49 ms - 36538&amp#27;[39m
&amp#27;[35m[HTTP]&amp#27;[39m &amp#27;[90m&amp#27;[39m
&amp#27;[35m[HTTP]&amp#27;[39m &amp#27;[37m-->&amp#27;[39m &amp#27;[37mGET&amp#27;[39m &amp#27;[37m/wd/hub/session/e26f0de1-bd1c-40d9-8b93-9fcbb6e07b12/source&amp#27;[39m
&amp#27;[35m[HTTP]&amp#27;[39m &amp#27;[90m{}&amp#27;[39m
&amp#27;[35m[W3C (e26f0de1)]&amp#27;[39m Driver proxy active, passing request on via HTTP proxy
[debug] &amp#27;[35m[WD Proxy]&amp#27;[39m Matched '/wd/hub/session/e26f0de1-bd1c-40d9-8b93-9fcbb6e07b12/source' to command name 'getPageSource'
[debug] &amp#27;[35m[WD Proxy]&amp#27;[39m Proxying [GET /wd/hub/session/e26f0de1-bd1c-40d9-8b93-9fcbb6e07b12/source] to [GET http://127.0.0.1:8201/wd/hub/session/4cb2e25a-2bc2-42cc-8dee-3bc92c52b92f/source] with no body
[debug] &amp#27;[35m[WD Proxy]&amp#27;[39m Got response with status 200: {"sessionId":"4cb2e25a-2bc2-42cc-8dee-3bc92c52b92f","value":"<?xml version='1.0' encoding='UTF-8' standalone='yes' ?>\r\n<hierarchy index=\"0\" class=\"hierarchy\" rotation=\"0\" width=\"1080\" height=\"2276\">\r\n  <android.widget.FrameLayout index=\"0\" package=\"com.tencent.wework\" class=\"android.widget.FrameLayout\" text=\"\" checkable=\"false\" checked=\"false\" clickable=\"false\" enabled=\"true\" focusable=\"false\" focused=\"false\" long-clickable=\"false\" password=\"false\" scrollable=\"false\" selected=\"false\" bounds=\"[0,0][1080,2276]\" displayed=\"true\">\r\n    <android.widget.LinearLayout index=\"0\" package=\"com.tencent.wework\" class=\"android.widget.LinearLayout\" text=\"\" checkable=\"false\" checked=\"false\" clickable=\"false\" enabled=\"true\" focusable=\"false\" focused=\"false\" long-clickable=\"false\" password=\"false\" scrollable=\"false\" selected=\"false\" bounds=\"[0,0][1080,2276]\" displayed=\"true\">\r\n      <android.widget.FrameLayout index=\"0\" package=\"com.tencent...
&amp#27;[35m[WD Proxy]&amp#27;[39m Replacing sessionId 4cb2e25a-2bc2-42cc-8dee-3bc92c52b92f with e26f0de1-bd1c-40d9-8b93-9fcbb6e07b12
&amp#27;[35m[HTTP]&amp#27;[39m &amp#27;[37m<-- GET /wd/hub/session/e26f0de1-bd1c-40d9-8b93-9fcbb6e07b12/source &amp#27;[39m&amp#27;[32m200&amp#27;[39m &amp#27;[90m50 ms - 36538&amp#27;[39m
&amp#27;[35m[HTTP]&amp#27;[39m &amp#27;[90m&amp#27;[39m
&amp#27;[35m[HTTP]&amp#27;[39m &amp#27;[37m-->&amp#27;[39m &amp#27;[37mGET&amp#27;[39m &amp#27;[37m/wd/hub/session/e26f0de1-bd1c-40d9-8b93-9fcbb6e07b12/source&amp#27;[39m
&amp#27;[35m[HTTP]&amp#27;[39m &amp#27;[90m{}&amp#27;[39m
&amp#27;[35m[W3C (e26f0de1)]&amp#27;[39m Driver proxy active, passing request on via HTTP proxy
[debug] &amp#27;[35m[WD Proxy]&amp#27;[39m Matched '/wd/hub/session/e26f0de1-bd1c-40d9-8b93-9fcbb6e07b12/source' to command name 'getPageSource'
[debug] &amp#27;[35m[WD Proxy]&amp#27;[39m Proxying [GET /wd/hub/session/e26f0de1-bd1c-40d9-8b93-9fcbb6e07b12/source] to [GET http://127.0.0.1:8201/wd/hub/session/4cb2e25a-2bc2-42cc-8dee-3bc92c52b92f/source] with no body
[debug] &amp#27;[35m[WD Proxy]&amp#27;[39m Got response with status 200: {"sessionId":"4cb2e25a-2bc2-42cc-8dee-3bc92c52b92f","value":"<?xml version='1.0' encoding='UTF-8' standalone='yes' ?>\r\n<hierarchy index=\"0\" class=\"hierarchy\" rotation=\"0\" width=\"1080\" height=\"2276\">\r\n  <android.widget.FrameLayout index=\"0\" package=\"com.tencent.wework\" class=\"android.widget.FrameLayout\" text=\"\" checkable=\"false\" checked=\"false\" clickable=\"false\" enabled=\"true\" focusable=\"false\" focused=\"false\" long-clickable=\"false\" password=\"false\" scrollable=\"false\" selected=\"false\" bounds=\"[0,0][1080,2276]\" displayed=\"true\">\r\n    <android.widget.LinearLayout index=\"0\" package=\"com.tencent.wework\" class=\"android.widget.LinearLayout\" text=\"\" checkable=\"false\" checked=\"false\" clickable=\"false\" enabled=\"true\" focusable=\"false\" focused=\"false\" long-clickable=\"false\" password=\"false\" scrollable=\"false\" selected=\"false\" bounds=\"[0,0][1080,2276]\" displayed=\"true\">\r\n      <android.widget.FrameLayout index=\"0\" package=\"com.tencent...
&amp#27;[35m[WD Proxy]&amp#27;[39m Replacing sessionId 4cb2e25a-2bc2-42cc-8dee-3bc92c52b92f with e26f0de1-bd1c-40d9-8b93-9fcbb6e07b12
&amp#27;[35m[HTTP]&amp#27;[39m &amp#27;[37m<-- GET /wd/hub/session/e26f0de1-bd1c-40d9-8b93-9fcbb6e07b12/source &amp#27;[39m&amp#27;[32m200&amp#27;[39m &amp#27;[90m45 ms - 36538&amp#27;[39m
&amp#27;[35m[HTTP]&amp#27;[39m &amp#27;[90m&amp#27;[39m
&amp#27;[35m[HTTP]&amp#27;[39m &amp#27;[37m-->&amp#27;[39m &amp#27;[37mGET&amp#27;[39m &amp#27;[37m/wd/hub/session/e26f0de1-bd1c-40d9-8b93-9fcbb6e07b12/source&amp#27;[39m
&amp#27;[35m[HTTP]&amp#27;[39m &amp#27;[90m{}&amp#27;[39m
&amp#27;[35m[W3C (e26f0de1)]&amp#27;[39m Driver proxy active, passing request on via HTTP proxy
[debug] &amp#27;[35m[WD Proxy]&amp#27;[39m Matched '/wd/hub/session/e26f0de1-bd1c-40d9-8b93-9fcbb6e07b12/source' to command name 'getPageSource'
[debug] &amp#27;[35m[WD Proxy]&amp#27;[39m Proxying [GET /wd/hub/session/e26f0de1-bd1c-40d9-8b93-9fcbb6e07b12/source] to [GET http://127.0.0.1:8201/wd/hub/session/4cb2e25a-2bc2-42cc-8dee-3bc92c52b92f/source] with no body
[debug] &amp#27;[35m[WD Proxy]&amp#27;[39m Got response with status 200: {"sessionId":"4cb2e25a-2bc2-42cc-8dee-3bc92c52b92f","value":"<?xml version='1.0' encoding='UTF-8' standalone='yes' ?>\r\n<hierarchy index=\"0\" class=\"hierarchy\" rotation=\"0\" width=\"1080\" height=\"2276\">\r\n  <android.widget.FrameLayout index=\"0\" package=\"com.tencent.wework\" class=\"android.widget.FrameLayout\" text=\"\" checkable=\"false\" checked=\"false\" clickable=\"false\" enabled=\"true\" focusable=\"false\" focused=\"false\" long-clickable=\"false\" password=\"false\" scrollable=\"false\" selected=\"false\" bounds=\"[0,0][1080,2276]\" displayed=\"true\">\r\n    <android.widget.LinearLayout index=\"0\" package=\"com.tencent.wework\" class=\"android.widget.LinearLayout\" text=\"\" checkable=\"false\" checked=\"false\" clickable=\"false\" enabled=\"true\" focusable=\"false\" focused=\"false\" long-clickable=\"false\" password=\"false\" scrollable=\"false\" selected=\"false\" bounds=\"[0,0][1080,2276]\" displayed=\"true\">\r\n      <android.widget.FrameLayout index=\"0\" package=\"com.tencent...
&amp#27;[35m[WD Proxy]&amp#27;[39m Replacing sessionId 4cb2e25a-2bc2-42cc-8dee-3bc92c52b92f with e26f0de1-bd1c-40d9-8b93-9fcbb6e07b12
&amp#27;[35m[HTTP]&amp#27;[39m &amp#27;[37m<-- GET /wd/hub/session/e26f0de1-bd1c-40d9-8b93-9fcbb6e07b12/source &amp#27;[39m&amp#27;[32m200&amp#27;[39m &amp#27;[90m51 ms - 36564&amp#27;[39m
&amp#27;[35m[HTTP]&amp#27;[39m &amp#27;[90m&amp#27;[39m
&amp#27;[35m[HTTP]&amp#27;[39m &amp#27;[37m-->&amp#27;[39m &amp#27;[37mPOST&amp#27;[39m &amp#27;[37m/wd/hub/session/e26f0de1-bd1c-40d9-8b93-9fcbb6e07b12/elements&amp#27;[39m
&amp#27;[35m[HTTP]&amp#27;[39m &amp#27;[90m{"using":"xpath","value":"//*[contains(@text,\"班打卡\")]"}&amp#27;[39m
[debug] &amp#27;[35m[W3C (e26f0de1)]&amp#27;[39m Calling AppiumDriver.findElements() with args: ["xpath","//*[contains(@text,\"班打卡\")]","e26f0de1-bd1c-40d9-8b93-9fcbb6e07b12"]
[debug] &amp#27;[35m[BaseDriver]&amp#27;[39m Valid locator strategies for this request: xpath, id, class name, accessibility id, css selector, -android uiautomator
[debug] &amp#27;[35m[BaseDriver]&amp#27;[39m Waiting up to 20000 ms for condition
[debug] &amp#27;[35m[WD Proxy]&amp#27;[39m Matched '/elements' to command name 'findElements'
[debug] &amp#27;[35m[WD Proxy]&amp#27;[39m Proxying [POST /elements] to [POST http://127.0.0.1:8201/wd/hub/session/4cb2e25a-2bc2-42cc-8dee-3bc92c52b92f/elements] with body: {"strategy":"xpath","selector":"//*[contains(@text,\"班打卡\")]","context":"","multiple":true}
[debug] &amp#27;[35m[WD Proxy]&amp#27;[39m Got response with status 200: {"sessionId":"4cb2e25a-2bc2-42cc-8dee-3bc92c52b92f","value":[{"ELEMENT":"00000000-0000-0acc-ffff-ffff000005d8","element-6066-11e4-a52e-4f735466cecf":"00000000-0000-0acc-ffff-ffff000005d8"},{"ELEMENT":"00000000-0000-0acc-ffff-ffff00000645","element-6066-11e4-a52e-4f735466cecf":"00000000-0000-0acc-ffff-ffff00000645"}]}
[debug] &amp#27;[35m[W3C (e26f0de1)]&amp#27;[39m Responding to client with driver.findElements() result: [{"element-6066-11e4-a52e-4f735466cecf":"00000000-0000-0acc-ffff-ffff000005d8","ELEMENT":"00000000-0000-0acc-ffff-ffff000005d8"},{"element-6066-11e4-a52e-4f735466cecf":"00000000-0000-0acc-ffff-ffff00000645","ELEMENT":"00000000-0000-0acc-ffff-ffff00000645"}]
&amp#27;[35m[HTTP]&amp#27;[39m &amp#27;[37m<-- POST /wd/hub/session/e26f0de1-bd1c-40d9-8b93-9fcbb6e07b12/elements &amp#27;[39m&amp#27;[32m200&amp#27;[39m &amp#27;[90m40 ms - 267&amp#27;[39m
&amp#27;[35m[HTTP]&amp#27;[39m &amp#27;[90m&amp#27;[39m
&amp#27;[35m[HTTP]&amp#27;[39m &amp#27;[37m-->&amp#27;[39m &amp#27;[37mPOST&amp#27;[39m &amp#27;[37m/wd/hub/session/e26f0de1-bd1c-40d9-8b93-9fcbb6e07b12/element/00000000-0000-0acc-ffff-ffff00000645/click&amp#27;[39m
&amp#27;[35m[HTTP]&amp#27;[39m &amp#27;[90m{"id":"00000000-0000-0acc-ffff-ffff00000645"}&amp#27;[39m
[debug] &amp#27;[35m[W3C (e26f0de1)]&amp#27;[39m Calling AppiumDriver.click() with args: ["00000000-0000-0acc-ffff-ffff00000645","e26f0de1-bd1c-40d9-8b93-9fcbb6e07b12"]
[debug] &amp#27;[35m[WD Proxy]&amp#27;[39m Matched '/element/00000000-0000-0acc-ffff-ffff00000645/click' to command name 'click'
[debug] &amp#27;[35m[WD Proxy]&amp#27;[39m Proxying [POST /element/00000000-0000-0acc-ffff-ffff00000645/click] to [POST http://127.0.0.1:8201/wd/hub/session/4cb2e25a-2bc2-42cc-8dee-3bc92c52b92f/element/00000000-0000-0acc-ffff-ffff00000645/click] with body: {"element":"00000000-0000-0acc-ffff-ffff00000645"}
[debug] &amp#27;[35m[WD Proxy]&amp#27;[39m Got response with status 200: {"sessionId":"4cb2e25a-2bc2-42cc-8dee-3bc92c52b92f","value":null}
[debug] &amp#27;[35m[W3C (e26f0de1)]&amp#27;[39m Responding to client with driver.click() result: null
&amp#27;[35m[HTTP]&amp#27;[39m &amp#27;[37m<-- POST /wd/hub/session/e26f0de1-bd1c-40d9-8b93-9fcbb6e07b12/element/00000000-0000-0acc-ffff-ffff00000645/click &amp#27;[39m&amp#27;[32m200&amp#27;[39m &amp#27;[90m33 ms - 14&amp#27;[39m
&amp#27;[35m[HTTP]&amp#27;[39m &amp#27;[90m&amp#27;[39m
&amp#27;[35m[HTTP]&amp#27;[39m &amp#27;[37m-->&amp#27;[39m &amp#27;[37mPOST&amp#27;[39m &amp#27;[37m/wd/hub/session/e26f0de1-bd1c-40d9-8b93-9fcbb6e07b12/element&amp#27;[39m
&amp#27;[35m[HTTP]&amp#27;[39m &amp#27;[90m{"using":"xpath","value":"//android.view.View/following-sibling::*//*[@class=\"android.widget.TextView\"]"}&amp#27;[39m
[debug] &amp#27;[35m[W3C (e26f0de1)]&amp#27;[39m Calling AppiumDriver.findElement() with args: ["xpath","//android.view.View/following-sibling::*//*[@class=\"android.widget.TextView\"]","e26f0de1-bd1c-40d9-8b93-9fcbb6e07b12"]
[debug] &amp#27;[35m[BaseDriver]&amp#27;[39m Valid locator strategies for this request: xpath, id, class name, accessibility id, css selector, -android uiautomator
[debug] &amp#27;[35m[BaseDriver]&amp#27;[39m Waiting up to 20000 ms for condition
[debug] &amp#27;[35m[WD Proxy]&amp#27;[39m Matched '/element' to command name 'findElement'
[debug] &amp#27;[35m[WD Proxy]&amp#27;[39m Proxying [POST /element] to [POST http://127.0.0.1:8201/wd/hub/session/4cb2e25a-2bc2-42cc-8dee-3bc92c52b92f/element] with body: {"strategy":"xpath","selector":"//android.view.View/following-sibling::*//*[@class=\"android.widget.TextView\"]","context":"","multiple":false}
[debug] &amp#27;[35m[WD Proxy]&amp#27;[39m Got response with status 200: {"sessionId":"4cb2e25a-2bc2-42cc-8dee-3bc92c52b92f","value":{"ELEMENT":"00000000-0000-0acc-ffff-ffff00000655","element-6066-11e4-a52e-4f735466cecf":"00000000-0000-0acc-ffff-ffff00000655"}}
[debug] &amp#27;[35m[W3C (e26f0de1)]&amp#27;[39m Responding to client with driver.findElement() result: {"element-6066-11e4-a52e-4f735466cecf":"00000000-0000-0acc-ffff-ffff00000655","ELEMENT":"00000000-0000-0acc-ffff-ffff00000655"}
&amp#27;[35m[HTTP]&amp#27;[39m &amp#27;[37m<-- POST /wd/hub/session/e26f0de1-bd1c-40d9-8b93-9fcbb6e07b12/element &amp#27;[39m&amp#27;[32m200&amp#27;[39m &amp#27;[90m752 ms - 137&amp#27;[39m
&amp#27;[35m[HTTP]&amp#27;[39m &amp#27;[90m&amp#27;[39m
2023-05-28 09:18:16  &amp#27;[34m&amp#27;[0;39mINFO  &amp#27;[35m[main]&amp#27;[0;39m &amp#27;[33mtop.testeru.page.AppBasePage.find(AppBasePage.java:105)&amp#27;[0;39m -- 元素定位：By.xpath: //android.view.View/following-sibling::*//*[@class="android.widget.TextView"]
&amp#27;[35m[HTTP]&amp#27;[39m &amp#27;[37m-->&amp#27;[39m &amp#27;[37mGET&amp#27;[39m &amp#27;[37m/wd/hub/session/e26f0de1-bd1c-40d9-8b93-9fcbb6e07b12/screenshot&amp#27;[39m
&amp#27;[35m[HTTP]&amp#27;[39m &amp#27;[90m{}&amp#27;[39m
[debug] &amp#27;[35m[W3C (e26f0de1)]&amp#27;[39m Calling AppiumDriver.getScreenshot() with args: ["e26f0de1-bd1c-40d9-8b93-9fcbb6e07b12"]
[debug] &amp#27;[35m[WD Proxy]&amp#27;[39m Matched '/screenshot' to command name 'getScreenshot'
[debug] &amp#27;[35m[WD Proxy]&amp#27;[39m Proxying [GET /screenshot] to [GET http://127.0.0.1:8201/wd/hub/session/4cb2e25a-2bc2-42cc-8dee-3bc92c52b92f/screenshot] with no body
[debug] &amp#27;[35m[WD Proxy]&amp#27;[39m Got response with status 200: {"sessionId":"4cb2e25a-2bc2-42cc-8dee-3bc92c52b92f","value":"iVBORw0KGgoAAAANSUhEUgAABDgAAAlgCAYAAABtGofVAAAAAXNSR0IArs4c6QAAAARzQklUCAgI\nCHwIZIgAACAASURBVHic7N13eFvl3T7w+2gPD3nIO15xHBNnLxIggSQQIIQwUigbWlb5lRdoC4WX\nLtpCJ2W1lBcKtKyUFQgzEAgEskP2dBLHM957yNo6vz/kJUu2ZVm2dOz7c125rkg+On6U41jn3Od5\nvl9h4QPbRBARERERERERSZgs1AMgIiIiIiIiIhouBhxEREREREREJHkMOIiIiIiIiIhI8hhwEBER\nEREREZHkMeAgIiIiIiIiIsljwEFEREREREREkseAg4iIiIiIiIgkjwEHEREREREREUkeAw4iIiIi\nIiIikjwGHEREREREREQkeQw4iIiIiIiIiEjyGHAQERERERERkeQx4CAiIiIiIiIiyWPAQURERERE\nRESSx4CDiIiIiIiIiCSPAQcRERERERERSR4DDiIiIiIiIiKSPAYcRERERERERCR5DDiIiIiIiIiI\nSPIYcBARERERERGR5DHgICIiIiIiIiLJY8BBRERERERERJLHgIOIiIiIiIiIJI8BBxERERERERFJ\nHgMOIiIiIiIiIpI8BhxEREREREREJHkMOIiIiIiIiIhI8hhwEBEREREREZHkMeAgIiIiIiIiIslj\nwEFEREREREREkqcI9QDCydLpcchK1HY/PlTShl0nW0bt+z96Qy5kAnCwpA3bjzejtNY8at+bRo8g\nAPnpkZiaHoFEgxqJBhVqmm2oarLiUGkbjpW39/tarUqOC2fH43BpOwqrTKM4aiIiIpKaRIMaafEa\nKOUCyustqGiwhHpIFGQ8xkSeGHD0Mj/XgLPzDN2PnS6MWsAxOVWP6ZmREABMy4jE985Owq3PHEJL\nh2NUvj+NjvuvyMLCvBio5ILH...
[debug] &amp#27;[35m[W3C (e26f0de1)]&amp#27;[39m Responding to client with driver.getScreenshot() result: "iVBORw0KGgoAAAANSUhEUgAABDgAAAlgCAYAAABtGofVAAAAAXNSR0IArs4c6QAAAARzQklUCAgI\nCHwIZIgAACAASURBVHic7N13eFvl3T7w+2gPD3nIO15xHBNnLxIggSQQIIQwUigbWlb5lRdoC4WX\nLtpCJ2W1lBcKtKyUFQgzEAgEskP2dBLHM957yNo6vz/kJUu2ZVm2dOz7c125rkg+On6U41jn3Od5\nvl9h4QPbRBARERERERERSZgs1AMgIiIiIiIiIhouBhxEREREREREJHkMOIiIiIiIiIhI8hhwEBER\nEREREZHkMeAgIiIiIiIiIsljwEFEREREREREkseAg4iIiIiIiIgkjwEHEREREREREUkeAw4iIiIi\nIiIikjwGHEREREREREQkeQw4iIiIiIiIiEjyGHAQERERERERkeQx4CAiIiIiIiIiyWPAQURERERE\nRESSx4CDiIiIiIiIiCSPAQcRERERERERSR4DDiIiIiIiIiKSPAYcRERERERERCR5DDiIiIiIiIiI\nSPIYcBARERERERGR5DHgICIiIiIiIiLJY8BBRERERERERJLHgIOIiIiIiIiIJI8BBxERERERERFJ\nHgMOIiIiIiIiIpI8BhxEREREREREJHkMOIiIiIiIiIhI8hhwEBEREREREZHkMeAgIiIiIiIiIslj\nwEFEREREREREkqcI9QDCydLpcchK1HY/PlTShl0nW0bt+z96Qy5kAnCwpA3bjzejtNY8at+bRo8g\nAPnpkZiaHoFEgxqJBhVqmm2oarLiUGkbjpW39/tarUqOC2fH43BpOwqrTKM4aiIiIpKaRIMaafEa\nKOUCyustqGiwhHpIFGQ8xkSeGHD0Mj/XgLPzDN2PnS6MWsAxOVWP6ZmREABMy4jE985Owq3PHEJL\nh2NUvj+NjvuvyMLCvBio5ILH89Myev5uc4rYXtCEx98v9thGrZRhzf0zoeicd/Wb/57E3lOtIz1k\nIiIiSb...
&amp#27;[35m[HTTP]&amp#27;[39m &amp#27;[37m<-- GET /wd/hub/session/e26f0de1-bd1c-40d9-8b93-9fcbb6e07b12/screenshot &amp#27;[39m&amp#27;[32m200&amp#27;[39m &amp#27;[90m229 ms - 128804&amp#27;[39m
&amp#27;[35m[HTTP]&amp#27;[39m &amp#27;[90m&amp#27;[39m
&amp#27;[35m[HTTP]&amp#27;[39m &amp#27;[37m-->&amp#27;[39m &amp#27;[37mGET&amp#27;[39m &amp#27;[37m/wd/hub/session/e26f0de1-bd1c-40d9-8b93-9fcbb6e07b12/element/00000000-0000-0acc-ffff-ffff00000655/rect&amp#27;[39m
&amp#27;[35m[HTTP]&amp#27;[39m &amp#27;[90m{}&amp#27;[39m
&amp#27;[35m[W3C (e26f0de1)]&amp#27;[39m Driver proxy active, passing request on via HTTP proxy
[debug] &amp#27;[35m[WD Proxy]&amp#27;[39m Matched '/wd/hub/session/e26f0de1-bd1c-40d9-8b93-9fcbb6e07b12/element/00000000-0000-0acc-ffff-ffff00000655/rect' to command name 'getElementRect'
[debug] &amp#27;[35m[WD Proxy]&amp#27;[39m Proxying [GET /wd/hub/session/e26f0de1-bd1c-40d9-8b93-9fcbb6e07b12/element/00000000-0000-0acc-ffff-ffff00000655/rect] to [GET http://127.0.0.1:8201/wd/hub/session/4cb2e25a-2bc2-42cc-8dee-3bc92c52b92f/element/00000000-0000-0acc-ffff-ffff00000655/rect] with no body
[debug] &amp#27;[35m[WD Proxy]&amp#27;[39m Got response with status 200: {"sessionId":"4cb2e25a-2bc2-42cc-8dee-3bc92c52b92f","value":{"height":82,"width":275,"x":402,"y":813}}
&amp#27;[35m[WD Proxy]&amp#27;[39m Replacing sessionId 4cb2e25a-2bc2-42cc-8dee-3bc92c52b92f with e26f0de1-bd1c-40d9-8b93-9fcbb6e07b12
&amp#27;[35m[HTTP]&amp#27;[39m &amp#27;[37m<-- GET /wd/hub/session/e26f0de1-bd1c-40d9-8b93-9fcbb6e07b12/element/00000000-0000-0acc-ffff-ffff00000655/rect &amp#27;[39m&amp#27;[32m200&amp#27;[39m &amp#27;[90m10 ms - 102&amp#27;[39m
&amp#27;[35m[HTTP]&amp#27;[39m &amp#27;[90m&amp#27;[39m
&amp#27;[35m[HTTP]&amp#27;[39m &amp#27;[37m-->&amp#27;[39m &amp#27;[37mGET&amp#27;[39m &amp#27;[37m/wd/hub/session/e26f0de1-bd1c-40d9-8b93-9fcbb6e07b12/element/00000000-0000-0acc-ffff-ffff00000655/rect&amp#27;[39m
&amp#27;[35m[HTTP]&amp#27;[39m &amp#27;[90m{}&amp#27;[39m
&amp#27;[35m[W3C (e26f0de1)]&amp#27;[39m Driver proxy active, passing request on via HTTP proxy
[debug] &amp#27;[35m[WD Proxy]&amp#27;[39m Matched '/wd/hub/session/e26f0de1-bd1c-40d9-8b93-9fcbb6e07b12/element/00000000-0000-0acc-ffff-ffff00000655/rect' to command name 'getElementRect'
[debug] &amp#27;[35m[WD Proxy]&amp#27;[39m Proxying [GET /wd/hub/session/e26f0de1-bd1c-40d9-8b93-9fcbb6e07b12/element/00000000-0000-0acc-ffff-ffff00000655/rect] to [GET http://127.0.0.1:8201/wd/hub/session/4cb2e25a-2bc2-42cc-8dee-3bc92c52b92f/element/00000000-0000-0acc-ffff-ffff00000655/rect] with no body
[debug] &amp#27;[35m[WD Proxy]&amp#27;[39m Got response with status 200: {"sessionId":"4cb2e25a-2bc2-42cc-8dee-3bc92c52b92f","value":{"height":82,"width":275,"x":402,"y":813}}
&amp#27;[35m[WD Proxy]&amp#27;[39m Replacing sessionId 4cb2e25a-2bc2-42cc-8dee-3bc92c52b92f with e26f0de1-bd1c-40d9-8b93-9fcbb6e07b12
&amp#27;[35m[HTTP]&amp#27;[39m &amp#27;[37m<-- GET /wd/hub/session/e26f0de1-bd1c-40d9-8b93-9fcbb6e07b12/element/00000000-0000-0acc-ffff-ffff00000655/rect &amp#27;[39m&amp#27;[32m200&amp#27;[39m &amp#27;[90m5 ms - 102&amp#27;[39m
&amp#27;[35m[HTTP]&amp#27;[39m &amp#27;[90m&amp#27;[39m
2023-05-28 09:18:16  &amp#27;[34m&amp#27;[0;39mINFO  &amp#27;[35m[main]&amp#27;[0;39m &amp#27;[33mtop.testeru.page.AppBasePage.ElementScreenBase(AppBasePage.java:211)&amp#27;[0;39m -- location=$(402, 813) size=$(275, 82) x=$402 y=$813 width=$275 height=$82
&amp#27;[35m[HTTP]&amp#27;[39m &amp#27;[37m-->&amp#27;[39m &amp#27;[37mGET&amp#27;[39m &amp#27;[37m/wd/hub/session/e26f0de1-bd1c-40d9-8b93-9fcbb6e07b12/element/00000000-0000-0acc-ffff-ffff00000655/text&amp#27;[39m
&amp#27;[35m[HTTP]&amp#27;[39m &amp#27;[90m{}&amp#27;[39m
&amp#27;[35m[W3C (e26f0de1)]&amp#27;[39m Driver proxy active, passing request on via HTTP proxy
[debug] &amp#27;[35m[WD Proxy]&amp#27;[39m Matched '/wd/hub/session/e26f0de1-bd1c-40d9-8b93-9fcbb6e07b12/element/00000000-0000-0acc-ffff-ffff00000655/text' to command name 'getText'
[debug] &amp#27;[35m[WD Proxy]&amp#27;[39m Proxying [GET /wd/hub/session/e26f0de1-bd1c-40d9-8b93-9fcbb6e07b12/element/00000000-0000-0acc-ffff-ffff00000655/text] to [GET http://127.0.0.1:8201/wd/hub/session/4cb2e25a-2bc2-42cc-8dee-3bc92c52b92f/element/00000000-0000-0acc-ffff-ffff00000655/text] with no body
[debug] &amp#27;[35m[WD Proxy]&amp#27;[39m Got response with status 200: {"sessionId":"4cb2e25a-2bc2-42cc-8dee-3bc92c52b92f","value":"下班·正常"}
&amp#27;[35m[WD Proxy]&amp#27;[39m Replacing sessionId 4cb2e25a-2bc2-42cc-8dee-3bc92c52b92f with e26f0de1-bd1c-40d9-8b93-9fcbb6e07b12
&amp#27;[35m[HTTP]&amp#27;[39m &amp#27;[37m<-- GET /wd/hub/session/e26f0de1-bd1c-40d9-8b93-9fcbb6e07b12/element/00000000-0000-0acc-ffff-ffff00000655/text &amp#27;[39m&amp#27;[32m200&amp#27;[39m &amp#27;[90m10 ms - 77&amp#27;[39m
&amp#27;[35m[HTTP]&amp#27;[39m &amp#27;[90m&amp#27;[39m
]]></system-out>
  </testcase>
</testsuite>